../abchck.f:
../aboldr.f:
../abopen.f:
../abread.f:
../abrrec.f:
../abrsel.f:
../abruev.f:
../absevt.f:
../abskip.f:
../abwend.f:
../abweve.f:
../abwsel.f:
../acoupe.f:
../adbrow.f:
../adbrpn.f:
../adbrun.f:
../adbswp.f:
../adbver.f:
../agetdb.f:
../agtfil.f:
../ainjet.f:
../aire.f:
../airsct.f:
../albos.f:
../alclasw.f:
../alclus.f:
../aldawr.f:
../aldtyp.f:
../alefil.f:
../alelep.f:
../aleveh.f:
../alfiel.f:
../alfind.f:
../alfmt.f:
../algtbk.f:
../algtdb.f:
../algtlu.f:
../algtro.f:
../algtyp.f:
../alinst.f:
../alk7fil.f:
../alk7fru.f:
../alk7op.f:
../alk7tru.f:
../alkevh.f:
../alkjob.f:
../alklun.f:
../alkrun.f:
../allep1.f:
../alprob.f:
../alredb.f:
../alrlep.f:
../alrobo.f:
../alrune.f:
../alrunh.f:
../alrunr.f:
../alrwev.f:
../alseed.f:
../alstho.f:
../alstin.f:
../alstri.f:
../alsumcl.f:
../altabl.f:
../althru.f:
../altrhv.f:
../altrig.f:
../alvers.f:
../alvsn.f:
../amuid.f:
../aopdbs.f:
../aredir.f:
../aristo.f:
../auarcm.f:
../aublis.f:
../aubos.f:
../aubprs.f:
../auhcyl.f:
../auhdis.f:
../auhlen.f:
../aulcyl.f:
../aullen.f:
../aunpck.f:
../aunpus.f:
../autrpl.f:
../avolum.f:
../babend.f:
../bgetds.f:
../bkcari.f:
../bkinca.f:
../bkrhab.f:
../bkrhal.f:
../bkrhaw.f:
../bktobk.f:
../bprtab.f:
../bulos.f:
../cafiht.f:
../chacut.f:
../chahol.f:
../chkclas.f:
../clas24.f:
../clas26.f:
../clas278.f:
../clmoms.f:
../corad94.f:
../coradoc.f:
../dafrds.f:
../defove.f:
../dstack.f:
../ealgmk.f:
../ealign.f:
../ealtmk.f:
../ebaryc.f:
../ebcdrg.f:
../ebclap.f:
../ebclcf.f:
../ebcocl.f:
../ebcohd.f:
../ebconf.f:
../ebcosi.f:
../ebcrad.f:
../ebcrep.f:
../ebdevi.f:
../ebecmd.f:
../ebgaga.f:
../ebgene.f:
../ebgrid.f:
../ebgrix.f:
../ebhadr.f:
../ebhaha.f:
../ebimpa.f:
../ebimpc.f:
../ebinit.f:
../ebleak.f:
../eblong.f:
../eblpst.f:
../ebneut.f:
../eboidp.f:
../ebpara.f:
../ebphcc.f:
../ebprep.f:
../ebprga.f:
../ebrack.f:
../ebranc.f:
../ebrgcd.f:
../ebsatu.f:
../ebshap.f:
../ebshow.f:
../ebslim.f:
../ebstak.f:
../ebtran.f:
../ebtzth.f:
../ebvlap.f:
../ebyphi.f:
../ec4tra.f:
../ecaget.f:
../ecalsl.f:
../ecalwr.f:
../ecdfrd.f:
../ecetdi.f:
../ecleak.f:
../eclean.f:
../ecphco.f:
../ecplst.f:
../ecprhi.f:
../ecprto.f:
../ecprtr.f:
../ecprwi.f:
../ecrwrg.f:
../ecsgeo.f:
../ectilt.f:
../ecylnd.f:
../edefcl.f:
../edefec.f:
../edeflg.f:
../edefmd.f:
../edefsc.f:
../edefsp.f:
../edefss.f:
../edisgn.f:
../eewirs.f:
../efncrs.f:
../efndcl.f:
../efndlg.f:
../efndmd.f:
../efndpl.f:
../efndrg.f:
../efndsc.f:
../efndss.f:
../efndst.f:
../efndtw.f:
../efnicr.f:
../efnitw.f:
../efnlay.f:
../egptlg.f:
../egptsp.f:
../egtlnf.f:
../ehsimt.f:
../eintst.f:
../einvrl.f:
../elimin.f:
../elimrg.f:
../elimsc.f:
../elimst.f:
../elocal.f:
../emabsl.f:
../emdedx.f:
../emdtow.f:
../empact.f:
../emradl.f:
../emtzer.f:
../enlcal.f:
../enof4.f:
../enol12.f:
../enolwf.f:
../enorme.f:
../enow12.f:
../entree.f:
../eowfar.f:
../eperce.f:
../eplmst.f:
../eplnor.f:
../eplscc.f:
../eplscf.f:
../eplscn.f:
../eplsdi.f:
../eplsqf.f:
../eplsql.f:
../eplst.f:
../eprcom.f:
../eqedge.f:
../erddaf.f:
../erogen.f:
../erosys.f:
../erotpl.f:
../erotpt.f:
../erpads.f:
../erwidt.f:
../esrbc.f:
../esrcr.f:
../esrct.f:
../esrdir.f:
../esrfc.f:
../esrpl.f:
../esrpt.f:
../esumw.f:
../esweh.f:
../etetrd.f:
../ethru.f:
../etouch.f:
../etzsmd.f:
../etzssl.f:
../evabsl.f:
../evdedx.f:
../evfois.f:
../evolcr.f:
../evolct.f:
../evolfc.f:
../evolpl.f:
../evolum.f:
../evradl.f:
../evtver.f:
../expand.f:
../expfrf.f:
../expnec.f:
../exrwrw.f:
../fjmmcl.f:
../fmelos.f:
../fmhelx.f:
../fmhitb.f:
../fminit.f:
../fmmulx.f:
../fmprnt.f:
../fmregn.f:
../fmscat.f:
../fmtrak.f:
../fpkcm.f:
../fptoj.f:
../frftdp.f:
../ftkdmp.f:
../fupkcm.f:
../fyfkin.f:
../fyinev.f:
../fyirun.f:
../fykill.f:
../fykine.f:
../fyluhc.f:
../fynhis.f:
../fyredc.f:
../fytoki.f:
../fytree.f:
../gaform.f:
../gagrid.f:
../gamfak.f:
../gampek.f:
../gampex.f:
../gapgac.f:
../gapgid.f:
../gapgpc.f:
../gatral.f:
../gbimpa.f:
../gbneut.f:
../gbtran.f:
../gbulos.f:
../gemfak.f:
../getevt.f:
../getlep.f:
../getlum.f:
../gets4b.f:
../getslu.f:
../getx.f:
../getxyb.f:
../gety.f:
../gf4lst.f:
../gfake.f:
../gfakew.f:
../gfrac.f:
../ghafak.f:
../givsto.f:
../gtdbas.f:
../gtstup.f:
../gtt0gl.f:
../gvercr.f:
../gxem.f:
../gxhad.f:
../gximpa.f:
../gxmclm.f:
../gxtran.f:
../hcalen.f:
../hcboun.f:
../hccyl.f:
../hcdeit.f:
../hcdpsp.f:
../hcdrbm.f:
../hcdwsp.f:
../hcheck.f:
../hclatu.f:
../hcmdpl.f:
../hcprge.f:
../hcprind.f:
../hcrinv.f:
../hcrvol.f:
../hcsamp.f:
../hcseco.f:
../hdeadm.f:
../hdodgy.f:
../helins.f:
../hfbahi.f:
../hfbahio.f:
../hfbhit.f:
../hfehit.f:
../hfenhi.f:
../hfndmd.f:
../hfndtw.f:
../hgetga.f:
../hgetju.f:
../hginit.f:
../hgsudn.f:
../hintst.f:
../hneigh.f:
../hnreg.f:
../hphmod.f:
../hrddaf.f:
../hrhtub.f:
../hsrcr.f:
../htadco.f:
../htadde.f:
../htstec.f:
../htuacl.f:
../htulen.f:
../htxang.f:
../htxdtl.f:
../htxspl.f:
../husran.f:
../hvobit.f:
../hytrsf.f:
../iasiga.f:
../icdrif.f:
../icrcoo.f:
../iddist.f:
../ifecon.f:
../igeomw.f:
../igetdb.f:
../igtfmt.f:
../iinali.f:
../iinres.f:
../ilatch.f:
../ilivew.f:
../imicco.f:
../intof4.f:
../iprdaf.f:
../iptoj.f:
../irddaf.f:
../iresrp.f:
../ispark.f:
../itcflg.f:
../itdcor.f:
../itdrif.f:
../itprdi.f:
../itprht.f:
../itqual.f:
../itrotn.f:
../itswco.f:
../itxflg.f:
../itxing.f:
../iudoca.f:
../iupcco.f:
../iuvcrs.f:
../ixhits.f:
../jhocha.f:
../jpcomb.f:
../julrec.f:
../junial.f:
../junidb.f:
../kbkine.f:
../kbklin.f:
../kbpart.f:
../kbvert.f:
../kbytrec.f:
../kclean.f:
../keevt.f:
../kejob.f:
../kfevbk.f:
../kgdecl.f:
../kgpart.f:
../kiaver.f:
../kibprs.f:
../kifynw.f:
../kifyol.f:
../kinit.f:
../kkdrop.f:
../kkmove.f:
../kmkrun.f:
../kmpart.f:
../kmrunh.f:
../knodec.f:
../kswap.f:
../kxl7al.f:
../kxl7br.f:
../kxl7co.f:
../kxl7pa.f:
../kxl7st.f:
../kxl7to.f:
../kxlual.f:
../kxlubr.f:
../kxluco.f:
../kxlupa.f:
../kxluto.f:
../lcalmv.f:
../lepto.f:
../lfilru.f:
../loctab.f:
../maklis.f:
../mbapol.f:
../mbspol.f:
../mdscr.f:
../mecrfc.f:
../menpol.f:
../mginit.f:
../mmapol.f:
../modfnd.f:
../morsto.f:
../mrmhit.f:
../mshad.f:
../msolmc.f:
../msolsh.f:
../mucalo.f:
../mucatr.f:
../mudbe.f:
../mudso.f:
../muelid.f:
../muidf.f:
../muido.f:
../muprdi.f:
../muprge.f:
../muprht.f:
../muredo.f:
../mutrgs.f:
../mxyloc.f:
../nameru.f:
../nvpcob.f:
../nvpeco.f:
../pairfd.f:
../pcmecu.f:
../pcpatq.f:
../pcrltj.f:
../pechic.f:
../peidtj.f:
../phchic.f:
../phedir.f:
../phmadj.f:
../phstoj.f:
../pidecy.f:
../pitcoj.f:
../pitmaj.f:
../pjlink.f:
../prdtmc.f:
../prfkin.f:
../prgdec.f:
../primpa.f:
../prkine.f:
../prpart.f:
../prrhah.f:
../prtabl.f:
../prwork.f:
../pscooj.f:
../pstcpj.f:
../ptbcoj.f:
../ptexsj.f:
../ptgmaj.f:
../ptpcoj.f:
../rejbha.f:
../rlu.f:
../rpeco.f:
../rqbunc.f:
../saprdi.f:
../saprhi.f:
../selbha.f:
../selcal.f:
../selemu.f:
../selevt.f:
../seltrk.f:
../siator.f:
../siatox.f:
../sidali.f:
../sidcod.f:
../sidcoz.f:
../sidisc.f:
../siedir.f:
../siencd.f:
../siencz.f:
../sigtgo.f:
../siidpo.f:
../siitor.f:
../siltox.f:
../siploc.f:
../siprgo.f:
../siptoj.f:
../sirdaf.f:
../sirloc.f:
../sirtoa.f:
../sirtoi.f:
../sitrin.f:
../six2mk.f:
../sixamk.f:
../sixapr.f:
../sixtoa.f:
../sixtoi.f:
../sixtol.f:
../sizfri.f:
../siztoi.f:
../smav.f:
../sminv.f:
../smnorm.f:
../smprt.f:
../sngmtr.f:
../sngrnd.f:
../sptoj.f:
../stogam.f:
../talini.f:
../tbtblk.f:
../tbtblp.f:
../tcgxru.f:
../tchkex.f:
../tchkhv.f:
../tcorec.f:
../tcores.f:
../tcrtof.f:
../tcrtra.f:
../tcrzvd.f:
../tctglb.f:
../tctsec.f:
../tdedxv.f:
../tdfvru.f:
../tdxerr.f:
../tfcini.f:
../tficor.f:
../tfiltu.f:
../tfimul.f:
../tfipol.f:
../tgedmp.f:
../tgepbk.f:
../tgepri.f:
../tgewir.f:
../tghpal.f:
../tghpts.f:
../tgtcur.f:
../thlcir.f:
../thtflg.f:
../thtran.f:
../tidhyp.f:
../timdif.f:
../tizero.f:
../tk2ivm.f:
../tlacoc.f:
../tlacop.f:
../tlacor.f:
../tmdedx.f:
../tmpddx.f:
../tnrhpa.f:
../tpaddp.f:
../tpcodp.f:
../tpdhyp.f:
../tpdint.f:
../tpdvel.f:
../tprcoo.f:
../tprhit.f:
../tptoj.f:
../tpxerr.f:
../tracks.f:
../trddaf.f:
../trdist.f:
../trdt90.f:
../trfire.f:
../trhflg.f:
../trioff.f:
../trkhad.f:
../trpfrf.f:
../truslu.f:
../tschek.f:
../tscint.f:
../tsnext.f:
../tsrtco.f:
../tun1co.f:
../tun1nc.f:
../twpana.f:
../twpold.f:
../twrred.f:
../txdedx.f:
../txpddx.f:
../tzcrvd.f:
../tzcsvd.f:
../ubpack.f:
../uclean.f:
../ufield.f:
../ufitql.f:
../ufitzs.f:
../ufms.f:
../uftkal.f:
../uftmso.f:
../ufttra.f:
../ufttrk.f:
../ufvdms.f:
../uhelix.f:
../uincov.f:
../uindxs.f:
../ulangl.f:
../ulthru.f:
../umserr.f:
../unewdp.f:
../unewzp.f:
../usbos.f:
../usgtdb.f:
../utahdr.f:
../utahor.f:
../utaver.f:
../utbkpr.f:
../utcblk.f:
../utccop.f:
../utcofo.f:
../utdbco.f:
../utdbpr.f:
../utkxng.f:
../utprbk.f:
../utprdb.f:
../utrid.f:
../utswco.f:
../utwocl.f:
../utwoex.f:
../uvtrid.f:
../v89rddaf.f:
../vabcfl.f:
../vabcvu.f:
../vabcxy.f:
../vaddpk.f:
../vaddun.f:
../vadesa.f:
../vadewa.f:
../vaensa.f:
../vaenwa.f:
../valcor.f:
../vbnkdp.f:
../vbrjwa.f:
../vchnst.f:
../vcormp.f:
../vcscec.f:
../vdacrs.f:
../vdafrd.f:
../vdamb.f:
../vdarge.f:
../vdcflt.f:
../vdcwrs.f:
../vdecsc.f:
../vdetgi.f:
../vdexcy.f:
../vdfirs.f:
../vdgdmp.f:
../vdgtol.f:
../vdherr.f:
../vdhits.f:
../vdhter.f:
../vdindx.f:
../vdlcps.f:
../vdlcrs.f:
../vdmjls.f:
../vdmsec.f:
../vdmsrl.f:
../vdmsup.f:
../vdmwrs.f:
../vdpgeo.f:
../vdprdi.f:
../vdprht.f:
../vdpslc.f:
../vdpsrs.f:
../vdrmax.f:
../vdrmin.f:
../vdrslc.f:
../vdrsps.f:
../vdrssc.f:
../vdscec.f:
../vdscrs.f:
../vdwfxy.f:
../vdyear.f:
../vdzmax.f:
../vect4.f:
../vfacsn.f:
../vfadim.f:
../vfaori.f:
../vfasdp.f:
../vfasmd.f:
../vffacw.f:
../vfjfac.f:
../vfjmod.f:
../vfjwaf.f:
../vfnear.f:
../vfwaff.f:
../vfwafi.f:
../vgcadi.f:
../vgcmtr.f:
../vgcrmt.f:
../vgexro.f:
../vggtno.f:
../vgintr.f:
../vgrdal.f:
../vgtber.f:
../vgtrve.f:
../vgwfvu.f:
../vgwfxy.f:
../vifaci.f:
../vimmod.f:
../vimodi.f:
../vimodm.f:
../vimodr.f:
../vindxi.f:
../vinibm.f:
../vinist.f:
../vinivg.f:
../vinlsw.f:
../vinsen.f:
../vinter.f:
../vintlf.f:
../vintlw.f:
../viromw.f:
../vitexi.f:
../viwafi.f:
../viwffw.f:
../vjfaci.f:
../vjfacm.f:
../vjfacw.f:
../vjlayf.f:
../vjlaym.f:
../vjlayw.f:
../vjmodi.f:
../vjmodm.f:
../vjmodw.f:
../vjwabr.f:
../vjwabw.f:
../vjwaff.f:
../vjwafi.f:
../vjwafm.f:
../vjwffw.f:
../vljfac.f:
../vljmod.f:
../vljwaf.f:
../vmcmod.f:
../vmmfld.f:
../vmmodj.f:
../vmodmc.f:
../vmwafj.f:
../vnelrm.f:
../vnfslo.f:
../vnirfs.f:
../vnlayr.f:
../vnrdir.f:
../vnrfac.f:
../vnrmod.f:
../vnromm.f:
../vnrssc.f:
../vnrwaf.f:
../vnrwff.f:
../vnscrm.f:
../vnstcm.f:
../vntfac.f:
../vntmod.f:
../vntwaf.f:
../voisto.f:
../vphicf.f:
../vphifc.f:
../vphifn.f:
../vphstm.f:
../vpkadd.f:
../vrddaf.f:
../vrldgt.f:
../vrmmod.f:
../vrmwf.f:
../vromax.f:
../vrostm.f:
../vrswmd.f:
../vrswmx.f:
../vrvmbe.f:
../vschan.f:
../vscmec.f:
../vscmsc.f:
../vsensi.f:
../vsetup.f:
../vslotf.f:
../vsmjmd.f:
../vsmmod.f:
../vsmmtx.f:
../vstreg.f:
../vstrip.f:
../vtclas.f:
../vtclld.f:
../vtderv.f:
../vtextm.f:
../vtextw.f:
../vtfill.f:
../vtlink.f:
../vtrfit.f:
../vtrkex.f:
../vtrlas.f:
../vtxnwt.f:
../vtxraw.f:
../vtxtrk.f:
../vunadd.f:
../vurobo.f:
../vvuwab.f:
../vvuwxy.f:
../vwadim.f:
../vwdist.f:
../vwffnd.f:
../vwfind.f:
../vwthck.f:
../vxyzab.f:
../vxyzfc.f:
../vxyzvu.f:
../vxyzwa.f:
../vzmult.f:
../vzrsrs.f:
../x1aptn.f:
../x1aptr.f:
../x1book.f:
../x1dceb.f:
../x1disc.f:
../x1disn.f:
../x1ecwm.f:
../x1hisn.f:
../x1hist.f:
../x1ini.f:
../x1inp.f:
../x1irun.f:
../x1mixi.f:
../x1mixn.f:
../x1outp.f:
../x1prep.f:
../x1prnt.f:
../x1redo.f:
../x1rsum.f:
../x1time.f:
../x1trg.f:
../x1trig.f:
../x1wsum.f:
../x2book.f:
../x2dfcd.f:
../x2irun.f:
../x2luts.f:
../x2nami.f:
../x2prhi.f:
../x2prin.f:
../x2trig.f:
../x2wsum.f:
../ybdtop.f:
../ybipat.f:
../ychi00.f:
../ychiv2.f:
../ycircr.f:
../yd0nfi.f:
../yd0nfn.f:
../ydefrf.f:
../ydismc.f:
../yfix.f:
../yfixis.f:
../yfixyn.f:
../yfixyp.f:
../yfmvtc.f:
../yfmvtr.f:
../yfpsin.f:
../yfqerq.f:
../yftvtr.f:
../yfvmap.f:
../yfvmc.f:
../yfvmc1.f:
../yhisto.f:
../yhuser.f:
../yinvmx.f:
../yitcof.f:
../ymfmin.f:
../ymfv0v.f:
../ymkand.f:
../ymkcle.f:
../ymkcnt.f:
../ymkcop.f:
../ymkexp.f:
../ymkidc.f:
../ymkidt.f:
../ymkmis.f:
../ymkorr.f:
../ymkset.f:
../ymkshr.f:
../ymktst.f:
../ymkzer.f:
../yms3in.f:
../ynv0nf.f:
../ynv0ve.f:
../ypidas.f:
../yprivx.f:
../yprver.f:
../ypsive.f:
../ypsivn.f:
../yruser.f:
../ystvtx.f:
../ysvvtx.f:
../ytconv.f:
../ytijob.f:
../ytoiru.f:
../ytopnw.f:
../ytopol.f:
../ytoprt.f:
../ytosum.f:
../ytosvt.f:
../ytpar.f:
../ytpvtx.f:
../ytrv0s.f:
../ytstrk.f:
../yv0bok.f:
../yv0mas.f:
../yv0one.f:
../yv0ong.f:
../yv0onh.f:
../yv1ini.f:
../yvcame.f:
../yvdcof.f:
../yvposs.f:
../yvprim.f:
../yvxbld.f:
../yzpha1.f:
../yzphan.f:
../yzphas.f:
