../min100.f:
../minadd.f:
../minbip.f:
../minbld.f:
../minblm.f:
../mincrl.f:
../mindlt.f:
../mindst.f:
../mineco.f:
../minefo.f:
../minegi.f:
../minegp.f:
../mineid.f:
../mineit.f:
../mineje.f:
../minenf.f:
../minevt.f:
../minewi.f:
../minfil.f:
../minfki.f:
../minfmc.f:
../minfmt.f:
../minfrf.f:
../minfri.f:
../minfrt.f:
../minfvb.f:
../minfve.f:
../minfzf.f:
../mingac.f:
../mingid.f:
../mingpc.f:
../mingtv.f:
../minhco.f:
../minhis.f:
../minhit.f:
../minhrl.f:
../minini.f:
../minjet.f:
../minjlt.f:
../minlis.f:
../minlol.f:
../minmlt.f:
../minmon.f:
../minmsc.f:
../minmui.f:
../minnof.f:
../minout.f:
../minpcp.f:
../minpcq.f:
../minpcr.f:
../minpdl.f:
../minpec.f:
../minpga.f:
../minpgi.f:
../minpgp.f:
../minphc.f:
../minpjl.f:
../minpml.f:
../minpob.f:
../minpre.f:
../minpsc.f:
../minpth.f:
../minpye.f:
../minpyf.f:
../minqmu.f:
../minrun.f:
../minsic.f:
../mintbp.f:
../minthr.f:
../mintmc.f:
../mintra.f:
../minupd.f:
../minver.f:
../minvmc.f:
../minvrs.f:
../minvsn.f:
../minxtr.f:
../minyv0.f:
