../CORR/aboldr.f:
   aboldr:
../CORR/btag_fit.f:
   btag_fit:
../CORR/btag_par.f:
   btag_par:
../CORR/ccbmes.f:
   ccbmes:
../CORR/checkq.f:
   checkq:
../CORR/dmin3d.f:
   dmin3d:
../CORR/endch.f:
   endch:
../CORR/fbbar.f:
   fbbar:
../CORR/fbhad.f:
   fbhad:
../CORR/fbqua.f:
   fbqua:
../CORR/fcbar.f:
   fcbar:
../CORR/fchad.f:
   fchad:
../CORR/fcqua.f:
   fcqua:
../CORR/fhqua.f:
   fhqua:
../CORR/fhvfl.f:
   fhvfl:
../CORR/finddmin.f:
   finddmin:
../CORR/fixgaen.f:
   fixgaen:
../CORR/fqqua.f:
   fqqua:
../CORR/ihqua.f:
   ihqua:
../CORR/ilqua.f:
   ilqua:
../CORR/isp.f:
   isp:
../CORR/jmbest.f:
   jmbest:
../CORR/julmatch.f:
   julmatch:
../CORR/kbestm.f:
   kbestm:
../CORR/kpcomp.f:
   kpcomp:
       entry    kpchek:
../CORR/mdstrd.f:
   mdstrd:
../CORR/mdstwr.f:
   mdstwr:
../CORR/minfrf.f:
   minfrf:
../CORR/mintra.f:
   mintra:
../CORR/qadati.f:
   qadati:
../CORR/qdata.f:
   qdata:
../CORR/qfcadd.f:
   qfcadd:
../CORR/qfgamp.f:
   qfgamp:
../CORR/qfget_bp.f:
   qfget_bp:
       entry    qfget_ch:
       entry    qfmcsx:
../CORR/qfmcpa.f:
   qfmcpa:
../CORR/qgtaof.f:
   qgtaof:
../CORR/qhmost.f:
   qhmost:
../CORR/qipbtag.f:
   qipbtag:
../CORR/qminit.f:
   qminit:
../CORR/qmnewr.f:
   qmnewr:
../CORR/qmrdsb.f:
   qmrdsb:
../CORR/qmterm.f:
   qmterm:
../CORR/qtimez.f:
   qtimez:
       entry    qtimed:
../CORR/qtruth.f:
   qtruth:
../CORR/qvtruh.f:
   qvtruh:
../CORR/qwtime.f:
   qwtime:
../CORR/tcross.f:
   tcross:
../CORR/trsel.f:
   trsel:
../CORR/trsel2.f:
   trsel2:
