../aboldr.f:
   aboldr:
../addvec.f:
   addvec:
../badtrk.f:
   badtrk:
../bkini.f:
   bkini:
../bldpeco.f:
   bldpeco:
../btag_fit.f:
   btag_fit:
../btag_par.f:
   btag_par:
../btagev.f:
   btagev:
../btagtr.f:
   btagtr:
../btou.f:
   btou:
../btvdhits.f:
   btvdhits:
../buildal.f:
   buildal:
../cal92.f:
   cal92:
../calinit.f:
   calinit:
../calyear.f:
   calyear:
../ccbmes.f:
   ccbmes:
../charad.f:
   charad:
../checkq.f:
   checkq:
../chiscom.f:
   chiscom:
../chiv0.f:
   chiv0:
../chtsim.f:
   chtsim:
../coranew.f:
   coranew:
../coraol2.f:
   coraol2:
../coraold.f:
   coraold:
../cqpart.f:
   cqpart:
../cqtpn.f:
   cqtpn:
../creflw.f:
   creflw:
../crefol.f:
   crefol:
../decos.f:
   decos:
../dectrg.f:
   dectrg:
../deriv.f:
   deriv:
../dlocks.f:
   dlocks:
../dmin2d.f:
   dmin2d:
../dmin3d.f:
   dmin3d:
../dminerr.f:
   dminerr:
../dminf.f:
   dminf:
../dminf2.f:
   dminf2:
../dmins.f:
   dmins:
../dmins2.f:
   dmins2:
../dzzz.f:
   dzzz:
../ecgati.f:
   ecgati:
../endch.f:
   endch:
../enfjet.f:
   enfjet:
../enflw.f:
   enflw:
../enfwlist.f:
   enfwlist:
../extrhc.f:
   extrhc:
../fbbar.f:
   fbbar:
../fbhad.f:
   fbhad:
../fbqua.f:
   fbqua:
../fcbar.f:
   fcbar:
../fchad.f:
   fchad:
../fcqua.f:
   fcqua:
../fhqua.f:
   fhqua:
../fhvfl.f:
   fhvfl:
../finddmin.f:
   finddmin:
../findip.f:
   findip:
../fit_dmin.f:
   fit_dmin:
../fixalpb.f:
   fixalpb:
../fixgaen.f:
   fixgaen:
../fixpart.f:
   fixpart:
../fixpcrl.f:
   fixpcrl:
../fixpeco.f:
   fixpeco:
../fixrtrl.f:
   fixrtrl:
../fqqua.f:
   fqqua:
../gamixed.f:
   gamixed:
../gamread.f:
   gamread:
../gen.f:
   gen:
../getjuv.f:
   getjuv:
../getnav.f:
   getnav:
../goodmod.f:
   goodmod:
../gtyear.f:
   gtyear:
../hesse.f:
   hesse:
../ibfunc.f:
   ibfunc:
../ibre.f:
   ibre:
../ichefw.f:
   ichefw:
../iddedx.f:
   iddedx:
../idelec.f:
   idelec:
../idmuon.f:
   idmuon:
../ihqua.f:
   ihqua:
../ilqua.f:
   ilqua:
../infoga.f:
   infoga:
../invalid.f:
   invalid:
../iptrk.f:
   iptrk:
../isp.f:
   isp:
../jetclu.f:
   jetclu:
../jeterr.f:
   jeterr:
../jmbest.f:
   jmbest:
../julmatch.f:
   julmatch:
../kalpha.f:
   kalpha:
../kbestm.f:
   kbestm:
../kcanti.f:
   kcanti:
../kcdir.f:
   kcdir:
../kcdira.f:
   kcdira:
../kcht.f:
   kcht:
../kfpadr.f:
   kfpadr:
../kglund.f:
   kglund:
../kidsav.f:
   kidsav:
../kinefit.f:
   kinefit:
../kljtno.f:
   kljtno:
../kmccod.f:
   kmccod:
../kmlept.f:
   kmlept:
../kpart.f:
   kpart:
       entry    kpanti:
../kpartx.f:
   kpartx:
../kpcomp.f:
   kpcomp:
       entry    kpchek:
../kpdir.f:
   kpdir:
../kpdira.f:
   kpdira:
../kscnew.f:
   kscnew:
../kscold.f:
   kscold:
../ksister.f:
   ksister:
../ktlor.f:
   ktlor:
../ktlor1.f:
   ktlor1:
../ktlorx.f:
   ktlorx:
../kvfita.f:
   kvfita:
../kvfitc.f:
   kvfitc:
../kvfitm.f:
   kvfitm:
../kvfitn.f:
   kvfitn:
../kvfitv.f:
   kvfitv:
../kvftmc.f:
   kvftmc:
../kvgood.f:
   kvgood:
../kvnew.f:
   kvnew:
../kvsava.f:
   kvsava:
../kvsavc.f:
   kvsavc:
../kvsave.f:
   kvsave:
../lkform.f:
   lkform:
../llumok.f:
   llumok:
../looses.f:
   looses:
../lumiad.f:
   lumiad:
../lumica.f:
   lumica:
../lumimod.f:
   lumimod:
../make2d.f:
   make2d:
../mcmatch.f:
   mcmatch:
../mdipbt.f:
   mdipbt:
../mdstrd.f:
   mdstrd:
../mdstwr.f:
   mdstwr:
../mdwrip.f:
   mdwrip:
../mmuidf.f:
   mmuidf:
../naddx.f:
   naddx:
../naddxm.f:
   naddxm:
       entry    nmtail:
../nairfd.f:
   nairfd:
       entry    naircp:
../nanfil.f:
   nanfil:
../newtonit.f:
   newtonit:
../ngput.f:
   ngput:
../nrebyt.f:
   nrebyt:
       entry    nbytsw:
../nreeje.f:
   nreeje:
../nreeob.f:
   nreeob:
../nrefki.f:
   nrefki:
../nrefrf.f:
   nrefrf:
../nrefrt.f:
   nrefrt:
../nregoo.f:
   nregoo:
../nrelep.f:
   nrelep:
../nrepar.f:
   nrepar:
../nrepgp.f:
   nrepgp:
../nrepte.f:
   nrepte:
../nrepye.f:
   nrepye:
../nreyv0.f:
   nreyv0:
../nvsrch.f:
   nvsrch:
../nvstva.f:
   nvstva:
../parset.f:
   parset:
../partid.f:
   partid:
../pi0deb.f:
   pi0deb:
../pi0lim.f:
   pi0lim:
../pmove.f:
   pmove:
../presel.f:
   presel:
../qadati.f:
   qadati:
../qadau.f:
   qadau:
../qainta.f:
   qainta:
../qamoth.f:
   qamoth:
../qapnam.f:
   qapnam:
../qbeamx.f:
   qbeamx:
../qbomev.f:
   qbomev:
../qbomru.f:
   qbomru:
../qbook1.f:
   qbook1:
../qbook2.f:
   qbook2:
../qbookn.f:
   qbookn:
../qbookr.f:
   qbookr:
../qbprof.f:
   qbprof:
../qcabsa.f:
   qcabsa:
../qcaf4c.f:
   qcaf4c:
../qcpmod.f:
   qcpmod:
../qcpnew.f:
   qcpnew:
../qcptra.f:
   qcptra:
../qdata.f:
   qdata:
../qdeca2.f:
   qdeca2:
../qdecan.f:
   qdecan:
../qdedx.f:
   qdedx:
../qdedxk.f:
   qdedxk:
../qdedxm.f:
   qdedxm:
       entry    qmtail:
../qdmmcl.f:
   qdmmcl:
../qedirupd.f:
   qedirupd:
../qefrtr.f:
   qefrtr:
../qethph.f:
   qethph:
../qextra.f:
   qextra:
../qfbitm.f:
   qfbitm:
       entry    qsbitm:
../qfcadd.f:
   qfcadd:
../qfcald.f:
   qfcald:
../qfcasc.f:
   qfcasc:
../qfchgd.f:
   qfchgd:
../qfcobj.f:
   qfcobj:
../qfcoeq.f:
   qfcoeq:
../qfcoer.f:
   qfcoer:
../qfcomp.f:
   qfcomp:
../qfcrel.f:
   qfcrel:
../qfecal.f:
   qfecal:
../qfecwd.f:
   qfecwd:
../qfecwm.f:
   qfecwm:
../qfeflo.f:
   qfeflo:
../qfgamp.f:
   qfgamp:
../qfget_bp.f:
   qfget_bp:
       entry    qfget_ch:
       entry    qfmcsx:
../qfhcal.f:
   qfhcal:
../qfhead.f:
   qfhead:
../qfilbp.f:
   qfilbp:
../qfill.f:
   qfill:
../qfilmc.f:
   qfilmc:
../qfjets.f:
   qfjets:
../qflept.f:
   qflept:
../qfljet.f:
   qfljet:
../qfmcbm.f:
   qfmcbm:
../qfmcmd.f:
   qfmcmd:
../qfmcpa.f:
   qfmcpa:
../qfmcst.f:
   qfmcst:
../qfmcvx.f:
   qfmcvx:
../qfmmcl.f:
   qfmmcl:
../qfmtch.f:
   qfmtch:
../qfndin.f:
   qfndin:
../qfndip.f:
   qfndip:
../qfndv0.f:
   qfndv0:
../qfneob.f:
   qfneob:
../qfpmsc.f:
   qfpmsc:
../qfrev0.f:
   qfrev0:
../qgfoxw.f:
   qgfoxw:
../qgjmmc.f:
   qgjmmc:
../qglucl.f:
   qglucl:
../qgmdcl.f:
   qgmdcl:
../qgmmcl.f:
   qgmmcl:
../qgptcl.f:
   qgptcl:
../qgsphe.f:
   qgsphe:
../qgtens.f:
   qgtens:
../qgthru.f:
   qgthru:
../qhfn.f:
   qhfn:
../qhfnr.f:
   qhfnr:
../qhfr.f:
   qhfr:
../qhmost.f:
   qhmost:
../qhnewr.f:
   qhnewr:
../qhvsta.f:
   qhvsta:
../qidv0.f:
   qidv0:
../qipbtag.f:
   qipbtag:
../qipbtcpu.f:
   qipbtcpu:
../qjaddp.f:
   qjaddp:
../qjeig.f:
   qjeig:
../qjfoxw.f:
   qjfoxw:
../qjhemi.f:
   qjhemi:
../qjlucl.f:
   qjlucl:
../qjmdcl.f:
   qjmdcl:
../qjmiss.f:
   qjmiss:
../qjmmcl.f:
   qjmmcl:
../qjoptm.f:
   qjoptm:
../qjoptr.f:
   qjoptr:
../qjptcl.f:
   qjptcl:
../qjsave.f:
   qjsave:
../qjset0.f:
   qjset0:
../qjset1.f:
   qjset1:
../qjsetu.f:
   qjsetu:
../qjsphe.f:
   qjsphe:
../qjtens.f:
   qjtens:
../qjthru.f:
   qjthru:
../qkblok.f:
   qkblok:
../qlcomp.f:
   qlcomp:
../qlevnt.f:
   qlevnt:
../qlinit.f:
   qlinit:
../qlitk.f:
   qlitk:
../qliupd.f:
   qliupd:
../qlock.f:
   qlock:
../qlock2.f:
   qlock2:
../qlrev.f:
   qlrev:
../qlrev2.f:
   qlrev2:
../qlterm.f:
   qlterm:
../qltrk.f:
   qltrk:
../qluitk.f:
   qluitk:
../qlutrk.f:
   qlutrk:
../qlzer.f:
   qlzer:
../qlzer2.f:
   qlzer2:
../qmain.f:
   MAIN qmain:
../qmalph.f:
   qmalph:
../qmasv0.f:
   qmasv0:
../qmbank.f:
   qmbank:
../qmcard.f:
   qmcard:
../qmchi2.f:
   qmchi2:
../qmclr.f:
   qmclr:
../qmdbas.f:
   qmdbas:
../qmdiff.f:
   qmdiff:
../qmevnt.f:
   qmevnt:
../qmihis.f:
   qmihis:
../qminit.f:
   qminit:
../qmnami.f:
   qmnami:
../qmnewr.f:
   qmnewr:
../qmpart.f:
   qmpart:
../qmrdsb.f:
   qmrdsb:
../qmread.f:
   qmread:
../qmsrec.f:
   qmsrec:
../qmterm.f:
   qmterm:
../qmthru.f:
   qmthru:
../qmuido.f:
   qmuido:
../qmunew.f:
   qmunew:
../qnevnt.f:
   qnevnt:
../qninfo.f:
   qninfo:
../qninit.f:
   qninit:
../qnnewr.f:
   qnnewr:
../qnterm.f:
   qnterm:
../qpadx.f:
   qpadx:
../qpairf.f:
   qpairf:
../qpchar.f:
   qpchar:
../qpi0bk.f:
   qpi0bk:
../qpi0do.f:
   qpi0do:
../qplife.f:
   qplife:
../qpmass.f:
   qpmass:
../qppmma.f:
   qppmma:
../qpvmcd.f:
   qpvmcd:
../qpvmen.f:
   qpvmen:
../qpvmes.f:
   qpvmes:
../qpvmex.f:
   qpvmex:
../qpvmgt.f:
   qpvmgt:
../qpvmim.f:
   qpvmim:
../qpvmis.f:
   qpvmis:
../qpvmof.f:
   qpvmof:
../qpvmte.f:
   qpvmte:
../qpvmti.f:
   qpvmti:
../qpvmwr.f:
   qpvmwr:
../qpwidt.f:
   qpwidt:
../qsbank.f:
   qsbank:
../qselep.f:
   qselep:
../qstfli.f:
   qstfli:
../qstflr.f:
   qstflr:
../qsustr.f:
   qsustr:
../qsusvx.f:
   qsusvx:
../qtclas.f:
   qtclas:
../qtimez.f:
   qtimez:
       entry    qtimed:
../qtruth.f:
   qtruth:
../qudppl.f:
   qudppl:
../queflo.f:
   queflo:
../quevnt.f:
   quevnt:
../quhcrg.f:
   quhcrg:
../quhnoi.f:
   quhnoi:
../quibos.f:
   quibos:
../quihis.f:
   quihis:
../quinit.f:
   quinit:
../qumupr.f:
   qumupr:
../qunewr.f:
   qunewr:
../quopen.f:
   quopen:
../qupec1.f:
   qupec1:
../quphco.f:
   quphco:
../quphdp.f:
   quphdp:
../quphpl.f:
   quphpl:
../quphtr.f:
   quphtr:
../qurhnt.f:
   qurhnt:
../qurhtr.f:
   qurhtr:
../qusrec.f:
   qusrec:
../quterm.f:
   quterm:
../quthis.f:
   quthis:
../qutwmx.f:
   qutwmx:
../qv0chk.f:
   qv0chk:
../qvadd2.f:
   qvadd2:
../qvadd3.f:
   qvadd3:
../qvadd4.f:
   qvadd4:
../qvaddn.f:
   qvaddn:
../qvcopy.f:
   qvcopy:
../qvcros.f:
   qvcros:
../qvdhit.f:
   qvdhit:
../qvdroa.f:
   qvdroa:
../qvdrop.f:
   qvdrop:
../qvget3.f:
   qvget3:
../qvget4.f:
   qvget4:
../qvgets.f:
   qvgets:
../qvsavx.f:
   qvsavx:
../qvscal.f:
   qvscal:
../qvset3.f:
   qvset3:
../qvset4.f:
   qvset4:
../qvsetc.f:
   qvsetc:
../qvsetm.f:
   qvsetm:
../qvsets.f:
   qvsets:
../qvsgtk.f:
   qvsgtk:
../qvsgtk0.f:
   qvsgtk0:
../qvsgtk1.f:
   qvsgtk1:
../qvsgtk2.f:
   qvsgtk2:
../qvsgtl0.f:
   qvsgtl0:
../qvsgtl1.f:
   qvsgtl1:
../qvsimp.f:
   qvsimp:
../qvsjet.f:
   qvsjet:
../qvsmis.f:
   qvsmis:
../qvspvx.f:
   qvspvx:
../qvsrch.f:
   qvsrch:
../qvstkj.f:
   qvstkj:
../qvstkp.f:
   qvstkp:
../qvstkv.f:
   qvstkv:
../qvstkw.f:
   qvstkw:
../qvstva.f:
   qvstva:
../qvsub.f:
   qvsub:
../qvsvtx.f:
   qvsvtx:
../qvswbk.f:
   qvswbk:
../qvsxzb.f:
   qvsxzb:
../qvsz0b.f:
   qvsz0b:
../qvzero.f:
   qvzero:
../qwclas.f:
   qwclas:
../qwerrc.f:
   qwerrc:
../qwevnt.f:
   qwevnt:
../qwfile.f:
   qwfile:
../qwhead.f:
   qwhead:
../qwhful.f:
   qwhful:
../qwitk.f:
   qwitk:
../qwivx.f:
   qwivx:
../qwmese.f:
   qwmese:
../qwmess.f:
   qwmess:
../qwpars.f:
   qwpars:
../qwpart.f:
   qwpart:
../qwrite.f:
   qwrite:
../qwrunr.f:
   qwrunr:
       entry    qurhah:
../qwsec.f:
   qwsec:
../qwsumm.f:
   qwsumm:
../qwsynt.f:
   qwsynt:
../qwtime.f:
   qwtime:
../qwtree.f:
   qwtree:
../qyfit.f:
   qyfit:
../qyfitc.f:
   qyfitc:
../qyfitv.f:
   qyfitv:
../qyftmc.f:
   qyftmc:
../rebuild.f:
   rebuild:
../relkhc.f:
   relkhc:
../sicamod.f:
   sicamod:
../slumok.f:
   slumok:
../tcross.f:
   tcross:
../tmove.f:
   tmove:
../tparset.f:
   tparset:
../trot.f:
   trot:
../trsel.f:
   trsel:
../trsel2.f:
   trsel2:
../txkod.f:
   txkod:
../txline.f:
   txline:
../txtree.f:
   txtree:
../txwclo.f:
   txwclo:
../txwhea.f:
   txwhea:
../v0dkpt.f:
   v0dkpt:
../v0kine.f:
   v0kine:
../v0sum.f:
   v0sum:
../v0tpar.f:
   v0tpar:
../vdhitmatch.f:
   vdhitmatch:
../vdhmatch.f:
   vdhmatch:
../x1disc.f:
   x1disc:
../xceqan.f:
   xceqan:
../xfmcbp.f:
   xfmcbp:
../xlslum.f:
   xlslum:
../xlumok.f:
   xlumok:
../xpeqan.f:
   xpeqan:
../xpeqor.f:
   xpeqor:
../xpequ.f:
   xpequ:
../xptenb.f:
   xptenb:
../xt0syn.f:
   xt0syn:
../xvdeok.f:
   xvdeok:
../xxp0f1.f:
   xxp0f1:
../yvscm2.f:
   yvscm2:
../yvslf1.f:
   yvslf1:
../yvslf2.f:
   yvslf2:
../yvslfl.f:
   yvslfl:
../yvsml1.f:
   yvsml1:
../yvsml2.f:
   yvsml2:
../yvspar.f:
   yvspar:
../yvspr2.f:
   yvspr2:
../yvsprm.f:
   yvsprm:
../yvspve.f:
   yvspve:
../yvsrmi.f:
   yvsrmi:
../yvsrmj.f:
   yvsrmj:
../yvsrom.f:
   yvsrom:
../yvsrti.f:
   yvsrti:
../yvsrtj.f:
   yvsrtj:
../yvstke.f:
   yvstke:
../yvstp0.f:
   yvstp0:
../yvstri.f:
   yvstri:
../yvstrj.f:
   yvstrj:
../yvsvje.f:
   yvsvje:
../yvswim.f:
   yvswim:
../yvsxzb.f:
   yvsxzb:
../yvsxzj.f:
   yvsxzj:
../yvszvc.f:
   yvszvc:
