In file included from ../c/cmpbu3.c:60:0:
../c/cmpbu3.c:64:11: warning: return type defaults to ‘int’ [-Wimplicit-int]
 FORT_CALL(cmpbu3) (a,b,nr,l,nc,ilow,fact)
           ^
../c/cfromf.h:9:27: note: in definition of macro ‘FORT_CALL’
 #  define FORT_CALL(name) name ## _
                           ^~~~
../c/cmpbu3.c: In function ‘cmpbu3_’:
../c/cmpbu3.c:94:10: warning: implicit declaration of function ‘insv’ [-Wimplicit-function-declaration]
          insv(r12,i,*l,&temp2);
          ^~~~
../c/cmpbu3.c:98:10: warning: ‘return’ with no value, in function returning non-void
          return;
          ^~~~~~
In file included from ../c/cmpbu3.c:60:0:
../c/cmpbu3.c:64:11: note: declared here
 FORT_CALL(cmpbu3) (a,b,nr,l,nc,ilow,fact)
           ^
../c/cfromf.h:9:27: note: in definition of macro ‘FORT_CALL’
 #  define FORT_CALL(name) name ## _
                           ^~~~
../c/cmpbu3.c:107:10: warning: ‘return’ with no value, in function returning non-void
          return;
          ^~~~~~
In file included from ../c/cmpbu3.c:60:0:
../c/cmpbu3.c:64:11: note: declared here
 FORT_CALL(cmpbu3) (a,b,nr,l,nc,ilow,fact)
           ^
../c/cfromf.h:9:27: note: in definition of macro ‘FORT_CALL’
 #  define FORT_CALL(name) name ## _
                           ^~~~
In file included from ../c/cmpbu4.c:56:0:
../c/cmpbu4.c:60:11: warning: return type defaults to ‘int’ [-Wimplicit-int]
 FORT_CALL(cmpbu4) (a,b,nr,l,nc,ilow)
           ^
../c/cfromf.h:9:27: note: in definition of macro ‘FORT_CALL’
 #  define FORT_CALL(name) name ## _
                           ^~~~
../c/cmpbu4.c: In function ‘cmpbu4_’:
../c/cmpbu4.c:89:10: warning: implicit declaration of function ‘insv’ [-Wimplicit-function-declaration]
          insv(fact,i,*l,&temp2);
          ^~~~
../c/cmpbu4.c:93:10: warning: ‘return’ with no value, in function returning non-void
          return;
          ^~~~~~
In file included from ../c/cmpbu4.c:56:0:
../c/cmpbu4.c:60:11: note: declared here
 FORT_CALL(cmpbu4) (a,b,nr,l,nc,ilow)
           ^
../c/cfromf.h:9:27: note: in definition of macro ‘FORT_CALL’
 #  define FORT_CALL(name) name ## _
                           ^~~~
../c/cmpbu4.c:103:10: warning: ‘return’ with no value, in function returning non-void
          return;
          ^~~~~~
In file included from ../c/cmpbu4.c:56:0:
../c/cmpbu4.c:60:11: note: declared here
 FORT_CALL(cmpbu4) (a,b,nr,l,nc,ilow)
           ^
../c/cfromf.h:9:27: note: in definition of macro ‘FORT_CALL’
 #  define FORT_CALL(name) name ## _
                           ^~~~
In file included from ../c/cmpbu5.c:70:0:
../c/cmpbu5.c:74:11: warning: return type defaults to ‘int’ [-Wimplicit-int]
 FORT_CALL(cmpbu5) (a,b,nr,l,nc)
           ^
../c/cfromf.h:9:27: note: in definition of macro ‘FORT_CALL’
 #  define FORT_CALL(name) name ## _
                           ^~~~
../c/cmpbu5.c: In function ‘cmpbu5_’:
../c/cmpbu5.c:101:10: warning: implicit declaration of function ‘insv’ [-Wimplicit-function-declaration]
          insv(a[ib],i,*l,&temp2);
          ^~~~
../c/cmpbu5.c:106:10: warning: ‘return’ with no value, in function returning non-void
          return;
          ^~~~~~
In file included from ../c/cmpbu5.c:70:0:
../c/cmpbu5.c:74:11: note: declared here
 FORT_CALL(cmpbu5) (a,b,nr,l,nc)
           ^
../c/cfromf.h:9:27: note: in definition of macro ‘FORT_CALL’
 #  define FORT_CALL(name) name ## _
                           ^~~~
../c/cmpbu5.c:117:10: warning: ‘return’ with no value, in function returning non-void
          return;
          ^~~~~~
In file included from ../c/cmpbu5.c:70:0:
../c/cmpbu5.c:74:11: note: declared here
 FORT_CALL(cmpbu5) (a,b,nr,l,nc)
           ^
../c/cfromf.h:9:27: note: in definition of macro ‘FORT_CALL’
 #  define FORT_CALL(name) name ## _
                           ^~~~
In file included from ../c/dmpbl3.c:242:0:
../c/dmpbl3.c:243:11: warning: return type defaults to ‘int’ [-Wimplicit-int]
 FORT_CALL(dmpbl3) () {
           ^
../c/cfromf.h:9:27: note: in definition of macro ‘FORT_CALL’
 #  define FORT_CALL(name) name ## _
                           ^~~~
../c/dmpbl3.c: In function ‘dmpbl3_’:
../c/dmpbl3.c:245:3: warning: implicit declaration of function ‘exit’ [-Wimplicit-function-declaration]
   exit(1);
   ^~~~
../c/dmpbl3.c:245:3: warning: incompatible implicit declaration of built-in function ‘exit’
../c/dmpbl3.c:245:3: note: include ‘<stdlib.h>’ or provide a declaration of ‘exit’
In file included from ../c/dmpbl4.c:185:0:
../c/dmpbl4.c:189:11: warning: return type defaults to ‘int’ [-Wimplicit-int]
 FORT_CALL(dmpbl4) (a,b,nr,l,nc,ilow)
           ^
../c/cfromf.h:9:27: note: in definition of macro ‘FORT_CALL’
 #  define FORT_CALL(name) name ## _
                           ^~~~
../c/dmpbl4.c: In function ‘dmpbl4_’:
../c/dmpbl4.c:225:8: warning: implicit declaration of function ‘extzv’ [-Wimplicit-function-declaration]
        extzv(i,*l,r7,&m);
        ^~~~~
../c/dmpbl4.c:230:8: warning: ‘return’ with no value, in function returning non-void
        return;
        ^~~~~~
In file included from ../c/dmpbl4.c:185:0:
../c/dmpbl4.c:189:11: note: declared here
 FORT_CALL(dmpbl4) (a,b,nr,l,nc,ilow)
           ^
../c/cfromf.h:9:27: note: in definition of macro ‘FORT_CALL’
 #  define FORT_CALL(name) name ## _
                           ^~~~
../c/dmpbl4.c:241:8: warning: ‘return’ with no value, in function returning non-void
        return;
        ^~~~~~
In file included from ../c/dmpbl4.c:185:0:
../c/dmpbl4.c:189:11: note: declared here
 FORT_CALL(dmpbl4) (a,b,nr,l,nc,ilow)
           ^
../c/cfromf.h:9:27: note: in definition of macro ‘FORT_CALL’
 #  define FORT_CALL(name) name ## _
                           ^~~~
../c/dmpbl4.c:255:23: warning: ‘return’ with no value, in function returning non-void
        if (nrow == 0) return;
                       ^~~~~~
In file included from ../c/dmpbl4.c:185:0:
../c/dmpbl4.c:189:11: note: declared here
 FORT_CALL(dmpbl4) (a,b,nr,l,nc,ilow)
           ^
../c/cfromf.h:9:27: note: in definition of macro ‘FORT_CALL’
 #  define FORT_CALL(name) name ## _
                           ^~~~
../c/dmpbl4.c:259:8: warning: ‘return’ with no value, in function returning non-void
        return;
        ^~~~~~
In file included from ../c/dmpbl4.c:185:0:
../c/dmpbl4.c:189:11: note: declared here
 FORT_CALL(dmpbl4) (a,b,nr,l,nc,ilow)
           ^
../c/cfromf.h:9:27: note: in definition of macro ‘FORT_CALL’
 #  define FORT_CALL(name) name ## _
                           ^~~~
../c/dmpbl4.c:279:23: warning: ‘return’ with no value, in function returning non-void
        if (nrow == 0) return;
                       ^~~~~~
In file included from ../c/dmpbl4.c:185:0:
../c/dmpbl4.c:189:11: note: declared here
 FORT_CALL(dmpbl4) (a,b,nr,l,nc,ilow)
           ^
../c/cfromf.h:9:27: note: in definition of macro ‘FORT_CALL’
 #  define FORT_CALL(name) name ## _
                           ^~~~
../c/dmpbl4.c:285:23: warning: ‘return’ with no value, in function returning non-void
        if (nrow == 0) return;
                       ^~~~~~
In file included from ../c/dmpbl4.c:185:0:
../c/dmpbl4.c:189:11: note: declared here
 FORT_CALL(dmpbl4) (a,b,nr,l,nc,ilow)
           ^
../c/cfromf.h:9:27: note: in definition of macro ‘FORT_CALL’
 #  define FORT_CALL(name) name ## _
                           ^~~~
../c/dmpbl4.c:290:23: warning: ‘return’ with no value, in function returning non-void
        if (nrow == 0) return;
                       ^~~~~~
In file included from ../c/dmpbl4.c:185:0:
../c/dmpbl4.c:189:11: note: declared here
 FORT_CALL(dmpbl4) (a,b,nr,l,nc,ilow)
           ^
../c/cfromf.h:9:27: note: in definition of macro ‘FORT_CALL’
 #  define FORT_CALL(name) name ## _
                           ^~~~
../c/dmpbl4.c:293:8: warning: ‘return’ with no value, in function returning non-void
        return;
        ^~~~~~
In file included from ../c/dmpbl4.c:185:0:
../c/dmpbl4.c:189:11: note: declared here
 FORT_CALL(dmpbl4) (a,b,nr,l,nc,ilow)
           ^
../c/cfromf.h:9:27: note: in definition of macro ‘FORT_CALL’
 #  define FORT_CALL(name) name ## _
                           ^~~~
../c/dmpbl4.c:325:23: warning: ‘return’ with no value, in function returning non-void
        if (nrow == 0) return;
                       ^~~~~~
In file included from ../c/dmpbl4.c:185:0:
../c/dmpbl4.c:189:11: note: declared here
 FORT_CALL(dmpbl4) (a,b,nr,l,nc,ilow)
           ^
../c/cfromf.h:9:27: note: in definition of macro ‘FORT_CALL’
 #  define FORT_CALL(name) name ## _
                           ^~~~
../c/dmpbl4.c:331:23: warning: ‘return’ with no value, in function returning non-void
        if (nrow == 0) return;
                       ^~~~~~
In file included from ../c/dmpbl4.c:185:0:
../c/dmpbl4.c:189:11: note: declared here
 FORT_CALL(dmpbl4) (a,b,nr,l,nc,ilow)
           ^
../c/cfromf.h:9:27: note: in definition of macro ‘FORT_CALL’
 #  define FORT_CALL(name) name ## _
                           ^~~~
../c/dmpbl4.c:336:23: warning: ‘return’ with no value, in function returning non-void
        if (nrow == 0) return;
                       ^~~~~~
In file included from ../c/dmpbl4.c:185:0:
../c/dmpbl4.c:189:11: note: declared here
 FORT_CALL(dmpbl4) (a,b,nr,l,nc,ilow)
           ^
../c/cfromf.h:9:27: note: in definition of macro ‘FORT_CALL’
 #  define FORT_CALL(name) name ## _
                           ^~~~
../c/dmpbl4.c:341:23: warning: ‘return’ with no value, in function returning non-void
        if (nrow == 0) return;
                       ^~~~~~
In file included from ../c/dmpbl4.c:185:0:
../c/dmpbl4.c:189:11: note: declared here
 FORT_CALL(dmpbl4) (a,b,nr,l,nc,ilow)
           ^
../c/cfromf.h:9:27: note: in definition of macro ‘FORT_CALL’
 #  define FORT_CALL(name) name ## _
                           ^~~~
../c/dmpbl4.c:346:23: warning: ‘return’ with no value, in function returning non-void
        if (nrow == 0) return;
                       ^~~~~~
In file included from ../c/dmpbl4.c:185:0:
../c/dmpbl4.c:189:11: note: declared here
 FORT_CALL(dmpbl4) (a,b,nr,l,nc,ilow)
           ^
../c/cfromf.h:9:27: note: in definition of macro ‘FORT_CALL’
 #  define FORT_CALL(name) name ## _
                           ^~~~
../c/dmpbl4.c:351:23: warning: ‘return’ with no value, in function returning non-void
        if (nrow == 0) return;
                       ^~~~~~
In file included from ../c/dmpbl4.c:185:0:
../c/dmpbl4.c:189:11: note: declared here
 FORT_CALL(dmpbl4) (a,b,nr,l,nc,ilow)
           ^
../c/cfromf.h:9:27: note: in definition of macro ‘FORT_CALL’
 #  define FORT_CALL(name) name ## _
                           ^~~~
../c/dmpbl4.c:356:23: warning: ‘return’ with no value, in function returning non-void
        if (nrow == 0) return;
                       ^~~~~~
In file included from ../c/dmpbl4.c:185:0:
../c/dmpbl4.c:189:11: note: declared here
 FORT_CALL(dmpbl4) (a,b,nr,l,nc,ilow)
           ^
../c/cfromf.h:9:27: note: in definition of macro ‘FORT_CALL’
 #  define FORT_CALL(name) name ## _
                           ^~~~
../c/dmpbl4.c:359:8: warning: ‘return’ with no value, in function returning non-void
        return;
        ^~~~~~
In file included from ../c/dmpbl4.c:185:0:
../c/dmpbl4.c:189:11: note: declared here
 FORT_CALL(dmpbl4) (a,b,nr,l,nc,ilow)
           ^
../c/cfromf.h:9:27: note: in definition of macro ‘FORT_CALL’
 #  define FORT_CALL(name) name ## _
                           ^~~~
In file included from ../c/dmpbl5.c:170:0:
../c/dmpbl5.c:174:11: warning: return type defaults to ‘int’ [-Wimplicit-int]
 FORT_CALL(dmpbl5) (a,b,nr,l,nc)
           ^
../c/cfromf.h:9:27: note: in definition of macro ‘FORT_CALL’
 #  define FORT_CALL(name) name ## _
                           ^~~~
../c/dmpbl5.c: In function ‘dmpbl5_’:
../c/dmpbl5.c:210:8: warning: implicit declaration of function ‘extzv’ [-Wimplicit-function-declaration]
        extzv(i,*l,r7,&b[ib]);
        ^~~~~
../c/dmpbl5.c:214:8: warning: ‘return’ with no value, in function returning non-void
        return;
        ^~~~~~
In file included from ../c/dmpbl5.c:170:0:
../c/dmpbl5.c:174:11: note: declared here
 FORT_CALL(dmpbl5) (a,b,nr,l,nc)
           ^
../c/cfromf.h:9:27: note: in definition of macro ‘FORT_CALL’
 #  define FORT_CALL(name) name ## _
                           ^~~~
../c/dmpbl5.c:224:8: warning: ‘return’ with no value, in function returning non-void
        return;
        ^~~~~~
In file included from ../c/dmpbl5.c:170:0:
../c/dmpbl5.c:174:11: note: declared here
 FORT_CALL(dmpbl5) (a,b,nr,l,nc)
           ^
../c/cfromf.h:9:27: note: in definition of macro ‘FORT_CALL’
 #  define FORT_CALL(name) name ## _
                           ^~~~
../c/dmpbl5.c:236:23: warning: ‘return’ with no value, in function returning non-void
        if (nrow == 0) return;
                       ^~~~~~
In file included from ../c/dmpbl5.c:170:0:
../c/dmpbl5.c:174:11: note: declared here
 FORT_CALL(dmpbl5) (a,b,nr,l,nc)
           ^
../c/cfromf.h:9:27: note: in definition of macro ‘FORT_CALL’
 #  define FORT_CALL(name) name ## _
                           ^~~~
../c/dmpbl5.c:239:8: warning: ‘return’ with no value, in function returning non-void
        return;
        ^~~~~~
In file included from ../c/dmpbl5.c:170:0:
../c/dmpbl5.c:174:11: note: declared here
 FORT_CALL(dmpbl5) (a,b,nr,l,nc)
           ^
../c/cfromf.h:9:27: note: in definition of macro ‘FORT_CALL’
 #  define FORT_CALL(name) name ## _
                           ^~~~
../c/dmpbl5.c:255:23: warning: ‘return’ with no value, in function returning non-void
        if (nrow == 0) return;
                       ^~~~~~
In file included from ../c/dmpbl5.c:170:0:
../c/dmpbl5.c:174:11: note: declared here
 FORT_CALL(dmpbl5) (a,b,nr,l,nc)
           ^
../c/cfromf.h:9:27: note: in definition of macro ‘FORT_CALL’
 #  define FORT_CALL(name) name ## _
                           ^~~~
../c/dmpbl5.c:260:23: warning: ‘return’ with no value, in function returning non-void
        if (nrow == 0) return;
                       ^~~~~~
In file included from ../c/dmpbl5.c:170:0:
../c/dmpbl5.c:174:11: note: declared here
 FORT_CALL(dmpbl5) (a,b,nr,l,nc)
           ^
../c/cfromf.h:9:27: note: in definition of macro ‘FORT_CALL’
 #  define FORT_CALL(name) name ## _
                           ^~~~
../c/dmpbl5.c:264:23: warning: ‘return’ with no value, in function returning non-void
        if (nrow == 0) return;
                       ^~~~~~
In file included from ../c/dmpbl5.c:170:0:
../c/dmpbl5.c:174:11: note: declared here
 FORT_CALL(dmpbl5) (a,b,nr,l,nc)
           ^
../c/cfromf.h:9:27: note: in definition of macro ‘FORT_CALL’
 #  define FORT_CALL(name) name ## _
                           ^~~~
../c/dmpbl5.c:266:8: warning: ‘return’ with no value, in function returning non-void
        return;
        ^~~~~~
In file included from ../c/dmpbl5.c:170:0:
../c/dmpbl5.c:174:11: note: declared here
 FORT_CALL(dmpbl5) (a,b,nr,l,nc)
           ^
../c/cfromf.h:9:27: note: in definition of macro ‘FORT_CALL’
 #  define FORT_CALL(name) name ## _
                           ^~~~
../c/dmpbl5.c:290:23: warning: ‘return’ with no value, in function returning non-void
        if (nrow == 0) return;
                       ^~~~~~
In file included from ../c/dmpbl5.c:170:0:
../c/dmpbl5.c:174:11: note: declared here
 FORT_CALL(dmpbl5) (a,b,nr,l,nc)
           ^
../c/cfromf.h:9:27: note: in definition of macro ‘FORT_CALL’
 #  define FORT_CALL(name) name ## _
                           ^~~~
../c/dmpbl5.c:295:23: warning: ‘return’ with no value, in function returning non-void
        if (nrow == 0) return;
                       ^~~~~~
In file included from ../c/dmpbl5.c:170:0:
../c/dmpbl5.c:174:11: note: declared here
 FORT_CALL(dmpbl5) (a,b,nr,l,nc)
           ^
../c/cfromf.h:9:27: note: in definition of macro ‘FORT_CALL’
 #  define FORT_CALL(name) name ## _
                           ^~~~
../c/dmpbl5.c:299:23: warning: ‘return’ with no value, in function returning non-void
        if (nrow == 0) return;
                       ^~~~~~
In file included from ../c/dmpbl5.c:170:0:
../c/dmpbl5.c:174:11: note: declared here
 FORT_CALL(dmpbl5) (a,b,nr,l,nc)
           ^
../c/cfromf.h:9:27: note: in definition of macro ‘FORT_CALL’
 #  define FORT_CALL(name) name ## _
                           ^~~~
../c/dmpbl5.c:303:23: warning: ‘return’ with no value, in function returning non-void
        if (nrow == 0) return;
                       ^~~~~~
In file included from ../c/dmpbl5.c:170:0:
../c/dmpbl5.c:174:11: note: declared here
 FORT_CALL(dmpbl5) (a,b,nr,l,nc)
           ^
../c/cfromf.h:9:27: note: in definition of macro ‘FORT_CALL’
 #  define FORT_CALL(name) name ## _
                           ^~~~
../c/dmpbl5.c:307:23: warning: ‘return’ with no value, in function returning non-void
        if (nrow == 0) return;
                       ^~~~~~
In file included from ../c/dmpbl5.c:170:0:
../c/dmpbl5.c:174:11: note: declared here
 FORT_CALL(dmpbl5) (a,b,nr,l,nc)
           ^
../c/cfromf.h:9:27: note: in definition of macro ‘FORT_CALL’
 #  define FORT_CALL(name) name ## _
                           ^~~~
../c/dmpbl5.c:311:23: warning: ‘return’ with no value, in function returning non-void
        if (nrow == 0) return;
                       ^~~~~~
In file included from ../c/dmpbl5.c:170:0:
../c/dmpbl5.c:174:11: note: declared here
 FORT_CALL(dmpbl5) (a,b,nr,l,nc)
           ^
../c/cfromf.h:9:27: note: in definition of macro ‘FORT_CALL’
 #  define FORT_CALL(name) name ## _
                           ^~~~
../c/dmpbl5.c:315:23: warning: ‘return’ with no value, in function returning non-void
        if (nrow == 0) return;
                       ^~~~~~
In file included from ../c/dmpbl5.c:170:0:
../c/dmpbl5.c:174:11: note: declared here
 FORT_CALL(dmpbl5) (a,b,nr,l,nc)
           ^
../c/cfromf.h:9:27: note: in definition of macro ‘FORT_CALL’
 #  define FORT_CALL(name) name ## _
                           ^~~~
../c/dmpbl5.c:317:8: warning: ‘return’ with no value, in function returning non-void
        return;
        ^~~~~~
In file included from ../c/dmpbl5.c:170:0:
../c/dmpbl5.c:174:11: note: declared here
 FORT_CALL(dmpbl5) (a,b,nr,l,nc)
           ^
../c/cfromf.h:9:27: note: in definition of macro ‘FORT_CALL’
 #  define FORT_CALL(name) name ## _
                           ^~~~
In file included from ../c/dmpcop.c:35:0:
../c/dmpcop.c:39:11: warning: return type defaults to ‘int’ [-Wimplicit-int]
 FORT_CALL(dmpcop) (a,b,nc,nr)
           ^
../c/cfromf.h:9:27: note: in definition of macro ‘FORT_CALL’
 #  define FORT_CALL(name) name ## _
                           ^~~~
../c/dmpcop.c: In function ‘dmpcop_’:
../c/dmpcop.c:58:25: warning: ‘return’ with no value, in function returning non-void
          if (nrow == 0) return;
                         ^~~~~~
In file included from ../c/dmpcop.c:35:0:
../c/dmpcop.c:39:11: note: declared here
 FORT_CALL(dmpcop) (a,b,nc,nr)
           ^
../c/cfromf.h:9:27: note: in definition of macro ‘FORT_CALL’
 #  define FORT_CALL(name) name ## _
                           ^~~~
../c/extzv.c:3:1: warning: return type defaults to ‘int’ [-Wimplicit-int]
 extzv(pos,size,base,dest)
 ^~~~~
../c/extzv.c: In function ‘extzv’:
../c/extzv.c:17:4: warning: ‘return’ with no value, in function returning non-void
    return;
    ^~~~~~
../c/extzv.c:3:1: note: declared here
 extzv(pos,size,base,dest)
 ^~~~~
../c/insv.c:3:1: warning: return type defaults to ‘int’ [-Wimplicit-int]
 insv(src,pos,size,base)
 ^~~~
../c/insv.c: In function ‘insv’:
../c/insv.c:12:19: warning: ‘return’ with no value, in function returning non-void
    if (size == 0) return;
                   ^~~~~~
../c/insv.c:3:1: note: declared here
 insv(src,pos,size,base)
 ^~~~
../c/insv.c:17:4: warning: ‘return’ with no value, in function returning non-void
    return;
    ^~~~~~
../c/insv.c:3:1: note: declared here
 insv(src,pos,size,base)
 ^~~~
In file included from ../c/cmpbu3.c:60:0:
../c/cmpbu3.c:64:11: warning: return type defaults to ‘int’ [-Wimplicit-int]
 FORT_CALL(cmpbu3) (a,b,nr,l,nc,ilow,fact)
           ^
../c/cfromf.h:9:27: note: in definition of macro ‘FORT_CALL’
 #  define FORT_CALL(name) name ## _
                           ^~~~
../c/cmpbu3.c: In function ‘cmpbu3_’:
../c/cmpbu3.c:94:10: warning: implicit declaration of function ‘insv’ [-Wimplicit-function-declaration]
          insv(r12,i,*l,&temp2);
          ^~~~
../c/cmpbu3.c:98:10: warning: ‘return’ with no value, in function returning non-void
          return;
          ^~~~~~
In file included from ../c/cmpbu3.c:60:0:
../c/cmpbu3.c:64:11: note: declared here
 FORT_CALL(cmpbu3) (a,b,nr,l,nc,ilow,fact)
           ^
../c/cfromf.h:9:27: note: in definition of macro ‘FORT_CALL’
 #  define FORT_CALL(name) name ## _
                           ^~~~
../c/cmpbu3.c:107:10: warning: ‘return’ with no value, in function returning non-void
          return;
          ^~~~~~
In file included from ../c/cmpbu3.c:60:0:
../c/cmpbu3.c:64:11: note: declared here
 FORT_CALL(cmpbu3) (a,b,nr,l,nc,ilow,fact)
           ^
../c/cfromf.h:9:27: note: in definition of macro ‘FORT_CALL’
 #  define FORT_CALL(name) name ## _
                           ^~~~
In file included from ../c/cmpbu4.c:56:0:
../c/cmpbu4.c:60:11: warning: return type defaults to ‘int’ [-Wimplicit-int]
 FORT_CALL(cmpbu4) (a,b,nr,l,nc,ilow)
           ^
../c/cfromf.h:9:27: note: in definition of macro ‘FORT_CALL’
 #  define FORT_CALL(name) name ## _
                           ^~~~
../c/cmpbu4.c: In function ‘cmpbu4_’:
../c/cmpbu4.c:89:10: warning: implicit declaration of function ‘insv’ [-Wimplicit-function-declaration]
          insv(fact,i,*l,&temp2);
          ^~~~
../c/cmpbu4.c:93:10: warning: ‘return’ with no value, in function returning non-void
          return;
          ^~~~~~
In file included from ../c/cmpbu4.c:56:0:
../c/cmpbu4.c:60:11: note: declared here
 FORT_CALL(cmpbu4) (a,b,nr,l,nc,ilow)
           ^
../c/cfromf.h:9:27: note: in definition of macro ‘FORT_CALL’
 #  define FORT_CALL(name) name ## _
                           ^~~~
../c/cmpbu4.c:103:10: warning: ‘return’ with no value, in function returning non-void
          return;
          ^~~~~~
In file included from ../c/cmpbu4.c:56:0:
../c/cmpbu4.c:60:11: note: declared here
 FORT_CALL(cmpbu4) (a,b,nr,l,nc,ilow)
           ^
../c/cfromf.h:9:27: note: in definition of macro ‘FORT_CALL’
 #  define FORT_CALL(name) name ## _
                           ^~~~
In file included from ../c/cmpbu5.c:70:0:
../c/cmpbu5.c:74:11: warning: return type defaults to ‘int’ [-Wimplicit-int]
 FORT_CALL(cmpbu5) (a,b,nr,l,nc)
           ^
../c/cfromf.h:9:27: note: in definition of macro ‘FORT_CALL’
 #  define FORT_CALL(name) name ## _
                           ^~~~
../c/cmpbu5.c: In function ‘cmpbu5_’:
../c/cmpbu5.c:101:10: warning: implicit declaration of function ‘insv’ [-Wimplicit-function-declaration]
          insv(a[ib],i,*l,&temp2);
          ^~~~
../c/cmpbu5.c:106:10: warning: ‘return’ with no value, in function returning non-void
          return;
          ^~~~~~
In file included from ../c/cmpbu5.c:70:0:
../c/cmpbu5.c:74:11: note: declared here
 FORT_CALL(cmpbu5) (a,b,nr,l,nc)
           ^
../c/cfromf.h:9:27: note: in definition of macro ‘FORT_CALL’
 #  define FORT_CALL(name) name ## _
                           ^~~~
../c/cmpbu5.c:117:10: warning: ‘return’ with no value, in function returning non-void
          return;
          ^~~~~~
In file included from ../c/cmpbu5.c:70:0:
../c/cmpbu5.c:74:11: note: declared here
 FORT_CALL(cmpbu5) (a,b,nr,l,nc)
           ^
../c/cfromf.h:9:27: note: in definition of macro ‘FORT_CALL’
 #  define FORT_CALL(name) name ## _
                           ^~~~
In file included from ../c/dmpbl3.c:242:0:
../c/dmpbl3.c:243:11: warning: return type defaults to ‘int’ [-Wimplicit-int]
 FORT_CALL(dmpbl3) () {
           ^
../c/cfromf.h:9:27: note: in definition of macro ‘FORT_CALL’
 #  define FORT_CALL(name) name ## _
                           ^~~~
../c/dmpbl3.c: In function ‘dmpbl3_’:
../c/dmpbl3.c:245:3: warning: implicit declaration of function ‘exit’ [-Wimplicit-function-declaration]
   exit(1);
   ^~~~
../c/dmpbl3.c:245:3: warning: incompatible implicit declaration of built-in function ‘exit’
../c/dmpbl3.c:245:3: note: include ‘<stdlib.h>’ or provide a declaration of ‘exit’
In file included from ../c/dmpbl4.c:185:0:
../c/dmpbl4.c:189:11: warning: return type defaults to ‘int’ [-Wimplicit-int]
 FORT_CALL(dmpbl4) (a,b,nr,l,nc,ilow)
           ^
../c/cfromf.h:9:27: note: in definition of macro ‘FORT_CALL’
 #  define FORT_CALL(name) name ## _
                           ^~~~
../c/dmpbl4.c: In function ‘dmpbl4_’:
../c/dmpbl4.c:225:8: warning: implicit declaration of function ‘extzv’ [-Wimplicit-function-declaration]
        extzv(i,*l,r7,&m);
        ^~~~~
../c/dmpbl4.c:230:8: warning: ‘return’ with no value, in function returning non-void
        return;
        ^~~~~~
In file included from ../c/dmpbl4.c:185:0:
../c/dmpbl4.c:189:11: note: declared here
 FORT_CALL(dmpbl4) (a,b,nr,l,nc,ilow)
           ^
../c/cfromf.h:9:27: note: in definition of macro ‘FORT_CALL’
 #  define FORT_CALL(name) name ## _
                           ^~~~
../c/dmpbl4.c:241:8: warning: ‘return’ with no value, in function returning non-void
        return;
        ^~~~~~
In file included from ../c/dmpbl4.c:185:0:
../c/dmpbl4.c:189:11: note: declared here
 FORT_CALL(dmpbl4) (a,b,nr,l,nc,ilow)
           ^
../c/cfromf.h:9:27: note: in definition of macro ‘FORT_CALL’
 #  define FORT_CALL(name) name ## _
                           ^~~~
../c/dmpbl4.c:255:23: warning: ‘return’ with no value, in function returning non-void
        if (nrow == 0) return;
                       ^~~~~~
In file included from ../c/dmpbl4.c:185:0:
../c/dmpbl4.c:189:11: note: declared here
 FORT_CALL(dmpbl4) (a,b,nr,l,nc,ilow)
           ^
../c/cfromf.h:9:27: note: in definition of macro ‘FORT_CALL’
 #  define FORT_CALL(name) name ## _
                           ^~~~
../c/dmpbl4.c:259:8: warning: ‘return’ with no value, in function returning non-void
        return;
        ^~~~~~
In file included from ../c/dmpbl4.c:185:0:
../c/dmpbl4.c:189:11: note: declared here
 FORT_CALL(dmpbl4) (a,b,nr,l,nc,ilow)
           ^
../c/cfromf.h:9:27: note: in definition of macro ‘FORT_CALL’
 #  define FORT_CALL(name) name ## _
                           ^~~~
../c/dmpbl4.c:279:23: warning: ‘return’ with no value, in function returning non-void
        if (nrow == 0) return;
                       ^~~~~~
In file included from ../c/dmpbl4.c:185:0:
../c/dmpbl4.c:189:11: note: declared here
 FORT_CALL(dmpbl4) (a,b,nr,l,nc,ilow)
           ^
../c/cfromf.h:9:27: note: in definition of macro ‘FORT_CALL’
 #  define FORT_CALL(name) name ## _
                           ^~~~
../c/dmpbl4.c:285:23: warning: ‘return’ with no value, in function returning non-void
        if (nrow == 0) return;
                       ^~~~~~
In file included from ../c/dmpbl4.c:185:0:
../c/dmpbl4.c:189:11: note: declared here
 FORT_CALL(dmpbl4) (a,b,nr,l,nc,ilow)
           ^
../c/cfromf.h:9:27: note: in definition of macro ‘FORT_CALL’
 #  define FORT_CALL(name) name ## _
                           ^~~~
../c/dmpbl4.c:290:23: warning: ‘return’ with no value, in function returning non-void
        if (nrow == 0) return;
                       ^~~~~~
In file included from ../c/dmpbl4.c:185:0:
../c/dmpbl4.c:189:11: note: declared here
 FORT_CALL(dmpbl4) (a,b,nr,l,nc,ilow)
           ^
../c/cfromf.h:9:27: note: in definition of macro ‘FORT_CALL’
 #  define FORT_CALL(name) name ## _
                           ^~~~
../c/dmpbl4.c:293:8: warning: ‘return’ with no value, in function returning non-void
        return;
        ^~~~~~
In file included from ../c/dmpbl4.c:185:0:
../c/dmpbl4.c:189:11: note: declared here
 FORT_CALL(dmpbl4) (a,b,nr,l,nc,ilow)
           ^
../c/cfromf.h:9:27: note: in definition of macro ‘FORT_CALL’
 #  define FORT_CALL(name) name ## _
                           ^~~~
../c/dmpbl4.c:325:23: warning: ‘return’ with no value, in function returning non-void
        if (nrow == 0) return;
                       ^~~~~~
In file included from ../c/dmpbl4.c:185:0:
../c/dmpbl4.c:189:11: note: declared here
 FORT_CALL(dmpbl4) (a,b,nr,l,nc,ilow)
           ^
../c/cfromf.h:9:27: note: in definition of macro ‘FORT_CALL’
 #  define FORT_CALL(name) name ## _
                           ^~~~
../c/dmpbl4.c:331:23: warning: ‘return’ with no value, in function returning non-void
        if (nrow == 0) return;
                       ^~~~~~
In file included from ../c/dmpbl4.c:185:0:
../c/dmpbl4.c:189:11: note: declared here
 FORT_CALL(dmpbl4) (a,b,nr,l,nc,ilow)
           ^
../c/cfromf.h:9:27: note: in definition of macro ‘FORT_CALL’
 #  define FORT_CALL(name) name ## _
                           ^~~~
../c/dmpbl4.c:336:23: warning: ‘return’ with no value, in function returning non-void
        if (nrow == 0) return;
                       ^~~~~~
In file included from ../c/dmpbl4.c:185:0:
../c/dmpbl4.c:189:11: note: declared here
 FORT_CALL(dmpbl4) (a,b,nr,l,nc,ilow)
           ^
../c/cfromf.h:9:27: note: in definition of macro ‘FORT_CALL’
 #  define FORT_CALL(name) name ## _
                           ^~~~
../c/dmpbl4.c:341:23: warning: ‘return’ with no value, in function returning non-void
        if (nrow == 0) return;
                       ^~~~~~
In file included from ../c/dmpbl4.c:185:0:
../c/dmpbl4.c:189:11: note: declared here
 FORT_CALL(dmpbl4) (a,b,nr,l,nc,ilow)
           ^
../c/cfromf.h:9:27: note: in definition of macro ‘FORT_CALL’
 #  define FORT_CALL(name) name ## _
                           ^~~~
../c/dmpbl4.c:346:23: warning: ‘return’ with no value, in function returning non-void
        if (nrow == 0) return;
                       ^~~~~~
In file included from ../c/dmpbl4.c:185:0:
../c/dmpbl4.c:189:11: note: declared here
 FORT_CALL(dmpbl4) (a,b,nr,l,nc,ilow)
           ^
../c/cfromf.h:9:27: note: in definition of macro ‘FORT_CALL’
 #  define FORT_CALL(name) name ## _
                           ^~~~
../c/dmpbl4.c:351:23: warning: ‘return’ with no value, in function returning non-void
        if (nrow == 0) return;
                       ^~~~~~
In file included from ../c/dmpbl4.c:185:0:
../c/dmpbl4.c:189:11: note: declared here
 FORT_CALL(dmpbl4) (a,b,nr,l,nc,ilow)
           ^
../c/cfromf.h:9:27: note: in definition of macro ‘FORT_CALL’
 #  define FORT_CALL(name) name ## _
                           ^~~~
../c/dmpbl4.c:356:23: warning: ‘return’ with no value, in function returning non-void
        if (nrow == 0) return;
                       ^~~~~~
In file included from ../c/dmpbl4.c:185:0:
../c/dmpbl4.c:189:11: note: declared here
 FORT_CALL(dmpbl4) (a,b,nr,l,nc,ilow)
           ^
../c/cfromf.h:9:27: note: in definition of macro ‘FORT_CALL’
 #  define FORT_CALL(name) name ## _
                           ^~~~
../c/dmpbl4.c:359:8: warning: ‘return’ with no value, in function returning non-void
        return;
        ^~~~~~
In file included from ../c/dmpbl4.c:185:0:
../c/dmpbl4.c:189:11: note: declared here
 FORT_CALL(dmpbl4) (a,b,nr,l,nc,ilow)
           ^
../c/cfromf.h:9:27: note: in definition of macro ‘FORT_CALL’
 #  define FORT_CALL(name) name ## _
                           ^~~~
In file included from ../c/dmpbl5.c:170:0:
../c/dmpbl5.c:174:11: warning: return type defaults to ‘int’ [-Wimplicit-int]
 FORT_CALL(dmpbl5) (a,b,nr,l,nc)
           ^
../c/cfromf.h:9:27: note: in definition of macro ‘FORT_CALL’
 #  define FORT_CALL(name) name ## _
                           ^~~~
../c/dmpbl5.c: In function ‘dmpbl5_’:
../c/dmpbl5.c:210:8: warning: implicit declaration of function ‘extzv’ [-Wimplicit-function-declaration]
        extzv(i,*l,r7,&b[ib]);
        ^~~~~
../c/dmpbl5.c:214:8: warning: ‘return’ with no value, in function returning non-void
        return;
        ^~~~~~
In file included from ../c/dmpbl5.c:170:0:
../c/dmpbl5.c:174:11: note: declared here
 FORT_CALL(dmpbl5) (a,b,nr,l,nc)
           ^
../c/cfromf.h:9:27: note: in definition of macro ‘FORT_CALL’
 #  define FORT_CALL(name) name ## _
                           ^~~~
../c/dmpbl5.c:224:8: warning: ‘return’ with no value, in function returning non-void
        return;
        ^~~~~~
In file included from ../c/dmpbl5.c:170:0:
../c/dmpbl5.c:174:11: note: declared here
 FORT_CALL(dmpbl5) (a,b,nr,l,nc)
           ^
../c/cfromf.h:9:27: note: in definition of macro ‘FORT_CALL’
 #  define FORT_CALL(name) name ## _
                           ^~~~
../c/dmpbl5.c:236:23: warning: ‘return’ with no value, in function returning non-void
        if (nrow == 0) return;
                       ^~~~~~
In file included from ../c/dmpbl5.c:170:0:
../c/dmpbl5.c:174:11: note: declared here
 FORT_CALL(dmpbl5) (a,b,nr,l,nc)
           ^
../c/cfromf.h:9:27: note: in definition of macro ‘FORT_CALL’
 #  define FORT_CALL(name) name ## _
                           ^~~~
../c/dmpbl5.c:239:8: warning: ‘return’ with no value, in function returning non-void
        return;
        ^~~~~~
In file included from ../c/dmpbl5.c:170:0:
../c/dmpbl5.c:174:11: note: declared here
 FORT_CALL(dmpbl5) (a,b,nr,l,nc)
           ^
../c/cfromf.h:9:27: note: in definition of macro ‘FORT_CALL’
 #  define FORT_CALL(name) name ## _
                           ^~~~
../c/dmpbl5.c:255:23: warning: ‘return’ with no value, in function returning non-void
        if (nrow == 0) return;
                       ^~~~~~
In file included from ../c/dmpbl5.c:170:0:
../c/dmpbl5.c:174:11: note: declared here
 FORT_CALL(dmpbl5) (a,b,nr,l,nc)
           ^
../c/cfromf.h:9:27: note: in definition of macro ‘FORT_CALL’
 #  define FORT_CALL(name) name ## _
                           ^~~~
../c/dmpbl5.c:260:23: warning: ‘return’ with no value, in function returning non-void
        if (nrow == 0) return;
                       ^~~~~~
In file included from ../c/dmpbl5.c:170:0:
../c/dmpbl5.c:174:11: note: declared here
 FORT_CALL(dmpbl5) (a,b,nr,l,nc)
           ^
../c/cfromf.h:9:27: note: in definition of macro ‘FORT_CALL’
 #  define FORT_CALL(name) name ## _
                           ^~~~
../c/dmpbl5.c:264:23: warning: ‘return’ with no value, in function returning non-void
        if (nrow == 0) return;
                       ^~~~~~
In file included from ../c/dmpbl5.c:170:0:
../c/dmpbl5.c:174:11: note: declared here
 FORT_CALL(dmpbl5) (a,b,nr,l,nc)
           ^
../c/cfromf.h:9:27: note: in definition of macro ‘FORT_CALL’
 #  define FORT_CALL(name) name ## _
                           ^~~~
../c/dmpbl5.c:266:8: warning: ‘return’ with no value, in function returning non-void
        return;
        ^~~~~~
In file included from ../c/dmpbl5.c:170:0:
../c/dmpbl5.c:174:11: note: declared here
 FORT_CALL(dmpbl5) (a,b,nr,l,nc)
           ^
../c/cfromf.h:9:27: note: in definition of macro ‘FORT_CALL’
 #  define FORT_CALL(name) name ## _
                           ^~~~
../c/dmpbl5.c:290:23: warning: ‘return’ with no value, in function returning non-void
        if (nrow == 0) return;
                       ^~~~~~
In file included from ../c/dmpbl5.c:170:0:
../c/dmpbl5.c:174:11: note: declared here
 FORT_CALL(dmpbl5) (a,b,nr,l,nc)
           ^
../c/cfromf.h:9:27: note: in definition of macro ‘FORT_CALL’
 #  define FORT_CALL(name) name ## _
                           ^~~~
../c/dmpbl5.c:295:23: warning: ‘return’ with no value, in function returning non-void
        if (nrow == 0) return;
                       ^~~~~~
In file included from ../c/dmpbl5.c:170:0:
../c/dmpbl5.c:174:11: note: declared here
 FORT_CALL(dmpbl5) (a,b,nr,l,nc)
           ^
../c/cfromf.h:9:27: note: in definition of macro ‘FORT_CALL’
 #  define FORT_CALL(name) name ## _
                           ^~~~
../c/dmpbl5.c:299:23: warning: ‘return’ with no value, in function returning non-void
        if (nrow == 0) return;
                       ^~~~~~
In file included from ../c/dmpbl5.c:170:0:
../c/dmpbl5.c:174:11: note: declared here
 FORT_CALL(dmpbl5) (a,b,nr,l,nc)
           ^
../c/cfromf.h:9:27: note: in definition of macro ‘FORT_CALL’
 #  define FORT_CALL(name) name ## _
                           ^~~~
../c/dmpbl5.c:303:23: warning: ‘return’ with no value, in function returning non-void
        if (nrow == 0) return;
                       ^~~~~~
In file included from ../c/dmpbl5.c:170:0:
../c/dmpbl5.c:174:11: note: declared here
 FORT_CALL(dmpbl5) (a,b,nr,l,nc)
           ^
../c/cfromf.h:9:27: note: in definition of macro ‘FORT_CALL’
 #  define FORT_CALL(name) name ## _
                           ^~~~
../c/dmpbl5.c:307:23: warning: ‘return’ with no value, in function returning non-void
        if (nrow == 0) return;
                       ^~~~~~
In file included from ../c/dmpbl5.c:170:0:
../c/dmpbl5.c:174:11: note: declared here
 FORT_CALL(dmpbl5) (a,b,nr,l,nc)
           ^
../c/cfromf.h:9:27: note: in definition of macro ‘FORT_CALL’
 #  define FORT_CALL(name) name ## _
                           ^~~~
../c/dmpbl5.c:311:23: warning: ‘return’ with no value, in function returning non-void
        if (nrow == 0) return;
                       ^~~~~~
In file included from ../c/dmpbl5.c:170:0:
../c/dmpbl5.c:174:11: note: declared here
 FORT_CALL(dmpbl5) (a,b,nr,l,nc)
           ^
../c/cfromf.h:9:27: note: in definition of macro ‘FORT_CALL’
 #  define FORT_CALL(name) name ## _
                           ^~~~
../c/dmpbl5.c:315:23: warning: ‘return’ with no value, in function returning non-void
        if (nrow == 0) return;
                       ^~~~~~
In file included from ../c/dmpbl5.c:170:0:
../c/dmpbl5.c:174:11: note: declared here
 FORT_CALL(dmpbl5) (a,b,nr,l,nc)
           ^
../c/cfromf.h:9:27: note: in definition of macro ‘FORT_CALL’
 #  define FORT_CALL(name) name ## _
                           ^~~~
../c/dmpbl5.c:317:8: warning: ‘return’ with no value, in function returning non-void
        return;
        ^~~~~~
In file included from ../c/dmpbl5.c:170:0:
../c/dmpbl5.c:174:11: note: declared here
 FORT_CALL(dmpbl5) (a,b,nr,l,nc)
           ^
../c/cfromf.h:9:27: note: in definition of macro ‘FORT_CALL’
 #  define FORT_CALL(name) name ## _
                           ^~~~
In file included from ../c/dmpcop.c:35:0:
../c/dmpcop.c:39:11: warning: return type defaults to ‘int’ [-Wimplicit-int]
 FORT_CALL(dmpcop) (a,b,nc,nr)
           ^
../c/cfromf.h:9:27: note: in definition of macro ‘FORT_CALL’
 #  define FORT_CALL(name) name ## _
                           ^~~~
../c/dmpcop.c: In function ‘dmpcop_’:
../c/dmpcop.c:58:25: warning: ‘return’ with no value, in function returning non-void
          if (nrow == 0) return;
                         ^~~~~~
In file included from ../c/dmpcop.c:35:0:
../c/dmpcop.c:39:11: note: declared here
 FORT_CALL(dmpcop) (a,b,nc,nr)
           ^
../c/cfromf.h:9:27: note: in definition of macro ‘FORT_CALL’
 #  define FORT_CALL(name) name ## _
                           ^~~~
../c/extzv.c:3:1: warning: return type defaults to ‘int’ [-Wimplicit-int]
 extzv(pos,size,base,dest)
 ^~~~~
../c/extzv.c: In function ‘extzv’:
../c/extzv.c:17:4: warning: ‘return’ with no value, in function returning non-void
    return;
    ^~~~~~
../c/extzv.c:3:1: note: declared here
 extzv(pos,size,base,dest)
 ^~~~~
../c/insv.c:3:1: warning: return type defaults to ‘int’ [-Wimplicit-int]
 insv(src,pos,size,base)
 ^~~~
../c/insv.c: In function ‘insv’:
../c/insv.c:12:19: warning: ‘return’ with no value, in function returning non-void
    if (size == 0) return;
                   ^~~~~~
../c/insv.c:3:1: note: declared here
 insv(src,pos,size,base)
 ^~~~
../c/insv.c:17:4: warning: ‘return’ with no value, in function returning non-void
    return;
    ^~~~~~
../c/insv.c:3:1: note: declared here
 insv(src,pos,size,base)
 ^~~~
