Splitting aria02_origine.f.
arinit.f
ardata.f
araddg.f
arangl.f
arbocm.f
arcasc.f
archem.f
arclus.f
arcopa.f
arcopj.f
arcrdi.f
ardump.f
arduph.f
ardyre.f
aremit.f
arerrm.f
arexec.f
argpt2.f
argqcd.f
argqed.f
argtyp.f
aript2.f
arjoin.f
armade.f
armas2.f
armas3.f
armass.f
armcdi.f
armipt.f
arnofl.f
arordj.f
arorie.f
arecoi.f
arpars.f
arradg.f
arradp.f
arradq.f
arreca.f
arupdj.f
arndx1.f
arndx2.f
arndx3.f
arndy1.f
arndy2.f
arndy3.f
arndy4.f
arobo1.f
arobo2.f
arobo3.f
arobo4.f
arobo5.f
arrobo.f
arsplg.f
arstor.f
artest.f
arvet1.f
arvet2.f
arvet3.f
arvet4.f
arvet5.f
arveth.f
artune.f
arprda.f
archki.f
arexma.f

F77SPLIT:
  Number of lines of text = 4679
  Number of modules = 65
Splitting aria02.f.
askuse.f
askusi.f
uscjob.f
kxarco.f
uskrin.f
xksect.f

F77SPLIT:
  Number of lines of text = 576
  Number of modules = 6

F77SPLIT:
  Normal end of execution.
ar: creating libaria02.a
ar: creating libaria02_dbx.a
moving libaria02*.a to /home/wimmer/aleph64bit/Linux/kin
