Splitting aria64_origine.f.
arinit.f
ardata.f
araddg.f
arremg.f
arjoqq.f
arremp.f
arremd.f
arevst.f
arjost.f
arpadd.f
arpado.f
arpins.f
arprem.f
arrems.f
arangl.f
arbocm.f
arbole.f
arbopy.f
arcasc.f
arcont.f
arevol.f
archem.f
arclus.f
arcopa.f
arcrdi.f
ardump.f
arduph.f
ardyre.f
aremit.f
aremi2.f
aremi3.f
arerrm.f
arexec.f
argpt2.f
argqcd.f
argqcg.f
argqcq.f
arprgc.f
argqed.f
argtyp.f
aript2.f
armade.f
armas2.f
armas3.f
armas4.f
armass.f
armcdi.f
armipt.f
arnofl.f
arorie.f
arecoi.f
arpars.f
arradg.f
arradp.f
arradq.f
arreca.f
arndx1.f
arndx2.f
arndx3.f
arndx4.f
arndy1.f
arndy2.f
arndy3.f
arndy4.f
arndy5.f
arobo1.f
arobo2.f
arobo3.f
arobo4.f
arobo5.f
arrobo.f
ardbrb.f
arsplg.f
arstor.f
arcodi.f
artest.f
arvet1.f
arvet2.f
arvet3.f
arvet4.f
arvet5.f
arvet6.f
arvet7.f
arveth.f
arvet8.f
artune.f
arprda.f
archki.f
artpt2.f
arexma.f
arphas.f
arlept.f
argdis.f
argdig.f
arpyth.f
arprdy.f
arfidy.f
arpyww.f
arptqq.f
arinqq.f
arsume.f
arzcms.f
arpcms.f
ardcms.f
arstra.f
arscan.f
arremn.f
arincr.f
arpoki.f
arposf.f
aripsf.f
arupom.f
lnstrf.f
pystfu.f
arniqq.f
armtqq.f
arging.f
argig2.f
aradig.f
aradg2.f
arcoli.f
arswap.f
archfl.f
arearr.f
arputr.f
argetr.f
arthrw.f
arabli.f
aruthr.f
ar4frm.f
argoni.f
arptyo.f
araddo.f
arremo.f
archko.f
arrado.f
ar2gdi.f
ardilg.f
ariatn.f
arsngl.f
diclus.f
dijoin.f
dirphi.f
dirthe.f
diboos.f
ariach.f
arbood.f
arboop.f
arildc.f
ldcexe.f
arrflv.f
arqq2o.f
arqqcf.f
argoqq.f
kxarco.f

F77SPLIT:
  Number of lines of text = 15284
  Number of modules = 155

F77SPLIT:
  Normal end of execution.
ar: creating libaria64.a
moving ardata.o to /home/wimmer/aleph64bit/Linux/kin/ardata64.o
ar: creating libaria64_dbx.a
moving libaria64*.a to /home/wimmer/aleph64bit/Linux/kin
