Splitting bhab02_origine.f.
bab10.f
teller.f
histo1.f
histo2.f
histo3.f
rn.f
prnvec.f
effcit.f
outcry.f
setupm.f
amplit.f
setupw.f
aproxs.f
setup1.f
gener1.f
setup2.f
gener2.f
setup3.f
gener3.f
setup4.f
gener4.f
setup5.f
gener5.f
dilog.f
iis.f
pak.f
fot.f
studyf.f
obtanf.f
soft.f
setups.f
sigsof.f
babcor.f
infra.f
agg.f
agz.f
d.f
pigz.f
fg.f
fz.f
izz.f
azz.f
setbab.f
genbab.f
endbab.f
born.f
cancut.f
endcut.f
findmw.f
ffunct.f
pse0.f
pig.f
hadrqq.f
rexp.f
fc.f
f.f
resz.f
imsz.f
zwidth.f
piz.f
fv.f
fa.f
l2.f
l3.f
iimsz.f
g.f
resgz.f
imsgz.f
spence.f
lam2.f
lam3.f
pigtab.f
slftab.f

F77SPLIT:
  Number of lines of text = 4306
  Number of modules = 73
Splitting bhab02.f.
askusi.f
askuse.f
uscjob.f
bhab02.f

F77SPLIT:
  Number of lines of text = 495
  Number of modules = 4

F77SPLIT:
  Normal end of execution.
ar: creating libbhab02.a
ar: creating libbhab02_dbx.a
moving libbhab02*.a to /home/wimmer/aleph64bit/Linux/kin
