Splitting bhab01_origine.f.
main.f
teller.f
histo1.f
histo2.f
histo3.f
rn.f
prnvec.f
effcit.f
outcry.f
setupm.f
amplit.f
setupw.f
aproxs.f
setup1.f
gener1.f
setup2.f
gener2.f
setup3.f
gener3.f
setup4.f
gener4.f
setup5.f
gener5.f
dilog.f
iis.f
pak.f
fot.f
studyf.f
obtanf.f
soft.f
setups.f
sigsof.f
babcor.f
setbab.f
genbab.f
endbab.f
born.f
cancut.f
endcut.f
findmw.f
ffunct.f
pse0.f
gbox.f
gzbox.f
abox.f
pig.f
hadrqq.f
rexp.f
fc.f
f.f
inte.f
resz.f
imsz.f
g.f
resgz.f
imsgz.f
infra.f
spence.f
fgam.f
fz.f
lam2.f
lam3.f
box.f

F77SPLIT:
  Number of lines of text = 3584
  Number of modules = 63
Splitting bhab01.f.
askuse.f
askusi.f
bhab01.f
uscjob.f

F77SPLIT:
  Number of lines of text = 382
  Number of modules = 4

F77SPLIT:
  Normal end of execution.
ar: creating libbhab01.a
ar: creating libbhab01_dbx.a
moving libbhab01*.a to /home/wimmer/aleph64bit/Linux/kin
