Splitting bhlu02_origine.f.
main.f
bhlde1.f
bhlde2.f
koniec.f
boker1.f
boker2.f
boker3.f
boker4.f
triga0.f
triga1.f
dumpc.f
renhie.f
cumhi3.f
pricut.f
pridif.f
bhlumi.f
bhclen.f
bhlum2.f
filbh2.f
rempho.f
piatek.f
wform.f
bcud.f
mltibr.f
poissg.f
kino4.f
mergik.f
ptral.f
qtral.f
kliper.f
model1.f
model2.f
gvirt0.f
repi.f
dumps.f
dumpt.f
dumpr.f
gibea.f
oldbis.f
babinf.f
virsel.f
virsof.f
yyweak.f
xsweak.f
kinbis.f
lumlog.f
bhalog.f
modelu.f
kinolt.f
funski.f
strufu.f
bornb.f
borxi.f
fobor.f
bornxf.f
rcarry.f
ranecu.f
varran.f
bostd1.f
bostd3.f
rotod1.f
rotod2.f
rotod3.f
angfi.f
dilog.f
gausjd.f
dpgamm.f
vesk2w.f
vinskw.f
divskw.f
wmonit.f
wmoni2.f

F77SPLIT:
  Number of lines of text = 6614
  Number of modules = 72
Splitting bhlu02.f.
askusi.f
askuse.f
uscjob.f
bhlu02.f
rejevt.f
rejsev.f
boker8.f
bokers.f
triga2.f
trigas.f
keepit.f
keepn.f
keepw.f
keeps.f
loosec.f
rbtoa.f

F77SPLIT:
  Number of lines of text = 1684
  Number of modules = 16

F77SPLIT:
  Normal end of execution.
ar: creating libbhlu02.a
ar: creating libbhlu02_dbx.a
moving libbhlu02*.a to /home/wimmer/aleph64bit/Linux/kin
