Splitting bhlu04_origine.f.
bhlum4.f
filbh2.f
rempho.f
piatek.f
wform.f
bcud.f
mltibr.f
poissg.f
kino4.f
ptral.f
qtral.f
kliper.f
mergik.f
dumpr.f
dumps.f
bhlumi.f
bhclen.f
dumgen.f
g_init.f
gflush.f
gexist.f
gi.f
gie.f
gf1.f
gfill.f
gbook1.f
gstop1.f
goptou.f
gidopt.f
gbfun1.f
gbfun2.f
gbook2.f
gistdo.f
goutpu.f
gprint.f
gopera.f
ginbo1.f
gunpak.f
gpak.f
gpake.f
grang1.f
ginbo2.f
gmaxim.f
gminim.f
gmimax.f
greset.f
gdelet.f
glimit.f
copch.f
jadre2.f
jadres.f
grfile.f
grout.f
grin.f
grin2.f
grend.f
gplint.f
gplcap.f
gplend.f
gplot.f
lfram1.f
saxix.f
saxiy.f
plhist.f
plhis2.f
plcirc.f
aprof.f
gplset.f
gpltit.f
gplcapt.f
gplabel.f
gplot2.f
lframe.f
axisx.f
axisy.f
plkont.f
plmark.f
gpltab.f
gpltab2.f
gmonit.f
lumlog.f
bhalog.f
kinolt.f
funski.f
bornb.f
borxi.f
fobor.f
bornxf.f
brelos.f
mdline.f
mdlife.f
mdlinu.f
mdlifu.f
modlu.f
strufu.f
mdlbhu.f
rrf2u.f
rri2u.f
mdlbhe.f
rri2.f
rri1.f
rrf2.f
rrf1.f
wif.f
xkif.f
b2ii.f
m2agzi.f
model.f
model2.f
model1.f
modl2a.f
dix1.f
dix2.f
modl2b.f
oldbis.f
babinf.f
virsel.f
virsof.f
yyweak.f
xsweak.f
kinbis.f
vacpol.f
repil.f
repi95.f
repi.f
hadr5.f
chbin3.f
chbin1.f
vesk1w.f
desk1w.f
vesk2w.f
vinskw.f
divskw.f
gausjd.f
wmonit.f
wmoni2.f
gaus.f
dilogy.f
dpgamm.f
marran.f
carran.f
ecuran.f
varran.f
bostdq.f
bostd1.f
bostd3.f
rotod1.f
rotod2.f
rotod3.f
angfi.f
dumpt.f
bhlog4.f
geniek.f
bhlog5.f
geniak.f
genial.f
geniul.f

F77SPLIT:
  Number of lines of text = 13906
  Number of modules = 157
Splitting bhlu04.f.
askusi.f
askuse.f
uscjob.f
ugtsec.f
rejevt.f
rejsev.f
boker8.f
bokers.f
triga2.f
trigas.f
keepit.f
keepn.f
keepw.f
keeps.f
loosec.f
rbtoa.f

F77SPLIT:
  Number of lines of text = 1717
  Number of modules = 16

F77SPLIT:
  Normal end of execution.
gplcap.f:22:18:

       DATA BBS / '\\' /
                  1
Warning: Initialization string at (1) was truncated to fit the variable (1/2)
ar: creating libbhlu04.a
gplcap.f:22:18:

       DATA BBS / '\\' /
                  1
Warning: Initialization string at (1) was truncated to fit the variable (1/2)
ar: creating libbhlu04_dbx.a
moving libbhlu04*.a to /home/wimmer/aleph64bit/Linux/kin
