Splitting bhwi04_origine.f.
bhwid1.f
filbhw.f
dsigbo.f
gentra.f
trigmc.f
rempho.f
piatek.f
yfsfsu.f
yfsfmf.f
yfsirf.f
finfra.f
wform.f
bcud.f
mltibr.f
poissg.f
kino4.f
ptral.f
qtral.f
kliper.f
mergik.f
wtinte.f
model.f
dumps.f
dumpr.f
gibea.f
bhwide.f
bhclen.f
xmatel.f
amphel.f
profas.f
profat.f
fspinp.f
gspinp.f
spipro.f
xmelmc.f
xmate0.f
xmecal.f
model1.f
angvec.f
softfa.f
reduz0.f
reduz1.f
boost5.f
rotat5.f
model2.f
softfm.f
vacpol.f
repil.f
repi95.f
repi.f
hadr5.f
bhabha.f
afbasy.f
afbsym.f
initbh.f
endbh.f
sighat.f
sigmah.f
acolli.f
calint.f
sigflx.f
twohrd.f
final2.f
gzprop.f
eeeevs.f
rnonlg.f
dot.f
eeee.f
eeeew.f
heavyb.f
heavyi.f
collin.f
eeeeg.f
rotate.f
histo.f
coupls.f
rnorm.f
formfs.f
labdas.f
bigk.f
sigg.f
siggz.f
sigz.f
sigw.f
deltar.f
usigg.f
dusigg.f
phadpi.f
usiggz.f
usigz.f
usigw.f
bigpiz.f
freal.f
fimag.f
dfreal.f
pwidth.f
imsigz.f
imz2.f
imsigg.f
imsggz.f
flbot.f
b0bar.f
b1bar.f
c0scal.f
c1plus.f
c2zero.f
c2plus.f
c2min.f
spencf.f
spenc.f
dilog.f
hadrqq.f
rexp.f
zbrent.f
dgauss.f
vegas.f
save.f
aran9.f
vegass.f
histbk.f
histfl.f
histut.f
baread.f
setup1.f
gener1.f
setup2.f
gener2.f
setup3.f
gener3.f
setup4.f
gener4.f
setup5.f
gener5.f
iis.f
pak.f
fot.f
studyf.f
obtanf.f
soft.f
setbab.f
genbab.f
endbab.f
setups.f
sigsof.f
babcor.f
findmw.f
ffunct.f
pse0.f
gbox.f
gzbox.f
abox.f
pig.f
f.f
xint.f
resz.f
imsz.f
g.f
resgz.f
imsgz.f
infra.f
spence.f
fgam.f
fz.f
lam2.f
lam3.f
box.f
setupm.f
amplit.f
setupw.f
aproxs.f
born.f
cancut.f
endcut.f
teller.f
histo1.f
histo2.f
histo3.f
rn.f
prnvec.f
effcit.f
outcry.f
pol.f
spol1.f
g_init.f
gflush.f
gexist.f
gi.f
gie.f
gf1.f
gf1diff.f
gfill.f
gbook1.f
gstop1.f
goptou.f
gidopt.f
gbfun1.f
gbfun2.f
gbook2.f
gistdo.f
goutpu.f
gprint.f
gopera.f
ginbo1.f
gunpak.f
gpak.f
gpake.f
grang1.f
ginbo2.f
gmaxim.f
gminim.f
gmimax.f
greset.f
gdelet.f
glimit.f
copch.f
jadre2.f
jadres.f
grfile.f
grout.f
grin.f
grin2.f
grend.f
gplint.f
gplcap.f
gplend.f
gplot.f
lfram1.f
saxix.f
saxiy.f
plhist.f
plhis2.f
plcirc.f
aprof.f
gplset.f
gpltit.f
gplcapt.f
gplabel.f
gplot2.f
lframe.f
axisx.f
axisy.f
plkont.f
plmark.f
gpltab.f
gpltab2.f
gmonit.f
gplotls.f
lfram1ls.f
saxiyls.f
plhistls.f
plhis2ls.f
gplot2ls.f
lframels.f
plmarkls.f
chbin3.f
chbin1.f
vesk1w.f
desk1w.f
vesk2w.f
vinskw.f
divskw.f
gausjd.f
wmonit.f
wmoni2.f
gaus.f
gaus2.f
gaus3.f
dgadap.f
dgada2.f
dgada3.f
dilogx.f
dilogy.f
dpgamm.f
marran.f
carran.f
ecuran.f
varran.f
bostdq.f
bostd1.f
bxstd3.f
rxtod1.f
rxtod2.f
rxtod3.f
angfix.f
dumpt.f
sprogz.f
tprogz.f
fprogz.f
xmatvs.f
xmatwc.f
zbcoff.f
setcha.f
babewc.f

F77SPLIT:
  Number of lines of text = 19615
  Number of modules = 293
Splitting bhwi04.f.
askusi.f
askuse.f
uscjob.f
ugtsec.f

F77SPLIT:
  Number of lines of text = 629
  Number of modules = 4

F77SPLIT:
  Normal end of execution.
gplcap.f:22:18:

       DATA BBS / '\\' /
                  1
Warning: Initialization string at (1) was truncated to fit the variable (1/2)
ar: creating libbhwi04.a
gplcap.f:22:18:

       DATA BBS / '\\' /
                  1
Warning: Initialization string at (1) was truncated to fit the variable (1/2)
ar: creating libbhwi04_dbx.a
moving libbhwi04*.a to /home/wimmer/aleph64bit/Linux/kin
