Splitting brem03_origine.f.
main.f
BLOCKDATA1.f
setmus.f
setup1.f
setup2.f
dilog.f
setup3.f
fspect.f
iis.f
setup4.f
setup5.f
soft.f
setups.f
setupm.f
setupw.f
histo1.f
rn.f
setupb.f
wkcors.f
maset.f
wmaset.f
matelm.f
helamp.f
xsgev.f
d0.f
rho.f
xlmda.f
cdln.f
qdrt.f
sp.f
e2stre.f
s2stre.f
gmstre.f
rhstre.f
mpaare.f
mpzare.f
zwidre.f
b.f
fpln.f
f.f
b0.f
b1.f
b3.f
alfqcd.f
opi33t.f
opi33l.f
opi11t.f
opi11l.f
opiqqp.f
hadrqq.f
rexp.f
hadr3q.f
opi3qp.f
opi3ql.f
gamma3.f
gamma1.f
delq.f
delrho.f
del3.f
del1.f
mpiaap.f
mpizap.f
mpizz.f
mpiww.f
zwidth.f
wwidth.f
e2star.f
gmustr.f
rhostr.f
s2star.f
c2star.f
lutaud.f

F77SPLIT:
  Number of lines of text = 3707
  Number of modules = 72
Splitting brem03.f.
askusi.f
askuse.f
bremlu.f
brinit.f
uscjob.f
wkcors.f

F77SPLIT:
  Number of lines of text = 854
  Number of modules = 6

F77SPLIT:
  Normal end of execution.
histo1.f:6:36:

       DATA REGEL / 30*1H /,BLANK /1H /,STAR /1H*/
                                    1
Warning: Assigning value other than 0 or 1 to LOGICAL has undefined result at (1)
histo1.f:6:24:

       DATA REGEL / 30*1H /,BLANK /1H /,STAR /1H*/
                        1
Warning: Assigning value other than 0 or 1 to LOGICAL has undefined result at (1)
histo1.f:6:47:

       DATA REGEL / 30*1H /,BLANK /1H /,STAR /1H*/
                                               1
Warning: Assigning value other than 0 or 1 to LOGICAL has undefined result at (1)
ar: creating libbrem03.a
histo1.f:6:36:

       DATA REGEL / 30*1H /,BLANK /1H /,STAR /1H*/
                                    1
Warning: Assigning value other than 0 or 1 to LOGICAL has undefined result at (1)
histo1.f:6:24:

       DATA REGEL / 30*1H /,BLANK /1H /,STAR /1H*/
                        1
Warning: Assigning value other than 0 or 1 to LOGICAL has undefined result at (1)
histo1.f:6:47:

       DATA REGEL / 30*1H /,BLANK /1H /,STAR /1H*/
                                               1
Warning: Assigning value other than 0 or 1 to LOGICAL has undefined result at (1)
ar: creating libbrem03_dbx.a
moving libbrem03*.a to /home/wimmer/aleph64bit/Linux/kin
