Splitting cosm01_origine.f.
cosmic.f
cosgin.f
cosgen.f
cosgfi.f
cosipr.f
cdarfx.f
cosang.f
cosina.f
cosdia.f
cosdif.f
cosint.f
coslos.f
fluint.f
funpre.f
funzer.f
funran.f
nran.f
elos.f

F77SPLIT:
  Number of lines of text = 913
  Number of modules = 18
Splitting cosm01.f.
askuse.f
askusi.f
uscjob.f

F77SPLIT:
  Number of lines of text = 231
  Number of modules = 3

F77SPLIT:
  Normal end of execution.
ar: creating libcosm01.a
ar: creating libcosm01_dbx.a
moving libcosm01*.a to /home/wimmer/aleph64bit/Linux/kin
