Splitting dfgt01_origine.f.
ampcxx.f
fulcxd.f
gmz2ff.f
insscn.f
sgcxxf.f
uhqlim.f
inogbs.f
inofsf.f
hgsgbs.f
inohgs.f
fulcxx.f
gtsfms.f
insusy.f
spevnt.f
uhsetf.f
f1f2vd.f
scf1f2.f
f1f2sc.f
funcxd.f
boostx.f
coup1x.f
coup2x.f
coup3x.f
coup4x.f
eaixxx.f
eaoxxx.f
fsixxx.f
fsoxxx.f
fvixxx.f
fvoxxx.f
hioxxx.f
hsssxx.f
hssxxx.f
hvsxxx.f
hvvsxx.f
hvvxxx.f
iosxxx.f
iovxxx.f
ixxxxx.f
j3xxxx.f
jeexxx.f
jioxxx.f
jssxxx.f
jvssxx.f
jvsxxx.f
jvvxxx.f
jw3wxx.f
jwwwxx.f
mom2cx.f
momntx.f
oxxxxx.f
rotxxx.f
ssssxx.f
sssxxx.f
sxxxxx.f
vssxxx.f
vvssxx.f
vvsxxx.f
vvvxxx.f
vxxxxx.f
w3w3xx.f
wwwwxx.f
lnblnk.f
spinit.f
usmass.f
degisr.f
funcxx.f
fvixxc.f
fvoxxc.f
vssxxc.f
iovxxc.f
main.f
swpelm.f
usortd.f
dfgt_in.f
getxph.f
cdotxx.f
conjgx.f
pmirrx.f
psignx.f
psubxx.f
psumxx.f
rdotxx.f
mceevt.f
uhcupl.f
usvckm.f
dfgt_par.f
getxphw.f
hgsmix.f
modgam.f
uhphs2.f
xcmass.f
dfgtbdi.f
gmcxdf.f
zhwmas.f
acc.f
aw.f
awfl.f
awfq.f
e0.f
e1.f
e2.f
e.f
zhprm.f
bases.f
bhinit.f
bhplot.f
bhrset.f
bhsave.f
bschck.f
bsdate.f
bsdims.f
bsetgu.f
bsetgv.f
bsgetw.f
bsgrid.f
bshbok.f
bsinfo.f
bsinit.f
bsintg.f
bslist.f
bsordr.f
bsparm.f
bsprnt.f
bsputw.f
bsread.f
bstcnv.f
bstime.f
bsutim.f
bswrit.f
dhfill.f
dhinit.f
dhplot.f
drn.f
drnset.f
shcler.f
shfill.f
shinit.f
shplot.f
shrset.f
shupdt.f
spchck.f
sphbok.f
sphist.f
spinfo.f
sprgen.f
spring.f
xhchck.f
xhfill.f
xhinit.f
xhordr.f
xhplot.f
xhrnge.f
xhscle.f
uhphs3.f
xnmass.f
dfgtmn.f
gmh2ff.f
idk2pd.f
probeb.f
uhphs3w.f
boost0.f
pmirr0.f
psum00.f
rdot00.f
uabsv3.f
ubtran.f
ucopv3.f
ucross.f
udot3.f
udsrch.f
uncros.f
unrmv3.f
usclm3.f
vdotn.f
date.f
dfgtend.f
dfgtin.f
djacobi.f
uidate.f
usortr.f
uvcopy.f
uvzero.f
gmh2vv.f
inodcy.f
sf2br.f
uhphsn.f
dfgtw.f
gmt2qw.f
inomix.f
sfmass.f
sflmas.f
sfqmas.f
uhq2bw.f
dfgtw_in.f
gmw2ff.f
insmcn.f
sfmmix.f
uhqij3.f
fillhi.f

F77SPLIT:
  Number of lines of text = 18168
  Number of modules = 200
Splitting dfgt01.f.
askusi.f
askuse.f
uscjob.f

F77SPLIT:
  Number of lines of text = 500
  Number of modules = 3

F77SPLIT:
  Normal end of execution.
ar: creating libdfgt01.a
ar: creating libdfgt01_dbx.a
moving libdfgt01*.a to /home/wimmer/aleph64bit/Linux/kin
