Splitting digz01_origine.f.
main.f
start.f
cendec.f
finish.f
BLOCKDATA1.f
mca.f
mcb.f
mcc.f
mcd.f
spinox.f
zz.f
yy.f
group.f
permu.f
change.f
graaf.f
setws.f
choice.f
getrid.f
diam.f
diag2.f
diag4.f
dot.f
rnf100.f
histo1.f
inidat.f
lutaud.f

F77SPLIT:
  Number of lines of text = 5401
  Number of modules = 27
Splitting digz01.f.
askuse.f
askusi.f
digz01.f
uscjob.f
lufill.f
klinbk.f

F77SPLIT:
  Number of lines of text = 925
  Number of modules = 6

F77SPLIT:
  Normal end of execution.
histo1.f:80:29:

       DATA STAR/1H*/,BLANK/1H /
                             1
Warning: Assigning value other than 0 or 1 to LOGICAL has undefined result at (1)
histo1.f:79:30:

       DATA R/80*1H /,LINE/4*1H-,1H+,4*1H-,1HI/
                              1
Warning: Assigning value other than 0 or 1 to LOGICAL has undefined result at (1)
histo1.f:79:34:

       DATA R/80*1H /,LINE/4*1H-,1H+,4*1H-,1HI/
                                  1
Warning: Assigning value other than 0 or 1 to LOGICAL has undefined result at (1)
histo1.f:79:40:

       DATA R/80*1H /,LINE/4*1H-,1H+,4*1H-,1HI/
                                        1
Warning: Assigning value other than 0 or 1 to LOGICAL has undefined result at (1)
histo1.f:79:44:

       DATA R/80*1H /,LINE/4*1H-,1H+,4*1H-,1HI/
                                            1
Warning: Assigning value other than 0 or 1 to LOGICAL has undefined result at (1)
histo1.f:79:18:

       DATA R/80*1H /,LINE/4*1H-,1H+,4*1H-,1HI/
                  1
Warning: Assigning value other than 0 or 1 to LOGICAL has undefined result at (1)
histo1.f:80:18:

       DATA STAR/1H*/,BLANK/1H /
                  1
Warning: Assigning value other than 0 or 1 to LOGICAL has undefined result at (1)
ar: creating libdigz01.a
histo1.f:80:29:

       DATA STAR/1H*/,BLANK/1H /
                             1
Warning: Assigning value other than 0 or 1 to LOGICAL has undefined result at (1)
histo1.f:79:30:

       DATA R/80*1H /,LINE/4*1H-,1H+,4*1H-,1HI/
                              1
Warning: Assigning value other than 0 or 1 to LOGICAL has undefined result at (1)
histo1.f:79:34:

       DATA R/80*1H /,LINE/4*1H-,1H+,4*1H-,1HI/
                                  1
Warning: Assigning value other than 0 or 1 to LOGICAL has undefined result at (1)
histo1.f:79:40:

       DATA R/80*1H /,LINE/4*1H-,1H+,4*1H-,1HI/
                                        1
Warning: Assigning value other than 0 or 1 to LOGICAL has undefined result at (1)
histo1.f:79:44:

       DATA R/80*1H /,LINE/4*1H-,1H+,4*1H-,1HI/
                                            1
Warning: Assigning value other than 0 or 1 to LOGICAL has undefined result at (1)
histo1.f:79:18:

       DATA R/80*1H /,LINE/4*1H-,1H+,4*1H-,1HI/
                  1
Warning: Assigning value other than 0 or 1 to LOGICAL has undefined result at (1)
histo1.f:80:18:

       DATA STAR/1H*/,BLANK/1H /
                  1
Warning: Assigning value other than 0 or 1 to LOGICAL has undefined result at (1)
ar: creating libdigz01_dbx.a
moving libdigz01*.a to /home/wimmer/aleph64bit/Linux/kin
