Splitting dizet605_origine.f.
aa00.f
abend_fr.f
af.f
afin.f
afmt3.f
agin.f
alnfm1.f
alphas.f
alqcd.f
alqcds.f
anfm1n.f
aqcdbk.f
b0.f
bf.f
bfind.f
ca1.f
cf1.f
cl2.f
cli2.f
cli3.f
cli3h.f
cln.f
const1.f
const2.f
crt.f
cv1.f
dalh5.f
dalphl.f
ddilog.f
dgamma.f
dizetver.f
dizet.f
dizet_to_kk.f
drmqcd.f
dzero.f
dzewbi.f
dzewbx.f
dzface_getprm.f
dzface_givizo.f
dzface_initialize.f
dzface_makegsw.f
dzface_qcdtab.f
dzface_tabluj.f
dzface_tablujold.f
ew2ldeltarw.f
ew2ldeltarwos.f
ew2leta.f
ew2letaos.f
ew2ltobf.f
ew2ltobfos.f
ew2ltwodel.f
fbarb.f
fbarbb.f
fc.f
fdsimp.f
fesimp.f
fjj.f
formfn.f
fort_close.f
fort_open.f
fspens.f
fzeta.f
gdeg.f
gdegnl.f
hadr5.f
hadrqq.f
hbar.f
interb.f
j1.f
j3wana.f
kappacur2l.f
kappacur2los.f
kerset.f
ln.f
search.f
fokapp.f
my_dzface_tabluj.f
newdr.f
omega.f
phi.f
pigini.f
prow.f
pvf0g.f
qcdcof.f
qcdcof_stj.f
readatan.f
readatax.f
revf.f
rexp.f
rexpbh.f
rfin.f
rfl.f
rgin.f
rhocc.f
rokanc.f
rokapn.f
rokapp.f
rxqcd.f
rxqcds.f
s12.f
s3wana.f
s4wana.f
setcon.f
simps.f
simpt.f
simpu.f
simpv.f
spence.f
tabini.f
tet.f
trilog.f
ub.f
ug.f
v2b.f
vertzw.f
vtbana.f
xa1b.f
xadrqq.f
xamf.f
xamfef.f
xbox.f
xcdil.f
xcqcds.f
xdi0.f
xdi1.f
xdi3.f
xdl.f
xdpaf.f
xdpafi.f
xdpvf.f
xdpvfi.f
xdpwf.f
xdpwfi.f
xdwb.f
xdwf.f
xdzb.f
xdzf.f
xfin.f
xfl.f
xfotf.f
xfotf1.f
xfotf3.f
xfs1.f
xgin.f
xgs1.f
xi0.f
xi1.f
xi3.f
xj.f
xj2.f
xj3.f
xj4.f
xk3.f
xkaqcd.f
xkmqcd.f
xkqcds.f
xl.f
xpaf.f
xpafi.f
xpig.f
xpvf.f
xpvf0.f
xpvfi.f
xpwf.f
xpwfi.f
xrcqcd.f
xrmqcd.f
xrob.f
xrobw.f
xroqcd.f
xrqcds.f
xspenz.f
xv1b.f
xv2b.f
zalpha.f
zalsfl.f
zrmbmb.f
zrmcin.f
zrmcmc.f
zwrate.f

F77SPLIT:
  Number of lines of text = 12019
  Number of modules = 180

F77SPLIT:
  Normal end of execution.
ffixed-line-length-132 option enabled
ar: creating libdizet605.a
ffixed-line-length-132 option enabled
ar: creating libdizet605_dbx.a
moving libdizet605*.a to /home/wimmer/aleph64bit/Linux/kin
