Splitting dizet_w_origine.f.
maset.f
bornr.f
prmrob.f
dzewzw.f
dzovri.f
dzini.f
czybox.f
qrkfix.f
alfspi.f
borndz.f
boksuj.f
dzbox.f
cint.f
tabluj.f
bornh.f
prmhol.f
holsta.f
dizet.f
dzewbx.f
xj2.f
xj3.f
xj4.f
xbox.f
rokapn.f
formfn.f
xv1b.f
xa1b.f
xrob.f
xv2b.f
xdzb.f
xdl.f
xj.f
xl.f
fjj.f
xi0.f
xi1.f
xi3.f
xdi0.f
xdi1.f
xdi3.f
xdwf.f
xdzf.f
xamf.f
xfotf.f
xfotf1.f
setcon.f
const1.f
const2.f
search.f
xadrqq.f
rexp.f
zwrate.f
rokapp.f
vertzw.f
f1zbt.f
vzbt.f
f1.f
f2.f
prow.f
rxqcds.f
rxqcd.f
alqcds.f
alqcd.f
xkqcds.f
xkaqcd.f
xrqcds.f
xroqcd.f
xpvf0.f
pvf0g.f
xpvfi.f
xpvf.f
xdpvfi.f
xdpvf.f
xpafi.f
xpaf.f
xdpafi.f
xdpaf.f
xpwfi.f
xpwf.f
xfl.f
rfl.f
xgs1.f
xgin.f
rgin.f
agin.f
xfs1.f
xfin.f
rfin.f
afin.f
xspenz.f
xcdil.f
fzeta.f
rokanc.f
simps.f
simpt.f
simpu.f
spence.f
fspens.f
tet.f
alpha5.f
alpha4.f
rhocc.f
xcqcds.f
xrcqcd.f
xdpwf.f
xdpwfi.f
aa00.f
xk3.f
ub.f
bf.f
bfind.f
af.f
xrobw.f
v2b.f
xdwb.f
qcdcof.f
aibk.f
fbarb.f
fbarbb.f

F77SPLIT:
  Number of lines of text = 4961
  Number of modules = 119

F77SPLIT:
  Normal end of execution.
ffixed-line-length-132 option enabled
ar: creating libdizet_w.a
ffixed-line-length-132 option enabled
ar: creating libdizet_w_dbx.a
moving libdizet_w*.a to /home/wimmer/aleph64bit/Linux/kin
