Splitting dizet605_kk4_origine.f.
dzface_initialize.f
dzface_readatax.f
dzface_tabluj.f
dzface_writefile.f
dzface_makegsw.f
dzface_givizo.f
dzface_getprm.f
dzface_makeqcdcor.f
bornv_startew.f
bornv_startdz.f
dizetver.f
dizet.f
dzewbx.f
dzewbi.f
xj2.f
xj3.f
xj4.f
xbox.f
rokapn.f
formfn.f
xv1b.f
xa1b.f
xv2b.f
xdzb.f
xdl.f
xj.f
xl.f
fjj.f
xi0.f
xi1.f
xi3.f
xdi0.f
xdi1.f
xdi3.f
xdwf.f
xdzf.f
xamf.f
xamfef.f
xfotf.f
xfotf1.f
xfotf3.f
setcon.f
const1.f
const2.f
search.f
newdr.f
xadrqq.f
rexp.f
zwrate.f
rokapp.f
fokapp.f
vertzw.f
vtbana.f
prow.f
rokanc.f
j3wana.f
s3wana.f
s4wana.f
rhocc.f
xcqcds.f
xrcqcd.f
xdpwf.f
xdpwfi.f
aa00.f
xk3.f
ub.f
bf.f
bfind.f
af.f
xrobw.f
v2b.f
xdwb.f
fbarb.f
fbarbb.f
qcdcof.f
zrmcin.f
zrmcmc.f
zrmbmb.f
zalpha.f
zalsfl.f
alphas.f
alnfm1.f
anfm1n.f
afmt3.f
dalphl.f
dalh5.f
hadr5.f
fdsimp.f
ddilog.f
trilog.f
s12.f
simps.f
simpt.f
simpu.f
simpv.f
spence.f
fspens.f
tet.f
xspenz.f
xcdil.f
fzeta.f
pigini.f
xpig.f
hadrqq.f
rexpbh.f
fc.f
interb.f
fesimp.f
dzero.f
dgamma.f
abend.f
kerset.f
rxqcds.f
rxqcd.f
alqcds.f
alqcd.f
xkqcds.f
xkaqcd.f
xrqcds.f
xroqcd.f
xpvf0.f
pvf0g.f
xpvfi.f
xpvf.f
xdpvfi.f
xdpvf.f
xpafi.f
xpaf.f
xdpafi.f
xdpaf.f
xpwfi.f
xpwf.f
xfl.f
rfl.f
xgs1.f
xgin.f
rgin.f
agin.f
xfs1.f
xfin.f
rfin.f
afin.f
aqcdbk.f
drmqcd.f
xkmqcd.f
xrmqcd.f
cv1.f
ca1.f
cf1.f
cli2.f
cli3.f
cli3h.f
crt.f
cln.f
gdegnl.f
j1.f
ln.f
revf.f
ug.f
phi.f
gdeg.f
b0.f
omega.f
cl2.f
ew2ldeltarw.f
ew2ltwodel.f
ew2ltobf.f
ew2ltobfos.f
ew2ldeltarwos.f
kappacur2l.f
kappacur2los.f
ew2leta.f
ew2letaos.f
hbar.f

F77SPLIT:
  Number of lines of text = 11326
  Number of modules = 174

F77SPLIT:
  Normal end of execution.
ffixed-line-length-132 option enabled
ar: creating libdizet605_kk4.a
ffixed-line-length-132 option enabled
ar: creating libdizet605_kk4_dbx.a
moving libdizet605_kk4*.a to /home/wimmer/aleph64bit/Linux/kin
