Splitting dymu02_origine.f.
radcor.f
inirun.f
user.f
finish.f
BLOCKDATA1.f
dymus.f
getgam.f
inispr.f
kjb.f
choix.f
omega.f
pvect.f
labo.f
drot.f
rotz.f
dlaure.f
taupol.f
taudec.f
rot.f
laure.f
wght.f
w1.f
w2.f
gfin.f
dfunc.f
inipar.f
inibin.f
exsp.f
exspin.f
rabsp.f
exs.f
rab.f
lutaud.f

F77SPLIT:
  Number of lines of text = 1354
  Number of modules = 33
Splitting dymu02.f.
askusi.f
askuse.f
dymulu.f
dyinit.f
uscjob.f

F77SPLIT:
  Number of lines of text = 790
  Number of modules = 5

F77SPLIT:
  Normal end of execution.
ar: creating libdymu02.a
ar: creating libdymu02_dbx.a
moving libdymu02*.a to /home/wimmer/aleph64bit/Linux/kin
