Splitting eegg01_origine.f.
teeggs.f
rndgen.f
atran7.f
trand.f
teeggx.f
teeggi.f
teeggl.f
teegg7.f
teeggc.f
teeggp.f
teegga.f
t3body.f
t4body.f
fqpeg.f
dmork.f
spence.f
tboort.f
beeggc.f
bcoll.f
beeggm.f
tprd.f
inmart.f
meeggc.f
elemat.f
amtotm.f
amplim.f
spinin.f
zmart.f

F77SPLIT:
  Number of lines of text = 3072
  Number of modules = 28
Splitting eegg01.f.
askusi.f
askuse.f
uscjob.f
rdata.f
eegini.f
eeggen.f
yhinit.f
yhfill.f

F77SPLIT:
  Number of lines of text = 876
  Number of modules = 8

F77SPLIT:
  Normal end of execution.
ar: creating libeegg01.a
ar: creating libeegg01_dbx.a
moving libeegg01*.a to /home/wimmer/aleph64bit/Linux/kin
