Splitting elw201_origine.f.
main.f
start.f
cendtc.f
finish.f
myfins.f
mca.f
mcb.f
mcc.f
mcd.f
spinox.f
zz.f
yy.f
graaf.f
setws.f
group.f
permu.f
change.f
choice.f
getrid.f
diam.f
diag2.f
diag4.f
dot.f
rnf100.f
histo1.f
twornd.f

F77SPLIT:
  Number of lines of text = 5485
  Number of modules = 26
Splitting elw201.f.
askuse.f
askusi.f
elw201.f
uscjob.f
lufill.f
klinbk.f

F77SPLIT:
  Number of lines of text = 1231
  Number of modules = 6

F77SPLIT:
  Normal end of execution.
histo1.f:31:29:

       DATA STAR/1H*/,BLANK/1H /
                             1
Warning: Assigning value other than 0 or 1 to LOGICAL has undefined result at (1)
histo1.f:30:30:

       DATA R/80*1H /,LINE/4*1H-,1H+,4*1H-,1HI/
                              1
Warning: Assigning value other than 0 or 1 to LOGICAL has undefined result at (1)
histo1.f:30:34:

       DATA R/80*1H /,LINE/4*1H-,1H+,4*1H-,1HI/
                                  1
Warning: Assigning value other than 0 or 1 to LOGICAL has undefined result at (1)
histo1.f:30:40:

       DATA R/80*1H /,LINE/4*1H-,1H+,4*1H-,1HI/
                                        1
Warning: Assigning value other than 0 or 1 to LOGICAL has undefined result at (1)
histo1.f:30:44:

       DATA R/80*1H /,LINE/4*1H-,1H+,4*1H-,1HI/
                                            1
Warning: Assigning value other than 0 or 1 to LOGICAL has undefined result at (1)
histo1.f:30:18:

       DATA R/80*1H /,LINE/4*1H-,1H+,4*1H-,1HI/
                  1
Warning: Assigning value other than 0 or 1 to LOGICAL has undefined result at (1)
histo1.f:31:18:

       DATA STAR/1H*/,BLANK/1H /
                  1
Warning: Assigning value other than 0 or 1 to LOGICAL has undefined result at (1)
ar: creating libelw201.a
histo1.f:31:29:

       DATA STAR/1H*/,BLANK/1H /
                             1
Warning: Assigning value other than 0 or 1 to LOGICAL has undefined result at (1)
histo1.f:30:30:

       DATA R/80*1H /,LINE/4*1H-,1H+,4*1H-,1HI/
                              1
Warning: Assigning value other than 0 or 1 to LOGICAL has undefined result at (1)
histo1.f:30:34:

       DATA R/80*1H /,LINE/4*1H-,1H+,4*1H-,1HI/
                                  1
Warning: Assigning value other than 0 or 1 to LOGICAL has undefined result at (1)
histo1.f:30:40:

       DATA R/80*1H /,LINE/4*1H-,1H+,4*1H-,1HI/
                                        1
Warning: Assigning value other than 0 or 1 to LOGICAL has undefined result at (1)
histo1.f:30:44:

       DATA R/80*1H /,LINE/4*1H-,1H+,4*1H-,1HI/
                                            1
Warning: Assigning value other than 0 or 1 to LOGICAL has undefined result at (1)
histo1.f:30:18:

       DATA R/80*1H /,LINE/4*1H-,1H+,4*1H-,1HI/
                  1
Warning: Assigning value other than 0 or 1 to LOGICAL has undefined result at (1)
histo1.f:31:18:

       DATA STAR/1H*/,BLANK/1H /
                  1
Warning: Assigning value other than 0 or 1 to LOGICAL has undefined result at (1)
ar: creating libelw201_dbx.a
moving libelw201*.a to /home/wimmer/aleph64bit/Linux/kin
