Splitting exca01_origine.f.
excdef.f
excini.f
excrun.f
excevt.f
excend.f
swapct.f
exscut.f
excdfs.f
exqcdc.f
excdch.f
excfid.f
excfsr.f
hepcpy.f
hepdel.f
heplst.f
exfrag.f
ipair.f
exchep.f
excflp.f
dcoulm.f
i3body.f
icalc.f
dprd.f
address.f
setpro.f
excmtx.f
nonabamp.f
cren.f
diaga.f
rambo4.f
annih1.f
annih2.f
bremb1.f
bremb2.f
bremf1.f
bremf2.f
bremf3.f
bremf4.f
convr1.f
convr2.f
convr3.f
multi1.f
multi2.f
multi3.f
nonab1.f
nonab2.f
nonab3.f
nonab4.f
dec2f.f
dec2n.f
dec3f.f
dec3n.f
tchan.f
brems.f
phots.f
reson.f
ener.f
peaka.f
rotat.f
boost.f
qvec.f
sqlam.f
tj.f
hj.f
excmom.f
momarray.f
nh.f
exclab.f
cm2.f
excuts.f
excgam.f
flux.f
excran.f
anhgg1.f
nabgg1.f
cver.f
matrix1.f
ca0.f
cb0.f
excrr.f
excrw.f
excr.f
excri.f
excre.f
luflp.f
sjost1.f
sjost2.f
sjost3.f
pywwxx.f
finalg.f
radcor.f
getbet.f
getwei.f
getmat.f
move.f
tecpro.f
turn.f
lorenz.f

F77SPLIT:
  Number of lines of text = 10970
  Number of modules = 98
Splitting exca01.f.
askusi.f
askuse.f
uscjob.f
utopol.f

F77SPLIT:
  Number of lines of text = 879
  Number of modules = 4

F77SPLIT:
  Normal end of execution.
ar: creating libexca01.a
ar: creating libexca01_dbx.a
moving libexca01*.a to /home/wimmer/aleph64bit/Linux/kin
