Splitting fgam01_origine.f.
olmain.f
book.f
analys.f
begin.f
gggg.f
gener.f
pick4.f
lorenz.f
has.f
has2.f
djacob.f
matrix.f
fmat.f
prosca.f
rotx.f
rotz.f
permut.f
rsave.f
rrest.f
wghone.f
cross.f
finish.f
vegas.f

F77SPLIT:
  Number of lines of text = 1361
  Number of modules = 23
Splitting fgam01.f.
askusi.f
askuse.f
uscjob.f

F77SPLIT:
  Number of lines of text = 321
  Number of modules = 3

F77SPLIT:
  Normal end of execution.
ar: creating libfgam01.a
ar: creating libfgam01_dbx.a
moving libfgam01*.a to /home/wimmer/aleph64bit/Linux/kin
