Splitting gbook_k_origine.f.
korl04.f
bukerd.f
ugtsec.f
qqtops.f
koralz.f
inimas.f
inirea.f
inivtx.f
initdk.f
dcdmas.f
lunpik.f
iniphy.f
iniphx.f
borns.f
prmout.f
givizo.f
ztohep.f
eventz.f
spigen.f
waga.f
borny.f
boras.f
bornv.f
tralo4.f
tralor.f
tramlt.f
traloz.f
traloo.f
trasng.f
transf.f
trasno.f
traloi.f
tralof.f
eventm.f
altpar.f
funska.f
bonma0.f
bonma1.f
weight.f
sangle.f
skonty.f
bdress.f
funtih.f
funtis.f
bgam2.f
bzed1.f
fiu.f
cprz0m.f
cpram.f
pedypr.f
mulvx.f
mulsk.f
mulsk3.f
rrr6.f
angpho.f
rrr7.f
giqsu.f
dumpz4.f
dumpz8.f
dumpl9.f
dumpl8.f
vesk8a.f
desk8a.f
sp.f
dli2.f
cdln.f
evente.f
model.f
monif.f
monin.f
dumpbt.f
ntest0.f
ntest1.f
ntest2.f
gifyfs.f
ncrude.f
ndist0.f
ndist1.f
fdist1.f
gsfin1.f
ndist2.f
hsofa2.f
gsofa2.f
fdist2.f
gsfin2.f
nfdist.f
bvirt0.f
bvirt1.f
bvirf1.f
gsofa1.f
sfach0.f
gthet0.f
gthet1.f
gthet3.f
tralqq.f
reduz0.f
reduz1.f
reduz2.f
bremkf.f
vvdisb.f
vvrho.f
brefkf.f
uudisb.f
uurho.f
expand.f
mergif.f
filexp.f
karlud.f
rhosko.f
yfsgen.f
resolh.f
bremul.f
kinekr.f
karfin.f
piatek.f
wform.f
mbref.f
kinf1.f
roteul.f
gibea.f
kinf2.f
poissg.f
angbre.f
dumps.f
dumpf.f
dumpi.f
dumpn.f
chbin3.f
chbin1.f
vesk1w.f
desk1w.f
vesk2w.f
vinskw.f
divskw.f
gausjd.f
wmonit.f
wmoni2.f
gaus.f
dilogy.f
dpgamm.f
marran.f
carran.f
ecuran.f
varran.f
bostdq.f
bostd1.f
dumpt.f
choice.f
formom.f
form1.f
form2.f
form3.f
form4.f
form5.f
bwigm.f
fpikm.f
fpikmd.f
curr.f
wigfor.f
jaker.f
dekay.f
dekay1.f
dekay2.f
dexay.f
dexay1.f
dexel.f
dexmu.f
dadmel.f
dadmmu.f
dphsel.f
dphsmu.f
drcmu.f
dampry.f
sqm2.f
thb.f
dexpi.f
dadmpi.f
dexro.f
dadmro.f
dphsro.f
dexaa.f
dadmaa.f
dphsaa.f
dexkk.f
dadmkk.f
dexks.f
dadmks.f
dphsks.f
dphnpi.f
sigee.f
sigold.f
dphspk.f
dphtre.f
dampaa.f
gfun.f
bwigs.f
bwig.f
fpik.f
fpirho.f
clvec.f
claxi.f
clnut.f
dampog.f
damppk.f
prod5.f
dexnew.f
dadnew.f
dph4pi.f
dam4pi.f
dph5pi.f
dphsrk.f
fpirk.f
fpikmk.f
reslu.f
dwrph.f
dwluph.f
dwluel.f
dwlumu.f
dwlupi.f
dwluro.f
dwluaa.f
dwlukk.f
dwluks.f
dwlnew.f
filhep.f
amast.f
amas4.f
angxy.f
angfi.f
rotod1.f
rotod2.f
rotod3.f
bostr3.f
bostd3.f
rotor1.f
rotor2.f
rotor3.f
spherd.f
rotpox.f
sphera.f
rotpol.f
gmonit.f
ginit.f
gi.f
gie.f
gf1.f
gfill.f
gbook1.f
gexist.f
goptou.f
gidopt.f
gbfun1.f
gbook2.f
gistdo.f
goutpu.f
gprint.f
gopera.f
ginbo1.f
gunpak.f
gpak.f
gpake.f
grang1.f
ginbo2.f
gmaxim.f
gminim.f
greset.f
gdelet.f
glimit.f
copch.f
jadres.f
grfile.f
grout.f
grin.f
grend.f
gplint.f
gplcap.f
gplend.f
gplot.f
lfram1.f
saxix.f
saxiy.f
plhist.f
plhis2.f
plcirc.f
aprof.f
gplset.f
gpltit.f

F77SPLIT:
  Number of lines of text = 17364
  Number of modules = 287

F77SPLIT:
  Normal end of execution.
gplcap.f:13:18:

       DATA BBS / '\\' /
                  1
Warning: Initialization string at (1) was truncated to fit the variable (1/2)
ar: creating libgbook_k.a
gplcap.f:13:18:

       DATA BBS / '\\' /
                  1
Warning: Initialization string at (1) was truncated to fit the variable (1/2)
ar: creating libgbook_k_dbx.a
moving libgbook_k*.a to /home/wimmer/aleph64bit/Linux/kin
