Splitting gggb01_origine.f.
gggmain.f
cut.f
cutsgl.f
drn.f
event.f
evgenh.f
exact.f
finish.f
g.f
gencos.f
mixup.f
proxim.f
start.f
test.f
vect4.f
weiz.f
yc.f
yk.f

F77SPLIT:
  Number of lines of text = 790
  Number of modules = 18
Splitting gggb01.f.
askusi.f
askuse.f
uscjob.f
gggb01.f
ugtsec.f

F77SPLIT:
  Number of lines of text = 450
  Number of modules = 5

F77SPLIT:
  Normal end of execution.
ar: creating libgggb01.a
ar: creating libgggb01_dbx.a
moving libgggb01*.a to /home/wimmer/aleph64bit/Linux/kin
