Splitting ggmj01_origine.f.
bases.f
bsordr.f
bsprnt.f
bslist.f
bsgdef.f
bsinit.f
bsmain.f
batime.f
bstime.f
bsusri.f
arnset.f
drnset.f
arn.f
drn.f
spring.f
spterm.f
bhinit.f
bhplot.f
bhrset.f
bhsave.f
dhfill.f
dhinit.f
dhplot.f
shcler.f
shplot.f
shrset.f
shupdt.f
xhchck.f
xhfill.f
xhgrid.f
xhinit.f
xhordr.f
xhplot.f
xhrnge.f
xhsave.f
xhscle.f
bsread.f
bswrit.f
mcgrbl.f
mcgwbl.f
fncmnj.f
userin.f
usrout.f
mnjcrs.f
mnjgam.f
mnjprb.f
phlac.f
phlac1.f
phlac2.f
phlac3.f
phfint.f
pystga.f
ubstbk.f
uconj4.f
usclm3.f
ubstfd.f
udot4.f
phogs2.f
setgs3.f
xcor.f
fint.f

F77SPLIT:
  Number of lines of text = 9496
  Number of modules = 61
Splitting ggmj01.f.
askuse.f
askusi.f
kparti.f
ggmjrn.f
uscjob.f
amcsel.f
rnset.f
getmap.f
spevnt.f
mnjmpl.f
mnjhad.f
uvzero.f
mjluel.f
spinit.f

F77SPLIT:
  Number of lines of text = 1952
  Number of modules = 14

F77SPLIT:
  Normal end of execution.
ar: creating libggmj01.a
ar: creating libggmj01_dbx.a
moving libggmj01*.a to /home/wimmer/aleph64bit/Linux/kin
