Splitting grace200_origine.f.
a1g1.f
a1g2.f
a1g3.f
a1g4.f
a1g5.f
a1g6.f
a1g7.f
a1g8.f
a1g9.f
a1g10.f
a1g11.f
a1g12.f
a1g13.f
a1g14.f
a1g15.f
a1g16.f
a1g17.f
a1g18.f
a1g19.f
a1g20.f
a1g21.f
a1g22.f
a1g23.f
a1g24.f
a1g25.f
a1g26.f
a1g27.f
a1g28.f
a1g29.f
a1g30.f
a1g31.f
a1g32.f
a1g33.f
a1g34.f
a1g35.f
a1g36.f
a1g37.f
a1g38.f
a1g39.f
a1g40.f
a1g41.f
a1g42.f
a1g43.f
a1g44.f
a1g45.f
a1g46.f
a1g47.f
a1g48.f
a1g49.f
a1g50.f
a1g51.f
a1g52.f
a1g53.f
a1g54.f
a1g55.f
a1g56.f
a2g1.f
a2g2.f
a2g3.f
a2g4.f
a2g5.f
a2g6.f
a2g7.f
a2g8.f
a2g9.f
a2g10.f
a2g11.f
a2g12.f
a2g13.f
a2g14.f
a2g15.f
a2g16.f
a2g17.f
a2g18.f
a2g19.f
a2g20.f
a2g21.f
a2g22.f
a3g1.f
a3g2.f
a3g3.f
a3g4.f
a3g5.f
a3g6.f
a3g7.f
a3g8.f
a3g9.f
a3g10.f
a3g11.f
a3g12.f
a3g13.f
a3g14.f
a3g15.f
a3g16.f
a3g17.f
a3g18.f
a3g19.f
a3g20.f
a3g21.f
a3g22.f
a4g1.f
a4g2.f
a4g3.f
a4g4.f
a4g5.f
a4g6.f
a4g7.f
a4g8.f
a4g9.f
a4g10.f
a4g11.f
a4g12.f
a4g13.f
a4g14.f
a4g15.f
a4g16.f
a4g17.f
a4g18.f
a4g19.f
a4g20.f
a4g21.f
a4g22.f
a4g23.f
a4g24.f
a4g25.f
a4g26.f
a4g27.f
a4g28.f
a4g29.f
a4g30.f
a4g31.f
a4g32.f
a5g1.f
a5g2.f
a5g3.f
a5g4.f
a5g5.f
a5g6.f
a5g7.f
a5g8.f
a5g9.f
a5g10.f
a5g11.f
a5g12.f
a5g13.f
a5g14.f
a5g15.f
a5g16.f
a5g17.f
a5g18.f
a5g19.f
a5g20.f
a5g21.f
a5g22.f
a5g23.f
a5g24.f
a5g25.f
a5g26.f
a5g27.f
a5g28.f
a5g29.f
a5g30.f
a5g31.f
a5g32.f
a6g1.f
a6g2.f
a6g3.f
a6g4.f
a6g5.f
a6g6.f
a6g7.f
a6g8.f
a6g9.f
a6g10.f
a6g11.f
a6g12.f
a6g13.f
a6g14.f
a6g15.f
a6g16.f
a6g17.f
a6g18.f
a6g19.f
a6g20.f
a6g21.f
a25g1.f
a25g2.f
a25g3.f
a25g4.f
a25g5.f
a25g6.f
a25g7.f
a25g8.f
a25g9.f
a25g10.f
a25g11.f
a25g12.f
a25g13.f
a25g14.f
a25g15.f
a25g16.f
a25g17.f
a25g18.f
a25g19.f
a25g20.f
a25g21.f
a25g22.f
a25g23.f
a25g24.f
a26g1.f
a26g2.f
a26g3.f
a26g4.f
a26g5.f
a26g6.f
a26g7.f
a26g8.f
a26g9.f
a26g10.f
a26g11.f
a26g12.f
a26g13.f
a26g14.f
a26g15.f
a26g16.f
a26g17.f
a26g18.f
a26g19.f
a26g20.f
a26g21.f
a26g22.f
a26g23.f
a26g24.f
a27g1.f
a27g2.f
a27g3.f
a27g4.f
a27g5.f
a27g6.f
a27g7.f
a27g8.f
a27g9.f
a27g10.f
a27g11.f
a27g12.f
a27g13.f
a27g14.f
a27g15.f
a27g16.f
a27g17.f
a27g18.f
a27g19.f
a27g20.f
a27g21.f
a27g22.f
a27g23.f
a28g1.f
a28g2.f
a28g3.f
a28g4.f
a28g5.f
a28g6.f
a28g7.f
a28g8.f
a28g9.f
a28g10.f
a28g11.f
a28g12.f
a28g13.f
a28g14.f
a28g15.f
a28g16.f
a28g17.f
a28g18.f
a28g19.f
a28g20.f
a28g21.f
a28g22.f
a28g23.f
a29g1.f
a29g2.f
a29g3.f
a29g4.f
a29g5.f
a29g6.f
a29g7.f
a29g8.f
a29g9.f
a29g10.f
a29g11.f
a29g12.f
a29g13.f
a29g14.f
a29g15.f
a29g16.f
a29g17.f
a29g18.f
a29g19.f
a29g20.f
a29g21.f
a29g22.f
a29g23.f
a30g1.f
a30g2.f
a30g3.f
a30g4.f
a30g5.f
a30g6.f
a30g7.f
a30g8.f
a30g9.f
a30g10.f
a30g11.f
a30g12.f
a30g13.f
a30g14.f
a30g15.f
a30g16.f
a30g17.f
a30g18.f
a30g19.f
a30g20.f
a30g21.f
a30g22.f
a30g23.f
a61g1.f
a61g2.f
a61g3.f
a61g4.f
a61g5.f
a61g6.f
a61g7.f
a61g8.f
a61g9.f
a61g10.f
a61g11.f
a61g12.f
a61g13.f
a61g14.f
a61g15.f
a61g16.f
a61g17.f
a61g18.f
a61g19.f
a61g20.f
a61g21.f
a61g22.f
a61g23.f
a61g24.f
a61g25.f
a61g26.f
a61g27.f
a61g28.f
a61g29.f
a61g30.f
a61g31.f
a61g32.f
a61g33.f
a61g34.f
a61g35.f
a61g36.f
a61g37.f
a61g38.f
a61g39.f
a61g40.f
a61g41.f
a61g42.f
a61g43.f
a61g44.f
a61g45.f
a61g46.f
a61g47.f
a61g48.f
a61g49.f
a61g50.f
a61g51.f
a61g52.f
a61g53.f
a61g54.f
a61g55.f
a61g56.f
a61g57.f
a61g58.f
a61g59.f
a61g60.f
a61g61.f
a61g62.f
a61g63.f
a61g64.f
a61g65.f
a61g66.f
a61g67.f
a61g68.f
a61g69.f
a61g70.f
a61g71.f
a61g72.f
a61g73.f
a61g74.f
a61g75.f
a61g76.f
a61g77.f
a62g1.f
a62g2.f
a62g3.f
a62g4.f
a62g5.f
a62g6.f
a62g7.f
a62g8.f
a62g9.f
a62g10.f
a62g11.f
a62g12.f
a62g13.f
a62g14.f
a62g15.f
a62g16.f
a62g17.f
a62g18.f
a62g19.f
a62g20.f
a62g21.f
a62g22.f
a62g23.f
a62g24.f
a62g25.f
a62g26.f
a62g27.f
a62g28.f
a62g29.f
a62g30.f
a62g31.f
a62g32.f
a62g33.f
a62g34.f
a62g35.f
a62g36.f
a62g37.f
a62g38.f
a62g39.f
a62g40.f
a62g41.f
a62g42.f
a62g43.f
a62g44.f
a62g45.f
a62g46.f
a62g47.f
a62g48.f
a62g49.f
a62g50.f
a62g51.f
a62g52.f
a62g53.f
a62g54.f
a62g55.f
a62g56.f
a62g57.f
a62g58.f
a62g59.f
a62g60.f
a62g61.f
a62g62.f
a62g63.f
a62g64.f
a62g65.f
a62g66.f
a62g67.f
a62g68.f
a62g69.f
a62g70.f
a62g71.f
a62g72.f
a62g73.f
a62g74.f
a62g75.f
a62g76.f
a62g77.f
a63g1.f
a63g2.f
a63g3.f
a63g4.f
a63g5.f
a63g6.f
a63g7.f
a63g8.f
a63g9.f
a63g10.f
a63g11.f
a63g12.f
a63g13.f
a63g14.f
a63g15.f
a63g16.f
a63g17.f
a63g18.f
a63g19.f
a63g20.f
a63g21.f
a63g22.f
a63g23.f
a63g24.f
a63g25.f
fnc1.f
fnc2.f
fnc3.f
fnc4.f
fnc5.f
fnc6.f
fnc25.f
fnc26.f
fnc27.f
fnc28.f
fnc29.f
fnc30.f
fnc61.f
fnc62.f
fnc63.f
ampt1.f
ampt2.f
ampt3.f
ampt4.f
ampt5.f
ampt6.f
ampt25.f
ampt26.f
ampt27.f
ampt28.f
ampt29.f
ampt30.f
ampt61.f
ampt62.f
ampt63.f
procdb.f
func.f
ampord.f
ampsum.f
kinmdb.f
sminit.f
smconf.f
smconv.f
smcons.f
smffv.f
smffs.f
smvvv.f
smsvv.f
smssv.f
smsss.f
smvvvv.f
smssvv.f
smssss.f
smextv.f
smintv.f
smintf.f
smintp.f
smintt.f
smextf.f
smggg.f
smgggg.f
smprpd.f
pol.f
spltq.f
phaseq.f
ffvmm1.f
ffvmm2.f
ffvmm3.f
ffvmm4.f
ffvmm5.f
ffvmm6.f
ffvmm7.f
ffvmm8.f
ffvmm9.f
splt.f
vvv.f
vvvv.f
vvs.f
ssv.f
pola.f
ffs0.f
ffs.f
smvww.f
wwva.f
wwvva.f
polp.f
smcpol.f

F77SPLIT:
  Number of lines of text = 155933
  Number of modules = 586

F77SPLIT:
  Normal end of execution.
ar: creating libgrace200.a
ar: creating libgrace200_dbx.a
moving libgrace200*.a to /home/wimmer/aleph64bit/Linux/kin
