Splitting hrwg09_origine.f.
decadd.f
eudini.f
fragmt.f
hvcbvi.f
hvhbvi.f
hwbazf.f
hwbcon.f
hwbran.f
hwbspn.f
hwbsu1.f
hwbsu2.f
hwbsud.f
hwbsul.f
hwbtim.f
hwccut.f
hwcfor.f
hwdhgf.f
hwdhig.f
hwdpwt.f
hwdthr.f
hwdtwo.f
hwdwwt.f
hwefin.f
hwegam.f
hwhbsg.f
hwhdis.f
hwhew1.f
hwhew2.f
hwhew3.f
hwhew4.f
hwhew5.f
hwheww.f
hwhiga.f
hwhigb.f
hwhigj.f
hwhigw.f
hwhigz.f
hwhppe.f
hwhw1j.f
hwmult.f
hwrexp.f
hwrexq.f
hwrext.f
hwrgau.f
hwrgen.f
hwrint.f
hwrlog.f
hwrpow.f
hwruni.f
hwsbrn.f
hwsdgq.f
hwsfbr.f
hwsgen.f
hwsgqq.f
hwsspc.f
hwstab.f
hwsval.f
hwuaer.f
hwualf.f
hwubpr.f
hwubst.f
hwucff.f
hwuci2.f
hwudat.f
hwuecm.f
hwuedt.f
hwueec.f
hwufne.f
hwuli2.f
hwulob.f
hwulof.f
hwulor.f
hwumas.f
hwupcm.f
hwurap.f
hwures.f
hwurob.f
hwurof.f
hwurot.f
hwusor.f
hwusta.f
hwutim.f
hwvdif.f
hwvdot.f
hwvequ.f
hwvsca.f
hwvsum.f
hwvzro.f
hwwarn.f
ieupdg.f
ipdgeu.f
iwcomp.f
pdfset.f
qqinit.f
qqlmat.f
structm.f

F77SPLIT:
  Number of lines of text = 15670
  Number of modules = 96
Splitting hrwg09.f.
askusi.f
askuse.f
uscjob.f
ustart.f
kxheto.f
kxheal.f
uhrbk.f
uhrfi.f
hwidy3.f
dymuin.f
dytohw.f
hwaend.f
xksect.f
uskrin.f

F77SPLIT:
  Number of lines of text = 3091
  Number of modules = 14

F77SPLIT:
  Normal end of execution.
ar: creating libhrwg09.a
moving hwudat.o to /home/wimmer/aleph64bit/Linux/kin/hwudat09.o
ar: creating libhrwg09_dbx.a
moving libhrwg09*.a to /home/wimmer/aleph64bit/Linux/kin
