Splitting hrwg12_origine.f.
decadd.f
eudini.f
fragmt.f
hvcbvi.f
hvhbvi.f
hwbazf.f
hwbcon.f
hwbfin.f
hwbran.f
hwbrc2.f
hwbspa.f
hwbspn.f
hwbsu1.f
hwbsu2.f
hwbsud.f
hwbsul.f
hwbtim.f
hwcbct.f
hwccut.f
hwcfor.f
hwdcle.f
hwdhgf.f
hwdhig.f
hwdrm3.f
hwdrm4.f
hwdrm5.f
hwdpwt.f
hwdthr.f
hwdtwo.f
hwdwwt.f
hwdxlm.f
hwegam.f
hwh2qh.f
hwh2vh.f
hwh4jt.f
hwhbgf.f
hwhbsg.f
hwhdis.f
hwhew1.f
hwhew2.f
hwhew3.f
hwhew4.f
hwhew5.f
hwheww.f
hwhiga.f
hwhigb.f
hwhigh.f
hwhigj.f
hwhigz.f
hwhppe.f
hwhqpm.f
hwhrbb.f
hwhss1.f
hwhssg.f
hwhssq.f
hwhv1j.f
hwissp.f
hwmodk.f
hwmult.f
hwrexp.f
hwrexq.f
hwrext.f
hwrgau.f
hwrgen.f
hwrgeno.f
hwrint.f
hwrlog.f
hwrpip.f
hwrpow.f
hwruni.f
hwsbrn.f
hwsdgq.f
hwsfbr.f
hwsgen.f
hwsgqq.f
hwsspc.f
hwstab.f
hwsval.f
hwuaer.f
hwualf.f
hwuant.f
hwuats.f
hwubpr.f
hwubst.f
hwucff.f
hwuci2.f
hwudat.f
hwudkl.f
hwudks.f
hwudpr.f
hwuecm.f
hwuedt.f
hwueec.f
hwufne.f
hwuldo.f
hwulf4.f
hwuli2.f
hwulob.f
hwulof.f
hwulor.f
hwumas.f
hwumbw.f
hwunst.f
hwupcm.f
hwurap.f
hwumpo.f
hwumpp.f
hwures.f
hwurof.f
hwurot.f
hwusor.f
hwusta.f
hwutim.f
hwvdif.f
hwvdot.f
hwvequ.f
hwvsca.f
hwvsum.f
hwvzri.f
hwvzro.f
hwwarn.f
ieupdg.f
ipdgeu.f
pdfdum.f
qqinit.f
qqlmat.f
structx.f
sasgam.f
sasvmd.f
sasano.f
sasbeh.f
sasdir.f

F77SPLIT:
  Number of lines of text = 35883
  Number of modules = 132
Splitting hrwg12.f.
askusi.f
askuse.f
uscjob.f
ustart.f
kxheal.f
uhrbk.f
uhrfi.f
hwidy3.f
dymuin.f
dytohw.f
hwaend.f
xksect.f
uskrin.f
amcsel.f
ugtsec.f

F77SPLIT:
  Number of lines of text = 5644
  Number of modules = 15

F77SPLIT:
  Normal end of execution.
ar: creating libhrwg12.a
moving hwudat.o to /home/wimmer/aleph64bit/Linux/kin/hwudat12.o
ar: creating libhrwg12_dbx.a
moving libhrwg12*.a to /home/wimmer/aleph64bit/Linux/kin
