Splitting hrwg10_origine.f.
decadd.f
eudini.f
fragmt.f
hvcbvi.f
hvhbvi.f
hwbazf.f
hwbcon.f
hwbran.f
hwbspn.f
hwbsu1.f
hwbsu2.f
hwbsud.f
hwbsul.f
hwbtim.f
hwccut.f
hwcfor.f
hwdcle.f
hwdhgf.f
hwdhig.f
hwdpwt.f
hwdthr.f
hwdtwo.f
hwdwwt.f
hwdxlm.f
hwegam.f
hwhbsg.f
hwhdis.f
hwhew1.f
hwhew2.f
hwhew3.f
hwhew4.f
hwhew5.f
hwheww.f
hwhiga.f
hwhigb.f
hwhigj.f
hwhigw.f
hwhigz.f
hwhppe.f
hwhrem.f
hwhv1j.f
hwmevt.f
hwmodk.f
hwmult.f
hwrexp.f
hwrexq.f
hwrext.f
hwrgau.f
hwrgen.f
hwrint.f
hwrlog.f
hwrpip.f
hwrpow.f
hwruni.f
hwsbrn.f
hwsdgq.f
hwsfbr.f
hwsgen.f
hwsgqq.f
hwsspc.f
hwstab.f
hwsval.f
hwuaer.f
hwualf.f
hwuant.f
hwubpr.f
hwubst.f
hwucff.f
hwuci2.f
hwudat.f
hwudkl.f
hwudks.f
ohwudks.f
hwudpr.f
hwuecm.f
hwuedt.f
hwueec.f
hwufne.f
hwuldo.f
hwulf4.f
hwuli2.f
hwulob.f
hwulof.f
hwulor.f
hwumas.f
hwupcm.f
hwurap.f
hwures.f
hwurof.f
hwurot.f
hwusor.f
hwusta.f
hwutim.f
hwvdif.f
hwvdot.f
hwvequ.f
hwvsca.f
hwvsum.f
hwvzro.f
hwwarn.f
ieupdg.f
ipdgeu.f
pdfdum.f
qqinit.f
qqlmat.f
structx.f
sasgam.f
sasvmd.f
sasano.f
sasbeh.f
sasdir.f

F77SPLIT:
  Number of lines of text = 21736
  Number of modules = 111
Splitting hrwg10.f.
askusi.f
askuse.f
uscjob.f
ustart.f
kxheal.f
uhrbk.f
uhrfi.f
hwidy3.f
dymuin.f
dytohw.f
hwaend.f
xksect.f
uskrin.f
amcsel.f
ugtsec.f

F77SPLIT:
  Number of lines of text = 5104
  Number of modules = 15

F77SPLIT:
  Normal end of execution.
ar: creating libhrwg10.a
moving hwudat.o to /home/wimmer/aleph64bit/Linux/kin/hwudat10.o
ar: creating libhrwg10_dbx.a
moving libhrwg10*.a to /home/wimmer/aleph64bit/Linux/kin
