Splitting hvfl05.f.
ariain.f
askuse.f
askusi.f
cpdecl.f
decsta.f
dsmall.f
dymuin.f
filbok.f
hepfil.f
heplis.f
himax.f
iniari.f
inibcdk.f
inibok.f
iniddc.f
inidec.f
inidy3.f
inilam.f
inilun.f
inimix.f
inipho.f
iniprj.f
inisem.f
inisin.f
initodk.f
inivbu.f
kbcp.f
kbosci.f
kb7mix.f
kfmibk.f
kxlupj.f
kxl7fl.f
kxl7mi.f
lugene.f
luiflv.f
lujfil.f
lukfdi.f
lulamb.f
lunddc.f
lundec.f
lunmix.f
lunpho.f
lunsem.f
lutodk.f
lunvbu.f
luzeta.f
midecl.f
phocal.f
qqtops.f
sigene.f
ugtsec.f
uscjob.f
xdzero.f
xhmoins.f
xhplus.f
xhzero.f

F77SPLIT:
  Number of lines of text = 6495
  Number of modules = 56

F77SPLIT:
  Normal end of execution.
ar: creating libhvfl05.a
ar: creating libhvfl05_dbx.a
moving libhvfl05*.a to /home/wimmer/aleph64bit/Linux/kin
