Splitting hzha03.f.
askuse.f
askusi.f
uscjob.f
ugtsec.f
addglu.f
anomal.f
brelec.f
brnunu.f
brwipj.f
brwisi.f
brwwzz.f
bwgene.f
chaneucp.f
chargi.f
chicha.f
chidec.f
chideca.f
chipho.f
chizst.f
combra.f
crocom.f
decchi.f
dilokp.f
dsigklei.f
dsigma.f
dsigwwh.f
f0.f
f1.f
f12.f
ffff.f
fi.f
fi2.f
filujt.f
fintcar.f
fintsub.f
fintan.f
fj.f
fk.f
fsub2.f
fsub1.f
fsub.f
fsubcha.f
fsubgz.f
fsubint3.f
fsubint2.f
fsubint1.f
fsubwz2.f
fsubwz1.f
fsubzst.f
ftau.f
fvonz.f
gcaren.f
gf1.f
gf2.f
gf3.f
gfunc.f
gfuncar.f
gsub3.f
gsub2.f
gsub1.f
gtau.f
gzi1.f
gzi2.f
hmsusy.f
cpeven.f
delhm.f
delud.f
hlambg.f
ff.f
ffd.f
fg.f
fh.f
bp.f
fp.f
hp.f
fp1.f
fp2.f
fp3.f
hp2.f
hp3.f
alfs.f
tmassr.f
higgs3.f
hgamma.f
hhdecay.f
hhfini.f
hhinit.f
hhlu1.f
hhlujt.f
hzha.f
lorenz.f
neutra.f
parcou.f
phspgz.f
pick4.f
pole.f
prosca.f
radcor.f
remt1.f
rghm.f
rndm2.f
runalf.f
runmas.f
scalar.f
setdef.f
shiggs.f
sigintf.f
sigklei.f
sigmawwh.f
sigma1.f
sigma2.f
sigma3.f
sigma4.f
sigma5.f
sigma6.f
sigma7.f
sigma8.f
sigma9.f
sigma10.f
sigmat.f
squarks.f
strange.f
tcaren.f
usrdef.f
vac.f
weakcor.f
wzdecy.f
zcaren.f
zdecay.f
alphas.f
alsini.f
getckm.f
gethud.f
hcbrat.f
hcconv.f
hccubr.f
hcdecc.f
hcdecy.f
hcfilh.f
hch_ekelbounds.f
hch_getibound.f
hcps3.f
hcrndm.f
hcsetj.f
hhudme.f
hhudwd.f
hhudwdx1.f
hhudwdx2.f
hudwdt.f
phase2.f
ramini.f
rqmass.f
runm.f
sighhc.f
xiter.f

F77SPLIT:
  Number of lines of text = 15888
  Number of modules = 155

F77SPLIT:
  Normal end of execution.
ar: creating libhzha03.a
ar: creating libhzha03_dbx.a
moving libhzha03*.a to /home/wimmer/aleph64bit/Linux/kin
