Splitting jetset74_origine.f.
lu1ent.f
lu2ent.f
lu3ent.f
lu4ent.f
lujoin.f
lugive.f
luexec.f
luprep.f
lustrf.f
luindf.f
ludecy.f
lukfdi.f
luptdi.f
luzdis.f
lushow.f
luboei.f
ulmass.f
luname.f
luchge.f
lucomp.f
luerrm.f
ulalem.f
ulalps.f
ulangl.f
rlu.f
rluget.f
rluset.f
lurobo.f
luedit.f
lulist.f
lulogo.f
luupda.f
klu.f
plu.f
lusphe.f
luthru.f
luclus.f
lucell.f
lujmas.f
lufowo.f
lutabu.f
lueevt.f
luxtot.f
luradk.f
luxkfl.f
luxjet.f
lux3jt.f
lux4jt.f
luxdif.f
luonia.f
luhepc.f
lutest.f
ludata.f
lutaud.f

F77SPLIT:
  Number of lines of text = 11674
  Number of modules = 54

F77SPLIT:
  Normal end of execution.
ar: creating libjetset74.a
moving ludata.o to /home/wimmer/aleph64bit/Linux/kin/ludata74.o
ar: creating libjetset74_dbx.a
moving libjetset74*.a to /home/wimmer/aleph64bit/Linux/kin
