Splitting kk2f02_origine.f.
kk2f_default.f
bornv_initialize.f
bornv_rebin1.f
bornv_rebin1a.f
bornv_rebin2.f
bornv_rebin2a.f
bornv_rhofoamc.f
bornv_rhofoamb.f
bornv_rhofoama.f
bornv_rhovesko1.f
bornv_makegami.f
bornv_makeisr.f
bornv_makerho.f
bornv_crude.f
bornv_differential.f
bornv_simple.f
bornv_integrated.f
bornv_dizet.f
bornv_interpogsw.f
bornv_givizo.f
bornv_sig0nb.f
bornv_getparticle.f
bornv_getisgenerated.f
bornv_setkf.f
bornv_getmass.f
bornv_getauxpar.f
bornv_getcharge.f
bornv_getcolor.f
bornv_setkeyqcd.f
bornv_getkeyqcd.f
bornv_setkeyelw.f
bornv_getkeyelw.f
bornv_getkeyzet.f
bornv_setkeyzet.f
bornv_setcmsene.f
bornv_setmz.f
bornv_getmz.f
bornv_getgammz.f
bornv_getgmu.f
bornv_getswsq.f
bornv_getalfinv.f
bornv_getavmult.f
bornv_getyfskon.f
bornv_getyfs_ir.f
bornv_getvv.f
bornv_getvxx.f
bornv_getgsw.f
bornv_setgsw.f
bornv_getqcdcor2.f
bornv_getqcdcorr.f
bornv_getqcdcor.f
bornv_setqcdcor.f
vesk1_initialize.f
vesk1_divide.f
vesk1_make.f
vesk1_finalize.f
bstra_initialize.f
bstra_make.f
bstra_getxcrude.f
bstra_finalize.f
bstra_getxgridb.f
bstra_getintegmc.f
bstra_getavewt.f
irc_circe.f
irc_circes.f
irc_circel.f
irc_circee.f
irc_circeg.f
irc_circgg.f
irc_girce.f
irc_gircee.f
irc_girceg.f
irc_gircgg.f
irc_girceb.f
irc_circem.f
irc_getparamee.f
mbra_initialize.f
mbra_addbranch.f
mbra_getkflist.f
mbra_getwmlist.f
mbra_setxslist.f
mbra_genkf.f
mbra_getkf.f
mbra_fill.f
mbra_getxcrude.f
mbra_mgetave.f
mbra_print0.f
mbra_print1.f
mbra_stoper.f
mbrb_initialize.f
mbrb_addbranch.f
mbrb_getkflist.f
mbrb_getwmlist.f
mbrb_setxslist.f
mbrb_genkf.f
mbrb_getkf.f
mbrb_fill.f
mbrb_getxcrude.f
mbrb_mgetave.f
mbrb_print0.f
mbrb_print1.f
mbrb_stoper.f
mbrb_wtlimit.f
vegasa_initialize.f
vegasa_grouping.f
vegasa_make.f
vegasa_dump.f
vegasa_restore.f
vegasa_pregenerate.f
vegasa_generate.f
vegasa_stop1.f
vegasa_setall.f
vegasa_setndim.f
vegasa_setprilev.f
vegasa_setnbinreq.f
vegasa_setncall.f
vegasa_setitermax.f
vegasa_setaccur.f
vegasa_setlimits.f
vegasa_getlimits.f
vegasa_getintegral.f
vegasa_getchi2per.f
vegasa_getintcrude.f
vegasa_getmcvector.f
vegasa_getmcwt.f
vegasa_finalize.f
vegasb_initialize.f
vegasb_grouping.f
vegasb_make.f
vegasb_dump.f
vegasb_restore.f
vegasb_pregenerate.f
vegasb_generate.f
vegasb_stop1.f
vegasb_setall.f
vegasb_setndim.f
vegasb_setprilev.f
vegasb_setnbinreq.f
vegasb_setncall.f
vegasb_setitermax.f
vegasb_setaccur.f
vegasb_setlimits.f
vegasb_getlimits.f
vegasb_getintegral.f
vegasb_getchi2per.f
vegasb_getintcrude.f
vegasb_getmcvector.f
vegasb_getmcwt.f
vegasb_finalize.f
vegasc_initialize.f
vegasc_grouping.f
vegasc_make.f
vegasc_dump.f
vegasc_restore.f
vegasc_pregenerate.f
vegasc_generate.f
vegasc_stop1.f
vegasc_setall.f
vegasc_setndim.f
vegasc_setprilev.f
vegasc_setnbinreq.f
vegasc_setncall.f
vegasc_setitermax.f
vegasc_setaccur.f
vegasc_setlimits.f
vegasc_getlimits.f
vegasc_getintegral.f
vegasc_getchi2per.f
vegasc_getintcrude.f
vegasc_getmcvector.f
vegasc_getmcwt.f
vegasc_finalize.f
foama_preinitialize.f
foama_initialize.f
foama_initvertices.f
foama_initcells.f
foama_defnewcell.f
foama_defcell.f
foama_explore.f
foama_randiscr.f
foama_makelambda.f
foama_determinant.f
foama_det2lapl.f
foama_det3lapl.f
foama_det4lapl.f
foama_det5lapl.f
foama_grow.f
foama_peekmax.f
foama_peek.f
foama_divide.f
foama_collapse.f
foama_makeevent.f
foama_getmcvector.f
foama_getmcwt.f
foama_mcgenerate.f
foama_finalize.f
foama_getintegral.f
foama_getcrude.f
foama_setndim.f
foama_getndim.f
foama_setnbuf.f
foama_setiterat.f
foama_setout.f
foama_setchat.f
foama_setnsampl.f
foama_setoptcrude.f
foama_setoptbeta.f
foama_setoptpeek.f
foama_setoptedge.f
foama_setkillfac.f
foama_check.f
foama_actupda.f
foama_bufprint.f
foama_bufactprint.f
foama_vertprint.f
foama_pltbegin.f
foama_pltvert.f
foama_pltcell.f
foama_pltend.f
foamb_preinitialize.f
foamb_initialize.f
foamb_initvertices.f
foamb_initcells.f
foamb_defnewcell.f
foamb_defcell.f
foamb_explore.f
foamb_randiscr.f
foamb_makelambda.f
foamb_determinant.f
foamb_det2lapl.f
foamb_det3lapl.f
foamb_det4lapl.f
foamb_det5lapl.f
foamb_grow.f
foamb_peekmax.f
foamb_peek.f
foamb_divide.f
foamb_collapse.f
foamb_makeevent.f
foamb_getmcvector.f
foamb_getmcwt.f
foamb_mcgenerate.f
foamb_finalize.f
foamb_getintegral.f
foamb_getcrude.f
foamb_setndim.f
foamb_getndim.f
foamb_setnbuf.f
foamb_setiterat.f
foamb_setout.f
foamb_setchat.f
foamb_setnsampl.f
foamb_setoptcrude.f
foamb_setoptbeta.f
foamb_setoptpeek.f
foamb_setoptedge.f
foamb_setkillfac.f
foamb_check.f
foamb_actupda.f
foamb_bufprint.f
foamb_bufactprint.f
foamb_vertprint.f
foamb_pltbegin.f
foamb_pltvert.f
foamb_pltcell.f
foamb_pltend.f
foamc_preinitialize.f
foamc_initialize.f
foamc_initvertices.f
foamc_initcells.f
foamc_defnewcell.f
foamc_defcell.f
foamc_explore.f
foamc_randiscr.f
foamc_makelambda.f
foamc_determinant.f
foamc_det2lapl.f
foamc_det3lapl.f
foamc_det4lapl.f
foamc_det5lapl.f
foamc_grow.f
foamc_peekmax.f
foamc_peek.f
foamc_divide.f
foamc_collapse.f
foamc_makeevent.f
foamc_getmcvector.f
foamc_getmcwt.f
foamc_mcgenerate.f
foamc_finalize.f
foamc_getintegral.f
foamc_getcrude.f
foamc_setndim.f
foamc_getndim.f
foamc_setnbuf.f
foamc_setiterat.f
foamc_setout.f
foamc_setchat.f
foamc_setnsampl.f
foamc_setoptcrude.f
foamc_setoptbeta.f
foamc_setoptpeek.f
foamc_setoptedge.f
foamc_setkillfac.f
foamc_check.f
foamc_actupda.f
foamc_bufprint.f
foamc_bufactprint.f
foamc_vertprint.f
foamc_pltbegin.f
foamc_pltvert.f
foamc_pltcell.f
foamc_pltend.f
glk_initialize.f
glk_flush.f
glk_exist.f
glk_setbin.f
glk_seterr.f
glk_getbin.f
glk_geterr.f
glk_hi.f
glk_hie.f
glk_fil1.f
glk_fil1diff.f
glk_fil2.f
glk_book1.f
glk_retu1.f
glk_stop1.f
glk_optout.f
glk_idopt.f
glk_bookfun1.f
glk_bookfun1i.f
glk_bookfun1s.f
glk_gauss.f
glk_book2.f
glk_printall.f
glk_listprint.f
glk_print.f
glk_operat.f
glk_hinbo1.f
glk_unpak.f
glk_pak.f
glk_pake.f
glk_range1.f
glk_hinbo2.f
glk_ymaxim.f
glk_yminim.f
glk_reset.f
glk_delet.f
glk_copch.f
glk_jadre2.f
glk_hadres.f
glk_readfile.f
glk_writefile.f
glk_hrfile.f
glk_hrout.f
glk_hrin.f
glk_hrin2.f
glk_hrend.f
glk_plinitialize.f
glk_plend.f
glk_plint.f
glk_plcap.f
glk_plot.f
glk_plfram1.f
glk_saxisx.f
glk_saxisy.f
glk_plhist.f
glk_plhis2.f
glk_plcirc.f
glk_aprof.f
glk_pltitle.f
glk_plcapt.f
glk_pllabel.f
glk_plot2.f
glk_plframe.f
glk_axisx.f
glk_axisy.f
glk_plkont.f
glk_plmark.f
glk_pltable.f
glk_pltable2.f
glk_wtmon.f
glk_cumhis.f
glk_renhst.f
glk_mbook.f
glk_mfill.f
glk_mgetall.f
glk_mgetntot.f
glk_mgetave.f
glk_mprint.f
glk_clone1.f
glk_ymimax.f
glk_plset.f
glk_setnout.f
glk_getymin.f
glk_getymax.f
glk_setymin.f
glk_setymax.f
glk_getyminymax.f
glk_setyminymax.f
glk_copyymin.f
glk_copyymax.f
glk_setcolor.f
glk_settabran.f
glk_settablab.f
glk_getnb.f
mathlib_gausjad.f
mathlib_gauss.f
mathlib_dilogy.f
mathlib_dpgamm.f
mathlib_gaus8.f
mathlib_gaus16.f
bvr_makef2pair.f
bvr_f2pairs.f
bvr_f2pairt.f
bvr_makevini.f
bvr_makevfin.f
bvr_makef1ini.f
bvr_makef1fin.f
bvr_cnua.f
bvr_rboxgg.f
bvr_cboxgg.f
bvr_cboxgz.f
bvr_intreson.f
bvr_intir.f
bvr_sforfac.f
bvr_tforfac.f
bvr_sbvirt.f
bvr_tbvirt.f
bvr_tbvirt2.f
bvr_tbvirtexact.f
bvr_btilda.f
bvr_btildc.f
bvr_a.f
bvr_a4sng.f
bvr_a4.f
bvr_yijeta.f
bvr_btilde.f
bvr_wform.f
bvr_dilog.f
bvr_spence.f
bvr_cdln.f
gps_initialize.f
gps_make.f
gps_makerho.f
gps_makerho2.f
gps_bornplus.f
gps_born.f
gps_ewffact.f
gps_hiniplus.f
gps_hfinplus.f
gps_hffplus.f
gps_hiiplus.f
gps_hifplus.f
gps_phelstart.f
gps_phelplus.f
gps_phelrandom.f
gps_partitionstart.f
gps_partitionplus.f
gps_bornzero.f
gps_borncopy.f
gps_bornsumsq.f
gps_tralorprepare.f
gps_gps.f
gps_tralordoit.f
gps_tralorundo.f
gps_trajacobwick.f
gps_rmatmake.f
gps_rmatmake2.f
gps_rmatmult.f
gps_hini.f
gps_hfin.f
gps_makeborn.f
gps_makeborn2.f
gps_makeborn1.f
gps_bornsimple.f
gps_makeu.f
gps_makev.f
gps_makeub.f
gps_makevb.f
gps_matru.f
gps_matrv.f
gps_matrub.f
gps_matrvb.f
gps_makeue.f
gps_makeve.f
gps_times.f
gps_multie.f
gps_sof1.f
gps_sof1b.f
gps_soft.f
gps_bfact.f
gps_softb.f
gps_bfacb.f
gps_iprod1.f
gps_iprod2.f
gps_xiprod.f
gps_bornprint.f
gps_bprint.f
gps_rmatprint.f
gps_uprint.f
gps_amp1print.f
gps_getxi.f
gps_setkeyarb.f
gps_getkeyarb.f
gps_setb1.f
gps_setb2.f
gps_setb3.f
gps_getrmat.f
gps_getdebg.f
gps_setdebg.f
gps_zerowtset.f
gps_getwtset.f
gps_setkeyint.f
gps_setpolbeams.f
gps_sethvectors.f
gps_getpolbeams.f
gps_gethvectors.f
hepevt_fill.f
hepevt_hadronize.f
amarset.f
hepevt_fil1.f
hepevt_luhepc.f
sjhepevt_luhepc.f
hepevt_getkffin.f
hepevt_getbeams.f
hepevt_getparticle.f
hepevt_getffins.f
hepevt_getnphot.f
hepevt_getphotall.f
hepevt_getphotini.f
hepevt_getphotfin.f
hepevt_getphotbst.f
kk2f_readatax.f
kk2f_initialize.f
kk2f_wignerini.f
kk2f_make.f
kk2f_zboostall.f
kk2f_finalize.f
kk2f_dsigoverdtau.f
kk2f_merge.f
kk2f_makephelrand.f
kk2f_print.f
kk2f_print1.f
kk2f_getoney.f
kk2f_setoney.f
kk2f_getwt.f
kk2f_getwtcrud.f
kk2f_getwtall.f
kk2f_getwtlist.f
kk2f_getphoton1.f
kk2f_getphotall.f
kk2f_getnphot.f
kk2f_getisr.f
kk2f_getphel.f
kk2f_getisbeampolarized.f
kk2f_getborncru.f
kk2f_getkeyisr.f
kk2f_getkeyfsr.f
kk2f_getkeyint.f
kk2f_getkeygps.f
kk2f_getkeywgt.f
kk2f_getkfini.f
kk2f_getidyfs.f
kk2f_getbeams.f
kk2f_getfermions.f
kk2f_getvcut.f
kk2f_getcmsene.f
kk2f_getemin.f
kk2f_getmasphot.f
kk2f_getxenph.f
kk2f_getpolbeam1.f
kk2f_getpolbeam2.f
kk2f_getxsecmc.f
kk2f_getversion.f
kk2f_getdate.f
karfin_initialize.f
karfin_finalize.f
karfin_make.f
karfin_yfsfin.f
karfin_piatek.f
karfin_poissgen.f
karfin_angbre.f
karfin_kinf1.f
karfin_bosteul.f
karfin_zboostall.f
karfin_getisfsr.f
karfin_getkeypia.f
karfin_getnphot.f
karfin_getphoton1.f
karfin_getsudakov1.f
karfin_getsudakov.f
karfin_getphotons.f
karfin_getfermions.f
karfin_getsvarq.f
karfin_getyfskon.f
karfin_getyfs_ir.f
karfin_wtmass.f
karfin_print.f
karlud_initialize.f
karlud_smearbeams.f
karlud_make.f
karlud_finalize.f
karlud_yfsini.f
karlud_angbre.f
karlud_poissgen.f
karlud_zboostall.f
karlud_getxxxene.f
karlud_getexe.f
karlud_getvvmax.f
karlud_getvvxx.f
karlud_getsudakov1.f
karlud_getnphot.f
karlud_getkffin.f
karlud_getsudakov.f
karlud_getphoton1.f
karlud_getphotons.f
karlud_getbeams.f
karlud_getbeasts.f
karlud_getpx.f
karlud_wtmass.f
karlud_print.f
karlud_print1.f
kinlib_thetad.f
kinlib_svarthet.f
kinlib_thetar.f
kinlib_phspc2.f
kinlib_givpair.f
kinlib_defpair.f
kinlib_roteul.f
kinlib_roteulinv.f
kinlib_roteuler.f
kinlib_roteulerinv.f
kinlib_bostq.f
kinlib_defbostqq.f
kinlib_bostqq.f
kinlib_defrotor.f
kinlib_rotor.f
kinlib_defboost.f
kinlib_boost.f
kinlib_rottranspose.f
kinlib_lorcopy.f
kinlib_rotcolumn.f
kinlib_lormult.f
kinlib_vectrasform.f
kinlib_angphi.f
kinlib_vecprint.f
kinlib_lorprint.f
pseumar_initialize.f
pseumar_makevec.f
pseumar_out.f
opseumar_initialize.f
opseumar_makevec.f
opseumar_out.f
qed3_initialize.f
qed3_make.f
qed3_bvirt0.f
qed3_disr1.f
qed3_disr2.f
qed3_disr3.f
qed3_dfsr1.f
qed3_dfsr2.f
qed3_wtprint.f
qed3_getwtset.f
qed3_getdig1.f
fort_open.f
fort_close.f
readatax.f
readatan.f
inietc.f
initdk.f
iniphy.f
inimas.f
choice.f
dcdmas.f
lunpik.f
taurdf.f
taupair_initialize.f
taupair_finalize.f
taupair_make1.f
taupair_imprintspin.f
taupair_make2.f
taupair_clone.f
tralo4.f
filhep.f
taupair_setkeyclone.f
taupair_getisinitialized.f
taupair_gethvectors.f
yfsini2_initialize.f
yfsini2_make.f
yfsini2_angbre.f
yfsini2_angbre2.f
yfsini2_poissgen.f

F77SPLIT:
  Number of lines of text = 31493
  Number of modules = 694
Splitting kk2f02.f.
askuse.f
askusi.f
uscjob.f
kkwgt.f
ugtsec.f
fillhis.f
makhisto.f

F77SPLIT:
  Number of lines of text = 1149
  Number of modules = 7

F77SPLIT:
  Normal end of execution.
ffixed-line-length-132 option enabled
ar: creating libkk2f02.a
ffixed-line-length-132 option enabled
ar: creating libkk2f02_dbx.a
moving libkk2f02*.a to /home/wimmer/aleph64bit/Linux/kin
