Splitting korb01_origine.f.
koralb.f
kincop.f
tralo4.f
dumpb4.f
koral.f
amplit.f
znew.f
spin1.f
starb.f
setcup.f
piret.f
eventb.f
brmbox.f
tralor.f
winth.f
finisb.f
xkdef.f
rrgen.f
dilog.f
rnf100.f
rdummy.f
rndmd.f
rndmdum.f
dumpz4.f
jaker.f
dekay.f
dekay1.f
dekay2.f
dexay.f
dexay1.f
dexel.f
dadmel.f
dphsel.f
sphera.f
dexmu.f
dadmmu.f
dphsmu.f
dexpi.f
dadmpi.f
dexro.f
dadmro.f
dphsro.f
dexaa.f
gfun.f
bwigs.f
bwig.f
fpik.f
fpirho.f
dadmaa.f
rotpol.f
dphsaa.f
dampaa.f
clvec.f
claxi.f
clnut.f
dexkk.f
dadmkk.f
dexks.f
dadmks.f
dphsks.f
dexnpi.f
dadnpi.f
dphnpi.f
sigee.f
tlureb.f
dwluel.f
dwlumu.f
dwlupi.f
dwluro.f
dwluaa.f
dwlukk.f
dwluks.f
dwlnpi.f
lefill.f
amast.f
amas4.f
angxy.f
angfi.f
rotod1.f
rotod2.f
rotod3.f
bostr3.f
bostd3.f
rotor1.f
rotor2.f
rotor3.f
ronmar.f
inimas.f
initdk.f
spin.f
lutaud.f

F77SPLIT:
  Number of lines of text = 5539
  Number of modules = 91
Splitting korb01.f.
askusi.f
askuse.f
uscjob.f
korb01.f
bukerd.f

F77SPLIT:
  Number of lines of text = 946
  Number of modules = 5

F77SPLIT:
  Normal end of execution.
ar: creating libkorb01.a
ar: creating libkorb01_dbx.a
moving libkorb01*.a to /home/wimmer/aleph64bit/Linux/kin
