Splitting krlw01_origine.f.
ginit.f
gflush.f
gexist.f
gi.f
gie.f
gf1.f
gfill.f
gbook1.f
gstop1.f
goptou.f
gidopt.f
gbfun1.f
gbfun2.f
gbook2.f
gistdo.f
goutpu.f
gprint.f
gopera.f
ginbo1.f
gunpak.f
gpak.f
gpake.f
grang1.f
ginbo2.f
gmaxim.f
gminim.f
greset.f
gdelet.f
glimit.f
copch.f
jadre2.f
jadres.f
grfile.f
grout.f
grin.f
grin2.f
grend.f
gplint.f
gplcap.f
gplend.f
gplot.f
lfram1.f
saxix.f
saxiy.f
plhist.f
plhis2.f
plcirc.f
aprof.f
gplset.f
gpltit.f
gpltab.f
gmonit.f
chbin3.f
chbin1.f
vesk1w.f
desk1w.f
vesk2w.f
vinskw.f
divskw.f
gausjd.f
wmonit.f
wmoni2.f
gaus.f
dgadap.f
dilogx.f
dilogy.f
dpgamm.f
marran.f
carran.f
ecuran.f
varran.f
bostd1.f
bxstd3.f
rxtod1.f
rxtod2.f
rxtod3.f
angfix.f
dumpt.f
tohep.f
tohad.f
inietc.f
koralw.f
karlud.f
resms2.f
cosdec.f
cospro.f
excal.f
bwign.f
bornsc.f
bnorl2.f
bornex.f
filexp.f
gifyfs.f
rhosko.f
yfsgen.f
resolh.f
bremul.f
poissg.f
angbre.f
bremkf.f
vvdisb.f
vvrho.f
decay.f
icwdec.f
kineww.f
boostv.f
rotatv.f
angle.f
dmas2.f
dot.f
dumps.f
moms.f
dumpw.f
dumpl.f
dumpb.f
wwborn.f
wwprod.f
prodm.f
polvec.f
fkz3.f
wdecay.f
sfunhz.f
betax.f
korwan.f
xsmuta.f
d1muta.f
d2muta.f
xsbrem.f
yfspho.f

F77SPLIT:
  Number of lines of text = 8391
  Number of modules = 129
Splitting krlw01.f.
askusi.f
askuse.f
uscjob.f

F77SPLIT:
  Number of lines of text = 503
  Number of modules = 3

F77SPLIT:
  Normal end of execution.
gplcap.f:14:18:

       DATA BBS / '\\' /
                  1
Warning: Initialization string at (1) was truncated to fit the variable (1/2)
ar: creating libkrlw01.a
gplcap.f:14:18:

       DATA BBS / '\\' /
                  1
Warning: Initialization string at (1) was truncated to fit the variable (1/2)
ar: creating libkrlw01_dbx.a
moving libkrlw01*.a to /home/wimmer/aleph64bit/Linux/kin
