Splitting krlw02_origine.f.
ampini.f
amp4f.f
spdetx.f
ampdummy.f
sm_koralw.f
gr_init.f
gr_rinit.f
rusrprm.f
amparm.f
selgrf.f
usrprm.f
ginit.f
gflush.f
gexist.f
gi.f
gie.f
gf1.f
gfill.f
gbook1.f
gstop1.f
goptou.f
gidopt.f
gbfun1.f
gbfun2.f
gbook2.f
gistdo.f
goutpu.f
gprint.f
gopera.f
ginbo1.f
gunpak.f
gpak.f
gpake.f
grang1.f
ginbo2.f
gmaxim.f
gminim.f
greset.f
gdelet.f
glimit.f
copch.f
jadre2.f
jadres.f
grfile.f
grout.f
grin.f
grin2.f
grend.f
gplint.f
gplcap.f
gplend.f
gplot.f
lfram1.f
saxix.f
saxiy.f
plhist.f
plhis2.f
plcirc.f
aprof.f
gplset.f
gpltit.f
gpltab.f
gmonit.f
chbin3.f
chbin1.f
vesk1w.f
desk1w.f
vesk2w.f
vinskw.f
divskw.f
gausjd.f
wmonit.f
wmoni2.f
gaus.f
gaus2.f
gaus3.f
dgadap.f
dgada2.f
dgada3.f
dilogx.f
dilogy.f
dpgamm.f
marran.f
carran.f
ecuran.f
varran.f
bostd1.f
bxstd3.f
rxtod1.f
rxtod2.f
rxtod3.f
angfix.f
dumpt.f
ampinw.f
ampext.f
elmatr.f
masow.f
kwpar2.f
tohep.f
tohad.f
amarset.f
inietc.f
koralw.f
karlud.f
resms2.f
res2gn.f
res3gn.f
cosdec.f
cosdec_t.f
cosdec_xt.f
cospro.f
cosprozz.f
dd2.f
resspec.f
bornsc.f
bnorl2.f
bornex.f
filexp.f
gifyfs.f
rhosko.f
yfsgen.f
resolh.f
bremul.f
poissg.f
angbre.f
bremkf.f
vvdisb.f
vvrho.f
decay.f
icwdec.f
kinold.f
kinorder.f
qadra.f
brancher.f
placer.f
spacevol.f
invx.f
invkintt.f
invkin.f
kinett.f
kineww.f
boostv.f
rotatv.f
angle.f
dmas2.f
dot.f
dumps.f
moms.f
dumpw.f
dumpl.f
dumpb.f
wwborn.f
wwprod.f
prodm.f
polvec.f
fkz3.f
wdecay.f
sfunhz.f
wwamgc.f
setacc_unused.f
wwvgcc.f
epsabc.f
culmc.f
coulombcorrection.f
betax.f
e1wan.f
s1wan.f
testna.f
testpod.f
s1s2wan.f
korwan.f
vvyfs.f
xsmuta.f
f2muta.f
f1muta.f
d1muta.f
d2muta.f
xsbrem.f
yfspho.f
culsan2.f
culsan.f
culsan_no_screening.f
mavrg.f
mloss.f
vxyfs.f
tralo4.f

F77SPLIT:
  Number of lines of text = 14396
  Number of modules = 186
Splitting krlw02.f.
askusi.f
kxlupr.f
askuse.f
uscjob.f
selecto.f
ugtsec.f
kw4fbk.f

F77SPLIT:
  Number of lines of text = 1904
  Number of modules = 7

F77SPLIT:
  Normal end of execution.
gplcap.f:14:18:

       DATA BBS / '\\' /
                  1
Warning: Initialization string at (1) was truncated to fit the variable (1/2)
ar: creating libkrlw02.a
gplcap.f:14:18:

       DATA BBS / '\\' /
                  1
Warning: Initialization string at (1) was truncated to fit the variable (1/2)
ar: creating libkrlw02_dbx.a
moving libkrlw02*.a to /home/wimmer/aleph64bit/Linux/kin
