Splitting krlw03_origine.f.
ampinw.f
ampext.f
elmatrunsd.f
masow.f
kwpar2.f
tohep.f
anti_swapper.f
tohad.f
waga_ckm.f
inietc.f
tralo4.f
choice.f
iniphx.f
initdk.f
dcdmas.f
lunpik.f
inimas.f
g_init.f
gflush.f
gexist.f
gi.f
gie.f
gf1.f
gf1diff.f
gfill.f
gbook1.f
gstop1.f
goptou.f
gidopt.f
gbfun1.f
gbfun2.f
gbook2.f
gistdo.f
goutpu.f
gprint.f
gopera.f
ginbo1.f
gunpak.f
gpak.f
gpake.f
grang1.f
ginbo2.f
gmaxim.f
gminim.f
gmimax.f
greset.f
gdelet.f
glimit.f
copch.f
jadre2.f
jadres.f
grfile.f
grout.f
grin.f
grin2.f
grend.f
gplint.f
gplcap.f
gplend.f
gplot.f
lfram1.f
saxix.f
saxiy.f
plhist.f
plhis2.f
plcirc.f
aprof.f
gplset.f
gpltit.f
gplcapt.f
gplabel.f
gplot2.f
lframe.f
axisx.f
axisy.f
plkont.f
plmark.f
gpltab.f
gpltab2.f
gmonit.f
gplotls.f
lfram1ls.f
saxiyls.f
plhistls.f
plhis2ls.f
gplot2ls.f
lframels.f
plmarkls.f
chbin3.f
chbin1.f
vesk1w.f
desk1w.f
vesk2w.f
vinskw.f
divskw.f
gausjd.f
wmonit.f
wmoni2.f
gaus.f
gaus2.f
gaus3.f
dgadap.f
dgada2.f
dgada3.f
dilogx.f
dilogy.f
dpgamm.f
marran.f
carran.f
ecuran.f
varran.f
bostdq.f
bostd1.f
bxstd3.f
rxtod1.f
rxtod2.f
rxtod3.f
angfix.f
dumpt.f
kw_initialize.f
kw_initialize_params.f
kw_initialize_routines.f
kw_make.f
kw_finalize.f
kw_model_4f.f
kw_beta_tests.f
kw_f4_tests.f
kw_naive_qcd.f
kw_readmask.f
kw_readatax.f
kw_vecprint.f
kw_getwtmain.f
kw_getwtall.f
kw_getmomdec.f
kw_getbeams.f
kw_getphotall.f
kw_getnevmc.f
kw_getxsecnr.f
kw_getxsecmc.f
kw_getxpar.f
kw_getiflav.f
check_endofrun.f
set_endofrun.f
decay.f
get_decay_prob.f
get_total_crude.f
make_decay.f
pdg_to_linear_label.f
linear_to_pdg_label.f
linear_to_wz_label.f
umask_init.f
decay_prob_init.f
give_phot_spec_crud.f
decay_monit.f
store_label.f
pdg_to_wzm.f
iczy_z.f
iczy_w.f
dumps.f
moms.f
dumpw.f
dumpl.f
dumpb_unused.f
karlud.f
reader_wt.f
writer_wt.f
reader_4v.f
kwswapper.f
writer_4v.f
from_cms_eff.f
selecto.f
selstfac.f
qadra.f
cleanup.f
yfs_tests.f
boostv.f
rotatv.f
angle.f
dmas2.f
dot.f
dd2.f
invkin.f
kineww.f
res2gn.f
cospro.f
cosdec.f
invkintt.f
cosprozz.f
kinett.f
cosdec_t_mm.f
cosdec_xt.f
res3gn_mm.f
model_4f.f
beta_tests.f
f4_tests.f
naive_qcd.f
mm_brancher.f
mm_brancher_ww.f
mm_brancher_zz.f
mm_permut_tab.f
ifliper.f
mm_permut.f
reader.f
writer.f
wlambda.f
set_eff_beams.f
set_param.f
flip_flop.f
kinga_2serl.f
norm_2parl.f
norm_2ser.f
kinga_2serl_2.f
kinga_2parl.f
mass_1_gen.f
mass_2parl_gen.f
mass_2serl_gen_1.f
mass_2serl_gen_2.f
mass_2serl_gen.f
kin_step.f
kin_dec.f
cosdec_br.f
make_phsp_point.f
get_phsp_weight.f
perm_em.f
pres_monit.f
mm_dumper.f
ww_dumper.f
set_param_ww.f
set_param_zz.f
mm_spacegen.f
make_phsp_point_mz.f
get_phsp_weight_mz.f
phot_spec_crud.f
tot_born_crud.f
resspec.f
bornscrud.f
open_data.f
close_data.f
gifyfs.f
rhosko.f
yfsgen.f
resolh.f
bremul.f
poissg.f
angbre.f
bremkf.f
vvdisb.f
vvrho.f
brancher.f
kinchce.f
spaceold.f
res3gn.f
invx.f
rkinbre.f
kinbre.f
rkint.f
kint.f
rotpod.f
cosdecc.f
cosdec_t.f
zz_dumper.f
zz_dumper_short.f
z_counter.f
make_phsp_point_z.f
get_phsp_weight_z.f
spacegen.f
wwpro_costhe.f
wwborn_massless.f
wwprod.f
prodm.f
polvec.f
fkz3.f
wdecay.f
sfunhz.f
wwamgc.f
wwvgcc.f
epsabc.f
setacc_unused.f
kinold_unused.f
bornex.f
bornkd_unused.f
wwborn.f
culmc.f
coulombcorrection.f
eexx_wt_cor.f
tracor.f
sfacor.f
getp4m.f
getpho.f
wt_cor_ir.f
wt_anal.f
wttch_phi_a.f
wttch_phi.f
wttch_t_a.f
wttch_t.f
wttch_the.f
wttch_p.f
vacpol.f
repil.f
repi95.f
repi.f
hadr5.f
betar.f
d_isr1.f
d_isr2.f
d_isr3.f
betax.f
cthwan.f
e1wan.f
s1wan.f
testna.f
testpod.f
s1s2wan.f
korwan.f
set_ini_par.f
get_ini_par.f
vvyfs.f
xsmuta.f
f2muta.f
f1muta.f
d1muta.f
d2muta.f
wprocth.f
xsbrem.f
yfspho.f
culsan2.f
culsan.f
culsan_no_screening.f
mavrg.f
mloss.f
vxyfs.f
dgada4.f
ampini.f
amp4f.f
spdetx.f
amparm.f
gr_init.f
gr_rinit.f
rusrprm.f
selgrf.f
sm_koralw.f
usrprm.f
decay_monit_av.f

F77SPLIT:
  Number of lines of text = 33318
  Number of modules = 343
Splitting krlw03.f.
askusi.f
askuse.f
uscjob.f
ugtsec.f
seluser.f
user_selecto.f
koralwini_defaults.f
koralwini_user.f
koralwini_check.f
krlw03ini_user.f
krlw03ini_jetset.f
krlw03ini_kandy.f
krlw03ini_tauola.f
kkwgt.f
krlw03_bookhis.f
krlw03_fillhis.f
kw4fbk.f
qnorm.f
writer_xpar.f
ww_swapper.f
wworzz.f
ispairaz.f
ispairaw.f
kandypost.f
xsecmon.f

F77SPLIT:
  Number of lines of text = 5046
  Number of modules = 25

F77SPLIT:
  Normal end of execution.
gplcap.f:22:18:

       DATA BBS / '\\' /
                  1
Warning: Initialization string at (1) was truncated to fit the variable (1/2)
ar: creating libkrlw03.a
gplcap.f:22:18:

       DATA BBS / '\\' /
                  1
Warning: Initialization string at (1) was truncated to fit the variable (1/2)
ar: creating libkrlw03_dbx.a
moving libkrlw03*.a to /home/wimmer/aleph64bit/Linux/kin
