Splitting lpww02_origine.f.
lepwwd.f
lpwwin.f
lepwwg.f
lpwwf.f
rndm8.f
ebloss.f
derati.f
boost.f
boost0.f
choose.f
flavs.f
ijscod.f
ijsinv.f
iklcod.f
wzcros.f
bornox.f
koppel.f
bacus.f
grtyp1.f
grtyp2.f
approx.f
twores.f
coulmb.f
bwmodf.f
wws.f
zzs.f
xm.f
reduc.f
heavy.f
wwhisi.f
wwhisa.f
wwhisf.f

F77SPLIT:
  Number of lines of text = 4719
  Number of modules = 32
Splitting lpww02.f.
askusi.f
askuse.f
uscjob.f
uskrin.f
xksect.f

F77SPLIT:
  Number of lines of text = 477
  Number of modules = 5

F77SPLIT:
  Normal end of execution.
ar: creating liblpww02.a
ar: creating liblpww02_dbx.a
moving liblpww02*.a to /home/wimmer/aleph64bit/Linux/kin
