Splitting mssm02_origine.f.
mssmsusy.f
smgut.f
td.f
gaugino.f
gaug_nmssm.f
baer.f
leplim.f
sbrdec.f
brdec.f
brodec1.f
brodec2.f
brodec3.f
brdec1.f
brdec2.f
brdec3.f
wiconst.f
ssprt.f
sstot.f
ssmass.f
ssnorm.f
photi.f
genpho.f
chargi.f
genchar.f
gensel.f
genselr.f
genselrs.f
gensmu.f
gensmus.f
alfas.f
alfaem.f
gensnue.f
gensnu.f
ampl.f
radfun.f
smbod2.f
absalom.f
rotsusy.f
boostsusy.f
sdecay2.f
xlamda.f
trasqu.f
trasla.f
ssdint.f
spectr.f
remt1.f
sigma.f
sxwrlu.f
ff1.f
ff2.f
ff3.f
ff4.f
ff5.f
ff6.f
ff7.f
inbook.f
vegas.f
gveg.f
dummyss.f
sucalc.f
sucal.f
dummyss2.f
ntonph.f
radmatel.f
aii.f
aji.f
ai2i.f
aki.f
ntoxh.f
subh.f
pinterf.f
sigha.f

F77SPLIT:
  Number of lines of text = 11096
  Number of modules = 72
Splitting mssm02.f.
askuse.f
askusi.f
ugtsec.f
interf.f
sfermion.f
sucard.f
sumssm.f
supart.f
suprnt.f
susana.f
susetm.f
sutabl.f
uscjob.f
luname.f
ssid.f
mssm_gene.f
branch.f
wsc.f
newsum.f
susygdat.f
smbod3.f
decabr.f
user.f
luinsert.f
connect2.f
connect3.f
lukill.f
asquark.f
findqurk.f
squdecay.f
diquark.f
ludelete.f
suseve.f
sfrag_init.f
sfrag_main.f
squark_frag.f
delsquad.f
addsqdec.f
rparbranch.f
rparprint.f
rparinit.f
clqdfm1.f
clqdfm2.f
clqdfm3.f
clqdfm4.f
cllefm1.f
cllefm2.f
lspdot.f
lspfm1.f
lspfm2.f
lspfm3.f
lspfm4.f
lspfm5.f
lspps.f
pgfunc.f
lspdkl.f
pspxms.f
cpspxms.f
lspcpl.f
clspcpl.f
integral.f
integra2.f
ssdint2.f
fn.f
cprop_ok.f
nprop_ok.f
rparhisto.f
fn2.f
fn11.f
fn12.f
clims_ok.f
tint.f
tint2.f
kine_ok.f
mkrparh.f
tmkrparh.f
prtlims.f
lspps1.f
phochk.f
phocha.f
phospi.f
finrad_new.f
phocal.f

F77SPLIT:
  Number of lines of text = 16604
  Number of modules = 83

F77SPLIT:
  Normal end of execution.
ar: creating libmssm02.a
ar: creating libmssm02_dbx.a
moving libmssm02*.a to /home/wimmer/aleph64bit/Linux/kin
