Splitting mssm01_origine.f.
susend.f
smgut.f
td.f
gaugino.f
baer.f
leplim.f
sbrdec.f
brdec.f
brodec1.f
brodec2.f
brodec3.f
brdec1.f
brdec2.f
brdec3.f
wiconst.f
ssprt.f
newsum.f
sstot.f
ssmass.f
ssnorm.f
user.f
photi.f
genpho.f
chargi.f
genchar.f
gensel.f
genselr.f
genselrs.f
gensmu.f
gensmus.f
alfas.f
alfaem.f
gensnue.f
gensnu.f
suseve.f
ampl.f
radfun.f
decabr.f
smbod2.f
smbod3.f
rotsusy.f
boostsusy.f
sdecay2.f
xlamda.f
trasqu.f
trasla.f
ssdint.f
spectr.f
remt1.f
sigma.f
sxwrlu.f
ff1.f
ff2.f
ff3.f
ff4.f
ff5.f
ff6.f
ff7.f
inbook.f
vegas.f
gveg.f

F77SPLIT:
  Number of lines of text = 7891
  Number of modules = 61
Splitting mssm01.f.
susygdat.f
askuse.f
askusi.f
interf.f
sfermion.f
sfragment.f
sucard.f
sumssm.f
supart.f
suprnt.f
susana.f
susetm.f
sutabl.f
uscjob.f
luname.f
ssid.f
mssm_gene.f
branch.f
wsc.f

F77SPLIT:
  Number of lines of text = 3858
  Number of modules = 19

F77SPLIT:
  Normal end of execution.
ar: creating libmssm01.a
ar: creating libmssm01_dbx.a
moving libmssm01*.a to /home/wimmer/aleph64bit/Linux/kin
