Splitting nngg03_origine.f.
gentot.f
params.f
accept.f
vvg.f
d2.f
vvgg.f
phase.f
boost.f
cuts.f
elemat.f
amtot.f
ampli.f
spinin.f
z.f
dl.f
zwdth0.f
imsz.f
g.f
delt1.f
e2stre.f
s2stre.f
gmstre.f
rhstre.f
mpaare.f
mpzare.f
zwidre.f
b.f
fpln.f
f.f
b0.f
b1.f
b3.f
alfqcd.f
opi33t.f
opi33l.f
opi11t.f
opi11l.f
opiqqp.f
hadrqq.f
opi3qp.f
opi3ql.f
gamma3.f
gnab.f
delq.f
delrho.f
del3.f
del1.f
mpiaap.f
mpizap.f
mpizz.f
zwidth.f
e2star.f
gmustr.f
rhostr.f
s2star.f
wmaset.f
cdln.f
qdrt.f
e2tab.f
xlmda.f
sp.f

F77SPLIT:
  Number of lines of text = 3819
  Number of modules = 61
Splitting nngg03.f.
askusi.f
askuse.f
uscjob.f

F77SPLIT:
  Number of lines of text = 365
  Number of modules = 3

F77SPLIT:
  Normal end of execution.
ar: creating libnngg03.a
ar: creating libnngg03_dbx.a
moving libnngg03*.a to /home/wimmer/aleph64bit/Linux/kin
