Splitting nngp01_origine.f.
veto.f
cutuser.f
mainnngpv.f
phot1.f
phot1m.f
phot2.f
phot3.f
phot1pt.f
phot1ptm.f
phot1g.f
phot1gm.f
phot2pt.f
phot2g.f
phot3g.f
atleastone.f
atleastonef.f
massivenu.f
ranlux.f
oranlux.f
dphi2.f
boost.f
boostpt.f
scalprod.f
initial0.f
invmbw.f
invmphbwf.f
invmfbwf.f
flat.f
phot.f
atg.f
dop.f
d.f
enphot.f
dnunug.f
dnunugm.f
kineh.f
kine3.f
kine2.f
spinsampling_new.f
spinsampling_new_b.f
invmbwir.f
invmir.f
cglead.f
parameters.f
acceptance.f
itera.f
initial.f
interaction.f
prodinteraction.f
lagint.f
propagator.f
auxpr.f
momsq.f
loroper.f
yabggnsim.f
yabgg.f
xabwpwmnsim.f
xabwpwm.f
xabwpwmold.f
scalscalscal.f
psibarpsiphi.f
lorentz.f
compconf.f
compconflag.f
seleconf.f
findlabel.f
configuration.f
fermionsources.f
fermionbarsources.f
fs.f
fbs.f
pslashplusmtr.f
pslashplusm.f
permutation.f
order.f
exchange.f
sourcemassboson.f
vector3prod.f
scalar3.f
gammamat.f
gmnminkmkn.f
gmnminkmkny.f
wpwmz.f
wpwmg.f
wpwmgg.f
wpwmzg.f
an6.f
an7.f
compute.f
gmunumat.f
processo_h.f
processo.f
spinvariable.f
fillconfspin.f
spincoulor_h.f
spincoulor.f
spincoulorx.f
fillmom.f
writespin.f
regspin.f
regspin_new.f
readarrtwobytwo_h.f
zeroarrayint.f
sumintegarr.f
equalintarrays.f
equalcomparrays.f
findmom.f
initcompconf.f
reorder.f
readarrtwobytwo.f
couplings.f
nunugpv_r.f
parametersbis.f

F77SPLIT:
  Number of lines of text = 17681
  Number of modules = 113
Splitting nngp01.f.
askusi.f
askuse.f
uscjob.f
ugtsec.f
kwtkbk.f

F77SPLIT:
  Number of lines of text = 974
  Number of modules = 5

F77SPLIT:
  Normal end of execution.
ar: creating libnngp01.a
ar: creating libnngp01_dbx.a
moving libnngp01*.a to /home/wimmer/aleph64bit/Linux/kin
