Splitting phoj01_origine.f.
podiff.f
podreg.f
qelast.f
podble.f
sadsdt.f
samass.f
dsigdm.f
sdecay.f
sdecy2.f
sdecy3.f
xdmass.f
xslope.f
difkin.f
vecres.f
difres.f
massad.f
fitpar.f
inpcs.f
scales.f
eikon.f
dsigdt.f
poxsec.f
impamp.f
prbdis.f
sampro.f
samprb.f
trireg.f
looreg.f
trxreg.f
trxpom.f
chan2a.f
phofit.f
xinp.f
datinp.f
partab.f
fccn.f
ampfit.f
testf.f
phminsq.f
phvd01a.f
phfcn1.f
fitdat.f
regpar.f
index2.f
ndiqu.f
ipdgqu.f
ibamqu.f
iconv1.f
hacode.f
id2bam.f
iconv2.f
iconv3.f
mksltr.f
getltr.f
altra.f
trafo.f
dtrans.f
trani.f
trans.f
datess.f
mcihad.f
mpdgha.f
ilu2pd.f
ipd2lu.f
paname.f
ipoba3.f
popama.f
ipoch3.f
podima.f
pobama.f
pomema.f
pcodes.f
priblo.f
poqchk.f
poabrt.f
trace.f
poprst.f
poprev.f
ltrhep.f
pecms.f
pofrin.f
poluin.f
setpar.f
stdpar.f
pohcol.f
pohcor.f
pohrem.f
pohdir.f
pomsca.f
pohx12.f
pohdx1.f
pohkin.f
pohwgh.f
pohsca.f
pohfac.f
pohwgx.f
pohwgi.f
pohini.f
pohint.f
pohmci.f
pohxr3.f
pohxr2.f
pohxd2.f
pohxpt.f
pohxto.f
pohisr.f
pohzsp.f
event.f
parton.f
pomcin.f
reject.f
pospom.f
hadsp2.f
hadsp3.f
softxx.f
selsxr.f
selsx2.f
selsxs.f
selsxi.f
softpt.f
selpt.f
conn0.f
conn1.f
selcol.f
partre.f
valfla.f
regfla.f
seafla.f
flaux.f
betaf.f
mcheck.f
pomcor.f
mascor.f
parcor.f
chains.f
pofrag.f
pohepi.f
partpt.f
mshell.f
glu2qu.f
gluspl.f
setmdl.f
phodat.f
haddat.f
xlamb.f
phbesj0.f
plbei0.f
plbei1.f
plbek0.f
plbek1.f
phgset.f
phd106.f
dzerox.f
timdat.f
dexpi.f
betarn.f
gamrn.f
sfecfe.f
swapd.f
swapi.f
dreal.f
pdis.f
popdfb.f
setpdf.f
getpdf.f
actpdf.f
posftu.f
dor94lo.f
dor94ho.f
dor94di.f
dor94fv.f
dor94fw.f
dor94fs.f
dor92lo.f
dor92ho.f
dor92fv.f
dor92fw.f
dor92fs.f
dorplo.f
dorpho.f
dorfvp.f
dorfgp.f
dorfqp.f
dorglo.f
dorgho.f
dorgh0.f
dorgf.f
dorgfs.f
ckmtpa.f
ckmtpd.f
ckmtpo.f
ckmtfv.f
sasgam.f
sasvmd.f
sasano.f
sasbeh.f
sasdir.f
phval.f
quasta.f
pdfset.f
structm.f
pftopdg.f
drndm.f

F77SPLIT:
  Number of lines of text = 29296
  Number of modules = 203
Splitting phoj01.f.
askusi.f
kparti.f
askuse.f
uscjob.f
ugtsec.f
setcut.f
phfill.f
usecut.f
amcsel.f
phorun.f
genlum.f
fungg.f
mapvar.f
fgvdm.f
stdsel.f

F77SPLIT:
  Number of lines of text = 1647
  Number of modules = 15

F77SPLIT:
  Normal end of execution.
ar: creating libphoj01.a
ar: creating libphoj01_dbx.a
moving libphoj01*.a to /home/wimmer/aleph64bit/Linux/kin
