Splitting photos_kk_origine.f.
phcork.f
phint.f
phint1.f
phlupa.f
phoan1.f
phoan2.f
phobo3.f
phobos.f
phocha.f
phochk.f
phocin.f
phocor.f
phodo.f
phoene.f
phoerr.f
phofac.f
phoin.f
phovers.f
phoinf.f
phoini.f
phomak.f
phooma.f
phoout.f
phopre.f
phoran.f
o_phoran.f
phorep.f
phorin.f
o_phorin.f
phoro2.f
phoro3.f
phospi.f
photos.f
photos_get.f
photos_make.f
photos_set.f
photri.f
photwo.f
phtype.f

F77SPLIT:
  Number of lines of text = 2788
  Number of modules = 39

F77SPLIT:
  Normal end of execution.
ar: creating libphotos_kk.a
ar: creating libphotos_kk_dbx.a
moving libphotos_kk*.a to /home/wimmer/aleph64bit/Linux/kin
