Splitting photos_w3_origine.f.
phoini.f
phocin.f
phoinf.f
photos.f
photos_get.f
photos_set.f
photos_make.f
phobos.f
phoin.f
photwo.f
phoout.f
phochk.f
phtype.f
phomak.f
phint1.f
phint.f
phopre.f
phooma.f
phoene.f
phocor.f
phofac.f
phodo.f
photri.f
phoan1.f
phoan2.f
phobo3.f
phoro2.f
phoro3.f
phorin.f
phoran.f
phocha.f
phospi.f
phoerr.f
phorep.f
phlupa.f
iphqrk.f
iphekl.f
phcork.f

F77SPLIT:
  Number of lines of text = 2927
  Number of modules = 38

F77SPLIT:
  Normal end of execution.
ar: creating libphotos_w3.a
ar: creating libphotos_w3_dbx.a
moving libphotos_w3*.a to /home/wimmer/aleph64bit/Linux/kin
