Splitting phot02_origine.f.
gamlun.f
mcgcwr.f
bsmain.f
mcgtyp.f
phohis.f
pholhs.f
rn.f
rnsave.f
rnset.f
ntime.f
amcsel.f
mcgdst.f
mcgrbl.f
mcgwbl.f
f.f
funqed.f
funpse.f
funbwr.f
mcgwid.f
funvdm.f
fgvdm.f
lmfun.f
mapvar.f
mapt1.f
mcgeom.f
plutoq.f
thqrk.f
wsampl.f
dolups.f
mcgrho.f
mcfptq.f
mcgrhx.f
bases.f
conv.f
dsfil.f
eemumu.f
initia.f
lftime.f
periph.f
pick4.f
spring.f

F77SPLIT:
  Number of lines of text = 4148
  Number of modules = 41
Splitting phot02.f.
askuse.f
askusi.f
kparti.f
mcgini.f
mcgrun.f
uscjob.f
uskrin.f
xksect.f
ugtsec.f

F77SPLIT:
  Number of lines of text = 1157
  Number of modules = 9

F77SPLIT:
  Normal end of execution.
ar: creating libphot02.a
ar: creating libphot02_dbx.a
moving libphot02*.a to /home/wimmer/aleph64bit/Linux/kin
