Splitting photos2_origine.f.
phoini.f
phocin.f
phoinf.f
photos.f
phobos.f
phoin.f
photwo.f
phoout.f
phochk.f
phtype.f
phomak.f
phint.f
phopre.f
phooma.f
phoene.f
phocor.f
phofac.f
phodo.f
photri.f
phoan1.f
phoan2.f
phobo3.f
phoro2.f
phoro3.f
phorin.f
phoran.f
phocha.f
phospi.f
phoerr.f
phorep.f
phlupa.f

F77SPLIT:
  Number of lines of text = 2270
  Number of modules = 31

F77SPLIT:
  Normal end of execution.
ar: creating libphotos2.a
ar: creating libphotos2_dbx.a
moving libphotos2*.a to /home/wimmer/aleph64bit/Linux/kin
