Splitting pyth04_origine.f.
pyinit.f
pyevnt.f
pystat.f
pyinre.f
pyinbm.f
pyinki.f
pyinpr.f
pyxtot.f
pymaxi.f
pypile.f
pysave.f
pyrand.f
pyscat.f
pysspa.f
pyresd.f
pymult.f
pyremn.f
pydiff.f
pydocu.f
pyfram.f
pywidt.f
pyofsh.f
pyklim.f
pykmap.f
pysigh.f
pystfu.f
pystfl.f
pystel.f
pystga.f
pyggam.f
pygvmd.f
pygano.f
pygbeh.f
pygdir.f
pystpi.f
pystpr.f
pyctq2.f
pyhfth.f
pyspli.f
pygamm.f
pywaux.f
pyi3au.f
pyspen.f
pyqqbh.f
pytest.f
pydata.f
rkbbv.f
rkzf.f
rkrand.f
rkdot.f
rkzpr.f
rkzsf.f
rkhlpk.f
pykcut.f
pyevwt.f
pyupin.f
pyupev.f
pdfset.f
structm.f

F77SPLIT:
  Number of lines of text = 20023
  Number of modules = 59

F77SPLIT:
  Normal end of execution.
ar: creating libpyth04.a
moving pydata.o to /home/wimmer/aleph64bit/Linux/kin/pydata04.o
ar: creating libpyth04_dbx.a
moving libpyth04*.a to /home/wimmer/aleph64bit/Linux/kin
