Splitting pythia61_origine.f.
pydata.f
pytest.f
pyhepc.f
pyinit.f
pyevnt.f
pystat.f
pyinre.f
pyinbm.f
pyinki.f
pyinpr.f
pyxtot.f
pymaxi.f
pypile.f
pysave.f
pygaga.f
pyrand.f
pyscat.f
pysspa.f
pyresd.f
pymult.f
pyremn.f
pydiff.f
pydisg.f
pydocu.f
pyfram.f
pywidt.f
pywidx.f
pyofsh.f
pyreco.f
pyklim.f
pykmap.f
pysigh.f
pypdfu.f
pypdfl.f
pypdel.f
pypdga.f
pyggam.f
pygvmd.f
pygano.f
pygbeh.f
pygdir.f
pypdpi.f
pypdpr.f
pycteq.f
pygrvl.f
pygrvm.f
pygrvd.f
pygrvv.f
pygrvw.f
pygrvs.f
pyct5l.f
pyct5m.f
pypdpo.f
pyhfth.f
pyspli.f
pygamm.f
pywaux.f
pyi3au.f
pyspen.f
pyqqbh.f
pymsin.f
pyapps.f
pyrnmq.f
pyrnmt.f
pythrg.f
pyinom.f
pyrnm3.f
pyeig4.f
pyhggm.f
pysubh.f
pypole.f
pyvacu.f
pyrghm.f
pygfxx.f
pyfint.f
pyfisb.f
pysfdc.f
pyglui.f
pytecm.f
pyeicg.f
cbabk2.f
cbal.f
cdiv.f
comqr.f
comqr2.f
corth.f
csroot.f
pythag.f
pytbbn.f
pytbbc.f
pynjdc.f
pycjdc.f
pyxxz5.f
pyxxw5.f
pyxxga.f
pyx2xg.f
pyx2xh.f
pyxxz2.f
pyhext.f
pyh2xx.f
pygaus.f
pysimp.f
pylamf.f
pytbdy.f
py1ent.f
py2ent.f
py3ent.f
py4ent.f
py2frm.f
py4frm.f
py6frm.f
py4jet.f
py4jtw.f
py4jts.f
pyjoin.f
pygive.f
pyexec.f
pyprep.f
pystrf.f
pyindf.f
pydecy.f
pydcyk.f
pykfdi.f
pynmes.f
pykfin.f
pyptdi.f
pyptrm.f
pyzdis.f
pyshow.f
pymael.f
pyboei.f
pybesq.f
pymass.f
pymrun.f
pyname.f
pychge.f
pycomp.f
pyerrm.f
pyalem.f
pyalps.f
pyangl.f
pyr.f
pyrget.f
pyrset.f
pyrobo.f
pyedit.f
pylist.f
pylogo.f
pyupda.f
pyk.f
pyp.f
pysphe.f
pythru.f
pyclus.f
pycell.f
pyjmas.f
pyfowo.f
pytabu.f
pyeevt.f
pyxtee.f
pyradk.f
pyxkfl.f
pyxjet.f
pyx3jt.f
pyx4jt.f
pyxdif.f
pyonia.f
pybook.f
pyfill.f
pyfact.f
pyoper.f
pyhist.f
pyplot.f
pynull.f
pydump.f
pykcut.f
pyevwt.f
pyupin.f
pyupev.f
pdfdum.f
structx.f
structpx.f
pytaud.f
pytime.f

F77SPLIT:
  Number of lines of text = 53150
  Number of modules = 184

F77SPLIT:
  Normal end of execution.
pydata.f:1628:38:

      9'f + fbar -> G*              ','g + g -> G*                   ',
                                      1
Warning: Initialization string at (1) was truncated to fit the variable (28/30)
pydata.f:1624:38:

      7'                            ','                              ',
                                      1
Warning: Initialization string at (1) was truncated to fit the variable (28/30)
ar: creating libpythia61.a
moving pydata.o to /home/wimmer/aleph64bit/Linux/kin/pydata61.o
pydata.f:1628:38:

      9'f + fbar -> G*              ','g + g -> G*                   ',
                                      1
Warning: Initialization string at (1) was truncated to fit the variable (28/30)
pydata.f:1624:38:

      7'                            ','                              ',
                                      1
Warning: Initialization string at (1) was truncated to fit the variable (28/30)
ar: creating libpythia61_dbx.a
moving libpythia61*.a to /home/wimmer/aleph64bit/Linux/kin
