Splitting pyth02_origine.f.
pyinit.f
pyevnt.f
pystat.f
pyinki.f
pyinre.f
pyxtot.f
pymaxi.f
pypile.f
pyrand.f
pyscat.f
pysspa.f
pyresd.f
pymult.f
pyremn.f
pydiff.f
pydocu.f
pyfram.f
pywidt.f
pyofsh.f
pyklim.f
pykmap.f
pysigh.f
pystfu.f
pystel.f
pystga.f
pystpi.f
pystpr.f
pyhfth.f
pyspli.f
pygamm.f
pywaux.f
pyi3au.f
pyspen.f
pyqqbh.f
pytest.f
pydata.f
rkbbv.f
rkzf.f
rkrand.f
rkdot.f
rkzpr.f
rkzsf.f
rkhlpk.f
pykcut.f
pyevwt.f
pyupin.f
pyupev.f

F77SPLIT:
  Number of lines of text = 16077
  Number of modules = 47

F77SPLIT:
  Normal end of execution.
ar: creating libpyth02.a
ar: creating libpyth02_dbx.a
moving libpyth02*.a to /home/wimmer/aleph64bit/Linux/kin
