Splitting tauolakw_origine.f.
formom.f
form1.f
form2.f
bwigm.f
fpikm.f
fpikmd.f
form3.f
form4.f
form5.f
curr.f
wigfor.f
jaker.f
dekay.f
dekay1.f
dekay2.f
dexay.f
dexay1.f
dexel.f
dexmu.f
dadmel.f
dadmmu.f
dphsel.f
dphsmu.f
drcmu.f
dampry.f
sqm2.f
thb.f
dexpi.f
dadmpi.f
dexro.f
dadmro.f
dphsro.f
dexaa.f
dadmaa.f
dphsaa.f
dexkk.f
dadmkk.f
dexks.f
dadmks.f
dphsks.f
dphnpi.f
sigee.f
sigold.f
dphspk.f
dphtre.f
dampaa.f
gfun.f
bwigs.f
bwig.f
fpik.f
fpirho.f
clvec.f
claxi.f
clnut.f
dampog.f
damppk.f
prod5.f
dexnew.f
dadnew.f
dph4pi.f
dam4pi.f
dph5pi.f
dphsrk.f
fpirk.f
fpikmk.f
reslu.f
dwrph.f
dwluph.f
dwluel.f
dwlumu.f
dwlupi.f
dwluro.f
dwluaa.f
dwlukk.f
dwluks.f
dwlnew.f
filhep.f
amast.f
amas4.f
angxy.f
angfi.f
rotod1.f
rotod2.f
rotod3.f
bostr3.f
bostd3.f
rotor1.f
rotor2.f
rotor3.f
spherd.f
rotpox.f
sphera.f
rotpol.f
ranmar.f
dilogt.f

F77SPLIT:
  Number of lines of text = 5985
  Number of modules = 95

F77SPLIT:
  Normal end of execution.
ar: creating libtauolakw.a
ar: creating libtauolakw_dbx.a
moving libtauolakw*.a to /home/wimmer/aleph64bit/Linux/kin
