Splitting tauola26_origine.f.
tauolaver.f
amas4.f
amast.f
angfi.f
angxy.f
bostd3.f
bostr3.f
bwig.f
bwiga1.f
bwigeps.f
bwigm.f
bwigs.f
claxi.f
clnut.f
clvec.f
curinf.f
curini.f
curr.f
currx.f
dadmaa.f
dadmel.f
dadmkk.f
dadmks.f
dadmmu.f
dadmpi.f
dadmro.f
dadnew.f
dam4pi.f
dampaa.f
dampog.f
damppk.f
dampry.f
dekay.f
dekay1.f
dekay2.f
dexaa.f
dexay.f
dexay1.f
dexel.f
dexkk.f
dexks.f
dexmu.f
dexnew.f
dexpi.f
dexro.f
dilogt.f
dph4pi.f
dph5pi.f
dphnpi.f
dphsaa.f
dphsel.f
dphsks.f
dphsmu.f
dphspk.f
dphsrk.f
dphsro.f
drcmu.f
dwlnew.f
dwluaa.f
dwluel.f
dwlukk.f
dwluks.f
dwlumu.f
dwluph.f
dwlupi.f
dwluro.f
dwrph.f
form1.f
form2.f
form3.f
form4.f
form5.f
formom.f
fpik.f
fpikm.f
fpikmd.f
fpikmk.f
fpirho.f
fpirk.f
frho4.f
gfun.f
jaker.f
dphtre.f
prod5.f
xranmar.f
reslu.f
rotod1.f
rotod2.f
rotod3.f
rotor1.f
rotor2.f
rotor3.f
rotpol.f
rotpox.f
sigee.f
sigold.f
sphera.f
spherd.f
sqm2.f
thb.f
wigfor.f

F77SPLIT:
  Number of lines of text = 6483
  Number of modules = 101

F77SPLIT:
  Normal end of execution.
ar: creating libtauola26.a
ar: creating libtauola26_dbx.a
moving libtauola26*.a to /home/wimmer/aleph64bit/Linux/kin
