Splitting ubab01_origine.f.
ubinit.f
ubigsw.f
ubibmx.f
ubibn.f
ubgen.f
ubgt.f
ubgppr.f
ubgacc.f
ubclos.f
ubpini.f
ubbini.f
ubbfin.f
ubxtot.f
ubxtri.f
ubxcof.f
ubxdif.f
ubrgen.f
ububoo.f
ubumin.f
ubumsg.f
ubuort.f
ubeeni.f
ubeens.f
ubeent.f
ubenul.f
ubenew.f
ewinit.f
eeeew.f
gzprop.f
heavyb.f
heavyi.f
coupls.f
rnorm.f
formfs.f
labdas.f
bigk.f
sigg.f
siggz.f
sigz.f
sigw.f
deltar.f
usigg.f
dusigg.f
usiggz.f
usigz.f
usigw.f
bigpiz.f
freal.f
fimag.f
dfreal.f
imsigz.f
imz2.f
imsigg.f
imsggz.f
flbot.f
b0bar.f
b1bar.f
c0scal.f
c1plus.f
c2zero.f
c2plus.f
c2min.f
spence.f
spenc.f
phadpi.f
hadrqq.f
rexp.f

F77SPLIT:
  Number of lines of text = 4164
  Number of modules = 67
Splitting ubab01.f.
askusi.f
askuse.f
uscjob.f
angles.f
uskrin.f
xksect.f

F77SPLIT:
  Number of lines of text = 659
  Number of modules = 6

F77SPLIT:
  Normal end of execution.
ar: creating libubab01.a
ar: creating libubab01_dbx.a
moving libubab01*.a to /home/wimmer/aleph64bit/Linux/kin
