Splitting ubab02_origine.f.
ubpsrv.f
ubpini.f
ubpprn.f
ubdriv.f
ubdloo.f
ubdcmd.f
ubdlxs.f
ubdlxi.f
ubdlxd.f
ubdsig.f
unibab.f
ubinit.f
ubigsw.f
ubibmx.f
ubibn.f
ubgen.f
ubgt.f
ubgppr.f
ubgacc.f
ubclos.f
ubstat.f
ubxtot.f
ubxtri.f
ubxcof.f
ubxdif.f
dilog.f
ubffac.f
ubbini.f
ubbfin.f
ubrgen.f
ubrtst.f
ububoo.f
ubupro.f
ubumin.f
ubumsg.f
ubuort.f
ubeeni.f
ubeens.f
ubeent.f
ubenul.f
ubenew.f
ubulwr.f
ubutim.f
ubtnew.f
ubtins.f
ubtlup.f
ubtc2a.f
ubtlen.f
ewinit.f
eeeew.f
gzprop.f
heavyb.f
heavyi.f
coupls.f
rnorm.f
formfs.f
labdas.f
sigg.f
siggz.f
sigz.f
sigw.f
deltar.f
usigg.f
dusigg.f
usiggz.f
dusggz.f
usigz.f
usigw.f
bigpiz.f
bigpz2.f
freal.f
freal1.f
fimag.f
dfreal.f
pwidth.f
imsigz.f
imz2.f
imz.f
imsigg.f
imsggz.f
flbot.f
b0bar.f
b1bar.f
c0scal.f
c1plus.f
c2zero.f
c2plus.f
c2min.f
spence.f
spenc.f
pilept.f
phadpi.f
hadrqq.f
rexp.f
qcdcor.f
iniqcd.f
alfqcd.f
runmas.f
drhoho.f
rho2.f
flbot2.f
tau2.f

F77SPLIT:
  Number of lines of text = 9030
  Number of modules = 102
Splitting ubab02.f.
askusi.f
askuse.f
uscjob.f
angles.f
uskrin.f
xksect.f

F77SPLIT:
  Number of lines of text = 933
  Number of modules = 6

F77SPLIT:
  Normal end of execution.
ar: creating libubab02.a
moving ubpini.o to /home/wimmer/aleph64bit/Linux/kin/ubpini02.o
ar: creating libubab02_dbx.a
moving libubab02*.a to /home/wimmer/aleph64bit/Linux/kin
