../c_/cpadwr.F: In subroutine `cpadwr':
../c_/cpadwr.F:55: warning:
         CALL VZERO (IPOS,36)
              1
../c_/cpadwr.F:78: (continued):
         CALL VZERO (EFIL,36*3)
              2
Argument #1 of `vzero' is one type at (2) but is some other type at (1) [info -f g77 M GLOBALS]
../c_/cpotlc.F: In subroutine `cpotlc':
../c_/cpotlc.F:167: warning:
             CALL UCOPY(RW(JLPSV+1),RW(JPECO+1),LPECOA)
                  1
../c_/cpotlc.F:195: (continued):
             CALL UCOPY (IW(JLPES+1),IW(JPEPT+1),LPEPTA)
                  2
Argument #1 of `ucopy' is one type at (2) but is some other type at (1) [info -f g77 M GLOBALS]
../c_/cpotlc.F:167: warning:
             CALL UCOPY(RW(JLPSV+1),RW(JPECO+1),LPECOA)
                  1
../c_/cpotlc.F:195: (continued):
             CALL UCOPY (IW(JLPES+1),IW(JPEPT+1),LPEPTA)
                  2
Argument #2 of `ucopy' is one type at (2) but is some other type at (1) [info -f g77 M GLOBALS]
../e_/eclamp.F: In subroutine `eclamp':
../e_/eclamp.F:32: warning:
         CALL VZERO (ECATOW,36)
              1
../e_/eclamp.F:63: (continued):
           CALL VZERO(IW(KWETDI),LENW1)
                2
Argument #1 of `vzero' is one type at (2) but is some other type at (1) [info -f g77 M GLOBALS]
../e_/eclamp.F:32: warning:
         CALL VZERO (ECATOW,36)
              1
../e_/eclamp.F:65: (continued):
           CALL VZERO(IW(KRETDI),LENW2)
                2
Argument #1 of `vzero' is one type at (2) but is some other type at (1) [info -f g77 M GLOBALS]
../e_/ecoidp.F: In subroutine `ecoidp':
../e_/ecoidp.F:48: warning:
         CALL VZERO (LMOLEA,3)
              1
../e_/ecoidp.F:49: (continued):
         CALL VZERO (ECLSEA,9)
              2
Argument #1 of `vzero' is one type at (2) but is some other type at (1) [info -f g77 M GLOBALS]
../e_/ecoidp.F:48: warning:
         CALL VZERO (LMOLEA,3)
              1
../e_/ecoidp.F:52: (continued):
         CALL VZERO (ENRGEA,5)
              2
Argument #1 of `vzero' is one type at (2) but is some other type at (1) [info -f g77 M GLOBALS]
../e_/ecrmip.F: In subroutine `ecrmip':
../e_/ecrmip.F:63: warning:
         CALL VZERO(ENLVCL,3)
              1
../e_/ecrmip.F:64: (continued):
         CALL VZERO(NTRACL,NMAX)
              2
Argument #1 of `vzero' is one type at (2) but is some other type at (1) [info -f g77 M GLOBALS]
../e_/ecsupp.F: In subroutine `ecsupp':
../e_/ecsupp.F:22: warning:
          CALL VZERO ( IFIL ,36 )
               1
../e_/ecsupp.F:23: (continued):
          CALL VZERO ( EFIL ,36 )
               2
Argument #1 of `vzero' is one type at (2) but is some other type at (1) [info -f g77 M GLOBALS]
../e_/ecsupp.F:22: warning:
          CALL VZERO ( IFIL ,36 )
               1
../e_/ecsupp.F:24: (continued):
          CALL VZERO ( ESTACK,3)
               2
Argument #1 of `vzero' is one type at (2) but is some other type at (1) [info -f g77 M GLOBALS]
../e_/ectrap.F: In subroutine `ectrap':
../e_/ectrap.F:34: warning:
         CALL VZERO ( XTRAP,15 )
              1
../e_/ectrap.F:35: (continued):
         CALL VZERO ( ITRAP,25 )
              2
Argument #1 of `vzero' is one type at (2) but is some other type at (1) [info -f g77 M GLOBALS]
../e_/ectrap.F:34: warning:
         CALL VZERO ( XTRAP,15 )
              1
../e_/ectrap.F:37: (continued):
         CALL VZERO ( IEXTR , 5 )
              2
Argument #1 of `vzero' is one type at (2) but is some other type at (1) [info -f g77 M GLOBALS]
../e_/efaxe.F: In subroutine `efaxe':
../e_/efaxe.F:28: warning:
          CALL VZERO(VRECNF,10)
               1
../e_/efaxe.F:29: (continued):
          CALL VZERO(NFITJT,2)
               2
Argument #1 of `vzero' is one type at (2) but is some other type at (1) [info -f g77 M GLOBALS]
../e_/eficlp.F: In subroutine `eficlp':
../e_/eficlp.F:27: warning:
            CALL VZERO(NP,3)
                 1
../e_/eficlp.F:28: (continued):
            CALL VZERO(X1B,3)
                 2
Argument #1 of `vzero' is one type at (2) but is some other type at (1) [info -f g77 M GLOBALS]
../e_/eficlp.F:27: warning:
            CALL VZERO(NP,3)
                 1
../e_/eficlp.F:29: (continued):
            CALL VZERO(X2B,3)
                 2
Argument #1 of `vzero' is one type at (2) but is some other type at (1) [info -f g77 M GLOBALS]
../e_/eficlp.F:27: warning:
            CALL VZERO(NP,3)
                 1
../e_/eficlp.F:30: (continued):
            CALL VZERO(X3B,3)
                 2
Argument #1 of `vzero' is one type at (2) but is some other type at (1) [info -f g77 M GLOBALS]
../e_/ehcflo.F: In subroutine `ehcflo':
../e_/ehcflo.F:31: warning:
            CALL VZERO (HCUTIL,NHCMAX)
                 1
../e_/ehcflo.F:45: (continued):
               CALL VZERO ( IDIGH , 5 )
                    2
Argument #1 of `vzero' is one type at (2) but is some other type at (1) [info -f g77 M GLOBALS]
../e_/emskei.F: In subroutine `emskei':
../e_/emskei.F:15: warning:
          CALL VZERO ( PJETA,220)
               1
../e_/emskei.F:17: (continued):
          CALL VZERO(NFITJT,2)
               2
Argument #1 of `vzero' is one type at (2) but is some other type at (1) [info -f g77 M GLOBALS]
../e_/eroad.F: In subroutine `eroad':
../e_/eroad.F:32: warning:
           CALL VZERO (ER ,7)
                1
../e_/eroad.F:103: (continued):
            CALL VZERO (IW (JECTE+1) , IW(KECTE+1))
                 2
Argument #1 of `vzero' is one type at (2) but is some other type at (1) [info -f g77 M GLOBALS]
../f_/fitall.F: In subroutine `fitall':
../f_/fitall.F:139: warning:
             CALL UCOPY(IW(ITGCL+1),IW(IFTCL+1),LCOLS(KTGCL)*LROWS(KTGCL))
                  1
../f_/fitall.F:198: (continued):
                 CALL UCOPY(RW(KROW(KTGFT,J)+JTGFEM),COV,15)
                      2
Argument #1 of `ucopy' is one type at (2) but is some other type at (1) [info -f g77 M GLOBALS]
../f_/fitall.F:139: warning:
             CALL UCOPY(IW(ITGCL+1),IW(IFTCL+1),LCOLS(KTGCL)*LROWS(KTGCL))
                  1
../f_/fitall.F:198: (continued):
                 CALL UCOPY(RW(KROW(KTGFT,J)+JTGFEM),COV,15)
                      2
Argument #2 of `ucopy' is one type at (2) but is some other type at (1) [info -f g77 M GLOBALS]
../f_/fitall.F:139: warning:
             CALL UCOPY(IW(ITGCL+1),IW(IFTCL+1),LCOLS(KTGCL)*LROWS(KTGCL))
                  1
../f_/fitall.F:215: (continued):
                       CALL UCOPY(X_ECAL,RW(KTRIK+LMHLEN+JTRIX3),8)
                            2
Argument #1 of `ucopy' is one type at (2) but is some other type at (1) [info -f g77 M GLOBALS]
../f_/fitall.F:139: warning:
             CALL UCOPY(IW(ITGCL+1),IW(IFTCL+1),LCOLS(KTGCL)*LROWS(KTGCL))
                  1
../f_/fitall.F:215: (continued):
                       CALL UCOPY(X_ECAL,RW(KTRIK+LMHLEN+JTRIX3),8)
                            2
Argument #2 of `ucopy' is one type at (2) but is some other type at (1) [info -f g77 M GLOBALS]
../f_/fitall.F:139: warning:
             CALL UCOPY(IW(ITGCL+1),IW(IFTCL+1),LCOLS(KTGCL)*LROWS(KTGCL))
                  1
../f_/fitall.F:585: (continued):
                       CALL UCOPY(X_ECAL,RW(KTRIK+LMHROW+JTRIX3),8)
                            2
Argument #1 of `ucopy' is one type at (2) but is some other type at (1) [info -f g77 M GLOBALS]
../f_/fitall.F:139: warning:
             CALL UCOPY(IW(ITGCL+1),IW(IFTCL+1),LCOLS(KTGCL)*LROWS(KTGCL))
                  1
../f_/fitall.F:585: (continued):
                       CALL UCOPY(X_ECAL,RW(KTRIK+LMHROW+JTRIX3),8)
                            2
Argument #2 of `ucopy' is one type at (2) but is some other type at (1) [info -f g77 M GLOBALS]
../f_/flowfi.F: In subroutine `flowfi':
../f_/flowfi.F:50: warning:
         CALL VZERO(IARRAY(1,1),9000)
              1
../f_/flowfi.F:291: (continued):
           CALL VZERO (COSI,4)
                2
Argument #1 of `vzero' is one type at (2) but is some other type at (1) [info -f g77 M GLOBALS]
../l_/lclust.F: In subroutine `lclust':
../l_/lclust.F:90: warning:
         CALL VZERO(NTOWC(1),LMAXC)
              1
../l_/lclust.F:92: (continued):
         CALL VZERO(ENER(1,1),LDIMC*LMAXC)
              2
Argument #1 of `vzero' is one type at (2) but is some other type at (1) [info -f g77 M GLOBALS]
../l_/lclust.F:90: warning:
         CALL VZERO(NTOWC(1),LMAXC)
              1
../l_/lclust.F:93: (continued):
         CALL VZERO(XCL(1,1),LDIMC*LMAXC)
              2
Argument #1 of `vzero' is one type at (2) but is some other type at (1) [info -f g77 M GLOBALS]
../l_/lclust.F:90: warning:
         CALL VZERO(NTOWC(1),LMAXC)
              1
../l_/lclust.F:94: (continued):
         CALL VZERO(YCL(1,1),LDIMC*LMAXC)
              2
Argument #1 of `vzero' is one type at (2) but is some other type at (1) [info -f g77 M GLOBALS]
../l_/lclust.F:90: warning:
         CALL VZERO(NTOWC(1),LMAXC)
              1
../l_/lclust.F:95: (continued):
         CALL VZERO(DXCL(1,1),LDIMC*LMAXC)
              2
Argument #1 of `vzero' is one type at (2) but is some other type at (1) [info -f g77 M GLOBALS]
../l_/lclust.F:90: warning:
         CALL VZERO(NTOWC(1),LMAXC)
              1
../l_/lclust.F:96: (continued):
         CALL VZERO(DYCL(1,1),LDIMC*LMAXC)
              2
Argument #1 of `vzero' is one type at (2) but is some other type at (1) [info -f g77 M GLOBALS]
../l_/lclust.F:90: warning:
         CALL VZERO(NTOWC(1),LMAXC)
              1
../l_/lclust.F:97: (continued):
         CALL VZERO(SH(1),LMAXC)
              2
Argument #1 of `vzero' is one type at (2) but is some other type at (1) [info -f g77 M GLOBALS]
../l_/liniru.F: In subroutine `liniru':
../l_/liniru.F:107: warning:
           CALL VZERO(IW(KLONL+LMHLEN+1),LLONLA)
                1
../l_/liniru.F:121: (continued):
           CALL VZERO(RW(KLUMI+LMHLEN+1),LEN)
                2
Argument #1 of `vzero' is one type at (2) but is some other type at (1) [info -f g77 M GLOBALS]
../l_/liniru.F:107: warning:
           CALL VZERO(IW(KLONL+LMHLEN+1),LLONLA)
                1
../l_/liniru.F:135: (continued):
           CALL VZERO(RW(KLBAK+LMHLEN+1),LEN)
                2
Argument #1 of `vzero' is one type at (2) but is some other type at (1) [info -f g77 M GLOBALS]
../l_/liniru.F:107: warning:
           CALL VZERO(IW(KLONL+LMHLEN+1),LLONLA)
                1
../l_/liniru.F:148: (continued):
           CALL VZERO(RW(KLEHI+LMHLEN+1),LEN)
                2
Argument #1 of `vzero' is one type at (2) but is some other type at (1) [info -f g77 M GLOBALS]
../l_/liniru.F:107: warning:
           CALL VZERO(IW(KLONL+LMHLEN+1),LLONLA)
                1
../l_/liniru.F:161: (continued):
           CALL VZERO(RW(KLVHI+LMHLEN+1),LEN)
                2
Argument #1 of `vzero' is one type at (2) but is some other type at (1) [info -f g77 M GLOBALS]
../l_/lpremc.F: In subroutine `lpremc':
../l_/lpremc.F:71: warning:
           CALL VZERO(PEDS,144)
                1
../l_/lpremc.F:112: (continued):
         CALL VZERO(LREL,4)
              2
Argument #1 of `vzero' is one type at (2) but is some other type at (1) [info -f g77 M GLOBALS]
../l_/lpremc.F:71: warning:
           CALL VZERO(PEDS,144)
                1
../l_/lpremc.F:113: (continued):
         CALL VZERO(MPED,4)
              2
Argument #1 of `vzero' is one type at (2) but is some other type at (1) [info -f g77 M GLOBALS]
../l_/lupacr.F: In subroutine `lupacr':
../l_/lupacr.F:200: warning:
         CALL VZERO(NEMAX,2)
              1
../l_/lupacr.F:201: (continued):
         CALL VZERO(ECLU,2)
              2
Argument #1 of `vzero' is one type at (2) but is some other type at (1) [info -f g77 M GLOBALS]
../l_/lupacr.F:200: warning:
         CALL VZERO(NEMAX,2)
              1
../l_/lupacr.F:203: (continued):
         CALL VZERO(ECLU2,2)
              2
Argument #1 of `vzero' is one type at (2) but is some other type at (1) [info -f g77 M GLOBALS]
../l_/lupacr.F:200: warning:
         CALL VZERO(NEMAX,2)
              1
../l_/lupacr.F:255: (continued):
         CALL VZERO(THCLU,2)
              2
Argument #1 of `vzero' is one type at (2) but is some other type at (1) [info -f g77 M GLOBALS]
../l_/lupacr.F:200: warning:
         CALL VZERO(NEMAX,2)
              1
../l_/lupacr.F:256: (continued):
         CALL VZERO(PHCLU,2)
              2
Argument #1 of `vzero' is one type at (2) but is some other type at (1) [info -f g77 M GLOBALS]
../l_/lupacr.F:200: warning:
         CALL VZERO(NEMAX,2)
              1
../l_/lupacr.F:258: (continued):
         CALL VZERO(XWIDT,2)
              2
Argument #1 of `vzero' is one type at (2) but is some other type at (1) [info -f g77 M GLOBALS]
../l_/lupacr.F:200: warning:
         CALL VZERO(NEMAX,2)
              1
../l_/lupacr.F:259: (continued):
         CALL VZERO(YWIDT,2)
              2
Argument #1 of `vzero' is one type at (2) but is some other type at (1) [info -f g77 M GLOBALS]
../l_/lupacr.F:200: warning:
         CALL VZERO(NEMAX,2)
              1
../l_/lupacr.F:260: (continued):
         CALL VZERO(XYCOR,2)
              2
Argument #1 of `vzero' is one type at (2) but is some other type at (1) [info -f g77 M GLOBALS]
../l_/lupacr.F:200: warning:
         CALL VZERO(NEMAX,2)
              1
../l_/lupacr.F:261: (continued):
         CALL VZERO(XLOC,6)
              2
Argument #1 of `vzero' is one type at (2) but is some other type at (1) [info -f g77 M GLOBALS]
../l_/lupacr.F:200: warning:
         CALL VZERO(NEMAX,2)
              1
../l_/lupacr.F:262: (continued):
         CALL VZERO(XLOC2,6)
              2
Argument #1 of `vzero' is one type at (2) but is some other type at (1) [info -f g77 M GLOBALS]
../l_/lupacr.F:200: warning:
         CALL VZERO(NEMAX,2)
              1
../l_/lupacr.F:323: (continued):
         CALL VZERO(EWIR,2)
              2
Argument #1 of `vzero' is one type at (2) but is some other type at (1) [info -f g77 M GLOBALS]
../l_/lupacr.F:200: warning:
         CALL VZERO(NEMAX,2)
              1
../l_/lupacr.F:459: (continued):
         CALL VZERO(CH2TR,2)
              2
Argument #1 of `vzero' is one type at (2) but is some other type at (1) [info -f g77 M GLOBALS]
../l_/lupacr.F:200: warning:
         CALL VZERO(NEMAX,2)
              1
../l_/lupacr.F:460: (continued):
         CALL VZERO(THTRK,2)
              2
Argument #1 of `vzero' is one type at (2) but is some other type at (1) [info -f g77 M GLOBALS]
../l_/lupacr.F:200: warning:
         CALL VZERO(NEMAX,2)
              1
../l_/lupacr.F:461: (continued):
         CALL VZERO(PHTRK,2)
              2
Argument #1 of `vzero' is one type at (2) but is some other type at (1) [info -f g77 M GLOBALS]
../l_/lupacr.F:200: warning:
         CALL VZERO(NEMAX,2)
              1
../l_/lupacr.F:462: (continued):
         CALL VZERO(X0TRK,2)
              2
Argument #1 of `vzero' is one type at (2) but is some other type at (1) [info -f g77 M GLOBALS]
../l_/lupacr.F:200: warning:
         CALL VZERO(NEMAX,2)
              1
../l_/lupacr.F:463: (continued):
         CALL VZERO(Y0TRK,2)
              2
Argument #1 of `vzero' is one type at (2) but is some other type at (1) [info -f g77 M GLOBALS]
../o_/olspod.F: In subroutine `olspod':
../o_/olspod.F:136: warning:
         CALL UZERO(BITS,1,32*MSIDE)
              1
../o_/olspod.F:138: (continued):
         CALL UZERO(BOM,1,MCOORD*MSIDE)
              2
Argument #1 of `uzero' is one type at (2) but is some other type at (1) [info -f g77 M GLOBALS]
../o_/olspod.F:136: warning:
         CALL UZERO(BITS,1,32*MSIDE)
              1
../o_/olspod.F:139: (continued):
         CALL UZERO(QS0,1,MCOORD*MSIDE)
              2
Argument #1 of `uzero' is one type at (2) but is some other type at (1) [info -f g77 M GLOBALS]
../s_/siclus.F: In subroutine `siclus':
../s_/siclus.F:114: warning:
         CALL VZERO(NPACL(1),LMAXC)
              1
../s_/siclus.F:117: (continued):
         CALL VZERO( ECLU(1),LMAXC)
              2
Argument #1 of `vzero' is one type at (2) but is some other type at (1) [info -f g77 M GLOBALS]
../s_/siclus.F:114: warning:
         CALL VZERO(NPACL(1),LMAXC)
              1
../s_/siclus.F:118: (continued):
         CALL VZERO( ZCLU(1),LMAXC)
              2
Argument #1 of `vzero' is one type at (2) but is some other type at (1) [info -f g77 M GLOBALS]
../s_/siclus.F:114: warning:
         CALL VZERO(NPACL(1),LMAXC)
              1
../s_/siclus.F:119: (continued):
         CALL VZERO( WCLU(1),LMAXC)
              2
Argument #1 of `vzero' is one type at (2) but is some other type at (1) [info -f g77 M GLOBALS]
../s_/siclus.F:114: warning:
         CALL VZERO(NPACL(1),LMAXC)
              1
../s_/siclus.F:120: (continued):
         CALL VZERO(RACLU(1),LMAXC)
              2
Argument #1 of `vzero' is one type at (2) but is some other type at (1) [info -f g77 M GLOBALS]
../s_/siclus.F:114: warning:
         CALL VZERO(NPACL(1),LMAXC)
              1
../s_/siclus.F:121: (continued):
         CALL VZERO(PHCLU(1),LMAXC)
              2
Argument #1 of `vzero' is one type at (2) but is some other type at (1) [info -f g77 M GLOBALS]
../s_/siclus.F:114: warning:
         CALL VZERO(NPACL(1),LMAXC)
              1
../s_/siclus.F:122: (continued):
         CALL VZERO(DRACL(1),LMAXC)
              2
Argument #1 of `vzero' is one type at (2) but is some other type at (1) [info -f g77 M GLOBALS]
../s_/siclus.F:114: warning:
         CALL VZERO(NPACL(1),LMAXC)
              1
../s_/siclus.F:123: (continued):
         CALL VZERO(DPHCL(1),LMAXC)
              2
Argument #1 of `vzero' is one type at (2) but is some other type at (1) [info -f g77 M GLOBALS]
../s_/siclus.F:114: warning:
         CALL VZERO(NPACL(1),LMAXC)
              1
../s_/siclus.F:124: (continued):
         CALL VZERO(PHIC1(1),LMAXC)
              2
Argument #1 of `vzero' is one type at (2) but is some other type at (1) [info -f g77 M GLOBALS]
../s_/siclus.F:114: warning:
         CALL VZERO(NPACL(1),LMAXC)
              1
../s_/siclus.F:125: (continued):
         CALL VZERO(PHIC2(1),LMAXC)
              2
Argument #1 of `vzero' is one type at (2) but is some other type at (1) [info -f g77 M GLOBALS]
../s_/siclus.F:114: warning:
         CALL VZERO(NPACL(1),LMAXC)
              1
../s_/siclus.F:126: (continued):
         CALL VZERO(DPHIC1(1),LMAXC)
              2
Argument #1 of `vzero' is one type at (2) but is some other type at (1) [info -f g77 M GLOBALS]
../s_/siclus.F:114: warning:
         CALL VZERO(NPACL(1),LMAXC)
              1
../s_/siclus.F:127: (continued):
         CALL VZERO(DPHIC2(1),LMAXC)
              2
Argument #1 of `vzero' is one type at (2) but is some other type at (1) [info -f g77 M GLOBALS]
../s_/siclus.F:114: warning:
         CALL VZERO(NPACL(1),LMAXC)
              1
../s_/siclus.F:453: (continued):
              CALL VZERO(ESUM,3)
                   2
Argument #1 of `vzero' is one type at (2) but is some other type at (1) [info -f g77 M GLOBALS]
../s_/siesum.F: In subroutine `sifsum':
../s_/siesum.F:76: warning:
         CALL VZERO(EFRA,12)
              1
../s_/siesum.F:77: (continued):
         CALL VZERO(NPAD,2)
              2
Argument #1 of `vzero' is one type at (2) but is some other type at (1) [info -f g77 M GLOBALS]
../s_/silumi.F: In subroutine `silumi':
../s_/silumi.F:137: warning:
         CALL VZERO(NEMAX,2)
              1
../s_/silumi.F:138: (continued):
         CALL VZERO(ECLU,2)
              2
Argument #1 of `vzero' is one type at (2) but is some other type at (1) [info -f g77 M GLOBALS]
../s_/silumi.F:137: warning:
         CALL VZERO(NEMAX,2)
              1
../s_/silumi.F:140: (continued):
         CALL VZERO(ECLU2,2)
              2
Argument #1 of `vzero' is one type at (2) but is some other type at (1) [info -f g77 M GLOBALS]
../s_/srdble.F: In subroutine `srdble':
../s_/srdble.F:110: warning:
               CALL RVCPY(NR,XFIT(1),XFIT(2),XMAX(1),XMAX(2))
                    1
../s_/srdble.F:113: (continued):
               CALL RVCPY(2*MLASG,IPOI(1),IPOI(2),IMAX(1),IMAX(2))
                    2
Argument #2 of `rvcpy' is one type at (2) but is some other type at (1) [info -f g77 M GLOBALS]
../s_/srdble.F:110: warning:
               CALL RVCPY(NR,XFIT(1),XFIT(2),XMAX(1),XMAX(2))
                    1
../s_/srdble.F:113: (continued):
               CALL RVCPY(2*MLASG,IPOI(1),IPOI(2),IMAX(1),IMAX(2))
                    2
Argument #3 of `rvcpy' is one type at (2) but is some other type at (1) [info -f g77 M GLOBALS]
../s_/srdble.F:110: warning:
               CALL RVCPY(NR,XFIT(1),XFIT(2),XMAX(1),XMAX(2))
                    1
../s_/srdble.F:113: (continued):
               CALL RVCPY(2*MLASG,IPOI(1),IPOI(2),IMAX(1),IMAX(2))
                    2
Argument #4 of `rvcpy' is one type at (2) but is some other type at (1) [info -f g77 M GLOBALS]
../s_/srdble.F:110: warning:
               CALL RVCPY(NR,XFIT(1),XFIT(2),XMAX(1),XMAX(2))
                    1
../s_/srdble.F:113: (continued):
               CALL RVCPY(2*MLASG,IPOI(1),IPOI(2),IMAX(1),IMAX(2))
                    2
Argument #5 of `rvcpy' is one type at (2) but is some other type at (1) [info -f g77 M GLOBALS]
../t_/tflnk2.F: In subroutine `tflnk2':
../t_/tflnk2.F:385: warning:
             CALL UCOPY(VV0,RW(ITGFT+JTGFIR),5)
                  1
../t_/tflnk2.F:397: (continued):
             CALL UCOPY(LIST1,IW(KTGCL+LMHLEN+NCL+1),NTPC)
                  2
Argument #1 of `ucopy' is one type at (2) but is some other type at (1) [info -f g77 M GLOBALS]
../t_/tflnk2.F:385: warning:
             CALL UCOPY(VV0,RW(ITGFT+JTGFIR),5)
                  1
../t_/tflnk2.F:397: (continued):
             CALL UCOPY(LIST1,IW(KTGCL+LMHLEN+NCL+1),NTPC)
                  2
Argument #2 of `ucopy' is one type at (2) but is some other type at (1) [info -f g77 M GLOBALS]
../t_/tflnk2.F:385: warning:
             CALL UCOPY(VV0,RW(ITGFT+JTGFIR),5)
                  1
../t_/tflnk2.F:401: (continued):
               CALL UCOPY(IW(KT1CL+LMHLEN+KP1+NPT1+1),
                    2
Argument #1 of `ucopy' is one type at (2) but is some other type at (1) [info -f g77 M GLOBALS]
../t_/tflnk2.F:385: warning:
             CALL UCOPY(VV0,RW(ITGFT+JTGFIR),5)
                  1
../t_/tflnk2.F:401: (continued):
               CALL UCOPY(IW(KT1CL+LMHLEN+KP1+NPT1+1),
                    2
Argument #2 of `ucopy' is one type at (2) but is some other type at (1) [info -f g77 M GLOBALS]
../t_/tflnk2.F:385: warning:
             CALL UCOPY(VV0,RW(ITGFT+JTGFIR),5)
                  1
../t_/tflnk2.F:407: (continued):
               CALL UCOPY(IW(KT1CL+LMHLEN+KP2+NPT2+1),
                    2
Argument #1 of `ucopy' is one type at (2) but is some other type at (1) [info -f g77 M GLOBALS]
../t_/tflnk2.F:385: warning:
             CALL UCOPY(VV0,RW(ITGFT+JTGFIR),5)
                  1
../t_/tflnk2.F:407: (continued):
               CALL UCOPY(IW(KT1CL+LMHLEN+KP2+NPT2+1),
                    2
Argument #2 of `ucopy' is one type at (2) but is some other type at (1) [info -f g77 M GLOBALS]
../t_/tflnk2.F:385: warning:
             CALL UCOPY(VV0,RW(ITGFT+JTGFIR),5)
                  1
../t_/tflnk2.F:433: (continued):
           CALL UCOPY(IW(KT1CL+LMHLEN+KP+1),IW(KTGCL+LMHLEN+NCL+1),NTOT)
                2
Argument #1 of `ucopy' is one type at (2) but is some other type at (1) [info -f g77 M GLOBALS]
../t_/tflnk2.F:385: warning:
             CALL UCOPY(VV0,RW(ITGFT+JTGFIR),5)
                  1
../t_/tflnk2.F:433: (continued):
           CALL UCOPY(IW(KT1CL+LMHLEN+KP+1),IW(KTGCL+LMHLEN+NCL+1),NTOT)
                2
Argument #2 of `ucopy' is one type at (2) but is some other type at (1) [info -f g77 M GLOBALS]
../t_/tpdels.F: In subroutine `tpdels':
../t_/tpdels.F:131: warning:
           CALL VZERO(NCLST(1),LTSECT)
                1
../t_/tpdels.F:132: (continued):
           CALL VZERO(XCLST(1),LTSECT)
                2
Argument #1 of `vzero' is one type at (2) but is some other type at (1) [info -f g77 M GLOBALS]
../t_/tpdels.F:131: warning:
           CALL VZERO(NCLST(1),LTSECT)
                1
../t_/tpdels.F:133: (continued):
           CALL VZERO(SZLST(1),LTSECT)
                2
Argument #1 of `vzero' is one type at (2) but is some other type at (1) [info -f g77 M GLOBALS]
../t_/tpdels.F:131: warning:
           CALL VZERO(NCLST(1),LTSECT)
                1
../t_/tpdels.F:134: (continued):
           CALL VZERO(SPLST(1),LTSECT)
                2
Argument #1 of `vzero' is one type at (2) but is some other type at (1) [info -f g77 M GLOBALS]
../t_/tpdels.F:131: warning:
           CALL VZERO(NCLST(1),LTSECT)
                1
../t_/tpdels.F:135: (continued):
           CALL VZERO(SLLST(1),LTSECT)
                2
Argument #1 of `vzero' is one type at (2) but is some other type at (1) [info -f g77 M GLOBALS]
../t_/trkels.F: In subroutine `trkels':
../t_/trkels.F:169: warning:
           CALL VZERO(NHTOT(1),LTSECT)
                1
../t_/trkels.F:245: (continued):
           CALL VZERO(SZLST(1),LTSECT)
                2
Argument #1 of `vzero' is one type at (2) but is some other type at (1) [info -f g77 M GLOBALS]
../t_/trkels.F:169: warning:
           CALL VZERO(NHTOT(1),LTSECT)
                1
../t_/trkels.F:246: (continued):
           CALL VZERO(SPLST(1),LTSECT)
                2
Argument #1 of `vzero' is one type at (2) but is some other type at (1) [info -f g77 M GLOBALS]
../t_/trkels.F:169: warning:
           CALL VZERO(NHTOT(1),LTSECT)
                1
../t_/trkels.F:247: (continued):
           CALL VZERO(SLLST(1),LTSECT)
                2
Argument #1 of `vzero' is one type at (2) but is some other type at (1) [info -f g77 M GLOBALS]
../t_/trkfnd.F: In subroutine `trkfnd':
../t_/trkfnd.F:262: warning:
               CALL UCOPY(IW(KROW(INDLNK,ILINK) + 4),IHCHAI(1),3)
                    1
../t_/trkfnd.F:268: (continued):
               CALL UCOPY(RW(KROW(INDLNK,ILINK) + 7),PCHAIN(1),6)
                    2
Argument #1 of `ucopy' is one type at (2) but is some other type at (1) [info -f g77 M GLOBALS]
../t_/trkfnd.F:262: warning:
               CALL UCOPY(IW(KROW(INDLNK,ILINK) + 4),IHCHAI(1),3)
                    1
../t_/trkfnd.F:268: (continued):
               CALL UCOPY(RW(KROW(INDLNK,ILINK) + 7),PCHAIN(1),6)
                    2
Argument #2 of `ucopy' is one type at (2) but is some other type at (1) [info -f g77 M GLOBALS]
../t_/trkfnd.F:262: warning:
               CALL UCOPY(IW(KROW(INDLNK,ILINK) + 4),IHCHAI(1),3)
                    1
../t_/trkfnd.F:312: (continued):
               CALL UCOPY(PCHAIN(JTCHTL),RW(KCHA1 + JTCHTL),7)
                    2
Argument #1 of `ucopy' is one type at (2) but is some other type at (1) [info -f g77 M GLOBALS]
../t_/trkfnd.F:262: warning:
               CALL UCOPY(IW(KROW(INDLNK,ILINK) + 4),IHCHAI(1),3)
                    1
../t_/trkfnd.F:312: (continued):
               CALL UCOPY(PCHAIN(JTCHTL),RW(KCHA1 + JTCHTL),7)
                    2
Argument #2 of `ucopy' is one type at (2) but is some other type at (1) [info -f g77 M GLOBALS]
../t_/trkfnd.F:262: warning:
               CALL UCOPY(IW(KROW(INDLNK,ILINK) + 4),IHCHAI(1),3)
                    1
../t_/trkfnd.F:313: (continued):
               CALL UCOPY(PCHAIN(JTCHER),RW(KCHA1 + JTCHER),15)
                    2
Argument #1 of `ucopy' is one type at (2) but is some other type at (1) [info -f g77 M GLOBALS]
../t_/trkfnd.F:262: warning:
               CALL UCOPY(IW(KROW(INDLNK,ILINK) + 4),IHCHAI(1),3)
                    1
../t_/trkfnd.F:313: (continued):
               CALL UCOPY(PCHAIN(JTCHER),RW(KCHA1 + JTCHER),15)
                    2
Argument #2 of `ucopy' is one type at (2) but is some other type at (1) [info -f g77 M GLOBALS]
../t_/trproj.F: In subroutine `trproj':
../t_/trproj.F:110: warning:
         CALL UCOPY(IRCHAI(1),IRSAV,NHCHAI)
              1
../t_/trproj.F:113: (continued):
         CALL UCOPY(D2CHAI(1),D2SAV,NHCHAI)
              2
Argument #1 of `ucopy' is one type at (2) but is some other type at (1) [info -f g77 M GLOBALS]
../t_/trproj.F:110: warning:
         CALL UCOPY(IRCHAI(1),IRSAV,NHCHAI)
              1
../t_/trproj.F:113: (continued):
         CALL UCOPY(D2CHAI(1),D2SAV,NHCHAI)
              2
Argument #2 of `ucopy' is one type at (2) but is some other type at (1) [info -f g77 M GLOBALS]
../t_/trproj.F:110: warning:
         CALL UCOPY(IRCHAI(1),IRSAV,NHCHAI)
              1
../t_/trproj.F:114: (continued):
         CALL UCOPY(PCHAIN(1),PSAVE,NPARCH)
              2
Argument #1 of `ucopy' is one type at (2) but is some other type at (1) [info -f g77 M GLOBALS]
../t_/trproj.F:110: warning:
         CALL UCOPY(IRCHAI(1),IRSAV,NHCHAI)
              1
../t_/trproj.F:114: (continued):
         CALL UCOPY(PCHAIN(1),PSAVE,NPARCH)
              2
Argument #2 of `ucopy' is one type at (2) but is some other type at (1) [info -f g77 M GLOBALS]
../t_/trproj.F:110: warning:
         CALL UCOPY(IRCHAI(1),IRSAV,NHCHAI)
              1
../t_/trproj.F:240: (continued):
               CALL UCOPY(D2SAV,D2CHAI(1),NSAVE)
                    2
Argument #1 of `ucopy' is one type at (2) but is some other type at (1) [info -f g77 M GLOBALS]
../t_/trproj.F:110: warning:
         CALL UCOPY(IRCHAI(1),IRSAV,NHCHAI)
              1
../t_/trproj.F:240: (continued):
               CALL UCOPY(D2SAV,D2CHAI(1),NSAVE)
                    2
Argument #2 of `ucopy' is one type at (2) but is some other type at (1) [info -f g77 M GLOBALS]
../t_/trproj.F:110: warning:
         CALL UCOPY(IRCHAI(1),IRSAV,NHCHAI)
              1
../t_/trproj.F:241: (continued):
               CALL UCOPY(PSAVE,PCHAIN(1),NPARCH)
                    2
Argument #1 of `ucopy' is one type at (2) but is some other type at (1) [info -f g77 M GLOBALS]
../t_/trproj.F:110: warning:
         CALL UCOPY(IRCHAI(1),IRSAV,NHCHAI)
              1
../t_/trproj.F:241: (continued):
               CALL UCOPY(PSAVE,PCHAIN(1),NPARCH)
                    2
Argument #2 of `ucopy' is one type at (2) but is some other type at (1) [info -f g77 M GLOBALS]
../t_/tsawtk.F: In subroutine `tsawtk':
../t_/tsawtk.F:30: warning:
         CALL VZERO(Y,NBIN)
              1
../t_/tsawtk.F:31: (continued):
         CALL VZERO(IB,NWIR)
              2
Argument #1 of `vzero' is one type at (2) but is some other type at (1) [info -f g77 M GLOBALS]
../t_/tsawtk.F:30: warning:
         CALL VZERO(Y,NBIN)
              1
../t_/tsawtk.F:32: (continued):
         CALL VZERO(ITIND,NWIR)
              2
Argument #1 of `vzero' is one type at (2) but is some other type at (1) [info -f g77 M GLOBALS]
../t_/ttwodx.F: In subroutine `ttwodx':
../t_/ttwodx.F:115: warning:
           CALL VZERO(NHTOT(1),LTSECT)
                1
../t_/ttwodx.F:153: (continued):
           CALL VZERO(SZLST(1),LTSECT)
                2
Argument #1 of `vzero' is one type at (2) but is some other type at (1) [info -f g77 M GLOBALS]
../t_/ttwodx.F:115: warning:
           CALL VZERO(NHTOT(1),LTSECT)
                1
../t_/ttwodx.F:154: (continued):
           CALL VZERO(SPLST(1),LTSECT)
                2
Argument #1 of `vzero' is one type at (2) but is some other type at (1) [info -f g77 M GLOBALS]
../t_/ttwodx.F:115: warning:
           CALL VZERO(NHTOT(1),LTSECT)
                1
../t_/ttwodx.F:155: (continued):
           CALL VZERO(SLLST(1),LTSECT)
                2
Argument #1 of `vzero' is one type at (2) but is some other type at (1) [info -f g77 M GLOBALS]
../y_/yksrch.F: In subroutine `yksrch':
../y_/yksrch.F:244: warning:
               call ucopy(vertex, RW(jYKNK + JYKNVX), 3)
                    1
../y_/yksrch.F:274: (continued):
               call ucopy(vdhits, IW(jYKNK + JYKNVH), 8)
                    2
Argument #1 of `ucopy' is one type at (2) but is some other type at (1) [info -f g77 M GLOBALS]
../y_/yksrch.F:244: warning:
               call ucopy(vertex, RW(jYKNK + JYKNVX), 3)
                    1
../y_/yksrch.F:274: (continued):
               call ucopy(vdhits, IW(jYKNK + JYKNVH), 8)
                    2
Argument #2 of `ucopy' is one type at (2) but is some other type at (1) [info -f g77 M GLOBALS]
