

***********************************************************************
Fatal OSN connect error 12203, connecting to:
 (DESCRIPTION=(CONNECT_DATA=(SID=PDB)(CID=(PROGRAM=)(HOST=afal58)(USER=albook)))(ADDRESS_LIST=(ADDRESS=(PROTOCOL=ipc)(KEY=cerndb1))(ADDRESS=(PROTOCOL=TCP)(HOST=orapdb1)(PORT=1521))(ADDRESS=(PROTOCOL=TCP)(HOST=orapdb2)(PORT=1521))))

  VERSION INFORMATION:
	TNS for DEC OSF/1 AXP: Version 2.3.3.0.0 - Production
	Unix Domain Socket IPC NT Protocol Adaptor for DEC OSF/1 AXP: Version 2.3.3.0.0 - Production
	TCP/IP NT Protocol Adapter for DEC OSF/1 AXP: Version 2.3.3.0.0 - Production
  Time: 22-MAR-00 21:00:23
  Tracing not turned on.
  Tns error struct:
    nr err code: 12203
    TNS-12203: TNS:unable to connect to destination
    ns main err code: 12541
    TNS-12541: TNS:no listener
    ns secondary err code: 12560
    nt main err code: 511
    TNS-00511: No listener
    nt secondary err code: 61
    nt OS err code: 0


***********************************************************************
Fatal OSN connect error 12203, connecting to:
 (DESCRIPTION=(CONNECT_DATA=(SID=PDB)(CID=(PROGRAM=)(HOST=afal58)(USER=albook)))(ADDRESS_LIST=(ADDRESS=(PROTOCOL=ipc)(KEY=cerndb1))(ADDRESS=(PROTOCOL=TCP)(HOST=orapdb1)(PORT=1521))(ADDRESS=(PROTOCOL=TCP)(HOST=orapdb2)(PORT=1521))))

  VERSION INFORMATION:
	TNS for DEC OSF/1 AXP: Version 2.3.3.0.0 - Production
	Unix Domain Socket IPC NT Protocol Adaptor for DEC OSF/1 AXP: Version 2.3.3.0.0 - Production
	TCP/IP NT Protocol Adapter for DEC OSF/1 AXP: Version 2.3.3.0.0 - Production
  Time: 22-MAR-00 21:00:44
  Tracing not turned on.
  Tns error struct:
    nr err code: 12203
    TNS-12203: TNS:unable to connect to destination
    ns main err code: 12541
    TNS-12541: TNS:no listener
    ns secondary err code: 12560
    nt main err code: 511
    TNS-00511: No listener
    nt secondary err code: 61
    nt OS err code: 0


***********************************************************************
Fatal OSN connect error 12203, connecting to:
 (DESCRIPTION=(CONNECT_DATA=(SID=PDB)(CID=(PROGRAM=)(HOST=afal58)(USER=albook)))(ADDRESS_LIST=(ADDRESS=(PROTOCOL=ipc)(KEY=cerndb1))(ADDRESS=(PROTOCOL=TCP)(HOST=orapdb1)(PORT=1521))(ADDRESS=(PROTOCOL=TCP)(HOST=orapdb2)(PORT=1521))))

  VERSION INFORMATION:
	TNS for DEC OSF/1 AXP: Version 2.3.3.0.0 - Production
	Unix Domain Socket IPC NT Protocol Adaptor for DEC OSF/1 AXP: Version 2.3.3.0.0 - Production
	TCP/IP NT Protocol Adapter for DEC OSF/1 AXP: Version 2.3.3.0.0 - Production
  Time: 22-MAR-00 21:01:02
  Tracing not turned on.
  Tns error struct:
    nr err code: 12203
    TNS-12203: TNS:unable to connect to destination
    ns main err code: 12541
    TNS-12541: TNS:no listener
    ns secondary err code: 12560
    nt main err code: 511
    TNS-00511: No listener
    nt secondary err code: 61
    nt OS err code: 0


***********************************************************************
Fatal OSN connect error 12203, connecting to:
 (DESCRIPTION=(CONNECT_DATA=(SID=PDB)(CID=(PROGRAM=)(HOST=afal58)(USER=albook)))(ADDRESS_LIST=(ADDRESS=(PROTOCOL=ipc)(KEY=cerndb1))(ADDRESS=(PROTOCOL=TCP)(HOST=orapdb1)(PORT=1521))(ADDRESS=(PROTOCOL=TCP)(HOST=orapdb2)(PORT=1521))))

  VERSION INFORMATION:
	TNS for DEC OSF/1 AXP: Version 2.3.3.0.0 - Production
	Unix Domain Socket IPC NT Protocol Adaptor for DEC OSF/1 AXP: Version 2.3.3.0.0 - Production
	TCP/IP NT Protocol Adapter for DEC OSF/1 AXP: Version 2.3.3.0.0 - Production
  Time: 22-MAR-00 21:02:20
  Tracing not turned on.
  Tns error struct:
    nr err code: 12203
    TNS-12203: TNS:unable to connect to destination
    ns main err code: 12541
    TNS-12541: TNS:no listener
    ns secondary err code: 12560
    nt main err code: 511
    TNS-00511: No listener
    nt secondary err code: 61
    nt OS err code: 0
