 
   Making dali_e2.Linux i.e., DALI version e2 for Linux
 
cc  -c -DNo_Signals -o dalb_x.o dalb_x.c
cc  -c -DNo_Signals -o dali_x.o dali_x.c
cc  -c -DNo_Signals -o dali_meta.o dali_meta.c
./ic.Linux DALI_CF.INC c_dalb9.f c_dalb9_ic.f
f77  -fdollar-ok -c -fno-backslash -fno-automatic -fno-second-underscore -fno-globals -Wno-globals -o c_dalb9.o c_dalb9_ic.f
./ic.Linux DALI_CF.INC c_dalb_aleph.f c_dalb_aleph_ic.f
f77  -fdollar-ok -c -fno-backslash -fno-automatic -fno-second-underscore -fno-globals -Wno-globals -o c_dalb_aleph.o c_dalb_aleph_ic.f
./ic.Linux DALI_CF.INC n_dalba.f n_dalba_ic.f
f77  -fdollar-ok -c -fno-backslash -fno-automatic -fno-second-underscore -fno-globals -Wno-globals -o n_dalba.o n_dalba_ic.f
./ic.Linux DALI_CF.INC n_dalbb.f n_dalbb_ic.f
f77  -fdollar-ok -c -fno-backslash -fno-automatic -fno-second-underscore -fno-globals -Wno-globals -o n_dalbb.o n_dalbb_ic.f
./ic.Linux DALI_CF.INC c_dalbc.f c_dalbc_ic.f
f77  -fdollar-ok -c -fno-backslash -fno-automatic -fno-second-underscore -fno-globals -Wno-globals -o c_dalbc.o c_dalbc_ic.f
./ic.Linux DALI_CF.INC c_dalbd.f c_dalbd_ic.f
f77  -fdollar-ok -c -fno-backslash -fno-automatic -fno-second-underscore -fno-globals -Wno-globals -o c_dalbd.o c_dalbd_ic.f
./ic.Linux DALI_CF.INC c_dalbe.f c_dalbe_ic.f
f77  -fdollar-ok -c -fno-backslash -fno-automatic -fno-second-underscore -fno-globals -Wno-globals -o c_dalbe.o c_dalbe_ic.f
./ic.Linux DALI_CF.INC n_dalbf.f n_dalbf_ic.f
f77  -fdollar-ok -c -fno-backslash -fno-automatic -fno-second-underscore -fno-globals -Wno-globals -o n_dalbf.o n_dalbf_ic.f
./ic.Linux DALI_CF.INC c_dalbg.f c_dalbg_ic.f
f77  -fdollar-ok -c -fno-backslash -fno-automatic -fno-second-underscore -fno-globals -Wno-globals -o c_dalbg.o c_dalbg_ic.f
./ic.Linux DALI_CF.INC c_dalbh.f c_dalbh_ic.f
f77  -fdollar-ok -c -fno-backslash -fno-automatic -fno-second-underscore -fno-globals -Wno-globals -o c_dalbh.o c_dalbh_ic.f
./ic.Linux DALI_CF.INC c_dalbi.f c_dalbi_ic.f
f77  -fdollar-ok -c -fno-backslash -fno-automatic -fno-second-underscore -fno-globals -Wno-globals -o c_dalbi.o c_dalbi_ic.f
./ic.Linux DALI_CF.INC c_dalbj.f c_dalbj_ic.f
f77  -fdollar-ok -c -fno-backslash -fno-automatic -fno-second-underscore -fno-globals -Wno-globals -o c_dalbj.o c_dalbj_ic.f
./ic.Linux DALI_CF.INC c_dalbl.f c_dalbl_ic.f
f77  -fdollar-ok -c -fno-backslash -fno-automatic -fno-second-underscore -fno-globals -Wno-globals -o c_dalbl.o c_dalbl_ic.f
./ic.Linux DALI_CF.INC c_dalbm.f c_dalbm_ic.f
f77  -fdollar-ok -c -fno-backslash -fno-automatic -fno-second-underscore -fno-globals -Wno-globals -o c_dalbm.o c_dalbm_ic.f
./ic.Linux DALI_CF.INC c_dalbo.f c_dalbo_ic.f
f77  -fdollar-ok -c -fno-backslash -fno-automatic -fno-second-underscore -fno-globals -Wno-globals -o c_dalbo.o c_dalbo_ic.f
./ic.Linux DALI_CF.INC c_dalbp.f c_dalbp_ic.f
f77  -fdollar-ok -c -fno-backslash -fno-automatic -fno-second-underscore -fno-globals -Wno-globals -o c_dalbp.o c_dalbp_ic.f
./ic.Linux DALI_CF.INC c_dalbq.f c_dalbq_ic.f
f77  -fdollar-ok -c -fno-backslash -fno-automatic -fno-second-underscore -fno-globals -Wno-globals -o c_dalbq.o c_dalbq_ic.f
./ic.Linux DALI_CF.INC c_dalbr.f c_dalbr_ic.f
f77  -fdollar-ok -c -fno-backslash -fno-automatic -fno-second-underscore -fno-globals -Wno-globals -o c_dalbr.o c_dalbr_ic.f
./ic.Linux DALI_CF.INC n_dalbs.f n_dalbs_ic.f
f77  -fdollar-ok -c -fno-backslash -fno-automatic -fno-second-underscore -fno-globals -Wno-globals -o n_dalbs.o n_dalbs_ic.f
./ic.Linux DALI_CF.INC c_dalbt.f c_dalbt_ic.f
f77  -fdollar-ok -c -fno-backslash -fno-automatic -fno-second-underscore -fno-globals -Wno-globals -o c_dalbt.o c_dalbt_ic.f
./ic.Linux DALI_CF.INC c_dalbv.f c_dalbv_ic.f
f77  -fdollar-ok -c -fno-backslash -fno-automatic -fno-second-underscore -fno-globals -Wno-globals -o c_dalbv.o c_dalbv_ic.f
c_dalbv_ic.f: In subroutine `dvvenf':
c_dalbv_ic.f:7714: warning:
         IF(PARA .EQ. 0.0) GOTO 333
                                1
c_dalbv_ic.f:7720: (continued):
     333   IF(IMA.GT.0) THEN
     2
Reference to label at (1) is outside block containing definition at (2)
c_dalbv_ic.f:7720: warning:
     333   IF(IMA.GT.0) THEN
     1
c_dalbv_ic.f:7744: (continued):
         IF(RRMAQ.LT.0.0) GOTO 333
                               2
Reference to label at (2) is outside block containing definition at (1)
./ic.Linux DALI_CF.INC c_dalbw1.f c_dalbw1_ic.f
f77  -fdollar-ok -c -fno-backslash -fno-automatic -fno-second-underscore -fno-globals -Wno-globals -o c_dalbw1.o c_dalbw1_ic.f
./ic.Linux DALI_CF.INC c_dalbw2.f c_dalbw2_ic.f
f77  -fdollar-ok -c -fno-backslash -fno-automatic -fno-second-underscore -fno-globals -Wno-globals -o c_dalbw2.o c_dalbw2_ic.f
./ic.Linux DALI_CF.INC c_dalbx.f c_dalbx_ic.f
f77  -fdollar-ok -c -fno-backslash -fno-automatic -fno-second-underscore -fno-globals -Wno-globals -o c_dalbx.o c_dalbx_ic.f
./ic.Linux DALI_CF.INC c_dalby.f c_dalby_ic.f
f77  -fdollar-ok -c -fno-backslash -fno-automatic -fno-second-underscore -fno-globals -Wno-globals -o c_dalby.o c_dalby_ic.f
./ic.Linux DALI_CF.INC c_dali1.f c_dali1_ic.f
f77  -fdollar-ok -c -fno-backslash -fno-automatic -fno-second-underscore -fno-globals -Wno-globals -o c_dali1.o c_dali1_ic.f
./ic.Linux DALI_CF.INC c_dali_vdet.f c_dali_vdet_ic.f
f77  -fdollar-ok -c -fno-backslash -fno-automatic -fno-second-underscore -fno-globals -Wno-globals -o c_dali_vdet.o c_dali_vdet_ic.f
./ic.Linux DALI_CF.INC alpha_c.f alpha_c_ic.f
f77  -fdollar-ok -c -fno-backslash -fno-automatic -fno-second-underscore -fno-globals -Wno-globals -o alpha_c.o alpha_c_ic.f
./ic.Linux DALI_CF.INC alpha_v.f alpha_v_ic.f
f77  -fdollar-ok -c -fno-backslash -fno-automatic -fno-second-underscore -fno-globals -Wno-globals -o alpha_v.o alpha_v_ic.f
./ic.Linux DALI_CF.INC alpha_p.f alpha_p_ic.f
f77  -fdollar-ok -c -fno-backslash -fno-automatic -fno-second-underscore -fno-globals -Wno-globals -o alpha_p.o alpha_p_ic.f
./ic.Linux DALI_CF.INC c_dalia.f c_dalia_ic.f
f77  -fdollar-ok -c -fno-backslash -fno-automatic -fno-second-underscore -fno-globals -Wno-globals -o c_dalia.o c_dalia_ic.f
./ic.Linux DALI_CF.INC c_dalib.f c_dalib_ic.f
f77  -fdollar-ok -c -fno-backslash -fno-automatic -fno-second-underscore -fno-globals -Wno-globals -o c_dalib.o c_dalib_ic.f
c_dalib_ic.f: In subroutine `dbtmm':
c_dalib_ic.f:4076: warning:
           GO TO 10
                 1
c_dalib_ic.f:4081: (continued):
      10   HC=IHC
      2
Reference to label at (1) is outside block containing definition at (2)
./ic.Linux DALI_CF.INC c_dalic.f c_dalic_ic.f
f77  -fdollar-ok -c -fno-backslash -fno-automatic -fno-second-underscore -fno-globals -Wno-globals -o c_dalic.o c_dalic_ic.f
./ic.Linux DALI_CF.INC c_dalid.f c_dalid_ic.f
f77  -fdollar-ok -c -fno-backslash -fno-automatic -fno-second-underscore -fno-globals -Wno-globals -o c_dalid.o c_dalid_ic.f
./ic.Linux DALI_CF.INC c_dalie.f c_dalie_ic.f
f77  -fdollar-ok -c -fno-backslash -fno-automatic -fno-second-underscore -fno-globals -Wno-globals -o c_dalie.o c_dalie_ic.f
./ic.Linux DALI_CF.INC c_dalif.f c_dalif_ic.f
f77  -fdollar-ok -c -fno-backslash -fno-automatic -fno-second-underscore -fno-globals -Wno-globals -o c_dalif.o c_dalif_ic.f
./ic.Linux DALI_CF.INC c_dalig.f c_dalig_ic.f
f77  -fdollar-ok -c -fno-backslash -fno-automatic -fno-second-underscore -fno-globals -Wno-globals -o c_dalig.o c_dalig_ic.f
c_dalig_ic.f: In subroutine `dgt':
c_dalig_ic.f:555: warning:
       2   CALL DGZOOM(6,IAREDO,0,0)
       1
c_dalig_ic.f:611: (continued):
             GO TO 2
                   2
Reference to label at (2) is outside block containing definition at (1)
c_dalig_ic.f:555: warning:
       2   CALL DGZOOM(6,IAREDO,0,0)
       1
c_dalig_ic.f:614: (continued):
             GO TO 2
                   2
Reference to label at (2) is outside block containing definition at (1)
c_dalig_ic.f:555: warning:
       2   CALL DGZOOM(6,IAREDO,0,0)
       1
c_dalig_ic.f:625: (continued):
             GO TO 2
                   2
Reference to label at (2) is outside block containing definition at (1)
c_dalig_ic.f:555: warning:
       2   CALL DGZOOM(6,IAREDO,0,0)
       1
c_dalig_ic.f:635: (continued):
               GO TO 2
                     2
Reference to label at (2) is outside block containing definition at (1)
c_dalig_ic.f:555: warning:
       2   CALL DGZOOM(6,IAREDO,0,0)
       1
c_dalig_ic.f:643: (continued):
             GO TO 2
                   2
Reference to label at (2) is outside block containing definition at (1)
c_dalig_ic.f:555: warning:
       2   CALL DGZOOM(6,IAREDO,0,0)
       1
c_dalig_ic.f:650: (continued):
             GO TO 2
                   2
Reference to label at (2) is outside block containing definition at (1)
c_dalig_ic.f:594: warning:
           GO TO 3
                 1
c_dalig_ic.f:673: (continued):
       3     CALL DPCGAR(NARE,F0,IZOMDO)
       2
Reference to label at (1) is outside block containing definition at (2)
c_dalig_ic.f:555: warning:
       2   CALL DGZOOM(6,IAREDO,0,0)
       1
c_dalig_ic.f:679: (continued):
             GO TO 2
                   2
Reference to label at (2) is outside block containing definition at (1)
c_dalig_ic.f:555: warning:
       2   CALL DGZOOM(6,IAREDO,0,0)
       1
c_dalig_ic.f:734: (continued):
         GO TO 2
               2
Reference to label at (2) is outside block containing definition at (1)
./ic.Linux DALI_CF.INC c_dalih.f c_dalih_ic.f
f77  -fdollar-ok -c -fno-backslash -fno-automatic -fno-second-underscore -fno-globals -Wno-globals -o c_dalih.o c_dalih_ic.f
c_dalih_ic.f: In subroutine `dht':
c_dalih_ic.f:270: warning:
     935   TV(14:24)=TVHT(IFIX(PARADA(2,J_HVD)))
     1
c_dalih_ic.f:411: (continued):
            GO TO 935
                  2
Reference to label at (2) is outside block containing definition at (1)
c_dalih_ic.f:270: warning:
     935   TV(14:24)=TVHT(IFIX(PARADA(2,J_HVD)))
     1
c_dalih_ic.f:421: (continued):
             GO TO 935
                   2
Reference to label at (2) is outside block containing definition at (1)
c_dalih_ic.f:270: warning:
     935   TV(14:24)=TVHT(IFIX(PARADA(2,J_HVD)))
     1
c_dalih_ic.f:428: (continued):
             GO TO 935
                   2
Reference to label at (2) is outside block containing definition at (1)
./ic.Linux DALI_CF.INC c_dalii.f c_dalii_ic.f
f77  -fdollar-ok -c -fno-backslash -fno-automatic -fno-second-underscore -fno-globals -Wno-globals -o c_dalii.o c_dalii_ic.f
c_dalii_ic.f: In subroutine `diprc':
c_dalii_ic.f:2522: warning:
     151   CONTINUE
     1
c_dalii_ic.f:2638: (continued):
         IF(LRET.EQ.151) GO TO 151
                               2
Reference to label at (2) is outside block containing definition at (1)
c_dalii_ic.f:2577: warning:
     161     CONTINUE
     1
c_dalii_ic.f:2639: (continued):
         IF(LRET.EQ.161) GO TO 161
                               2
Reference to label at (2) is outside block containing definition at (1)
./ic.Linux DALI_CF.INC c_dalij.f c_dalij_ic.f
f77  -fdollar-ok -c -fno-backslash -fno-automatic -fno-second-underscore -fno-globals -Wno-globals -o c_dalij.o c_dalij_ic.f
./ic.Linux DALI_CF.INC c_dalik.f c_dalik_ic.f
f77  -fdollar-ok -c -fno-backslash -fno-automatic -fno-second-underscore -fno-globals -Wno-globals -o c_dalik.o c_dalik_ic.f
c_dalik_ic.f: In subroutine `dkft':
c_dalik_ic.f:1426: warning:
            GO TO 923
                  1
c_dalik_ic.f:1431: (continued):
     923    IF(IZOMDO.EQ.1) THEN
     2
Reference to label at (1) is outside block containing definition at (2)
./ic.Linux DALI_CF.INC c_dalil.f c_dalil_ic.f
f77  -fdollar-ok -c -fno-backslash -fno-automatic -fno-second-underscore -fno-globals -Wno-globals -o c_dalil.o c_dalil_ic.f
c_dalil_ic.f: In subroutine `dlk':
c_dalil_ic.f:59: warning:
     931   IF     (NUM.EQ.0) THEN
     1
c_dalil_ic.f:102: (continued):
               GO TO 931
                     2
Reference to label at (2) is outside block containing definition at (1)
c_dalil_ic.f:95: warning:
           IF(TB(1:1).EQ.'?') GO TO 923
                                    1
c_dalil_ic.f:112: (continued):
     923   CALL DJLBNK(MUN6DU,MUN9DU)
     2
Reference to label at (1) is outside block containing definition at (2)
./ic.Linux DALI_CF.INC c_dalim.f c_dalim_ic.f
f77  -fdollar-ok -c -fno-backslash -fno-automatic -fno-second-underscore -fno-globals -Wno-globals -o c_dalim.o c_dalim_ic.f
c_dalim_ic.f: In subroutine `dmess':
c_dalim_ic.f:1632: warning:
           IF(NBC.GT.2.AND.TFNEW.NE.TFMES) GO TO 22
                                                 1
c_dalim_ic.f:1637: (continued):
      22   IF(FILOP) THEN
      2
Reference to label at (1) is outside block containing definition at (2)
./ic.Linux DALI_CF.INC c_dalin.f c_dalin_ic.f
f77  -fdollar-ok -c -fno-backslash -fno-automatic -fno-second-underscore -fno-globals -Wno-globals -o c_dalin.o c_dalin_ic.f
./ic.Linux DALI_CF.INC n_dalio.f n_dalio_ic.f
f77  -fdollar-ok -c -fno-backslash -fno-automatic -fno-second-underscore -fno-globals -Wno-globals -o n_dalio.o n_dalio_ic.f
n_dalio_ic.f: In subroutine `dop2lt':
n_dalio_ic.f:130: warning:
       1    CALL DGETST(AA,LG,1,1)
       1
n_dalio_ic.f:159: (continued):
            GO TO 1
                  2
Reference to label at (2) is outside block containing definition at (1)
n_dalio_ic.f:130: warning:
       1    CALL DGETST(AA,LG,1,1)
       1
n_dalio_ic.f:181: (continued):
           GO TO 1
                 2
Reference to label at (2) is outside block containing definition at (1)
n_dalio_ic.f:130: warning:
       1    CALL DGETST(AA,LG,1,1)
       1
n_dalio_ic.f:192: (continued):
            GO TO 1
                  2
Reference to label at (2) is outside block containing definition at (1)
n_dalio_ic.f:130: warning:
       1    CALL DGETST(AA,LG,1,1)
       1
n_dalio_ic.f:200: (continued):
            GO TO 1
                  2
Reference to label at (2) is outside block containing definition at (1)
n_dalio_ic.f:130: warning:
       1    CALL DGETST(AA,LG,1,1)
       1
n_dalio_ic.f:212: (continued):
            GO TO 1
                  2
Reference to label at (2) is outside block containing definition at (1)
n_dalio_ic.f:130: warning:
       1    CALL DGETST(AA,LG,1,1)
       1
n_dalio_ic.f:237: (continued):
            IF(.NOT.FMACDM) GO TO 1
                                  2
Reference to label at (2) is outside block containing definition at (1)
n_dalio_ic.f:130: warning:
       1    CALL DGETST(AA,LG,1,1)
       1
n_dalio_ic.f:274: (continued):
               GO TO 1
                     2
Reference to label at (2) is outside block containing definition at (1)
n_dalio_ic.f:130: warning:
       1    CALL DGETST(AA,LG,1,1)
       1
n_dalio_ic.f:313: (continued):
            GO TO 1
                  2
Reference to label at (2) is outside block containing definition at (1)
n_dalio_ic.f:130: warning:
       1    CALL DGETST(AA,LG,1,1)
       1
n_dalio_ic.f:333: (continued):
               GO TO 1
                     2
Reference to label at (2) is outside block containing definition at (1)
n_dalio_ic.f:130: warning:
       1    CALL DGETST(AA,LG,1,1)
       1
n_dalio_ic.f:354: (continued):
                 GO TO 1
                       2
Reference to label at (2) is outside block containing definition at (1)
n_dalio_ic.f:130: warning:
       1    CALL DGETST(AA,LG,1,1)
       1
n_dalio_ic.f:401: (continued):
         GO TO 1
               2
Reference to label at (2) is outside block containing definition at (1)
n_dalio_ic.f:130: warning:
       1    CALL DGETST(AA,LG,1,1)
       1
n_dalio_ic.f:412: (continued):
            GO TO 1
                  2
Reference to label at (2) is outside block containing definition at (1)
n_dalio_ic.f:130: warning:
       1    CALL DGETST(AA,LG,1,1)
       1
n_dalio_ic.f:442: (continued):
           GO TO 1
                 2
Reference to label at (2) is outside block containing definition at (1)
./ic.Linux DALI_CF.INC c_dalip.f c_dalip_ic.f
f77  -fdollar-ok -c -fno-backslash -fno-automatic -fno-second-underscore -fno-globals -Wno-globals -o c_dalip.o c_dalip_ic.f
c_dalip_ic.f: In subroutine `dpimov':
c_dalip_ic.f:377: warning:
       1    IF(NDIR.EQ.1) THEN
       1
c_dalip_ic.f:441: (continued):
       4 IF(IAR.NE.NAR) GO TO 1
                              2
Reference to label at (2) is outside block containing definition at (1)
c_dalip_ic.f: In subroutine `dpitrk':
c_dalip_ic.f:1230: warning:
             IF(MODUL.EQ.0) GO TO 2
                                  1
c_dalip_ic.f:1233: (continued):
       2       CALL DWRT(' No track found.')
       2
Reference to label at (1) is outside block containing definition at (2)
./ic.Linux DALI_CF.INC n_daliq.f n_daliq_ic.f
f77  -fdollar-ok -c -fno-backslash -fno-automatic -fno-second-underscore -fno-globals -Wno-globals -o n_daliq.o n_daliq_ic.f
./ic.Linux DALI_CF.INC c_dalir.f c_dalir_ic.f
f77  -fdollar-ok -c -fno-backslash -fno-automatic -fno-second-underscore -fno-globals -Wno-globals -o c_dalir.o c_dalir_ic.f
c_dalir_ic.f: In subroutine `drscol':
c_dalir_ic.f:84: warning:
           GO TO 10
                 1
c_dalir_ic.f:114: (continued):
      10   CALL DPARGV(31,'STC',4,STC4)
      2
Reference to label at (1) is outside block containing definition at (2)
./ic.Linux DALI_CF.INC c_dalis.f c_dalis_ic.f
f77  -fdollar-ok -c -fno-backslash -fno-automatic -fno-second-underscore -fno-globals -Wno-globals -o c_dalis.o c_dalis_ic.f
c_dalis_ic.f: In subroutine `dsim':
c_dalis_ic.f:458: warning:
           GO TO 921
                 1
c_dalis_ic.f:470: (continued):
     921   AD=NUMAD
     2
Reference to label at (1) is outside block containing definition at (2)
./ic.Linux DALI_CF.INC c_dalit.f c_dalit_ic.f
f77  -fdollar-ok -c -fno-backslash -fno-automatic -fno-second-underscore -fno-globals -Wno-globals -o c_dalit.o c_dalit_ic.f
c_dalit_ic.f: In subroutine `dtx':
c_dalit_ic.f:1311: warning:
         IF(TANSW.EQ.'MC') GO TO 922
                                 1
c_dalit_ic.f:1326: (continued):
     922   CALL DTXDEA(PR(2,8)*PR(4,8),ATR)
     2
Reference to label at (1) is outside block containing definition at (2)
c_dalit_ic.f:1400: warning:
           GO TO 924
                 1
c_dalit_ic.f:1403: (continued):
     924   DO I=1,NLIN
     2
Reference to label at (1) is outside block containing definition at (2)
c_dalit_ic.f:1610: warning:
           GO TO 110
                 1
c_dalit_ic.f:1627: (continued):
     110   FSP=.TRUE.
     2
Reference to label at (1) is outside block containing definition at (2)
c_dalit_ic.f:1665: warning:
           GO TO 300
                 1
c_dalit_ic.f:1673: (continued):
     300   IF(NROW.LE.0) GO TO 936
     2
Reference to label at (1) is outside block containing definition at (2)
c_dalit_ic.f:1764: warning:
           GO TO 927
                 1
c_dalit_ic.f:1768: (continued):
     927   CALL DQCL(IARE)
     2
Reference to label at (1) is outside block containing definition at (2)
./ic.Linux DALI_CF.INC c_daliu.f c_daliu_ic.f
f77  -fdollar-ok -c -fno-backslash -fno-automatic -fno-second-underscore -fno-globals -Wno-globals -o c_daliu.o c_daliu_ic.f
./ic.Linux DALI_CF.INC c_daliv.f c_daliv_ic.f
f77  -fdollar-ok -c -fno-backslash -fno-automatic -fno-second-underscore -fno-globals -Wno-globals -o c_daliv.o c_daliv_ic.f
c_daliv_ic.f: In subroutine `dv0typ':
c_daliv_ic.f:295: warning:
      12        T(44:46)=DT3(CL)
      1
c_daliv_ic.f:314: (continued):
              WRITE(T(34:39),'(F6.3)',ERR=12) ES
                                          2
Reference to label at (2) is outside block containing definition at (1)
c_daliv_ic.f: In subroutine `dvx':
c_daliv_ic.f:1112: warning:
           GO TO 939
                 1
c_daliv_ic.f:1121: (continued):
     939   DO K=1,MP2
     2
Reference to label at (1) is outside block containing definition at (2)
./ic.Linux DALI_CF.INC c_daliw.f c_daliw_ic.f
f77  -fdollar-ok -c -fno-backslash -fno-automatic -fno-second-underscore -fno-globals -Wno-globals -o c_daliw.o c_daliw_ic.f
c_daliw_ic.f: In subroutine `dws':
c_daliw_ic.f:1148: warning:
           CALL DGOPEN(NUNIDU,T,2,*929,IER)
                                   1
c_daliw_ic.f:1184: (continued):
     929   CALL DWRT(' File not found: '//T)
     2
Reference to label at (1) is outside block containing definition at (2)
c_daliw_ic.f:1258: warning:
           IF(H2.LE.0.) GO TO 926
                              1
c_daliw_ic.f:1263: (continued):
     926   H1=HMINDG(IAREDO)
     2
Reference to label at (1) is outside block containing definition at (2)
./ic.Linux DALI_CF.INC c_dalix.f c_dalix_ic.f
f77  -fdollar-ok -c -fno-backslash -fno-automatic -fno-second-underscore -fno-globals -Wno-globals -o c_dalix.o c_dalix_ic.f
./ic.Linux DALI_CF.INC c_daliy.f c_daliy_ic.f
f77  -fdollar-ok -c -fno-backslash -fno-automatic -fno-second-underscore -fno-globals -Wno-globals -o c_daliy.o c_daliy_ic.f
c_daliy_ic.f: In subroutine `dyznud':
c_daliy_ic.f:769: warning:
         IF(NUM.LE.0) GO TO 3
                            1
c_daliy_ic.f:803: (continued):
       3   WRITE(TXTADW,1000) T
       2
Reference to label at (1) is outside block containing definition at (2)
./ic.Linux DALI_CF.INC c_daliz.f c_daliz_ic.f
f77  -fdollar-ok -c -fno-backslash -fno-automatic -fno-second-underscore -fno-globals -Wno-globals -o c_daliz.o c_daliz_ic.f
./ic.Linux DALI_CF.INC dal_bcal.f dal_bcal_ic.f
f77  -fdollar-ok -c -fno-backslash -fno-automatic -fno-second-underscore -fno-globals -Wno-globals -o dal_bcal.o dal_bcal_ic.f
./ic.Linux DALI_CF.INC algtdb_tficor.f algtdb_tficor_ic.f
f77  -fdollar-ok -c -fno-backslash -fno-automatic -fno-second-underscore -fno-globals -Wno-globals -o algtdb_tficor.o algtdb_tficor_ic.f
./ic.Linux DALI_CF.INC dafilm.f dafilm_ic.f
f77  -fdollar-ok -c -fno-backslash -fno-automatic -fno-second-underscore -fno-globals -Wno-globals -o dafilm.o dafilm_ic.f
./ic.Linux DALI_CF.INC draw_state.f draw_state_ic.f
f77  -fdollar-ok -c -fno-backslash -fno-automatic -fno-second-underscore -fno-globals -Wno-globals -o draw_state.o draw_state_ic.f
./ic.Linux DALI_CF.INC partid.f partid_ic.f
f77  -fdollar-ok -c -fno-backslash -fno-automatic -fno-second-underscore -fno-globals -Wno-globals -o partid.o partid_ic.f
f77  -fdollar-ok -c -fno-backslash -fno-automatic -fno-second-underscore -fno-globals -Wno-globals -o dali_Linux_x.o dali_Linux_x.f
 
   Linking dali_e2.Linux
 
f77 -Wl,-u,babend_,-u,dafrds_,-u,ftrack_,-u,hmfind_,-u,mpredg_,-u,mpredm_,-u,muass_ -o dali_e2.Linux c_dalb9.o c_dalb_aleph.o n_dalba.o n_dalbb.o c_dalbc.o c_dalbd.o c_dalbe.o n_dalbf.o c_dalbg.o c_dalbh.o c_dalbi.o c_dalbj.o c_dalbl.o c_dalbm.o c_dalbo.o c_dalbp.o c_dalbq.o c_dalbr.o n_dalbs.o c_dalbt.o c_dalbv.o c_dalbw1.o c_dalbw2.o c_dalbx.o c_dalby.o c_dali1.o c_dali_vdet.o       alpha_c.o alpha_v.o alpha_p.o c_dalia.o c_dalib.o c_dalic.o c_dalid.o c_dalie.o c_dalif.o c_dalig.o c_dalih.o c_dalii.o c_dalij.o c_dalik.o c_dalil.o c_dalim.o c_dalin.o n_dalio.o c_dalip.o n_daliq.o c_dalir.o c_dalis.o c_dalit.o c_daliu.o c_daliv.o c_daliw.o c_dalix.o c_daliy.o c_daliz.o dal_bcal.o algtdb_tficor.o dafilm.o draw_state.o partid.o dali_Linux_x.o  dalb_x.o dali_x.o dali_meta.o /aleph/phy/alenflw.o /aleph/phy/libmini.a /aleph/jul/libjulia.a /aleph/phy/libalpha.a /aleph/gen/liblook.a /aleph/gen/libalephlib.a /aleph/gen/libbos77.a `cernlib mathlib packlib` -L/usr/X11/lib -lXt -lX11
