/var/tmp/fcpFAAa04080:
   albunch:
/var/tmp/fcpFAAa04080:
   alefil:
/var/tmp/fcpFAAa04080:
   alelep:
/var/tmp/fcpFAAa04080:
   alfiel:
/var/tmp/fcpFAAa04080:
   alkevh:
/var/tmp/fcpFAAa04080:
   alkjob:
/var/tmp/fcpFAAa04080:
   alklun:
/var/tmp/fcpFAAa04080:
   alkmar:
/var/tmp/fcpFAAa04080:
   alkran:
/var/tmp/fcpFAAa04080:
   alkrun:
/var/tmp/fcpFAAa04080:
   allep1:
/var/tmp/fcpFAAa04080:
   alrlep:
/var/tmp/fcpFAAa04080:
   alsecs:
/var/tmp/fcpFAAa04080:
   altrhv:
/var/tmp/fcpFAAa04080:
   altrig:
/var/tmp/fcpFAAa04080:
   alvers:
/var/tmp/fcpFAAa04080:
   dvmove:
/var/tmp/fcpFAAa04080:
   dvzero:
/var/tmp/fcpFAAa04080:
   fixalpb:
/var/tmp/fcpFAAa04080:
   getbp:
/var/tmp/fcpFAAa04080:
   getle1:
/var/tmp/fcpFAAa04080:
   getle2:
/var/tmp/fcpFAAa04080:
   getlep:
       entry    getofs:
/var/tmp/fcpFAAa04080:
   getlum:
/var/tmp/fcpFAAa04080:
   gets4b:
/var/tmp/fcpFAAa04080:
   getslu:
/var/tmp/fcpFAAa04080:
   getxyb:
/var/tmp/fcpFAAa04080:
   gtt0gl:
/var/tmp/fcpFAAa04080:
   lfilru:
/var/tmp/fcpFAAa04080:
   rqbunc:
/var/tmp/fcpFAAa04080:
   xfmcbp:
/var/tmp/fcpFAAa04148:
   auarcm:
/var/tmp/fcpFAAa04148:
   auhcyl:
/var/tmp/fcpFAAa04148:
   auhdis:
/var/tmp/fcpFAAa04148:
   auhlen:
/var/tmp/fcpFAAa04148:
   aulcyl:
/var/tmp/fcpFAAa04148:
   aullen:
/var/tmp/fcpFAAa04148:
   autrpl:
/var/tmp/fcpFAAa04148:
   helins:
/var/tmp/fcpFAAa04148:
   ppcorr:
/var/tmp/fcpFAAa04148:
   smav:
/var/tmp/fcpFAAa04148:
   sminv:
       entry    xminv:
/var/tmp/fcpFAAa04148:
   smnorm:
/var/tmp/fcpFAAa04148:
   thlcir:
/var/tmp/fcpFAAa04148:
   tk2ivm:
/var/tmp/fcpFAAa04148:
   tnrhpa:
/var/tmp/fcpFAAa04148:
   ufield:
/var/tmp/fcpFAAa04148:
   ufitql:
/var/tmp/fcpFAAa04148:
   ufitzs:
/var/tmp/fcpFAAa04148:
   ufmmul:
       entry    ufmmlt:
       entry    ufmscl:
       entry    ufmadd:
       entry    ufmult:
/var/tmp/fcpFAAa04148:
   ufms:
/var/tmp/fcpFAAa04148:
   uftmso:
/var/tmp/fcpFAAa04148:
   uhelix:
/var/tmp/fcpFAAa04148:
   uhelix2:
/var/tmp/fcpFAAa04148:
   uincov:
/var/tmp/fcpFAAa04148:
   umserr:
/var/tmp/fcpFAAa04148:
   unewdp:
/var/tmp/fcpFAAa04148:
   unewzp:
/var/tmp/fcpFAAa04148:
   utkxng:
/var/tmp/fcpFAAa04148:
   utrid:
/var/tmp/fcpFAAa04148:
   utswco:
/var/tmp/fcpFAAa04148:
   uvtrid:
/var/tmp/fcpFAAa04148:
   yfix:
/var/tmp/fcpFAAa04148:
   yhelix:
/var/tmp/fcpFAAa04148:
   ysense:
/var/tmp/fcpFAAa04148:
   yv0one:
/var/tmp/fcpFAAa04235:
   tbtblk:
/var/tmp/fcpFAAa04235:
   tbtblp:
/var/tmp/fcpFAAa04235:
   tcgxru:
/var/tmp/fcpFAAa04235:
   tchkex:
/var/tmp/fcpFAAa04235:
   tchkhv:
/var/tmp/fcpFAAa04235:
   tdedxv:
       entry    tdedxr:
/var/tmp/fcpFAAa04235:
   tdxerr:
/var/tmp/fcpFAAa04235:
   tidhyp:
/var/tmp/fcpFAAa04235:
   tmdedx:
/var/tmp/fcpFAAa04235:
   tmpddx:
/var/tmp/fcpFAAa04235:
   tpdhyp:
/var/tmp/fcpFAAa04235:
   tpxerr:
/var/tmp/fcpFAAa04235:
   txdedx:
/var/tmp/fcpFAAa04235:
   txpddx:
/var/tmp/fcpFAAa04266:
   eclean:
/var/tmp/fcpFAAa04266:
   ecprhi:
/var/tmp/fcpFAAa04266:
   ecprto:
/var/tmp/fcpFAAa04266:
   ecprtr:
/var/tmp/fcpFAAa04266:
   ecprwi:
/var/tmp/fcpFAAa04266:
   emtzer:
/var/tmp/fcpFAAa04305:
   acoupe:
/var/tmp/fcpFAAa04305:
   aire:
/var/tmp/fcpFAAa04305:
   airsct:
/var/tmp/fcpFAAa04305:
   avolum:
/var/tmp/fcpFAAa04305:
   ealgmk:
/var/tmp/fcpFAAa04305:
   ealign:
/var/tmp/fcpFAAa04305:
   ealtmk:
/var/tmp/fcpFAAa04305:
   ecdfrd:
/var/tmp/fcpFAAa04305:
   ecplst:
/var/tmp/fcpFAAa04305:
   ecrwrg:
/var/tmp/fcpFAAa04305:
   ecsgeo:
/var/tmp/fcpFAAa04305:
   ectilt:
/var/tmp/fcpFAAa04305:
   ecylnd:
/var/tmp/fcpFAAa04305:
   edefcl:
/var/tmp/fcpFAAa04305:
   edefec:
/var/tmp/fcpFAAa04305:
   edeflg:
/var/tmp/fcpFAAa04305:
   edefmd:
/var/tmp/fcpFAAa04305:
   edefsc:
/var/tmp/fcpFAAa04305:
   edefsp:
/var/tmp/fcpFAAa04305:
   edefss:
/var/tmp/fcpFAAa04305:
   edisgn:
/var/tmp/fcpFAAa04305:
   efncrs:
/var/tmp/fcpFAAa04305:
   efndcl:
/var/tmp/fcpFAAa04305:
   efndlg:
/var/tmp/fcpFAAa04305:
   efndmd:
/var/tmp/fcpFAAa04305:
   efndpl:
/var/tmp/fcpFAAa04305:
   efndrg:
/var/tmp/fcpFAAa04305:
   efndsc:
/var/tmp/fcpFAAa04305:
   efndss:
/var/tmp/fcpFAAa04305:
   efndst:
/var/tmp/fcpFAAa04305:
   efndtw:
/var/tmp/fcpFAAa04305:
   efnicr:
/var/tmp/fcpFAAa04305:
   efnitw:
/var/tmp/fcpFAAa04305:
   efnlay:
/var/tmp/fcpFAAa04305:
   egptlg:
/var/tmp/fcpFAAa04305:
   egptsp:
/var/tmp/fcpFAAa04305:
   egtlnf:
/var/tmp/fcpFAAa04305:
   ehsimt:
/var/tmp/fcpFAAa04305:
   eintst:
/var/tmp/fcpFAAa04305:
   einvrl:
/var/tmp/fcpFAAa04305:
   elimin:
/var/tmp/fcpFAAa04305:
   elimrg:
/var/tmp/fcpFAAa04305:
   elimsc:
/var/tmp/fcpFAAa04305:
   elimst:
/var/tmp/fcpFAAa04305:
   elocal:
/var/tmp/fcpFAAa04305:
   emabsl:
/var/tmp/fcpFAAa04305:
   emdedx:
/var/tmp/fcpFAAa04305:
   emdtow:
/var/tmp/fcpFAAa04305:
   empact:
/var/tmp/fcpFAAa04305:
   emradl:
/var/tmp/fcpFAAa04305:
   enorme:
/var/tmp/fcpFAAa04305:
   entree:
/var/tmp/fcpFAAa04305:
   eowfar:
/var/tmp/fcpFAAa04305:
   eperce:
/var/tmp/fcpFAAa04305:
   eplmst:
/var/tmp/fcpFAAa04305:
   eplnor:
/var/tmp/fcpFAAa04305:
   eplscc:
/var/tmp/fcpFAAa04305:
   eplscf:
/var/tmp/fcpFAAa04305:
   eplscn:
/var/tmp/fcpFAAa04305:
   eplsdi:
/var/tmp/fcpFAAa04305:
   eplsqf:
/var/tmp/fcpFAAa04305:
   eplsql:
/var/tmp/fcpFAAa04305:
   eplst:
/var/tmp/fcpFAAa04305:
   eprcom:
/var/tmp/fcpFAAa04305:
   eqedge:
/var/tmp/fcpFAAa04305:
   erddaf:
/var/tmp/fcpFAAa04305:
   erogen:
/var/tmp/fcpFAAa04305:
   erosys:
/var/tmp/fcpFAAa04305:
   erotpl:
/var/tmp/fcpFAAa04305:
   erotpt:
/var/tmp/fcpFAAa04305:
   erpads:
/var/tmp/fcpFAAa04305:
   erwidt:
/var/tmp/fcpFAAa04305:
   esrbc:
/var/tmp/fcpFAAa04305:
   esrcr:
/var/tmp/fcpFAAa04305:
   esrct:
/var/tmp/fcpFAAa04305:
   esrdir:
/var/tmp/fcpFAAa04305:
   esrfc:
/var/tmp/fcpFAAa04305:
   esrpl:
/var/tmp/fcpFAAa04305:
   esrpt:
/var/tmp/fcpFAAa04305:
   etetrd:
/var/tmp/fcpFAAa04305:
   ethru:
/var/tmp/fcpFAAa04305:
   etouch:
/var/tmp/fcpFAAa04305:
   etzsmd:
/var/tmp/fcpFAAa04305:
   etzssl:
/var/tmp/fcpFAAa04305:
   evabsl:
/var/tmp/fcpFAAa04305:
   evdedx:
/var/tmp/fcpFAAa04305:
   evfois:
/var/tmp/fcpFAAa04305:
   evolcr:
/var/tmp/fcpFAAa04305:
   evolct:
/var/tmp/fcpFAAa04305:
   evolfc:
/var/tmp/fcpFAAa04305:
   evolpl:
/var/tmp/fcpFAAa04305:
   evolum:
/var/tmp/fcpFAAa04305:
   evradl:
/var/tmp/fcpFAAa04305:
   expand:
/var/tmp/fcpFAAa04305:
   expfrf:
/var/tmp/fcpFAAa04305:
   expnec:
/var/tmp/fcpFAAa04305:
   exrwrw:
/var/tmp/fcpFAAa04305:
   vect4:
/var/tmp/fcpFAAa04578:
   alclasw:
/var/tmp/fcpFAAa04578:
   alrwev:
/var/tmp/fcpFAAa04578:
   alsumcl:
       entry    alsumgt:
/var/tmp/fcpFAAa04578:
   chkclas:
/var/tmp/fcpFAAa04578:
   clas24:
/var/tmp/fcpFAAa04578:
   clas26:
/var/tmp/fcpFAAa04578:
   clas278:
/var/tmp/fcpFAAa04578:
   ecaget:
/var/tmp/fcpFAAa04578:
   ecalsl:
/var/tmp/fcpFAAa04578:
   ecalwr:
/var/tmp/fcpFAAa04578:
   ecphco:
/var/tmp/fcpFAAa04578:
   eewirs:
/var/tmp/fcpFAAa04578:
   enlcal:
/var/tmp/fcpFAAa04578:
   enlcl2:
/var/tmp/fcpFAAa04578:
   esumw:
/var/tmp/fcpFAAa04578:
   esweh:
/var/tmp/fcpFAAa04578:
   ggesum:
/var/tmp/fcpFAAa04578:
   ggseh:
/var/tmp/fcpFAAa04578:
   ggtrkh:
/var/tmp/fcpFAAa04578:
   hcalen:
/var/tmp/fcpFAAa04578:
   hvobit:
/var/tmp/fcpFAAa04578:
   lepto:
/var/tmp/fcpFAAa04578:
   modfnd:
/var/tmp/fcpFAAa04578:
   muelid:
/var/tmp/fcpFAAa04578:
   mutrgs:
/var/tmp/fcpFAAa04578:
   phedir:
/var/tmp/fcpFAAa04578:
   qptrck:
/var/tmp/fcpFAAa04578:
   qtrkch:
/var/tmp/fcpFAAa04578:
   rejbha:
/var/tmp/fcpFAAa04578:
   rpeco:
/var/tmp/fcpFAAa04578:
/var/tmp/fcpFAAa04578:
   selbha:
/var/tmp/fcpFAAa04578:
   selcal:
/var/tmp/fcpFAAa04578:
   selemu:
/var/tmp/fcpFAAa04578:
   selenu:
/var/tmp/fcpFAAa04578:
   selevt:
/var/tmp/fcpFAAa04578:
   selgge:
/var/tmp/fcpFAAa04578:
   seltrk:
/var/tmp/fcpFAAa04578:
   selwwa:
/var/tmp/fcpFAAa04578:
   selwwb:
/var/tmp/fcpFAAa04578:
   siedir:
/var/tmp/fcpFAAa04578:
   sngmtr:
/var/tmp/fcpFAAa04578:
   sngrnd:
/var/tmp/fcpFAAa04578:
   tizern:
/var/tmp/fcpFAAa04578:
   tizero:
/var/tmp/fcpFAAa04578:
   tracks:
/var/tmp/fcpFAAa04578:
   trioff:
/var/tmp/fcpFAAa04578:
   trkhad:
/var/tmp/fcpFAAa04578:
   trkwws:
/var/tmp/fcpFAAa04578:
   trpfrf:
/var/tmp/fcpFAAa04578:
   truslu:
/var/tmp/fcpFAAa04578:
   ulangl:
/var/tmp/fcpFAAa04578:
   ulthru:
/var/tmp/fcpFAAa04578:
   vdcosmj:
/var/tmp/fcpFAAa04578:
   vurobo:
/var/tmp/fcpFAAa04578:
   wclus:
/var/tmp/fcpFAAa04748:
   fmelos:
/var/tmp/fcpFAAa04748:
   fmhelx:
/var/tmp/fcpFAAa04748:
   fmhitb:
/var/tmp/fcpFAAa04748:
   fminit:
/var/tmp/fcpFAAa04748:
   fmmulx:
/var/tmp/fcpFAAa04748:
   fmprnt:
/var/tmp/fcpFAAa04748:
   fmregn:
/var/tmp/fcpFAAa04748:
   fmscat:
/var/tmp/fcpFAAa04748:
   fmtrak:
/var/tmp/fcpFAAa04771:
   fyfkin:
/var/tmp/fcpFAAa04771:
   fyinev:
/var/tmp/fcpFAAa04771:
   fyirun:
/var/tmp/fcpFAAa04771:
   fykill:
/var/tmp/fcpFAAa04771:
   fykine:
/var/tmp/fcpFAAa04771:
   fyluhc:
/var/tmp/fcpFAAa04771:
   fynhis:
/var/tmp/fcpFAAa04771:
   fyredc:
/var/tmp/fcpFAAa04771:
   fytoki:
/var/tmp/fcpFAAa04771:
   fytree:
/var/tmp/fcpFAAa04796:
   aristo:
/var/tmp/fcpFAAa04796:
   bgetds:
/var/tmp/fcpFAAa04796:
   chacut:
/var/tmp/fcpFAAa04796:
   corad94:
/var/tmp/fcpFAAa04796:
   coradoc:
/var/tmp/fcpFAAa04796:
   defove:
/var/tmp/fcpFAAa04796:
   dstack:
/var/tmp/fcpFAAa04796:
   ebgrix:
/var/tmp/fcpFAAa04796:
   ec4tra:
/var/tmp/fcpFAAa04796:
   ecetdi:
/var/tmp/fcpFAAa04796:
   evtver:
/var/tmp/fcpFAAa04796:
   gaform:
/var/tmp/fcpFAAa04796:
   gagrid:
/var/tmp/fcpFAAa04796:
   gamfak:
/var/tmp/fcpFAAa04796:
   gampek:
/var/tmp/fcpFAAa04796:
   gampex:
/var/tmp/fcpFAAa04796:
   gapgac:
/var/tmp/fcpFAAa04796:
   gapgpc:
/var/tmp/fcpFAAa04796:
   gatral:
/var/tmp/fcpFAAa04796:
   gbulos:
/var/tmp/fcpFAAa04796:
   gemfak:
/var/tmp/fcpFAAa04796:
   gf4lst:
/var/tmp/fcpFAAa04796:
   gfake:
/var/tmp/fcpFAAa04796:
   gfakew:
/var/tmp/fcpFAAa04796:
   gfrac:
/var/tmp/fcpFAAa04796:
   ghafak:
/var/tmp/fcpFAAa04796:
   givsto:
/var/tmp/fcpFAAa04796:
   gxem:
/var/tmp/fcpFAAa04796:
   gxhad:
/var/tmp/fcpFAAa04796:
   gximpa:
/var/tmp/fcpFAAa04796:
   gxmclm:
/var/tmp/fcpFAAa04796:
   gxtran:
/var/tmp/fcpFAAa04796:
   intof4:
/var/tmp/fcpFAAa04796:
   ispark:
/var/tmp/fcpFAAa04796:
   mecrfc:
/var/tmp/fcpFAAa04796:
   morsto:
/var/tmp/fcpFAAa04796:
   ovesto:
/var/tmp/fcpFAAa04796:
   stogam:
/var/tmp/fcpFAAa04796:
   trdist:
/var/tmp/fcpFAAa04796:
   trfire:
/var/tmp/fcpFAAa04796:
   voisto:
/var/tmp/fcpFAAa05055:
   hcboun:
/var/tmp/fcpFAAa05055:
   hccyl:
/var/tmp/fcpFAAa05055:
   hcdeit:
/var/tmp/fcpFAAa05055:
   hcdpsp:
/var/tmp/fcpFAAa05055:
   hcdrbm:
/var/tmp/fcpFAAa05055:
   hcdwsp:
/var/tmp/fcpFAAa05055:
   hcheck:
/var/tmp/fcpFAAa05055:
   hclatu:
/var/tmp/fcpFAAa05055:
   hcmdpl:
/var/tmp/fcpFAAa05055:
   hcprge:
/var/tmp/fcpFAAa05055:
   hcrinv:
/var/tmp/fcpFAAa05055:
   hcrvol:
/var/tmp/fcpFAAa05055:
   hcsamp:
/var/tmp/fcpFAAa05055:
   hcseco:
/var/tmp/fcpFAAa05055:
   hdeadm:
/var/tmp/fcpFAAa05055:
   hfbahi:
/var/tmp/fcpFAAa05055:
   hfbahio:
/var/tmp/fcpFAAa05055:
   hfbhit:
/var/tmp/fcpFAAa05055:
   hfehit:
/var/tmp/fcpFAAa05055:
   hfenhi:
/var/tmp/fcpFAAa05055:
   hfndmd:
/var/tmp/fcpFAAa05055:
   hfndtw:
/var/tmp/fcpFAAa05055:
   hgetga:
/var/tmp/fcpFAAa05055:
   hgetju:
/var/tmp/fcpFAAa05055:
   hginit:
/var/tmp/fcpFAAa05055:
   hintst:
/var/tmp/fcpFAAa05055:
   hneigh:
/var/tmp/fcpFAAa05055:
   hnreg:
/var/tmp/fcpFAAa05055:
   hphmod:
/var/tmp/fcpFAAa05055:
   hrddaf:
/var/tmp/fcpFAAa05055:
   hsrcr:
/var/tmp/fcpFAAa05055:
   htadco:
/var/tmp/fcpFAAa05055:
   htadde:
/var/tmp/fcpFAAa05055:
   htstec:
/var/tmp/fcpFAAa05055:
   htuacl:
/var/tmp/fcpFAAa05055:
   htulen:
/var/tmp/fcpFAAa05055:
   htxang:
/var/tmp/fcpFAAa05055:
   htxdtl:
/var/tmp/fcpFAAa05055:
   htxspl:
/var/tmp/fcpFAAa05055:
   husran:
/var/tmp/fcpFAAa05055:
   hytrsf:
/var/tmp/fcpFAAa05157:
   ifecon:
/var/tmp/fcpFAAa05157:
   igeomw:
/var/tmp/fcpFAAa05157:
   igetdb:
/var/tmp/fcpFAAa05157:
   iinali:
/var/tmp/fcpFAAa05157:
   iinres:
/var/tmp/fcpFAAa05157:
   iprdaf:
/var/tmp/fcpFAAa05157:
   irddaf:
/var/tmp/fcpFAAa05179:
   iasiga:
/var/tmp/fcpFAAa05179:
   icdrif:
/var/tmp/fcpFAAa05179:
   icrcoo:
/var/tmp/fcpFAAa05179:
   iddist:
/var/tmp/fcpFAAa05179:
   ilatch:
/var/tmp/fcpFAAa05179:
   ilivew:
/var/tmp/fcpFAAa05179:
   imicco:
/var/tmp/fcpFAAa05179:
   iresrp:
/var/tmp/fcpFAAa05179:
   itcflg:
/var/tmp/fcpFAAa05179:
   itdcor:
/var/tmp/fcpFAAa05179:
   itdrif:
/var/tmp/fcpFAAa05179:
   itprdi:
/var/tmp/fcpFAAa05179:
   itprht:
/var/tmp/fcpFAAa05179:
   itqual:
/var/tmp/fcpFAAa05179:
   itrotn:
/var/tmp/fcpFAAa05179:
   itswco:
/var/tmp/fcpFAAa05179:
   itxflg:
/var/tmp/fcpFAAa05179:
   itxing:
/var/tmp/fcpFAAa05179:
   iudoca:
/var/tmp/fcpFAAa05179:
   iupcco:
/var/tmp/fcpFAAa05179:
   iuvcrs:
/var/tmp/fcpFAAa05179:
   ixhits:
/var/tmp/fcpFAAa05237:
   uba2pi:
       entry    ubapi:
       entry    ubapi2:
/var/tmp/fcpFAAa05237:
   uf2arc:
/var/tmp/fcpFAAa05237:
   uf2crd:
/var/tmp/fcpFAAa05237:
   uf2trk:
/var/tmp/fcpFAAa05237:
   uf2use:
/var/tmp/fcpFAAa05237:
   ufbebl:
/var/tmp/fcpFAAa05237:
   ufberr:
/var/tmp/fcpFAAa05237:
   ufchi2:
/var/tmp/fcpFAAa05237:
   ufcova:
/var/tmp/fcpFAAa05237:
   ufdisc:
/var/tmp/fcpFAAa05237:
   ufecal:
/var/tmp/fcpFAAa05237:
   ufg2gt:
/var/tmp/fcpFAAa05237:
   ufgain:
/var/tmp/fcpFAAa05237:
   ufgett:
/var/tmp/fcpFAAa05237:
   ufjaco:
/var/tmp/fcpFAAa05237:
   ufloss:
/var/tmp/fcpFAAa05237:
   ufqprc:
/var/tmp/fcpFAAa05237:
   ufrein:
       entry    uf2sca:
       entry    uftfil:
/var/tmp/fcpFAAa05237:
   ufscov:
/var/tmp/fcpFAAa05237:
   ufstat:
/var/tmp/fcpFAAa05237:
   ufswmc:
       entry    uoloss:
/var/tmp/fcpFAAa05237:
   ufswms:
/var/tmp/fcpFAAa05237:
   ufswmx:
/var/tmp/fcpFAAa05237:
   uftkal:
       entry    ufmkal:
       entry    uftrac:
       entry    uftome:
       entry    ufttal:
       entry    uftmom:
       entry    uftrad:
       entry    dalinf:
       entry    ufdali:
       entry    ufswim:
       entry    ufclim:
       entry    ufvdin:
       entry    ufvdou:
       entry    uf2res:
       entry    uf2trm:
       entry    uf2tpo:
       entry    uf2pnt:
       entry    uf2xyz:
/var/tmp/fcpFAAa05237:
   uftran:
/var/tmp/fcpFAAa05237:
   ufttra:
/var/tmp/fcpFAAa05237:
   ufvdms:
       entry    ufvdmm:
/var/tmp/fcpFAAa05237:
   uload:
/var/tmp/fcpFAAa05237:
   upcons:
/var/tmp/fcpFAAa05237:
   utproc:
/var/tmp/fcpFAAa05302:
/var/tmp/fcpFAAa05302:
/var/tmp/fcpFAAa05302:
/var/tmp/fcpFAAa05302:
/var/tmp/fcpFAAa05302:
   kbkine:
/var/tmp/fcpFAAa05302:
   kbklin:
/var/tmp/fcpFAAa05302:
   kbpart:
/var/tmp/fcpFAAa05302:
   kbvert:
/var/tmp/fcpFAAa05302:
   kclean:
/var/tmp/fcpFAAa05302:
   keevt:
/var/tmp/fcpFAAa05302:
   kejob:
/var/tmp/fcpFAAa05302:
   kfevbk:
/var/tmp/fcpFAAa05302:
   kgdecl:
/var/tmp/fcpFAAa05302:
   kgpart:
/var/tmp/fcpFAAa05302:
   kiaver:
/var/tmp/fcpFAAa05302:
   kibprs:
/var/tmp/fcpFAAa05302:
   kifynw:
/var/tmp/fcpFAAa05302:
   kifyol:
/var/tmp/fcpFAAa05302:
   kinit:
/var/tmp/fcpFAAa05302:
   kkdrop:
/var/tmp/fcpFAAa05302:
   kkmove:
/var/tmp/fcpFAAa05302:
   kluzet:
/var/tmp/fcpFAAa05302:
   kmkrun:
/var/tmp/fcpFAAa05302:
   kmpart:
/var/tmp/fcpFAAa05302:
   kmrunh:
/var/tmp/fcpFAAa05302:
   knodec:
/var/tmp/fcpFAAa05302:
   kp6sho:
/var/tmp/fcpFAAa05302:
   kp6zfr:
/var/tmp/fcpFAAa05302:
   kpyzet:
/var/tmp/fcpFAAa05302:
   ksecbk:
/var/tmp/fcpFAAa05302:
   kshobk:
/var/tmp/fcpFAAa05302:
   kswap:
/var/tmp/fcpFAAa05302:
   kxl74a:
/var/tmp/fcpFAAa05302:
   kxl7al:
/var/tmp/fcpFAAa05302:
   kxl7br:
/var/tmp/fcpFAAa05302:
   kxl7co:
/var/tmp/fcpFAAa05302:
   kxl7pa:
/var/tmp/fcpFAAa05302:
   kxl7st:
/var/tmp/fcpFAAa05302:
   kxl7to:
/var/tmp/fcpFAAa05302:
   kxlual:
/var/tmp/fcpFAAa05302:
   kxlubr:
/var/tmp/fcpFAAa05302:
   kxluco:
/var/tmp/fcpFAAa05302:
   kxlupa:
/var/tmp/fcpFAAa05302:
   kxlupr:
/var/tmp/fcpFAAa05302:
   kxluto:
/var/tmp/fcpFAAa05302:
   kxp6al:
/var/tmp/fcpFAAa05302:
   kxp6br:
/var/tmp/fcpFAAa05302:
   kxp6co:
/var/tmp/fcpFAAa05302:
   kxp6in:
/var/tmp/fcpFAAa05302:
   kxp6st:
/var/tmp/fcpFAAa05302:
   kxp6to:
/var/tmp/fcpFAAa05302:
   kzfrbk:
/var/tmp/fcpFAAa05436:
   lcalmv:
/var/tmp/fcpFAAa05441:
   mbapol:
/var/tmp/fcpFAAa05441:
   mbspol:
/var/tmp/fcpFAAa05441:
   menpol:
/var/tmp/fcpFAAa05441:
   mginit:
/var/tmp/fcpFAAa05441:
   mmapol:
/var/tmp/fcpFAAa05441:
   muprge:
/var/tmp/fcpFAAa05441:
   mxyloc:
/var/tmp/fcpFAAa05458:
   maklis:
/var/tmp/fcpFAAa05458:
   mdscr:
/var/tmp/fcpFAAa05458:
   mucalo:
/var/tmp/fcpFAAa05458:
   mucatr:
/var/tmp/fcpFAAa05458:
   mudbe:
/var/tmp/fcpFAAa05458:
   mudso:
/var/tmp/fcpFAAa05473:
   alprob:
/var/tmp/fcpFAAa05473:
   amuid:
/var/tmp/fcpFAAa05473:
   hdodgy:
/var/tmp/fcpFAAa05473:
   hgsudn:
/var/tmp/fcpFAAa05473:
   hrhtub:
/var/tmp/fcpFAAa05473:
   mrmhit:
/var/tmp/fcpFAAa05473:
   mshad:
/var/tmp/fcpFAAa05473:
   msolmc:
/var/tmp/fcpFAAa05473:
   msolsh:
/var/tmp/fcpFAAa05473:
   muidf:
/var/tmp/fcpFAAa05473:
   muido:
/var/tmp/fcpFAAa05499:
   bulos:
/var/tmp/fcpFAAa05499:
   clmoms:
/var/tmp/fcpFAAa05499:
   ebaryc:
/var/tmp/fcpFAAa05499:
   ebcdrg:
/var/tmp/fcpFAAa05499:
   ebclap:
/var/tmp/fcpFAAa05499:
   ebclcf:
/var/tmp/fcpFAAa05499:
   ebcocl:
/var/tmp/fcpFAAa05499:
   ebcohd:
/var/tmp/fcpFAAa05499:
   ebconf:
/var/tmp/fcpFAAa05499:
   ebcosi:
/var/tmp/fcpFAAa05499:
   ebcrad:
/var/tmp/fcpFAAa05499:
   ebcrep:
/var/tmp/fcpFAAa05499:
   ebdevi:
/var/tmp/fcpFAAa05499:
   ebecmd:
/var/tmp/fcpFAAa05499:
   ebgaga:
/var/tmp/fcpFAAa05499:
   ebgene:
/var/tmp/fcpFAAa05499:
   ebgrid:
/var/tmp/fcpFAAa05499:
   ebhadr:
/var/tmp/fcpFAAa05499:
   ebhaha:
/var/tmp/fcpFAAa05499:
   ebimpa:
/var/tmp/fcpFAAa05499:
   ebimpc:
/var/tmp/fcpFAAa05499:
   ebinit:
/var/tmp/fcpFAAa05499:
   ebleak:
/var/tmp/fcpFAAa05499:
   eblong:
/var/tmp/fcpFAAa05499:
   eblpst:
/var/tmp/fcpFAAa05499:
   ebneut:
/var/tmp/fcpFAAa05499:
   eboidp:
/var/tmp/fcpFAAa05499:
   ebpara:
/var/tmp/fcpFAAa05499:
   ebphcc:
/var/tmp/fcpFAAa05499:
   ebprep:
/var/tmp/fcpFAAa05499:
   ebprga:
/var/tmp/fcpFAAa05499:
   ebrack:
/var/tmp/fcpFAAa05499:
   ebranc:
/var/tmp/fcpFAAa05499:
   ebrgcd:
/var/tmp/fcpFAAa05499:
   ebsatu:
/var/tmp/fcpFAAa05499:
   ebshap:
/var/tmp/fcpFAAa05499:
   ebshow:
/var/tmp/fcpFAAa05499:
   ebslim:
/var/tmp/fcpFAAa05499:
   ebstak:
/var/tmp/fcpFAAa05499:
   ebtran:
/var/tmp/fcpFAAa05499:
   ebtzth:
/var/tmp/fcpFAAa05499:
   ebvlap:
/var/tmp/fcpFAAa05499:
   ebyphi:
/var/tmp/fcpFAAa05499:
   ecleak:
/var/tmp/fcpFAAa05499:
   enof4:
/var/tmp/fcpFAAa05499:
   enol12:
/var/tmp/fcpFAAa05499:
   enolwf:
/var/tmp/fcpFAAa05499:
   enow12:
/var/tmp/fcpFAAa05499:
   gapgid:
/var/tmp/fcpFAAa05499:
   gbimpa:
/var/tmp/fcpFAAa05499:
   gbneut:
/var/tmp/fcpFAAa05499:
   gbtran:
/var/tmp/fcpFAAa05499:
   gvercr:
/var/tmp/fcpFAAa05609:
   ainjet:
/var/tmp/fcpFAAa05609:
   alclus:
/var/tmp/fcpFAAa05609:
   alrobo:
/var/tmp/fcpFAAa05609:
   althru:
/var/tmp/fcpFAAa05609:
   fjmmcl:
/var/tmp/fcpFAAa05609:
   getx:
/var/tmp/fcpFAAa05609:
   gety:
/var/tmp/fcpFAAa05609:
   jpcomb:
/var/tmp/fcpFAAa05609:
   pairfd:
       entry    paircp:
/var/tmp/fcpFAAa05609:
   pidecy:
/var/tmp/fcpFAAa05609:
   pjlink:
/var/tmp/fcpFAAa05721:
   bprtab:
/var/tmp/fcpFAAa05721:
   frftdp:
/var/tmp/fcpFAAa05721:
   ftkdmp:
/var/tmp/fcpFAAa05721:
   hcprind:
/var/tmp/fcpFAAa05721:
   muprdi:
/var/tmp/fcpFAAa05721:
   muprht:
/var/tmp/fcpFAAa05721:
   prdtmc:
/var/tmp/fcpFAAa05721:
   prfkin:
/var/tmp/fcpFAAa05721:
   prgdec:
/var/tmp/fcpFAAa05721:
   primpa:
/var/tmp/fcpFAAa05721:
   prkine:
/var/tmp/fcpFAAa05721:
   prpart:
/var/tmp/fcpFAAa05721:
   prrhah:
/var/tmp/fcpFAAa05721:
   prtabl:
/var/tmp/fcpFAAa05721:
   smprt:
/var/tmp/fcpFAAa05721:
   tpaddp:
/var/tmp/fcpFAAa05721:
   tpcodp:
/var/tmp/fcpFAAa05917:
   fpkcm:
/var/tmp/fcpFAAa05917:
   fptoj:
/var/tmp/fcpFAAa05917:
   fupkcm:
/var/tmp/fcpFAAa05917:
   iptoj:
/var/tmp/fcpFAAa05917:
   nvpcob:
/var/tmp/fcpFAAa05917:
   nvpeco:
/var/tmp/fcpFAAa05917:
   pcmecu:
/var/tmp/fcpFAAa05917:
   pcpatq:
/var/tmp/fcpFAAa05917:
   pcrltj:
/var/tmp/fcpFAAa05917:
   pechic:
/var/tmp/fcpFAAa05917:
   peidtj:
/var/tmp/fcpFAAa05917:
   phchic:
/var/tmp/fcpFAAa05917:
   phmadj:
/var/tmp/fcpFAAa05917:
   phstoj:
/var/tmp/fcpFAAa05917:
   pitcoj:
/var/tmp/fcpFAAa05917:
   pitmaj:
/var/tmp/fcpFAAa05917:
   pjpfxt:
/var/tmp/fcpFAAa05917:
   pscooj:
/var/tmp/fcpFAAa05917:
   pstcpj:
/var/tmp/fcpFAAa05917:
   ptbcoj:
/var/tmp/fcpFAAa05917:
   ptexsj:
/var/tmp/fcpFAAa05917:
   ptgmaj:
/var/tmp/fcpFAAa05917:
   ptpcoj:
/var/tmp/fcpFAAa05917:
   sptoj:
/var/tmp/fcpFAAa05917:
   tficor:
/var/tmp/fcpFAAa05917:
   tfiltu:
/var/tmp/fcpFAAa05917:
   tfipol:
/var/tmp/fcpFAAa05917:
   tptoj:
/var/tmp/fcpFAAa05917:
   tsrtco:
/var/tmp/fcpFAAa05917:
   tun1co:
/var/tmp/fcpFAAa05917:
   tun1nc:
/var/tmp/fcpFAAa06055:
   saprdi:
/var/tmp/fcpFAAa06055:
   saprhi:
/var/tmp/fcpFAAa06062:
   siator:
/var/tmp/fcpFAAa06062:
   siatox:
/var/tmp/fcpFAAa06062:
   sidali:
/var/tmp/fcpFAAa06062:
   sidcod:
/var/tmp/fcpFAAa06062:
   sidcoz:
/var/tmp/fcpFAAa06062:
   siencd:
/var/tmp/fcpFAAa06062:
   siencz:
/var/tmp/fcpFAAa06062:
   sigtgo:
/var/tmp/fcpFAAa06062:
   siidpo:
/var/tmp/fcpFAAa06062:
   siitor:
/var/tmp/fcpFAAa06062:
   siltox:
/var/tmp/fcpFAAa06062:
   siploc:
/var/tmp/fcpFAAa06062:
   siprgo:
/var/tmp/fcpFAAa06062:
   siptoj:
/var/tmp/fcpFAAa06062:
   sirdaf:
/var/tmp/fcpFAAa06062:
   sirloc:
/var/tmp/fcpFAAa06062:
   sirtoa:
/var/tmp/fcpFAAa06062:
   sirtoi:
/var/tmp/fcpFAAa06062:
   sixtoa:
/var/tmp/fcpFAAa06062:
   sixtoi:
/var/tmp/fcpFAAa06062:
   sixtol:
/var/tmp/fcpFAAa06062:
   sizfri:
/var/tmp/fcpFAAa06062:
   siztoi:
/var/tmp/fcpFAAa06062:
   stmask:
/var/tmp/fcpFAAa06062:
   strigf:
/var/tmp/fcpFAAa06183:
   talini:
/var/tmp/fcpFAAa06183:
   tcorec:
/var/tmp/fcpFAAa06183:
   tcrtrn:
/var/tmp/fcpFAAa06183:
   tctglb:
/var/tmp/fcpFAAa06183:
   tctsec:
/var/tmp/fcpFAAa06183:
   tgedmp:
/var/tmp/fcpFAAa06183:
   tgepbk:
/var/tmp/fcpFAAa06183:
   tgepri:
/var/tmp/fcpFAAa06183:
   tgewir:
/var/tmp/fcpFAAa06183:
   tghpal:
/var/tmp/fcpFAAa06183:
   tghpts:
/var/tmp/fcpFAAa06183:
   thtflg:
/var/tmp/fcpFAAa06183:
   thtran:
/var/tmp/fcpFAAa06183:
   tmatut:
/var/tmp/fcpFAAa06183:
   tpdint:
/var/tmp/fcpFAAa06183:
   trddaf:
/var/tmp/fcpFAAa06183:
   trdt90:
/var/tmp/fcpFAAa06183:
   trhflg:
/var/tmp/fcpFAAa06183:
   tschek:
/var/tmp/fcpFAAa06183:
   tscint:
/var/tmp/fcpFAAa06183:
   tsnext:
/var/tmp/fcpFAAa06315:
   tcores:
/var/tmp/fcpFAAa06315:
   tcrtof:
/var/tmp/fcpFAAa06315:
   tcrtra:
/var/tmp/fcpFAAa06315:
   tcrzvd:
/var/tmp/fcpFAAa06315:
   tdfvru:
/var/tmp/fcpFAAa06315:
   tfcini:
/var/tmp/fcpFAAa06315:
   tfimul:
/var/tmp/fcpFAAa06315:
   tfixt0:
/var/tmp/fcpFAAa06315:
   tgtcur:
/var/tmp/fcpFAAa06315:
   timdif:
/var/tmp/fcpFAAa06315:
   tlacoc:
/var/tmp/fcpFAAa06315:
   tlacop:
/var/tmp/fcpFAAa06315:
   tlacor:
/var/tmp/fcpFAAa06315:
   tnfvru:
/var/tmp/fcpFAAa06315:
   tpdvel:
/var/tmp/fcpFAAa06315:
   tprcoo:
/var/tmp/fcpFAAa06315:
   tprhit:
/var/tmp/fcpFAAa06315:
   twpana:
/var/tmp/fcpFAAa06315:
   twpold:
/var/tmp/fcpFAAa06315:
   twrred:
/var/tmp/fcpFAAa06315:
   tzcrvd:
/var/tmp/fcpFAAa06315:
   tzcsvd:
/var/tmp/fcpFAAa06376:
   sidisc:
/var/tmp/fcpFAAa06376:
   sitrin:
/var/tmp/fcpFAAa06376:
   six2mk:
/var/tmp/fcpFAAa06376:
   sixamk:
/var/tmp/fcpFAAa06376:
   sixapr:
/var/tmp/fcpFAAa06376:
   x1aptn:
/var/tmp/fcpFAAa06376:
   x1aptr:
/var/tmp/fcpFAAa06376:
   x1book:
/var/tmp/fcpFAAa06376:
   x1dceb:
/var/tmp/fcpFAAa06376:
   x1disc:
/var/tmp/fcpFAAa06376:
   x1disn:
/var/tmp/fcpFAAa06376:
   x1ecwm:
/var/tmp/fcpFAAa06376:
   x1hisn:
/var/tmp/fcpFAAa06376:
   x1hist:
/var/tmp/fcpFAAa06376:
   x1ini:
/var/tmp/fcpFAAa06376:
   x1inp:
/var/tmp/fcpFAAa06376:
   x1irun:
/var/tmp/fcpFAAa06376:
   x1mixi:
/var/tmp/fcpFAAa06376:
   x1mixn:
/var/tmp/fcpFAAa06376:
   x1outp:
/var/tmp/fcpFAAa06376:
   x1prep:
/var/tmp/fcpFAAa06376:
   x1prnt:
/var/tmp/fcpFAAa06376:
   x1redo:
/var/tmp/fcpFAAa06376:
   x1rsum:
/var/tmp/fcpFAAa06376:
   x1time:
/var/tmp/fcpFAAa06376:
   x1trg:
/var/tmp/fcpFAAa06376:
   x1trig:
/var/tmp/fcpFAAa06376:
   x1wsum:
/var/tmp/fcpFAAa06376:
   x2book:
/var/tmp/fcpFAAa06376:
   x2dfcd:
/var/tmp/fcpFAAa06376:
   x2irun:
/var/tmp/fcpFAAa06376:
   x2luts:
/var/tmp/fcpFAAa06376:
   x2nami:
/var/tmp/fcpFAAa06376:
   x2prhi:
/var/tmp/fcpFAAa06376:
   x2prin:
/var/tmp/fcpFAAa06376:
   x2trig:
/var/tmp/fcpFAAa06376:
   x2wsum:
/var/tmp/fcpFAAa06549:
   vabcfl:
/var/tmp/fcpFAAa06549:
   vabcvu:
/var/tmp/fcpFAAa06549:
   vabcxy:
/var/tmp/fcpFAAa06549:
   vaddpk:
/var/tmp/fcpFAAa06549:
   vaddun:
/var/tmp/fcpFAAa06549:
   vadesa:
/var/tmp/fcpFAAa06549:
   vadewa:
/var/tmp/fcpFAAa06549:
   vaensa:
/var/tmp/fcpFAAa06549:
   vaenwa:
/var/tmp/fcpFAAa06549:
   valfco:
/var/tmp/fcpFAAa06549:
   vbnkdp:
/var/tmp/fcpFAAa06549:
   vbrjwa:
/var/tmp/fcpFAAa06549:
   vchnst:
/var/tmp/fcpFAAa06549:
   vcormp:
/var/tmp/fcpFAAa06549:
   vcscec:
/var/tmp/fcpFAAa06549:
   vdacrs:
/var/tmp/fcpFAAa06549:
   vdafrd:
/var/tmp/fcpFAAa06549:
   vdamb:
/var/tmp/fcpFAAa06549:
   vdarge:
/var/tmp/fcpFAAa06549:
   vdcflt:
/var/tmp/fcpFAAa06549:
   vdchnb:
/var/tmp/fcpFAAa06549:
   vdcwrs:
/var/tmp/fcpFAAa06549:
   vdecsc:
/var/tmp/fcpFAAa06549:
   vdetgi:
/var/tmp/fcpFAAa06549:
   vdfirs:
/var/tmp/fcpFAAa06549:
   vdgdmp:
/var/tmp/fcpFAAa06549:
   vdgtch:
/var/tmp/fcpFAAa06549:
   vdgtol:
/var/tmp/fcpFAAa06549:
   vdindx:
/var/tmp/fcpFAAa06549:
   vdlcps:
/var/tmp/fcpFAAa06549:
   vdlcrs:
/var/tmp/fcpFAAa06549:
   vdpgeo:
/var/tmp/fcpFAAa06549:
   vdpslc:
/var/tmp/fcpFAAa06549:
   vdpsrs:
/var/tmp/fcpFAAa06549:
   vdrmax:
/var/tmp/fcpFAAa06549:
   vdrmin:
/var/tmp/fcpFAAa06549:
   vdrslc:
/var/tmp/fcpFAAa06549:
   vdrsps:
/var/tmp/fcpFAAa06549:
   vdrssc:
/var/tmp/fcpFAAa06549:
   vdscec:
/var/tmp/fcpFAAa06549:
   vdscrs:
/var/tmp/fcpFAAa06549:
   vdwfxy:
/var/tmp/fcpFAAa06549:
   vdyear:
/var/tmp/fcpFAAa06549:
   vdzmax:
/var/tmp/fcpFAAa06549:
   vfacsn:
/var/tmp/fcpFAAa06549:
   vfadim:
/var/tmp/fcpFAAa06549:
   vfaori:
/var/tmp/fcpFAAa06549:
   vfasdp:
/var/tmp/fcpFAAa06549:
   vfasmd:
/var/tmp/fcpFAAa06549:
   vffacw:
/var/tmp/fcpFAAa06549:
   vfjfac:
/var/tmp/fcpFAAa06549:
   vfjmod:
/var/tmp/fcpFAAa06549:
   vfjwaf:
/var/tmp/fcpFAAa06549:
   vfnear:
/var/tmp/fcpFAAa06549:
   vfwaff:
/var/tmp/fcpFAAa06549:
   vfwafi:
/var/tmp/fcpFAAa06549:
   vgcadi:
/var/tmp/fcpFAAa06549:
   vgcmtr:
/var/tmp/fcpFAAa06549:
   vgcrmt:
/var/tmp/fcpFAAa06549:
   vgexro:
/var/tmp/fcpFAAa06549:
   vggtno:
/var/tmp/fcpFAAa06549:
   vgintr:
/var/tmp/fcpFAAa06549:
   vgrdal:
/var/tmp/fcpFAAa06549:
   vgrdls:
/var/tmp/fcpFAAa06549:
   vgtber:
/var/tmp/fcpFAAa06549:
   vgtrve:
/var/tmp/fcpFAAa06549:
   vgwfvu:
/var/tmp/fcpFAAa06549:
   vgwfxy:
/var/tmp/fcpFAAa06549:
   vifaci:
/var/tmp/fcpFAAa06549:
   vimmod:
/var/tmp/fcpFAAa06549:
   vimodi:
/var/tmp/fcpFAAa06549:
   vimodm:
/var/tmp/fcpFAAa06549:
   vimodr:
/var/tmp/fcpFAAa06549:
   vindxi:
/var/tmp/fcpFAAa06549:
   vinibm:
/var/tmp/fcpFAAa06549:
   vinist:
/var/tmp/fcpFAAa06549:
   vinivg:
/var/tmp/fcpFAAa06549:
   vinlsw:
/var/tmp/fcpFAAa06549:
   vinsen:
/var/tmp/fcpFAAa06549:
   vinter:
/var/tmp/fcpFAAa06549:
   vintlf:
/var/tmp/fcpFAAa06549:
   vintlw:
/var/tmp/fcpFAAa06549:
   viromw:
/var/tmp/fcpFAAa06549:
   vitexi:
/var/tmp/fcpFAAa06549:
   viwafi:
/var/tmp/fcpFAAa06549:
   viwffw:
/var/tmp/fcpFAAa06549:
   vjfaci:
/var/tmp/fcpFAAa06549:
   vjfacm:
/var/tmp/fcpFAAa06549:
   vjfacw:
/var/tmp/fcpFAAa06549:
   vjlayf:
/var/tmp/fcpFAAa06549:
   vjlaym:
/var/tmp/fcpFAAa06549:
   vjlayw:
/var/tmp/fcpFAAa06549:
   vjmodi:
/var/tmp/fcpFAAa06549:
   vjmodm:
/var/tmp/fcpFAAa06549:
   vjmodw:
/var/tmp/fcpFAAa06549:
   vjwabr:
/var/tmp/fcpFAAa06549:
   vjwabw:
/var/tmp/fcpFAAa06549:
   vjwaff:
/var/tmp/fcpFAAa06549:
   vjwafi:
/var/tmp/fcpFAAa06549:
   vjwafm:
/var/tmp/fcpFAAa06549:
   vjwffw:
/var/tmp/fcpFAAa06549:
   vljfac:
/var/tmp/fcpFAAa06549:
   vljmod:
/var/tmp/fcpFAAa06549:
   vljwaf:
/var/tmp/fcpFAAa06549:
   vmcmod:
/var/tmp/fcpFAAa06549:
   vmmfld:
/var/tmp/fcpFAAa06549:
   vmmodj:
/var/tmp/fcpFAAa06549:
   vmodmc:
/var/tmp/fcpFAAa06549:
   vmwafj:
/var/tmp/fcpFAAa06549:
   vnelrm:
/var/tmp/fcpFAAa06549:
   vnfslo:
/var/tmp/fcpFAAa06549:
   vnirfs:
/var/tmp/fcpFAAa06549:
   vnlayr:
/var/tmp/fcpFAAa06549:
   vnrdir:
/var/tmp/fcpFAAa06549:
   vnrfac:
/var/tmp/fcpFAAa06549:
   vnrmod:
/var/tmp/fcpFAAa06549:
   vnromm:
/var/tmp/fcpFAAa06549:
   vnrssc:
/var/tmp/fcpFAAa06549:
   vnrwaf:
/var/tmp/fcpFAAa06549:
   vnrwff:
/var/tmp/fcpFAAa06549:
   vnscrm:
/var/tmp/fcpFAAa06549:
   vnstcm:
/var/tmp/fcpFAAa06549:
   vntfac:
/var/tmp/fcpFAAa06549:
   vntmod:
/var/tmp/fcpFAAa06549:
   vntwaf:
/var/tmp/fcpFAAa06549:
   vphicf:
/var/tmp/fcpFAAa06549:
   vphifc:
/var/tmp/fcpFAAa06549:
   vphifn:
/var/tmp/fcpFAAa06549:
   vphstm:
/var/tmp/fcpFAAa06549:
   vpkadd:
/var/tmp/fcpFAAa06549:
   vrddaf:
/var/tmp/fcpFAAa06549:
   vrecor:
/var/tmp/fcpFAAa06549:
   vrmmod:
/var/tmp/fcpFAAa06549:
   vromax:
/var/tmp/fcpFAAa06549:
   vrostm:
/var/tmp/fcpFAAa06549:
   vrswmd:
/var/tmp/fcpFAAa06549:
   vrswmx:
/var/tmp/fcpFAAa06549:
   vrvmbe:
/var/tmp/fcpFAAa06549:
   vschan:
/var/tmp/fcpFAAa06549:
   vscmec:
/var/tmp/fcpFAAa06549:
   vscmsc:
/var/tmp/fcpFAAa06549:
   vsensi:
/var/tmp/fcpFAAa06549:
   vsetup:
/var/tmp/fcpFAAa06549:
   vslotf:
/var/tmp/fcpFAAa06549:
   vsmjmd:
/var/tmp/fcpFAAa06549:
   vsmmod:
/var/tmp/fcpFAAa06549:
   vsmmtx:
/var/tmp/fcpFAAa06549:
   vstreg:
/var/tmp/fcpFAAa06549:
   vtextm:
/var/tmp/fcpFAAa06549:
   vtextw:
/var/tmp/fcpFAAa06549:
   vunadd:
/var/tmp/fcpFAAa06549:
   vvuwab:
/var/tmp/fcpFAAa06549:
   vvuwxy:
/var/tmp/fcpFAAa06549:
   vwadim:
/var/tmp/fcpFAAa06549:
   vwdist:
/var/tmp/fcpFAAa06549:
   vwffnd:
/var/tmp/fcpFAAa06549:
   vwfind:
/var/tmp/fcpFAAa06549:
   vwthck:
/var/tmp/fcpFAAa06549:
   vxyzab:
/var/tmp/fcpFAAa06549:
   vxyzfc:
/var/tmp/fcpFAAa06549:
   vxyzvu:
/var/tmp/fcpFAAa06549:
   vxyzwa:
/var/tmp/fcpFAAa06549:
   vzmult:
/var/tmp/fcpFAAa06549:
   vzrsrs:
/var/tmp/fcpFAAa07206:
   vdexcy:
/var/tmp/fcpFAAa07206:
   vdherr:
/var/tmp/fcpFAAa07206:
   vdhits:
/var/tmp/fcpFAAa07206:
   vdhter:
/var/tmp/fcpFAAa07206:
   vdmjls:
/var/tmp/fcpFAAa07206:
   vdmsec:
/var/tmp/fcpFAAa07206:
   vdmsrl:
/var/tmp/fcpFAAa07206:
   vdmsup:
/var/tmp/fcpFAAa07206:
   vdmwrs:
/var/tmp/fcpFAAa07206:
   vdprdi:
/var/tmp/fcpFAAa07206:
   vdprht:
/var/tmp/fcpFAAa07206:
   vdttra:
/var/tmp/fcpFAAa07206:
   vherr1:
/var/tmp/fcpFAAa07206:
   vrldgt:
/var/tmp/fcpFAAa07206:
   vrmwf:
/var/tmp/fcpFAAa07206:
   vstrip:
/var/tmp/fcpFAAa07206:
   vtclas:
/var/tmp/fcpFAAa07206:
   vtclld:
/var/tmp/fcpFAAa07206:
   vtderv:
/var/tmp/fcpFAAa07206:
   vtfill:
/var/tmp/fcpFAAa07206:
   vtlink:
/var/tmp/fcpFAAa07206:
   vtrfit:
/var/tmp/fcpFAAa07206:
   vtrkex:
/var/tmp/fcpFAAa07206:
   vtrlas:
/var/tmp/fcpFAAa07206:
   vtruh:
/var/tmp/fcpFAAa07206:
   vtxnwt:
/var/tmp/fcpFAAa07206:
   vtxraw:
/var/tmp/fcpFAAa07206:
   vtxtrk:
/var/tmp/fcpFAAa07376:
   llumok:
/var/tmp/fcpFAAa07376:
   slumok:
/var/tmp/fcpFAAa07376:
   vbitgd:
/var/tmp/fcpFAAa07376:
   xhvbit:
/var/tmp/fcpFAAa07376:
   xhvfix:
/var/tmp/fcpFAAa07376:
   xhvsta:
/var/tmp/fcpFAAa07376:
   xlslum:
/var/tmp/fcpFAAa07376:
   xlumok:
/var/tmp/fcpFAAa07376:
   xre133:
/var/tmp/fcpFAAa07376:
   xre94:
/var/tmp/fcpFAAa07376:
   xt0syn:
/var/tmp/fcpFAAa07376:
   xtgenb:
/var/tmp/fcpFAAa07376:
   xvdeok:
/var/tmp/fcpFAAa07425:
   ys0add:
/var/tmp/fcpFAAa07425:
   ys0clr:
/var/tmp/fcpFAAa07425:
   ys0lld:
/var/tmp/fcpFAAa07425:
   ys0set:
/var/tmp/fcpFAAa07425:
   yscadd:
/var/tmp/fcpFAAa07425:
   yscclr:
/var/tmp/fcpFAAa07425:
   ysclld:
/var/tmp/fcpFAAa07425:
   yscset:
/var/tmp/fcpFAAa07425:
   ysfclr:
/var/tmp/fcpFAAa07425:
   ysfset:
/var/tmp/fcpFAAa07425:
   ysftld:
/var/tmp/fcpFAAa07425:
   ysgets:
/var/tmp/fcpFAAa07425:
   ysklld:
/var/tmp/fcpFAAa07425:
   yspair:
/var/tmp/fcpFAAa07425:
   yspcut:
/var/tmp/fcpFAAa07425:
   yspvft:
/var/tmp/fcpFAAa07425:
   ystadd:
/var/tmp/fcpFAAa07425:
   ystclr:
/var/tmp/fcpFAAa07425:
   ystlld:
/var/tmp/fcpFAAa07425:
   ystset:
/var/tmp/fcpFAAa07425:
   ysvadd:
/var/tmp/fcpFAAa07425:
   ysvbld:
/var/tmp/fcpFAAa07425:
   ysvclr:
/var/tmp/fcpFAAa07425:
   ysvfit:
/var/tmp/fcpFAAa07425:
   ysvmat:
/var/tmp/fcpFAAa07425:
   ysvmrg:
/var/tmp/fcpFAAa07425:
   ysvrtx:
/var/tmp/fcpFAAa07425:
   ysvset:
/var/tmp/fcpFAAa07425:
   ysvsrt:
/var/tmp/fcpFAAa07425:
   ysvtbk:
/var/tmp/fcpFAAa07425:
   ysvtrk:
/var/tmp/fcpFAAa07425:
   ysvx0l:
/var/tmp/fcpFAAa08050:
   BLOCK DATA ybdtop:
/var/tmp/fcpFAAa08050:
   ybipat:
/var/tmp/fcpFAAa08050:
   ycircr:
Compiler error line 115 of ../ytop/ycircr.F: Utils: Sanity Check: Inconsistent internal data structures. (6933)
/var/tmp/fcpFAAa08050:
   ydefrf:
/var/tmp/fcpFAAa08050:
   yfmvtc:
/var/tmp/fcpFAAa08050:
   yfmvtr:
/var/tmp/fcpFAAa08050:
   yftvtc:
/var/tmp/fcpFAAa08050:
   yftvtr:
/var/tmp/fcpFAAa08050:
   yfvmap:
/var/tmp/fcpFAAa08050:
   yfvmc:
/var/tmp/fcpFAAa08050:
   yfvmc1:
/var/tmp/fcpFAAa08050:
   yhisto:
/var/tmp/fcpFAAa08050:
   yhuser:
/var/tmp/fcpFAAa08050:
   yinvmx:
/var/tmp/fcpFAAa08050:
   yitcof:
/var/tmp/fcpFAAa08050:
   ymkand:
/var/tmp/fcpFAAa08050:
   ymkcle:
/var/tmp/fcpFAAa08050:
   ymkcnt:
/var/tmp/fcpFAAa08050:
   ymkcop:
/var/tmp/fcpFAAa08050:
   ymkexp:
/var/tmp/fcpFAAa08050:
   ymkidc:
/var/tmp/fcpFAAa08050:
   ymkidt:
/var/tmp/fcpFAAa08050:
   ymkmis:
/var/tmp/fcpFAAa08050:
   ymkorr:
/var/tmp/fcpFAAa08050:
   ymkset:
/var/tmp/fcpFAAa08050:
   ymkshr:
/var/tmp/fcpFAAa08050:
   ymktst:
/var/tmp/fcpFAAa08050:
   ymkzer:
/var/tmp/fcpFAAa08050:
   yms3in:
/var/tmp/fcpFAAa08050:
   ypidas:
/var/tmp/fcpFAAa08050:
   yprivx:
/var/tmp/fcpFAAa08050:
   yprver:
/var/tmp/fcpFAAa08050:
   yruser:
/var/tmp/fcpFAAa08050:
   ystvtx:
/var/tmp/fcpFAAa08050:
   ysvvtx:
/var/tmp/fcpFAAa08050:
   ytconv:
/var/tmp/fcpFAAa08050:
   ytijob:
/var/tmp/fcpFAAa08050:
   ytoiru:
/var/tmp/fcpFAAa08050:
   ytopnw:
/var/tmp/fcpFAAa08050:
   ytopol:
/var/tmp/fcpFAAa08050:
   ytoprt:
/var/tmp/fcpFAAa08050:
   ytosum:
/var/tmp/fcpFAAa08050:
   ytosvt:
/var/tmp/fcpFAAa08050:
   ytpar:
/var/tmp/fcpFAAa08050:
   ytpvtx:
/var/tmp/fcpFAAa08050:
   ytrv0s:
/var/tmp/fcpFAAa08050:
   ytstrk:
/var/tmp/fcpFAAa08050:
   yvdcof:
/var/tmp/fcpFAAa08050:
   yvposs:
/var/tmp/fcpFAAa08050:
   yvxbld:

fort77: Warning: Compiler failure has occurred.
     Attempting to recompile failing compilation unit without optimization

/var/tmp/fcpFAAa08050:
   ycircr:
/var/tmp/fcpFAAa17365:
   ychi00:
/var/tmp/fcpFAAa17365:
   ychiv2:
/var/tmp/fcpFAAa17365:
   yd0nfi:
/var/tmp/fcpFAAa17365:
   yd0nfn:
/var/tmp/fcpFAAa17365:
   ydismc:
/var/tmp/fcpFAAa17365:
   yfixis:
/var/tmp/fcpFAAa17365:
   yfixyn:
/var/tmp/fcpFAAa17365:
   yfixyp:
/var/tmp/fcpFAAa17365:
   yfpsin:
/var/tmp/fcpFAAa17365:
   yfqerq:
/var/tmp/fcpFAAa17365:
   ymfmin:
/var/tmp/fcpFAAa17365:
   ymfv0v:
       entry    ymfv00:
/var/tmp/fcpFAAa17365:
   ynv0nf:
/var/tmp/fcpFAAa17365:
   ynv0ve:
/var/tmp/fcpFAAa17365:
   ypsive:
/var/tmp/fcpFAAa17365:
   ypsivn:
/var/tmp/fcpFAAa17365:
   yv0bok:
/var/tmp/fcpFAAa17365:
   yv0mas:
/var/tmp/fcpFAAa17365:
   yv0ong:
/var/tmp/fcpFAAa17365:
   yv0onh:
/var/tmp/fcpFAAa17365:
   yv1ini:
/var/tmp/fcpFAAa17365:
   yvcame:
/var/tmp/fcpFAAa17365:
   yvprim:
/var/tmp/fcpFAAa17365:
   yzpha1:
/var/tmp/fcpFAAa17365:
   yzphan:
/var/tmp/fcpFAAa17365:
   yzphas:
