/var/tmp/fcpFAAa17512:
   albunch:
/var/tmp/fcpFAAa17512:
   alefil:
/var/tmp/fcpFAAa17512:
   alelep:
/var/tmp/fcpFAAa17512:
   alfiel:
/var/tmp/fcpFAAa17512:
   alkevh:
/var/tmp/fcpFAAa17512:
   alkjob:
/var/tmp/fcpFAAa17512:
   alklun:
/var/tmp/fcpFAAa17512:
   alkmar:
/var/tmp/fcpFAAa17512:
   alkran:
/var/tmp/fcpFAAa17512:
   alkrun:
/var/tmp/fcpFAAa17512:
   allep1:
/var/tmp/fcpFAAa17512:
   alrlep:
/var/tmp/fcpFAAa17512:
   alsecs:
/var/tmp/fcpFAAa17512:
   altrhv:
/var/tmp/fcpFAAa17512:
   altrig:
/var/tmp/fcpFAAa17512:
   alvers:
/var/tmp/fcpFAAa17512:
   dvmove:
/var/tmp/fcpFAAa17512:
   dvzero:
/var/tmp/fcpFAAa17512:
   fixalpb:
/var/tmp/fcpFAAa17512:
   getbp:
/var/tmp/fcpFAAa17512:
   getle1:
/var/tmp/fcpFAAa17512:
   getle2:
/var/tmp/fcpFAAa17512:
   getlep:
       entry    getofs:
/var/tmp/fcpFAAa17512:
   getlum:
/var/tmp/fcpFAAa17512:
   gets4b:
/var/tmp/fcpFAAa17512:
   getslu:
/var/tmp/fcpFAAa17512:
   getxyb:
/var/tmp/fcpFAAa17512:
   gtt0gl:
/var/tmp/fcpFAAa17512:
   lfilru:
/var/tmp/fcpFAAa17512:
   rqbunc:
/var/tmp/fcpFAAa17512:
   xfmcbp:
/var/tmp/fcpFAAa17722:
   auarcm:
/var/tmp/fcpFAAa17722:
   auhcyl:
/var/tmp/fcpFAAa17722:
   auhdis:
/var/tmp/fcpFAAa17722:
   auhlen:
/var/tmp/fcpFAAa17722:
   aulcyl:
/var/tmp/fcpFAAa17722:
   aullen:
/var/tmp/fcpFAAa17722:
   autrpl:
/var/tmp/fcpFAAa17722:
   helins:
/var/tmp/fcpFAAa17722:
   ppcorr:
/var/tmp/fcpFAAa17722:
   smav:
/var/tmp/fcpFAAa17722:
   sminv:
       entry    xminv:
/var/tmp/fcpFAAa17722:
   smnorm:
/var/tmp/fcpFAAa17722:
   thlcir:
/var/tmp/fcpFAAa17722:
   tk2ivm:
/var/tmp/fcpFAAa17722:
   tnrhpa:
/var/tmp/fcpFAAa17722:
   ufield:
/var/tmp/fcpFAAa17722:
   ufitql:
/var/tmp/fcpFAAa17722:
   ufitzs:
/var/tmp/fcpFAAa17722:
   ufmmul:
       entry    ufmmlt:
       entry    ufmscl:
       entry    ufmadd:
       entry    ufmult:
/var/tmp/fcpFAAa17722:
   ufms:
/var/tmp/fcpFAAa17722:
   uftmso:
/var/tmp/fcpFAAa17722:
   uhelix:
/var/tmp/fcpFAAa17722:
   uhelix2:
/var/tmp/fcpFAAa17722:
   uincov:
/var/tmp/fcpFAAa17722:
   umserr:
/var/tmp/fcpFAAa17722:
   unewdp:
/var/tmp/fcpFAAa17722:
   unewzp:
/var/tmp/fcpFAAa17722:
   utkxng:
/var/tmp/fcpFAAa17722:
   utrid:
/var/tmp/fcpFAAa17722:
   utswco:
/var/tmp/fcpFAAa17722:
   uvtrid:
/var/tmp/fcpFAAa17722:
   yfix:
/var/tmp/fcpFAAa17722:
   yhelix:
/var/tmp/fcpFAAa17722:
   ysense:
/var/tmp/fcpFAAa17722:
   yv0one:
/var/tmp/fcpFAAa17802:
   tbtblk:
/var/tmp/fcpFAAa17802:
   tbtblp:
/var/tmp/fcpFAAa17802:
   tcgxru:
/var/tmp/fcpFAAa17802:
   tchkex:
/var/tmp/fcpFAAa17802:
   tchkhv:
/var/tmp/fcpFAAa17802:
   tdedxv:
       entry    tdedxr:
/var/tmp/fcpFAAa17802:
   tdxerr:
/var/tmp/fcpFAAa17802:
   tidhyp:
/var/tmp/fcpFAAa17802:
   tmdedx:
/var/tmp/fcpFAAa17802:
   tmpddx:
/var/tmp/fcpFAAa17802:
   tpdhyp:
/var/tmp/fcpFAAa17802:
   tpxerr:
/var/tmp/fcpFAAa17802:
   txdedx:
/var/tmp/fcpFAAa17802:
   txpddx:
/var/tmp/fcpFAAa17841:
   eclean:
/var/tmp/fcpFAAa17841:
   ecprhi:
/var/tmp/fcpFAAa17841:
   ecprto:
/var/tmp/fcpFAAa17841:
   ecprtr:
/var/tmp/fcpFAAa17841:
   ecprwi:
/var/tmp/fcpFAAa17841:
   emtzer:
/var/tmp/fcpFAAa17863:
   acoupe:
/var/tmp/fcpFAAa17863:
   aire:
/var/tmp/fcpFAAa17863:
   airsct:
/var/tmp/fcpFAAa17863:
   avolum:
/var/tmp/fcpFAAa17863:
   ealgmk:
/var/tmp/fcpFAAa17863:
   ealign:
/var/tmp/fcpFAAa17863:
   ealtmk:
/var/tmp/fcpFAAa17863:
   ecdfrd:
/var/tmp/fcpFAAa17863:
   ecplst:
/var/tmp/fcpFAAa17863:
   ecrwrg:
/var/tmp/fcpFAAa17863:
   ecsgeo:
/var/tmp/fcpFAAa17863:
   ectilt:
/var/tmp/fcpFAAa17863:
   ecylnd:
/var/tmp/fcpFAAa17863:
   edefcl:
/var/tmp/fcpFAAa17863:
   edefec:
/var/tmp/fcpFAAa17863:
   edeflg:
/var/tmp/fcpFAAa17863:
   edefmd:
/var/tmp/fcpFAAa17863:
   edefsc:
/var/tmp/fcpFAAa17863:
   edefsp:
/var/tmp/fcpFAAa17863:
   edefss:
/var/tmp/fcpFAAa17863:
   edisgn:
/var/tmp/fcpFAAa17863:
   efncrs:
/var/tmp/fcpFAAa17863:
   efndcl:
/var/tmp/fcpFAAa17863:
   efndlg:
/var/tmp/fcpFAAa17863:
   efndmd:
/var/tmp/fcpFAAa17863:
   efndpl:
/var/tmp/fcpFAAa17863:
   efndrg:
/var/tmp/fcpFAAa17863:
   efndsc:
/var/tmp/fcpFAAa17863:
   efndss:
/var/tmp/fcpFAAa17863:
   efndst:
/var/tmp/fcpFAAa17863:
   efndtw:
/var/tmp/fcpFAAa17863:
   efnicr:
/var/tmp/fcpFAAa17863:
   efnitw:
/var/tmp/fcpFAAa17863:
   efnlay:
/var/tmp/fcpFAAa17863:
   egptlg:
/var/tmp/fcpFAAa17863:
   egptsp:
/var/tmp/fcpFAAa17863:
   egtlnf:
/var/tmp/fcpFAAa17863:
   ehsimt:
/var/tmp/fcpFAAa17863:
   eintst:
/var/tmp/fcpFAAa17863:
   einvrl:
/var/tmp/fcpFAAa17863:
   elimin:
/var/tmp/fcpFAAa17863:
   elimrg:
/var/tmp/fcpFAAa17863:
   elimsc:
/var/tmp/fcpFAAa17863:
   elimst:
/var/tmp/fcpFAAa17863:
   elocal:
/var/tmp/fcpFAAa17863:
   emabsl:
/var/tmp/fcpFAAa17863:
   emdedx:
/var/tmp/fcpFAAa17863:
   emdtow:
/var/tmp/fcpFAAa17863:
   empact:
/var/tmp/fcpFAAa17863:
   emradl:
/var/tmp/fcpFAAa17863:
   enorme:
/var/tmp/fcpFAAa17863:
   entree:
/var/tmp/fcpFAAa17863:
   eowfar:
/var/tmp/fcpFAAa17863:
   eperce:
/var/tmp/fcpFAAa17863:
   eplmst:
/var/tmp/fcpFAAa17863:
   eplnor:
/var/tmp/fcpFAAa17863:
   eplscc:
/var/tmp/fcpFAAa17863:
   eplscf:
/var/tmp/fcpFAAa17863:
   eplscn:
/var/tmp/fcpFAAa17863:
   eplsdi:
/var/tmp/fcpFAAa17863:
   eplsqf:
/var/tmp/fcpFAAa17863:
   eplsql:
/var/tmp/fcpFAAa17863:
   eplst:
/var/tmp/fcpFAAa17863:
   eprcom:
/var/tmp/fcpFAAa17863:
   eqedge:
/var/tmp/fcpFAAa17863:
   erddaf:
/var/tmp/fcpFAAa17863:
   erogen:
/var/tmp/fcpFAAa17863:
   erosys:
/var/tmp/fcpFAAa17863:
   erotpl:
/var/tmp/fcpFAAa17863:
   erotpt:
/var/tmp/fcpFAAa17863:
   erpads:
/var/tmp/fcpFAAa17863:
   erwidt:
/var/tmp/fcpFAAa17863:
   esrbc:
/var/tmp/fcpFAAa17863:
   esrcr:
/var/tmp/fcpFAAa17863:
   esrct:
/var/tmp/fcpFAAa17863:
   esrdir:
/var/tmp/fcpFAAa17863:
   esrfc:
/var/tmp/fcpFAAa17863:
   esrpl:
/var/tmp/fcpFAAa17863:
   esrpt:
/var/tmp/fcpFAAa17863:
   etetrd:
/var/tmp/fcpFAAa17863:
   ethru:
/var/tmp/fcpFAAa17863:
   etouch:
/var/tmp/fcpFAAa17863:
   etzsmd:
/var/tmp/fcpFAAa17863:
   etzssl:
/var/tmp/fcpFAAa17863:
   evabsl:
/var/tmp/fcpFAAa17863:
   evdedx:
/var/tmp/fcpFAAa17863:
   evfois:
/var/tmp/fcpFAAa17863:
   evolcr:
/var/tmp/fcpFAAa17863:
   evolct:
/var/tmp/fcpFAAa17863:
   evolfc:
/var/tmp/fcpFAAa17863:
   evolpl:
/var/tmp/fcpFAAa17863:
   evolum:
/var/tmp/fcpFAAa17863:
   evradl:
/var/tmp/fcpFAAa17863:
   expand:
/var/tmp/fcpFAAa17863:
   expfrf:
/var/tmp/fcpFAAa17863:
   expnec:
/var/tmp/fcpFAAa17863:
   exrwrw:
/var/tmp/fcpFAAa17863:
   vect4:
/var/tmp/fcpFAAa18180:
   alclasw:
/var/tmp/fcpFAAa18180:
   alrwev:
/var/tmp/fcpFAAa18180:
   alsumcl:
       entry    alsumgt:
/var/tmp/fcpFAAa18180:
   chkclas:
/var/tmp/fcpFAAa18180:
   clas24:
/var/tmp/fcpFAAa18180:
   clas26:
/var/tmp/fcpFAAa18180:
   clas278:
/var/tmp/fcpFAAa18180:
   ecaget:
/var/tmp/fcpFAAa18180:
   ecalsl:
/var/tmp/fcpFAAa18180:
   ecalwr:
/var/tmp/fcpFAAa18180:
   ecphco:
/var/tmp/fcpFAAa18180:
   eewirs:
/var/tmp/fcpFAAa18180:
   enlcal:
/var/tmp/fcpFAAa18180:
   enlcl2:
/var/tmp/fcpFAAa18180:
   esumw:
/var/tmp/fcpFAAa18180:
   esweh:
/var/tmp/fcpFAAa18180:
   ggesum:
/var/tmp/fcpFAAa18180:
   ggseh:
/var/tmp/fcpFAAa18180:
   ggtrkh:
/var/tmp/fcpFAAa18180:
   hcalen:
/var/tmp/fcpFAAa18180:
   hvobit:
/var/tmp/fcpFAAa18180:
   lepto:
/var/tmp/fcpFAAa18180:
   modfnd:
/var/tmp/fcpFAAa18180:
   muelid:
/var/tmp/fcpFAAa18180:
   mutrgs:
/var/tmp/fcpFAAa18180:
   phedir:
/var/tmp/fcpFAAa18180:
   qptrck:
/var/tmp/fcpFAAa18180:
   qtrkch:
/var/tmp/fcpFAAa18180:
   rejbha:
/var/tmp/fcpFAAa18180:
   rpeco:
/var/tmp/fcpFAAa18180:
/var/tmp/fcpFAAa18180:
   selbha:
/var/tmp/fcpFAAa18180:
   selcal:
/var/tmp/fcpFAAa18180:
   selemu:
/var/tmp/fcpFAAa18180:
   selenu:
/var/tmp/fcpFAAa18180:
   selevt:
/var/tmp/fcpFAAa18180:
   selgge:
/var/tmp/fcpFAAa18180:
   seltrk:
/var/tmp/fcpFAAa18180:
   selwwa:
/var/tmp/fcpFAAa18180:
   selwwb:
/var/tmp/fcpFAAa18180:
   siedir:
/var/tmp/fcpFAAa18180:
   sngmtr:
/var/tmp/fcpFAAa18180:
   sngrnd:
/var/tmp/fcpFAAa18180:
   tizern:
/var/tmp/fcpFAAa18180:
   tizero:
/var/tmp/fcpFAAa18180:
   tracks:
/var/tmp/fcpFAAa18180:
   trioff:
/var/tmp/fcpFAAa18180:
   trkhad:
/var/tmp/fcpFAAa18180:
   trkwws:
/var/tmp/fcpFAAa18180:
   trpfrf:
/var/tmp/fcpFAAa18180:
   truslu:
/var/tmp/fcpFAAa18180:
   ulangl:
/var/tmp/fcpFAAa18180:
   ulthru:
/var/tmp/fcpFAAa18180:
   vdcosmj:
/var/tmp/fcpFAAa18180:
   vurobo:
/var/tmp/fcpFAAa18180:
   wclus:
/var/tmp/fcpFAAa18406:
   fmelos:
/var/tmp/fcpFAAa18406:
   fmhelx:
/var/tmp/fcpFAAa18406:
   fmhitb:
/var/tmp/fcpFAAa18406:
   fminit:
/var/tmp/fcpFAAa18406:
   fmmulx:
/var/tmp/fcpFAAa18406:
   fmprnt:
/var/tmp/fcpFAAa18406:
   fmregn:
/var/tmp/fcpFAAa18406:
   fmscat:
/var/tmp/fcpFAAa18406:
   fmtrak:
/var/tmp/fcpFAAa18428:
   fyfkin:
/var/tmp/fcpFAAa18428:
   fyinev:
/var/tmp/fcpFAAa18428:
   fyirun:
/var/tmp/fcpFAAa18428:
   fykill:
/var/tmp/fcpFAAa18428:
   fykine:
/var/tmp/fcpFAAa18428:
   fyluhc:
/var/tmp/fcpFAAa18428:
   fynhis:
/var/tmp/fcpFAAa18428:
   fyredc:
/var/tmp/fcpFAAa18428:
   fytoki:
/var/tmp/fcpFAAa18428:
   fytree:
/var/tmp/fcpFAAa18451:
   aristo:
/var/tmp/fcpFAAa18451:
   bgetds:
/var/tmp/fcpFAAa18451:
   chacut:
/var/tmp/fcpFAAa18451:
   corad94:
/var/tmp/fcpFAAa18451:
   coradoc:
/var/tmp/fcpFAAa18451:
   defove:
/var/tmp/fcpFAAa18451:
   dstack:
/var/tmp/fcpFAAa18451:
   ebgrix:
/var/tmp/fcpFAAa18451:
   ec4tra:
/var/tmp/fcpFAAa18451:
   ecetdi:
/var/tmp/fcpFAAa18451:
   evtver:
/var/tmp/fcpFAAa18451:
   gaform:
/var/tmp/fcpFAAa18451:
   gagrid:
/var/tmp/fcpFAAa18451:
   gamfak:
/var/tmp/fcpFAAa18451:
   gampek:
/var/tmp/fcpFAAa18451:
   gampex:
/var/tmp/fcpFAAa18451:
   gapgac:
/var/tmp/fcpFAAa18451:
   gapgpc:
/var/tmp/fcpFAAa18451:
   gatral:
/var/tmp/fcpFAAa18451:
   gbulos:
/var/tmp/fcpFAAa18451:
   gemfak:
/var/tmp/fcpFAAa18451:
   gf4lst:
/var/tmp/fcpFAAa18451:
   gfake:
/var/tmp/fcpFAAa18451:
   gfakew:
/var/tmp/fcpFAAa18451:
   gfrac:
/var/tmp/fcpFAAa18451:
   ghafak:
/var/tmp/fcpFAAa18451:
   givsto:
/var/tmp/fcpFAAa18451:
   gxem:
/var/tmp/fcpFAAa18451:
   gxhad:
/var/tmp/fcpFAAa18451:
   gximpa:
/var/tmp/fcpFAAa18451:
   gxmclm:
/var/tmp/fcpFAAa18451:
   gxtran:
/var/tmp/fcpFAAa18451:
   intof4:
/var/tmp/fcpFAAa18451:
   ispark:
/var/tmp/fcpFAAa18451:
   mecrfc:
/var/tmp/fcpFAAa18451:
   morsto:
/var/tmp/fcpFAAa18451:
   ovesto:
/var/tmp/fcpFAAa18451:
   stogam:
/var/tmp/fcpFAAa18451:
   trdist:
/var/tmp/fcpFAAa18451:
   trfire:
/var/tmp/fcpFAAa18451:
   voisto:
/var/tmp/fcpFAAa18728:
   hcboun:
/var/tmp/fcpFAAa18728:
   hccyl:
/var/tmp/fcpFAAa18728:
   hcdeit:
/var/tmp/fcpFAAa18728:
   hcdpsp:
/var/tmp/fcpFAAa18728:
   hcdrbm:
/var/tmp/fcpFAAa18728:
   hcdwsp:
/var/tmp/fcpFAAa18728:
   hcheck:
/var/tmp/fcpFAAa18728:
   hclatu:
/var/tmp/fcpFAAa18728:
   hcmdpl:
/var/tmp/fcpFAAa18728:
   hcprge:
/var/tmp/fcpFAAa18728:
   hcrinv:
/var/tmp/fcpFAAa18728:
   hcrvol:
/var/tmp/fcpFAAa18728:
   hcsamp:
/var/tmp/fcpFAAa18728:
   hcseco:
/var/tmp/fcpFAAa18728:
   hdeadm:
/var/tmp/fcpFAAa18728:
   hfbahi:
/var/tmp/fcpFAAa18728:
   hfbahio:
/var/tmp/fcpFAAa18728:
   hfbhit:
/var/tmp/fcpFAAa18728:
   hfehit:
/var/tmp/fcpFAAa18728:
   hfenhi:
/var/tmp/fcpFAAa18728:
   hfndmd:
/var/tmp/fcpFAAa18728:
   hfndtw:
/var/tmp/fcpFAAa18728:
   hgetga:
/var/tmp/fcpFAAa18728:
   hgetju:
/var/tmp/fcpFAAa18728:
   hginit:
/var/tmp/fcpFAAa18728:
   hintst:
/var/tmp/fcpFAAa18728:
   hneigh:
/var/tmp/fcpFAAa18728:
   hnreg:
/var/tmp/fcpFAAa18728:
   hphmod:
/var/tmp/fcpFAAa18728:
   hrddaf:
/var/tmp/fcpFAAa18728:
   hsrcr:
/var/tmp/fcpFAAa18728:
   htadco:
/var/tmp/fcpFAAa18728:
   htadde:
/var/tmp/fcpFAAa18728:
   htstec:
/var/tmp/fcpFAAa18728:
   htuacl:
/var/tmp/fcpFAAa18728:
   htulen:
/var/tmp/fcpFAAa18728:
   htxang:
/var/tmp/fcpFAAa18728:
   htxdtl:
/var/tmp/fcpFAAa18728:
   htxspl:
/var/tmp/fcpFAAa18728:
   husran:
/var/tmp/fcpFAAa18728:
   hytrsf:
/var/tmp/fcpFAAa18847:
   ifecon:
/var/tmp/fcpFAAa18847:
   igeomw:
/var/tmp/fcpFAAa18847:
   igetdb:
/var/tmp/fcpFAAa18847:
   iinali:
/var/tmp/fcpFAAa18847:
   iinres:
/var/tmp/fcpFAAa18847:
   iprdaf:
/var/tmp/fcpFAAa18847:
   irddaf:
/var/tmp/fcpFAAa18888:
   iasiga:
/var/tmp/fcpFAAa18888:
   icdrif:
/var/tmp/fcpFAAa18888:
   icrcoo:
/var/tmp/fcpFAAa18888:
   iddist:
/var/tmp/fcpFAAa18888:
   ilatch:
/var/tmp/fcpFAAa18888:
   ilivew:
/var/tmp/fcpFAAa18888:
   imicco:
/var/tmp/fcpFAAa18888:
   iresrp:
/var/tmp/fcpFAAa18888:
   itcflg:
/var/tmp/fcpFAAa18888:
   itdcor:
/var/tmp/fcpFAAa18888:
   itdrif:
/var/tmp/fcpFAAa18888:
   itprdi:
/var/tmp/fcpFAAa18888:
   itprht:
/var/tmp/fcpFAAa18888:
   itqual:
/var/tmp/fcpFAAa18888:
   itrotn:
/var/tmp/fcpFAAa18888:
   itswco:
/var/tmp/fcpFAAa18888:
   itxflg:
/var/tmp/fcpFAAa18888:
   itxing:
/var/tmp/fcpFAAa18888:
   iudoca:
/var/tmp/fcpFAAa18888:
   iupcco:
/var/tmp/fcpFAAa18888:
   iuvcrs:
/var/tmp/fcpFAAa18888:
   ixhits:
/var/tmp/fcpFAAa18961:
   uba2pi:
       entry    ubapi:
       entry    ubapi2:
/var/tmp/fcpFAAa18961:
   uf2arc:
/var/tmp/fcpFAAa18961:
   uf2crd:
/var/tmp/fcpFAAa18961:
   uf2trk:
/var/tmp/fcpFAAa18961:
   uf2use:
/var/tmp/fcpFAAa18961:
   ufbebl:
/var/tmp/fcpFAAa18961:
   ufberr:
/var/tmp/fcpFAAa18961:
   ufchi2:
/var/tmp/fcpFAAa18961:
   ufcova:
/var/tmp/fcpFAAa18961:
   ufdisc:
/var/tmp/fcpFAAa18961:
   ufecal:
/var/tmp/fcpFAAa18961:
   ufg2gt:
/var/tmp/fcpFAAa18961:
   ufgain:
/var/tmp/fcpFAAa18961:
   ufgett:
/var/tmp/fcpFAAa18961:
   ufjaco:
/var/tmp/fcpFAAa18961:
   ufloss:
/var/tmp/fcpFAAa18961:
   ufqprc:
/var/tmp/fcpFAAa18961:
   ufrein:
       entry    uf2sca:
       entry    uftfil:
/var/tmp/fcpFAAa18961:
   ufscov:
/var/tmp/fcpFAAa18961:
   ufstat:
/var/tmp/fcpFAAa18961:
   ufswmc:
       entry    uoloss:
/var/tmp/fcpFAAa18961:
   ufswms:
/var/tmp/fcpFAAa18961:
   ufswmx:
/var/tmp/fcpFAAa18961:
   uftkal:
       entry    ufmkal:
       entry    uftrac:
       entry    uftome:
       entry    ufttal:
       entry    uftmom:
       entry    uftrad:
       entry    dalinf:
       entry    ufdali:
       entry    ufswim:
       entry    ufclim:
       entry    ufvdin:
       entry    ufvdou:
       entry    uf2res:
       entry    uf2trm:
       entry    uf2tpo:
       entry    uf2pnt:
       entry    uf2xyz:
/var/tmp/fcpFAAa18961:
   uftran:
/var/tmp/fcpFAAa18961:
   ufttra:
/var/tmp/fcpFAAa18961:
   ufvdms:
       entry    ufvdmm:
/var/tmp/fcpFAAa18961:
   uload:
/var/tmp/fcpFAAa18961:
   upcons:
/var/tmp/fcpFAAa18961:
   utproc:
/var/tmp/fcpFAAa19040:
/var/tmp/fcpFAAa19040:
/var/tmp/fcpFAAa19040:
/var/tmp/fcpFAAa19040:
/var/tmp/fcpFAAa19040:
   kbkine:
/var/tmp/fcpFAAa19040:
   kbklin:
/var/tmp/fcpFAAa19040:
   kbpart:
/var/tmp/fcpFAAa19040:
   kbvert:
/var/tmp/fcpFAAa19040:
   kclean:
/var/tmp/fcpFAAa19040:
   keevt:
/var/tmp/fcpFAAa19040:
   kejob:
/var/tmp/fcpFAAa19040:
   kfevbk:
/var/tmp/fcpFAAa19040:
   kgdecl:
/var/tmp/fcpFAAa19040:
   kgpart:
/var/tmp/fcpFAAa19040:
   kiaver:
/var/tmp/fcpFAAa19040:
   kibprs:
/var/tmp/fcpFAAa19040:
   kifynw:
/var/tmp/fcpFAAa19040:
   kifyol:
/var/tmp/fcpFAAa19040:
   kinit:
/var/tmp/fcpFAAa19040:
   kkdrop:
/var/tmp/fcpFAAa19040:
   kkmove:
/var/tmp/fcpFAAa19040:
   kluzet:
/var/tmp/fcpFAAa19040:
   kmkrun:
/var/tmp/fcpFAAa19040:
   kmpart:
/var/tmp/fcpFAAa19040:
   kmrunh:
/var/tmp/fcpFAAa19040:
   knodec:
/var/tmp/fcpFAAa19040:
   kp6sho:
/var/tmp/fcpFAAa19040:
   kp6zfr:
/var/tmp/fcpFAAa19040:
   kpyzet:
/var/tmp/fcpFAAa19040:
   ksecbk:
/var/tmp/fcpFAAa19040:
   kshobk:
/var/tmp/fcpFAAa19040:
   kswap:
/var/tmp/fcpFAAa19040:
   kxl74a:
/var/tmp/fcpFAAa19040:
   kxl7al:
/var/tmp/fcpFAAa19040:
   kxl7br:
/var/tmp/fcpFAAa19040:
   kxl7co:
/var/tmp/fcpFAAa19040:
   kxl7pa:
/var/tmp/fcpFAAa19040:
   kxl7st:
/var/tmp/fcpFAAa19040:
   kxl7to:
/var/tmp/fcpFAAa19040:
   kxlual:
/var/tmp/fcpFAAa19040:
   kxlubr:
/var/tmp/fcpFAAa19040:
   kxluco:
/var/tmp/fcpFAAa19040:
   kxlupa:
/var/tmp/fcpFAAa19040:
   kxlupr:
/var/tmp/fcpFAAa19040:
   kxluto:
/var/tmp/fcpFAAa19040:
   kxp6al:
/var/tmp/fcpFAAa19040:
   kxp6br:
/var/tmp/fcpFAAa19040:
   kxp6co:
/var/tmp/fcpFAAa19040:
   kxp6in:
/var/tmp/fcpFAAa19040:
   kxp6st:
/var/tmp/fcpFAAa19040:
   kxp6to:
/var/tmp/fcpFAAa19040:
   kzfrbk:
/var/tmp/fcpFAAa19280:
   lcalmv:
/var/tmp/fcpFAAa19292:
   mbapol:
/var/tmp/fcpFAAa19292:
   mbspol:
/var/tmp/fcpFAAa19292:
   menpol:
/var/tmp/fcpFAAa19292:
   mginit:
/var/tmp/fcpFAAa19292:
   mmapol:
/var/tmp/fcpFAAa19292:
   muprge:
/var/tmp/fcpFAAa19292:
   mxyloc:
/var/tmp/fcpFAAa19315:
   maklis:
/var/tmp/fcpFAAa19315:
   mdscr:
/var/tmp/fcpFAAa19315:
   mucalo:
/var/tmp/fcpFAAa19315:
   mucatr:
/var/tmp/fcpFAAa19315:
   mudbe:
/var/tmp/fcpFAAa19315:
   mudso:
/var/tmp/fcpFAAa19353:
   alprob:
/var/tmp/fcpFAAa19353:
   amuid:
/var/tmp/fcpFAAa19353:
   hdodgy:
/var/tmp/fcpFAAa19353:
   hgsudn:
/var/tmp/fcpFAAa19353:
   hrhtub:
/var/tmp/fcpFAAa19353:
   mrmhit:
/var/tmp/fcpFAAa19353:
   mshad:
/var/tmp/fcpFAAa19353:
   msolmc:
/var/tmp/fcpFAAa19353:
   msolsh:
/var/tmp/fcpFAAa19353:
   muidf:
/var/tmp/fcpFAAa19353:
   muido:
/var/tmp/fcpFAAa19474:
   bulos:
/var/tmp/fcpFAAa19474:
   clmoms:
/var/tmp/fcpFAAa19474:
   ebaryc:
/var/tmp/fcpFAAa19474:
   ebcdrg:
/var/tmp/fcpFAAa19474:
   ebclap:
/var/tmp/fcpFAAa19474:
   ebclcf:
/var/tmp/fcpFAAa19474:
   ebcocl:
/var/tmp/fcpFAAa19474:
   ebcohd:
/var/tmp/fcpFAAa19474:
   ebconf:
/var/tmp/fcpFAAa19474:
   ebcosi:
/var/tmp/fcpFAAa19474:
   ebcrad:
/var/tmp/fcpFAAa19474:
   ebcrep:
/var/tmp/fcpFAAa19474:
   ebdevi:
/var/tmp/fcpFAAa19474:
   ebecmd:
/var/tmp/fcpFAAa19474:
   ebgaga:
/var/tmp/fcpFAAa19474:
   ebgene:
/var/tmp/fcpFAAa19474:
   ebgrid:
/var/tmp/fcpFAAa19474:
   ebhadr:
/var/tmp/fcpFAAa19474:
   ebhaha:
/var/tmp/fcpFAAa19474:
   ebimpa:
/var/tmp/fcpFAAa19474:
   ebimpc:
/var/tmp/fcpFAAa19474:
   ebinit:
/var/tmp/fcpFAAa19474:
   ebleak:
/var/tmp/fcpFAAa19474:
   eblong:
/var/tmp/fcpFAAa19474:
   eblpst:
/var/tmp/fcpFAAa19474:
   ebneut:
/var/tmp/fcpFAAa19474:
   eboidp:
/var/tmp/fcpFAAa19474:
   ebpara:
/var/tmp/fcpFAAa19474:
   ebphcc:
/var/tmp/fcpFAAa19474:
   ebprep:
/var/tmp/fcpFAAa19474:
   ebprga:
/var/tmp/fcpFAAa19474:
   ebrack:
/var/tmp/fcpFAAa19474:
   ebranc:
/var/tmp/fcpFAAa19474:
   ebrgcd:
/var/tmp/fcpFAAa19474:
   ebsatu:
/var/tmp/fcpFAAa19474:
   ebshap:
/var/tmp/fcpFAAa19474:
   ebshow:
/var/tmp/fcpFAAa19474:
   ebslim:
/var/tmp/fcpFAAa19474:
   ebstak:
/var/tmp/fcpFAAa19474:
   ebtran:
/var/tmp/fcpFAAa19474:
   ebtzth:
/var/tmp/fcpFAAa19474:
   ebvlap:
/var/tmp/fcpFAAa19474:
   ebyphi:
/var/tmp/fcpFAAa19474:
   ecleak:
/var/tmp/fcpFAAa19474:
   enof4:
/var/tmp/fcpFAAa19474:
   enol12:
/var/tmp/fcpFAAa19474:
   enolwf:
/var/tmp/fcpFAAa19474:
   enow12:
/var/tmp/fcpFAAa19474:
   gapgid:
/var/tmp/fcpFAAa19474:
   gbimpa:
/var/tmp/fcpFAAa19474:
   gbneut:
/var/tmp/fcpFAAa19474:
   gbtran:
/var/tmp/fcpFAAa19474:
   gvercr:
/var/tmp/fcpFAAa19600:
   ainjet:
/var/tmp/fcpFAAa19600:
   alclus:
/var/tmp/fcpFAAa19600:
   alrobo:
/var/tmp/fcpFAAa19600:
   althru:
/var/tmp/fcpFAAa19600:
   fjmmcl:
/var/tmp/fcpFAAa19600:
   getx:
/var/tmp/fcpFAAa19600:
   gety:
/var/tmp/fcpFAAa19600:
   jpcomb:
/var/tmp/fcpFAAa19600:
   pairfd:
       entry    paircp:
/var/tmp/fcpFAAa19600:
   pidecy:
/var/tmp/fcpFAAa19600:
   pjlink:
/var/tmp/fcpFAAa19685:
   bprtab:
/var/tmp/fcpFAAa19685:
   frftdp:
/var/tmp/fcpFAAa19685:
   ftkdmp:
/var/tmp/fcpFAAa19685:
   hcprind:
/var/tmp/fcpFAAa19685:
   muprdi:
/var/tmp/fcpFAAa19685:
   muprht:
/var/tmp/fcpFAAa19685:
   prdtmc:
/var/tmp/fcpFAAa19685:
   prfkin:
/var/tmp/fcpFAAa19685:
   prgdec:
/var/tmp/fcpFAAa19685:
   primpa:
/var/tmp/fcpFAAa19685:
   prkine:
/var/tmp/fcpFAAa19685:
   prpart:
/var/tmp/fcpFAAa19685:
   prrhah:
/var/tmp/fcpFAAa19685:
   prtabl:
/var/tmp/fcpFAAa19685:
   smprt:
/var/tmp/fcpFAAa19685:
   tpaddp:
/var/tmp/fcpFAAa19685:
   tpcodp:
/var/tmp/fcpFAAa19743:
   fpkcm:
/var/tmp/fcpFAAa19743:
   fptoj:
/var/tmp/fcpFAAa19743:
   fupkcm:
/var/tmp/fcpFAAa19743:
   iptoj:
/var/tmp/fcpFAAa19743:
   nvpcob:
/var/tmp/fcpFAAa19743:
   nvpeco:
/var/tmp/fcpFAAa19743:
   pcmecu:
/var/tmp/fcpFAAa19743:
   pcpatq:
/var/tmp/fcpFAAa19743:
   pcrltj:
/var/tmp/fcpFAAa19743:
   pechic:
/var/tmp/fcpFAAa19743:
   peidtj:
/var/tmp/fcpFAAa19743:
   phchic:
/var/tmp/fcpFAAa19743:
   phmadj:
/var/tmp/fcpFAAa19743:
   phstoj:
/var/tmp/fcpFAAa19743:
   pitcoj:
/var/tmp/fcpFAAa19743:
   pitmaj:
/var/tmp/fcpFAAa19743:
   pjpfxt:
/var/tmp/fcpFAAa19743:
   pscooj:
/var/tmp/fcpFAAa19743:
   pstcpj:
/var/tmp/fcpFAAa19743:
   ptbcoj:
/var/tmp/fcpFAAa19743:
   ptexsj:
/var/tmp/fcpFAAa19743:
   ptgmaj:
/var/tmp/fcpFAAa19743:
   ptpcoj:
/var/tmp/fcpFAAa19743:
   sptoj:
/var/tmp/fcpFAAa19743:
   tficor:
/var/tmp/fcpFAAa19743:
   tfiltu:
/var/tmp/fcpFAAa19743:
   tfipol:
/var/tmp/fcpFAAa19743:
   tptoj:
/var/tmp/fcpFAAa19743:
   tsrtco:
/var/tmp/fcpFAAa19743:
   tun1co:
/var/tmp/fcpFAAa19743:
   tun1nc:
/var/tmp/fcpFAAa19865:
   saprdi:
/var/tmp/fcpFAAa19865:
   saprhi:
/var/tmp/fcpFAAa19874:
   siator:
/var/tmp/fcpFAAa19874:
   siatox:
/var/tmp/fcpFAAa19874:
   sidali:
/var/tmp/fcpFAAa19874:
   sidcod:
/var/tmp/fcpFAAa19874:
   sidcoz:
/var/tmp/fcpFAAa19874:
   siencd:
/var/tmp/fcpFAAa19874:
   siencz:
/var/tmp/fcpFAAa19874:
   sigtgo:
/var/tmp/fcpFAAa19874:
   siidpo:
/var/tmp/fcpFAAa19874:
   siitor:
/var/tmp/fcpFAAa19874:
   siltox:
/var/tmp/fcpFAAa19874:
   siploc:
/var/tmp/fcpFAAa19874:
   siprgo:
/var/tmp/fcpFAAa19874:
   siptoj:
/var/tmp/fcpFAAa19874:
   sirdaf:
/var/tmp/fcpFAAa19874:
   sirloc:
/var/tmp/fcpFAAa19874:
   sirtoa:
/var/tmp/fcpFAAa19874:
   sirtoi:
/var/tmp/fcpFAAa19874:
   sixtoa:
/var/tmp/fcpFAAa19874:
   sixtoi:
/var/tmp/fcpFAAa19874:
   sixtol:
/var/tmp/fcpFAAa19874:
   sizfri:
/var/tmp/fcpFAAa19874:
   siztoi:
/var/tmp/fcpFAAa19874:
   stmask:
/var/tmp/fcpFAAa19874:
   strigf:
/var/tmp/fcpFAAa19933:
   talini:
/var/tmp/fcpFAAa19933:
   tcorec:
/var/tmp/fcpFAAa19933:
   tcrtrn:
/var/tmp/fcpFAAa19933:
   tctglb:
/var/tmp/fcpFAAa19933:
   tctsec:
/var/tmp/fcpFAAa19933:
   tgedmp:
/var/tmp/fcpFAAa19933:
   tgepbk:
/var/tmp/fcpFAAa19933:
   tgepri:
/var/tmp/fcpFAAa19933:
   tgewir:
/var/tmp/fcpFAAa19933:
   tghpal:
/var/tmp/fcpFAAa19933:
   tghpts:
/var/tmp/fcpFAAa19933:
   thtflg:
/var/tmp/fcpFAAa19933:
   thtran:
/var/tmp/fcpFAAa19933:
   tmatut:
/var/tmp/fcpFAAa19933:
   tpdint:
/var/tmp/fcpFAAa19933:
   trddaf:
/var/tmp/fcpFAAa19933:
   trdt90:
/var/tmp/fcpFAAa19933:
   trhflg:
/var/tmp/fcpFAAa19933:
   tschek:
/var/tmp/fcpFAAa19933:
   tscint:
/var/tmp/fcpFAAa19933:
   tsnext:
/var/tmp/fcpFAAa19981:
   tcores:
/var/tmp/fcpFAAa19981:
   tcrtof:
/var/tmp/fcpFAAa19981:
   tcrtra:
/var/tmp/fcpFAAa19981:
   tcrzvd:
/var/tmp/fcpFAAa19981:
   tdfvru:
/var/tmp/fcpFAAa19981:
   tfcini:
/var/tmp/fcpFAAa19981:
   tfimul:
/var/tmp/fcpFAAa19981:
   tfixt0:
/var/tmp/fcpFAAa19981:
   tgtcur:
/var/tmp/fcpFAAa19981:
   timdif:
/var/tmp/fcpFAAa19981:
   tlacoc:
/var/tmp/fcpFAAa19981:
   tlacop:
/var/tmp/fcpFAAa19981:
   tlacor:
/var/tmp/fcpFAAa19981:
   tnfvru:
/var/tmp/fcpFAAa19981:
   tpdvel:
/var/tmp/fcpFAAa19981:
   tprcoo:
/var/tmp/fcpFAAa19981:
   tprhit:
/var/tmp/fcpFAAa19981:
   twpana:
/var/tmp/fcpFAAa19981:
   twpold:
/var/tmp/fcpFAAa19981:
   twrred:
/var/tmp/fcpFAAa19981:
   tzcrvd:
/var/tmp/fcpFAAa19981:
   tzcsvd:
/var/tmp/fcpFAAa20048:
   sidisc:
/var/tmp/fcpFAAa20048:
   sitrin:
/var/tmp/fcpFAAa20048:
   six2mk:
/var/tmp/fcpFAAa20048:
   sixamk:
/var/tmp/fcpFAAa20048:
   sixapr:
/var/tmp/fcpFAAa20048:
   x1aptn:
/var/tmp/fcpFAAa20048:
   x1aptr:
/var/tmp/fcpFAAa20048:
   x1book:
/var/tmp/fcpFAAa20048:
   x1dceb:
/var/tmp/fcpFAAa20048:
   x1disc:
/var/tmp/fcpFAAa20048:
   x1disn:
/var/tmp/fcpFAAa20048:
   x1ecwm:
/var/tmp/fcpFAAa20048:
   x1hisn:
/var/tmp/fcpFAAa20048:
   x1hist:
/var/tmp/fcpFAAa20048:
   x1ini:
/var/tmp/fcpFAAa20048:
   x1inp:
/var/tmp/fcpFAAa20048:
   x1irun:
/var/tmp/fcpFAAa20048:
   x1mixi:
/var/tmp/fcpFAAa20048:
   x1mixn:
/var/tmp/fcpFAAa20048:
   x1outp:
/var/tmp/fcpFAAa20048:
   x1prep:
/var/tmp/fcpFAAa20048:
   x1prnt:
/var/tmp/fcpFAAa20048:
   x1redo:
/var/tmp/fcpFAAa20048:
   x1rsum:
/var/tmp/fcpFAAa20048:
   x1time:
/var/tmp/fcpFAAa20048:
   x1trg:
/var/tmp/fcpFAAa20048:
   x1trig:
/var/tmp/fcpFAAa20048:
   x1wsum:
/var/tmp/fcpFAAa20048:
   x2book:
/var/tmp/fcpFAAa20048:
   x2dfcd:
/var/tmp/fcpFAAa20048:
   x2irun:
/var/tmp/fcpFAAa20048:
   x2luts:
/var/tmp/fcpFAAa20048:
   x2nami:
/var/tmp/fcpFAAa20048:
   x2prhi:
/var/tmp/fcpFAAa20048:
   x2prin:
/var/tmp/fcpFAAa20048:
   x2trig:
/var/tmp/fcpFAAa20048:
   x2wsum:
/var/tmp/fcpFAAa20150:
   vabcfl:
/var/tmp/fcpFAAa20150:
   vabcvu:
/var/tmp/fcpFAAa20150:
   vabcxy:
/var/tmp/fcpFAAa20150:
   vaddpk:
/var/tmp/fcpFAAa20150:
   vaddun:
/var/tmp/fcpFAAa20150:
   vadesa:
/var/tmp/fcpFAAa20150:
   vadewa:
/var/tmp/fcpFAAa20150:
   vaensa:
/var/tmp/fcpFAAa20150:
   vaenwa:
/var/tmp/fcpFAAa20150:
   valfco:
/var/tmp/fcpFAAa20150:
   vbnkdp:
/var/tmp/fcpFAAa20150:
   vbrjwa:
/var/tmp/fcpFAAa20150:
   vchnst:
/var/tmp/fcpFAAa20150:
   vcormp:
/var/tmp/fcpFAAa20150:
   vcscec:
/var/tmp/fcpFAAa20150:
   vdacrs:
/var/tmp/fcpFAAa20150:
   vdafrd:
/var/tmp/fcpFAAa20150:
   vdamb:
/var/tmp/fcpFAAa20150:
   vdarge:
/var/tmp/fcpFAAa20150:
   vdcflt:
/var/tmp/fcpFAAa20150:
   vdchnb:
/var/tmp/fcpFAAa20150:
   vdcwrs:
/var/tmp/fcpFAAa20150:
   vdecsc:
/var/tmp/fcpFAAa20150:
   vdetgi:
/var/tmp/fcpFAAa20150:
   vdfirs:
/var/tmp/fcpFAAa20150:
   vdgdmp:
/var/tmp/fcpFAAa20150:
   vdgtch:
/var/tmp/fcpFAAa20150:
   vdgtol:
/var/tmp/fcpFAAa20150:
   vdindx:
/var/tmp/fcpFAAa20150:
   vdlcps:
/var/tmp/fcpFAAa20150:
   vdlcrs:
/var/tmp/fcpFAAa20150:
   vdpgeo:
/var/tmp/fcpFAAa20150:
   vdpslc:
/var/tmp/fcpFAAa20150:
   vdpsrs:
/var/tmp/fcpFAAa20150:
   vdrmax:
/var/tmp/fcpFAAa20150:
   vdrmin:
/var/tmp/fcpFAAa20150:
   vdrslc:
/var/tmp/fcpFAAa20150:
   vdrsps:
/var/tmp/fcpFAAa20150:
   vdrssc:
/var/tmp/fcpFAAa20150:
   vdscec:
/var/tmp/fcpFAAa20150:
   vdscrs:
/var/tmp/fcpFAAa20150:
   vdwfxy:
/var/tmp/fcpFAAa20150:
   vdyear:
/var/tmp/fcpFAAa20150:
   vdzmax:
/var/tmp/fcpFAAa20150:
   vfacsn:
/var/tmp/fcpFAAa20150:
   vfadim:
/var/tmp/fcpFAAa20150:
   vfaori:
/var/tmp/fcpFAAa20150:
   vfasdp:
/var/tmp/fcpFAAa20150:
   vfasmd:
/var/tmp/fcpFAAa20150:
   vffacw:
/var/tmp/fcpFAAa20150:
   vfjfac:
/var/tmp/fcpFAAa20150:
   vfjmod:
/var/tmp/fcpFAAa20150:
   vfjwaf:
/var/tmp/fcpFAAa20150:
   vfnear:
/var/tmp/fcpFAAa20150:
   vfwaff:
/var/tmp/fcpFAAa20150:
   vfwafi:
/var/tmp/fcpFAAa20150:
   vgcadi:
/var/tmp/fcpFAAa20150:
   vgcmtr:
/var/tmp/fcpFAAa20150:
   vgcrmt:
/var/tmp/fcpFAAa20150:
   vgexro:
/var/tmp/fcpFAAa20150:
   vggtno:
/var/tmp/fcpFAAa20150:
   vgintr:
/var/tmp/fcpFAAa20150:
   vgrdal:
/var/tmp/fcpFAAa20150:
   vgrdls:
/var/tmp/fcpFAAa20150:
   vgtber:
/var/tmp/fcpFAAa20150:
   vgtrve:
/var/tmp/fcpFAAa20150:
   vgwfvu:
/var/tmp/fcpFAAa20150:
   vgwfxy:
/var/tmp/fcpFAAa20150:
   vifaci:
/var/tmp/fcpFAAa20150:
   vimmod:
/var/tmp/fcpFAAa20150:
   vimodi:
/var/tmp/fcpFAAa20150:
   vimodm:
/var/tmp/fcpFAAa20150:
   vimodr:
/var/tmp/fcpFAAa20150:
   vindxi:
/var/tmp/fcpFAAa20150:
   vinibm:
/var/tmp/fcpFAAa20150:
   vinist:
/var/tmp/fcpFAAa20150:
   vinivg:
/var/tmp/fcpFAAa20150:
   vinlsw:
/var/tmp/fcpFAAa20150:
   vinsen:
/var/tmp/fcpFAAa20150:
   vinter:
/var/tmp/fcpFAAa20150:
   vintlf:
/var/tmp/fcpFAAa20150:
   vintlw:
/var/tmp/fcpFAAa20150:
   viromw:
/var/tmp/fcpFAAa20150:
   vitexi:
/var/tmp/fcpFAAa20150:
   viwafi:
/var/tmp/fcpFAAa20150:
   viwffw:
/var/tmp/fcpFAAa20150:
   vjfaci:
/var/tmp/fcpFAAa20150:
   vjfacm:
/var/tmp/fcpFAAa20150:
   vjfacw:
/var/tmp/fcpFAAa20150:
   vjlayf:
/var/tmp/fcpFAAa20150:
   vjlaym:
/var/tmp/fcpFAAa20150:
   vjlayw:
/var/tmp/fcpFAAa20150:
   vjmodi:
/var/tmp/fcpFAAa20150:
   vjmodm:
/var/tmp/fcpFAAa20150:
   vjmodw:
/var/tmp/fcpFAAa20150:
   vjwabr:
/var/tmp/fcpFAAa20150:
   vjwabw:
/var/tmp/fcpFAAa20150:
   vjwaff:
/var/tmp/fcpFAAa20150:
   vjwafi:
/var/tmp/fcpFAAa20150:
   vjwafm:
/var/tmp/fcpFAAa20150:
   vjwffw:
/var/tmp/fcpFAAa20150:
   vljfac:
/var/tmp/fcpFAAa20150:
   vljmod:
/var/tmp/fcpFAAa20150:
   vljwaf:
/var/tmp/fcpFAAa20150:
   vmcmod:
/var/tmp/fcpFAAa20150:
   vmmfld:
/var/tmp/fcpFAAa20150:
   vmmodj:
/var/tmp/fcpFAAa20150:
   vmodmc:
/var/tmp/fcpFAAa20150:
   vmwafj:
/var/tmp/fcpFAAa20150:
   vnelrm:
/var/tmp/fcpFAAa20150:
   vnfslo:
/var/tmp/fcpFAAa20150:
   vnirfs:
/var/tmp/fcpFAAa20150:
   vnlayr:
/var/tmp/fcpFAAa20150:
   vnrdir:
/var/tmp/fcpFAAa20150:
   vnrfac:
/var/tmp/fcpFAAa20150:
   vnrmod:
/var/tmp/fcpFAAa20150:
   vnromm:
/var/tmp/fcpFAAa20150:
   vnrssc:
/var/tmp/fcpFAAa20150:
   vnrwaf:
/var/tmp/fcpFAAa20150:
   vnrwff:
/var/tmp/fcpFAAa20150:
   vnscrm:
/var/tmp/fcpFAAa20150:
   vnstcm:
/var/tmp/fcpFAAa20150:
   vntfac:
/var/tmp/fcpFAAa20150:
   vntmod:
/var/tmp/fcpFAAa20150:
   vntwaf:
/var/tmp/fcpFAAa20150:
   vphicf:
/var/tmp/fcpFAAa20150:
   vphifc:
/var/tmp/fcpFAAa20150:
   vphifn:
/var/tmp/fcpFAAa20150:
   vphstm:
/var/tmp/fcpFAAa20150:
   vpkadd:
/var/tmp/fcpFAAa20150:
   vrddaf:
/var/tmp/fcpFAAa20150:
   vrecor:
/var/tmp/fcpFAAa20150:
   vrmmod:
/var/tmp/fcpFAAa20150:
   vromax:
/var/tmp/fcpFAAa20150:
   vrostm:
/var/tmp/fcpFAAa20150:
   vrswmd:
/var/tmp/fcpFAAa20150:
   vrswmx:
/var/tmp/fcpFAAa20150:
   vrvmbe:
/var/tmp/fcpFAAa20150:
   vschan:
/var/tmp/fcpFAAa20150:
   vscmec:
/var/tmp/fcpFAAa20150:
   vscmsc:
/var/tmp/fcpFAAa20150:
   vsensi:
/var/tmp/fcpFAAa20150:
   vsetup:
/var/tmp/fcpFAAa20150:
   vslotf:
/var/tmp/fcpFAAa20150:
   vsmjmd:
/var/tmp/fcpFAAa20150:
   vsmmod:
/var/tmp/fcpFAAa20150:
   vsmmtx:
/var/tmp/fcpFAAa20150:
   vstreg:
/var/tmp/fcpFAAa20150:
   vtextm:
/var/tmp/fcpFAAa20150:
   vtextw:
/var/tmp/fcpFAAa20150:
   vunadd:
/var/tmp/fcpFAAa20150:
   vvuwab:
/var/tmp/fcpFAAa20150:
   vvuwxy:
/var/tmp/fcpFAAa20150:
   vwadim:
/var/tmp/fcpFAAa20150:
   vwdist:
/var/tmp/fcpFAAa20150:
   vwffnd:
/var/tmp/fcpFAAa20150:
   vwfind:
/var/tmp/fcpFAAa20150:
   vwthck:
/var/tmp/fcpFAAa20150:
   vxyzab:
/var/tmp/fcpFAAa20150:
   vxyzfc:
/var/tmp/fcpFAAa20150:
   vxyzvu:
/var/tmp/fcpFAAa20150:
   vxyzwa:
/var/tmp/fcpFAAa20150:
   vzmult:
/var/tmp/fcpFAAa20150:
   vzrsrs:
/var/tmp/fcpFAAa20511:
   vdexcy:
/var/tmp/fcpFAAa20511:
   vdherr:
/var/tmp/fcpFAAa20511:
   vdhits:
/var/tmp/fcpFAAa20511:
   vdhter:
/var/tmp/fcpFAAa20511:
   vdmjls:
/var/tmp/fcpFAAa20511:
   vdmsec:
/var/tmp/fcpFAAa20511:
   vdmsrl:
/var/tmp/fcpFAAa20511:
   vdmsup:
/var/tmp/fcpFAAa20511:
   vdmwrs:
/var/tmp/fcpFAAa20511:
   vdprdi:
/var/tmp/fcpFAAa20511:
   vdprht:
/var/tmp/fcpFAAa20511:
   vdttra:
/var/tmp/fcpFAAa20511:
   vherr1:
/var/tmp/fcpFAAa20511:
   vrldgt:
/var/tmp/fcpFAAa20511:
   vrmwf:
/var/tmp/fcpFAAa20511:
   vstrip:
/var/tmp/fcpFAAa20511:
   vtclas:
/var/tmp/fcpFAAa20511:
   vtclld:
/var/tmp/fcpFAAa20511:
   vtderv:
/var/tmp/fcpFAAa20511:
   vtfill:
/var/tmp/fcpFAAa20511:
   vtlink:
/var/tmp/fcpFAAa20511:
   vtrfit:
/var/tmp/fcpFAAa20511:
   vtrkex:
/var/tmp/fcpFAAa20511:
   vtrlas:
/var/tmp/fcpFAAa20511:
   vtruh:
/var/tmp/fcpFAAa20511:
   vtxnwt:
/var/tmp/fcpFAAa20511:
   vtxraw:
/var/tmp/fcpFAAa20511:
   vtxtrk:
/var/tmp/fcpFAAa20590:
   llumok:
/var/tmp/fcpFAAa20590:
   slumok:
/var/tmp/fcpFAAa20590:
   vbitgd:
/var/tmp/fcpFAAa20590:
   xhvbit:
/var/tmp/fcpFAAa20590:
   xhvfix:
/var/tmp/fcpFAAa20590:
   xhvsta:
/var/tmp/fcpFAAa20590:
   xlslum:
/var/tmp/fcpFAAa20590:
   xlumok:
/var/tmp/fcpFAAa20590:
   xre133:
/var/tmp/fcpFAAa20590:
   xre94:
/var/tmp/fcpFAAa20590:
   xt0syn:
/var/tmp/fcpFAAa20590:
   xtgenb:
/var/tmp/fcpFAAa20590:
   xvdeok:
/var/tmp/fcpFAAa20646:
   ys0add:
/var/tmp/fcpFAAa20646:
   ys0clr:
/var/tmp/fcpFAAa20646:
   ys0lld:
/var/tmp/fcpFAAa20646:
   ys0set:
/var/tmp/fcpFAAa20646:
   yscadd:
/var/tmp/fcpFAAa20646:
   yscclr:
/var/tmp/fcpFAAa20646:
   ysclld:
/var/tmp/fcpFAAa20646:
   yscset:
/var/tmp/fcpFAAa20646:
   ysfclr:
/var/tmp/fcpFAAa20646:
   ysfset:
/var/tmp/fcpFAAa20646:
   ysftld:
/var/tmp/fcpFAAa20646:
   ysgets:
/var/tmp/fcpFAAa20646:
   ysklld:
/var/tmp/fcpFAAa20646:
   yspair:
/var/tmp/fcpFAAa20646:
   yspcut:
/var/tmp/fcpFAAa20646:
   yspvft:
/var/tmp/fcpFAAa20646:
   ystadd:
/var/tmp/fcpFAAa20646:
   ystclr:
/var/tmp/fcpFAAa20646:
   ystlld:
/var/tmp/fcpFAAa20646:
   ystset:
/var/tmp/fcpFAAa20646:
   ysvadd:
/var/tmp/fcpFAAa20646:
   ysvbld:
/var/tmp/fcpFAAa20646:
   ysvclr:
/var/tmp/fcpFAAa20646:
   ysvfit:
/var/tmp/fcpFAAa20646:
   ysvmat:
/var/tmp/fcpFAAa20646:
   ysvmrg:
/var/tmp/fcpFAAa20646:
   ysvrtx:
/var/tmp/fcpFAAa20646:
   ysvset:
/var/tmp/fcpFAAa20646:
   ysvsrt:
/var/tmp/fcpFAAa20646:
   ysvtbk:
/var/tmp/fcpFAAa20646:
   ysvtrk:
/var/tmp/fcpFAAa20646:
   ysvx0l:
/var/tmp/fcpFAAa20804:
   BLOCK DATA ybdtop:
/var/tmp/fcpFAAa20804:
   ybipat:
/var/tmp/fcpFAAa20804:
   ycircr:
Compiler error line 115 of ../ytop/ycircr.F: Utils: Sanity Check: Inconsistent internal data structures. (6933)
/var/tmp/fcpFAAa20804:
   ydefrf:
/var/tmp/fcpFAAa20804:
   yfmvtc:
/var/tmp/fcpFAAa20804:
   yfmvtr:
/var/tmp/fcpFAAa20804:
   yftvtc:
/var/tmp/fcpFAAa20804:
   yftvtr:
/var/tmp/fcpFAAa20804:
   yfvmap:
/var/tmp/fcpFAAa20804:
   yfvmc:
/var/tmp/fcpFAAa20804:
   yfvmc1:
/var/tmp/fcpFAAa20804:
   yhisto:
/var/tmp/fcpFAAa20804:
   yhuser:
/var/tmp/fcpFAAa20804:
   yinvmx:
/var/tmp/fcpFAAa20804:
   yitcof:
/var/tmp/fcpFAAa20804:
   ymkand:
/var/tmp/fcpFAAa20804:
   ymkcle:
/var/tmp/fcpFAAa20804:
   ymkcnt:
/var/tmp/fcpFAAa20804:
   ymkcop:
/var/tmp/fcpFAAa20804:
   ymkexp:
/var/tmp/fcpFAAa20804:
   ymkidc:
/var/tmp/fcpFAAa20804:
   ymkidt:
/var/tmp/fcpFAAa20804:
   ymkmis:
/var/tmp/fcpFAAa20804:
   ymkorr:
/var/tmp/fcpFAAa20804:
   ymkset:
/var/tmp/fcpFAAa20804:
   ymkshr:
/var/tmp/fcpFAAa20804:
   ymktst:
/var/tmp/fcpFAAa20804:
   ymkzer:
/var/tmp/fcpFAAa20804:
   yms3in:
/var/tmp/fcpFAAa20804:
   ypidas:
/var/tmp/fcpFAAa20804:
   yprivx:
/var/tmp/fcpFAAa20804:
   yprver:
/var/tmp/fcpFAAa20804:
   yruser:
/var/tmp/fcpFAAa20804:
   ystvtx:
/var/tmp/fcpFAAa20804:
   ysvvtx:
/var/tmp/fcpFAAa20804:
   ytconv:
/var/tmp/fcpFAAa20804:
   ytijob:
/var/tmp/fcpFAAa20804:
   ytoiru:
/var/tmp/fcpFAAa20804:
   ytopnw:
/var/tmp/fcpFAAa20804:
   ytopol:
/var/tmp/fcpFAAa20804:
   ytoprt:
/var/tmp/fcpFAAa20804:
   ytosum:
/var/tmp/fcpFAAa20804:
   ytosvt:
/var/tmp/fcpFAAa20804:
   ytpar:
/var/tmp/fcpFAAa20804:
   ytpvtx:
/var/tmp/fcpFAAa20804:
   ytrv0s:
/var/tmp/fcpFAAa20804:
   ytstrk:
/var/tmp/fcpFAAa20804:
   yvdcof:
/var/tmp/fcpFAAa20804:
   yvposs:
/var/tmp/fcpFAAa20804:
   yvxbld:

fort77: Warning: Compiler failure has occurred.
     Attempting to recompile failing compilation unit without optimization

/var/tmp/fcpFAAa20804:
   ycircr:
/var/tmp/fcpFAAa06722:
   ychi00:
/var/tmp/fcpFAAa06722:
   ychiv2:
/var/tmp/fcpFAAa06722:
   yd0nfi:
/var/tmp/fcpFAAa06722:
   yd0nfn:
/var/tmp/fcpFAAa06722:
   ydismc:
/var/tmp/fcpFAAa06722:
   yfixis:
/var/tmp/fcpFAAa06722:
   yfixyn:
/var/tmp/fcpFAAa06722:
   yfixyp:
/var/tmp/fcpFAAa06722:
   yfpsin:
/var/tmp/fcpFAAa06722:
   yfqerq:
/var/tmp/fcpFAAa06722:
   ymfmin:
/var/tmp/fcpFAAa06722:
   ymfv0v:
       entry    ymfv00:
/var/tmp/fcpFAAa06722:
   ynv0nf:
/var/tmp/fcpFAAa06722:
   ynv0ve:
/var/tmp/fcpFAAa06722:
   ypsive:
/var/tmp/fcpFAAa06722:
   ypsivn:
/var/tmp/fcpFAAa06722:
   yv0bok:
/var/tmp/fcpFAAa06722:
   yv0mas:
/var/tmp/fcpFAAa06722:
   yv0ong:
/var/tmp/fcpFAAa06722:
   yv0onh:
/var/tmp/fcpFAAa06722:
   yv1ini:
/var/tmp/fcpFAAa06722:
   yvcame:
/var/tmp/fcpFAAa06722:
   yvprim:
/var/tmp/fcpFAAa06722:
   yzpha1:
/var/tmp/fcpFAAa06722:
   yzphan:
/var/tmp/fcpFAAa06722:
   yzphas:
