fort77: POSIX mandates an explicit optimization level setting on the -O option; ignored
/var/tmp/fcpFAAa00922:
   abchck:
/var/tmp/fcpFAAa00922:
   aboldr:
/var/tmp/fcpFAAa00922:
   abopen:
       entry    abstun:
/var/tmp/fcpFAAa00922:
   abread:
/var/tmp/fcpFAAa00922:
   abrrec:
       entry    abclas:
       entry    abstrcl:
       entry    abgtcl:
       entry    abgtwcl:
       entry    abgtrcl:
       entry    abstcl:
       entry    abunit:
/var/tmp/fcpFAAa00922:
   abrsel:
       entry    abmode:
/var/tmp/fcpFAAa00922:
   abruev:
/var/tmp/fcpFAAa00922:
   absevt:
       entry    absmax:
       entry    abslim:
       entry    aboner:
/var/tmp/fcpFAAa00922:
   abskip:
/var/tmp/fcpFAAa00922:
   abwend:
/var/tmp/fcpFAAa00922:
   abweve:
/var/tmp/fcpFAAa00922:
   abwsel:
/var/tmp/fcpFAAa00922:
   aredir:
/var/tmp/fcpFAAa00922:
   aunpck:
/var/tmp/fcpFAAa00922:
   aunpus:
/var/tmp/fcpFAAa00922:
   getevt:
fort77: POSIX mandates an explicit optimization level setting on the -O option; ignored
/var/tmp/fcpFAAa00959:
   acard1:
       entry    acard0:
/var/tmp/fcpFAAa00959:
   acard2:
/var/tmp/fcpFAAa00959:
   acard3:
/var/tmp/fcpFAAa00959:
   acdarg:
/var/tmp/fcpFAAa00959:
   aclose:
/var/tmp/fcpFAAa00959:
   adirec:
/var/tmp/fcpFAAa00959:
   adspos:
/var/tmp/fcpFAAa00959:
   afilin:
       entry    afili0:
/var/tmp/fcpFAAa00959:
   afilmi:
/var/tmp/fcpFAAa00959:
   afilou:
       entry    afilo0:
/var/tmp/fcpFAAa00959:
   aftype:
/var/tmp/fcpFAAa00959:
   ainqui:
/var/tmp/fcpFAAa00959:
   aiocar:
/var/tmp/fcpFAAa00959:
   algtenv:
/var/tmp/fcpFAAa00959:
   alopen:
/var/tmp/fcpFAAa00959:
   alstgqry:
/var/tmp/fcpFAAa00959:
   amount:
/var/tmp/fcpFAAa00959:
   aopen:
/var/tmp/fcpFAAa00959:
   aopenw:
/var/tmp/fcpFAAa00959:
   aoperd:
/var/tmp/fcpFAAa00959:
   aopewr:
       entry    aopeww:
/var/tmp/fcpFAAa00959:
   aoptap:
/var/tmp/fcpFAAa00959:
   astage:
/var/tmp/fcpFAAa00959:
   awerrc:
/var/tmp/fcpFAAa00959:
   awrtap:
/var/tmp/fcpFAAa00959:
   crfilm:
/var/tmp/fcpFAAa00959:
   dropdk:
/var/tmp/fcpFAAa00959:
   gimedk:
/var/tmp/fcpFAAa00959:
/var/tmp/fcpFAAa00959:
   prstat:
fort77: POSIX mandates an explicit optimization level setting on the -O option; ignored
/var/tmp/fcpFAAa01023:
   utahdr:
/var/tmp/fcpFAAa01023:
   utahor:
/var/tmp/fcpFAAa01023:
   utaver:
/var/tmp/fcpFAAa01023:
   utbkpr:
/var/tmp/fcpFAAa01023:
   utdbco:
/var/tmp/fcpFAAa01023:
   utdbpr:
/var/tmp/fcpFAAa01023:
   utprbk:
/var/tmp/fcpFAAa01023:
   utprdb:
fort77: POSIX mandates an explicit optimization level setting on the -O option; ignored
/var/tmp/fcpFAAa01043:
fort77: POSIX mandates an explicit optimization level setting on the -O option; ignored
/var/tmp/fcpFAAa01049:
   adbrow:
/var/tmp/fcpFAAa01049:
   adbrpn:
/var/tmp/fcpFAAa01049:
   adbrun:
/var/tmp/fcpFAAa01049:
   adbswp:
/var/tmp/fcpFAAa01049:
   adbver:
/var/tmp/fcpFAAa01049:
   agetdb:
/var/tmp/fcpFAAa01049:
   agtfil:
/var/tmp/fcpFAAa01049:
   albos:
/var/tmp/fcpFAAa01049:
   aldawr:
/var/tmp/fcpFAAa01049:
   aldtyp:
/var/tmp/fcpFAAa01049:
   aleveh:
/var/tmp/fcpFAAa01049:
   alfind:
/var/tmp/fcpFAAa01049:
   alfmt:
/var/tmp/fcpFAAa01049:
   algtbk:
/var/tmp/fcpFAAa01049:
   algtdb:
       entry    algtd1:
/var/tmp/fcpFAAa01049:
   algtlu:
/var/tmp/fcpFAAa01049:
   algtro:
/var/tmp/fcpFAAa01049:
   algtyp:
/var/tmp/fcpFAAa01049:
   alinst:
/var/tmp/fcpFAAa01049:
   alk7fil:
/var/tmp/fcpFAAa01049:
   alk7fru:
/var/tmp/fcpFAAa01049:
   alk7op:
/var/tmp/fcpFAAa01049:
   alk7tru:
/var/tmp/fcpFAAa01049:
   almach:
/var/tmp/fcpFAAa01049:
   alredb:
/var/tmp/fcpFAAa01049:
   alrune:
/var/tmp/fcpFAAa01049:
   alrunh:
/var/tmp/fcpFAAa01049:
   alrunr:
/var/tmp/fcpFAAa01049:
   alseed:
/var/tmp/fcpFAAa01049:
   alstho:
/var/tmp/fcpFAAa01049:
   alstin:
/var/tmp/fcpFAAa01049:
   alstri:
/var/tmp/fcpFAAa01049:
   altabl:
/var/tmp/fcpFAAa01049:
   altell:
/var/tmp/fcpFAAa01049:
   alvsn:
/var/tmp/fcpFAAa01049:
   aopdbs:
/var/tmp/fcpFAAa01049:
   aublis:
/var/tmp/fcpFAAa01049:
   aubos:
/var/tmp/fcpFAAa01049:
   aubprs:
/var/tmp/fcpFAAa01049:
   babend:
/var/tmp/fcpFAAa01049:
   bkcari:
/var/tmp/fcpFAAa01049:
   bkinca:
/var/tmp/fcpFAAa01049:
   bkrhab:
/var/tmp/fcpFAAa01049:
   bkrhal:
/var/tmp/fcpFAAa01049:
   bkrhaw:
/var/tmp/fcpFAAa01049:
   bktobk:
/var/tmp/fcpFAAa01049:
   cafiht:
/var/tmp/fcpFAAa01049:
   chahol:
/var/tmp/fcpFAAa01049:
   dafrds:
       entry    dafrst:
/var/tmp/fcpFAAa01049:
/var/tmp/fcpFAAa01049:
   fprrow:
/var/tmp/fcpFAAa01049:
   gtdbas:
/var/tmp/fcpFAAa01049:
   gtstup:
/var/tmp/fcpFAAa01049:
   gtyear:
/var/tmp/fcpFAAa01049:
   igtfmt:
/var/tmp/fcpFAAa01049:
   iovers:
/var/tmp/fcpFAAa01049:
   jalrec:
       entry    nalrec:
       entry    kalrec:
       entry    malrec:
/var/tmp/fcpFAAa01049:
   jhocha:
/var/tmp/fcpFAAa01049:
   julrec:
/var/tmp/fcpFAAa01049:
   junial:
       entry    nunial:
/var/tmp/fcpFAAa01049:
   junidb:
       entry    nunidb:
       entry    junisq:
       entry    nunisq:
       entry    junido:
       entry    nunido:
/var/tmp/fcpFAAa01049:
   kbytrec:
/var/tmp/fcpFAAa01049:
   loctab:
/var/tmp/fcpFAAa01049:
   nameru:
/var/tmp/fcpFAAa01049:
   openda:
/var/tmp/fcpFAAa01049:
   opendb:
/var/tmp/fcpFAAa01049:
   opensq:
/var/tmp/fcpFAAa01049:
   sdrsx:
/var/tmp/fcpFAAa01049:
   sibsdr:
/var/tmp/fcpFAAa01049:
   sxsdr:
/var/tmp/fcpFAAa01049:
   ubpack:
/var/tmp/fcpFAAa01049:
   uclean:
/var/tmp/fcpFAAa01049:
   uindxs:
/var/tmp/fcpFAAa01049:
   usbos:
/var/tmp/fcpFAAa01049:
   usgtdb:
       entry    usgtd1:
/var/tmp/fcpFAAa01049:
   utcblk:
/var/tmp/fcpFAAa01049:
   utccop:
/var/tmp/fcpFAAa01049:
   utcofo:
/var/tmp/fcpFAAa01049:
   utwocl:
/var/tmp/fcpFAAa01049:
   utwoex:
fort77: POSIX mandates an explicit optimization level setting on the -O option; ignored
/var/tmp/fcpFAAa01233:
   cfrvax:
/var/tmp/fcpFAAa01233:
   cmpban:
/var/tmp/fcpFAAa01233:
   cmpdro:
/var/tmp/fcpFAAa01233:
   cmpin2:
/var/tmp/fcpFAAa01233:
   cmpini:
/var/tmp/fcpFAAa01233:
   cmplis:
/var/tmp/fcpFAAa01233:
   cmpsum:
/var/tmp/fcpFAAa01233:
   cmptoi:
/var/tmp/fcpFAAa01233:
/var/tmp/fcpFAAa01233:
/var/tmp/fcpFAAa01233:
   dmpban:
/var/tmp/fcpFAAa01233:
   dmpchr:
/var/tmp/fcpFAAa01233:
   dmpfmt:
/var/tmp/fcpFAAa01233:
   dmplis:
       entry    dmpger:
/var/tmp/fcpFAAa01233:
   udmper:
