fort77: POSIX mandates an explicit optimization level setting on the -O option; ignored
/var/tmp/fcpFAAa00496:
   abchck:
/var/tmp/fcpFAAa00496:
   aboldr:
/var/tmp/fcpFAAa00496:
   abopen:
       entry    abstun:
/var/tmp/fcpFAAa00496:
   abread:
/var/tmp/fcpFAAa00496:
   abrrec:
       entry    abclas:
       entry    abstrcl:
       entry    abgtcl:
       entry    abgtwcl:
       entry    abgtrcl:
       entry    abstcl:
       entry    abunit:
/var/tmp/fcpFAAa00496:
   abrsel:
       entry    abmode:
/var/tmp/fcpFAAa00496:
   abruev:
/var/tmp/fcpFAAa00496:
   absevt:
       entry    absmax:
       entry    abslim:
       entry    aboner:
/var/tmp/fcpFAAa00496:
   abskip:
/var/tmp/fcpFAAa00496:
   abwend:
/var/tmp/fcpFAAa00496:
   abweve:
/var/tmp/fcpFAAa00496:
   abwsel:
/var/tmp/fcpFAAa00496:
   aredir:
/var/tmp/fcpFAAa00496:
   aunpck:
/var/tmp/fcpFAAa00496:
   aunpus:
/var/tmp/fcpFAAa00496:
   getevt:
fort77: POSIX mandates an explicit optimization level setting on the -O option; ignored
/var/tmp/fcpFAAa00560:
   acard1:
       entry    acard0:
/var/tmp/fcpFAAa00560:
   acard2:
/var/tmp/fcpFAAa00560:
   acard3:
/var/tmp/fcpFAAa00560:
   acdarg:
/var/tmp/fcpFAAa00560:
   aclose:
/var/tmp/fcpFAAa00560:
   adirec:
/var/tmp/fcpFAAa00560:
   adspos:
/var/tmp/fcpFAAa00560:
   afilin:
       entry    afili0:
/var/tmp/fcpFAAa00560:
   afilmi:
/var/tmp/fcpFAAa00560:
   afilou:
       entry    afilo0:
/var/tmp/fcpFAAa00560:
   aftype:
/var/tmp/fcpFAAa00560:
   ainqui:
/var/tmp/fcpFAAa00560:
   aiocar:
/var/tmp/fcpFAAa00560:
   algtenv:
/var/tmp/fcpFAAa00560:
   alopen:
/var/tmp/fcpFAAa00560:
   alstgqry:
/var/tmp/fcpFAAa00560:
   amount:
/var/tmp/fcpFAAa00560:
   aopen:
/var/tmp/fcpFAAa00560:
   aopenw:
/var/tmp/fcpFAAa00560:
   aoperd:
/var/tmp/fcpFAAa00560:
   aopewr:
       entry    aopeww:
/var/tmp/fcpFAAa00560:
   aoptap:
/var/tmp/fcpFAAa00560:
   astage:
/var/tmp/fcpFAAa00560:
   awerrc:
/var/tmp/fcpFAAa00560:
   awrtap:
/var/tmp/fcpFAAa00560:
   crfilm:
/var/tmp/fcpFAAa00560:
   dropdk:
/var/tmp/fcpFAAa00560:
   gimedk:
/var/tmp/fcpFAAa00560:
/var/tmp/fcpFAAa00560:
   prstat:
fort77: POSIX mandates an explicit optimization level setting on the -O option; ignored
/var/tmp/fcpFAAa00630:
   utahdr:
/var/tmp/fcpFAAa00630:
   utahor:
/var/tmp/fcpFAAa00630:
   utaver:
/var/tmp/fcpFAAa00630:
   utbkpr:
/var/tmp/fcpFAAa00630:
   utdbco:
/var/tmp/fcpFAAa00630:
   utdbpr:
/var/tmp/fcpFAAa00630:
   utprbk:
/var/tmp/fcpFAAa00630:
   utprdb:
fort77: POSIX mandates an explicit optimization level setting on the -O option; ignored
/var/tmp/fcpFAAa00649:
fort77: POSIX mandates an explicit optimization level setting on the -O option; ignored
/var/tmp/fcpFAAa00655:
   adbrow:
/var/tmp/fcpFAAa00655:
   adbrpn:
/var/tmp/fcpFAAa00655:
   adbrun:
/var/tmp/fcpFAAa00655:
   adbswp:
/var/tmp/fcpFAAa00655:
   adbver:
/var/tmp/fcpFAAa00655:
   agetdb:
/var/tmp/fcpFAAa00655:
   agtfil:
/var/tmp/fcpFAAa00655:
   albos:
/var/tmp/fcpFAAa00655:
   aldawr:
/var/tmp/fcpFAAa00655:
   aldtyp:
/var/tmp/fcpFAAa00655:
   aleveh:
/var/tmp/fcpFAAa00655:
   alfind:
/var/tmp/fcpFAAa00655:
   alfmt:
/var/tmp/fcpFAAa00655:
   algtbk:
/var/tmp/fcpFAAa00655:
   algtdb:
       entry    algtd1:
/var/tmp/fcpFAAa00655:
   algtlu:
/var/tmp/fcpFAAa00655:
   algtro:
/var/tmp/fcpFAAa00655:
   algtyp:
/var/tmp/fcpFAAa00655:
   alinst:
/var/tmp/fcpFAAa00655:
   alk7fil:
/var/tmp/fcpFAAa00655:
   alk7fru:
/var/tmp/fcpFAAa00655:
   alk7op:
/var/tmp/fcpFAAa00655:
   alk7tru:
/var/tmp/fcpFAAa00655:
   almach:
/var/tmp/fcpFAAa00655:
   alredb:
/var/tmp/fcpFAAa00655:
   alrune:
/var/tmp/fcpFAAa00655:
   alrunh:
/var/tmp/fcpFAAa00655:
   alrunr:
/var/tmp/fcpFAAa00655:
   alseed:
/var/tmp/fcpFAAa00655:
   alstho:
/var/tmp/fcpFAAa00655:
   alstin:
/var/tmp/fcpFAAa00655:
   alstri:
/var/tmp/fcpFAAa00655:
   altabl:
/var/tmp/fcpFAAa00655:
   altell:
/var/tmp/fcpFAAa00655:
   alvsn:
/var/tmp/fcpFAAa00655:
   aopdbs:
/var/tmp/fcpFAAa00655:
   aublis:
/var/tmp/fcpFAAa00655:
   aubos:
/var/tmp/fcpFAAa00655:
   aubprs:
/var/tmp/fcpFAAa00655:
   babend:
/var/tmp/fcpFAAa00655:
   bkcari:
/var/tmp/fcpFAAa00655:
   bkinca:
/var/tmp/fcpFAAa00655:
   bkrhab:
/var/tmp/fcpFAAa00655:
   bkrhal:
/var/tmp/fcpFAAa00655:
   bkrhaw:
/var/tmp/fcpFAAa00655:
   bktobk:
/var/tmp/fcpFAAa00655:
   cafiht:
/var/tmp/fcpFAAa00655:
   chahol:
/var/tmp/fcpFAAa00655:
   dafrds:
       entry    dafrst:
/var/tmp/fcpFAAa00655:
/var/tmp/fcpFAAa00655:
   fprrow:
/var/tmp/fcpFAAa00655:
   gtdbas:
/var/tmp/fcpFAAa00655:
   gtstup:
/var/tmp/fcpFAAa00655:
   gtyear:
/var/tmp/fcpFAAa00655:
   igtfmt:
/var/tmp/fcpFAAa00655:
   iovers:
/var/tmp/fcpFAAa00655:
   jalrec:
       entry    nalrec:
       entry    kalrec:
       entry    malrec:
/var/tmp/fcpFAAa00655:
   jhocha:
/var/tmp/fcpFAAa00655:
   julrec:
/var/tmp/fcpFAAa00655:
   junial:
       entry    nunial:
/var/tmp/fcpFAAa00655:
   junidb:
       entry    nunidb:
       entry    junisq:
       entry    nunisq:
       entry    junido:
       entry    nunido:
/var/tmp/fcpFAAa00655:
   kbytrec:
/var/tmp/fcpFAAa00655:
   loctab:
/var/tmp/fcpFAAa00655:
   nameru:
/var/tmp/fcpFAAa00655:
   openda:
/var/tmp/fcpFAAa00655:
   opendb:
/var/tmp/fcpFAAa00655:
   opensq:
/var/tmp/fcpFAAa00655:
   sdrsx:
/var/tmp/fcpFAAa00655:
   sibsdr:
/var/tmp/fcpFAAa00655:
   sxsdr:
/var/tmp/fcpFAAa00655:
   ubpack:
/var/tmp/fcpFAAa00655:
   uclean:
/var/tmp/fcpFAAa00655:
   uindxs:
/var/tmp/fcpFAAa00655:
   usbos:
/var/tmp/fcpFAAa00655:
   usgtdb:
       entry    usgtd1:
/var/tmp/fcpFAAa00655:
   utcblk:
/var/tmp/fcpFAAa00655:
   utccop:
/var/tmp/fcpFAAa00655:
   utcofo:
/var/tmp/fcpFAAa00655:
   utwocl:
/var/tmp/fcpFAAa00655:
   utwoex:
fort77: POSIX mandates an explicit optimization level setting on the -O option; ignored
/var/tmp/fcpFAAa00828:
   cfrvax:
/var/tmp/fcpFAAa00828:
   cmpban:
/var/tmp/fcpFAAa00828:
   cmpdro:
/var/tmp/fcpFAAa00828:
   cmpin2:
/var/tmp/fcpFAAa00828:
   cmpini:
/var/tmp/fcpFAAa00828:
   cmplis:
/var/tmp/fcpFAAa00828:
   cmpsum:
/var/tmp/fcpFAAa00828:
   cmptoi:
/var/tmp/fcpFAAa00828:
/var/tmp/fcpFAAa00828:
/var/tmp/fcpFAAa00828:
   dmpban:
/var/tmp/fcpFAAa00828:
   dmpchr:
/var/tmp/fcpFAAa00828:
   dmpfmt:
/var/tmp/fcpFAAa00828:
   dmplis:
       entry    dmpger:
/var/tmp/fcpFAAa00828:
   udmper:
