s - creating symbol hash table. Wait...
s - creating symbol hash table. Wait...
s - creating symbol hash table. Wait...
ar: Warning:ignoring second definition of askuse_ defined in archive
ar: Warning:ignoring second definition of askusi_ defined in archive
ar: Warning:ignoring second definition of usceve_ defined in archive
ar: Warning:ignoring second definition of uscjob_ defined in archive
ar: Warning:ignoring second definition of uscrun_ defined in archive
ar: Warning:ignoring second definition of usieve_ defined in archive
ar: Warning:ignoring second definition of usijob_ defined in archive
ar: Warning:ignoring second definition of usirun_ defined in archive
s - creating symbol hash table. Wait...
ar: Warning:ignoring second definition of askuse_ defined in archive
ar: Warning:ignoring second definition of askusi_ defined in archive
ar: Warning:ignoring second definition of usceve_ defined in archive
ar: Warning:ignoring second definition of uscjob_ defined in archive
ar: Warning:ignoring second definition of uscrun_ defined in archive
ar: Warning:ignoring second definition of usieve_ defined in archive
ar: Warning:ignoring second definition of usijob_ defined in archive
ar: Warning:ignoring second definition of usirun_ defined in archive
