../adinit.f:
../adrz.f:
../adview.f:
../adxy.f:
../agbeam.f:
../agchck.f:
../agcoil.f:
../agdimp.f:
../agecal.f:
../agecpm.f:
../agemat.f:
../ageome.f:
../aggean.f:
../aghcal.f:
../agitch.f:
../aglcal.f:
../agmate.f:
../agmedi.f:
../agmix.f:
../agmuch.f:
../agquad.f:
../agsatr.f:
../agsatt.f:
../agscal.f:
../agsi92.f:
../agsmba.f:
../agtpch.f:
../agvdet.f:
../agvf92.f:
../agvf95.f:
../agvfgp.f:
../alseed.f:
../asasig.f:
../asbook.f:
../asceve.f:
../ascjob.f:
../ascrun.f:
../asctra.f:
../asdigi.f:
../asevst.f:
../asfxxx.f:
../asgpar.f:
../asieve.f:
../asigal.f:
../asigea.f:
../asijob.f:
../asimod.f:
../asinit.f:
../asipac.f:
../asirun.f:
../askine.f:
../asksin.f:
../asktrk.f:
../askuse.f:
../askusi.f:
../aspeve.f:
../asprun.f:
../asread.f:
../asredc.f:
../asreve.f:
../asrkin.f:
../asrrun.f:
../asrtyp.f:
../asrust.f:
../astdeb.f:
../astgea.f:
../astimp.f:
../astrac.f:
../astrig.f:
../aswkin.f:
../aswrtp.f:
../aswsum.f:
../aunpck.f:
../caabsb.f:
../cacutg.f:
../caepar.f:
../cafiht.f:
../cagerb.f:
../caherb.f:
../cahgrb.f:
../cahhrb.f:
../cahist.f:
../cahmod.f:
../cahpar.f:
../cahtrv.f:
../calhit.f:
../capget.f:
../capsto.f:
../cashad.f:
../cashem.f:
../catino.f:
../ebeblo.f:
../ebethe.f:
../ecasig.f:
../ecbook.f:
../ecdfcd.f:
../ecdfpa.f:
../ecdigi.f:
../echit.f:
../ecibug.f:
../ecirun.f:
../ecista.f:
../ecnami.f:
../ectrig.f:
../ecwsum.f:
../edfilh.f:
../edinip.f:
../edsnoi.f:
../edtadj.f:
../edtain.f:
../edtcor.f:
../edtcut.f:
../edtdig.f:
../edtono.f:
../edtrgi.f:
../edtzsu.f:
../edwbru.f:
../edwdgt.f:
../ehadrn.f:
../ehbari.f:
../ehchar.f:
../ehchek.f:
../ehcpwi.f:
../ehcutf.f:
../ehcutg.f:
../ehcutp.f:
../ehdeph.f:
../ehdeps.f:
../ehdept.f:
../ehedge.f:
../ehgeob.f:
../ehgeoe.f:
../ehgerb.f:
../ehibos.f:
../ehloti.f:
../ehpalo.f:
../ehpasr.f:
../ehpeta.f:
../ehshow.f:
../ehsitw.f:
../ehtran.f:
../ehtrke.f:
../ehtrti.f:
../elanda.f:
../eprimi.f:
../euppar.f:
../galeph.f:
../getran.f:
../grndm.f:
../gstmed.f:
../gufld.f:
../guhadr.f:
../guphad.f:
../gusear.f:
../gustep.f:
../gutrak.f:
../hcasig.f:
../hcback.f:
../hccoin.f:
../hccrdi.f:
../hccrpl.f:
../hccrto.f:
../hcdigi.f:
../hcfitu.f:
../hcfopl.f:
../hcfora.f:
../hcford.f:
../hcgest.f:
../hchise.f:
../hchist.f:
../hchit.f:
../hchlwd.f:
../hcieve.f:
../hcifir.f:
../hcindu.f:
../hcinit.f:
../hcirun.f:
../hcnami.f:
../hcnstr.f:
../hcproj.f:
../hcsetp.f:
../hcshow.f:
../hcstat.f:
../hcsten.f:
../hcstse.f:
../hctksp.f:
../hctrga.f:
../hctrgd.f:
../hcwsum.f:
../hfndtr.f:
../hgetdb.f:
../hhcutg.f:
../hnewtk.f:
../hpantp.f:
../hrdgal.f:
../hrdtri.f:
../htdead.f:
../iaprox.f:
../iruchk.f:
../isbend.f:
../isplin.f:
../italig.f:
../itamp.f:
../itasig.f:
../itbint.f:
../itdaq.f:
../itdcns.f:
../itdigi.f:
../itdrft.f:
../itdtgo.f:
../ithit.f:
../itirun.f:
../itmsk1.f:
../itmsk2.f:
../itnois.f:
../itpgeo.f:
../itphim.f:
../itres.f:
../itrgpa.f:
../itroti.f:
../itrpp.f:
../itrsb.f:
../itsdig.f:
../ittexp.f:
../ittofe.f:
../itwini.f:
../itwsum.f:
../itxtlk.f:
../itzcoi.f:
../lcadc.f:
../lcamp.f:
../lcasig.f:
../lcbhab.f:
../lcbkpr.f:
../lcdigi.f:
../lcfral.f:
../lchit.f:
../lcirun.f:
../lcnami.f:
../lcnois.f:
../lcpad.f:
../lcroc.f:
../lcsamp.f:
../lcsatu.f:
../lcshow.f:
../lcstrt.f:
../lctrak.f:
../lctrdi.f:
../lctrht.f:
../lcwire.f:
../lcwsum.f:
../lcwtri.f:
../lcxypa.f:
../muasig.f:
../mubook.f:
../mudgtz.f:
../mudigi.f:
../mudstp.f:
../mudtub.f:
../mufill.f:
../mufldi.f:
../mufldt.f:
../muflht.f:
../mufltd.f:
../mugetc.f:
../muhit.f:
../muincb.f:
../muince.f:
../muincm.f:
../muirun.f:
../munsta.f:
../musgnl.f:
../musmfr.f:
../muspmd.f:
../mustrm.f:
../mustsg.f:
../mutrsf.f:
../muunoi.f:
../muwsum.f:
../rdmin.f:
../rdmout.f:
../rndm.f:
../saasig.f:
../sabook.f:
../sadigi.f:
../sahist.f:
../sahit.f:
../sairun.f:
../sawsum.f:
../siasig.f:
../sibook.f:
../sidfgo.f:
../sidfpa.f:
../sidfrt.f:
../sidigi.f:
../sifilh.f:
../sihit.f:
../siirun.f:
../silong.f:
../sinois.f:
../sishow.f:
../sisidi.f:
../sitra3.f:
../sitrak.f:
../sitran.f:
../sitrig.f:
../siwsum.f:
../sizini.f:
../sizsup.f:
../tpasig.f:
../tpcoor.f:
../tpdigi.f:
../tpgeth.f:
../tphdif.f:
../tphit.f:
../tphsrt.f:
../tpibos.f:
../tpirun.f:
../tpugeo.f:
../tpwsum.f:
../ttgeth.f:
../usceve.f:
../uscjob.f:
../uscrun.f:
../usieve.f:
../usijob.f:
../usirun.f:
../vaencl.f:
../vdasig.f:
../vdb2dd.f:
../vdbook.f:
../vdclu.f:
../vddigi.f:
../vdfill.f:
../vdfirw.f:
../vdfoob.f:
../vdgdis.f:
../vdhit.f:
../vdirun.f:
../vdland.f:
../vdmkla.f:
../vdmklo.f:
../vdmkte.f:
../vdnois.f:
../vdprte.f:
../vdroch.f:
../vdwsum.f:
../vfndel.f:
../vfndmc.f:
../vfndmp.f:
../vfndth.f:
../vgwcns.f:
../vinstc.f:
../vinsts.f:
