../alef/xfmcbp.F: In function `xfmcbp':
../alef/xfmcbp.F:103: warning:
         CALL VZERO(JSET,NSETMX)
              1
../alef/xfmcbp.F:104: (continued):
         CALL VZERO(SETWT,NSETMX)
              2
Argument #1 of `vzero' is one type at (2) but is some other type at (1) [info -f g77 M GLOBALS]
../alef/xfmcbp.F:103: warning:
         CALL VZERO(JSET,NSETMX)
              1
../alef/xfmcbp.F:105: (continued):
         CALL VZERO(XMC_PAR,5*NSETMX)
              2
Argument #1 of `vzero' is one type at (2) but is some other type at (1) [info -f g77 M GLOBALS]
../alef/xfmcbp.F:103: warning:
         CALL VZERO(JSET,NSETMX)
              1
../alef/xfmcbp.F:106: (continued):
         CALL VZERO(VTX_RES,3*NSETMX)
              2
Argument #1 of `vzero' is one type at (2) but is some other type at (1) [info -f g77 M GLOBALS]
../alef/xfmcbp.F:103: warning:
         CALL VZERO(JSET,NSETMX)
              1
../alef/xfmcbp.F:107: (continued):
         CALL VZERO(VTX_SIZ,3*NSETMX)
              2
Argument #1 of `vzero' is one type at (2) but is some other type at (1) [info -f g77 M GLOBALS]
../gam/gampex.F: In subroutine `gampex':
../gam/gampex.F:333: warning:
         CALL VZERO(GAMVE,LTOTGA)
              1
../gam/gampex.F:335: (continued):
         CALL VZERO(IGERM,NKLUMX*4)
              2
Argument #1 of `vzero' is one type at (2) but is some other type at (1) [info -f g77 M GLOBALS]
../gam/gampex.F:333: warning:
         CALL VZERO(GAMVE,LTOTGA)
              1
../gam/gampex.F:554: (continued):
         CALL VZERO(INDSTO,2*NST3RX)
              2
Argument #1 of `vzero' is one type at (2) but is some other type at (1) [info -f g77 M GLOBALS]
../hdes/hrddaf.F: In subroutine `hrddaf':
../hdes/hrddaf.F:71: warning:
            CALL UCOPY(RW(JHETC+LMHLEN+JHETLT),XLNHCE(1),LHETLT)
                 1
../hdes/hrddaf.F:168: (continued):
            CALL UCOPY(IW(JHBDE+LMHLEN+JHBDN8),NEITHC(1),LHBDN8)
                 2
Argument #1 of `ucopy' is one type at (2) but is some other type at (1) [info -f g77 M GLOBALS]
../hdes/hrddaf.F:71: warning:
            CALL UCOPY(RW(JHETC+LMHLEN+JHETLT),XLNHCE(1),LHETLT)
                 1
../hdes/hrddaf.F:168: (continued):
            CALL UCOPY(IW(JHBDE+LMHLEN+JHBDN8),NEITHC(1),LHBDN8)
                 2
Argument #2 of `ucopy' is one type at (2) but is some other type at (1) [info -f g77 M GLOBALS]
../hdes/hrddaf.F:71: warning:
            CALL UCOPY(RW(JHETC+LMHLEN+JHETLT),XLNHCE(1),LHETLT)
                 1
../hdes/hrddaf.F:169: (continued):
            CALL UCOPY(IW(JHBDE+LMHLEN+JHBDT8),NEITSP(1,1),LHBDT8)
                 2
Argument #1 of `ucopy' is one type at (2) but is some other type at (1) [info -f g77 M GLOBALS]
../hdes/hrddaf.F:71: warning:
            CALL UCOPY(RW(JHETC+LMHLEN+JHETLT),XLNHCE(1),LHETLT)
                 1
../hdes/hrddaf.F:169: (continued):
            CALL UCOPY(IW(JHBDE+LMHLEN+JHBDT8),NEITSP(1,1),LHBDT8)
                 2
Argument #2 of `ucopy' is one type at (2) but is some other type at (1) [info -f g77 M GLOBALS]
../hdes/hrddaf.F:71: warning:
            CALL UCOPY(RW(JHETC+LMHLEN+JHETLT),XLNHCE(1),LHETLT)
                 1
../hdes/hrddaf.F:258: (continued):
            CALL UCOPY(IW(JHTUE+LMHLEN+JHTUMN),NHMBDF(1),LHTUMN)
                 2
Argument #1 of `ucopy' is one type at (2) but is some other type at (1) [info -f g77 M GLOBALS]
../hdes/hrddaf.F:71: warning:
            CALL UCOPY(RW(JHETC+LMHLEN+JHETLT),XLNHCE(1),LHETLT)
                 1
../hdes/hrddaf.F:258: (continued):
            CALL UCOPY(IW(JHTUE+LMHLEN+JHTUMN),NHMBDF(1),LHTUMN)
                 2
Argument #2 of `ucopy' is one type at (2) but is some other type at (1) [info -f g77 M GLOBALS]
../hdes/hrddaf.F:71: warning:
            CALL UCOPY(RW(JHETC+LMHLEN+JHETLT),XLNHCE(1),LHETLT)
                 1
../hdes/hrddaf.F:262: (continued):
            CALL UCOPY(IW(JHTUE+LMHLEN+JHTUMS),NHMBFL(1),LHTUMS)
                 2
Argument #1 of `ucopy' is one type at (2) but is some other type at (1) [info -f g77 M GLOBALS]
../hdes/hrddaf.F:71: warning:
            CALL UCOPY(RW(JHETC+LMHLEN+JHETLT),XLNHCE(1),LHETLT)
                 1
../hdes/hrddaf.F:262: (continued):
            CALL UCOPY(IW(JHTUE+LMHLEN+JHTUMS),NHMBFL(1),LHTUMS)
                 2
Argument #2 of `ucopy' is one type at (2) but is some other type at (1) [info -f g77 M GLOBALS]
../muid/mshad.F: In function `mshad':
../muid/mshad.F:26: warning:
         CALL VZERO (IHCLO,23*2)
              1
../muid/mshad.F:33: (continued):
           CALL VZERO(DINV2,23)
                2
Argument #1 of `vzero' is one type at (2) but is some other type at (1) [info -f g77 M GLOBALS]
../phy/ainjet.F: In subroutine `ainjet':
../phy/ainjet.F:52: warning:
         CALL UCOPY(MSTL,MSTLU1,L1MST)
              1
../phy/ainjet.F:54: (continued):
         CALL UCOPY(PARL,PARLU1,L1PAR)
              2
Argument #1 of `ucopy' is one type at (2) but is some other type at (1) [info -f g77 M GLOBALS]
../phy/ainjet.F:52: warning:
         CALL UCOPY(MSTL,MSTLU1,L1MST)
              1
../phy/ainjet.F:54: (continued):
         CALL UCOPY(PARL,PARLU1,L1PAR)
              2
Argument #2 of `ucopy' is one type at (2) but is some other type at (1) [info -f g77 M GLOBALS]
../phy/ainjet.F:52: warning:
         CALL UCOPY(MSTL,MSTLU1,L1MST)
              1
../phy/ainjet.F:55: (continued):
         CALL UCOPY(PAREL,PARELE,LEPARE)
              2
Argument #1 of `ucopy' is one type at (2) but is some other type at (1) [info -f g77 M GLOBALS]
../phy/ainjet.F:52: warning:
         CALL UCOPY(MSTL,MSTLU1,L1MST)
              1
../phy/ainjet.F:55: (continued):
         CALL UCOPY(PAREL,PARELE,LEPARE)
              2
Argument #2 of `ucopy' is one type at (2) but is some other type at (1) [info -f g77 M GLOBALS]
../vdes/vdafrd.F: In function `vdafrd':
../vdes/vdafrd.F:65: warning:
         CALL VZERO(JJLAYF,NVFMAX)
              1
../vdes/vdafrd.F:66: (continued):
         CALL VZERO(PHIOFF,NVFMAX)
              2
Argument #1 of `vzero' is one type at (2) but is some other type at (1) [info -f g77 M GLOBALS]
../vdes/vdafrd.F:65: warning:
         CALL VZERO(JJLAYF,NVFMAX)
              1
../vdes/vdafrd.F:70: (continued):
         CALL VZERO(RWVDLA,NVLAYR)
              2
Argument #1 of `vzero' is one type at (2) but is some other type at (1) [info -f g77 M GLOBALS]
../vdes/vdafrd.F:65: warning:
         CALL VZERO(JJLAYF,NVFMAX)
              1
../vdes/vdafrd.F:71: (continued):
         CALL VZERO(WATILT,NVLAYR)
              2
Argument #1 of `vzero' is one type at (2) but is some other type at (1) [info -f g77 M GLOBALS]
../vdes/vdafrd.F:65: warning:
         CALL VZERO(JJLAYF,NVFMAX)
              1
../vdes/vdafrd.F:76: (continued):
         CALL VZERO(WAFERZ,NVWFMX)
              2
Argument #1 of `vzero' is one type at (2) but is some other type at (1) [info -f g77 M GLOBALS]
../vdes/vdafrd.F:65: warning:
         CALL VZERO(JJLAYF,NVFMAX)
              1
../vdes/vdafrd.F:135: (continued):
         CALL VZERO(WAXCEN,NVWMAX)
              2
Argument #1 of `vzero' is one type at (2) but is some other type at (1) [info -f g77 M GLOBALS]
../vdes/vdafrd.F:65: warning:
         CALL VZERO(JJLAYF,NVFMAX)
              1
../vdes/vdafrd.F:136: (continued):
         CALL VZERO(WAYCEN,NVWMAX)
              2
Argument #1 of `vzero' is one type at (2) but is some other type at (1) [info -f g77 M GLOBALS]
../vdes/vdafrd.F:65: warning:
         CALL VZERO(JJLAYF,NVFMAX)
              1
../vdes/vdafrd.F:137: (continued):
         CALL VZERO(WAZCEN,NVWMAX)
              2
Argument #1 of `vzero' is one type at (2) but is some other type at (1) [info -f g77 M GLOBALS]
../vdes/vdafrd.F:65: warning:
         CALL VZERO(JJLAYF,NVFMAX)
              1
../vdes/vdafrd.F:138: (continued):
         CALL VZERO(WARHOC,NVFMAX)
              2
Argument #1 of `vzero' is one type at (2) but is some other type at (1) [info -f g77 M GLOBALS]
../vdes/vdafrd.F:65: warning:
         CALL VZERO(JJLAYF,NVFMAX)
              1
../vdes/vdafrd.F:139: (continued):
         CALL VZERO(WAPHIC,NVFMAX)
              2
Argument #1 of `vzero' is one type at (2) but is some other type at (1) [info -f g77 M GLOBALS]
../vdes/vdafrd.F:65: warning:
         CALL VZERO(JJLAYF,NVFMAX)
              1
../vdes/vdafrd.F:140: (continued):
         CALL VZERO(CPHIOF,NVFMAX)
              2
Argument #1 of `vzero' is one type at (2) but is some other type at (1) [info -f g77 M GLOBALS]
../vdes/vdafrd.F:65: warning:
         CALL VZERO(JJLAYF,NVFMAX)
              1
../vdes/vdafrd.F:141: (continued):
         CALL VZERO(SPHIOF,NVFMAX)
              2
Argument #1 of `vzero' is one type at (2) but is some other type at (1) [info -f g77 M GLOBALS]
../vdes/vdafrd.F:65: warning:
         CALL VZERO(JJLAYF,NVFMAX)
              1
../vdes/vdafrd.F:142: (continued):
         CALL VZERO(TNWTLT,NVLAYR)
              2
Argument #1 of `vzero' is one type at (2) but is some other type at (1) [info -f g77 M GLOBALS]
../vdes/vdgtol.F: In function `vdgtol':
../vdes/vdgtol.F:74: warning:
         CALL VZERO(MMOD,2)
              1
../vdes/vdgtol.F:76: (continued):
         CALL VZERO(ABCI,3*2)
              2
Argument #1 of `vzero' is one type at (2) but is some other type at (1) [info -f g77 M GLOBALS]
../vdes/vdgtol.F:74: warning:
         CALL VZERO(MMOD,2)
              1
../vdes/vdgtol.F:77: (continued):
         CALL VZERO(ABCO,3*2)
              2
Argument #1 of `vzero' is one type at (2) but is some other type at (1) [info -f g77 M GLOBALS]
../vdes/vintlf.F: In function `vintlf':
../vdes/vintlf.F:60: warning:
         CALL VZERO(MMOD,NVWFMX)
              1
../vdes/vintlf.F:62: (continued):
         CALL VZERO(ABCI,3*NVWFMX)
              2
Argument #1 of `vzero' is one type at (2) but is some other type at (1) [info -f g77 M GLOBALS]
../vdes/vintlf.F:60: warning:
         CALL VZERO(MMOD,NVWFMX)
              1
../vdes/vintlf.F:63: (continued):
         CALL VZERO(ABCO,3*NVWFMX)
              2
Argument #1 of `vzero' is one type at (2) but is some other type at (1) [info -f g77 M GLOBALS]
../ysv/ysvrtx.F: In subroutine `ysvrtx':
../ysv/ysvrtx.F:155: warning:
               CALL UCOPY(RW(KROW(KYSVX,I)+JYSVVX),RW(IYNLI+JYNLXP),3)
                    1
../ysv/ysvrtx.F:193: (continued):
             CALL UCOPY(IW(KROW(KYSVT,I)+JYSVTN),IW(IYSMO+JYSMTN),LYSMOA)
                  2
Argument #1 of `ucopy' is one type at (2) but is some other type at (1) [info -f g77 M GLOBALS]
../ysv/ysvrtx.F:155: warning:
               CALL UCOPY(RW(KROW(KYSVX,I)+JYSVVX),RW(IYNLI+JYNLXP),3)
                    1
../ysv/ysvrtx.F:193: (continued):
             CALL UCOPY(IW(KROW(KYSVT,I)+JYSVTN),IW(IYSMO+JYSMTN),LYSMOA)
                  2
Argument #2 of `ucopy' is one type at (2) but is some other type at (1) [info -f g77 M GLOBALS]
