/var/tmp/fcpFAAa13347:
   MAIN aamain:
/var/tmp/fcpFAAa13347:
   aboldr:
/var/tmp/fcpFAAa13347:
   ajmmcl:
/var/tmp/fcpFAAa13347:
   algtwa:
/var/tmp/fcpFAAa13347:
   almmcl:
/var/tmp/fcpFAAa13347:
   altime:
/var/tmp/fcpFAAa13347:
   aulpol:
/var/tmp/fcpFAAa13376:
   bcalju:
/var/tmp/fcpFAAa13376:
   bccrun:
/var/tmp/fcpFAAa13376:
   bcfile:
       entry    bcinit:
/var/tmp/fcpFAAa13376:
   bcgete:
/var/tmp/fcpFAAa13376:
   bcpack:
   centrd:
/var/tmp/fcpFAAa13376:
   binijo:
/var/tmp/fcpFAAa13376:
   biniru:
/var/tmp/fcpFAAa13376:
   bmsum:
/var/tmp/fcpFAAa13376:
   bpreda:
/var/tmp/fcpFAAa13376:
   bprsum:
/var/tmp/fcpFAAa13376:
   bslowc:
/var/tmp/fcpFAAa13403:
   cabook:
/var/tmp/fcpFAAa13403:
   calrec:
/var/tmp/fcpFAAa13403:
   calrel:
/var/tmp/fcpFAAa13403:
   calrep:
/var/tmp/fcpFAAa13403:
   calsup:
/var/tmp/fcpFAAa13403:
   cashet:
/var/tmp/fcpFAAa13403:
   casmp:
/var/tmp/fcpFAAa13403:
   casneu:
/var/tmp/fcpFAAa13403:
   casnmp:
/var/tmp/fcpFAAa13403:
   cclorl:
/var/tmp/fcpFAAa13403:
   cctrmi:
/var/tmp/fcpFAAa13403:
   ccutpe:
/var/tmp/fcpFAAa13403:
   cdang:
/var/tmp/fcpFAAa13403:
   cdths:
/var/tmp/fcpFAAa13403:
   cegclu:
/var/tmp/fcpFAAa13403:
   cencch:
/var/tmp/fcpFAAa13403:
   cencne:
/var/tmp/fcpFAAa13403:
   cesclu:
/var/tmp/fcpFAAa13403:
   cexcob:
/var/tmp/fcpFAAa13403:
   cexhis:
/var/tmp/fcpFAAa13403:
   cfpass:
/var/tmp/fcpFAAa13403:
   cfpmip:
/var/tmp/fcpFAAa13403:
   cfpnmp:
/var/tmp/fcpFAAa13403:
   cgrunc:
/var/tmp/fcpFAAa13403:
   chclu:
/var/tmp/fcpFAAa13403:
   chgclu:
/var/tmp/fcpFAAa13403:
   chsclu:
/var/tmp/fcpFAAa13403:
   cinijo:
/var/tmp/fcpFAAa13403:
   cinirl:
/var/tmp/fcpFAAa13403:
   cinpar:
/var/tmp/fcpFAAa13403:
   cinsrl:
/var/tmp/fcpFAAa13403:
   cisgam:
/var/tmp/fcpFAAa13403:
   cishit:
/var/tmp/fcpFAAa13403:
   cludis:
/var/tmp/fcpFAAa13403:
   cmoni:
/var/tmp/fcpFAAa13403:
   cnighb:
/var/tmp/fcpFAAa13403:
   coslst:
/var/tmp/fcpFAAa13403:
   cpadwr:
/var/tmp/fcpFAAa13403:
   cparad:
/var/tmp/fcpFAAa13403:
   cpotcr:
/var/tmp/fcpFAAa13403:
   cpoteh:
/var/tmp/fcpFAAa13403:
   cpotlc:
/var/tmp/fcpFAAa13403:
   cptcom:
/var/tmp/fcpFAAa13403:
   crcalo:
/var/tmp/fcpFAAa13403:
   crchrl:
/var/tmp/fcpFAAa13403:
   crcjob:
/var/tmp/fcpFAAa13403:
   crcpar:
/var/tmp/fcpFAAa13403:
   crhclu:
/var/tmp/fcpFAAa13403:
   cthclu:
/var/tmp/fcpFAAa13403:
   ctkchg:
/var/tmp/fcpFAAa13403:
   ctrmip:
/var/tmp/fcpFAAa13403:
   ctrpar:
/var/tmp/fcpFAAa13403:
   ctrtoc:
/var/tmp/fcpFAAa13403:
   cvrify:
/var/tmp/fcpFAAa13538:
   e1bpei:
/var/tmp/fcpFAAa13538:
   e2bpei:
/var/tmp/fcpFAAa13538:
   e3bpei:
/var/tmp/fcpFAAa13538:
   e4bary:
/var/tmp/fcpFAAa13538:
   e4cosz:
/var/tmp/fcpFAAa13538:
   e4dead:
/var/tmp/fcpFAAa13538:
   e4deij:
/var/tmp/fcpFAAa13538:
   e4fdij:
/var/tmp/fcpFAAa13538:
   e4fide:
/var/tmp/fcpFAAa13538:
   e4find:
/var/tmp/fcpFAAa13538:
   e4fnec:
/var/tmp/fcpFAAa13538:
   fracst:
/var/tmp/fcpFAAa13538:
   e4gtbr:
/var/tmp/fcpFAAa13538:
   e4gtpl:
/var/tmp/fcpFAAa13538:
   e4gtso:
/var/tmp/fcpFAAa13538:
   e4gtst:
/var/tmp/fcpFAAa13538:
   e4gttw:
/var/tmp/fcpFAAa13538:
   e4indi:
/var/tmp/fcpFAAa13538:
   e4lea1:
/var/tmp/fcpFAAa13538:
   e4ovrl:
/var/tmp/fcpFAAa13538:
   e4pal:
/var/tmp/fcpFAAa13538:
   e4r1r2:
/var/tmp/fcpFAAa13538:
   e4r2r3:
/var/tmp/fcpFAAa13538:
   e4r3r4:
/var/tmp/fcpFAAa13538:
   e4radc:
/var/tmp/fcpFAAa13538:
   e4res2:
/var/tmp/fcpFAAa13538:
   e4res3:
/var/tmp/fcpFAAa13538:
   e4tstl:
/var/tmp/fcpFAAa13538:
   e4xyz0:
/var/tmp/fcpFAAa13538:
   eautop:
/var/tmp/fcpFAAa13538:
   ebegid:
/var/tmp/fcpFAAa13538:
   eboxki:
/var/tmp/fcpFAAa13538:
   ecalig:
/var/tmp/fcpFAAa13538:
   ecblda:
/var/tmp/fcpFAAa13538:
   ecboba:
/var/tmp/fcpFAAa13538:
   ecbook:
/var/tmp/fcpFAAa13538:
   eccaob:
/var/tmp/fcpFAAa13538:
   ecchkb:
/var/tmp/fcpFAAa13538:
   ecclco:
/var/tmp/fcpFAAa13538:
   ecclus:
/var/tmp/fcpFAAa13538:
   ecdamp:
/var/tmp/fcpFAAa13538:
   ecdebg:
/var/tmp/fcpFAAa13538:
   ecdete:
/var/tmp/fcpFAAa13538:
   ecdigi:
/var/tmp/fcpFAAa13538:
   ecener:
/var/tmp/fcpFAAa13538:
   eceras:
/var/tmp/fcpFAAa13538:
   ecfclu:
/var/tmp/fcpFAAa13538:
   ecfibt:
/var/tmp/fcpFAAa13538:
   ecfils:
/var/tmp/fcpFAAa13538:
   ecfmip:
/var/tmp/fcpFAAa13538:
   ecfobj:
/var/tmp/fcpFAAa13538:
   ecgflw:
/var/tmp/fcpFAAa13538:
   ecgmix:
/var/tmp/fcpFAAa13538:
   echarg:
/var/tmp/fcpFAAa13538:
   echcgl:
/var/tmp/fcpFAAa13538:
   echedc:
/var/tmp/fcpFAAa13538:
   echiba:
/var/tmp/fcpFAAa13538:
   echist:
/var/tmp/fcpFAAa13538:
   echtag:
/var/tmp/fcpFAAa13538:
   ecinit:
/var/tmp/fcpFAAa13538:
   ecinrv:
/var/tmp/fcpFAAa13538:
   eclamp:
/var/tmp/fcpFAAa13538:
   eclana:
/var/tmp/fcpFAAa13538:
   ecleib:
/var/tmp/fcpFAAa13538:
   eclgeo:
/var/tmp/fcpFAAa13538:
   eclope:
/var/tmp/fcpFAAa13538:
   eclorl:
/var/tmp/fcpFAAa13538:
   eclost:
/var/tmp/fcpFAAa13538:
   ecltag:
/var/tmp/fcpFAAa13538:
   ecltrk:
/var/tmp/fcpFAAa13538:
   ecltyp:
/var/tmp/fcpFAAa13538:
   ecluar:
/var/tmp/fcpFAAa13538:
   ecmesp:
/var/tmp/fcpFAAa13538:
   ecmod:
/var/tmp/fcpFAAa13538:
   ecmopl:
/var/tmp/fcpFAAa13538:
   ecncob:
/var/tmp/fcpFAAa13538:
   ecobnk:
/var/tmp/fcpFAAa13538:
   ecoent:
/var/tmp/fcpFAAa13538:
   ecoidp:
/var/tmp/fcpFAAa13538:
   ecos:
/var/tmp/fcpFAAa13538:
   ecpad:
/var/tmp/fcpFAAa13538:
   ecpasr:
/var/tmp/fcpFAAa13538:
   ecplm:
/var/tmp/fcpFAAa13538:
   ecprin:
/var/tmp/fcpFAAa13538:
   ecprlo:
/var/tmp/fcpFAAa13538:
   ecrcob:
/var/tmp/fcpFAAa13538:
   ecre4d:
/var/tmp/fcpFAAa13538:
   ecreib:
/var/tmp/fcpFAAa13538:
   ecrmip:
/var/tmp/fcpFAAa13538:
   ecrndx:
/var/tmp/fcpFAAa13538:
   ecrpei:
/var/tmp/fcpFAAa13538:
   ecrtr:
/var/tmp/fcpFAAa13538:
   ecrunq:
/var/tmp/fcpFAAa13538:
   ecscmd:
/var/tmp/fcpFAAa13538:
   ecst:
/var/tmp/fcpFAAa13538:
   ecsupp:
/var/tmp/fcpFAAa13538:
   ecsw1093:
/var/tmp/fcpFAAa13538:
   ecsw94:
/var/tmp/fcpFAAa13538:
   ectemp:
/var/tmp/fcpFAAa13538:
   ecthre:
/var/tmp/fcpFAAa13538:
   ectopo:
/var/tmp/fcpFAAa13538:
   ectpc:
/var/tmp/fcpFAAa13538:
   ectrap:
/var/tmp/fcpFAAa13538:
   ectrea:
/var/tmp/fcpFAAa13538:
   ecxmod:
/var/tmp/fcpFAAa13538:
   edisal:
/var/tmp/fcpFAAa13538:
   edlist:
/var/tmp/fcpFAAa13538:
   efaxe:
/var/tmp/fcpFAAa13538:
   efbook:
/var/tmp/fcpFAAa13538:
   eferrr:
/var/tmp/fcpFAAa13538:
   eficlp:
/var/tmp/fcpFAAa13538:
   eficv:
/var/tmp/fcpFAAa13538:
   efiecp:
/var/tmp/fcpFAAa13538:
   efieib:
/var/tmp/fcpFAAa13538:
   efijob:
/var/tmp/fcpFAAa13538:
   efixi94:
/var/tmp/fcpFAAa13538:
   eflcst:
/var/tmp/fcpFAAa13538:
   efolmk:
/var/tmp/fcpFAAa13538:
   efpard:
/var/tmp/fcpFAAa13538:
   eftiel:
/var/tmp/fcpFAAa13538:
   egacst:
/var/tmp/fcpFAAa13538:
   egaest:
/var/tmp/fcpFAAa13538:
   egetds:
/var/tmp/fcpFAAa13538:
   egfcst:
/var/tmp/fcpFAAa13538:
   egttks:
/var/tmp/fcpFAAa13538:
   ehcflo:
/var/tmp/fcpFAAa13538:
   ehlix:
/var/tmp/fcpFAAa13538:
   ehreg:
/var/tmp/fcpFAAa13538:
   eidedx:
/var/tmp/fcpFAAa13538:
   eident:
/var/tmp/fcpFAAa13538:
   eieffl:
/var/tmp/fcpFAAa13538:
   einhlx:
/var/tmp/fcpFAAa13538:
   einijo:
/var/tmp/fcpFAAa13538:
   einirl:
/var/tmp/fcpFAAa13538:
   einiru:
/var/tmp/fcpFAAa13538:
   einitk:
/var/tmp/fcpFAAa13538:
   einsrl:
/var/tmp/fcpFAAa13538:
   eipard:
/var/tmp/fcpFAAa13538:
   eithr:
/var/tmp/fcpFAAa13538:
   eknewb:
/var/tmp/fcpFAAa13538:
   eknewe:
/var/tmp/fcpFAAa13538:
   elecid:
/var/tmp/fcpFAAa13538:
   elongi:
/var/tmp/fcpFAAa13538:
   emfill:
/var/tmp/fcpFAAa13538:
   emskei:
/var/tmp/fcpFAAa13538:
   emskev:
/var/tmp/fcpFAAa13538:
   emskf:
/var/tmp/fcpFAAa13538:
   emski:
/var/tmp/fcpFAAa13538:
   emskji:
/var/tmp/fcpFAAa13538:
   emskmu:
/var/tmp/fcpFAAa13538:
   enfmsk:
/var/tmp/fcpFAAa13538:
   enighb:
/var/tmp/fcpFAAa13538:
   enoise:
/var/tmp/fcpFAAa13538:
   enprox:
/var/tmp/fcpFAAa13538:
   enstat:
/var/tmp/fcpFAAa13538:
   epadcl:
/var/tmp/fcpFAAa13538:
   epatrn:
/var/tmp/fcpFAAa13538:
   epcalo:
/var/tmp/fcpFAAa13538:
   epchg:
/var/tmp/fcpFAAa13538:
   epneu:
/var/tmp/fcpFAAa13538:
   epreda:
/var/tmp/fcpFAAa13538:
   eproba:
/var/tmp/fcpFAAa13538:
   eprsto:
/var/tmp/fcpFAAa13538:
   eprsum:
/var/tmp/fcpFAAa13538:
   eprtpc:
/var/tmp/fcpFAAa13538:
   ercupi:
/var/tmp/fcpFAAa13538:
   ercupr:
/var/tmp/fcpFAAa13538:
   ereset:
/var/tmp/fcpFAAa13538:
   eroad:
/var/tmp/fcpFAAa13538:
   escdef:
/var/tmp/fcpFAAa13538:
   escoun:
/var/tmp/fcpFAAa13538:
   esfil:
/var/tmp/fcpFAAa13538:
   eslas:
/var/tmp/fcpFAAa13538:
   eslct:
/var/tmp/fcpFAAa13538:
   eslctf:
/var/tmp/fcpFAAa13538:
   eslowc:
/var/tmp/fcpFAAa13538:
   estag:
/var/tmp/fcpFAAa13538:
   esveto:
/var/tmp/fcpFAAa13538:
   eswpst:
/var/tmp/fcpFAAa13538:
   etdifp:
/var/tmp/fcpFAAa13538:
   ethres:
/var/tmp/fcpFAAa13538:
   etrdev:
/var/tmp/fcpFAAa13538:
   ewdifp:
/var/tmp/fcpFAAa13538:
   ewircl:
/var/tmp/fcpFAAa13538:
   ex3ijk:
/var/tmp/fcpFAAa13998:
   fawian:
/var/tmp/fcpFAAa13998:
   fcfrid:
/var/tmp/fcpFAAa13998:
   fdetco:
/var/tmp/fcpFAAa13998:
   ffield:
/var/tmp/fcpFAAa13998:
   fidhea:
/var/tmp/fcpFAAa13998:
   fidrot:
/var/tmp/fcpFAAa13998:
   finiru:
/var/tmp/fcpFAAa13998:
   fitall:
/var/tmp/fcpFAAa13998:
   fitwri:
/var/tmp/fcpFAAa13998:
   fkink:
/var/tmp/fcpFAAa13998:
   fkkpar:
/var/tmp/fcpFAAa13998:
   flngv0:
/var/tmp/fcpFAAa13998:
   floweh:
/var/tmp/fcpFAAa13998:
   flowfi:
/var/tmp/fcpFAAa13998:
   flowtr:
/var/tmp/fcpFAAa13998:
   flv0dx:
/var/tmp/fcpFAAa13998:
   fmuid:
/var/tmp/fcpFAAa13998:
   fpiden:
/var/tmp/fcpFAAa13998:
   fpmove:
/var/tmp/fcpFAAa13998:
   frefit:
/var/tmp/fcpFAAa13998:
   frmhit:
/var/tmp/fcpFAAa13998:
   ftpcer:
/var/tmp/fcpFAAa13998:
   ftrack:
/var/tmp/fcpFAAa14097:
   gambnk:
/var/tmp/fcpFAAa14097:
   gapeco:
/var/tmp/fcpFAAa14097:
   gasteer:
/var/tmp/fcpFAAa14108:
   hcalib:
/var/tmp/fcpFAAa14108:
   hcalrd:
/var/tmp/fcpFAAa14108:
   hcatow:
/var/tmp/fcpFAAa14108:
   hcbhis:
/var/tmp/fcpFAAa14108:
   hcfclu:
/var/tmp/fcpFAAa14108:
   hchist:
/var/tmp/fcpFAAa14108:
   hclcra:
/var/tmp/fcpFAAa14108:
   hcltst:
/var/tmp/fcpFAAa14108:
   hclufi:
/var/tmp/fcpFAAa14108:
   hcorfc:
/var/tmp/fcpFAAa14108:
   hcos:
/var/tmp/fcpFAAa14108:
   hcsimm:
/var/tmp/fcpFAAa14108:
   hdgdeb:
/var/tmp/fcpFAAa14108:
   hdgfil:
/var/tmp/fcpFAAa14108:
   hdgpot:
/var/tmp/fcpFAAa14108:
   hdgsum:
/var/tmp/fcpFAAa14108:
   hdprec:
/var/tmp/fcpFAAa14108:
   hdspre:
/var/tmp/fcpFAAa14108:
   hflnoi:
/var/tmp/fcpFAAa14108:
   hinijo:
/var/tmp/fcpFAAa14108:
   hiniru:
/var/tmp/fcpFAAa14108:
   hmener:
/var/tmp/fcpFAAa14108:
   hmfind:
/var/tmp/fcpFAAa14108:
   hmroad:
/var/tmp/fcpFAAa14108:
   hnoise:
/var/tmp/fcpFAAa14108:
   hnoisy:
/var/tmp/fcpFAAa14108:
   hpatco:
/var/tmp/fcpFAAa14108:
   hphnoi:
/var/tmp/fcpFAAa14108:
   hplink:
/var/tmp/fcpFAAa14108:
   hprana:
/var/tmp/fcpFAAa14108:
   hpranp:
/var/tmp/fcpFAAa14108:
   hprdig:
/var/tmp/fcpFAAa14108:
   hpreda:
/var/tmp/fcpFAAa14108:
   hprpot:
/var/tmp/fcpFAAa14108:
   hprsum:
/var/tmp/fcpFAAa14108:
   hprunc:
/var/tmp/fcpFAAa14108:
   hrcomp:
/var/tmp/fcpFAAa14108:
   hrcpat:
/var/tmp/fcpFAAa14108:
   hrdcal:
/var/tmp/fcpFAAa14108:
   hroad:
/var/tmp/fcpFAAa14108:
   hslink:
/var/tmp/fcpFAAa14108:
   hslowc:
/var/tmp/fcpFAAa14108:
   hspare:
/var/tmp/fcpFAAa14108:
   hsptre:
/var/tmp/fcpFAAa14108:
   hstofi:
/var/tmp/fcpFAAa14108:
   htrack:
/var/tmp/fcpFAAa14108:
   htubfi:
/var/tmp/fcpFAAa14108:
   htwcr:
/var/tmp/fcpFAAa14108:
   hvmask:
/var/tmp/fcpFAAa14293:
   iasign:
/var/tmp/fcpFAAa14293:
   iattma:
/var/tmp/fcpFAAa14293:
   ibnkin:
/var/tmp/fcpFAAa14293:
   icaswt:
/var/tmp/fcpFAAa14293:
   icftoi:
/var/tmp/fcpFAAa14293:
   iclimb:
/var/tmp/fcpFAAa14293:
   icrcco:
/var/tmp/fcpFAAa14293:
   ideadw:
/var/tmp/fcpFAAa14293:
   idigpr:
/var/tmp/fcpFAAa14293:
   ienang:
/var/tmp/fcpFAAa14293:
   ifind1:
/var/tmp/fcpFAAa14293:
   ifind2:
/var/tmp/fcpFAAa14293:
   ifitp:
/var/tmp/fcpFAAa14293:
   iftrak:
/var/tmp/fcpFAAa14293:
   igetti:
/var/tmp/fcpFAAa14293:
   igettp:
/var/tmp/fcpFAAa14293:
   igicha:
/var/tmp/fcpFAAa14293:
   iheler:
/var/tmp/fcpFAAa14293:
   iinijo:
/var/tmp/fcpFAAa14293:
   iiniru:
/var/tmp/fcpFAAa14293:
   iintrk:
/var/tmp/fcpFAAa14293:
   imatch:
/var/tmp/fcpFAAa14293:
   inigap:
/var/tmp/fcpFAAa14293:
   insect:
/var/tmp/fcpFAAa14293:
   intrak:
/var/tmp/fcpFAAa14293:
   ipakdi:
/var/tmp/fcpFAAa14293:
   ipdsti:
/var/tmp/fcpFAAa14293:
   iphcor:
/var/tmp/fcpFAAa14293:
   ipreda:
/var/tmp/fcpFAAa14293:
   iprsum:
/var/tmp/fcpFAAa14293:
   ipstat:
/var/tmp/fcpFAAa14293:
   irefin:
/var/tmp/fcpFAAa14293:
   ireopd:
/var/tmp/fcpFAAa14293:
   isave:
/var/tmp/fcpFAAa14293:
   ishuff:
/var/tmp/fcpFAAa14293:
   ishufl:
/var/tmp/fcpFAAa14293:
   islowc:
/var/tmp/fcpFAAa14293:
   isrch:
/var/tmp/fcpFAAa14293:
   itbook:
/var/tmp/fcpFAAa14293:
   itccut:
/var/tmp/fcpFAAa14293:
   itcopr:
/var/tmp/fcpFAAa14293:
   itcrec:
/var/tmp/fcpFAAa14293:
   itcrep:
/var/tmp/fcpFAAa14293:
   itctpc:
/var/tmp/fcpFAAa14293:
   itctrk:
/var/tmp/fcpFAAa14293:
   itcxng:
/var/tmp/fcpFAAa14293:
   iterr:
/var/tmp/fcpFAAa14293:
   itextn:
/var/tmp/fcpFAAa14293:
   ithist:
/var/tmp/fcpFAAa14293:
   itidy1:
/var/tmp/fcpFAAa14293:
   itidy2:
/var/tmp/fcpFAAa14293:
   itlnk1:
/var/tmp/fcpFAAa14293:
   itlnk2:
/var/tmp/fcpFAAa14293:
   itpcan:
/var/tmp/fcpFAAa14293:
   itrak:
/var/tmp/fcpFAAa14293:
   itrecf:
/var/tmp/fcpFAAa14293:
   itreci:
/var/tmp/fcpFAAa14293:
   itree:
/var/tmp/fcpFAAa14293:
   itrkci:
/var/tmp/fcpFAAa14293:
   itrkeq:
/var/tmp/fcpFAAa14293:
   itrkzr:
/var/tmp/fcpFAAa14293:
   itrmca:
/var/tmp/fcpFAAa14598:
   laccep:
   lfiduc:
/var/tmp/fcpFAAa14598:
   lasym:
/var/tmp/fcpFAAa14598:
   lbhab:
/var/tmp/fcpFAAa14598:
   lbhcor:
/var/tmp/fcpFAAa14598:
   lbindx:
/var/tmp/fcpFAAa14598:
   lbldba:
/var/tmp/fcpFAAa14598:
   lbnkpr:
/var/tmp/fcpFAAa14598:
   lbunca:
/var/tmp/fcpFAAa14598:
   lcalib:
/var/tmp/fcpFAAa14598:
   lcarec:
/var/tmp/fcpFAAa14598:
   lcbook:
/var/tmp/fcpFAAa14598:
   lchist:
/var/tmp/fcpFAAa14598:
   lclust:
/var/tmp/fcpFAAa14598:
   lclutw:
/var/tmp/fcpFAAa14598:
   lcorrc:
/var/tmp/fcpFAAa14598:
   lcpaxy:
/var/tmp/fcpFAAa14598:
   lcrpot:
/var/tmp/fcpFAAa14598:
   lcsave:
/var/tmp/fcpFAAa14598:
   ldirtw:
/var/tmp/fcpFAAa14598:
   lelect:
/var/tmp/fcpFAAa14598:
   lenlis:
/var/tmp/fcpFAAa14598:
   lestim:
/var/tmp/fcpFAAa14598:
   lfourc:
/var/tmp/fcpFAAa14598:
   lgngbx:
/var/tmp/fcpFAAa14598:
   lhvsta:
/var/tmp/fcpFAAa14598:
   lidcod:
/var/tmp/fcpFAAa14598:
   linijo:
/var/tmp/fcpFAAa14598:
   liniru:
/var/tmp/fcpFAAa14598:
   lolerr:
/var/tmp/fcpFAAa14598:
   lprcal:
/var/tmp/fcpFAAa14598:
   lpreda:
/var/tmp/fcpFAAa14598:
   lpremc:
/var/tmp/fcpFAAa14598:
   lprepo:
/var/tmp/fcpFAAa14598:
   lprerw:
/var/tmp/fcpFAAa14598:
   lprlum:
/var/tmp/fcpFAAa14598:
   lprsum:
/var/tmp/fcpFAAa14598:
   lselba:
/var/tmp/fcpFAAa14598:
   lselbh:
/var/tmp/fcpFAAa14598:
   lsingl:
/var/tmp/fcpFAAa14598:
   lslowc:
/var/tmp/fcpFAAa14598:
   lstati:
/var/tmp/fcpFAAa14598:
   lsumam:
/var/tmp/fcpFAAa14598:
   ltgbit:
/var/tmp/fcpFAAa14598:
   ltgtyp:
/var/tmp/fcpFAAa14598:
   ltrace:
/var/tmp/fcpFAAa14598:
   ltrack:
/var/tmp/fcpFAAa14598:
   ltrigs:
/var/tmp/fcpFAAa14598:
   lupacr:
/var/tmp/fcpFAAa14598:
   lupain:
/var/tmp/fcpFAAa14725:
   mginig:
/var/tmp/fcpFAAa14725:
   minhea:
/var/tmp/fcpFAAa14725:
   minijo:
/var/tmp/fcpFAAa14725:
   miniru:
/var/tmp/fcpFAAa14725:
   modroc:
/var/tmp/fcpFAAa14725:
   mpreda:
/var/tmp/fcpFAAa14725:
   mpredg:
/var/tmp/fcpFAAa14725:
   mpredm:
/var/tmp/fcpFAAa14725:
   mprsum:
/var/tmp/fcpFAAa14725:
   mslowc:
/var/tmp/fcpFAAa14725:
   mualcm:
/var/tmp/fcpFAAa14725:
   mualco:
/var/tmp/fcpFAAa14725:
   muass:
/var/tmp/fcpFAAa14725:
   mubook:
/var/tmp/fcpFAAa14725:
   mucomp:
/var/tmp/fcpFAAa14725:
   mucuts:
/var/tmp/fcpFAAa14725:
   muhist:
/var/tmp/fcpFAAa14725:
   muhitg:
/var/tmp/fcpFAAa14725:
   muhits:
/var/tmp/fcpFAAa14725:
   mukine:
/var/tmp/fcpFAAa14725:
   munewr:
/var/tmp/fcpFAAa14725:
   muredo:
/var/tmp/fcpFAAa14725:
   muslcm:
/var/tmp/fcpFAAa14725:
   muslco:
/var/tmp/fcpFAAa14725:
   mutest:
/var/tmp/fcpFAAa14783:
   obmfit:
/var/tmp/fcpFAAa14783:
   obsclr:
/var/tmp/fcpFAAa14783:
   obsinr:
/var/tmp/fcpFAAa14783:
   obspot:
/var/tmp/fcpFAAa14783:
   ocbfit:
/var/tmp/fcpFAAa14783:
   ocbpre:
/var/tmp/fcpFAAa14783:
   ogtblq:
/var/tmp/fcpFAAa14783:
   oinijo:
/var/tmp/fcpFAAa14783:
   oiniru:
/var/tmp/fcpFAAa14783:
   olspod:
/var/tmp/fcpFAAa14783:
   olspot:
/var/tmp/fcpFAAa14783:
   olspou:
/var/tmp/fcpFAAa14783:
   ombook:
/var/tmp/fcpFAAa14783:
   ombopt:
/var/tmp/fcpFAAa14783:
   ombout:
/var/tmp/fcpFAAa14783:
   ombpos:
/var/tmp/fcpFAAa14783:
   ombrec:
/var/tmp/fcpFAAa14783:
   omcorr:
/var/tmp/fcpFAAa14783:
   omcrun:
/var/tmp/fcpFAAa14783:
   omdata:
/var/tmp/fcpFAAa14783:
   omgain:
/var/tmp/fcpFAAa14783:
   omhist:
/var/tmp/fcpFAAa14783:
   omipos:
/var/tmp/fcpFAAa14783:
   omread:
/var/tmp/fcpFAAa14783:
   oprsum:
/var/tmp/fcpFAAa14783:
   oslowc:
/var/tmp/fcpFAAa14873:
   pmskfi:
/var/tmp/fcpFAAa14873:
   prolot:
/var/tmp/fcpFAAa14873:
   pryfit:
/var/tmp/fcpFAAa14873:
   pvfill:
/var/tmp/fcpFAAa14888:
   qfmmcl:
/var/tmp/fcpFAAa14888:
   qgmmcl:
/var/tmp/fcpFAAa14895:
   rbkhis:
/var/tmp/fcpFAAa14895:
   rcjsum:
/var/tmp/fcpFAAa14895:
   rclean:
/var/tmp/fcpFAAa14895:
   rcljob:
/var/tmp/fcpFAAa14895:
   rclrun:
/var/tmp/fcpFAAa14895:
   rcpas0:
/var/tmp/fcpFAAa14895:
   rdcard:
/var/tmp/fcpFAAa14895:
   rdefio:
/var/tmp/fcpFAAa14895:
   rdefmi:
/var/tmp/fcpFAAa14895:
   rdefpo:
/var/tmp/fcpFAAa14895:
   rdetec:
/var/tmp/fcpFAAa14895:
   recevt:
/var/tmp/fcpFAAa14895:
   recons:
/var/tmp/fcpFAAa14895:
   reject:
/var/tmp/fcpFAAa14895:
   report:
/var/tmp/fcpFAAa14895:
   rerror:
/var/tmp/fcpFAAa14895:
   rfalcr:
/var/tmp/fcpFAAa14895:
   rfalee:
/var/tmp/fcpFAAa14895:
   rfalie:
/var/tmp/fcpFAAa14895:
   rfalij:
/var/tmp/fcpFAAa14895:
   rfalir:
/var/tmp/fcpFAAa14895:
   rfalpd:
/var/tmp/fcpFAAa14895:
   rfjcon:
/var/tmp/fcpFAAa14895:
   rforma:
/var/tmp/fcpFAAa14895:
   rgetdv:
/var/tmp/fcpFAAa14895:
   rhbook:
/var/tmp/fcpFAAa14895:
   rhsevt:
/var/tmp/fcpFAAa14895:
   rincnd:
/var/tmp/fcpFAAa14895:
   rinjob:
/var/tmp/fcpFAAa14895:
   rinrun:
/var/tmp/fcpFAAa14895:
   ripas0:
/var/tmp/fcpFAAa14895:
   rloopr:
/var/tmp/fcpFAAa14895:
   rltoch:
/var/tmp/fcpFAAa14895:
   rlutrf:
/var/tmp/fcpFAAa14895:
   rmonii:
/var/tmp/fcpFAAa14895:
   rmonit:
/var/tmp/fcpFAAa14895:
   rnxmod:
/var/tmp/fcpFAAa14895:
   rperrs:
/var/tmp/fcpFAAa14895:
   rpnamb:
/var/tmp/fcpFAAa14895:
   rpotcl:
/var/tmp/fcpFAAa14895:
   rpreda:
/var/tmp/fcpFAAa14895:
   rprsta:
/var/tmp/fcpFAAa14895:
   rprsum:
/var/tmp/fcpFAAa14895:
   rrevhe:
/var/tmp/fcpFAAa14895:
   rshrin:
/var/tmp/fcpFAAa14895:
   rsmjob:
/var/tmp/fcpFAAa14895:
   rtitle:
/var/tmp/fcpFAAa14895:
   rtlsum:
/var/tmp/fcpFAAa14895:
   rtmask:
/var/tmp/fcpFAAa14895:
   rtrigf:
/var/tmp/fcpFAAa14895:
   runkno:
/var/tmp/fcpFAAa14895:
   rvdpre:
/var/tmp/fcpFAAa14895:
   rwjubw:
/var/tmp/fcpFAAa14895:
   rwrevt:
/var/tmp/fcpFAAa14895:
   rwrunh:
/var/tmp/fcpFAAa14895:
   rzejob:
/var/tmp/fcpFAAa14895:
   rzergl:
/var/tmp/fcpFAAa14895:
   rzerun:
/var/tmp/fcpFAAa15065:
   sabook:
/var/tmp/fcpFAAa15065:
   sacocr:
/var/tmp/fcpFAAa15065:
   sacopr:
/var/tmp/fcpFAAa15065:
   sahist:
/var/tmp/fcpFAAa15065:
   satrec:
/var/tmp/fcpFAAa15065:
   sclupr:
/var/tmp/fcpFAAa15065:
   scoopr:
/var/tmp/fcpFAAa15065:
   sftrpr:
/var/tmp/fcpFAAa15065:
   sibkpr:
/var/tmp/fcpFAAa15065:
   sibook:
/var/tmp/fcpFAAa15065:
   sicaok:
/var/tmp/fcpFAAa15065:
   siclc2:
/var/tmp/fcpFAAa15065:
   siclco:
/var/tmp/fcpFAAa15065:
   siclean:
/var/tmp/fcpFAAa15065:
   siclus:
/var/tmp/fcpFAAa15065:
   sicrec:
/var/tmp/fcpFAAa15065:
   sicrpot:
/var/tmp/fcpFAAa15065:
   sicrun:
/var/tmp/fcpFAAa15065:
   sidamp:
/var/tmp/fcpFAAa15065:
   sidcor:
/var/tmp/fcpFAAa15065:
   sidsum:
/var/tmp/fcpFAAa15065:
   sidvoi:
/var/tmp/fcpFAAa15065:
   siecor:
/var/tmp/fcpFAAa15065:
   siepcr:
/var/tmp/fcpFAAa15065:
   siesum:
   sifsum:
/var/tmp/fcpFAAa15065:
   sievst:
/var/tmp/fcpFAAa15065:
   sigaco:
/var/tmp/fcpFAAa15065:
   sigtdp:
/var/tmp/fcpFAAa15065:
   sigtwa:
/var/tmp/fcpFAAa15065:
   sihist:
/var/tmp/fcpFAAa15065:
   siinijo:
/var/tmp/fcpFAAa15065:
   siiniru:
/var/tmp/fcpFAAa15065:
   sijuke:
/var/tmp/fcpFAAa15065:
   silhcr:
/var/tmp/fcpFAAa15065:
   silist:
/var/tmp/fcpFAAa15065:
   silsum:
/var/tmp/fcpFAAa15065:
   siluad:
/var/tmp/fcpFAAa15065:
   silumi:
/var/tmp/fcpFAAa15065:
   silvoi:
/var/tmp/fcpFAAa15065:
   sinamx:
/var/tmp/fcpFAAa15065:
   sinijo:
/var/tmp/fcpFAAa15065:
   siniru:
/var/tmp/fcpFAAa15065:
   sipedfx:
/var/tmp/fcpFAAa15065:
   siphmod:
/var/tmp/fcpFAAa15065:
   sipreda:
/var/tmp/fcpFAAa15065:
   siprlum:
/var/tmp/fcpFAAa15065:
   siprsum:
/var/tmp/fcpFAAa15065:
   sipsum:
/var/tmp/fcpFAAa15065:
   sipvoi:
/var/tmp/fcpFAAa15065:
   sislowc:
/var/tmp/fcpFAAa15065:
   sisol2:
/var/tmp/fcpFAAa15065:
   sistat:
/var/tmp/fcpFAAa15065:
   siswap:
/var/tmp/fcpFAAa15065:
   sivois:
/var/tmp/fcpFAAa15065:
   skanpr:
/var/tmp/fcpFAAa15065:
   spatpr:
/var/tmp/fcpFAAa15065:
   spreda:
/var/tmp/fcpFAAa15065:
   spremc:
/var/tmp/fcpFAAa15065:
   sprpot:
/var/tmp/fcpFAAa15065:
   sprsum:
/var/tmp/fcpFAAa15065:
   sr2clu:
/var/tmp/fcpFAAa15065:
   sr2pat:
/var/tmp/fcpFAAa15065:
   sr3clu:
/var/tmp/fcpFAAa15065:
   sr3pat:
/var/tmp/fcpFAAa15065:
   sraddr:
/var/tmp/fcpFAAa15065:
   sralig:
/var/tmp/fcpFAAa15065:
   srbftr:
/var/tmp/fcpFAAa15065:
   srbtrk:
/var/tmp/fcpFAAa15065:
   srccop:
/var/tmp/fcpFAAa15065:
   srclip:
/var/tmp/fcpFAAa15065:
   srclus:
/var/tmp/fcpFAAa15065:
   srcons:
/var/tmp/fcpFAAa15065:
   srcoor:
/var/tmp/fcpFAAa15065:
   srcpat:
/var/tmp/fcpFAAa15065:
   srcuts:
/var/tmp/fcpFAAa15065:
   srdble:
/var/tmp/fcpFAAa15065:
   srdead:
/var/tmp/fcpFAAa15065:
   srdist:
/var/tmp/fcpFAAa15065:
   srdphb:
/var/tmp/fcpFAAa15065:
   srdtrk:
/var/tmp/fcpFAAa15065:
   sreald:
/var/tmp/fcpFAAa15065:
   srfhis:
/var/tmp/fcpFAAa15065:
   srfit0:
/var/tmp/fcpFAAa15065:
   srfit2:
/var/tmp/fcpFAAa15065:
   srfitf:
/var/tmp/fcpFAAa15065:
   srfltr:
/var/tmp/fcpFAAa15065:
   srftrk:
/var/tmp/fcpFAAa15065:
   srgeom:
/var/tmp/fcpFAAa15065:
   srihis:
/var/tmp/fcpFAAa15065:
   srinbs:
/var/tmp/fcpFAAa15065:
   srints:
/var/tmp/fcpFAAa15065:
   srkand:
/var/tmp/fcpFAAa15065:
   srlval:
/var/tmp/fcpFAAa15065:
   srmstr:
/var/tmp/fcpFAAa15065:
   srpatc:
/var/tmp/fcpFAAa15065:
   srprcn:
/var/tmp/fcpFAAa15065:
   srsel2:
/var/tmp/fcpFAAa15065:
   srselk:
/var/tmp/fcpFAAa15065:
   srselo:
/var/tmp/fcpFAAa15065:
   srstat:
/var/tmp/fcpFAAa15065:
   srsubs:
/var/tmp/fcpFAAa15065:
   srtdcn:
/var/tmp/fcpFAAa15065:
   srtdcr:
/var/tmp/fcpFAAa15065:
   srtrck:
/var/tmp/fcpFAAa15065:
   srunco:
/var/tmp/fcpFAAa15065:
   srupar:
/var/tmp/fcpFAAa15065:
   srupat:
/var/tmp/fcpFAAa15065:
   srwire:
/var/tmp/fcpFAAa15065:
   srwpa2:
/var/tmp/fcpFAAa15065:
   srwpar:
/var/tmp/fcpFAAa15065:
   sscpcr:
/var/tmp/fcpFAAa15065:
   sslowc:
/var/tmp/fcpFAAa15065:
   strkpr:
/var/tmp/fcpFAAa15065:
   supapr:
/var/tmp/fcpFAAa15065:
   swp2pr:
/var/tmp/fcpFAAa15065:
   swpapr:
/var/tmp/fcpFAAa15386:
   t1ftdp:
/var/tmp/fcpFAAa15386:
   taccmn:
/var/tmp/fcpFAAa15386:
   tarcdp:
/var/tmp/fcpFAAa15386:
   tatwin:
/var/tmp/fcpFAAa15386:
   tbcodp:
/var/tmp/fcpFAAa15386:
   tbnkin:
/var/tmp/fcpFAAa15386:
   tbprnt:
/var/tmp/fcpFAAa15386:
   tbval:
/var/tmp/fcpFAAa15386:
   tcaldp:
/var/tmp/fcpFAAa15386:
   tcdump:
/var/tmp/fcpFAAa15386:
   tchadp:
/var/tmp/fcpFAAa15386:
   tchsum:
/var/tmp/fcpFAAa15386:
   tclana:
/var/tmp/fcpFAAa15386:
   tclcor:
/var/tmp/fcpFAAa15386:
   tcldmp:
/var/tmp/fcpFAAa15386:
   tclpat:
/var/tmp/fcpFAAa15386:
   tclsng:
/var/tmp/fcpFAAa15386:
   tcludp:
/var/tmp/fcpFAAa15386:
   tclust:
/var/tmp/fcpFAAa15386:
   tco4pa:
/var/tmp/fcpFAAa15386:
   tcoalg:
/var/tmp/fcpFAAa15386:
   tcobin:
/var/tmp/fcpFAAa15386:
   tcodrv:
/var/tmp/fcpFAAa15386:
   tcoerr:
/var/tmp/fcpFAAa15386:
   tcogs3:
/var/tmp/fcpFAAa15386:
   tcoor:
/var/tmp/fcpFAAa15386:
   tcoort:
/var/tmp/fcpFAAa15386:
   tcothr:
/var/tmp/fcpFAAa15386:
   tcoul2:
/var/tmp/fcpFAAa15386:
   tcoul3:
/var/tmp/fcpFAAa15386:
   tcowa2:
/var/tmp/fcpFAAa15386:
   tcowa3:
/var/tmp/fcpFAAa15386:
   tcowav:
/var/tmp/fcpFAAa15386:
   tcowl2:
/var/tmp/fcpFAAa15386:
   tcptst:
/var/tmp/fcpFAAa15386:
   tcqgs3:
/var/tmp/fcpFAAa15386:
   tcshf1:
/var/tmp/fcpFAAa15386:
   tcshft:
/var/tmp/fcpFAAa15386:
   terpar:
/var/tmp/fcpFAAa15386:
   tfcand:
/var/tmp/fcpFAAa15386:
   tfchek:
/var/tmp/fcpFAAa15386:
   tfilpa:
/var/tmp/fcpFAAa15386:
   tfiltj:
/var/tmp/fcpFAAa15386:
   tfithl:
       entry    tfthed:
       entry    tfthec:
/var/tmp/fcpFAAa15386:
   tfitkf:
/var/tmp/fcpFAAa15386:
   tfittk:
/var/tmp/fcpFAAa15386:
   tflnk2:
/var/tmp/fcpFAAa15386:
   tflnks:
/var/tmp/fcpFAAa15386:
   tfpcoi:
/var/tmp/fcpFAAa15386:
   tfthel:
/var/tmp/fcpFAAa15386:
   tftpad:
/var/tmp/fcpFAAa15386:
   tftwtb:
/var/tmp/fcpFAAa15386:
   tgetqt:
/var/tmp/fcpFAAa15386:
   tgftdp:
/var/tmp/fcpFAAa15386:
   tgmadp:
/var/tmp/fcpFAAa15386:
   thpadd:
/var/tmp/fcpFAAa15386:
   thpcor:
/var/tmp/fcpFAAa15386:
   thpfdg:
/var/tmp/fcpFAAa15386:
   thtrow:
/var/tmp/fcpFAAa15386:
   tinijo:
/var/tmp/fcpFAAa15386:
   tiniru:
/var/tmp/fcpFAAa15386:
   tisfil:
/var/tmp/fcpFAAa15386:
   tislnd:
/var/tmp/fcpFAAa15386:
   tjtop:
/var/tmp/fcpFAAa15386:
   tkink:
/var/tmp/fcpFAAa15386:
   tksgdp:
/var/tmp/fcpFAAa15386:
   tlctdp:
/var/tmp/fcpFAAa15386:
   tlcons:
   tldelm:
   tladd:
   tlinit:
   tlovfl:
   tlnext:
   tlpop:
   tlscra:
/var/tmp/fcpFAAa15386:
   tmagnt:
/var/tmp/fcpFAAa15386:
   tmshel:
       entry    tmshed:
       entry    tmshec:
       entry    tmschi:
/var/tmp/fcpFAAa15386:
   tnhlfp:
/var/tmp/fcpFAAa15386:
   tovrlp:
/var/tmp/fcpFAAa15386:
   tpaddx:
/var/tmp/fcpFAAa15386:
   tpadfx:
/var/tmp/fcpFAAa15386:
   tpadpo:
/var/tmp/fcpFAAa15386:
   tpadpr:
/var/tmp/fcpFAAa15386:
   tpads:
/var/tmp/fcpFAAa15386:
   tpakbc:
/var/tmp/fcpFAAa15386:
   tpakco:
/var/tmp/fcpFAAa15386:
   tpakta:
/var/tmp/fcpFAAa15386:
   tpaktx:
/var/tmp/fcpFAAa15386:
   tparab:
/var/tmp/fcpFAAa15386:
   tpbook:
/var/tmp/fcpFAAa15386:
   tpcbun:
/var/tmp/fcpFAAa15386:
   tpcrec:
/var/tmp/fcpFAAa15386:
   tpcrun:
/var/tmp/fcpFAAa15386:
   tpct0:
/var/tmp/fcpFAAa15386:
   tpct0n:
/var/tmp/fcpFAAa15386:
   tpdels:
/var/tmp/fcpFAAa15386:
   tpdiag:
/var/tmp/fcpFAAa15386:
   tpdthr:
/var/tmp/fcpFAAa15386:
   tphist:
/var/tmp/fcpFAAa15386:
   tphsmr:
/var/tmp/fcpFAAa15386:
   tpk1co:
/var/tmp/fcpFAAa15386:
   tpkill:
/var/tmp/fcpFAAa15386:
   tplana:
/var/tmp/fcpFAAa15386:
   tppadd:
/var/tmp/fcpFAAa15386:
   tpreda:
/var/tmp/fcpFAAa15386:
   tprf2:
/var/tmp/fcpFAAa15386:
   tprfin:
/var/tmp/fcpFAAa15386:
   tprfx:
/var/tmp/fcpFAAa15386:
   tprlst:
/var/tmp/fcpFAAa15386:
   tprndm:
/var/tmp/fcpFAAa15386:
   tprsum:
/var/tmp/fcpFAAa15386:
   tpsmgt:
/var/tmp/fcpFAAa15386:
   tpsmr1:
/var/tmp/fcpFAAa15386:
   tpsort:
/var/tmp/fcpFAAa15386:
   tpstat:
/var/tmp/fcpFAAa15386:
   tpuldp:
/var/tmp/fcpFAAa15386:
   trdwp1:
/var/tmp/fcpFAAa15386:
   trdwp2:
/var/tmp/fcpFAAa15386:
   trdwp3:
/var/tmp/fcpFAAa15386:
   trefch:
/var/tmp/fcpFAAa15386:
   trefit:
/var/tmp/fcpFAAa15386:
   trempt:
/var/tmp/fcpFAAa15386:
   trftch:
/var/tmp/fcpFAAa15386:
   trhlx2:
Compiler error line 72 of ../t_/trhlx2.F: Utils: Sanity Check: Inconsistent internal data structures. (6933)
/var/tmp/fcpFAAa15386:
   trkdmp:
/var/tmp/fcpFAAa15386:
   trkels:
/var/tmp/fcpFAAa15386:
   trkfnd:
/var/tmp/fcpFAAa15386:
   trkmca:
/var/tmp/fcpFAAa15386:
   trkwra:
/var/tmp/fcpFAAa15386:
   trmvep:
/var/tmp/fcpFAAa15386:
   trncon:
/var/tmp/fcpFAAa15386:
   trphdi:
/var/tmp/fcpFAAa15386:
   trproj:
/var/tmp/fcpFAAa15386:
   trresc:
/var/tmp/fcpFAAa15386:
   trseek:
/var/tmp/fcpFAAa15386:
   trslnk:
/var/tmp/fcpFAAa15386:
   tsacha:
/var/tmp/fcpFAAa15386:
   tsaclu:
/var/tmp/fcpFAAa15386:
   tsacor:
/var/tmp/fcpFAAa15386:
   tsapat:
/var/tmp/fcpFAAa15386:
   tsatrk:
/var/tmp/fcpFAAa15386:
   tsawir:
/var/tmp/fcpFAAa15386:
   tsawtk:
/var/tmp/fcpFAAa15386:
   tscfil:
/var/tmp/fcpFAAa15386:
   tscidp:
/var/tmp/fcpFAAa15386:
   tscldp:
/var/tmp/fcpFAAa15386:
   tscoor:
/var/tmp/fcpFAAa15386:
   tseque:
/var/tmp/fcpFAAa15386:
   tsirdp:
/var/tmp/fcpFAAa15386:
   tslowc:
/var/tmp/fcpFAAa15386:
   tsmft:
/var/tmp/fcpFAAa15386:
   tsordp:
/var/tmp/fcpFAAa15386:
   tspudp:
/var/tmp/fcpFAAa15386:
   tsumvd:
/var/tmp/fcpFAAa15386:
   tszcor:
/var/tmp/fcpFAAa15386:
   ttloop:
/var/tmp/fcpFAAa15386:
   ttrunk:
/var/tmp/fcpFAAa15386:
   ttwodx:
/var/tmp/fcpFAAa15386:
   ttwosh:
/var/tmp/fcpFAAa15386:
   ttwosi:
/var/tmp/fcpFAAa15386:
   tvdvel:
/var/tmp/fcpFAAa15386:
   twinco:
/var/tmp/fcpFAAa15386:
   twindo:
/var/tmp/fcpFAAa15386:
   twires:
/var/tmp/fcpFAAa15386:
   twirez:
/var/tmp/fcpFAAa15386:
   twirfx:
/var/tmp/fcpFAAa15386:
   twpeak:
/var/tmp/fcpFAAa15386:
   twrrdp:

fort77: Warning: Compiler failure has occurred.
     Attempting to recompile failing compilation unit without optimization

/var/tmp/fcpFAAa15386:
   trhlx2:
/var/tmp/fcpFAAa15989:
   uctgft:
/var/tmp/fcpFAAa15989:
   ufitms:
/var/tmp/fcpFAAa15989:
   umxinv:
/var/tmp/fcpFAAa15989:
   unpack:
/var/tmp/fcpFAAa15989:
   usbook:
/var/tmp/fcpFAAa15989:
   uscjob:
/var/tmp/fcpFAAa15989:
   uscrun:
/var/tmp/fcpFAAa15989:
   ushist:
/var/tmp/fcpFAAa15989:
   usievt:
/var/tmp/fcpFAAa15989:
   usijob:
/var/tmp/fcpFAAa15989:
   usirun:
/var/tmp/fcpFAAa15989:
   uslowc:
/var/tmp/fcpFAAa15989:
   usprda:
/var/tmp/fcpFAAa15989:
   utdcbp:
/var/tmp/fcpFAAa15989:
   utlslf:
/var/tmp/fcpFAAa15989:
   uvpfit:
/var/tmp/fcpFAAa15989:
   uvpmat:
/var/tmp/fcpFAAa15989:
   uxsfit:
/var/tmp/fcpFAAa15989:
   uxsmat:
/var/tmp/fcpFAAa16055:
   vbmfit:
/var/tmp/fcpFAAa16055:
   vbsclr:
/var/tmp/fcpFAAa16055:
   vbsinr:
/var/tmp/fcpFAAa16055:
   vbspot:
/var/tmp/fcpFAAa16055:
   vcalcm:
/var/tmp/fcpFAAa16055:
   vcbfit:
/var/tmp/fcpFAAa16055:
   vcktrk:
/var/tmp/fcpFAAa16055:
   vclbnk:
/var/tmp/fcpFAAa16055:
   vcmean:
/var/tmp/fcpFAAa16055:
   vcrhot:
/var/tmp/fcpFAAa16055:
   vdalin:
/var/tmp/fcpFAAa16055:
   vdalsg:
/var/tmp/fcpFAAa16055:
   vdalxy:
/var/tmp/fcpFAAa16055:
   vdalzt:
/var/tmp/fcpFAAa16055:
   vdbgcl:
/var/tmp/fcpFAAa16055:
   vdbook:
/var/tmp/fcpFAAa16055:
   vdchst:
/var/tmp/fcpFAAa16055:
   vdcrun:
/var/tmp/fcpFAAa16055:
   vdecod:
/var/tmp/fcpFAAa16055:
   vdetok:
/var/tmp/fcpFAAa16055:
   vdfnam:
/var/tmp/fcpFAAa16055:
   vdfsup:
/var/tmp/fcpFAAa16055:
   vdgaus:
/var/tmp/fcpFAAa16055:
   vdgeph:
/var/tmp/fcpFAAa16055:
   vdgtht:
/var/tmp/fcpFAAa16055:
   vdgtmv:
/var/tmp/fcpFAAa16055:
   vdgtxl:
/var/tmp/fcpFAAa16055:
   vdhist:
/var/tmp/fcpFAAa16055:
   vdincp:
/var/tmp/fcpFAAa16055:
   vdismr:
/var/tmp/fcpFAAa16055:
   vdjacb:
/var/tmp/fcpFAAa16055:
   vdklcp:
/var/tmp/fcpFAAa16055:
   vdlink:
/var/tmp/fcpFAAa16055:
   vdmcef:
/var/tmp/fcpFAAa16055:
   vdmctr:
/var/tmp/fcpFAAa16055:
   vdmjln:
/var/tmp/fcpFAAa16055:
   vdmkce:
/var/tmp/fcpFAAa16055:
   vdmoni:
/var/tmp/fcpFAAa16055:
   vdmpin:
/var/tmp/fcpFAAa16055:
   vdmsup2:
/var/tmp/fcpFAAa16055:
   vdnois:
/var/tmp/fcpFAAa16055:
   vdosmr:
/var/tmp/fcpFAAa16055:
   vdpinh:
/var/tmp/fcpFAAa16055:
   vdrcun:
/var/tmp/fcpFAAa16055:
   vdrndm:
/var/tmp/fcpFAAa16055:
   vdrtan:
/var/tmp/fcpFAAa16055:
   vdsigm:
/var/tmp/fcpFAAa16055:
   vdsm95:
/var/tmp/fcpFAAa16055:
   vdsmap:
/var/tmp/fcpFAAa16055:
   vdstch:
/var/tmp/fcpFAAa16055:
   vdtan:
/var/tmp/fcpFAAa16055:
   vdwsdx:
/var/tmp/fcpFAAa16055:
   vdwsmr:
/var/tmp/fcpFAAa16055:
   vdxyzt:
/var/tmp/fcpFAAa16055:
   vhinit:
/var/tmp/fcpFAAa16055:
   vhotin:
/var/tmp/fcpFAAa16055:
   vinijo:
/var/tmp/fcpFAAa16055:
   viniru:
/var/tmp/fcpFAAa16055:
   vlcpos:
/var/tmp/fcpFAAa16055:
   vmgcrl:
/var/tmp/fcpFAAa16055:
   vmkr90:
/var/tmp/fcpFAAa16055:
   vmkr95:
/var/tmp/fcpFAAa16055:
   vpreda:
/var/tmp/fcpFAAa16055:
   vprpot:
/var/tmp/fcpFAAa16055:
   vprsum:
/var/tmp/fcpFAAa16055:
   vreclt:
/var/tmp/fcpFAAa16055:
   vreclu:
/var/tmp/fcpFAAa16055:
   vsepar:
/var/tmp/fcpFAAa16055:
   vseplt:
/var/tmp/fcpFAAa16055:
   vslowc:
/var/tmp/fcpFAAa16055:
   vspxyz:
/var/tmp/fcpFAAa16055:
   vstrim:
/var/tmp/fcpFAAa16055:
   vtrsup:
/var/tmp/fcpFAAa16055:
   vtrurl:
/var/tmp/fcpFAAa16055:
   vumctr:
/var/tmp/fcpFAAa16322:
   vaddia:
/var/tmp/fcpFAAa16322:
   vdblht:
/var/tmp/fcpFAAa16322:
   vfndil:
/var/tmp/fcpFAAa16322:
   vftall:
/var/tmp/fcpFAAa16322:
   vgbran:
/var/tmp/fcpFAAa16322:
   vgbrut:
/var/tmp/fcpFAAa16322:
   vgcmbv:
/var/tmp/fcpFAAa16322:
   vgcomp:
/var/tmp/fcpFAAa16322:
   vgfevt:
/var/tmp/fcpFAAa16322:
   vginit:
/var/tmp/fcpFAAa16322:
   vglink:
/var/tmp/fcpFAAa16322:
   vglob:
/var/tmp/fcpFAAa16322:
   vgnevt:
/var/tmp/fcpFAAa16322:
   vgsolv:
/var/tmp/fcpFAAa16322:
   vgstor:
/var/tmp/fcpFAAa16322:
   vgtcut:
/var/tmp/fcpFAAa16322:
   vherr:
/var/tmp/fcpFAAa16322:
   vhitid:
/var/tmp/fcpFAAa16322:
   vhmap:
/var/tmp/fcpFAAa16322:
   vhupck:
/var/tmp/fcpFAAa16322:
   vhuprm:
/var/tmp/fcpFAAa16322:
   vkaerr:
/var/tmp/fcpFAAa16322:
   vm1trk:
/var/tmp/fcpFAAa16322:
   vmchip:
/var/tmp/fcpFAAa16322:
   vmchis:
/var/tmp/fcpFAAa16322:
   vmclld:
/var/tmp/fcpFAAa16322:
   vmover:
/var/tmp/fcpFAAa16322:
   vmupdt:
/var/tmp/fcpFAAa16322:
   vpksln:
/var/tmp/fcpFAAa16322:
   vsltrk:
/var/tmp/fcpFAAa16322:
   vterex:
/var/tmp/fcpFAAa16425:
   wcal:
/var/tmp/fcpFAAa16425:
   wirjul:
/var/tmp/fcpFAAa16432:
   xptenb:
/var/tmp/fcpFAAa16432:
   xtcncr:
/var/tmp/fcpFAAa16439:
   yfbook:
/var/tmp/fcpFAAa16439:
   yfhist:
/var/tmp/fcpFAAa16439:
   yfijob:
/var/tmp/fcpFAAa16439:
   yfmain:
/var/tmp/fcpFAAa16439:
   yfvert:
/var/tmp/fcpFAAa16439:
   yinijo:
/var/tmp/fcpFAAa16439:
   yiniru:
/var/tmp/fcpFAAa16439:
   ykffit:
/var/tmp/fcpFAAa16439:
   ykinit:
/var/tmp/fcpFAAa16439:
   ykldc:
/var/tmp/fcpFAAa16439:
   yknem2:
/var/tmp/fcpFAAa16439:
   yksfit:
/var/tmp/fcpFAAa16439:
   yksrch:
/var/tmp/fcpFAAa16439:
   ykvdet:
/var/tmp/fcpFAAa16439:
   ymfv0s:
/var/tmp/fcpFAAa16439:
   yprpot:
/var/tmp/fcpFAAa16439:
   yprsum:
/var/tmp/fcpFAAa16439:
   ytbook:
/var/tmp/fcpFAAa16439:
   ythist:
/var/tmp/fcpFAAa16439:
   ytirun:
/var/tmp/fcpFAAa16439:
   yv0sum:
/var/tmp/fcpFAAa16439:
   yvbook:
/var/tmp/fcpFAAa16439:
   yvhist:
/var/tmp/fcpFAAa16439:
   yvijob:
/var/tmp/fcpFAAa16439:
   yybook:
/var/tmp/fcpFAAa16439:
   yyhist:
