/var/tmp/fcpFAAa16566:
   MAIN aamain:
/var/tmp/fcpFAAa16566:
   aboldr:
/var/tmp/fcpFAAa16566:
   ajmmcl:
/var/tmp/fcpFAAa16566:
   algtwa:
/var/tmp/fcpFAAa16566:
   almmcl:
/var/tmp/fcpFAAa16566:
   altime:
/var/tmp/fcpFAAa16566:
   aulpol:
/var/tmp/fcpFAAa16597:
   bcalju:
/var/tmp/fcpFAAa16597:
   bccrun:
/var/tmp/fcpFAAa16597:
   bcfile:
       entry    bcinit:
/var/tmp/fcpFAAa16597:
   bcgete:
/var/tmp/fcpFAAa16597:
   bcpack:
   centrd:
/var/tmp/fcpFAAa16597:
   binijo:
/var/tmp/fcpFAAa16597:
   biniru:
/var/tmp/fcpFAAa16597:
   bmsum:
/var/tmp/fcpFAAa16597:
   bpreda:
/var/tmp/fcpFAAa16597:
   bprsum:
/var/tmp/fcpFAAa16597:
   bslowc:
/var/tmp/fcpFAAa16628:
   cabook:
/var/tmp/fcpFAAa16628:
   calrec:
/var/tmp/fcpFAAa16628:
   calrel:
/var/tmp/fcpFAAa16628:
   calrep:
/var/tmp/fcpFAAa16628:
   calsup:
/var/tmp/fcpFAAa16628:
   cashet:
/var/tmp/fcpFAAa16628:
   casmp:
/var/tmp/fcpFAAa16628:
   casneu:
/var/tmp/fcpFAAa16628:
   casnmp:
/var/tmp/fcpFAAa16628:
   cclorl:
/var/tmp/fcpFAAa16628:
   cctrmi:
/var/tmp/fcpFAAa16628:
   ccutpe:
/var/tmp/fcpFAAa16628:
   cdang:
/var/tmp/fcpFAAa16628:
   cdths:
/var/tmp/fcpFAAa16628:
   cegclu:
/var/tmp/fcpFAAa16628:
   cencch:
/var/tmp/fcpFAAa16628:
   cencne:
/var/tmp/fcpFAAa16628:
   cesclu:
/var/tmp/fcpFAAa16628:
   cexcob:
/var/tmp/fcpFAAa16628:
   cexhis:
/var/tmp/fcpFAAa16628:
   cfpass:
/var/tmp/fcpFAAa16628:
   cfpmip:
/var/tmp/fcpFAAa16628:
   cfpnmp:
/var/tmp/fcpFAAa16628:
   cgrunc:
/var/tmp/fcpFAAa16628:
   chclu:
/var/tmp/fcpFAAa16628:
   chgclu:
/var/tmp/fcpFAAa16628:
   chsclu:
/var/tmp/fcpFAAa16628:
   cinijo:
/var/tmp/fcpFAAa16628:
   cinirl:
/var/tmp/fcpFAAa16628:
   cinpar:
/var/tmp/fcpFAAa16628:
   cinsrl:
/var/tmp/fcpFAAa16628:
   cisgam:
/var/tmp/fcpFAAa16628:
   cishit:
/var/tmp/fcpFAAa16628:
   cludis:
/var/tmp/fcpFAAa16628:
   cmoni:
/var/tmp/fcpFAAa16628:
   cnighb:
/var/tmp/fcpFAAa16628:
   coslst:
/var/tmp/fcpFAAa16628:
   cpadwr:
/var/tmp/fcpFAAa16628:
   cparad:
/var/tmp/fcpFAAa16628:
   cpotcr:
/var/tmp/fcpFAAa16628:
   cpoteh:
/var/tmp/fcpFAAa16628:
   cpotlc:
/var/tmp/fcpFAAa16628:
   cptcom:
/var/tmp/fcpFAAa16628:
   crcalo:
/var/tmp/fcpFAAa16628:
   crchrl:
/var/tmp/fcpFAAa16628:
   crcjob:
/var/tmp/fcpFAAa16628:
   crcpar:
/var/tmp/fcpFAAa16628:
   crhclu:
/var/tmp/fcpFAAa16628:
   cthclu:
/var/tmp/fcpFAAa16628:
   ctkchg:
/var/tmp/fcpFAAa16628:
   ctrmip:
/var/tmp/fcpFAAa16628:
   ctrpar:
/var/tmp/fcpFAAa16628:
   ctrtoc:
/var/tmp/fcpFAAa16628:
   cvrify:
/var/tmp/fcpFAAa16785:
   e1bpei:
/var/tmp/fcpFAAa16785:
   e2bpei:
/var/tmp/fcpFAAa16785:
   e3bpei:
/var/tmp/fcpFAAa16785:
   e4bary:
/var/tmp/fcpFAAa16785:
   e4cosz:
/var/tmp/fcpFAAa16785:
   e4dead:
/var/tmp/fcpFAAa16785:
   e4deij:
/var/tmp/fcpFAAa16785:
   e4fdij:
/var/tmp/fcpFAAa16785:
   e4fide:
/var/tmp/fcpFAAa16785:
   e4find:
/var/tmp/fcpFAAa16785:
   e4fnec:
/var/tmp/fcpFAAa16785:
   fracst:
/var/tmp/fcpFAAa16785:
   e4gtbr:
/var/tmp/fcpFAAa16785:
   e4gtpl:
/var/tmp/fcpFAAa16785:
   e4gtso:
/var/tmp/fcpFAAa16785:
   e4gtst:
/var/tmp/fcpFAAa16785:
   e4gttw:
/var/tmp/fcpFAAa16785:
   e4indi:
/var/tmp/fcpFAAa16785:
   e4lea1:
/var/tmp/fcpFAAa16785:
   e4ovrl:
/var/tmp/fcpFAAa16785:
   e4pal:
/var/tmp/fcpFAAa16785:
   e4r1r2:
/var/tmp/fcpFAAa16785:
   e4r2r3:
/var/tmp/fcpFAAa16785:
   e4r3r4:
/var/tmp/fcpFAAa16785:
   e4radc:
/var/tmp/fcpFAAa16785:
   e4res2:
/var/tmp/fcpFAAa16785:
   e4res3:
/var/tmp/fcpFAAa16785:
   e4tstl:
/var/tmp/fcpFAAa16785:
   e4xyz0:
/var/tmp/fcpFAAa16785:
   eautop:
/var/tmp/fcpFAAa16785:
   ebegid:
/var/tmp/fcpFAAa16785:
   eboxki:
/var/tmp/fcpFAAa16785:
   ecalig:
/var/tmp/fcpFAAa16785:
   ecblda:
/var/tmp/fcpFAAa16785:
   ecboba:
/var/tmp/fcpFAAa16785:
   ecbook:
/var/tmp/fcpFAAa16785:
   eccaob:
/var/tmp/fcpFAAa16785:
   ecchkb:
/var/tmp/fcpFAAa16785:
   ecclco:
/var/tmp/fcpFAAa16785:
   ecclus:
/var/tmp/fcpFAAa16785:
   ecdamp:
/var/tmp/fcpFAAa16785:
   ecdebg:
/var/tmp/fcpFAAa16785:
   ecdete:
/var/tmp/fcpFAAa16785:
   ecdigi:
/var/tmp/fcpFAAa16785:
   ecener:
/var/tmp/fcpFAAa16785:
   eceras:
/var/tmp/fcpFAAa16785:
   ecfclu:
/var/tmp/fcpFAAa16785:
   ecfibt:
/var/tmp/fcpFAAa16785:
   ecfils:
/var/tmp/fcpFAAa16785:
   ecfmip:
/var/tmp/fcpFAAa16785:
   ecfobj:
/var/tmp/fcpFAAa16785:
   ecgflw:
/var/tmp/fcpFAAa16785:
   ecgmix:
/var/tmp/fcpFAAa16785:
   echarg:
/var/tmp/fcpFAAa16785:
   echcgl:
/var/tmp/fcpFAAa16785:
   echedc:
/var/tmp/fcpFAAa16785:
   echiba:
/var/tmp/fcpFAAa16785:
   echist:
/var/tmp/fcpFAAa16785:
   echtag:
/var/tmp/fcpFAAa16785:
   ecinit:
/var/tmp/fcpFAAa16785:
   ecinrv:
/var/tmp/fcpFAAa16785:
   eclamp:
/var/tmp/fcpFAAa16785:
   eclana:
/var/tmp/fcpFAAa16785:
   ecleib:
/var/tmp/fcpFAAa16785:
   eclgeo:
/var/tmp/fcpFAAa16785:
   eclope:
/var/tmp/fcpFAAa16785:
   eclorl:
/var/tmp/fcpFAAa16785:
   eclost:
/var/tmp/fcpFAAa16785:
   ecltag:
/var/tmp/fcpFAAa16785:
   ecltrk:
/var/tmp/fcpFAAa16785:
   ecltyp:
/var/tmp/fcpFAAa16785:
   ecluar:
/var/tmp/fcpFAAa16785:
   ecmesp:
/var/tmp/fcpFAAa16785:
   ecmod:
/var/tmp/fcpFAAa16785:
   ecmopl:
/var/tmp/fcpFAAa16785:
   ecncob:
/var/tmp/fcpFAAa16785:
   ecobnk:
/var/tmp/fcpFAAa16785:
   ecoent:
/var/tmp/fcpFAAa16785:
   ecoidp:
/var/tmp/fcpFAAa16785:
   ecos:
/var/tmp/fcpFAAa16785:
   ecpad:
/var/tmp/fcpFAAa16785:
   ecpasr:
/var/tmp/fcpFAAa16785:
   ecplm:
/var/tmp/fcpFAAa16785:
   ecprin:
/var/tmp/fcpFAAa16785:
   ecprlo:
/var/tmp/fcpFAAa16785:
   ecrcob:
/var/tmp/fcpFAAa16785:
   ecre4d:
/var/tmp/fcpFAAa16785:
   ecreib:
/var/tmp/fcpFAAa16785:
   ecrmip:
/var/tmp/fcpFAAa16785:
   ecrndx:
/var/tmp/fcpFAAa16785:
   ecrpei:
/var/tmp/fcpFAAa16785:
   ecrtr:
/var/tmp/fcpFAAa16785:
   ecrunq:
/var/tmp/fcpFAAa16785:
   ecscmd:
/var/tmp/fcpFAAa16785:
   ecst:
/var/tmp/fcpFAAa16785:
   ecsupp:
/var/tmp/fcpFAAa16785:
   ecsw1093:
/var/tmp/fcpFAAa16785:
   ecsw94:
/var/tmp/fcpFAAa16785:
   ectemp:
/var/tmp/fcpFAAa16785:
   ecthre:
/var/tmp/fcpFAAa16785:
   ectopo:
/var/tmp/fcpFAAa16785:
   ectpc:
/var/tmp/fcpFAAa16785:
   ectrap:
/var/tmp/fcpFAAa16785:
   ectrea:
/var/tmp/fcpFAAa16785:
   ecxmod:
/var/tmp/fcpFAAa16785:
   edisal:
/var/tmp/fcpFAAa16785:
   edlist:
/var/tmp/fcpFAAa16785:
   efaxe:
/var/tmp/fcpFAAa16785:
   efbook:
/var/tmp/fcpFAAa16785:
   eferrr:
/var/tmp/fcpFAAa16785:
   eficlp:
/var/tmp/fcpFAAa16785:
   eficv:
/var/tmp/fcpFAAa16785:
   efiecp:
/var/tmp/fcpFAAa16785:
   efieib:
/var/tmp/fcpFAAa16785:
   efijob:
/var/tmp/fcpFAAa16785:
   efixi94:
/var/tmp/fcpFAAa16785:
   eflcst:
/var/tmp/fcpFAAa16785:
   efolmk:
/var/tmp/fcpFAAa16785:
   efpard:
/var/tmp/fcpFAAa16785:
   eftiel:
/var/tmp/fcpFAAa16785:
   egacst:
/var/tmp/fcpFAAa16785:
   egaest:
/var/tmp/fcpFAAa16785:
   egetds:
/var/tmp/fcpFAAa16785:
   egfcst:
/var/tmp/fcpFAAa16785:
   egttks:
/var/tmp/fcpFAAa16785:
   ehcflo:
/var/tmp/fcpFAAa16785:
   ehlix:
/var/tmp/fcpFAAa16785:
   ehreg:
/var/tmp/fcpFAAa16785:
   eidedx:
/var/tmp/fcpFAAa16785:
   eident:
/var/tmp/fcpFAAa16785:
   eieffl:
/var/tmp/fcpFAAa16785:
   einhlx:
/var/tmp/fcpFAAa16785:
   einijo:
/var/tmp/fcpFAAa16785:
   einirl:
/var/tmp/fcpFAAa16785:
   einiru:
/var/tmp/fcpFAAa16785:
   einitk:
/var/tmp/fcpFAAa16785:
   einsrl:
/var/tmp/fcpFAAa16785:
   eipard:
/var/tmp/fcpFAAa16785:
   eithr:
/var/tmp/fcpFAAa16785:
   eknewb:
/var/tmp/fcpFAAa16785:
   eknewe:
/var/tmp/fcpFAAa16785:
   elecid:
/var/tmp/fcpFAAa16785:
   elongi:
/var/tmp/fcpFAAa16785:
   emfill:
/var/tmp/fcpFAAa16785:
   emskei:
/var/tmp/fcpFAAa16785:
   emskev:
/var/tmp/fcpFAAa16785:
   emskf:
/var/tmp/fcpFAAa16785:
   emski:
/var/tmp/fcpFAAa16785:
   emskji:
/var/tmp/fcpFAAa16785:
   emskmu:
/var/tmp/fcpFAAa16785:
   enfmsk:
/var/tmp/fcpFAAa16785:
   enighb:
/var/tmp/fcpFAAa16785:
   enoise:
/var/tmp/fcpFAAa16785:
   enprox:
/var/tmp/fcpFAAa16785:
   enstat:
/var/tmp/fcpFAAa16785:
   epadcl:
/var/tmp/fcpFAAa16785:
   epatrn:
/var/tmp/fcpFAAa16785:
   epcalo:
/var/tmp/fcpFAAa16785:
   epchg:
/var/tmp/fcpFAAa16785:
   epneu:
/var/tmp/fcpFAAa16785:
   epreda:
/var/tmp/fcpFAAa16785:
   eproba:
/var/tmp/fcpFAAa16785:
   eprsto:
/var/tmp/fcpFAAa16785:
   eprsum:
/var/tmp/fcpFAAa16785:
   eprtpc:
/var/tmp/fcpFAAa16785:
   ercupi:
/var/tmp/fcpFAAa16785:
   ercupr:
/var/tmp/fcpFAAa16785:
   ereset:
/var/tmp/fcpFAAa16785:
   eroad:
/var/tmp/fcpFAAa16785:
   escdef:
/var/tmp/fcpFAAa16785:
   escoun:
/var/tmp/fcpFAAa16785:
   esfil:
/var/tmp/fcpFAAa16785:
   eslas:
/var/tmp/fcpFAAa16785:
   eslct:
/var/tmp/fcpFAAa16785:
   eslctf:
/var/tmp/fcpFAAa16785:
   eslowc:
/var/tmp/fcpFAAa16785:
   estag:
/var/tmp/fcpFAAa16785:
   esveto:
/var/tmp/fcpFAAa16785:
   eswpst:
/var/tmp/fcpFAAa16785:
   etdifp:
/var/tmp/fcpFAAa16785:
   ethres:
/var/tmp/fcpFAAa16785:
   etrdev:
/var/tmp/fcpFAAa16785:
   ewdifp:
/var/tmp/fcpFAAa16785:
   ewircl:
/var/tmp/fcpFAAa16785:
   ex3ijk:
/var/tmp/fcpFAAa17245:
   fawian:
/var/tmp/fcpFAAa17245:
   fcfrid:
/var/tmp/fcpFAAa17245:
   fdetco:
/var/tmp/fcpFAAa17245:
   ffield:
/var/tmp/fcpFAAa17245:
   fidhea:
/var/tmp/fcpFAAa17245:
   fidrot:
/var/tmp/fcpFAAa17245:
   finiru:
/var/tmp/fcpFAAa17245:
   fitall:
/var/tmp/fcpFAAa17245:
   fitwri:
/var/tmp/fcpFAAa17245:
   fkink:
/var/tmp/fcpFAAa17245:
   fkkpar:
/var/tmp/fcpFAAa17245:
   flngv0:
/var/tmp/fcpFAAa17245:
   floweh:
/var/tmp/fcpFAAa17245:
   flowfi:
/var/tmp/fcpFAAa17245:
   flowtr:
/var/tmp/fcpFAAa17245:
   flv0dx:
/var/tmp/fcpFAAa17245:
   fmuid:
/var/tmp/fcpFAAa17245:
   fpiden:
/var/tmp/fcpFAAa17245:
   fpmove:
/var/tmp/fcpFAAa17245:
   frefit:
/var/tmp/fcpFAAa17245:
   frmhit:
/var/tmp/fcpFAAa17245:
   ftpcer:
/var/tmp/fcpFAAa17245:
   ftrack:
/var/tmp/fcpFAAa17340:
   gambnk:
/var/tmp/fcpFAAa17340:
   gapeco:
/var/tmp/fcpFAAa17340:
   gasteer:
/var/tmp/fcpFAAa17350:
   hcalib:
/var/tmp/fcpFAAa17350:
   hcalrd:
/var/tmp/fcpFAAa17350:
   hcatow:
/var/tmp/fcpFAAa17350:
   hcbhis:
/var/tmp/fcpFAAa17350:
   hcfclu:
/var/tmp/fcpFAAa17350:
   hchist:
/var/tmp/fcpFAAa17350:
   hclcra:
/var/tmp/fcpFAAa17350:
   hcltst:
/var/tmp/fcpFAAa17350:
   hclufi:
/var/tmp/fcpFAAa17350:
   hcorfc:
/var/tmp/fcpFAAa17350:
   hcos:
/var/tmp/fcpFAAa17350:
   hcsimm:
/var/tmp/fcpFAAa17350:
   hdgdeb:
/var/tmp/fcpFAAa17350:
   hdgfil:
/var/tmp/fcpFAAa17350:
   hdgpot:
/var/tmp/fcpFAAa17350:
   hdgsum:
/var/tmp/fcpFAAa17350:
   hdprec:
/var/tmp/fcpFAAa17350:
   hdspre:
/var/tmp/fcpFAAa17350:
   hflnoi:
/var/tmp/fcpFAAa17350:
   hinijo:
/var/tmp/fcpFAAa17350:
   hiniru:
/var/tmp/fcpFAAa17350:
   hmener:
/var/tmp/fcpFAAa17350:
   hmfind:
/var/tmp/fcpFAAa17350:
   hmroad:
/var/tmp/fcpFAAa17350:
   hnoise:
/var/tmp/fcpFAAa17350:
   hnoisy:
/var/tmp/fcpFAAa17350:
   hpatco:
/var/tmp/fcpFAAa17350:
   hphnoi:
/var/tmp/fcpFAAa17350:
   hplink:
/var/tmp/fcpFAAa17350:
   hprana:
/var/tmp/fcpFAAa17350:
   hpranp:
/var/tmp/fcpFAAa17350:
   hprdig:
/var/tmp/fcpFAAa17350:
   hpreda:
/var/tmp/fcpFAAa17350:
   hprpot:
/var/tmp/fcpFAAa17350:
   hprsum:
/var/tmp/fcpFAAa17350:
   hprunc:
/var/tmp/fcpFAAa17350:
   hrcomp:
/var/tmp/fcpFAAa17350:
   hrcpat:
/var/tmp/fcpFAAa17350:
   hrdcal:
/var/tmp/fcpFAAa17350:
   hroad:
/var/tmp/fcpFAAa17350:
   hslink:
/var/tmp/fcpFAAa17350:
   hslowc:
/var/tmp/fcpFAAa17350:
   hspare:
/var/tmp/fcpFAAa17350:
   hsptre:
/var/tmp/fcpFAAa17350:
   hstofi:
/var/tmp/fcpFAAa17350:
   htrack:
/var/tmp/fcpFAAa17350:
   htubfi:
/var/tmp/fcpFAAa17350:
   htwcr:
/var/tmp/fcpFAAa17350:
   hvmask:
/var/tmp/fcpFAAa17513:
   iasign:
/var/tmp/fcpFAAa17513:
   iattma:
/var/tmp/fcpFAAa17513:
   ibnkin:
/var/tmp/fcpFAAa17513:
   icaswt:
/var/tmp/fcpFAAa17513:
   icftoi:
/var/tmp/fcpFAAa17513:
   iclimb:
/var/tmp/fcpFAAa17513:
   icrcco:
/var/tmp/fcpFAAa17513:
   ideadw:
/var/tmp/fcpFAAa17513:
   idigpr:
/var/tmp/fcpFAAa17513:
   ienang:
/var/tmp/fcpFAAa17513:
   ifind1:
/var/tmp/fcpFAAa17513:
   ifind2:
/var/tmp/fcpFAAa17513:
   ifitp:
/var/tmp/fcpFAAa17513:
   iftrak:
/var/tmp/fcpFAAa17513:
   igetti:
/var/tmp/fcpFAAa17513:
   igettp:
/var/tmp/fcpFAAa17513:
   igicha:
/var/tmp/fcpFAAa17513:
   iheler:
/var/tmp/fcpFAAa17513:
   iinijo:
/var/tmp/fcpFAAa17513:
   iiniru:
/var/tmp/fcpFAAa17513:
   iintrk:
/var/tmp/fcpFAAa17513:
   imatch:
/var/tmp/fcpFAAa17513:
   inigap:
/var/tmp/fcpFAAa17513:
   insect:
/var/tmp/fcpFAAa17513:
   intrak:
/var/tmp/fcpFAAa17513:
   ipakdi:
/var/tmp/fcpFAAa17513:
   ipdsti:
/var/tmp/fcpFAAa17513:
   iphcor:
/var/tmp/fcpFAAa17513:
   ipreda:
/var/tmp/fcpFAAa17513:
   iprsum:
/var/tmp/fcpFAAa17513:
   ipstat:
/var/tmp/fcpFAAa17513:
   irefin:
/var/tmp/fcpFAAa17513:
   ireopd:
/var/tmp/fcpFAAa17513:
   isave:
/var/tmp/fcpFAAa17513:
   ishuff:
/var/tmp/fcpFAAa17513:
   ishufl:
/var/tmp/fcpFAAa17513:
   islowc:
/var/tmp/fcpFAAa17513:
   isrch:
/var/tmp/fcpFAAa17513:
   itbook:
/var/tmp/fcpFAAa17513:
   itccut:
/var/tmp/fcpFAAa17513:
   itcopr:
/var/tmp/fcpFAAa17513:
   itcrec:
/var/tmp/fcpFAAa17513:
   itcrep:
/var/tmp/fcpFAAa17513:
   itctpc:
/var/tmp/fcpFAAa17513:
   itctrk:
/var/tmp/fcpFAAa17513:
   itcxng:
/var/tmp/fcpFAAa17513:
   iterr:
/var/tmp/fcpFAAa17513:
   itextn:
/var/tmp/fcpFAAa17513:
   ithist:
/var/tmp/fcpFAAa17513:
   itidy1:
/var/tmp/fcpFAAa17513:
   itidy2:
/var/tmp/fcpFAAa17513:
   itlnk1:
/var/tmp/fcpFAAa17513:
   itlnk2:
/var/tmp/fcpFAAa17513:
   itpcan:
/var/tmp/fcpFAAa17513:
   itrak:
/var/tmp/fcpFAAa17513:
   itrecf:
/var/tmp/fcpFAAa17513:
   itreci:
/var/tmp/fcpFAAa17513:
   itree:
/var/tmp/fcpFAAa17513:
   itrkci:
/var/tmp/fcpFAAa17513:
   itrkeq:
/var/tmp/fcpFAAa17513:
   itrkzr:
/var/tmp/fcpFAAa17513:
   itrmca:
/var/tmp/fcpFAAa17729:
   laccep:
   lfiduc:
/var/tmp/fcpFAAa17729:
   lasym:
/var/tmp/fcpFAAa17729:
   lbhab:
/var/tmp/fcpFAAa17729:
   lbhcor:
/var/tmp/fcpFAAa17729:
   lbindx:
/var/tmp/fcpFAAa17729:
   lbldba:
/var/tmp/fcpFAAa17729:
   lbnkpr:
/var/tmp/fcpFAAa17729:
   lbunca:
/var/tmp/fcpFAAa17729:
   lcalib:
/var/tmp/fcpFAAa17729:
   lcarec:
/var/tmp/fcpFAAa17729:
   lcbook:
/var/tmp/fcpFAAa17729:
   lchist:
/var/tmp/fcpFAAa17729:
   lclust:
/var/tmp/fcpFAAa17729:
   lclutw:
/var/tmp/fcpFAAa17729:
   lcorrc:
/var/tmp/fcpFAAa17729:
   lcpaxy:
/var/tmp/fcpFAAa17729:
   lcrpot:
/var/tmp/fcpFAAa17729:
   lcsave:
/var/tmp/fcpFAAa17729:
   ldirtw:
/var/tmp/fcpFAAa17729:
   lelect:
/var/tmp/fcpFAAa17729:
   lenlis:
/var/tmp/fcpFAAa17729:
   lestim:
/var/tmp/fcpFAAa17729:
   lfourc:
/var/tmp/fcpFAAa17729:
   lgngbx:
/var/tmp/fcpFAAa17729:
   lhvsta:
/var/tmp/fcpFAAa17729:
   lidcod:
/var/tmp/fcpFAAa17729:
   linijo:
/var/tmp/fcpFAAa17729:
   liniru:
/var/tmp/fcpFAAa17729:
   lolerr:
/var/tmp/fcpFAAa17729:
   lprcal:
/var/tmp/fcpFAAa17729:
   lpreda:
/var/tmp/fcpFAAa17729:
   lpremc:
/var/tmp/fcpFAAa17729:
   lprepo:
/var/tmp/fcpFAAa17729:
   lprerw:
/var/tmp/fcpFAAa17729:
   lprlum:
/var/tmp/fcpFAAa17729:
   lprsum:
/var/tmp/fcpFAAa17729:
   lselba:
/var/tmp/fcpFAAa17729:
   lselbh:
/var/tmp/fcpFAAa17729:
   lsingl:
/var/tmp/fcpFAAa17729:
   lslowc:
/var/tmp/fcpFAAa17729:
   lstati:
/var/tmp/fcpFAAa17729:
   lsumam:
/var/tmp/fcpFAAa17729:
   ltgbit:
/var/tmp/fcpFAAa17729:
   ltgtyp:
/var/tmp/fcpFAAa17729:
   ltrace:
/var/tmp/fcpFAAa17729:
   ltrack:
/var/tmp/fcpFAAa17729:
   ltrigs:
/var/tmp/fcpFAAa17729:
   lupacr:
/var/tmp/fcpFAAa17729:
   lupain:
/var/tmp/fcpFAAa17913:
   mginig:
/var/tmp/fcpFAAa17913:
   minhea:
/var/tmp/fcpFAAa17913:
   minijo:
/var/tmp/fcpFAAa17913:
   miniru:
/var/tmp/fcpFAAa17913:
   modroc:
/var/tmp/fcpFAAa17913:
   mpreda:
/var/tmp/fcpFAAa17913:
   mpredg:
/var/tmp/fcpFAAa17913:
   mpredm:
/var/tmp/fcpFAAa17913:
   mprsum:
/var/tmp/fcpFAAa17913:
   mslowc:
/var/tmp/fcpFAAa17913:
   mualcm:
/var/tmp/fcpFAAa17913:
   mualco:
/var/tmp/fcpFAAa17913:
   muass:
/var/tmp/fcpFAAa17913:
   mubook:
/var/tmp/fcpFAAa17913:
   mucomp:
/var/tmp/fcpFAAa17913:
   mucuts:
/var/tmp/fcpFAAa17913:
   muhist:
/var/tmp/fcpFAAa17913:
   muhitg:
/var/tmp/fcpFAAa17913:
   muhits:
/var/tmp/fcpFAAa17913:
   mukine:
/var/tmp/fcpFAAa17913:
   munewr:
/var/tmp/fcpFAAa17913:
   muredo:
/var/tmp/fcpFAAa17913:
   muslcm:
/var/tmp/fcpFAAa17913:
   muslco:
/var/tmp/fcpFAAa17913:
   mutest:
/var/tmp/fcpFAAa17990:
   obmfit:
/var/tmp/fcpFAAa17990:
   obsclr:
/var/tmp/fcpFAAa17990:
   obsinr:
/var/tmp/fcpFAAa17990:
   obspot:
/var/tmp/fcpFAAa17990:
   ocbfit:
/var/tmp/fcpFAAa17990:
   ocbpre:
/var/tmp/fcpFAAa17990:
   ogtblq:
/var/tmp/fcpFAAa17990:
   oinijo:
/var/tmp/fcpFAAa17990:
   oiniru:
/var/tmp/fcpFAAa17990:
   olspod:
/var/tmp/fcpFAAa17990:
   olspot:
/var/tmp/fcpFAAa17990:
   olspou:
/var/tmp/fcpFAAa17990:
   ombook:
/var/tmp/fcpFAAa17990:
   ombopt:
/var/tmp/fcpFAAa17990:
   ombout:
/var/tmp/fcpFAAa17990:
   ombpos:
/var/tmp/fcpFAAa17990:
   ombrec:
/var/tmp/fcpFAAa17990:
   omcorr:
/var/tmp/fcpFAAa17990:
   omcrun:
/var/tmp/fcpFAAa17990:
   omdata:
/var/tmp/fcpFAAa17990:
   omgain:
/var/tmp/fcpFAAa17990:
   omhist:
/var/tmp/fcpFAAa17990:
   omipos:
/var/tmp/fcpFAAa17990:
   omread:
/var/tmp/fcpFAAa17990:
   oprsum:
/var/tmp/fcpFAAa17990:
   oslowc:
/var/tmp/fcpFAAa18085:
   pmskfi:
/var/tmp/fcpFAAa18085:
   prolot:
/var/tmp/fcpFAAa18085:
   pryfit:
/var/tmp/fcpFAAa18085:
   pvfill:
/var/tmp/fcpFAAa18096:
   qfmmcl:
/var/tmp/fcpFAAa18096:
   qgmmcl:
/var/tmp/fcpFAAa18104:
   rbkhis:
/var/tmp/fcpFAAa18104:
   rcjsum:
/var/tmp/fcpFAAa18104:
   rclean:
/var/tmp/fcpFAAa18104:
   rcljob:
/var/tmp/fcpFAAa18104:
   rclrun:
/var/tmp/fcpFAAa18104:
   rcpas0:
/var/tmp/fcpFAAa18104:
   rdcard:
/var/tmp/fcpFAAa18104:
   rdefio:
/var/tmp/fcpFAAa18104:
   rdefmi:
/var/tmp/fcpFAAa18104:
   rdefpo:
/var/tmp/fcpFAAa18104:
   rdetec:
/var/tmp/fcpFAAa18104:
   recevt:
/var/tmp/fcpFAAa18104:
   recons:
/var/tmp/fcpFAAa18104:
   reject:
/var/tmp/fcpFAAa18104:
   report:
/var/tmp/fcpFAAa18104:
   rerror:
/var/tmp/fcpFAAa18104:
   rfalcr:
/var/tmp/fcpFAAa18104:
   rfalee:
/var/tmp/fcpFAAa18104:
   rfalie:
/var/tmp/fcpFAAa18104:
   rfalij:
/var/tmp/fcpFAAa18104:
   rfalir:
/var/tmp/fcpFAAa18104:
   rfalpd:
/var/tmp/fcpFAAa18104:
   rfjcon:
/var/tmp/fcpFAAa18104:
   rforma:
/var/tmp/fcpFAAa18104:
   rgetdv:
/var/tmp/fcpFAAa18104:
   rhbook:
/var/tmp/fcpFAAa18104:
   rhsevt:
/var/tmp/fcpFAAa18104:
   rincnd:
/var/tmp/fcpFAAa18104:
   rinjob:
/var/tmp/fcpFAAa18104:
   rinrun:
/var/tmp/fcpFAAa18104:
   ripas0:
/var/tmp/fcpFAAa18104:
   rloopr:
/var/tmp/fcpFAAa18104:
   rltoch:
/var/tmp/fcpFAAa18104:
   rlutrf:
/var/tmp/fcpFAAa18104:
   rmonii:
/var/tmp/fcpFAAa18104:
   rmonit:
/var/tmp/fcpFAAa18104:
   rnxmod:
/var/tmp/fcpFAAa18104:
   rperrs:
/var/tmp/fcpFAAa18104:
   rpnamb:
/var/tmp/fcpFAAa18104:
   rpotcl:
/var/tmp/fcpFAAa18104:
   rpreda:
/var/tmp/fcpFAAa18104:
   rprsta:
/var/tmp/fcpFAAa18104:
   rprsum:
/var/tmp/fcpFAAa18104:
   rrevhe:
/var/tmp/fcpFAAa18104:
   rshrin:
/var/tmp/fcpFAAa18104:
   rsmjob:
/var/tmp/fcpFAAa18104:
   rtitle:
/var/tmp/fcpFAAa18104:
   rtlsum:
/var/tmp/fcpFAAa18104:
   rtmask:
/var/tmp/fcpFAAa18104:
   rtrigf:
/var/tmp/fcpFAAa18104:
   runkno:
/var/tmp/fcpFAAa18104:
   rvdpre:
/var/tmp/fcpFAAa18104:
   rwjubw:
/var/tmp/fcpFAAa18104:
   rwrevt:
/var/tmp/fcpFAAa18104:
   rwrunh:
/var/tmp/fcpFAAa18104:
   rzejob:
/var/tmp/fcpFAAa18104:
   rzergl:
/var/tmp/fcpFAAa18104:
   rzerun:
/var/tmp/fcpFAAa18244:
   sabook:
/var/tmp/fcpFAAa18244:
   sacocr:
/var/tmp/fcpFAAa18244:
   sacopr:
/var/tmp/fcpFAAa18244:
   sahist:
/var/tmp/fcpFAAa18244:
   satrec:
/var/tmp/fcpFAAa18244:
   sclupr:
/var/tmp/fcpFAAa18244:
   scoopr:
/var/tmp/fcpFAAa18244:
   sftrpr:
/var/tmp/fcpFAAa18244:
   sibkpr:
/var/tmp/fcpFAAa18244:
   sibook:
/var/tmp/fcpFAAa18244:
   sicaok:
/var/tmp/fcpFAAa18244:
   siclc2:
/var/tmp/fcpFAAa18244:
   siclco:
/var/tmp/fcpFAAa18244:
   siclean:
/var/tmp/fcpFAAa18244:
   siclus:
/var/tmp/fcpFAAa18244:
   sicrec:
/var/tmp/fcpFAAa18244:
   sicrpot:
/var/tmp/fcpFAAa18244:
   sicrun:
/var/tmp/fcpFAAa18244:
   sidamp:
/var/tmp/fcpFAAa18244:
   sidcor:
/var/tmp/fcpFAAa18244:
   sidsum:
/var/tmp/fcpFAAa18244:
   sidvoi:
/var/tmp/fcpFAAa18244:
   siecor:
/var/tmp/fcpFAAa18244:
   siepcr:
/var/tmp/fcpFAAa18244:
   siesum:
   sifsum:
/var/tmp/fcpFAAa18244:
   sievst:
/var/tmp/fcpFAAa18244:
   sigaco:
/var/tmp/fcpFAAa18244:
   sigtdp:
/var/tmp/fcpFAAa18244:
   sigtwa:
/var/tmp/fcpFAAa18244:
   sihist:
/var/tmp/fcpFAAa18244:
   siinijo:
/var/tmp/fcpFAAa18244:
   siiniru:
/var/tmp/fcpFAAa18244:
   sijuke:
/var/tmp/fcpFAAa18244:
   silhcr:
/var/tmp/fcpFAAa18244:
   silist:
/var/tmp/fcpFAAa18244:
   silsum:
/var/tmp/fcpFAAa18244:
   siluad:
/var/tmp/fcpFAAa18244:
   silumi:
/var/tmp/fcpFAAa18244:
   silvoi:
/var/tmp/fcpFAAa18244:
   sinamx:
/var/tmp/fcpFAAa18244:
   sinijo:
/var/tmp/fcpFAAa18244:
   siniru:
/var/tmp/fcpFAAa18244:
   sipedfx:
/var/tmp/fcpFAAa18244:
   siphmod:
/var/tmp/fcpFAAa18244:
   sipreda:
/var/tmp/fcpFAAa18244:
   siprlum:
/var/tmp/fcpFAAa18244:
   siprsum:
/var/tmp/fcpFAAa18244:
   sipsum:
/var/tmp/fcpFAAa18244:
   sipvoi:
/var/tmp/fcpFAAa18244:
   sislowc:
/var/tmp/fcpFAAa18244:
   sisol2:
/var/tmp/fcpFAAa18244:
   sistat:
/var/tmp/fcpFAAa18244:
   siswap:
/var/tmp/fcpFAAa18244:
   sivois:
/var/tmp/fcpFAAa18244:
   skanpr:
/var/tmp/fcpFAAa18244:
   spatpr:
/var/tmp/fcpFAAa18244:
   spreda:
/var/tmp/fcpFAAa18244:
   spremc:
/var/tmp/fcpFAAa18244:
   sprpot:
/var/tmp/fcpFAAa18244:
   sprsum:
/var/tmp/fcpFAAa18244:
   sr2clu:
/var/tmp/fcpFAAa18244:
   sr2pat:
/var/tmp/fcpFAAa18244:
   sr3clu:
/var/tmp/fcpFAAa18244:
   sr3pat:
/var/tmp/fcpFAAa18244:
   sraddr:
/var/tmp/fcpFAAa18244:
   sralig:
/var/tmp/fcpFAAa18244:
   srbftr:
/var/tmp/fcpFAAa18244:
   srbtrk:
/var/tmp/fcpFAAa18244:
   srccop:
/var/tmp/fcpFAAa18244:
   srclip:
/var/tmp/fcpFAAa18244:
   srclus:
/var/tmp/fcpFAAa18244:
   srcons:
/var/tmp/fcpFAAa18244:
   srcoor:
/var/tmp/fcpFAAa18244:
   srcpat:
/var/tmp/fcpFAAa18244:
   srcuts:
/var/tmp/fcpFAAa18244:
   srdble:
/var/tmp/fcpFAAa18244:
   srdead:
/var/tmp/fcpFAAa18244:
   srdist:
/var/tmp/fcpFAAa18244:
   srdphb:
/var/tmp/fcpFAAa18244:
   srdtrk:
/var/tmp/fcpFAAa18244:
   sreald:
/var/tmp/fcpFAAa18244:
   srfhis:
/var/tmp/fcpFAAa18244:
   srfit0:
/var/tmp/fcpFAAa18244:
   srfit2:
/var/tmp/fcpFAAa18244:
   srfitf:
/var/tmp/fcpFAAa18244:
   srfltr:
/var/tmp/fcpFAAa18244:
   srftrk:
/var/tmp/fcpFAAa18244:
   srgeom:
/var/tmp/fcpFAAa18244:
   srihis:
/var/tmp/fcpFAAa18244:
   srinbs:
/var/tmp/fcpFAAa18244:
   srints:
/var/tmp/fcpFAAa18244:
   srkand:
/var/tmp/fcpFAAa18244:
   srlval:
/var/tmp/fcpFAAa18244:
   srmstr:
/var/tmp/fcpFAAa18244:
   srpatc:
/var/tmp/fcpFAAa18244:
   srprcn:
/var/tmp/fcpFAAa18244:
   srsel2:
/var/tmp/fcpFAAa18244:
   srselk:
/var/tmp/fcpFAAa18244:
   srselo:
/var/tmp/fcpFAAa18244:
   srstat:
/var/tmp/fcpFAAa18244:
   srsubs:
/var/tmp/fcpFAAa18244:
   srtdcn:
/var/tmp/fcpFAAa18244:
   srtdcr:
/var/tmp/fcpFAAa18244:
   srtrck:
/var/tmp/fcpFAAa18244:
   srunco:
/var/tmp/fcpFAAa18244:
   srupar:
/var/tmp/fcpFAAa18244:
   srupat:
/var/tmp/fcpFAAa18244:
   srwire:
/var/tmp/fcpFAAa18244:
   srwpa2:
/var/tmp/fcpFAAa18244:
   srwpar:
/var/tmp/fcpFAAa18244:
   sscpcr:
/var/tmp/fcpFAAa18244:
   sslowc:
/var/tmp/fcpFAAa18244:
   strkpr:
/var/tmp/fcpFAAa18244:
   supapr:
/var/tmp/fcpFAAa18244:
   swp2pr:
/var/tmp/fcpFAAa18244:
   swpapr:
/var/tmp/fcpFAAa18552:
   t1ftdp:
/var/tmp/fcpFAAa18552:
   taccmn:
/var/tmp/fcpFAAa18552:
   tarcdp:
/var/tmp/fcpFAAa18552:
   tatwin:
/var/tmp/fcpFAAa18552:
   tbcodp:
/var/tmp/fcpFAAa18552:
   tbnkin:
/var/tmp/fcpFAAa18552:
   tbprnt:
/var/tmp/fcpFAAa18552:
   tbval:
/var/tmp/fcpFAAa18552:
   tcaldp:
/var/tmp/fcpFAAa18552:
   tcdump:
/var/tmp/fcpFAAa18552:
   tchadp:
/var/tmp/fcpFAAa18552:
   tchsum:
/var/tmp/fcpFAAa18552:
   tclana:
/var/tmp/fcpFAAa18552:
   tclcor:
/var/tmp/fcpFAAa18552:
   tcldmp:
/var/tmp/fcpFAAa18552:
   tclpat:
/var/tmp/fcpFAAa18552:
   tclsng:
/var/tmp/fcpFAAa18552:
   tcludp:
/var/tmp/fcpFAAa18552:
   tclust:
/var/tmp/fcpFAAa18552:
   tco4pa:
/var/tmp/fcpFAAa18552:
   tcoalg:
/var/tmp/fcpFAAa18552:
   tcobin:
/var/tmp/fcpFAAa18552:
   tcodrv:
/var/tmp/fcpFAAa18552:
   tcoerr:
/var/tmp/fcpFAAa18552:
   tcogs3:
/var/tmp/fcpFAAa18552:
   tcoor:
/var/tmp/fcpFAAa18552:
   tcoort:
/var/tmp/fcpFAAa18552:
   tcothr:
/var/tmp/fcpFAAa18552:
   tcoul2:
/var/tmp/fcpFAAa18552:
   tcoul3:
/var/tmp/fcpFAAa18552:
   tcowa2:
/var/tmp/fcpFAAa18552:
   tcowa3:
/var/tmp/fcpFAAa18552:
   tcowav:
/var/tmp/fcpFAAa18552:
   tcowl2:
/var/tmp/fcpFAAa18552:
   tcptst:
/var/tmp/fcpFAAa18552:
   tcqgs3:
/var/tmp/fcpFAAa18552:
   tcshf1:
/var/tmp/fcpFAAa18552:
   tcshft:
/var/tmp/fcpFAAa18552:
   terpar:
/var/tmp/fcpFAAa18552:
   tfcand:
/var/tmp/fcpFAAa18552:
   tfchek:
/var/tmp/fcpFAAa18552:
   tfilpa:
/var/tmp/fcpFAAa18552:
   tfiltj:
/var/tmp/fcpFAAa18552:
   tfithl:
       entry    tfthed:
       entry    tfthec:
/var/tmp/fcpFAAa18552:
   tfitkf:
/var/tmp/fcpFAAa18552:
   tfittk:
/var/tmp/fcpFAAa18552:
   tflnk2:
/var/tmp/fcpFAAa18552:
   tflnks:
/var/tmp/fcpFAAa18552:
   tfpcoi:
/var/tmp/fcpFAAa18552:
   tfthel:
/var/tmp/fcpFAAa18552:
   tftpad:
/var/tmp/fcpFAAa18552:
   tftwtb:
/var/tmp/fcpFAAa18552:
   tgetqt:
/var/tmp/fcpFAAa18552:
   tgftdp:
/var/tmp/fcpFAAa18552:
   tgmadp:
/var/tmp/fcpFAAa18552:
   thpadd:
/var/tmp/fcpFAAa18552:
   thpcor:
/var/tmp/fcpFAAa18552:
   thpfdg:
/var/tmp/fcpFAAa18552:
   thtrow:
/var/tmp/fcpFAAa18552:
   tinijo:
/var/tmp/fcpFAAa18552:
   tiniru:
/var/tmp/fcpFAAa18552:
   tisfil:
/var/tmp/fcpFAAa18552:
   tislnd:
/var/tmp/fcpFAAa18552:
   tjtop:
/var/tmp/fcpFAAa18552:
   tkink:
/var/tmp/fcpFAAa18552:
   tksgdp:
/var/tmp/fcpFAAa18552:
   tlctdp:
/var/tmp/fcpFAAa18552:
   tlcons:
   tldelm:
   tladd:
   tlinit:
   tlovfl:
   tlnext:
   tlpop:
   tlscra:
/var/tmp/fcpFAAa18552:
   tmagnt:
/var/tmp/fcpFAAa18552:
   tmshel:
       entry    tmshed:
       entry    tmshec:
       entry    tmschi:
/var/tmp/fcpFAAa18552:
   tnhlfp:
/var/tmp/fcpFAAa18552:
   tovrlp:
/var/tmp/fcpFAAa18552:
   tpaddx:
/var/tmp/fcpFAAa18552:
   tpadfx:
/var/tmp/fcpFAAa18552:
   tpadpo:
/var/tmp/fcpFAAa18552:
   tpadpr:
/var/tmp/fcpFAAa18552:
   tpads:
/var/tmp/fcpFAAa18552:
   tpakbc:
/var/tmp/fcpFAAa18552:
   tpakco:
/var/tmp/fcpFAAa18552:
   tpakta:
/var/tmp/fcpFAAa18552:
   tpaktx:
/var/tmp/fcpFAAa18552:
   tparab:
/var/tmp/fcpFAAa18552:
   tpbook:
/var/tmp/fcpFAAa18552:
   tpcbun:
/var/tmp/fcpFAAa18552:
   tpcrec:
/var/tmp/fcpFAAa18552:
   tpcrun:
/var/tmp/fcpFAAa18552:
   tpct0:
/var/tmp/fcpFAAa18552:
   tpct0n:
/var/tmp/fcpFAAa18552:
   tpdels:
/var/tmp/fcpFAAa18552:
   tpdiag:
/var/tmp/fcpFAAa18552:
   tpdthr:
/var/tmp/fcpFAAa18552:
   tphist:
/var/tmp/fcpFAAa18552:
   tphsmr:
/var/tmp/fcpFAAa18552:
   tpk1co:
/var/tmp/fcpFAAa18552:
   tpkill:
/var/tmp/fcpFAAa18552:
   tplana:
/var/tmp/fcpFAAa18552:
   tppadd:
/var/tmp/fcpFAAa18552:
   tpreda:
/var/tmp/fcpFAAa18552:
   tprf2:
/var/tmp/fcpFAAa18552:
   tprfin:
/var/tmp/fcpFAAa18552:
   tprfx:
/var/tmp/fcpFAAa18552:
   tprlst:
/var/tmp/fcpFAAa18552:
   tprndm:
/var/tmp/fcpFAAa18552:
   tprsum:
/var/tmp/fcpFAAa18552:
   tpsmgt:
/var/tmp/fcpFAAa18552:
   tpsmr1:
/var/tmp/fcpFAAa18552:
   tpsort:
/var/tmp/fcpFAAa18552:
   tpstat:
/var/tmp/fcpFAAa18552:
   tpuldp:
/var/tmp/fcpFAAa18552:
   trdwp1:
/var/tmp/fcpFAAa18552:
   trdwp2:
/var/tmp/fcpFAAa18552:
   trdwp3:
/var/tmp/fcpFAAa18552:
   trefch:
/var/tmp/fcpFAAa18552:
   trefit:
/var/tmp/fcpFAAa18552:
   trempt:
/var/tmp/fcpFAAa18552:
   trftch:
/var/tmp/fcpFAAa18552:
   trhlx2:
Compiler error line 72 of ../t_/trhlx2.F: Utils: Sanity Check: Inconsistent internal data structures. (6933)
/var/tmp/fcpFAAa18552:
   trkdmp:
/var/tmp/fcpFAAa18552:
   trkels:
/var/tmp/fcpFAAa18552:
   trkfnd:
/var/tmp/fcpFAAa18552:
   trkmca:
/var/tmp/fcpFAAa18552:
   trkwra:
/var/tmp/fcpFAAa18552:
   trmvep:
/var/tmp/fcpFAAa18552:
   trncon:
/var/tmp/fcpFAAa18552:
   trphdi:
/var/tmp/fcpFAAa18552:
   trproj:
/var/tmp/fcpFAAa18552:
   trresc:
/var/tmp/fcpFAAa18552:
   trseek:
/var/tmp/fcpFAAa18552:
   trslnk:
/var/tmp/fcpFAAa18552:
   tsacha:
/var/tmp/fcpFAAa18552:
   tsaclu:
/var/tmp/fcpFAAa18552:
   tsacor:
/var/tmp/fcpFAAa18552:
   tsapat:
/var/tmp/fcpFAAa18552:
   tsatrk:
/var/tmp/fcpFAAa18552:
   tsawir:
/var/tmp/fcpFAAa18552:
   tsawtk:
/var/tmp/fcpFAAa18552:
   tscfil:
/var/tmp/fcpFAAa18552:
   tscidp:
/var/tmp/fcpFAAa18552:
   tscldp:
/var/tmp/fcpFAAa18552:
   tscoor:
/var/tmp/fcpFAAa18552:
   tseque:
/var/tmp/fcpFAAa18552:
   tsirdp:
/var/tmp/fcpFAAa18552:
   tslowc:
/var/tmp/fcpFAAa18552:
   tsmft:
/var/tmp/fcpFAAa18552:
   tsordp:
/var/tmp/fcpFAAa18552:
   tspudp:
/var/tmp/fcpFAAa18552:
   tsumvd:
/var/tmp/fcpFAAa18552:
   tszcor:
/var/tmp/fcpFAAa18552:
   ttloop:
/var/tmp/fcpFAAa18552:
   ttrunk:
/var/tmp/fcpFAAa18552:
   ttwodx:
/var/tmp/fcpFAAa18552:
   ttwosh:
/var/tmp/fcpFAAa18552:
   ttwosi:
/var/tmp/fcpFAAa18552:
   tvdvel:
/var/tmp/fcpFAAa18552:
   twinco:
/var/tmp/fcpFAAa18552:
   twindo:
/var/tmp/fcpFAAa18552:
   twires:
/var/tmp/fcpFAAa18552:
   twirez:
/var/tmp/fcpFAAa18552:
   twirfx:
/var/tmp/fcpFAAa18552:
   twpeak:
/var/tmp/fcpFAAa18552:
   twrrdp:

fort77: Warning: Compiler failure has occurred.
     Attempting to recompile failing compilation unit without optimization

/var/tmp/fcpFAAa18552:
   trhlx2:
/var/tmp/fcpFAAa19117:
   uctgft:
/var/tmp/fcpFAAa19117:
   ufitms:
/var/tmp/fcpFAAa19117:
   umxinv:
/var/tmp/fcpFAAa19117:
   unpack:
/var/tmp/fcpFAAa19117:
   usbook:
/var/tmp/fcpFAAa19117:
   uscjob:
/var/tmp/fcpFAAa19117:
   uscrun:
/var/tmp/fcpFAAa19117:
   ushist:
/var/tmp/fcpFAAa19117:
   usievt:
/var/tmp/fcpFAAa19117:
   usijob:
/var/tmp/fcpFAAa19117:
   usirun:
/var/tmp/fcpFAAa19117:
   uslowc:
/var/tmp/fcpFAAa19117:
   usprda:
/var/tmp/fcpFAAa19117:
   utdcbp:
/var/tmp/fcpFAAa19117:
   utlslf:
/var/tmp/fcpFAAa19117:
   uvpfit:
/var/tmp/fcpFAAa19117:
   uvpmat:
/var/tmp/fcpFAAa19117:
   uxsfit:
/var/tmp/fcpFAAa19117:
   uxsmat:
/var/tmp/fcpFAAa19176:
   vbmfit:
/var/tmp/fcpFAAa19176:
   vbsclr:
/var/tmp/fcpFAAa19176:
   vbsinr:
/var/tmp/fcpFAAa19176:
   vbspot:
/var/tmp/fcpFAAa19176:
   vcalcm:
/var/tmp/fcpFAAa19176:
   vcbfit:
/var/tmp/fcpFAAa19176:
   vcktrk:
/var/tmp/fcpFAAa19176:
   vclbnk:
/var/tmp/fcpFAAa19176:
   vcmean:
/var/tmp/fcpFAAa19176:
   vcrhot:
/var/tmp/fcpFAAa19176:
   vdalin:
/var/tmp/fcpFAAa19176:
   vdalsg:
/var/tmp/fcpFAAa19176:
   vdalxy:
/var/tmp/fcpFAAa19176:
   vdalzt:
/var/tmp/fcpFAAa19176:
   vdbgcl:
/var/tmp/fcpFAAa19176:
   vdbook:
/var/tmp/fcpFAAa19176:
   vdchst:
/var/tmp/fcpFAAa19176:
   vdcrun:
/var/tmp/fcpFAAa19176:
   vdecod:
/var/tmp/fcpFAAa19176:
   vdetok:
/var/tmp/fcpFAAa19176:
   vdfnam:
/var/tmp/fcpFAAa19176:
   vdfsup:
/var/tmp/fcpFAAa19176:
   vdgaus:
/var/tmp/fcpFAAa19176:
   vdgeph:
/var/tmp/fcpFAAa19176:
   vdgtht:
/var/tmp/fcpFAAa19176:
   vdgtmv:
/var/tmp/fcpFAAa19176:
   vdgtxl:
/var/tmp/fcpFAAa19176:
   vdhist:
/var/tmp/fcpFAAa19176:
   vdincp:
/var/tmp/fcpFAAa19176:
   vdismr:
/var/tmp/fcpFAAa19176:
   vdjacb:
/var/tmp/fcpFAAa19176:
   vdklcp:
/var/tmp/fcpFAAa19176:
   vdlink:
/var/tmp/fcpFAAa19176:
   vdmcef:
/var/tmp/fcpFAAa19176:
   vdmctr:
/var/tmp/fcpFAAa19176:
   vdmjln:
/var/tmp/fcpFAAa19176:
   vdmkce:
/var/tmp/fcpFAAa19176:
   vdmoni:
/var/tmp/fcpFAAa19176:
   vdmpin:
/var/tmp/fcpFAAa19176:
   vdmsup2:
/var/tmp/fcpFAAa19176:
   vdnois:
/var/tmp/fcpFAAa19176:
   vdosmr:
/var/tmp/fcpFAAa19176:
   vdpinh:
/var/tmp/fcpFAAa19176:
   vdrcun:
/var/tmp/fcpFAAa19176:
   vdrndm:
/var/tmp/fcpFAAa19176:
   vdrtan:
/var/tmp/fcpFAAa19176:
   vdsigm:
/var/tmp/fcpFAAa19176:
   vdsm95:
/var/tmp/fcpFAAa19176:
   vdsmap:
/var/tmp/fcpFAAa19176:
   vdstch:
/var/tmp/fcpFAAa19176:
   vdtan:
/var/tmp/fcpFAAa19176:
   vdwsdx:
/var/tmp/fcpFAAa19176:
   vdwsmr:
/var/tmp/fcpFAAa19176:
   vdxyzt:
/var/tmp/fcpFAAa19176:
   vhinit:
/var/tmp/fcpFAAa19176:
   vhotin:
/var/tmp/fcpFAAa19176:
   vinijo:
/var/tmp/fcpFAAa19176:
   viniru:
/var/tmp/fcpFAAa19176:
   vlcpos:
/var/tmp/fcpFAAa19176:
   vmgcrl:
/var/tmp/fcpFAAa19176:
   vmkr90:
/var/tmp/fcpFAAa19176:
   vmkr95:
/var/tmp/fcpFAAa19176:
   vpreda:
/var/tmp/fcpFAAa19176:
   vprpot:
/var/tmp/fcpFAAa19176:
   vprsum:
/var/tmp/fcpFAAa19176:
   vreclt:
/var/tmp/fcpFAAa19176:
   vreclu:
/var/tmp/fcpFAAa19176:
   vsepar:
/var/tmp/fcpFAAa19176:
   vseplt:
/var/tmp/fcpFAAa19176:
   vslowc:
/var/tmp/fcpFAAa19176:
   vspxyz:
/var/tmp/fcpFAAa19176:
   vstrim:
/var/tmp/fcpFAAa19176:
   vtrsup:
/var/tmp/fcpFAAa19176:
   vtrurl:
/var/tmp/fcpFAAa19176:
   vumctr:
/var/tmp/fcpFAAa19403:
   vaddia:
/var/tmp/fcpFAAa19403:
   vdblht:
/var/tmp/fcpFAAa19403:
   vfndil:
/var/tmp/fcpFAAa19403:
   vftall:
/var/tmp/fcpFAAa19403:
   vgbran:
/var/tmp/fcpFAAa19403:
   vgbrut:
/var/tmp/fcpFAAa19403:
   vgcmbv:
/var/tmp/fcpFAAa19403:
   vgcomp:
/var/tmp/fcpFAAa19403:
   vgfevt:
/var/tmp/fcpFAAa19403:
   vginit:
/var/tmp/fcpFAAa19403:
   vglink:
/var/tmp/fcpFAAa19403:
   vglob:
/var/tmp/fcpFAAa19403:
   vgnevt:
/var/tmp/fcpFAAa19403:
   vgsolv:
/var/tmp/fcpFAAa19403:
   vgstor:
/var/tmp/fcpFAAa19403:
   vgtcut:
/var/tmp/fcpFAAa19403:
   vherr:
/var/tmp/fcpFAAa19403:
   vhitid:
/var/tmp/fcpFAAa19403:
   vhmap:
/var/tmp/fcpFAAa19403:
   vhupck:
/var/tmp/fcpFAAa19403:
   vhuprm:
/var/tmp/fcpFAAa19403:
   vkaerr:
/var/tmp/fcpFAAa19403:
   vm1trk:
/var/tmp/fcpFAAa19403:
   vmchip:
/var/tmp/fcpFAAa19403:
   vmchis:
/var/tmp/fcpFAAa19403:
   vmclld:
/var/tmp/fcpFAAa19403:
   vmover:
/var/tmp/fcpFAAa19403:
   vmupdt:
/var/tmp/fcpFAAa19403:
   vpksln:
/var/tmp/fcpFAAa19403:
   vsltrk:
/var/tmp/fcpFAAa19403:
   vterex:
/var/tmp/fcpFAAa19525:
   wcal:
/var/tmp/fcpFAAa19525:
   wirjul:
/var/tmp/fcpFAAa19532:
   xptenb:
/var/tmp/fcpFAAa19532:
   xtcncr:
/var/tmp/fcpFAAa19546:
   yfbook:
/var/tmp/fcpFAAa19546:
   yfhist:
/var/tmp/fcpFAAa19546:
   yfijob:
/var/tmp/fcpFAAa19546:
   yfmain:
/var/tmp/fcpFAAa19546:
   yfvert:
/var/tmp/fcpFAAa19546:
   yinijo:
/var/tmp/fcpFAAa19546:
   yiniru:
/var/tmp/fcpFAAa19546:
   ykffit:
/var/tmp/fcpFAAa19546:
   ykinit:
/var/tmp/fcpFAAa19546:
   ykldc:
/var/tmp/fcpFAAa19546:
   yknem2:
/var/tmp/fcpFAAa19546:
   yksfit:
/var/tmp/fcpFAAa19546:
   yksrch:
/var/tmp/fcpFAAa19546:
   ykvdet:
/var/tmp/fcpFAAa19546:
   ymfv0s:
/var/tmp/fcpFAAa19546:
   yprpot:
/var/tmp/fcpFAAa19546:
   yprsum:
/var/tmp/fcpFAAa19546:
   ytbook:
/var/tmp/fcpFAAa19546:
   ythist:
/var/tmp/fcpFAAa19546:
   ytirun:
/var/tmp/fcpFAAa19546:
   yv0sum:
/var/tmp/fcpFAAa19546:
   yvbook:
/var/tmp/fcpFAAa19546:
   yvhist:
/var/tmp/fcpFAAa19546:
   yvijob:
/var/tmp/fcpFAAa19546:
   yybook:
/var/tmp/fcpFAAa19546:
   yyhist:
