../CORR/aboldr.f:
../CORR/btag_fit.f:
../CORR/btag_par.f:
../CORR/ccbmes.f:
../CORR/checkq.f:
../CORR/dmin3d.f:
../CORR/endch.f:
../CORR/fbbar.f:
../CORR/fbhad.f:
../CORR/fbqua.f:
../CORR/fcbar.f:
../CORR/fchad.f:
../CORR/fcqua.f:
../CORR/fhqua.f:
../CORR/fhvfl.f:
../CORR/finddmin.f:
../CORR/fixgaen.f:
../CORR/fqqua.f:
../CORR/ihqua.f:
../CORR/ilqua.f:
../CORR/isp.f:
../CORR/jmbest.f:
../CORR/julmatch.f:
../CORR/kbestm.f:
../CORR/kpcomp.f:
../CORR/mdstrd.f:
../CORR/mdstwr.f:
../CORR/minfrf.f:
../CORR/mintra.f:
../CORR/qadati.f:
../CORR/qdata.f:
../CORR/qfcadd.f:
../CORR/qfgamp.f:
../CORR/qfget_bp.f:
../CORR/qfmcpa.f:
../CORR/qgtaof.f:
../CORR/qhmost.f:
../CORR/qipbtag.f:
../CORR/qminit.f:
../CORR/qmnewr.f:
../CORR/qmrdsb.f:
../CORR/qmterm.f:
../CORR/qtimez.f:
../CORR/qtruth.f:
../CORR/qvtruh.f:
../CORR/qwtime.f:
../CORR/tcross.f:
../CORR/trsel.f:
../CORR/trsel2.f:
