../aboldr.f:
../addvec.f:
../badtrk.f:
../bkini.f:
../bldpeco.f:
../btag_fit.f:
../btag_par.f:
../btagev.f:
../btagtr.f:
../btou.f:
../btvdhits.f:
../buildal.f:
../cal92.f:
../calinit.f:
../calyear.f:
../ccbmes.f:
../charad.f:
../checkq.f:
../chiscom.f:
../chiv0.f:
../chtsim.f:
../coranew.f:
../coraol2.f:
../coraold.f:
../cqpart.f:
../cqtpn.f:
../creflw.f:
../crefol.f:
../decos.f:
../dectrg.f:
../deriv.f:
../dlocks.f:
../dmin2d.f:
../dmin3d.f:
../dminerr.f:
../dminf.f:
../dminf2.f:
../dmins.f:
../dmins2.f:
../dzzz.f:
../ecgati.f:
../endch.f:
../enfjet.f:
../enflw.f:
../enfwlist.f:
../extrhc.f:
../fbbar.f:
../fbhad.f:
../fbqua.f:
../fcbar.f:
../fchad.f:
../fcqua.f:
../fhqua.f:
../fhvfl.f:
../finddmin.f:
../findip.f:
../fit_dmin.f:
../fixalpb.f:
../fixgaen.f:
../fixpart.f:
../fixpcrl.f:
../fixpeco.f:
../fixrtrl.f:
../fqqua.f:
../gamixed.f:
../gamread.f:
../gen.f:
../getjuv.f:
../getnav.f:
../goodmod.f:
../gtyear.f:
../ibfunc.f:
../ibre.f:
../ichefw.f:
../iddedx.f:
../idelec.f:
../idmuon.f:
../ihqua.f:
../ilqua.f:
../infoga.f:
../invalid.f:
../iptrk.f:
../isp.f:
../jetclu.f:
../jeterr.f:
../jmbest.f:
../julmatch.f:
../kalpha.f:
../kbestm.f:
../kcanti.f:
../kcdir.f:
../kcdira.f:
../kcht.f:
../kfpadr.f:
../kglund.f:
../kidsav.f:
../kinefit.f:
../kljtno.f:
../kmccod.f:
../kmlept.f:
../kpart.f:
../kpartx.f:
../kpcomp.f:
../kpdir.f:
../kpdira.f:
../kscnew.f:
../kscold.f:
../ksister.f:
../ktlor.f:
../ktlor1.f:
../ktlorx.f:
../kvfita.f:
../kvfitc.f:
../kvfitm.f:
../kvfitn.f:
../kvfitv.f:
../kvftmc.f:
../kvgood.f:
../kvnew.f:
../kvsava.f:
../kvsavc.f:
../kvsave.f:
../lkform.f:
../llumok.f:
../looses.f:
../lumiad.f:
../lumica.f:
../lumimod.f:
../make2d.f:
../mcmatch.f:
../mdipbt.f:
../mdstrd.f:
../mdstwr.f:
../mdwrip.f:
../mmuidf.f:
../naddx.f:
../naddxm.f:
../nairfd.f:
../nanfil.f:
../newtonit.f:
../ngput.f:
../nrebyt.f:
../nreeje.f:
../nreeob.f:
../nrefki.f:
../nrefrf.f:
../nrefrt.f:
../nregoo.f:
../nrelep.f:
../nrepar.f:
../nrepgp.f:
../nrepte.f:
../nrepye.f:
../nreyv0.f:
../nvsrch.f:
../nvstva.f:
../parset.f:
../partid.f:
../pi0deb.f:
../pi0lim.f:
../pmove.f:
../presel.f:
../qadati.f:
../qadau.f:
../qainta.f:
../qamoth.f:
../qapnam.f:
../qbeamx.f:
../qbomev.f:
../qbomru.f:
../qbook1.f:
../qbook2.f:
../qbookn.f:
../qbookr.f:
../qbprof.f:
../qcabsa.f:
../qcaf4c.f:
../qcpmod.f:
../qcpnew.f:
../qcptra.f:
../qdata.f:
../qdeca2.f:
../qdecan.f:
../qdedx.f:
../qdedxk.f:
../qdedxm.f:
../qdmmcl.f:
../qedirupd.f:
../qefrtr.f:
../qethph.f:
../qextra.f:
../qfbitm.f:
../qfcadd.f:
../qfcald.f:
../qfcasc.f:
../qfchgd.f:
../qfcobj.f:
../qfcoeq.f:
../qfcoer.f:
../qfcomp.f:
../qfcrel.f:
../qfecal.f:
../qfecwd.f:
../qfecwm.f:
../qfeflo.f:
../qfgamp.f:
../qfget_bp.f:
../qfhcal.f:
../qfhead.f:
../qfilbp.f:
../qfill.f:
../qfilmc.f:
../qfjets.f:
../qflept.f:
../qfljet.f:
../qfmcbm.f:
../qfmcmd.f:
../qfmcpa.f:
../qfmcst.f:
../qfmcvx.f:
../qfmmcl.f:
../qfmtch.f:
../qfndin.f:
../qfndip.f:
../qfndv0.f:
../qfneob.f:
../qfpmsc.f:
../qfrev0.f:
../qgfoxw.f:
../qgjmmc.f:
../qglucl.f:
../qgmdcl.f:
../qgmmcl.f:
../qgptcl.f:
../qgsphe.f:
../qgtens.f:
../qgthru.f:
../qhfn.f:
../qhfnr.f:
../qhfr.f:
../qhmost.f:
../qhnewr.f:
../qhvsta.f:
../qidv0.f:
../qipbtag.f:
../qipbtcpu.f:
../qjaddp.f:
../qjeig.f:
../qjfoxw.f:
../qjhemi.f:
../qjlucl.f:
../qjmdcl.f:
../qjmiss.f:
../qjmmcl.f:
../qjoptm.f:
../qjoptr.f:
../qjptcl.f:
../qjsave.f:
../qjset0.f:
../qjset1.f:
../qjsetu.f:
../qjsphe.f:
../qjtens.f:
../qjthru.f:
../qkblok.f:
../qlcomp.f:
../qlevnt.f:
../qlinit.f:
../qlitk.f:
../qliupd.f:
../qlock.f:
../qlock2.f:
../qlrev.f:
../qlrev2.f:
../qlterm.f:
../qltrk.f:
../qluitk.f:
../qlutrk.f:
../qlzer.f:
../qlzer2.f:
../qmain.f:
../qmalph.f:
../qmasv0.f:
../qmbank.f:
../qmcard.f:
../qmchi2.f:
../qmclr.f:
../qmdbas.f:
../qmdiff.f:
../qmevnt.f:
../qmihis.f:
../qminit.f:
../qmnami.f:
../qmnewr.f:
../qmpart.f:
../qmrdsb.f:
../qmread.f:
../qmsrec.f:
../qmterm.f:
../qmthru.f:
../qmuido.f:
../qmunew.f:
../qnevnt.f:
../qninfo.f:
../qninit.f:
../qnnewr.f:
../qnterm.f:
../qpadx.f:
../qpairf.f:
../qpchar.f:
../qpi0bk.f:
../qpi0do.f:
../qplife.f:
../qpmass.f:
../qppmma.f:
../qpvmcd.f:
../qpvmen.f:
../qpvmes.f:
../qpvmex.f:
../qpvmgt.f:
../qpvmim.f:
../qpvmis.f:
../qpvmof.f:
../qpvmte.f:
../qpvmti.f:
../qpvmwr.f:
../qpwidt.f:
../qsbank.f:
../qselep.f:
../qstfli.f:
../qstflr.f:
../qsustr.f:
../qsusvx.f:
../qtclas.f:
../qtimez.f:
../qtruth.f:
../qudppl.f:
../queflo.f:
../quevnt.f:
../quhcrg.f:
../quhnoi.f:
../quibos.f:
../quihis.f:
../quinit.f:
../qumupr.f:
../qunewr.f:
../quopen.f:
../qupec1.f:
../quphco.f:
../quphdp.f:
../quphpl.f:
../quphtr.f:
../qurhnt.f:
../qurhtr.f:
../qusrec.f:
../quterm.f:
../quthis.f:
../qutwmx.f:
../qv0chk.f:
../qvadd2.f:
../qvadd3.f:
../qvadd4.f:
../qvaddn.f:
../qvcopy.f:
../qvcros.f:
../qvdhit.f:
../qvdroa.f:
../qvdrop.f:
../qvget3.f:
../qvget4.f:
../qvgets.f:
../qvsavx.f:
../qvscal.f:
../qvset3.f:
../qvset4.f:
../qvsetc.f:
../qvsetm.f:
../qvsets.f:
../qvsgtk.f:
../qvsgtk0.f:
../qvsgtk1.f:
../qvsgtk2.f:
../qvsgtl0.f:
../qvsgtl1.f:
../qvsimp.f:
../qvsjet.f:
../qvsmis.f:
../qvspvx.f:
../qvsrch.f:
../qvstkj.f:
../qvstkp.f:
../qvstkv.f:
../qvstkw.f:
../qvstva.f:
../qvsub.f:
../qvsvtx.f:
../qvswbk.f:
../qvsxzb.f:
../qvsz0b.f:
../qvzero.f:
../qwclas.f:
../qwerrc.f:
../qwevnt.f:
../qwfile.f:
../qwhead.f:
../qwhful.f:
../qwitk.f:
../qwivx.f:
../qwmese.f:
../qwmess.f:
../qwpars.f:
../qwpart.f:
../qwrite.f:
../qwrunr.f:
../qwsec.f:
../qwsumm.f:
../qwsynt.f:
../qwtime.f:
../qwtree.f:
../qyfit.f:
../qyfitc.f:
../qyfitv.f:
../qyftmc.f:
../rebuild.f:
../relkhc.f:
../sicamod.f:
../slumok.f:
../tcross.f:
../tmove.f:
../tparset.f:
../trot.f:
../trsel.f:
../trsel2.f:
../txkod.f:
../txline.f:
../txtree.f:
../txwclo.f:
../txwhea.f:
../v0dkpt.f:
../v0kine.f:
../v0sum.f:
../v0tpar.f:
../vdhitmatch.f:
../vdhmatch.f:
../x1disc.f:
../xceqan.f:
../xfmcbp.f:
../xlslum.f:
../xlumok.f:
../xpeqan.f:
../xpeqor.f:
../xpequ.f:
../xptenb.f:
../xt0syn.f:
../xvdeok.f:
../xxp0f1.f:
../yvscm2.f:
../yvslf1.f:
../yvslf2.f:
../yvslfl.f:
../yvsml1.f:
../yvsml2.f:
../yvspar.f:
../yvspr2.f:
../yvsprm.f:
../yvspve.f:
../yvsrmi.f:
../yvsrmj.f:
../yvsrom.f:
../yvsrti.f:
../yvsrtj.f:
../yvstke.f:
../yvstp0.f:
../yvstri.f:
../yvstrj.f:
../yvsvje.f:
../yvswim.f:
../yvsxzb.f:
../yvsxzj.f:
../yvszvc.f:
