../enfl/buildal.F: In subroutine `buildal':
../enfl/buildal.F:84: warning:
         CALL vzero(newefol(1),200)
              1
../enfl/buildal.F:209: (continued):
         CALL vzero(ehcal(1), 200)
              2
Argument #1 of `vzero' is one type at (2) but is some other type at (1) [info -f g77 M GLOBALS]
../enfl/buildal.F:84: warning:
         CALL vzero(newefol(1),200)
              1
../enfl/buildal.F:211: (continued):
         CALL vzero(elrtr(1), 200)
              2
Argument #1 of `vzero' is one type at (2) but is some other type at (1) [info -f g77 M GLOBALS]
../enfl/buildal.F:84: warning:
         CALL vzero(newefol(1),200)
              1
../enfl/buildal.F:212: (continued):
         CALL vzero(elrlg(1), 200)
              2
Argument #1 of `vzero' is one type at (2) but is some other type at (1) [info -f g77 M GLOBALS]
../enfl/buildal.F:84: warning:
         CALL vzero(newefol(1),200)
              1
../enfl/buildal.F:213: (continued):
         CALL vzero(dzero(1), 200)
              2
Argument #1 of `vzero' is one type at (2) but is some other type at (1) [info -f g77 M GLOBALS]
../enfl/buildal.F:84: warning:
         CALL vzero(newefol(1),200)
              1
../enfl/buildal.F:214: (continued):
         CALL vzero(yxmult(1), 200)
              2
Argument #1 of `vzero' is one type at (2) but is some other type at (1) [info -f g77 M GLOBALS]
../enfl/buildal.F:84: warning:
         CALL vzero(newefol(1),200)
              1
../enfl/buildal.F:215: (continued):
         CALL vzero(yrapp (1), 200)
              2
Argument #1 of `vzero' is one type at (2) but is some other type at (1) [info -f g77 M GLOBALS]
../enfl/buildal.F:84: warning:
         CALL vzero(newefol(1),200)
              1
../enfl/buildal.F:216: (continued):
         CALL vzero(yang  (1), 200)
              2
Argument #1 of `vzero' is one type at (2) but is some other type at (1) [info -f g77 M GLOBALS]
../enfl/buildal.F:84: warning:
         CALL vzero(newefol(1),200)
              1
../enfl/buildal.F:217: (continued):
         CALL vzero(ysudnt(1), 200)
              2
Argument #1 of `vzero' is one type at (2) but is some other type at (1) [info -f g77 M GLOBALS]
../enfl/buildal.F:84: warning:
         CALL vzero(newefol(1),200)
              1
../enfl/buildal.F:274: (continued):
         CALL vzero(enechq(1),5)
              2
Argument #1 of `vzero' is one type at (2) but is some other type at (1) [info -f g77 M GLOBALS]
../enfl/gamixed.F: In subroutine `gamixed':
../enfl/gamixed.F:49: warning:
         CALL vzero(kag(1),200)
              1
../enfl/gamixed.F:73: (continued):
           CALL vzero(henejj(1),maxc)
                2
Argument #1 of `vzero' is one type at (2) but is some other type at (1) [info -f g77 M GLOBALS]
../enfl/gamixed.F:49: warning:
         CALL vzero(kag(1),200)
              1
../enfl/gamixed.F:74: (continued):
           CALL vzero(evecjj(1,1),4*maxc)
                2
Argument #1 of `vzero' is one type at (2) but is some other type at (1) [info -f g77 M GLOBALS]
../enfl/gamixed.F:49: warning:
         CALL vzero(kag(1),200)
              1
../enfl/gamixed.F:307: (continued):
           CALL vzero(ephot(1),7)
                2
Argument #1 of `vzero' is one type at (2) but is some other type at (1) [info -f g77 M GLOBALS]
../enfl/gamixed.F:49: warning:
         CALL vzero(kag(1),200)
              1
../enfl/gamixed.F:308: (continued):
           CALL vzero(eremn(1),7)
                2
Argument #1 of `vzero' is one type at (2) but is some other type at (1) [info -f g77 M GLOBALS]
../enfl/gamixed.F:49: warning:
         CALL vzero(kag(1),200)
              1
../enfl/gamixed.F:547: (continued):
             CALL vzero( vec(1) , 4 )
                  2
Argument #1 of `vzero' is one type at (2) but is some other type at (1) [info -f g77 M GLOBALS]
../enfl/mdstrd.F: In subroutine `mdstrd':
../enfl/mdstrd.F:213: warning:
         CALL vzero(idtflg(1),200)
              1
../enfl/mdstrd.F:214: (continued):
         CALL vzero(enechq(1),5)
              2
Argument #1 of `vzero' is one type at (2) but is some other type at (1) [info -f g77 M GLOBALS]
../enfl/mdstrd.F:213: warning:
         CALL vzero(idtflg(1),200)
              1
../enfl/mdstrd.F:381: (continued):
         CALL vzero(ehcal(1), 200)
              2
Argument #1 of `vzero' is one type at (2) but is some other type at (1) [info -f g77 M GLOBALS]
../enfl/mdstrd.F:213: warning:
         CALL vzero(idtflg(1),200)
              1
../enfl/mdstrd.F:383: (continued):
         CALL vzero(elrtr(1), 200)
              2
Argument #1 of `vzero' is one type at (2) but is some other type at (1) [info -f g77 M GLOBALS]
../enfl/mdstrd.F:213: warning:
         CALL vzero(idtflg(1),200)
              1
../enfl/mdstrd.F:384: (continued):
         CALL vzero(elrlg(1), 200)
              2
Argument #1 of `vzero' is one type at (2) but is some other type at (1) [info -f g77 M GLOBALS]
../enfl/mdstrd.F:213: warning:
         CALL vzero(idtflg(1),200)
              1
../enfl/mdstrd.F:400: (continued):
         CALL vzero(dzero(1),200)
              2
Argument #1 of `vzero' is one type at (2) but is some other type at (1) [info -f g77 M GLOBALS]
../enfl/partid.F: In subroutine `partid':
../enfl/partid.F:22: warning:
         CALL vzero(itkflg(1),mxtrk)
              1
../enfl/partid.F:26: (continued):
         CALL vzero(delt(1),mxtrk)
              2
Argument #1 of `vzero' is one type at (2) but is some other type at (1) [info -f g77 M GLOBALS]
../enfl/partid.F:22: warning:
         CALL vzero(itkflg(1),mxtrk)
              1
../enfl/partid.F:27: (continued):
         CALL vzero(pexhca(1,1),3*mxtrk)
              2
Argument #1 of `vzero' is one type at (2) but is some other type at (1) [info -f g77 M GLOBALS]
../enfl/partid.F:22: warning:
         CALL vzero(itkflg(1),mxtrk)
              1
../enfl/partid.F:30: (continued):
         CALL vzero(enmuon(1),mxtrk)
              2
Argument #1 of `vzero' is one type at (2) but is some other type at (1) [info -f g77 M GLOBALS]
../enfl/partid.F:22: warning:
         CALL vzero(itkflg(1),mxtrk)
              1
../enfl/partid.F:32: (continued):
         CALL vzero(enelec(1),mxtrk)
              2
Argument #1 of `vzero' is one type at (2) but is some other type at (1) [info -f g77 M GLOBALS]
../enfl/partid.F:22: warning:
         CALL vzero(itkflg(1),mxtrk)
              1
../enfl/partid.F:33: (continued):
         CALL vzero(pcelec(1),mxtrk)
              2
Argument #1 of `vzero' is one type at (2) but is some other type at (1) [info -f g77 M GLOBALS]
../enfl/partid.F:22: warning:
         CALL vzero(itkflg(1),mxtrk)
              1
../enfl/partid.F:37: (continued):
         CALL vzero(umhcal(1),mxtrk)
              2
Argument #1 of `vzero' is one type at (2) but is some other type at (1) [info -f g77 M GLOBALS]
../enfl/partid.F:22: warning:
         CALL vzero(itkflg(1),mxtrk)
              1
../enfl/partid.F:39: (continued):
         CALL vzero(elrt(1),mxtrk)
              2
Argument #1 of `vzero' is one type at (2) but is some other type at (1) [info -f g77 M GLOBALS]
../enfl/partid.F:22: warning:
         CALL vzero(itkflg(1),mxtrk)
              1
../enfl/partid.F:40: (continued):
         CALL vzero(elrl(1),mxtrk)
              2
Argument #1 of `vzero' is one type at (2) but is some other type at (1) [info -f g77 M GLOBALS]
../enfl/partid.F:22: warning:
         CALL vzero(itkflg(1),mxtrk)
              1
../enfl/partid.F:41: (continued):
         CALL vzero(xxmult(1), mxtrk)
              2
Argument #1 of `vzero' is one type at (2) but is some other type at (1) [info -f g77 M GLOBALS]
../enfl/partid.F:22: warning:
         CALL vzero(itkflg(1),mxtrk)
              1
../enfl/partid.F:42: (continued):
         CALL vzero(xrapp (1), mxtrk)
              2
Argument #1 of `vzero' is one type at (2) but is some other type at (1) [info -f g77 M GLOBALS]
../enfl/partid.F:22: warning:
         CALL vzero(itkflg(1),mxtrk)
              1
../enfl/partid.F:43: (continued):
         CALL vzero(xang  (1), mxtrk)
              2
Argument #1 of `vzero' is one type at (2) but is some other type at (1) [info -f g77 M GLOBALS]
../enfl/partid.F:22: warning:
         CALL vzero(itkflg(1),mxtrk)
              1
../enfl/partid.F:44: (continued):
         CALL vzero(xsudnt(1), mxtrk)
              2
Argument #1 of `vzero' is one type at (2) but is some other type at (1) [info -f g77 M GLOBALS]
../enfl/presel.F: In subroutine `presel':
../enfl/presel.F:26: warning:
         CALL vzero(resfac(1),mxtrk)
              1
../enfl/presel.F:27: (continued):
         CALL vzero(itkres(1),mxtrk)
              2
Argument #1 of `vzero' is one type at (2) but is some other type at (1) [info -f g77 M GLOBALS]
../enfl/preselfw.F: In subroutine `preselfw':
../enfl/preselfw.F:26: warning:
         CALL vzero(resfac(1),mxtrk)
              1
../enfl/preselfw.F:27: (continued):
         CALL vzero(itkres(1),mxtrk)
              2
Argument #1 of `vzero' is one type at (2) but is some other type at (1) [info -f g77 M GLOBALS]
../enfl/qhmost.F: In subroutine `qhmost':
../enfl/qhmost.F:44: warning:
         CALL VZERO(NTOW,NPHCO)
              1
../enfl/qhmost.F:46: (continued):
         CALL VZERO(ETOW,NARRAY)
              2
Argument #1 of `vzero' is one type at (2) but is some other type at (1) [info -f g77 M GLOBALS]
../enfl/rebuild.F: In subroutine `rebuild':
../enfl/rebuild.F:21: warning:
         CALL vzero(itkflg(1),mxtrk)
              1
../enfl/rebuild.F:26: (continued):
         CALL vzero(umhcal(1),mxtrk)
              2
Argument #1 of `vzero' is one type at (2) but is some other type at (1) [info -f g77 M GLOBALS]
../enfl/rebuild.F:21: warning:
         CALL vzero(itkflg(1),mxtrk)
              1
../enfl/rebuild.F:28: (continued):
         CALL vzero(elrt(1),mxtrk)
              2
Argument #1 of `vzero' is one type at (2) but is some other type at (1) [info -f g77 M GLOBALS]
../enfl/rebuild.F:21: warning:
         CALL vzero(itkflg(1),mxtrk)
              1
../enfl/rebuild.F:29: (continued):
         CALL vzero(elrl(1),mxtrk)
              2
Argument #1 of `vzero' is one type at (2) but is some other type at (1) [info -f g77 M GLOBALS]
../enfl/rebuild.F:21: warning:
         CALL vzero(itkflg(1),mxtrk)
              1
../enfl/rebuild.F:30: (continued):
         CALL vzero(xxmult(1), mxtrk)
              2
Argument #1 of `vzero' is one type at (2) but is some other type at (1) [info -f g77 M GLOBALS]
../enfl/rebuild.F:21: warning:
         CALL vzero(itkflg(1),mxtrk)
              1
../enfl/rebuild.F:31: (continued):
         CALL vzero(xrapp (1), mxtrk)
              2
Argument #1 of `vzero' is one type at (2) but is some other type at (1) [info -f g77 M GLOBALS]
../enfl/rebuild.F:21: warning:
         CALL vzero(itkflg(1),mxtrk)
              1
../enfl/rebuild.F:32: (continued):
         CALL vzero(xang  (1), mxtrk)
              2
Argument #1 of `vzero' is one type at (2) but is some other type at (1) [info -f g77 M GLOBALS]
../enfl/rebuild.F:21: warning:
         CALL vzero(itkflg(1),mxtrk)
              1
../enfl/rebuild.F:33: (continued):
         CALL vzero(xsudnt(1), mxtrk)
              2
Argument #1 of `vzero' is one type at (2) but is some other type at (1) [info -f g77 M GLOBALS]
../mini/minmon.F: In subroutine `minmon':
../mini/minmon.F:48: warning:
            IBANK = IUCOMP(INTCHA(NAME),BANK,LBANK)
                    1
../mini/minmon.F:97: (continued):
         IEVEH = IUCOMP('EVEH',BANK,LBANK)
                 2
Argument #1 of `iucomp' is one type at (2) but is some other type at (1) [info -f g77 M GLOBALS]
../mini/minmon.F:119: warning:
         CALL VZERO(SUMRY,6)
              1
../mini/minmon.F:151: (continued):
         CALL VZERO(BANK,MAXBNK)
              2
Argument #1 of `vzero' is one type at (2) but is some other type at (1) [info -f g77 M GLOBALS]
../mini/minmon.F:119: warning:
         CALL VZERO(SUMRY,6)
              1
../mini/minmon.F:152: (continued):
         CALL VZERO(ISUM(1,0,0),MAXBNK*4*2)
              2
Argument #1 of `vzero' is one type at (2) but is some other type at (1) [info -f g77 M GLOBALS]
../mini/minyv0.F: In subroutine `minyv0':
../mini/minyv0.F:132: warning:
               CALL UCOPY(IW(KROW(KYV0V,I)+1),IW(KROW(KYV0V,IYV0V)+1),2)
                    1
../mini/minyv0.F:166: (continued):
            CALL UCOPY(VERT,RW(KROW(KYV0V,I)+JYV0VX),3)
                 2
Argument #1 of `ucopy' is one type at (2) but is some other type at (1) [info -f g77 M GLOBALS]
../mini/minyv0.F:132: warning:
               CALL UCOPY(IW(KROW(KYV0V,I)+1),IW(KROW(KYV0V,IYV0V)+1),2)
                    1
../mini/minyv0.F:166: (continued):
            CALL UCOPY(VERT,RW(KROW(KYV0V,I)+JYV0VX),3)
                 2
Argument #2 of `ucopy' is one type at (2) but is some other type at (1) [info -f g77 M GLOBALS]
../mini/minyv0.F:132: warning:
               CALL UCOPY(IW(KROW(KYV0V,I)+1),IW(KROW(KYV0V,IYV0V)+1),2)
                    1
../mini/minyv0.F:173: (continued):
            CALL UCOPY(PV0,RW(KROW(KYV0V,I)+JYV0PX),3)
                 2
Argument #1 of `ucopy' is one type at (2) but is some other type at (1) [info -f g77 M GLOBALS]
../mini/minyv0.F:132: warning:
               CALL UCOPY(IW(KROW(KYV0V,I)+1),IW(KROW(KYV0V,IYV0V)+1),2)
                    1
../mini/minyv0.F:173: (continued):
            CALL UCOPY(PV0,RW(KROW(KYV0V,I)+JYV0PX),3)
                 2
Argument #2 of `ucopy' is one type at (2) but is some other type at (1) [info -f g77 M GLOBALS]
../mini/minyv0.F:132: warning:
               CALL UCOPY(IW(KROW(KYV0V,I)+1),IW(KROW(KYV0V,IYV0V)+1),2)
                    1
../mini/minyv0.F:187: (continued):
            CALL UCOPY(PV1,RW(KROW(KYV0V,I)+JYV0P1),3)
                 2
Argument #1 of `ucopy' is one type at (2) but is some other type at (1) [info -f g77 M GLOBALS]
../mini/minyv0.F:132: warning:
               CALL UCOPY(IW(KROW(KYV0V,I)+1),IW(KROW(KYV0V,IYV0V)+1),2)
                    1
../mini/minyv0.F:187: (continued):
            CALL UCOPY(PV1,RW(KROW(KYV0V,I)+JYV0P1),3)
                 2
Argument #2 of `ucopy' is one type at (2) but is some other type at (1) [info -f g77 M GLOBALS]
../mini/minyv0.F:132: warning:
               CALL UCOPY(IW(KROW(KYV0V,I)+1),IW(KROW(KYV0V,IYV0V)+1),2)
                    1
../mini/minyv0.F:188: (continued):
            CALL UCOPY(PV2,RW(KROW(KYV0V,I)+JYV0P2),3)
                 2
Argument #1 of `ucopy' is one type at (2) but is some other type at (1) [info -f g77 M GLOBALS]
../mini/minyv0.F:132: warning:
               CALL UCOPY(IW(KROW(KYV0V,I)+1),IW(KROW(KYV0V,IYV0V)+1),2)
                    1
../mini/minyv0.F:188: (continued):
            CALL UCOPY(PV2,RW(KROW(KYV0V,I)+JYV0P2),3)
                 2
Argument #2 of `ucopy' is one type at (2) but is some other type at (1) [info -f g77 M GLOBALS]
../nano/nrefki.F: In subroutine `nrefki':
../nano/nrefki.F:172: warning:
         CALL VZERO(RW(KOITMA+3),(IW(KOITMA+1)*IW(KOITMA+2)))
              1
../nano/nrefki.F:177: (continued):
         CALL VZERO(IARR,2400)
              2
Argument #1 of `vzero' is one type at (2) but is some other type at (1) [info -f g77 M GLOBALS]
../nano/nrefki.F:172: warning:
         CALL VZERO(RW(KOITMA+3),(IW(KOITMA+1)*IW(KOITMA+2)))
              1
../nano/nrefki.F:179: (continued):
         CALL VZERO(INARR,2400)
              2
Argument #1 of `vzero' is one type at (2) but is some other type at (1) [info -f g77 M GLOBALS]
../nano/nrefki.F:172: warning:
         CALL VZERO(RW(KOITMA+3),(IW(KOITMA+1)*IW(KOITMA+2)))
              1
../nano/nrefki.F:181: (continued):
         CALL VZERO(IVERAR,600)
              2
Argument #1 of `vzero' is one type at (2) but is some other type at (1) [info -f g77 M GLOBALS]
../nano/nrefki.F:172: warning:
         CALL VZERO(RW(KOITMA+3),(IW(KOITMA+1)*IW(KOITMA+2)))
              1
../nano/nrefki.F:183: (continued):
         CALL VZERO(IMTCH,1200)
              2
Argument #1 of `vzero' is one type at (2) but is some other type at (1) [info -f g77 M GLOBALS]
../nano/nrefki.F:172: warning:
         CALL VZERO(RW(KOITMA+3),(IW(KOITMA+1)*IW(KOITMA+2)))
              1
../nano/nrefki.F:184: (continued):
         CALL VZERO(ITCH,1200)
              2
Argument #1 of `vzero' is one type at (2) but is some other type at (1) [info -f g77 M GLOBALS]
../nano/nrefki.F:172: warning:
         CALL VZERO(RW(KOITMA+3),(IW(KOITMA+1)*IW(KOITMA+2)))
              1
../nano/nrefki.F:185: (continued):
         CALL VZERO(ISORT,1200)
              2
Argument #1 of `vzero' is one type at (2) but is some other type at (1) [info -f g77 M GLOBALS]
../pack/qdotpxs.F: In subroutine `qdotpxs':
../pack/qdotpxs.F:148: warning:
           CALL VZERO(NCLST(1),LTSECT)
                1
../pack/qdotpxs.F:149: (continued):
           CALL VZERO(XCLST(1),LTSECT)
                2
Argument #1 of `vzero' is one type at (2) but is some other type at (1) [info -f g77 M GLOBALS]
../pack/qdotpxs.F:148: warning:
           CALL VZERO(NCLST(1),LTSECT)
                1
../pack/qdotpxs.F:150: (continued):
           CALL VZERO(SZLST(1),LTSECT)
                2
Argument #1 of `vzero' is one type at (2) but is some other type at (1) [info -f g77 M GLOBALS]
../pack/qdotpxs.F:148: warning:
           CALL VZERO(NCLST(1),LTSECT)
                1
../pack/qdotpxs.F:151: (continued):
           CALL VZERO(SPLST(1),LTSECT)
                2
Argument #1 of `vzero' is one type at (2) but is some other type at (1) [info -f g77 M GLOBALS]
../pack/qdotpxs.F:148: warning:
           CALL VZERO(NCLST(1),LTSECT)
                1
../pack/qdotpxs.F:152: (continued):
           CALL VZERO(SLLST(1),LTSECT)
                2
Argument #1 of `vzero' is one type at (2) but is some other type at (1) [info -f g77 M GLOBALS]
../pack/qextra.F: In subroutine `qextra':
../pack/qextra.F:29: warning:
         CALL VZERO ( XTRAP,9  )
              1
../pack/qextra.F:31: (continued):
         CALL VZERO ( IFIR ,3  )
              2
Argument #1 of `vzero' is one type at (2) but is some other type at (1) [info -f g77 M GLOBALS]
../pack/qmrdsb.F: In subroutine `qmrdsb':
../pack/qmrdsb.F:96: warning:
         CALL ABRUEV (KRUN, KEVT)
              1
../pack/qmrdsb.F:139: (continued):
         CALL ABRUEV (I, DUMMY)
              2
Argument #2 of `abruev' is one type at (2) but is some other type at (1) [info -f g77 M GLOBALS]
../qpi0/qpi0do.F: In subroutine `qpi0do':
../qpi0/qpi0do.F:35: warning:
         CALL VZERO(PI0MOM, 4*MXPI0)
              1
../qpi0/qpi0do.F:36: (continued):
         CALL VZERO(ITYPI0,MXPI0)
              2
Argument #1 of `vzero' is one type at (2) but is some other type at (1) [info -f g77 M GLOBALS]
../qpi0/qpi0do.F:35: warning:
         CALL VZERO(PI0MOM, 4*MXPI0)
              1
../qpi0/qpi0do.F:37: (continued):
         CALL VZERO(IPI0GAM,2*MXPI0)
              2
Argument #1 of `vzero' is one type at (2) but is some other type at (1) [info -f g77 M GLOBALS]
../qpi0/qpi0do.F:35: warning:
         CALL VZERO(PI0MOM, 4*MXPI0)
              1
../qpi0/qpi0do.F:47: (continued):
         CALL VZERO(NGPPEC,MXPECO)
              2
Argument #1 of `vzero' is one type at (2) but is some other type at (1) [info -f g77 M GLOBALS]
