/var/tmp/fcpFAAa13350:
   MAIN aamain:
/var/tmp/fcpFAAa13350:
   aboldr:
/var/tmp/fcpFAAa13350:
   ajmmcl:
/var/tmp/fcpFAAa13350:
   algtwa:
/var/tmp/fcpFAAa13350:
   almmcl:
/var/tmp/fcpFAAa13350:
   altime:
/var/tmp/fcpFAAa13350:
   aulpol:
/var/tmp/fcpFAAa13374:
   bcalju:
/var/tmp/fcpFAAa13374:
   bccrun:
/var/tmp/fcpFAAa13374:
   bcfile:
       entry    bcinit:
/var/tmp/fcpFAAa13374:
   bcgete:
/var/tmp/fcpFAAa13374:
   bcpack:
   centrd:
/var/tmp/fcpFAAa13374:
   binijo:
/var/tmp/fcpFAAa13374:
   biniru:
/var/tmp/fcpFAAa13374:
   bmsum:
/var/tmp/fcpFAAa13374:
   bpreda:
/var/tmp/fcpFAAa13374:
   bprsum:
/var/tmp/fcpFAAa13374:
   bslowc:
/var/tmp/fcpFAAa13410:
   cabook:
/var/tmp/fcpFAAa13410:
   calrec:
/var/tmp/fcpFAAa13410:
   calrel:
/var/tmp/fcpFAAa13410:
   calrep:
/var/tmp/fcpFAAa13410:
   calsup:
/var/tmp/fcpFAAa13410:
   cashet:
/var/tmp/fcpFAAa13410:
   casmp:
/var/tmp/fcpFAAa13410:
   casneu:
/var/tmp/fcpFAAa13410:
   casnmp:
/var/tmp/fcpFAAa13410:
   cclorl:
/var/tmp/fcpFAAa13410:
   cctrmi:
/var/tmp/fcpFAAa13410:
   ccutpe:
/var/tmp/fcpFAAa13410:
   cdang:
/var/tmp/fcpFAAa13410:
   cdths:
/var/tmp/fcpFAAa13410:
   cegclu:
/var/tmp/fcpFAAa13410:
   cencch:
/var/tmp/fcpFAAa13410:
   cencne:
/var/tmp/fcpFAAa13410:
   cesclu:
/var/tmp/fcpFAAa13410:
   cexcob:
/var/tmp/fcpFAAa13410:
   cexhis:
/var/tmp/fcpFAAa13410:
   cfpass:
/var/tmp/fcpFAAa13410:
   cfpmip:
/var/tmp/fcpFAAa13410:
   cfpnmp:
/var/tmp/fcpFAAa13410:
   cgrunc:
/var/tmp/fcpFAAa13410:
   chclu:
/var/tmp/fcpFAAa13410:
   chgclu:
/var/tmp/fcpFAAa13410:
   chsclu:
/var/tmp/fcpFAAa13410:
   cinijo:
/var/tmp/fcpFAAa13410:
   cinirl:
/var/tmp/fcpFAAa13410:
   cinpar:
/var/tmp/fcpFAAa13410:
   cinsrl:
/var/tmp/fcpFAAa13410:
   cisgam:
/var/tmp/fcpFAAa13410:
   cishit:
/var/tmp/fcpFAAa13410:
   cludis:
/var/tmp/fcpFAAa13410:
   cmoni:
/var/tmp/fcpFAAa13410:
   cnighb:
/var/tmp/fcpFAAa13410:
   coslst:
/var/tmp/fcpFAAa13410:
   cpadwr:
/var/tmp/fcpFAAa13410:
   cparad:
/var/tmp/fcpFAAa13410:
   cpotcr:
/var/tmp/fcpFAAa13410:
   cpoteh:
/var/tmp/fcpFAAa13410:
   cpotlc:
/var/tmp/fcpFAAa13410:
   cptcom:
/var/tmp/fcpFAAa13410:
   crcalo:
/var/tmp/fcpFAAa13410:
   crchrl:
/var/tmp/fcpFAAa13410:
   crcjob:
/var/tmp/fcpFAAa13410:
   crcpar:
/var/tmp/fcpFAAa13410:
   crhclu:
/var/tmp/fcpFAAa13410:
   cthclu:
/var/tmp/fcpFAAa13410:
   ctkchg:
/var/tmp/fcpFAAa13410:
   ctrmip:
/var/tmp/fcpFAAa13410:
   ctrpar:
/var/tmp/fcpFAAa13410:
   ctrtoc:
/var/tmp/fcpFAAa13410:
   cvrify:
/var/tmp/fcpFAAa13721:
   e1bpei:
/var/tmp/fcpFAAa13721:
   e2bpei:
/var/tmp/fcpFAAa13721:
   e3bpei:
/var/tmp/fcpFAAa13721:
   e4bary:
/var/tmp/fcpFAAa13721:
   e4cosz:
/var/tmp/fcpFAAa13721:
   e4dead:
/var/tmp/fcpFAAa13721:
   e4deij:
/var/tmp/fcpFAAa13721:
   e4fdij:
/var/tmp/fcpFAAa13721:
   e4fide:
/var/tmp/fcpFAAa13721:
   e4find:
/var/tmp/fcpFAAa13721:
   e4fnec:
/var/tmp/fcpFAAa13721:
   fracst:
/var/tmp/fcpFAAa13721:
   e4gtbr:
/var/tmp/fcpFAAa13721:
   e4gtpl:
/var/tmp/fcpFAAa13721:
   e4gtso:
/var/tmp/fcpFAAa13721:
   e4gtst:
/var/tmp/fcpFAAa13721:
   e4gttw:
/var/tmp/fcpFAAa13721:
   e4indi:
/var/tmp/fcpFAAa13721:
   e4lea1:
/var/tmp/fcpFAAa13721:
   e4ovrl:
/var/tmp/fcpFAAa13721:
   e4pal:
/var/tmp/fcpFAAa13721:
   e4r1r2:
/var/tmp/fcpFAAa13721:
   e4r2r3:
/var/tmp/fcpFAAa13721:
   e4r3r4:
/var/tmp/fcpFAAa13721:
   e4radc:
/var/tmp/fcpFAAa13721:
   e4res2:
/var/tmp/fcpFAAa13721:
   e4res3:
/var/tmp/fcpFAAa13721:
   e4tstl:
/var/tmp/fcpFAAa13721:
   e4xyz0:
/var/tmp/fcpFAAa13721:
   eautop:
/var/tmp/fcpFAAa13721:
   ebegid:
/var/tmp/fcpFAAa13721:
   eboxki:
/var/tmp/fcpFAAa13721:
   ecalig:
/var/tmp/fcpFAAa13721:
   ecblda:
/var/tmp/fcpFAAa13721:
   ecboba:
/var/tmp/fcpFAAa13721:
   ecbook:
/var/tmp/fcpFAAa13721:
   eccaob:
/var/tmp/fcpFAAa13721:
   ecchkb:
/var/tmp/fcpFAAa13721:
   ecclco:
/var/tmp/fcpFAAa13721:
   ecclus:
/var/tmp/fcpFAAa13721:
   ecdamp:
/var/tmp/fcpFAAa13721:
   ecdebg:
/var/tmp/fcpFAAa13721:
   ecdete:
/var/tmp/fcpFAAa13721:
   ecdigi:
/var/tmp/fcpFAAa13721:
   ecener:
/var/tmp/fcpFAAa13721:
   eceras:
/var/tmp/fcpFAAa13721:
   ecfclu:
/var/tmp/fcpFAAa13721:
   ecfibt:
/var/tmp/fcpFAAa13721:
   ecfils:
/var/tmp/fcpFAAa13721:
   ecfmip:
/var/tmp/fcpFAAa13721:
   ecfobj:
/var/tmp/fcpFAAa13721:
   ecgflw:
/var/tmp/fcpFAAa13721:
   ecgmix:
/var/tmp/fcpFAAa13721:
   echarg:
/var/tmp/fcpFAAa13721:
   echcgl:
/var/tmp/fcpFAAa13721:
   echedc:
/var/tmp/fcpFAAa13721:
   echiba:
/var/tmp/fcpFAAa13721:
   echist:
/var/tmp/fcpFAAa13721:
   echtag:
/var/tmp/fcpFAAa13721:
   ecinit:
/var/tmp/fcpFAAa13721:
   ecinrv:
/var/tmp/fcpFAAa13721:
   eclamp:
/var/tmp/fcpFAAa13721:
   eclana:
/var/tmp/fcpFAAa13721:
   ecleib:
/var/tmp/fcpFAAa13721:
   eclgeo:
/var/tmp/fcpFAAa13721:
   eclope:
/var/tmp/fcpFAAa13721:
   eclorl:
/var/tmp/fcpFAAa13721:
   eclost:
/var/tmp/fcpFAAa13721:
   ecltag:
/var/tmp/fcpFAAa13721:
   ecltrk:
/var/tmp/fcpFAAa13721:
   ecltyp:
/var/tmp/fcpFAAa13721:
   ecluar:
/var/tmp/fcpFAAa13721:
   ecmesp:
/var/tmp/fcpFAAa13721:
   ecmod:
/var/tmp/fcpFAAa13721:
   ecmopl:
/var/tmp/fcpFAAa13721:
   ecncob:
/var/tmp/fcpFAAa13721:
   ecobnk:
/var/tmp/fcpFAAa13721:
   ecoent:
/var/tmp/fcpFAAa13721:
   ecoidp:
/var/tmp/fcpFAAa13721:
   ecos:
/var/tmp/fcpFAAa13721:
   ecpad:
/var/tmp/fcpFAAa13721:
   ecpasr:
/var/tmp/fcpFAAa13721:
   ecplm:
/var/tmp/fcpFAAa13721:
   ecprin:
/var/tmp/fcpFAAa13721:
   ecprlo:
/var/tmp/fcpFAAa13721:
   ecrcob:
/var/tmp/fcpFAAa13721:
   ecre4d:
/var/tmp/fcpFAAa13721:
   ecreib:
/var/tmp/fcpFAAa13721:
   ecrmip:
/var/tmp/fcpFAAa13721:
   ecrndx:
/var/tmp/fcpFAAa13721:
   ecrpei:
/var/tmp/fcpFAAa13721:
   ecrtr:
/var/tmp/fcpFAAa13721:
   ecrunq:
/var/tmp/fcpFAAa13721:
   ecscmd:
/var/tmp/fcpFAAa13721:
   ecst:
/var/tmp/fcpFAAa13721:
   ecsupp:
/var/tmp/fcpFAAa13721:
   ecsw1093:
/var/tmp/fcpFAAa13721:
   ecsw94:
/var/tmp/fcpFAAa13721:
   ectemp:
/var/tmp/fcpFAAa13721:
   ecthre:
/var/tmp/fcpFAAa13721:
   ectopo:
/var/tmp/fcpFAAa13721:
   ectpc:
/var/tmp/fcpFAAa13721:
   ectrap:
/var/tmp/fcpFAAa13721:
   ectrea:
/var/tmp/fcpFAAa13721:
   ecxmod:
/var/tmp/fcpFAAa13721:
   edisal:
/var/tmp/fcpFAAa13721:
   edlist:
/var/tmp/fcpFAAa13721:
   efaxe:
/var/tmp/fcpFAAa13721:
   efbook:
/var/tmp/fcpFAAa13721:
   eferrr:
/var/tmp/fcpFAAa13721:
   eficlp:
/var/tmp/fcpFAAa13721:
   eficv:
/var/tmp/fcpFAAa13721:
   efiecp:
/var/tmp/fcpFAAa13721:
   efieib:
/var/tmp/fcpFAAa13721:
   efijob:
/var/tmp/fcpFAAa13721:
   efixi94:
/var/tmp/fcpFAAa13721:
   eflcst:
/var/tmp/fcpFAAa13721:
   efolmk:
/var/tmp/fcpFAAa13721:
   efpard:
/var/tmp/fcpFAAa13721:
   eftiel:
/var/tmp/fcpFAAa13721:
   egacst:
/var/tmp/fcpFAAa13721:
   egaest:
/var/tmp/fcpFAAa13721:
   egetds:
/var/tmp/fcpFAAa13721:
   egfcst:
/var/tmp/fcpFAAa13721:
   egttks:
/var/tmp/fcpFAAa13721:
   ehcflo:
/var/tmp/fcpFAAa13721:
   ehlix:
/var/tmp/fcpFAAa13721:
   ehreg:
/var/tmp/fcpFAAa13721:
   eidedx:
/var/tmp/fcpFAAa13721:
   eident:
/var/tmp/fcpFAAa13721:
   eieffl:
/var/tmp/fcpFAAa13721:
   einhlx:
/var/tmp/fcpFAAa13721:
   einijo:
/var/tmp/fcpFAAa13721:
   einirl:
/var/tmp/fcpFAAa13721:
   einiru:
/var/tmp/fcpFAAa13721:
   einitk:
/var/tmp/fcpFAAa13721:
   einsrl:
/var/tmp/fcpFAAa13721:
   eipard:
/var/tmp/fcpFAAa13721:
   eithr:
/var/tmp/fcpFAAa13721:
   eknewb:
/var/tmp/fcpFAAa13721:
   eknewe:
/var/tmp/fcpFAAa13721:
   elecid:
/var/tmp/fcpFAAa13721:
   elongi:
/var/tmp/fcpFAAa13721:
   emfill:
/var/tmp/fcpFAAa13721:
   emskei:
/var/tmp/fcpFAAa13721:
   emskev:
/var/tmp/fcpFAAa13721:
   emskf:
/var/tmp/fcpFAAa13721:
   emski:
/var/tmp/fcpFAAa13721:
   emskji:
/var/tmp/fcpFAAa13721:
   emskmu:
/var/tmp/fcpFAAa13721:
   enfmsk:
/var/tmp/fcpFAAa13721:
   enighb:
/var/tmp/fcpFAAa13721:
   enoise:
/var/tmp/fcpFAAa13721:
   enprox:
/var/tmp/fcpFAAa13721:
   enstat:
/var/tmp/fcpFAAa13721:
   epadcl:
/var/tmp/fcpFAAa13721:
   epatrn:
/var/tmp/fcpFAAa13721:
   epcalo:
/var/tmp/fcpFAAa13721:
   epchg:
/var/tmp/fcpFAAa13721:
   epneu:
/var/tmp/fcpFAAa13721:
   epreda:
/var/tmp/fcpFAAa13721:
   eproba:
/var/tmp/fcpFAAa13721:
   eprsto:
/var/tmp/fcpFAAa13721:
   eprsum:
/var/tmp/fcpFAAa13721:
   eprtpc:
/var/tmp/fcpFAAa13721:
   ercupi:
/var/tmp/fcpFAAa13721:
   ercupr:
/var/tmp/fcpFAAa13721:
   ereset:
/var/tmp/fcpFAAa13721:
   eroad:
/var/tmp/fcpFAAa13721:
   escdef:
/var/tmp/fcpFAAa13721:
   escoun:
/var/tmp/fcpFAAa13721:
   esfil:
/var/tmp/fcpFAAa13721:
   eslas:
/var/tmp/fcpFAAa13721:
   eslct:
/var/tmp/fcpFAAa13721:
   eslctf:
/var/tmp/fcpFAAa13721:
   eslowc:
/var/tmp/fcpFAAa13721:
   estag:
/var/tmp/fcpFAAa13721:
   esveto:
/var/tmp/fcpFAAa13721:
   eswpst:
/var/tmp/fcpFAAa13721:
   etdifp:
/var/tmp/fcpFAAa13721:
   ethres:
/var/tmp/fcpFAAa13721:
   etrdev:
/var/tmp/fcpFAAa13721:
   ewdifp:
/var/tmp/fcpFAAa13721:
   ewircl:
/var/tmp/fcpFAAa13721:
   ex3ijk:
/var/tmp/fcpFAAa15015:
   fawian:
/var/tmp/fcpFAAa15015:
   fcfrid:
/var/tmp/fcpFAAa15015:
   fdetco:
/var/tmp/fcpFAAa15015:
   ffield:
/var/tmp/fcpFAAa15015:
   fidhea:
/var/tmp/fcpFAAa15015:
   fidrot:
/var/tmp/fcpFAAa15015:
   finiru:
/var/tmp/fcpFAAa15015:
   fitall:
/var/tmp/fcpFAAa15015:
   fitwri:
/var/tmp/fcpFAAa15015:
   fkink:
/var/tmp/fcpFAAa15015:
   fkkpar:
/var/tmp/fcpFAAa15015:
   flngv0:
/var/tmp/fcpFAAa15015:
   floweh:
/var/tmp/fcpFAAa15015:
   flowfi:
/var/tmp/fcpFAAa15015:
   flowtr:
/var/tmp/fcpFAAa15015:
   flv0dx:
/var/tmp/fcpFAAa15015:
   fmuid:
/var/tmp/fcpFAAa15015:
   fpiden:
/var/tmp/fcpFAAa15015:
   fpmove:
/var/tmp/fcpFAAa15015:
   frefit:
/var/tmp/fcpFAAa15015:
   frmhit:
/var/tmp/fcpFAAa15015:
   ftpcer:
/var/tmp/fcpFAAa15015:
   ftrack:
/var/tmp/fcpFAAa15150:
   gambnk:
/var/tmp/fcpFAAa15150:
   gapeco:
/var/tmp/fcpFAAa15150:
   gasteer:
/var/tmp/fcpFAAa15168:
   hcalib:
/var/tmp/fcpFAAa15168:
   hcalrd:
/var/tmp/fcpFAAa15168:
   hcatow:
/var/tmp/fcpFAAa15168:
   hcbhis:
/var/tmp/fcpFAAa15168:
   hcfclu:
/var/tmp/fcpFAAa15168:
   hchist:
/var/tmp/fcpFAAa15168:
   hclcra:
/var/tmp/fcpFAAa15168:
   hcltst:
/var/tmp/fcpFAAa15168:
   hclufi:
/var/tmp/fcpFAAa15168:
   hcorfc:
/var/tmp/fcpFAAa15168:
   hcos:
/var/tmp/fcpFAAa15168:
   hcsimm:
/var/tmp/fcpFAAa15168:
   hdgdeb:
/var/tmp/fcpFAAa15168:
   hdgfil:
/var/tmp/fcpFAAa15168:
   hdgpot:
/var/tmp/fcpFAAa15168:
   hdgsum:
/var/tmp/fcpFAAa15168:
   hdprec:
/var/tmp/fcpFAAa15168:
   hdspre:
/var/tmp/fcpFAAa15168:
   hflnoi:
/var/tmp/fcpFAAa15168:
   hinijo:
/var/tmp/fcpFAAa15168:
   hiniru:
/var/tmp/fcpFAAa15168:
   hmener:
/var/tmp/fcpFAAa15168:
   hmfind:
/var/tmp/fcpFAAa15168:
   hmroad:
/var/tmp/fcpFAAa15168:
   hnoise:
/var/tmp/fcpFAAa15168:
   hnoisy:
/var/tmp/fcpFAAa15168:
   hpatco:
/var/tmp/fcpFAAa15168:
   hphnoi:
/var/tmp/fcpFAAa15168:
   hplink:
/var/tmp/fcpFAAa15168:
   hprana:
/var/tmp/fcpFAAa15168:
   hpranp:
/var/tmp/fcpFAAa15168:
   hprdig:
/var/tmp/fcpFAAa15168:
   hpreda:
/var/tmp/fcpFAAa15168:
   hprpot:
/var/tmp/fcpFAAa15168:
   hprsum:
/var/tmp/fcpFAAa15168:
   hprunc:
/var/tmp/fcpFAAa15168:
   hrcomp:
/var/tmp/fcpFAAa15168:
   hrcpat:
/var/tmp/fcpFAAa15168:
   hrdcal:
/var/tmp/fcpFAAa15168:
   hroad:
/var/tmp/fcpFAAa15168:
   hslink:
/var/tmp/fcpFAAa15168:
   hslowc:
/var/tmp/fcpFAAa15168:
   hspare:
/var/tmp/fcpFAAa15168:
   hsptre:
/var/tmp/fcpFAAa15168:
   hstofi:
/var/tmp/fcpFAAa15168:
   htrack:
/var/tmp/fcpFAAa15168:
   htubfi:
/var/tmp/fcpFAAa15168:
   htwcr:
/var/tmp/fcpFAAa15168:
   hvmask:
/var/tmp/fcpFAAa15488:
   iasign:
/var/tmp/fcpFAAa15488:
   iattma:
/var/tmp/fcpFAAa15488:
   ibnkin:
/var/tmp/fcpFAAa15488:
   icaswt:
/var/tmp/fcpFAAa15488:
   icftoi:
/var/tmp/fcpFAAa15488:
   iclimb:
/var/tmp/fcpFAAa15488:
   icrcco:
/var/tmp/fcpFAAa15488:
   ideadw:
/var/tmp/fcpFAAa15488:
   idigpr:
/var/tmp/fcpFAAa15488:
   ienang:
/var/tmp/fcpFAAa15488:
   ifind1:
/var/tmp/fcpFAAa15488:
   ifind2:
/var/tmp/fcpFAAa15488:
   ifitp:
/var/tmp/fcpFAAa15488:
   iftrak:
/var/tmp/fcpFAAa15488:
   igetti:
/var/tmp/fcpFAAa15488:
   igettp:
/var/tmp/fcpFAAa15488:
   igicha:
/var/tmp/fcpFAAa15488:
   iheler:
/var/tmp/fcpFAAa15488:
   iinijo:
/var/tmp/fcpFAAa15488:
   iiniru:
/var/tmp/fcpFAAa15488:
   iintrk:
/var/tmp/fcpFAAa15488:
   imatch:
/var/tmp/fcpFAAa15488:
   inigap:
/var/tmp/fcpFAAa15488:
   insect:
/var/tmp/fcpFAAa15488:
   intrak:
/var/tmp/fcpFAAa15488:
   ipakdi:
/var/tmp/fcpFAAa15488:
   ipdsti:
/var/tmp/fcpFAAa15488:
   iphcor:
/var/tmp/fcpFAAa15488:
   ipreda:
/var/tmp/fcpFAAa15488:
   iprsum:
/var/tmp/fcpFAAa15488:
   ipstat:
/var/tmp/fcpFAAa15488:
   irefin:
/var/tmp/fcpFAAa15488:
   ireopd:
/var/tmp/fcpFAAa15488:
   isave:
/var/tmp/fcpFAAa15488:
   ishuff:
/var/tmp/fcpFAAa15488:
   ishufl:
/var/tmp/fcpFAAa15488:
   islowc:
/var/tmp/fcpFAAa15488:
   isrch:
/var/tmp/fcpFAAa15488:
   itbook:
/var/tmp/fcpFAAa15488:
   itccut:
/var/tmp/fcpFAAa15488:
   itcopr:
/var/tmp/fcpFAAa15488:
   itcrec:
/var/tmp/fcpFAAa15488:
   itcrep:
/var/tmp/fcpFAAa15488:
   itctpc:
/var/tmp/fcpFAAa15488:
   itctrk:
/var/tmp/fcpFAAa15488:
   itcxng:
/var/tmp/fcpFAAa15488:
   iterr:
/var/tmp/fcpFAAa15488:
   itextn:
/var/tmp/fcpFAAa15488:
   ithist:
/var/tmp/fcpFAAa15488:
   itidy1:
/var/tmp/fcpFAAa15488:
   itidy2:
/var/tmp/fcpFAAa15488:
   itlnk1:
/var/tmp/fcpFAAa15488:
   itlnk2:
/var/tmp/fcpFAAa15488:
   itpcan:
/var/tmp/fcpFAAa15488:
   itrak:
/var/tmp/fcpFAAa15488:
   itrecf:
/var/tmp/fcpFAAa15488:
   itreci:
/var/tmp/fcpFAAa15488:
   itree:
/var/tmp/fcpFAAa15488:
   itrkci:
/var/tmp/fcpFAAa15488:
   itrkeq:
/var/tmp/fcpFAAa15488:
   itrkzr:
/var/tmp/fcpFAAa15488:
   itrmca:
/var/tmp/fcpFAAa15952:
   laccep:
   lfiduc:
/var/tmp/fcpFAAa15952:
   lasym:
/var/tmp/fcpFAAa15952:
   lbhab:
/var/tmp/fcpFAAa15952:
   lbhcor:
/var/tmp/fcpFAAa15952:
   lbindx:
/var/tmp/fcpFAAa15952:
   lbldba:
/var/tmp/fcpFAAa15952:
   lbnkpr:
/var/tmp/fcpFAAa15952:
   lbunca:
/var/tmp/fcpFAAa15952:
   lcalib:
/var/tmp/fcpFAAa15952:
   lcarec:
/var/tmp/fcpFAAa15952:
   lcbook:
/var/tmp/fcpFAAa15952:
   lchist:
/var/tmp/fcpFAAa15952:
   lclust:
/var/tmp/fcpFAAa15952:
   lclutw:
/var/tmp/fcpFAAa15952:
   lcorrc:
/var/tmp/fcpFAAa15952:
   lcpaxy:
/var/tmp/fcpFAAa15952:
   lcrpot:
/var/tmp/fcpFAAa15952:
   lcsave:
/var/tmp/fcpFAAa15952:
   ldirtw:
/var/tmp/fcpFAAa15952:
   lelect:
/var/tmp/fcpFAAa15952:
   lenlis:
/var/tmp/fcpFAAa15952:
   lestim:
/var/tmp/fcpFAAa15952:
   lfourc:
/var/tmp/fcpFAAa15952:
   lgngbx:
/var/tmp/fcpFAAa15952:
   lhvsta:
/var/tmp/fcpFAAa15952:
   lidcod:
/var/tmp/fcpFAAa15952:
   linijo:
/var/tmp/fcpFAAa15952:
   liniru:
/var/tmp/fcpFAAa15952:
   lolerr:
/var/tmp/fcpFAAa15952:
   lprcal:
/var/tmp/fcpFAAa15952:
   lpreda:
/var/tmp/fcpFAAa15952:
   lpremc:
/var/tmp/fcpFAAa15952:
   lprepo:
/var/tmp/fcpFAAa15952:
   lprerw:
/var/tmp/fcpFAAa15952:
   lprlum:
/var/tmp/fcpFAAa15952:
   lprsum:
/var/tmp/fcpFAAa15952:
   lselba:
/var/tmp/fcpFAAa15952:
   lselbh:
/var/tmp/fcpFAAa15952:
   lsingl:
/var/tmp/fcpFAAa15952:
   lslowc:
/var/tmp/fcpFAAa15952:
   lstati:
/var/tmp/fcpFAAa15952:
   lsumam:
/var/tmp/fcpFAAa15952:
   ltgbit:
/var/tmp/fcpFAAa15952:
   ltgtyp:
/var/tmp/fcpFAAa15952:
   ltrace:
/var/tmp/fcpFAAa15952:
   ltrack:
/var/tmp/fcpFAAa15952:
   ltrigs:
/var/tmp/fcpFAAa15952:
   lupacr:
/var/tmp/fcpFAAa15952:
   lupain:
/var/tmp/fcpFAAa16140:
   mginig:
/var/tmp/fcpFAAa16140:
   minhea:
/var/tmp/fcpFAAa16140:
   minijo:
/var/tmp/fcpFAAa16140:
   miniru:
/var/tmp/fcpFAAa16140:
   modroc:
/var/tmp/fcpFAAa16140:
   mpreda:
/var/tmp/fcpFAAa16140:
   mpredg:
/var/tmp/fcpFAAa16140:
   mpredm:
/var/tmp/fcpFAAa16140:
   mprsum:
/var/tmp/fcpFAAa16140:
   mslowc:
/var/tmp/fcpFAAa16140:
   mualcm:
/var/tmp/fcpFAAa16140:
   mualco:
/var/tmp/fcpFAAa16140:
   muass:
/var/tmp/fcpFAAa16140:
   mubook:
/var/tmp/fcpFAAa16140:
   mucomp:
/var/tmp/fcpFAAa16140:
   mucuts:
/var/tmp/fcpFAAa16140:
   muhist:
/var/tmp/fcpFAAa16140:
   muhitg:
/var/tmp/fcpFAAa16140:
   muhits:
/var/tmp/fcpFAAa16140:
   mukine:
/var/tmp/fcpFAAa16140:
   munewr:
/var/tmp/fcpFAAa16140:
   muredo:
/var/tmp/fcpFAAa16140:
   muslcm:
/var/tmp/fcpFAAa16140:
   muslco:
/var/tmp/fcpFAAa16140:
   mutest:
/var/tmp/fcpFAAa16246:
   obmfit:
/var/tmp/fcpFAAa16246:
   obsclr:
/var/tmp/fcpFAAa16246:
   obsinr:
/var/tmp/fcpFAAa16246:
   obspot:
/var/tmp/fcpFAAa16246:
   ocbfit:
/var/tmp/fcpFAAa16246:
   ocbpre:
/var/tmp/fcpFAAa16246:
   ogtblq:
/var/tmp/fcpFAAa16246:
   oinijo:
/var/tmp/fcpFAAa16246:
   oiniru:
/var/tmp/fcpFAAa16246:
   olspod:
/var/tmp/fcpFAAa16246:
   olspot:
/var/tmp/fcpFAAa16246:
   olspou:
/var/tmp/fcpFAAa16246:
   ombook:
/var/tmp/fcpFAAa16246:
   ombopt:
/var/tmp/fcpFAAa16246:
   ombout:
/var/tmp/fcpFAAa16246:
   ombpos:
/var/tmp/fcpFAAa16246:
   ombrec:
/var/tmp/fcpFAAa16246:
   omcorr:
/var/tmp/fcpFAAa16246:
   omcrun:
/var/tmp/fcpFAAa16246:
   omdata:
/var/tmp/fcpFAAa16246:
   omgain:
/var/tmp/fcpFAAa16246:
   omhist:
/var/tmp/fcpFAAa16246:
   omipos:
/var/tmp/fcpFAAa16246:
   omread:
/var/tmp/fcpFAAa16246:
   oprsum:
/var/tmp/fcpFAAa16246:
   oslowc:
/var/tmp/fcpFAAa16336:
   pmskfi:
/var/tmp/fcpFAAa16336:
   prolot:
/var/tmp/fcpFAAa16336:
   pryfit:
/var/tmp/fcpFAAa16336:
   pvfill:
/var/tmp/fcpFAAa16362:
   qfmmcl:
/var/tmp/fcpFAAa16362:
   qgmmcl:
/var/tmp/fcpFAAa16386:
   rbkhis:
/var/tmp/fcpFAAa16386:
   rcjsum:
/var/tmp/fcpFAAa16386:
   rclean:
/var/tmp/fcpFAAa16386:
   rcljob:
/var/tmp/fcpFAAa16386:
   rclrun:
/var/tmp/fcpFAAa16386:
   rcpas0:
/var/tmp/fcpFAAa16386:
   rdcard:
/var/tmp/fcpFAAa16386:
   rdefio:
/var/tmp/fcpFAAa16386:
   rdefmi:
/var/tmp/fcpFAAa16386:
   rdefpo:
/var/tmp/fcpFAAa16386:
   rdetec:
/var/tmp/fcpFAAa16386:
   recevt:
/var/tmp/fcpFAAa16386:
   recons:
/var/tmp/fcpFAAa16386:
   reject:
/var/tmp/fcpFAAa16386:
   report:
/var/tmp/fcpFAAa16386:
   rerror:
/var/tmp/fcpFAAa16386:
   rfalcr:
/var/tmp/fcpFAAa16386:
   rfalee:
/var/tmp/fcpFAAa16386:
   rfalie:
/var/tmp/fcpFAAa16386:
   rfalij:
/var/tmp/fcpFAAa16386:
   rfalir:
/var/tmp/fcpFAAa16386:
   rfalpd:
/var/tmp/fcpFAAa16386:
   rfjcon:
/var/tmp/fcpFAAa16386:
   rforma:
/var/tmp/fcpFAAa16386:
   rgetdv:
/var/tmp/fcpFAAa16386:
   rhbook:
/var/tmp/fcpFAAa16386:
   rhsevt:
/var/tmp/fcpFAAa16386:
   rincnd:
/var/tmp/fcpFAAa16386:
   rinjob:
/var/tmp/fcpFAAa16386:
   rinrun:
/var/tmp/fcpFAAa16386:
   ripas0:
/var/tmp/fcpFAAa16386:
   rloopr:
/var/tmp/fcpFAAa16386:
   rltoch:
/var/tmp/fcpFAAa16386:
   rlutrf:
/var/tmp/fcpFAAa16386:
   rmonii:
/var/tmp/fcpFAAa16386:
   rmonit:
/var/tmp/fcpFAAa16386:
   rnxmod:
/var/tmp/fcpFAAa16386:
   rperrs:
/var/tmp/fcpFAAa16386:
   rpnamb:
/var/tmp/fcpFAAa16386:
   rpotcl:
/var/tmp/fcpFAAa16386:
   rpreda:
/var/tmp/fcpFAAa16386:
   rprsta:
/var/tmp/fcpFAAa16386:
   rprsum:
/var/tmp/fcpFAAa16386:
   rrevhe:
/var/tmp/fcpFAAa16386:
   rshrin:
/var/tmp/fcpFAAa16386:
   rsmjob:
/var/tmp/fcpFAAa16386:
   rtitle:
/var/tmp/fcpFAAa16386:
   rtlsum:
/var/tmp/fcpFAAa16386:
   rtmask:
/var/tmp/fcpFAAa16386:
   rtrigf:
/var/tmp/fcpFAAa16386:
   runkno:
/var/tmp/fcpFAAa16386:
   rvdpre:
/var/tmp/fcpFAAa16386:
   rwjubw:
/var/tmp/fcpFAAa16386:
   rwrevt:
/var/tmp/fcpFAAa16386:
   rwrunh:
/var/tmp/fcpFAAa16386:
   rzejob:
/var/tmp/fcpFAAa16386:
   rzergl:
/var/tmp/fcpFAAa16386:
   rzerun:
/var/tmp/fcpFAAa16733:
   sabook:
/var/tmp/fcpFAAa16733:
   sacocr:
/var/tmp/fcpFAAa16733:
   sacopr:
/var/tmp/fcpFAAa16733:
   sahist:
/var/tmp/fcpFAAa16733:
   satrec:
/var/tmp/fcpFAAa16733:
   sclupr:
/var/tmp/fcpFAAa16733:
   scoopr:
/var/tmp/fcpFAAa16733:
   sftrpr:
/var/tmp/fcpFAAa16733:
   sibkpr:
/var/tmp/fcpFAAa16733:
   sibook:
/var/tmp/fcpFAAa16733:
   sicaok:
/var/tmp/fcpFAAa16733:
   siclc2:
/var/tmp/fcpFAAa16733:
   siclco:
/var/tmp/fcpFAAa16733:
   siclean:
/var/tmp/fcpFAAa16733:
   siclus:
/var/tmp/fcpFAAa16733:
   sicrec:
/var/tmp/fcpFAAa16733:
   sicrpot:
/var/tmp/fcpFAAa16733:
   sicrun:
/var/tmp/fcpFAAa16733:
   sidamp:
/var/tmp/fcpFAAa16733:
   sidcor:
/var/tmp/fcpFAAa16733:
   sidsum:
/var/tmp/fcpFAAa16733:
   sidvoi:
/var/tmp/fcpFAAa16733:
   siecor:
/var/tmp/fcpFAAa16733:
   siepcr:
/var/tmp/fcpFAAa16733:
   siesum:
   sifsum:
/var/tmp/fcpFAAa16733:
   sievst:
/var/tmp/fcpFAAa16733:
   sigaco:
/var/tmp/fcpFAAa16733:
   sigtdp:
/var/tmp/fcpFAAa16733:
   sigtwa:
/var/tmp/fcpFAAa16733:
   sihist:
/var/tmp/fcpFAAa16733:
   siinijo:
/var/tmp/fcpFAAa16733:
   siiniru:
/var/tmp/fcpFAAa16733:
   sijuke:
/var/tmp/fcpFAAa16733:
   silhcr:
/var/tmp/fcpFAAa16733:
   silist:
/var/tmp/fcpFAAa16733:
   silsum:
/var/tmp/fcpFAAa16733:
   siluad:
/var/tmp/fcpFAAa16733:
   silumi:
/var/tmp/fcpFAAa16733:
   silvoi:
/var/tmp/fcpFAAa16733:
   sinamx:
/var/tmp/fcpFAAa16733:
   sinijo:
/var/tmp/fcpFAAa16733:
   siniru:
/var/tmp/fcpFAAa16733:
   sipedfx:
/var/tmp/fcpFAAa16733:
   siphmod:
/var/tmp/fcpFAAa16733:
   sipreda:
/var/tmp/fcpFAAa16733:
   siprlum:
/var/tmp/fcpFAAa16733:
   siprsum:
/var/tmp/fcpFAAa16733:
   sipsum:
/var/tmp/fcpFAAa16733:
   sipvoi:
/var/tmp/fcpFAAa16733:
   sislowc:
/var/tmp/fcpFAAa16733:
   sisol2:
/var/tmp/fcpFAAa16733:
   sistat:
/var/tmp/fcpFAAa16733:
   siswap:
/var/tmp/fcpFAAa16733:
   sivois:
/var/tmp/fcpFAAa16733:
   skanpr:
/var/tmp/fcpFAAa16733:
   spatpr:
/var/tmp/fcpFAAa16733:
   spreda:
/var/tmp/fcpFAAa16733:
   spremc:
/var/tmp/fcpFAAa16733:
   sprpot:
/var/tmp/fcpFAAa16733:
   sprsum:
/var/tmp/fcpFAAa16733:
   sr2clu:
/var/tmp/fcpFAAa16733:
   sr2pat:
/var/tmp/fcpFAAa16733:
   sr3clu:
/var/tmp/fcpFAAa16733:
   sr3pat:
/var/tmp/fcpFAAa16733:
   sraddr:
/var/tmp/fcpFAAa16733:
   sralig:
/var/tmp/fcpFAAa16733:
   srbftr:
/var/tmp/fcpFAAa16733:
   srbtrk:
/var/tmp/fcpFAAa16733:
   srccop:
/var/tmp/fcpFAAa16733:
   srclip:
/var/tmp/fcpFAAa16733:
   srclus:
/var/tmp/fcpFAAa16733:
   srcons:
/var/tmp/fcpFAAa16733:
   srcoor:
/var/tmp/fcpFAAa16733:
   srcpat:
/var/tmp/fcpFAAa16733:
   srcuts:
/var/tmp/fcpFAAa16733:
   srdble:
/var/tmp/fcpFAAa16733:
   srdead:
/var/tmp/fcpFAAa16733:
   srdist:
/var/tmp/fcpFAAa16733:
   srdphb:
/var/tmp/fcpFAAa16733:
   srdtrk:
/var/tmp/fcpFAAa16733:
   sreald:
/var/tmp/fcpFAAa16733:
   srfhis:
/var/tmp/fcpFAAa16733:
   srfit0:
/var/tmp/fcpFAAa16733:
   srfit2:
/var/tmp/fcpFAAa16733:
   srfitf:
/var/tmp/fcpFAAa16733:
   srfltr:
/var/tmp/fcpFAAa16733:
   srftrk:
/var/tmp/fcpFAAa16733:
   srgeom:
/var/tmp/fcpFAAa16733:
   srihis:
/var/tmp/fcpFAAa16733:
   srinbs:
/var/tmp/fcpFAAa16733:
   srints:
/var/tmp/fcpFAAa16733:
   srkand:
/var/tmp/fcpFAAa16733:
   srlval:
/var/tmp/fcpFAAa16733:
   srmstr:
/var/tmp/fcpFAAa16733:
   srpatc:
/var/tmp/fcpFAAa16733:
   srprcn:
/var/tmp/fcpFAAa16733:
   srsel2:
/var/tmp/fcpFAAa16733:
   srselk:
/var/tmp/fcpFAAa16733:
   srselo:
/var/tmp/fcpFAAa16733:
   srstat:
/var/tmp/fcpFAAa16733:
   srsubs:
/var/tmp/fcpFAAa16733:
   srtdcn:
/var/tmp/fcpFAAa16733:
   srtdcr:
/var/tmp/fcpFAAa16733:
   srtrck:
/var/tmp/fcpFAAa16733:
   srunco:
/var/tmp/fcpFAAa16733:
   srupar:
/var/tmp/fcpFAAa16733:
   srupat:
/var/tmp/fcpFAAa16733:
   srwire:
/var/tmp/fcpFAAa16733:
   srwpa2:
/var/tmp/fcpFAAa16733:
   srwpar:
/var/tmp/fcpFAAa16733:
   sscpcr:
/var/tmp/fcpFAAa16733:
   sslowc:
/var/tmp/fcpFAAa16733:
   strkpr:
/var/tmp/fcpFAAa16733:
   supapr:
/var/tmp/fcpFAAa16733:
   swp2pr:
/var/tmp/fcpFAAa16733:
   swpapr:
/var/tmp/fcpFAAa17518:
   t1ftdp:
/var/tmp/fcpFAAa17518:
   taccmn:
/var/tmp/fcpFAAa17518:
   tarcdp:
/var/tmp/fcpFAAa17518:
   tatwin:
/var/tmp/fcpFAAa17518:
   tbcodp:
/var/tmp/fcpFAAa17518:
   tbnkin:
/var/tmp/fcpFAAa17518:
   tbprnt:
/var/tmp/fcpFAAa17518:
   tbval:
/var/tmp/fcpFAAa17518:
   tcaldp:
/var/tmp/fcpFAAa17518:
   tcdump:
/var/tmp/fcpFAAa17518:
   tchadp:
/var/tmp/fcpFAAa17518:
   tchsum:
/var/tmp/fcpFAAa17518:
   tclana:
/var/tmp/fcpFAAa17518:
   tclcor:
/var/tmp/fcpFAAa17518:
   tcldmp:
/var/tmp/fcpFAAa17518:
   tclpat:
/var/tmp/fcpFAAa17518:
   tclsng:
/var/tmp/fcpFAAa17518:
   tcludp:
/var/tmp/fcpFAAa17518:
   tclust:
/var/tmp/fcpFAAa17518:
   tco4pa:
/var/tmp/fcpFAAa17518:
   tcoalg:
/var/tmp/fcpFAAa17518:
   tcobin:
/var/tmp/fcpFAAa17518:
   tcodrv:
/var/tmp/fcpFAAa17518:
   tcoerr:
/var/tmp/fcpFAAa17518:
   tcogs3:
/var/tmp/fcpFAAa17518:
   tcoor:
/var/tmp/fcpFAAa17518:
   tcoort:
/var/tmp/fcpFAAa17518:
   tcothr:
/var/tmp/fcpFAAa17518:
   tcoul2:
/var/tmp/fcpFAAa17518:
   tcoul3:
/var/tmp/fcpFAAa17518:
   tcowa2:
/var/tmp/fcpFAAa17518:
   tcowa3:
/var/tmp/fcpFAAa17518:
   tcowav:
/var/tmp/fcpFAAa17518:
   tcowl2:
/var/tmp/fcpFAAa17518:
   tcptst:
/var/tmp/fcpFAAa17518:
   tcqgs3:
/var/tmp/fcpFAAa17518:
   tcshf1:
/var/tmp/fcpFAAa17518:
   tcshft:
/var/tmp/fcpFAAa17518:
   terpar:
/var/tmp/fcpFAAa17518:
   tfcand:
/var/tmp/fcpFAAa17518:
   tfchek:
/var/tmp/fcpFAAa17518:
   tfilpa:
/var/tmp/fcpFAAa17518:
   tfiltj:
/var/tmp/fcpFAAa17518:
   tfithl:
       entry    tfthed:
       entry    tfthec:
/var/tmp/fcpFAAa17518:
   tfitkf:
/var/tmp/fcpFAAa17518:
   tfittk:
/var/tmp/fcpFAAa17518:
   tflnk2:
/var/tmp/fcpFAAa17518:
   tflnks:
/var/tmp/fcpFAAa17518:
   tfpcoi:
/var/tmp/fcpFAAa17518:
   tfthel:
/var/tmp/fcpFAAa17518:
   tftpad:
/var/tmp/fcpFAAa17518:
   tftwtb:
/var/tmp/fcpFAAa17518:
   tgetqt:
/var/tmp/fcpFAAa17518:
   tgftdp:
/var/tmp/fcpFAAa17518:
   tgmadp:
/var/tmp/fcpFAAa17518:
   thpadd:
/var/tmp/fcpFAAa17518:
   thpcor:
/var/tmp/fcpFAAa17518:
   thpfdg:
/var/tmp/fcpFAAa17518:
   thtrow:
/var/tmp/fcpFAAa17518:
   tinijo:
/var/tmp/fcpFAAa17518:
   tiniru:
/var/tmp/fcpFAAa17518:
   tisfil:
/var/tmp/fcpFAAa17518:
   tislnd:
/var/tmp/fcpFAAa17518:
   tjtop:
/var/tmp/fcpFAAa17518:
   tkink:
/var/tmp/fcpFAAa17518:
   tksgdp:
/var/tmp/fcpFAAa17518:
   tlctdp:
/var/tmp/fcpFAAa17518:
   tlcons:
   tldelm:
   tladd:
   tlinit:
   tlovfl:
   tlnext:
   tlpop:
   tlscra:
/var/tmp/fcpFAAa17518:
   tmagnt:
/var/tmp/fcpFAAa17518:
   tmshel:
       entry    tmshed:
       entry    tmshec:
       entry    tmschi:
/var/tmp/fcpFAAa17518:
   tnhlfp:
/var/tmp/fcpFAAa17518:
   tovrlp:
/var/tmp/fcpFAAa17518:
   tpaddx:
/var/tmp/fcpFAAa17518:
   tpadfx:
/var/tmp/fcpFAAa17518:
   tpadpo:
/var/tmp/fcpFAAa17518:
   tpadpr:
/var/tmp/fcpFAAa17518:
   tpads:
/var/tmp/fcpFAAa17518:
   tpakbc:
/var/tmp/fcpFAAa17518:
   tpakco:
/var/tmp/fcpFAAa17518:
   tpakta:
/var/tmp/fcpFAAa17518:
   tpaktx:
/var/tmp/fcpFAAa17518:
   tparab:
/var/tmp/fcpFAAa17518:
   tpbook:
/var/tmp/fcpFAAa17518:
   tpcbun:
/var/tmp/fcpFAAa17518:
   tpcrec:
/var/tmp/fcpFAAa17518:
   tpcrun:
/var/tmp/fcpFAAa17518:
   tpct0:
/var/tmp/fcpFAAa17518:
   tpct0n:
/var/tmp/fcpFAAa17518:
   tpdels:
/var/tmp/fcpFAAa17518:
   tpdiag:
/var/tmp/fcpFAAa17518:
   tpdthr:
/var/tmp/fcpFAAa17518:
   tphist:
/var/tmp/fcpFAAa17518:
   tphsmr:
/var/tmp/fcpFAAa17518:
   tpk1co:
/var/tmp/fcpFAAa17518:
   tpkill:
/var/tmp/fcpFAAa17518:
   tplana:
/var/tmp/fcpFAAa17518:
   tppadd:
/var/tmp/fcpFAAa17518:
   tpreda:
/var/tmp/fcpFAAa17518:
   tprf2:
/var/tmp/fcpFAAa17518:
   tprfin:
/var/tmp/fcpFAAa17518:
   tprfx:
/var/tmp/fcpFAAa17518:
   tprlst:
/var/tmp/fcpFAAa17518:
   tprndm:
/var/tmp/fcpFAAa17518:
   tprsum:
/var/tmp/fcpFAAa17518:
   tpsmgt:
/var/tmp/fcpFAAa17518:
   tpsmr1:
/var/tmp/fcpFAAa17518:
   tpsort:
/var/tmp/fcpFAAa17518:
   tpstat:
/var/tmp/fcpFAAa17518:
   tpuldp:
/var/tmp/fcpFAAa17518:
   trdwp1:
/var/tmp/fcpFAAa17518:
   trdwp2:
/var/tmp/fcpFAAa17518:
   trdwp3:
/var/tmp/fcpFAAa17518:
   trefch:
/var/tmp/fcpFAAa17518:
   trefit:
/var/tmp/fcpFAAa17518:
   trempt:
/var/tmp/fcpFAAa17518:
   trftch:
/var/tmp/fcpFAAa17518:
   trhlx2:
Compiler error line 72 of ../t_/trhlx2.F: Utils: Sanity Check: Inconsistent internal data structures. (6933)
/var/tmp/fcpFAAa17518:
   trkdmp:
/var/tmp/fcpFAAa17518:
   trkels:
/var/tmp/fcpFAAa17518:
   trkfnd:
/var/tmp/fcpFAAa17518:
   trkmca:
/var/tmp/fcpFAAa17518:
   trkwra:
/var/tmp/fcpFAAa17518:
   trmvep:
/var/tmp/fcpFAAa17518:
   trncon:
/var/tmp/fcpFAAa17518:
   trphdi:
/var/tmp/fcpFAAa17518:
   trproj:
/var/tmp/fcpFAAa17518:
   trresc:
/var/tmp/fcpFAAa17518:
   trseek:
/var/tmp/fcpFAAa17518:
   trslnk:
/var/tmp/fcpFAAa17518:
   tsacha:
/var/tmp/fcpFAAa17518:
   tsaclu:
/var/tmp/fcpFAAa17518:
   tsacor:
/var/tmp/fcpFAAa17518:
   tsapat:
/var/tmp/fcpFAAa17518:
   tsatrk:
/var/tmp/fcpFAAa17518:
   tsawir:
/var/tmp/fcpFAAa17518:
   tsawtk:
/var/tmp/fcpFAAa17518:
   tscfil:
/var/tmp/fcpFAAa17518:
   tscidp:
/var/tmp/fcpFAAa17518:
   tscldp:
/var/tmp/fcpFAAa17518:
   tscoor:
/var/tmp/fcpFAAa17518:
   tseque:
/var/tmp/fcpFAAa17518:
   tsirdp:
/var/tmp/fcpFAAa17518:
   tslowc:
/var/tmp/fcpFAAa17518:
   tsmft:
/var/tmp/fcpFAAa17518:
   tsordp:
/var/tmp/fcpFAAa17518:
   tspudp:
/var/tmp/fcpFAAa17518:
   tsumvd:
/var/tmp/fcpFAAa17518:
   tszcor:
/var/tmp/fcpFAAa17518:
   ttloop:
/var/tmp/fcpFAAa17518:
   ttrunk:
/var/tmp/fcpFAAa17518:
   ttwodx:
/var/tmp/fcpFAAa17518:
   ttwosh:
/var/tmp/fcpFAAa17518:
   ttwosi:
/var/tmp/fcpFAAa17518:
   tvdvel:
/var/tmp/fcpFAAa17518:
   twinco:
/var/tmp/fcpFAAa17518:
   twindo:
/var/tmp/fcpFAAa17518:
   twires:
/var/tmp/fcpFAAa17518:
   twirez:
/var/tmp/fcpFAAa17518:
   twirfx:
/var/tmp/fcpFAAa17518:
   twpeak:
/var/tmp/fcpFAAa17518:
   twrrdp:

fort77: Warning: Compiler failure has occurred.
     Attempting to recompile failing compilation unit without optimization

/var/tmp/fcpFAAa17518:
   trhlx2:
/var/tmp/fcpFAAa18520:
   uctgft:
/var/tmp/fcpFAAa18520:
   ufitms:
/var/tmp/fcpFAAa18520:
   umxinv:
/var/tmp/fcpFAAa18520:
   unpack:
/var/tmp/fcpFAAa18520:
   usbook:
/var/tmp/fcpFAAa18520:
   uscjob:
/var/tmp/fcpFAAa18520:
   uscrun:
/var/tmp/fcpFAAa18520:
   ushist:
/var/tmp/fcpFAAa18520:
   usievt:
/var/tmp/fcpFAAa18520:
   usijob:
/var/tmp/fcpFAAa18520:
   usirun:
/var/tmp/fcpFAAa18520:
   uslowc:
/var/tmp/fcpFAAa18520:
   usprda:
/var/tmp/fcpFAAa18520:
   utdcbp:
/var/tmp/fcpFAAa18520:
   utlslf:
/var/tmp/fcpFAAa18520:
   uvpfit:
/var/tmp/fcpFAAa18520:
   uvpmat:
/var/tmp/fcpFAAa18520:
   uxsfit:
/var/tmp/fcpFAAa18520:
   uxsmat:
/var/tmp/fcpFAAa18704:
   vbmfit:
/var/tmp/fcpFAAa18704:
   vbsclr:
/var/tmp/fcpFAAa18704:
   vbsinr:
/var/tmp/fcpFAAa18704:
   vbspot:
/var/tmp/fcpFAAa18704:
   vcalcm:
/var/tmp/fcpFAAa18704:
   vcbfit:
/var/tmp/fcpFAAa18704:
   vcktrk:
/var/tmp/fcpFAAa18704:
   vclbnk:
/var/tmp/fcpFAAa18704:
   vcmean:
/var/tmp/fcpFAAa18704:
   vcrhot:
/var/tmp/fcpFAAa18704:
   vdalin:
/var/tmp/fcpFAAa18704:
   vdalsg:
/var/tmp/fcpFAAa18704:
   vdalxy:
/var/tmp/fcpFAAa18704:
   vdalzt:
/var/tmp/fcpFAAa18704:
   vdbgcl:
/var/tmp/fcpFAAa18704:
   vdbook:
/var/tmp/fcpFAAa18704:
   vdchst:
/var/tmp/fcpFAAa18704:
   vdcrun:
/var/tmp/fcpFAAa18704:
   vdecod:
/var/tmp/fcpFAAa18704:
   vdetok:
/var/tmp/fcpFAAa18704:
   vdfnam:
/var/tmp/fcpFAAa18704:
   vdfsup:
/var/tmp/fcpFAAa18704:
   vdgaus:
/var/tmp/fcpFAAa18704:
   vdgeph:
/var/tmp/fcpFAAa18704:
   vdgtht:
/var/tmp/fcpFAAa18704:
   vdgtmv:
/var/tmp/fcpFAAa18704:
   vdgtxl:
/var/tmp/fcpFAAa18704:
   vdhist:
/var/tmp/fcpFAAa18704:
   vdincp:
/var/tmp/fcpFAAa18704:
   vdismr:
/var/tmp/fcpFAAa18704:
   vdjacb:
/var/tmp/fcpFAAa18704:
   vdklcp:
/var/tmp/fcpFAAa18704:
   vdlink:
/var/tmp/fcpFAAa18704:
   vdmcef:
/var/tmp/fcpFAAa18704:
   vdmctr:
/var/tmp/fcpFAAa18704:
   vdmjln:
/var/tmp/fcpFAAa18704:
   vdmkce:
/var/tmp/fcpFAAa18704:
   vdmoni:
/var/tmp/fcpFAAa18704:
   vdmpin:
/var/tmp/fcpFAAa18704:
   vdmsup2:
/var/tmp/fcpFAAa18704:
   vdnois:
/var/tmp/fcpFAAa18704:
   vdosmr:
/var/tmp/fcpFAAa18704:
   vdpinh:
/var/tmp/fcpFAAa18704:
   vdrcun:
/var/tmp/fcpFAAa18704:
   vdrndm:
/var/tmp/fcpFAAa18704:
   vdrtan:
/var/tmp/fcpFAAa18704:
   vdsigm:
/var/tmp/fcpFAAa18704:
   vdsm95:
/var/tmp/fcpFAAa18704:
   vdsmap:
/var/tmp/fcpFAAa18704:
   vdstch:
/var/tmp/fcpFAAa18704:
   vdtan:
/var/tmp/fcpFAAa18704:
   vdwsdx:
/var/tmp/fcpFAAa18704:
   vdwsmr:
/var/tmp/fcpFAAa18704:
   vdxyzt:
/var/tmp/fcpFAAa18704:
   vhinit:
/var/tmp/fcpFAAa18704:
   vhotin:
/var/tmp/fcpFAAa18704:
   vinijo:
/var/tmp/fcpFAAa18704:
   viniru:
/var/tmp/fcpFAAa18704:
   vlcpos:
/var/tmp/fcpFAAa18704:
   vmgcrl:
/var/tmp/fcpFAAa18704:
   vmkr90:
/var/tmp/fcpFAAa18704:
   vmkr95:
/var/tmp/fcpFAAa18704:
   vpreda:
/var/tmp/fcpFAAa18704:
   vprpot:
/var/tmp/fcpFAAa18704:
   vprsum:
/var/tmp/fcpFAAa18704:
   vreclt:
/var/tmp/fcpFAAa18704:
   vreclu:
/var/tmp/fcpFAAa18704:
   vsepar:
/var/tmp/fcpFAAa18704:
   vseplt:
/var/tmp/fcpFAAa18704:
   vslowc:
/var/tmp/fcpFAAa18704:
   vspxyz:
/var/tmp/fcpFAAa18704:
   vstrim:
/var/tmp/fcpFAAa18704:
   vtrsup:
/var/tmp/fcpFAAa18704:
   vtrurl:
/var/tmp/fcpFAAa18704:
   vumctr:
/var/tmp/fcpFAAa18997:
   vaddia:
/var/tmp/fcpFAAa18997:
   vdblht:
/var/tmp/fcpFAAa18997:
   vfndil:
/var/tmp/fcpFAAa18997:
   vftall:
/var/tmp/fcpFAAa18997:
   vgbran:
/var/tmp/fcpFAAa18997:
   vgbrut:
/var/tmp/fcpFAAa18997:
   vgcmbv:
/var/tmp/fcpFAAa18997:
   vgcomp:
/var/tmp/fcpFAAa18997:
   vgfevt:
/var/tmp/fcpFAAa18997:
   vginit:
/var/tmp/fcpFAAa18997:
   vglink:
/var/tmp/fcpFAAa18997:
   vglob:
/var/tmp/fcpFAAa18997:
   vgnevt:
/var/tmp/fcpFAAa18997:
   vgsolv:
/var/tmp/fcpFAAa18997:
   vgstor:
/var/tmp/fcpFAAa18997:
   vgtcut:
/var/tmp/fcpFAAa18997:
   vherr:
/var/tmp/fcpFAAa18997:
   vhitid:
/var/tmp/fcpFAAa18997:
   vhmap:
/var/tmp/fcpFAAa18997:
   vhupck:
/var/tmp/fcpFAAa18997:
   vhuprm:
/var/tmp/fcpFAAa18997:
   vkaerr:
/var/tmp/fcpFAAa18997:
   vm1trk:
/var/tmp/fcpFAAa18997:
   vmchip:
/var/tmp/fcpFAAa18997:
   vmchis:
/var/tmp/fcpFAAa18997:
   vmclld:
/var/tmp/fcpFAAa18997:
   vmover:
/var/tmp/fcpFAAa18997:
   vmupdt:
/var/tmp/fcpFAAa18997:
   vpksln:
/var/tmp/fcpFAAa18997:
   vsltrk:
/var/tmp/fcpFAAa18997:
   vterex:
/var/tmp/fcpFAAa19170:
   wcal:
/var/tmp/fcpFAAa19170:
   wirjul:
/var/tmp/fcpFAAa19178:
   xptenb:
/var/tmp/fcpFAAa19178:
   xtcncr:
/var/tmp/fcpFAAa19186:
   yfbook:
/var/tmp/fcpFAAa19186:
   yfhist:
/var/tmp/fcpFAAa19186:
   yfijob:
/var/tmp/fcpFAAa19186:
   yfmain:
/var/tmp/fcpFAAa19186:
   yfvert:
/var/tmp/fcpFAAa19186:
   yinijo:
/var/tmp/fcpFAAa19186:
   yiniru:
/var/tmp/fcpFAAa19186:
   ykffit:
/var/tmp/fcpFAAa19186:
   ykinit:
/var/tmp/fcpFAAa19186:
   ykldc:
/var/tmp/fcpFAAa19186:
   yknem2:
/var/tmp/fcpFAAa19186:
   yksfit:
/var/tmp/fcpFAAa19186:
   yksrch:
/var/tmp/fcpFAAa19186:
   ykvdet:
/var/tmp/fcpFAAa19186:
   ymfv0s:
/var/tmp/fcpFAAa19186:
   yprpot:
/var/tmp/fcpFAAa19186:
   yprsum:
/var/tmp/fcpFAAa19186:
   ytbook:
/var/tmp/fcpFAAa19186:
   ythist:
/var/tmp/fcpFAAa19186:
   ytirun:
/var/tmp/fcpFAAa19186:
   yv0sum:
/var/tmp/fcpFAAa19186:
   yvbook:
/var/tmp/fcpFAAa19186:
   yvhist:
/var/tmp/fcpFAAa19186:
   yvijob:
/var/tmp/fcpFAAa19186:
   yybook:
/var/tmp/fcpFAAa19186:
   yyhist:
