/var/tmp/fcpFAAa06251:
   MAIN aamain:
/var/tmp/fcpFAAa06251:
   aboldr:
/var/tmp/fcpFAAa06251:
   ajmmcl:
/var/tmp/fcpFAAa06251:
   algtwa:
/var/tmp/fcpFAAa06251:
   almmcl:
/var/tmp/fcpFAAa06251:
   altime:
/var/tmp/fcpFAAa06251:
   aulpol:
/var/tmp/fcpFAAa06292:
   bcalju:
/var/tmp/fcpFAAa06292:
   bccrun:
/var/tmp/fcpFAAa06292:
   bcfile:
       entry    bcinit:
/var/tmp/fcpFAAa06292:
   bcgete:
/var/tmp/fcpFAAa06292:
   bcpack:
   centrd:
/var/tmp/fcpFAAa06292:
   binijo:
/var/tmp/fcpFAAa06292:
   biniru:
/var/tmp/fcpFAAa06292:
   bmsum:
/var/tmp/fcpFAAa06292:
   bpreda:
/var/tmp/fcpFAAa06292:
   bprsum:
/var/tmp/fcpFAAa06292:
   bslowc:
/var/tmp/fcpFAAa06359:
   cabook:
/var/tmp/fcpFAAa06359:
   calrec:
/var/tmp/fcpFAAa06359:
   calrel:
/var/tmp/fcpFAAa06359:
   calrep:
/var/tmp/fcpFAAa06359:
   calsup:
/var/tmp/fcpFAAa06359:
   cashet:
/var/tmp/fcpFAAa06359:
   casmp:
/var/tmp/fcpFAAa06359:
   casneu:
/var/tmp/fcpFAAa06359:
   casnmp:
/var/tmp/fcpFAAa06359:
   cclorl:
/var/tmp/fcpFAAa06359:
   cctrmi:
/var/tmp/fcpFAAa06359:
   ccutpe:
/var/tmp/fcpFAAa06359:
   cdang:
/var/tmp/fcpFAAa06359:
   cdths:
/var/tmp/fcpFAAa06359:
   cegclu:
/var/tmp/fcpFAAa06359:
   cencch:
/var/tmp/fcpFAAa06359:
   cencne:
/var/tmp/fcpFAAa06359:
   cesclu:
/var/tmp/fcpFAAa06359:
   cexcob:
/var/tmp/fcpFAAa06359:
   cexhis:
/var/tmp/fcpFAAa06359:
   cfpass:
/var/tmp/fcpFAAa06359:
   cfpmip:
/var/tmp/fcpFAAa06359:
   cfpnmp:
/var/tmp/fcpFAAa06359:
   cgrunc:
/var/tmp/fcpFAAa06359:
   chclu:
/var/tmp/fcpFAAa06359:
   chgclu:
/var/tmp/fcpFAAa06359:
   chsclu:
/var/tmp/fcpFAAa06359:
   cinijo:
/var/tmp/fcpFAAa06359:
   cinirl:
/var/tmp/fcpFAAa06359:
   cinpar:
/var/tmp/fcpFAAa06359:
   cinsrl:
/var/tmp/fcpFAAa06359:
   cisgam:
/var/tmp/fcpFAAa06359:
   cishit:
/var/tmp/fcpFAAa06359:
   cludis:
/var/tmp/fcpFAAa06359:
   cmoni:
/var/tmp/fcpFAAa06359:
   cnighb:
/var/tmp/fcpFAAa06359:
   coslst:
/var/tmp/fcpFAAa06359:
   cpadwr:
/var/tmp/fcpFAAa06359:
   cparad:
/var/tmp/fcpFAAa06359:
   cpotcr:
/var/tmp/fcpFAAa06359:
   cpoteh:
/var/tmp/fcpFAAa06359:
   cpotlc:
/var/tmp/fcpFAAa06359:
   cptcom:
/var/tmp/fcpFAAa06359:
   crcalo:
/var/tmp/fcpFAAa06359:
   crchrl:
/var/tmp/fcpFAAa06359:
   crcjob:
/var/tmp/fcpFAAa06359:
   crcpar:
/var/tmp/fcpFAAa06359:
   crhclu:
/var/tmp/fcpFAAa06359:
   cthclu:
/var/tmp/fcpFAAa06359:
   ctkchg:
/var/tmp/fcpFAAa06359:
   ctrmip:
/var/tmp/fcpFAAa06359:
   ctrpar:
/var/tmp/fcpFAAa06359:
   ctrtoc:
/var/tmp/fcpFAAa06359:
   cvrify:
/var/tmp/fcpFAAa06962:
   e1bpei:
/var/tmp/fcpFAAa06962:
   e2bpei:
/var/tmp/fcpFAAa06962:
   e3bpei:
/var/tmp/fcpFAAa06962:
   e4bary:
/var/tmp/fcpFAAa06962:
   e4cosz:
/var/tmp/fcpFAAa06962:
   e4dead:
/var/tmp/fcpFAAa06962:
   e4deij:
/var/tmp/fcpFAAa06962:
   e4fdij:
/var/tmp/fcpFAAa06962:
   e4fide:
/var/tmp/fcpFAAa06962:
   e4find:
/var/tmp/fcpFAAa06962:
   e4fnec:
/var/tmp/fcpFAAa06962:
   fracst:
/var/tmp/fcpFAAa06962:
   e4gtbr:
/var/tmp/fcpFAAa06962:
   e4gtpl:
/var/tmp/fcpFAAa06962:
   e4gtso:
/var/tmp/fcpFAAa06962:
   e4gtst:
/var/tmp/fcpFAAa06962:
   e4gttw:
/var/tmp/fcpFAAa06962:
   e4indi:
/var/tmp/fcpFAAa06962:
   e4lea1:
/var/tmp/fcpFAAa06962:
   e4ovrl:
/var/tmp/fcpFAAa06962:
   e4pal:
/var/tmp/fcpFAAa06962:
   e4r1r2:
/var/tmp/fcpFAAa06962:
   e4r2r3:
/var/tmp/fcpFAAa06962:
   e4r3r4:
/var/tmp/fcpFAAa06962:
   e4radc:
/var/tmp/fcpFAAa06962:
   e4res2:
/var/tmp/fcpFAAa06962:
   e4res3:
/var/tmp/fcpFAAa06962:
   e4tstl:
/var/tmp/fcpFAAa06962:
   e4xyz0:
/var/tmp/fcpFAAa06962:
   eautop:
/var/tmp/fcpFAAa06962:
   ebegid:
/var/tmp/fcpFAAa06962:
   eboxki:
/var/tmp/fcpFAAa06962:
   ecalig:
/var/tmp/fcpFAAa06962:
   ecblda:
/var/tmp/fcpFAAa06962:
   ecboba:
/var/tmp/fcpFAAa06962:
   ecbook:
/var/tmp/fcpFAAa06962:
   eccaob:
/var/tmp/fcpFAAa06962:
   ecchkb:
/var/tmp/fcpFAAa06962:
   ecclco:
/var/tmp/fcpFAAa06962:
   ecclus:
/var/tmp/fcpFAAa06962:
   ecdamp:
/var/tmp/fcpFAAa06962:
   ecdebg:
/var/tmp/fcpFAAa06962:
   ecdete:
/var/tmp/fcpFAAa06962:
   ecdigi:
/var/tmp/fcpFAAa06962:
   ecener:
/var/tmp/fcpFAAa06962:
   eceras:
/var/tmp/fcpFAAa06962:
   ecfclu:
/var/tmp/fcpFAAa06962:
   ecfibt:
/var/tmp/fcpFAAa06962:
   ecfils:
/var/tmp/fcpFAAa06962:
   ecfmip:
/var/tmp/fcpFAAa06962:
   ecfobj:
/var/tmp/fcpFAAa06962:
   ecgflw:
/var/tmp/fcpFAAa06962:
   ecgmix:
/var/tmp/fcpFAAa06962:
   echarg:
/var/tmp/fcpFAAa06962:
   echcgl:
/var/tmp/fcpFAAa06962:
   echedc:
/var/tmp/fcpFAAa06962:
   echiba:
/var/tmp/fcpFAAa06962:
   echist:
/var/tmp/fcpFAAa06962:
   echtag:
/var/tmp/fcpFAAa06962:
   ecinit:
/var/tmp/fcpFAAa06962:
   ecinrv:
/var/tmp/fcpFAAa06962:
   eclamp:
/var/tmp/fcpFAAa06962:
   eclana:
/var/tmp/fcpFAAa06962:
   ecleib:
/var/tmp/fcpFAAa06962:
   eclgeo:
/var/tmp/fcpFAAa06962:
   eclope:
/var/tmp/fcpFAAa06962:
   eclorl:
/var/tmp/fcpFAAa06962:
   eclost:
/var/tmp/fcpFAAa06962:
   ecltag:
/var/tmp/fcpFAAa06962:
   ecltrk:
/var/tmp/fcpFAAa06962:
   ecltyp:
/var/tmp/fcpFAAa06962:
   ecluar:
/var/tmp/fcpFAAa06962:
   ecmesp:
/var/tmp/fcpFAAa06962:
   ecmod:
/var/tmp/fcpFAAa06962:
   ecmopl:
/var/tmp/fcpFAAa06962:
   ecncob:
/var/tmp/fcpFAAa06962:
   ecobnk:
/var/tmp/fcpFAAa06962:
   ecoent:
/var/tmp/fcpFAAa06962:
   ecoidp:
/var/tmp/fcpFAAa06962:
   ecos:
/var/tmp/fcpFAAa06962:
   ecpad:
/var/tmp/fcpFAAa06962:
   ecpasr:
/var/tmp/fcpFAAa06962:
   ecplm:
/var/tmp/fcpFAAa06962:
   ecprin:
/var/tmp/fcpFAAa06962:
   ecprlo:
/var/tmp/fcpFAAa06962:
   ecrcob:
/var/tmp/fcpFAAa06962:
   ecre4d:
/var/tmp/fcpFAAa06962:
   ecreib:
/var/tmp/fcpFAAa06962:
   ecrmip:
/var/tmp/fcpFAAa06962:
   ecrndx:
/var/tmp/fcpFAAa06962:
   ecrpei:
/var/tmp/fcpFAAa06962:
   ecrtr:
/var/tmp/fcpFAAa06962:
   ecrunq:
/var/tmp/fcpFAAa06962:
   ecscmd:
/var/tmp/fcpFAAa06962:
   ecst:
/var/tmp/fcpFAAa06962:
   ecsupp:
/var/tmp/fcpFAAa06962:
   ecsw1093:
/var/tmp/fcpFAAa06962:
   ecsw94:
/var/tmp/fcpFAAa06962:
   ectemp:
/var/tmp/fcpFAAa06962:
   ecthre:
/var/tmp/fcpFAAa06962:
   ectopo:
/var/tmp/fcpFAAa06962:
   ectpc:
/var/tmp/fcpFAAa06962:
   ectrap:
/var/tmp/fcpFAAa06962:
   ectrea:
/var/tmp/fcpFAAa06962:
   ecxmod:
/var/tmp/fcpFAAa06962:
   edisal:
/var/tmp/fcpFAAa06962:
   edlist:
/var/tmp/fcpFAAa06962:
   efaxe:
/var/tmp/fcpFAAa06962:
   efbook:
/var/tmp/fcpFAAa06962:
   eferrr:
/var/tmp/fcpFAAa06962:
   eficlp:
/var/tmp/fcpFAAa06962:
   eficv:
/var/tmp/fcpFAAa06962:
   efiecp:
/var/tmp/fcpFAAa06962:
   efieib:
/var/tmp/fcpFAAa06962:
   efijob:
/var/tmp/fcpFAAa06962:
   efixi94:
/var/tmp/fcpFAAa06962:
   eflcst:
/var/tmp/fcpFAAa06962:
   efolmk:
/var/tmp/fcpFAAa06962:
   efpard:
/var/tmp/fcpFAAa06962:
   eftiel:
/var/tmp/fcpFAAa06962:
   egacst:
/var/tmp/fcpFAAa06962:
   egaest:
/var/tmp/fcpFAAa06962:
   egetds:
/var/tmp/fcpFAAa06962:
   egfcst:
/var/tmp/fcpFAAa06962:
   egttks:
/var/tmp/fcpFAAa06962:
   ehcflo:
/var/tmp/fcpFAAa06962:
   ehlix:
/var/tmp/fcpFAAa06962:
   ehreg:
/var/tmp/fcpFAAa06962:
   eidedx:
/var/tmp/fcpFAAa06962:
   eident:
/var/tmp/fcpFAAa06962:
   eieffl:
/var/tmp/fcpFAAa06962:
   einhlx:
/var/tmp/fcpFAAa06962:
   einijo:
/var/tmp/fcpFAAa06962:
   einirl:
/var/tmp/fcpFAAa06962:
   einiru:
/var/tmp/fcpFAAa06962:
   einitk:
/var/tmp/fcpFAAa06962:
   einsrl:
/var/tmp/fcpFAAa06962:
   eipard:
/var/tmp/fcpFAAa06962:
   eithr:
/var/tmp/fcpFAAa06962:
   eknewb:
/var/tmp/fcpFAAa06962:
   eknewe:
/var/tmp/fcpFAAa06962:
   elecid:
/var/tmp/fcpFAAa06962:
   elongi:
/var/tmp/fcpFAAa06962:
   emfill:
/var/tmp/fcpFAAa06962:
   emskei:
/var/tmp/fcpFAAa06962:
   emskev:
/var/tmp/fcpFAAa06962:
   emskf:
/var/tmp/fcpFAAa06962:
   emski:
/var/tmp/fcpFAAa06962:
   emskji:
/var/tmp/fcpFAAa06962:
   emskmu:
/var/tmp/fcpFAAa06962:
   enfmsk:
/var/tmp/fcpFAAa06962:
   enighb:
/var/tmp/fcpFAAa06962:
   enoise:
/var/tmp/fcpFAAa06962:
   enprox:
/var/tmp/fcpFAAa06962:
   enstat:
/var/tmp/fcpFAAa06962:
   epadcl:
/var/tmp/fcpFAAa06962:
   epatrn:
/var/tmp/fcpFAAa06962:
   epcalo:
/var/tmp/fcpFAAa06962:
   epchg:
/var/tmp/fcpFAAa06962:
   epneu:
/var/tmp/fcpFAAa06962:
   epreda:
/var/tmp/fcpFAAa06962:
   eproba:
/var/tmp/fcpFAAa06962:
   eprsto:
/var/tmp/fcpFAAa06962:
   eprsum:
/var/tmp/fcpFAAa06962:
   eprtpc:
/var/tmp/fcpFAAa06962:
   ercupi:
/var/tmp/fcpFAAa06962:
   ercupr:
/var/tmp/fcpFAAa06962:
   ereset:
/var/tmp/fcpFAAa06962:
   eroad:
/var/tmp/fcpFAAa06962:
   escdef:
/var/tmp/fcpFAAa06962:
   escoun:
/var/tmp/fcpFAAa06962:
   esfil:
/var/tmp/fcpFAAa06962:
   eslas:
/var/tmp/fcpFAAa06962:
   eslct:
/var/tmp/fcpFAAa06962:
   eslctf:
/var/tmp/fcpFAAa06962:
   eslowc:
/var/tmp/fcpFAAa06962:
   estag:
/var/tmp/fcpFAAa06962:
   esveto:
/var/tmp/fcpFAAa06962:
   eswpst:
/var/tmp/fcpFAAa06962:
   etdifp:
/var/tmp/fcpFAAa06962:
   ethres:
/var/tmp/fcpFAAa06962:
   etrdev:
/var/tmp/fcpFAAa06962:
   ewdifp:
/var/tmp/fcpFAAa06962:
   ewircl:
/var/tmp/fcpFAAa06962:
   ex3ijk:
/var/tmp/fcpFAAa07946:
   fawian:
/var/tmp/fcpFAAa07946:
   fcfrid:
/var/tmp/fcpFAAa07946:
   fdetco:
/var/tmp/fcpFAAa07946:
   ffield:
/var/tmp/fcpFAAa07946:
   fidhea:
/var/tmp/fcpFAAa07946:
   fidrot:
/var/tmp/fcpFAAa07946:
   finiru:
/var/tmp/fcpFAAa07946:
   fitall:
/var/tmp/fcpFAAa07946:
   fitwri:
/var/tmp/fcpFAAa07946:
   fkink:
/var/tmp/fcpFAAa07946:
   fkkpar:
/var/tmp/fcpFAAa07946:
   flngv0:
/var/tmp/fcpFAAa07946:
   floweh:
/var/tmp/fcpFAAa07946:
   flowfi:
/var/tmp/fcpFAAa07946:
   flowtr:
/var/tmp/fcpFAAa07946:
   flv0dx:
/var/tmp/fcpFAAa07946:
   fmuid:
/var/tmp/fcpFAAa07946:
   fpiden:
/var/tmp/fcpFAAa07946:
   fpmove:
/var/tmp/fcpFAAa07946:
   frefit:
/var/tmp/fcpFAAa07946:
   frmhit:
/var/tmp/fcpFAAa07946:
   ftpcer:
/var/tmp/fcpFAAa07946:
   ftrack:
/var/tmp/fcpFAAa08089:
   gambnk:
/var/tmp/fcpFAAa08089:
   gapeco:
/var/tmp/fcpFAAa08089:
   gasteer:
/var/tmp/fcpFAAa08122:
   hcalib:
/var/tmp/fcpFAAa08122:
   hcalrd:
/var/tmp/fcpFAAa08122:
   hcatow:
/var/tmp/fcpFAAa08122:
   hcbhis:
/var/tmp/fcpFAAa08122:
   hcfclu:
/var/tmp/fcpFAAa08122:
   hchist:
/var/tmp/fcpFAAa08122:
   hclcra:
/var/tmp/fcpFAAa08122:
   hcltst:
/var/tmp/fcpFAAa08122:
   hclufi:
/var/tmp/fcpFAAa08122:
   hcorfc:
/var/tmp/fcpFAAa08122:
   hcos:
/var/tmp/fcpFAAa08122:
   hcsimm:
/var/tmp/fcpFAAa08122:
   hdgdeb:
/var/tmp/fcpFAAa08122:
   hdgfil:
/var/tmp/fcpFAAa08122:
   hdgpot:
/var/tmp/fcpFAAa08122:
   hdgsum:
/var/tmp/fcpFAAa08122:
   hdprec:
/var/tmp/fcpFAAa08122:
   hdspre:
/var/tmp/fcpFAAa08122:
   hflnoi:
/var/tmp/fcpFAAa08122:
   hinijo:
/var/tmp/fcpFAAa08122:
   hiniru:
/var/tmp/fcpFAAa08122:
   hmener:
/var/tmp/fcpFAAa08122:
   hmfind:
/var/tmp/fcpFAAa08122:
   hmroad:
/var/tmp/fcpFAAa08122:
   hnoise:
/var/tmp/fcpFAAa08122:
   hnoisy:
/var/tmp/fcpFAAa08122:
   hpatco:
/var/tmp/fcpFAAa08122:
   hphnoi:
/var/tmp/fcpFAAa08122:
   hplink:
/var/tmp/fcpFAAa08122:
   hprana:
/var/tmp/fcpFAAa08122:
   hpranp:
/var/tmp/fcpFAAa08122:
   hprdig:
/var/tmp/fcpFAAa08122:
   hpreda:
/var/tmp/fcpFAAa08122:
   hprpot:
/var/tmp/fcpFAAa08122:
   hprsum:
/var/tmp/fcpFAAa08122:
   hprunc:
/var/tmp/fcpFAAa08122:
   hrcomp:
/var/tmp/fcpFAAa08122:
   hrcpat:
/var/tmp/fcpFAAa08122:
   hrdcal:
/var/tmp/fcpFAAa08122:
   hroad:
/var/tmp/fcpFAAa08122:
   hslink:
/var/tmp/fcpFAAa08122:
   hslowc:
/var/tmp/fcpFAAa08122:
   hspare:
/var/tmp/fcpFAAa08122:
   hsptre:
/var/tmp/fcpFAAa08122:
   hstofi:
/var/tmp/fcpFAAa08122:
   htrack:
/var/tmp/fcpFAAa08122:
   htubfi:
/var/tmp/fcpFAAa08122:
   htwcr:
/var/tmp/fcpFAAa08122:
   hvmask:
/var/tmp/fcpFAAa08510:
   iasign:
/var/tmp/fcpFAAa08510:
   iattma:
/var/tmp/fcpFAAa08510:
   ibnkin:
/var/tmp/fcpFAAa08510:
   icaswt:
/var/tmp/fcpFAAa08510:
   icftoi:
/var/tmp/fcpFAAa08510:
   iclimb:
/var/tmp/fcpFAAa08510:
   icrcco:
/var/tmp/fcpFAAa08510:
   ideadw:
/var/tmp/fcpFAAa08510:
   idigpr:
/var/tmp/fcpFAAa08510:
   ienang:
/var/tmp/fcpFAAa08510:
   ifind1:
/var/tmp/fcpFAAa08510:
   ifind2:
/var/tmp/fcpFAAa08510:
   ifitp:
/var/tmp/fcpFAAa08510:
   iftrak:
/var/tmp/fcpFAAa08510:
   igetti:
/var/tmp/fcpFAAa08510:
   igettp:
/var/tmp/fcpFAAa08510:
   igicha:
/var/tmp/fcpFAAa08510:
   iheler:
/var/tmp/fcpFAAa08510:
   iinijo:
/var/tmp/fcpFAAa08510:
   iiniru:
/var/tmp/fcpFAAa08510:
   iintrk:
/var/tmp/fcpFAAa08510:
   imatch:
/var/tmp/fcpFAAa08510:
   inigap:
/var/tmp/fcpFAAa08510:
   insect:
/var/tmp/fcpFAAa08510:
   intrak:
/var/tmp/fcpFAAa08510:
   ipakdi:
/var/tmp/fcpFAAa08510:
   ipdsti:
/var/tmp/fcpFAAa08510:
   iphcor:
/var/tmp/fcpFAAa08510:
   ipreda:
/var/tmp/fcpFAAa08510:
   iprsum:
/var/tmp/fcpFAAa08510:
   ipstat:
/var/tmp/fcpFAAa08510:
   irefin:
/var/tmp/fcpFAAa08510:
   ireopd:
/var/tmp/fcpFAAa08510:
   isave:
/var/tmp/fcpFAAa08510:
   ishuff:
/var/tmp/fcpFAAa08510:
   ishufl:
/var/tmp/fcpFAAa08510:
   islowc:
/var/tmp/fcpFAAa08510:
   isrch:
/var/tmp/fcpFAAa08510:
   itbook:
/var/tmp/fcpFAAa08510:
   itccut:
/var/tmp/fcpFAAa08510:
   itcopr:
/var/tmp/fcpFAAa08510:
   itcrec:
/var/tmp/fcpFAAa08510:
   itcrep:
/var/tmp/fcpFAAa08510:
   itctpc:
/var/tmp/fcpFAAa08510:
   itctrk:
/var/tmp/fcpFAAa08510:
   itcxng:
/var/tmp/fcpFAAa08510:
   iterr:
/var/tmp/fcpFAAa08510:
   itextn:
/var/tmp/fcpFAAa08510:
   ithist:
/var/tmp/fcpFAAa08510:
   itidy1:
/var/tmp/fcpFAAa08510:
   itidy2:
/var/tmp/fcpFAAa08510:
   itlnk1:
/var/tmp/fcpFAAa08510:
   itlnk2:
/var/tmp/fcpFAAa08510:
   itpcan:
/var/tmp/fcpFAAa08510:
   itrak:
/var/tmp/fcpFAAa08510:
   itrecf:
/var/tmp/fcpFAAa08510:
   itreci:
/var/tmp/fcpFAAa08510:
   itree:
/var/tmp/fcpFAAa08510:
   itrkci:
/var/tmp/fcpFAAa08510:
   itrkeq:
/var/tmp/fcpFAAa08510:
   itrkzr:
/var/tmp/fcpFAAa08510:
   itrmca:
/var/tmp/fcpFAAa08779:
   laccep:
   lfiduc:
/var/tmp/fcpFAAa08779:
   lasym:
/var/tmp/fcpFAAa08779:
   lbhab:
/var/tmp/fcpFAAa08779:
   lbhcor:
/var/tmp/fcpFAAa08779:
   lbindx:
/var/tmp/fcpFAAa08779:
   lbldba:
/var/tmp/fcpFAAa08779:
   lbnkpr:
/var/tmp/fcpFAAa08779:
   lbunca:
/var/tmp/fcpFAAa08779:
   lcalib:
/var/tmp/fcpFAAa08779:
   lcarec:
/var/tmp/fcpFAAa08779:
   lcbook:
/var/tmp/fcpFAAa08779:
   lchist:
/var/tmp/fcpFAAa08779:
   lclust:
/var/tmp/fcpFAAa08779:
   lclutw:
/var/tmp/fcpFAAa08779:
   lcorrc:
/var/tmp/fcpFAAa08779:
   lcpaxy:
/var/tmp/fcpFAAa08779:
   lcrpot:
/var/tmp/fcpFAAa08779:
   lcsave:
/var/tmp/fcpFAAa08779:
   ldirtw:
/var/tmp/fcpFAAa08779:
   lelect:
/var/tmp/fcpFAAa08779:
   lenlis:
/var/tmp/fcpFAAa08779:
   lestim:
/var/tmp/fcpFAAa08779:
   lfourc:
/var/tmp/fcpFAAa08779:
   lgngbx:
/var/tmp/fcpFAAa08779:
   lhvsta:
/var/tmp/fcpFAAa08779:
   lidcod:
/var/tmp/fcpFAAa08779:
   linijo:
/var/tmp/fcpFAAa08779:
   liniru:
/var/tmp/fcpFAAa08779:
   lolerr:
/var/tmp/fcpFAAa08779:
   lprcal:
/var/tmp/fcpFAAa08779:
   lpreda:
/var/tmp/fcpFAAa08779:
   lpremc:
/var/tmp/fcpFAAa08779:
   lprepo:
/var/tmp/fcpFAAa08779:
   lprerw:
/var/tmp/fcpFAAa08779:
   lprlum:
/var/tmp/fcpFAAa08779:
   lprsum:
/var/tmp/fcpFAAa08779:
   lselba:
/var/tmp/fcpFAAa08779:
   lselbh:
/var/tmp/fcpFAAa08779:
   lsingl:
/var/tmp/fcpFAAa08779:
   lslowc:
/var/tmp/fcpFAAa08779:
   lstati:
/var/tmp/fcpFAAa08779:
   lsumam:
/var/tmp/fcpFAAa08779:
   ltgbit:
/var/tmp/fcpFAAa08779:
   ltgtyp:
/var/tmp/fcpFAAa08779:
   ltrace:
/var/tmp/fcpFAAa08779:
   ltrack:
/var/tmp/fcpFAAa08779:
   ltrigs:
/var/tmp/fcpFAAa08779:
   lupacr:
/var/tmp/fcpFAAa08779:
   lupain:
/var/tmp/fcpFAAa08960:
   mginig:
/var/tmp/fcpFAAa08960:
   minhea:
/var/tmp/fcpFAAa08960:
   minijo:
/var/tmp/fcpFAAa08960:
   miniru:
/var/tmp/fcpFAAa08960:
   modroc:
/var/tmp/fcpFAAa08960:
   mpreda:
/var/tmp/fcpFAAa08960:
   mpredg:
/var/tmp/fcpFAAa08960:
   mpredm:
/var/tmp/fcpFAAa08960:
   mprsum:
/var/tmp/fcpFAAa08960:
   mslowc:
/var/tmp/fcpFAAa08960:
   mualcm:
/var/tmp/fcpFAAa08960:
   mualco:
/var/tmp/fcpFAAa08960:
   muass:
/var/tmp/fcpFAAa08960:
   mubook:
/var/tmp/fcpFAAa08960:
   mucomp:
/var/tmp/fcpFAAa08960:
   mucuts:
/var/tmp/fcpFAAa08960:
   muhist:
/var/tmp/fcpFAAa08960:
   muhitg:
/var/tmp/fcpFAAa08960:
   muhits:
/var/tmp/fcpFAAa08960:
   mukine:
/var/tmp/fcpFAAa08960:
   munewr:
/var/tmp/fcpFAAa08960:
   muredo:
/var/tmp/fcpFAAa08960:
   muslcm:
/var/tmp/fcpFAAa08960:
   muslco:
/var/tmp/fcpFAAa08960:
   mutest:
/var/tmp/fcpFAAa09076:
   obmfit:
/var/tmp/fcpFAAa09076:
   obsclr:
/var/tmp/fcpFAAa09076:
   obsinr:
/var/tmp/fcpFAAa09076:
   obspot:
/var/tmp/fcpFAAa09076:
   ocbfit:
/var/tmp/fcpFAAa09076:
   ocbpre:
/var/tmp/fcpFAAa09076:
   ogtblq:
/var/tmp/fcpFAAa09076:
   oinijo:
/var/tmp/fcpFAAa09076:
   oiniru:
/var/tmp/fcpFAAa09076:
   olspod:
/var/tmp/fcpFAAa09076:
   olspot:
/var/tmp/fcpFAAa09076:
   olspou:
/var/tmp/fcpFAAa09076:
   ombook:
/var/tmp/fcpFAAa09076:
   ombopt:
/var/tmp/fcpFAAa09076:
   ombout:
/var/tmp/fcpFAAa09076:
   ombpos:
/var/tmp/fcpFAAa09076:
   ombrec:
/var/tmp/fcpFAAa09076:
   omcorr:
/var/tmp/fcpFAAa09076:
   omcrun:
/var/tmp/fcpFAAa09076:
   omdata:
/var/tmp/fcpFAAa09076:
   omgain:
/var/tmp/fcpFAAa09076:
   omhist:
/var/tmp/fcpFAAa09076:
   omipos:
/var/tmp/fcpFAAa09076:
   omread:
/var/tmp/fcpFAAa09076:
   oprsum:
/var/tmp/fcpFAAa09076:
   oslowc:
/var/tmp/fcpFAAa09219:
   pmskfi:
/var/tmp/fcpFAAa09219:
   prolot:
/var/tmp/fcpFAAa09219:
   pryfit:
/var/tmp/fcpFAAa09219:
   pvfill:
/var/tmp/fcpFAAa09279:
   qfmmcl:
/var/tmp/fcpFAAa09279:
   qgmmcl:
/var/tmp/fcpFAAa09335:
   rbkhis:
/var/tmp/fcpFAAa09335:
   rcjsum:
/var/tmp/fcpFAAa09335:
   rclean:
/var/tmp/fcpFAAa09335:
   rcljob:
/var/tmp/fcpFAAa09335:
   rclrun:
/var/tmp/fcpFAAa09335:
   rcpas0:
/var/tmp/fcpFAAa09335:
   rdcard:
/var/tmp/fcpFAAa09335:
   rdefio:
/var/tmp/fcpFAAa09335:
   rdefmi:
/var/tmp/fcpFAAa09335:
   rdefpo:
/var/tmp/fcpFAAa09335:
   rdetec:
/var/tmp/fcpFAAa09335:
   recevt:
/var/tmp/fcpFAAa09335:
   recons:
/var/tmp/fcpFAAa09335:
   reject:
/var/tmp/fcpFAAa09335:
   report:
/var/tmp/fcpFAAa09335:
   rerror:
/var/tmp/fcpFAAa09335:
   rfalcr:
/var/tmp/fcpFAAa09335:
   rfalee:
/var/tmp/fcpFAAa09335:
   rfalie:
/var/tmp/fcpFAAa09335:
   rfalij:
/var/tmp/fcpFAAa09335:
   rfalir:
/var/tmp/fcpFAAa09335:
   rfalpd:
/var/tmp/fcpFAAa09335:
   rfjcon:
/var/tmp/fcpFAAa09335:
   rforma:
/var/tmp/fcpFAAa09335:
   rgetdv:
/var/tmp/fcpFAAa09335:
   rhbook:
/var/tmp/fcpFAAa09335:
   rhsevt:
/var/tmp/fcpFAAa09335:
   rincnd:
/var/tmp/fcpFAAa09335:
   rinjob:
/var/tmp/fcpFAAa09335:
   rinrun:
/var/tmp/fcpFAAa09335:
   ripas0:
/var/tmp/fcpFAAa09335:
   rloopr:
/var/tmp/fcpFAAa09335:
   rltoch:
/var/tmp/fcpFAAa09335:
   rlutrf:
/var/tmp/fcpFAAa09335:
   rmonii:
/var/tmp/fcpFAAa09335:
   rmonit:
/var/tmp/fcpFAAa09335:
   rnxmod:
/var/tmp/fcpFAAa09335:
   rperrs:
/var/tmp/fcpFAAa09335:
   rpnamb:
/var/tmp/fcpFAAa09335:
   rpotcl:
/var/tmp/fcpFAAa09335:
   rpreda:
/var/tmp/fcpFAAa09335:
   rprsta:
/var/tmp/fcpFAAa09335:
   rprsum:
/var/tmp/fcpFAAa09335:
   rrevhe:
/var/tmp/fcpFAAa09335:
   rshrin:
/var/tmp/fcpFAAa09335:
   rsmjob:
/var/tmp/fcpFAAa09335:
   rtitle:
/var/tmp/fcpFAAa09335:
   rtlsum:
/var/tmp/fcpFAAa09335:
   rtmask:
/var/tmp/fcpFAAa09335:
   rtrigf:
/var/tmp/fcpFAAa09335:
   runkno:
/var/tmp/fcpFAAa09335:
   rvdpre:
/var/tmp/fcpFAAa09335:
   rwjubw:
/var/tmp/fcpFAAa09335:
   rwrevt:
/var/tmp/fcpFAAa09335:
   rwrunh:
/var/tmp/fcpFAAa09335:
   rzejob:
/var/tmp/fcpFAAa09335:
   rzergl:
/var/tmp/fcpFAAa09335:
   rzerun:
/var/tmp/fcpFAAa09680:
   sabook:
/var/tmp/fcpFAAa09680:
   sacocr:
/var/tmp/fcpFAAa09680:
   sacopr:
/var/tmp/fcpFAAa09680:
   sahist:
/var/tmp/fcpFAAa09680:
   satrec:
/var/tmp/fcpFAAa09680:
   sclupr:
/var/tmp/fcpFAAa09680:
   scoopr:
/var/tmp/fcpFAAa09680:
   sftrpr:
/var/tmp/fcpFAAa09680:
   sibkpr:
/var/tmp/fcpFAAa09680:
   sibook:
/var/tmp/fcpFAAa09680:
   sicaok:
/var/tmp/fcpFAAa09680:
   siclc2:
/var/tmp/fcpFAAa09680:
   siclco:
/var/tmp/fcpFAAa09680:
   siclean:
/var/tmp/fcpFAAa09680:
   siclus:
/var/tmp/fcpFAAa09680:
   sicrec:
/var/tmp/fcpFAAa09680:
   sicrpot:
/var/tmp/fcpFAAa09680:
   sicrun:
/var/tmp/fcpFAAa09680:
   sidamp:
/var/tmp/fcpFAAa09680:
   sidcor:
/var/tmp/fcpFAAa09680:
   sidsum:
/var/tmp/fcpFAAa09680:
   sidvoi:
/var/tmp/fcpFAAa09680:
   siecor:
/var/tmp/fcpFAAa09680:
   siepcr:
/var/tmp/fcpFAAa09680:
   siesum:
   sifsum:
/var/tmp/fcpFAAa09680:
   sievst:
/var/tmp/fcpFAAa09680:
   sigaco:
/var/tmp/fcpFAAa09680:
   sigtdp:
/var/tmp/fcpFAAa09680:
   sigtwa:
/var/tmp/fcpFAAa09680:
   sihist:
/var/tmp/fcpFAAa09680:
   siinijo:
/var/tmp/fcpFAAa09680:
   siiniru:
/var/tmp/fcpFAAa09680:
   sijuke:
/var/tmp/fcpFAAa09680:
   silhcr:
/var/tmp/fcpFAAa09680:
   silist:
/var/tmp/fcpFAAa09680:
   silsum:
/var/tmp/fcpFAAa09680:
   siluad:
/var/tmp/fcpFAAa09680:
   silumi:
/var/tmp/fcpFAAa09680:
   silvoi:
/var/tmp/fcpFAAa09680:
   sinamx:
/var/tmp/fcpFAAa09680:
   sinijo:
/var/tmp/fcpFAAa09680:
   siniru:
/var/tmp/fcpFAAa09680:
   sipedfx:
/var/tmp/fcpFAAa09680:
   siphmod:
/var/tmp/fcpFAAa09680:
   sipreda:
/var/tmp/fcpFAAa09680:
   siprlum:
/var/tmp/fcpFAAa09680:
   siprsum:
/var/tmp/fcpFAAa09680:
   sipsum:
/var/tmp/fcpFAAa09680:
   sipvoi:
/var/tmp/fcpFAAa09680:
   sislowc:
/var/tmp/fcpFAAa09680:
   sisol2:
/var/tmp/fcpFAAa09680:
   sistat:
/var/tmp/fcpFAAa09680:
   siswap:
/var/tmp/fcpFAAa09680:
   sivois:
/var/tmp/fcpFAAa09680:
   skanpr:
/var/tmp/fcpFAAa09680:
   spatpr:
/var/tmp/fcpFAAa09680:
   spreda:
/var/tmp/fcpFAAa09680:
   spremc:
/var/tmp/fcpFAAa09680:
   sprpot:
/var/tmp/fcpFAAa09680:
   sprsum:
/var/tmp/fcpFAAa09680:
   sr2clu:
/var/tmp/fcpFAAa09680:
   sr2pat:
/var/tmp/fcpFAAa09680:
   sr3clu:
/var/tmp/fcpFAAa09680:
   sr3pat:
/var/tmp/fcpFAAa09680:
   sraddr:
/var/tmp/fcpFAAa09680:
   sralig:
/var/tmp/fcpFAAa09680:
   srbftr:
/var/tmp/fcpFAAa09680:
   srbtrk:
/var/tmp/fcpFAAa09680:
   srccop:
/var/tmp/fcpFAAa09680:
   srclip:
/var/tmp/fcpFAAa09680:
   srclus:
/var/tmp/fcpFAAa09680:
   srcons:
/var/tmp/fcpFAAa09680:
   srcoor:
/var/tmp/fcpFAAa09680:
   srcpat:
/var/tmp/fcpFAAa09680:
   srcuts:
/var/tmp/fcpFAAa09680:
   srdble:
/var/tmp/fcpFAAa09680:
   srdead:
/var/tmp/fcpFAAa09680:
   srdist:
/var/tmp/fcpFAAa09680:
   srdphb:
/var/tmp/fcpFAAa09680:
   srdtrk:
/var/tmp/fcpFAAa09680:
   sreald:
/var/tmp/fcpFAAa09680:
   srfhis:
/var/tmp/fcpFAAa09680:
   srfit0:
/var/tmp/fcpFAAa09680:
   srfit2:
/var/tmp/fcpFAAa09680:
   srfitf:
/var/tmp/fcpFAAa09680:
   srfltr:
/var/tmp/fcpFAAa09680:
   srftrk:
/var/tmp/fcpFAAa09680:
   srgeom:
/var/tmp/fcpFAAa09680:
   srihis:
/var/tmp/fcpFAAa09680:
   srinbs:
/var/tmp/fcpFAAa09680:
   srints:
/var/tmp/fcpFAAa09680:
   srkand:
/var/tmp/fcpFAAa09680:
   srlval:
/var/tmp/fcpFAAa09680:
   srmstr:
/var/tmp/fcpFAAa09680:
   srpatc:
/var/tmp/fcpFAAa09680:
   srprcn:
/var/tmp/fcpFAAa09680:
   srsel2:
/var/tmp/fcpFAAa09680:
   srselk:
/var/tmp/fcpFAAa09680:
   srselo:
/var/tmp/fcpFAAa09680:
   srstat:
/var/tmp/fcpFAAa09680:
   srsubs:
/var/tmp/fcpFAAa09680:
   srtdcn:
/var/tmp/fcpFAAa09680:
   srtdcr:
/var/tmp/fcpFAAa09680:
   srtrck:
/var/tmp/fcpFAAa09680:
   srunco:
/var/tmp/fcpFAAa09680:
   srupar:
/var/tmp/fcpFAAa09680:
   srupat:
/var/tmp/fcpFAAa09680:
   srwire:
/var/tmp/fcpFAAa09680:
   srwpa2:
/var/tmp/fcpFAAa09680:
   srwpar:
/var/tmp/fcpFAAa09680:
   sscpcr:
/var/tmp/fcpFAAa09680:
   sslowc:
/var/tmp/fcpFAAa09680:
   strkpr:
/var/tmp/fcpFAAa09680:
   supapr:
/var/tmp/fcpFAAa09680:
   swp2pr:
/var/tmp/fcpFAAa09680:
   swpapr:
/var/tmp/fcpFAAa10417:
   t1ftdp:
/var/tmp/fcpFAAa10417:
   taccmn:
/var/tmp/fcpFAAa10417:
   tarcdp:
/var/tmp/fcpFAAa10417:
   tatwin:
/var/tmp/fcpFAAa10417:
   tbcodp:
/var/tmp/fcpFAAa10417:
   tbnkin:
/var/tmp/fcpFAAa10417:
   tbprnt:
/var/tmp/fcpFAAa10417:
   tbval:
/var/tmp/fcpFAAa10417:
   tcaldp:
/var/tmp/fcpFAAa10417:
   tcdump:
/var/tmp/fcpFAAa10417:
   tchadp:
/var/tmp/fcpFAAa10417:
   tchsum:
/var/tmp/fcpFAAa10417:
   tclana:
/var/tmp/fcpFAAa10417:
   tclcor:
/var/tmp/fcpFAAa10417:
   tcldmp:
/var/tmp/fcpFAAa10417:
   tclpat:
/var/tmp/fcpFAAa10417:
   tclsng:
/var/tmp/fcpFAAa10417:
   tcludp:
/var/tmp/fcpFAAa10417:
   tclust:
/var/tmp/fcpFAAa10417:
   tco4pa:
/var/tmp/fcpFAAa10417:
   tcoalg:
/var/tmp/fcpFAAa10417:
   tcobin:
/var/tmp/fcpFAAa10417:
   tcodrv:
/var/tmp/fcpFAAa10417:
   tcoerr:
/var/tmp/fcpFAAa10417:
   tcogs3:
/var/tmp/fcpFAAa10417:
   tcoor:
/var/tmp/fcpFAAa10417:
   tcoort:
/var/tmp/fcpFAAa10417:
   tcothr:
/var/tmp/fcpFAAa10417:
   tcoul2:
/var/tmp/fcpFAAa10417:
   tcoul3:
/var/tmp/fcpFAAa10417:
   tcowa2:
/var/tmp/fcpFAAa10417:
   tcowa3:
/var/tmp/fcpFAAa10417:
   tcowav:
/var/tmp/fcpFAAa10417:
   tcowl2:
/var/tmp/fcpFAAa10417:
   tcptst:
/var/tmp/fcpFAAa10417:
   tcqgs3:
/var/tmp/fcpFAAa10417:
   tcshf1:
/var/tmp/fcpFAAa10417:
   tcshft:
/var/tmp/fcpFAAa10417:
   terpar:
/var/tmp/fcpFAAa10417:
   tfcand:
/var/tmp/fcpFAAa10417:
   tfchek:
/var/tmp/fcpFAAa10417:
   tfilpa:
/var/tmp/fcpFAAa10417:
   tfiltj:
/var/tmp/fcpFAAa10417:
   tfithl:
       entry    tfthed:
       entry    tfthec:
/var/tmp/fcpFAAa10417:
   tfitkf:
/var/tmp/fcpFAAa10417:
   tfittk:
/var/tmp/fcpFAAa10417:
   tflnk2:
/var/tmp/fcpFAAa10417:
   tflnks:
/var/tmp/fcpFAAa10417:
   tfpcoi:
/var/tmp/fcpFAAa10417:
   tfthel:
/var/tmp/fcpFAAa10417:
   tftpad:
/var/tmp/fcpFAAa10417:
   tftwtb:
/var/tmp/fcpFAAa10417:
   tgetqt:
/var/tmp/fcpFAAa10417:
   tgftdp:
/var/tmp/fcpFAAa10417:
   tgmadp:
/var/tmp/fcpFAAa10417:
   thpadd:
/var/tmp/fcpFAAa10417:
   thpcor:
/var/tmp/fcpFAAa10417:
   thpfdg:
/var/tmp/fcpFAAa10417:
   thtrow:
/var/tmp/fcpFAAa10417:
   tinijo:
/var/tmp/fcpFAAa10417:
   tiniru:
/var/tmp/fcpFAAa10417:
   tisfil:
/var/tmp/fcpFAAa10417:
   tislnd:
/var/tmp/fcpFAAa10417:
   tjtop:
/var/tmp/fcpFAAa10417:
   tkink:
/var/tmp/fcpFAAa10417:
   tksgdp:
/var/tmp/fcpFAAa10417:
   tlctdp:
/var/tmp/fcpFAAa10417:
   tlcons:
   tldelm:
   tladd:
   tlinit:
   tlovfl:
   tlnext:
   tlpop:
   tlscra:
/var/tmp/fcpFAAa10417:
   tmagnt:
/var/tmp/fcpFAAa10417:
   tmshel:
       entry    tmshed:
       entry    tmshec:
       entry    tmschi:
/var/tmp/fcpFAAa10417:
   tnhlfp:
/var/tmp/fcpFAAa10417:
   tovrlp:
/var/tmp/fcpFAAa10417:
   tpaddx:
/var/tmp/fcpFAAa10417:
   tpadfx:
/var/tmp/fcpFAAa10417:
   tpadpo:
/var/tmp/fcpFAAa10417:
   tpadpr:
/var/tmp/fcpFAAa10417:
   tpads:
/var/tmp/fcpFAAa10417:
   tpakbc:
/var/tmp/fcpFAAa10417:
   tpakco:
/var/tmp/fcpFAAa10417:
   tpakta:
/var/tmp/fcpFAAa10417:
   tpaktx:
/var/tmp/fcpFAAa10417:
   tparab:
/var/tmp/fcpFAAa10417:
   tpbook:
/var/tmp/fcpFAAa10417:
   tpcbun:
/var/tmp/fcpFAAa10417:
   tpcrec:
/var/tmp/fcpFAAa10417:
   tpcrun:
/var/tmp/fcpFAAa10417:
   tpct0:
/var/tmp/fcpFAAa10417:
   tpct0n:
/var/tmp/fcpFAAa10417:
   tpdels:
/var/tmp/fcpFAAa10417:
   tpdiag:
/var/tmp/fcpFAAa10417:
   tpdthr:
/var/tmp/fcpFAAa10417:
   tphist:
/var/tmp/fcpFAAa10417:
   tphsmr:
/var/tmp/fcpFAAa10417:
   tpk1co:
/var/tmp/fcpFAAa10417:
   tpkill:
/var/tmp/fcpFAAa10417:
   tplana:
/var/tmp/fcpFAAa10417:
   tppadd:
/var/tmp/fcpFAAa10417:
   tpreda:
/var/tmp/fcpFAAa10417:
   tprf2:
/var/tmp/fcpFAAa10417:
   tprfin:
/var/tmp/fcpFAAa10417:
   tprfx:
/var/tmp/fcpFAAa10417:
   tprlst:
/var/tmp/fcpFAAa10417:
   tprndm:
/var/tmp/fcpFAAa10417:
   tprsum:
/var/tmp/fcpFAAa10417:
   tpsmgt:
/var/tmp/fcpFAAa10417:
   tpsmr1:
/var/tmp/fcpFAAa10417:
   tpsort:
/var/tmp/fcpFAAa10417:
   tpstat:
/var/tmp/fcpFAAa10417:
   tpuldp:
/var/tmp/fcpFAAa10417:
   trdwp1:
/var/tmp/fcpFAAa10417:
   trdwp2:
/var/tmp/fcpFAAa10417:
   trdwp3:
/var/tmp/fcpFAAa10417:
   trefch:
/var/tmp/fcpFAAa10417:
   trefit:
/var/tmp/fcpFAAa10417:
   trempt:
/var/tmp/fcpFAAa10417:
   trftch:
/var/tmp/fcpFAAa10417:
   trhlx2:
Compiler error line 72 of ../t_/trhlx2.F: Utils: Sanity Check: Inconsistent internal data structures. (6933)
/var/tmp/fcpFAAa10417:
   trkdmp:
/var/tmp/fcpFAAa10417:
   trkels:
/var/tmp/fcpFAAa10417:
   trkfnd:
/var/tmp/fcpFAAa10417:
   trkmca:
/var/tmp/fcpFAAa10417:
   trkwra:
/var/tmp/fcpFAAa10417:
   trmvep:
/var/tmp/fcpFAAa10417:
   trncon:
/var/tmp/fcpFAAa10417:
   trphdi:
/var/tmp/fcpFAAa10417:
   trproj:
/var/tmp/fcpFAAa10417:
   trresc:
/var/tmp/fcpFAAa10417:
   trseek:
/var/tmp/fcpFAAa10417:
   trslnk:
/var/tmp/fcpFAAa10417:
   tsacha:
/var/tmp/fcpFAAa10417:
   tsaclu:
/var/tmp/fcpFAAa10417:
   tsacor:
/var/tmp/fcpFAAa10417:
   tsapat:
/var/tmp/fcpFAAa10417:
   tsatrk:
/var/tmp/fcpFAAa10417:
   tsawir:
/var/tmp/fcpFAAa10417:
   tsawtk:
/var/tmp/fcpFAAa10417:
   tscfil:
/var/tmp/fcpFAAa10417:
   tscidp:
/var/tmp/fcpFAAa10417:
   tscldp:
/var/tmp/fcpFAAa10417:
   tscoor:
/var/tmp/fcpFAAa10417:
   tseque:
/var/tmp/fcpFAAa10417:
   tsirdp:
/var/tmp/fcpFAAa10417:
   tslowc:
/var/tmp/fcpFAAa10417:
   tsmft:
/var/tmp/fcpFAAa10417:
   tsordp:
/var/tmp/fcpFAAa10417:
   tspudp:
/var/tmp/fcpFAAa10417:
   tsumvd:
/var/tmp/fcpFAAa10417:
   tszcor:
/var/tmp/fcpFAAa10417:
   ttloop:
/var/tmp/fcpFAAa10417:
   ttrunk:
/var/tmp/fcpFAAa10417:
   ttwodx:
/var/tmp/fcpFAAa10417:
   ttwosh:
/var/tmp/fcpFAAa10417:
   ttwosi:
/var/tmp/fcpFAAa10417:
   tvdvel:
/var/tmp/fcpFAAa10417:
   twinco:
/var/tmp/fcpFAAa10417:
   twindo:
/var/tmp/fcpFAAa10417:
   twires:
/var/tmp/fcpFAAa10417:
   twirez:
/var/tmp/fcpFAAa10417:
   twirfx:
/var/tmp/fcpFAAa10417:
   twpeak:
/var/tmp/fcpFAAa10417:
   twrrdp:

fort77: Warning: Compiler failure has occurred.
     Attempting to recompile failing compilation unit without optimization

/var/tmp/fcpFAAa10417:
   trhlx2:
/var/tmp/fcpFAAa11450:
   uctgft:
/var/tmp/fcpFAAa11450:
   ufitms:
/var/tmp/fcpFAAa11450:
   umxinv:
/var/tmp/fcpFAAa11450:
   unpack:
/var/tmp/fcpFAAa11450:
   usbook:
/var/tmp/fcpFAAa11450:
   uscjob:
/var/tmp/fcpFAAa11450:
   uscrun:
/var/tmp/fcpFAAa11450:
   ushist:
/var/tmp/fcpFAAa11450:
   usievt:
/var/tmp/fcpFAAa11450:
   usijob:
/var/tmp/fcpFAAa11450:
   usirun:
/var/tmp/fcpFAAa11450:
   uslowc:
/var/tmp/fcpFAAa11450:
   usprda:
/var/tmp/fcpFAAa11450:
   utdcbp:
/var/tmp/fcpFAAa11450:
   utlslf:
/var/tmp/fcpFAAa11450:
   uvpfit:
/var/tmp/fcpFAAa11450:
   uvpmat:
/var/tmp/fcpFAAa11450:
   uxsfit:
/var/tmp/fcpFAAa11450:
   uxsmat:
/var/tmp/fcpFAAa11540:
   vbmfit:
/var/tmp/fcpFAAa11540:
   vbsclr:
/var/tmp/fcpFAAa11540:
   vbsinr:
/var/tmp/fcpFAAa11540:
   vbspot:
/var/tmp/fcpFAAa11540:
   vcalcm:
/var/tmp/fcpFAAa11540:
   vcbfit:
/var/tmp/fcpFAAa11540:
   vcktrk:
/var/tmp/fcpFAAa11540:
   vclbnk:
/var/tmp/fcpFAAa11540:
   vcmean:
/var/tmp/fcpFAAa11540:
   vcrhot:
/var/tmp/fcpFAAa11540:
   vdalin:
/var/tmp/fcpFAAa11540:
   vdalsg:
/var/tmp/fcpFAAa11540:
   vdalxy:
/var/tmp/fcpFAAa11540:
   vdalzt:
/var/tmp/fcpFAAa11540:
   vdbgcl:
/var/tmp/fcpFAAa11540:
   vdbook:
/var/tmp/fcpFAAa11540:
   vdchst:
/var/tmp/fcpFAAa11540:
   vdcrun:
/var/tmp/fcpFAAa11540:
   vdecod:
/var/tmp/fcpFAAa11540:
   vdetok:
/var/tmp/fcpFAAa11540:
   vdfnam:
/var/tmp/fcpFAAa11540:
   vdfsup:
/var/tmp/fcpFAAa11540:
   vdgaus:
/var/tmp/fcpFAAa11540:
   vdgeph:
/var/tmp/fcpFAAa11540:
   vdgtht:
/var/tmp/fcpFAAa11540:
   vdgtmv:
/var/tmp/fcpFAAa11540:
   vdgtxl:
/var/tmp/fcpFAAa11540:
   vdhist:
/var/tmp/fcpFAAa11540:
   vdincp:
/var/tmp/fcpFAAa11540:
   vdismr:
/var/tmp/fcpFAAa11540:
   vdjacb:
/var/tmp/fcpFAAa11540:
   vdklcp:
/var/tmp/fcpFAAa11540:
   vdlink:
/var/tmp/fcpFAAa11540:
   vdmcef:
/var/tmp/fcpFAAa11540:
   vdmctr:
/var/tmp/fcpFAAa11540:
   vdmjln:
/var/tmp/fcpFAAa11540:
   vdmkce:
/var/tmp/fcpFAAa11540:
   vdmoni:
/var/tmp/fcpFAAa11540:
   vdmpin:
/var/tmp/fcpFAAa11540:
   vdmsup2:
/var/tmp/fcpFAAa11540:
   vdnois:
/var/tmp/fcpFAAa11540:
   vdosmr:
/var/tmp/fcpFAAa11540:
   vdpinh:
/var/tmp/fcpFAAa11540:
   vdrcun:
/var/tmp/fcpFAAa11540:
   vdrndm:
/var/tmp/fcpFAAa11540:
   vdrtan:
/var/tmp/fcpFAAa11540:
   vdsigm:
/var/tmp/fcpFAAa11540:
   vdsm95:
/var/tmp/fcpFAAa11540:
   vdsmap:
/var/tmp/fcpFAAa11540:
   vdstch:
/var/tmp/fcpFAAa11540:
   vdtan:
/var/tmp/fcpFAAa11540:
   vdwsdx:
/var/tmp/fcpFAAa11540:
   vdwsmr:
/var/tmp/fcpFAAa11540:
   vdxyzt:
/var/tmp/fcpFAAa11540:
   vhinit:
/var/tmp/fcpFAAa11540:
   vhotin:
/var/tmp/fcpFAAa11540:
   vinijo:
/var/tmp/fcpFAAa11540:
   viniru:
/var/tmp/fcpFAAa11540:
   vlcpos:
/var/tmp/fcpFAAa11540:
   vmgcrl:
/var/tmp/fcpFAAa11540:
   vmkr90:
/var/tmp/fcpFAAa11540:
   vmkr95:
/var/tmp/fcpFAAa11540:
   vpreda:
/var/tmp/fcpFAAa11540:
   vprpot:
/var/tmp/fcpFAAa11540:
   vprsum:
/var/tmp/fcpFAAa11540:
   vreclt:
/var/tmp/fcpFAAa11540:
   vreclu:
/var/tmp/fcpFAAa11540:
   vsepar:
/var/tmp/fcpFAAa11540:
   vseplt:
/var/tmp/fcpFAAa11540:
   vslowc:
/var/tmp/fcpFAAa11540:
   vspxyz:
/var/tmp/fcpFAAa11540:
   vstrim:
/var/tmp/fcpFAAa11540:
   vtrsup:
/var/tmp/fcpFAAa11540:
   vtrurl:
/var/tmp/fcpFAAa11540:
   vumctr:
/var/tmp/fcpFAAa11941:
   vaddia:
/var/tmp/fcpFAAa11941:
   vdblht:
/var/tmp/fcpFAAa11941:
   vfndil:
/var/tmp/fcpFAAa11941:
   vftall:
/var/tmp/fcpFAAa11941:
   vgbran:
/var/tmp/fcpFAAa11941:
   vgbrut:
/var/tmp/fcpFAAa11941:
   vgcmbv:
/var/tmp/fcpFAAa11941:
   vgcomp:
/var/tmp/fcpFAAa11941:
   vgfevt:
/var/tmp/fcpFAAa11941:
   vginit:
/var/tmp/fcpFAAa11941:
   vglink:
/var/tmp/fcpFAAa11941:
   vglob:
/var/tmp/fcpFAAa11941:
   vgnevt:
/var/tmp/fcpFAAa11941:
   vgsolv:
/var/tmp/fcpFAAa11941:
   vgstor:
/var/tmp/fcpFAAa11941:
   vgtcut:
/var/tmp/fcpFAAa11941:
   vherr:
/var/tmp/fcpFAAa11941:
   vhitid:
/var/tmp/fcpFAAa11941:
   vhmap:
/var/tmp/fcpFAAa11941:
   vhupck:
/var/tmp/fcpFAAa11941:
   vhuprm:
/var/tmp/fcpFAAa11941:
   vkaerr:
/var/tmp/fcpFAAa11941:
   vm1trk:
/var/tmp/fcpFAAa11941:
   vmchip:
/var/tmp/fcpFAAa11941:
   vmchis:
/var/tmp/fcpFAAa11941:
   vmclld:
/var/tmp/fcpFAAa11941:
   vmover:
/var/tmp/fcpFAAa11941:
   vmupdt:
/var/tmp/fcpFAAa11941:
   vpksln:
/var/tmp/fcpFAAa11941:
   vsltrk:
/var/tmp/fcpFAAa11941:
   vterex:
/var/tmp/fcpFAAa12074:
   wcal:
/var/tmp/fcpFAAa12074:
   wirjul:
/var/tmp/fcpFAAa12092:
   xptenb:
/var/tmp/fcpFAAa12092:
   xtcncr:
/var/tmp/fcpFAAa12099:
   yfbook:
/var/tmp/fcpFAAa12099:
   yfhist:
/var/tmp/fcpFAAa12099:
   yfijob:
/var/tmp/fcpFAAa12099:
   yfmain:
/var/tmp/fcpFAAa12099:
   yfvert:
/var/tmp/fcpFAAa12099:
   yinijo:
/var/tmp/fcpFAAa12099:
   yiniru:
/var/tmp/fcpFAAa12099:
   ykffit:
/var/tmp/fcpFAAa12099:
   ykinit:
/var/tmp/fcpFAAa12099:
   ykldc:
/var/tmp/fcpFAAa12099:
   yknem2:
/var/tmp/fcpFAAa12099:
   yksfit:
/var/tmp/fcpFAAa12099:
   yksrch:
/var/tmp/fcpFAAa12099:
   ykvdet:
/var/tmp/fcpFAAa12099:
   ymfv0s:
/var/tmp/fcpFAAa12099:
   yprpot:
/var/tmp/fcpFAAa12099:
   yprsum:
/var/tmp/fcpFAAa12099:
   ytbook:
/var/tmp/fcpFAAa12099:
   ythist:
/var/tmp/fcpFAAa12099:
   ytirun:
/var/tmp/fcpFAAa12099:
   yv0sum:
/var/tmp/fcpFAAa12099:
   yvbook:
/var/tmp/fcpFAAa12099:
   yvhist:
/var/tmp/fcpFAAa12099:
   yvijob:
/var/tmp/fcpFAAa12099:
   yybook:
/var/tmp/fcpFAAa12099:
   yyhist:
