/var/tmp/fcpFAAa18428:
   albunch:
/var/tmp/fcpFAAa18428:
   alefil:
/var/tmp/fcpFAAa18428:
   alelep:
/var/tmp/fcpFAAa18428:
   alfiel:
/var/tmp/fcpFAAa18428:
   alkevh:
/var/tmp/fcpFAAa18428:
   alkjob:
/var/tmp/fcpFAAa18428:
   alklun:
/var/tmp/fcpFAAa18428:
   alkmar:
/var/tmp/fcpFAAa18428:
   alkran:
/var/tmp/fcpFAAa18428:
   alkrun:
/var/tmp/fcpFAAa18428:
   allep1:
/var/tmp/fcpFAAa18428:
   alrlep:
/var/tmp/fcpFAAa18428:
   alsecs:
/var/tmp/fcpFAAa18428:
   altrhv:
/var/tmp/fcpFAAa18428:
   altrig:
/var/tmp/fcpFAAa18428:
   alvers:
/var/tmp/fcpFAAa18428:
   dvmove:
/var/tmp/fcpFAAa18428:
   dvzero:
/var/tmp/fcpFAAa18428:
   fixalpb:
/var/tmp/fcpFAAa18428:
   getbp:
/var/tmp/fcpFAAa18428:
   getle1:
/var/tmp/fcpFAAa18428:
   getle2:
/var/tmp/fcpFAAa18428:
   getlep:
       entry    getofs:
/var/tmp/fcpFAAa18428:
   getlum:
/var/tmp/fcpFAAa18428:
   gets4b:
/var/tmp/fcpFAAa18428:
   getslu:
/var/tmp/fcpFAAa18428:
   getxyb:
/var/tmp/fcpFAAa18428:
   gtt0gl:
/var/tmp/fcpFAAa18428:
   lfilru:
/var/tmp/fcpFAAa18428:
   rqbunc:
/var/tmp/fcpFAAa18428:
   xfmcbp:
/var/tmp/fcpFAAa18537:
   auarcm:
/var/tmp/fcpFAAa18537:
   auhcyl:
/var/tmp/fcpFAAa18537:
   auhdis:
/var/tmp/fcpFAAa18537:
   auhlen:
/var/tmp/fcpFAAa18537:
   aulcyl:
/var/tmp/fcpFAAa18537:
   aullen:
/var/tmp/fcpFAAa18537:
   autrpl:
/var/tmp/fcpFAAa18537:
   helins:
/var/tmp/fcpFAAa18537:
   ppcorr:
/var/tmp/fcpFAAa18537:
   smav:
/var/tmp/fcpFAAa18537:
   sminv:
       entry    xminv:
/var/tmp/fcpFAAa18537:
   smnorm:
/var/tmp/fcpFAAa18537:
   thlcir:
/var/tmp/fcpFAAa18537:
   tk2ivm:
/var/tmp/fcpFAAa18537:
   tnrhpa:
/var/tmp/fcpFAAa18537:
   ufield:
/var/tmp/fcpFAAa18537:
   ufitql:
/var/tmp/fcpFAAa18537:
   ufitzs:
/var/tmp/fcpFAAa18537:
   ufmmul:
       entry    ufmmlt:
       entry    ufmscl:
       entry    ufmadd:
       entry    ufmult:
/var/tmp/fcpFAAa18537:
   ufms:
/var/tmp/fcpFAAa18537:
   uftmso:
/var/tmp/fcpFAAa18537:
   uhelix:
/var/tmp/fcpFAAa18537:
   uhelix2:
/var/tmp/fcpFAAa18537:
   uincov:
/var/tmp/fcpFAAa18537:
   umserr:
/var/tmp/fcpFAAa18537:
   unewdp:
/var/tmp/fcpFAAa18537:
   unewzp:
/var/tmp/fcpFAAa18537:
   utkxng:
/var/tmp/fcpFAAa18537:
   utrid:
/var/tmp/fcpFAAa18537:
   utswco:
/var/tmp/fcpFAAa18537:
   uvtrid:
/var/tmp/fcpFAAa18537:
   yfix:
/var/tmp/fcpFAAa18537:
   yhelix:
/var/tmp/fcpFAAa18537:
   ysense:
/var/tmp/fcpFAAa18537:
   yv0one:
/var/tmp/fcpFAAa18705:
   tbtblk:
/var/tmp/fcpFAAa18705:
   tbtblp:
/var/tmp/fcpFAAa18705:
   tcgxru:
/var/tmp/fcpFAAa18705:
   tchkex:
/var/tmp/fcpFAAa18705:
   tchkhv:
/var/tmp/fcpFAAa18705:
   tdedxv:
       entry    tdedxr:
/var/tmp/fcpFAAa18705:
   tdxerr:
/var/tmp/fcpFAAa18705:
   tidhyp:
/var/tmp/fcpFAAa18705:
   tmdedx:
/var/tmp/fcpFAAa18705:
   tmpddx:
/var/tmp/fcpFAAa18705:
   tpdhyp:
/var/tmp/fcpFAAa18705:
   tpxerr:
/var/tmp/fcpFAAa18705:
   txdedx:
/var/tmp/fcpFAAa18705:
   txpddx:
/var/tmp/fcpFAAa18739:
   eclean:
/var/tmp/fcpFAAa18739:
   ecprhi:
/var/tmp/fcpFAAa18739:
   ecprto:
/var/tmp/fcpFAAa18739:
   ecprtr:
/var/tmp/fcpFAAa18739:
   ecprwi:
/var/tmp/fcpFAAa18739:
   emtzer:
/var/tmp/fcpFAAa18755:
   acoupe:
/var/tmp/fcpFAAa18755:
   aire:
/var/tmp/fcpFAAa18755:
   airsct:
/var/tmp/fcpFAAa18755:
   avolum:
/var/tmp/fcpFAAa18755:
   ealgmk:
/var/tmp/fcpFAAa18755:
   ealign:
/var/tmp/fcpFAAa18755:
   ealtmk:
/var/tmp/fcpFAAa18755:
   ecdfrd:
/var/tmp/fcpFAAa18755:
   ecplst:
/var/tmp/fcpFAAa18755:
   ecrwrg:
/var/tmp/fcpFAAa18755:
   ecsgeo:
/var/tmp/fcpFAAa18755:
   ectilt:
/var/tmp/fcpFAAa18755:
   ecylnd:
/var/tmp/fcpFAAa18755:
   edefcl:
/var/tmp/fcpFAAa18755:
   edefec:
/var/tmp/fcpFAAa18755:
   edeflg:
/var/tmp/fcpFAAa18755:
   edefmd:
/var/tmp/fcpFAAa18755:
   edefsc:
/var/tmp/fcpFAAa18755:
   edefsp:
/var/tmp/fcpFAAa18755:
   edefss:
/var/tmp/fcpFAAa18755:
   edisgn:
/var/tmp/fcpFAAa18755:
   efncrs:
/var/tmp/fcpFAAa18755:
   efndcl:
/var/tmp/fcpFAAa18755:
   efndlg:
/var/tmp/fcpFAAa18755:
   efndmd:
/var/tmp/fcpFAAa18755:
   efndpl:
/var/tmp/fcpFAAa18755:
   efndrg:
/var/tmp/fcpFAAa18755:
   efndsc:
/var/tmp/fcpFAAa18755:
   efndss:
/var/tmp/fcpFAAa18755:
   efndst:
/var/tmp/fcpFAAa18755:
   efndtw:
/var/tmp/fcpFAAa18755:
   efnicr:
/var/tmp/fcpFAAa18755:
   efnitw:
/var/tmp/fcpFAAa18755:
   efnlay:
/var/tmp/fcpFAAa18755:
   egptlg:
/var/tmp/fcpFAAa18755:
   egptsp:
/var/tmp/fcpFAAa18755:
   egtlnf:
/var/tmp/fcpFAAa18755:
   ehsimt:
/var/tmp/fcpFAAa18755:
   eintst:
/var/tmp/fcpFAAa18755:
   einvrl:
/var/tmp/fcpFAAa18755:
   elimin:
/var/tmp/fcpFAAa18755:
   elimrg:
/var/tmp/fcpFAAa18755:
   elimsc:
/var/tmp/fcpFAAa18755:
   elimst:
/var/tmp/fcpFAAa18755:
   elocal:
/var/tmp/fcpFAAa18755:
   emabsl:
/var/tmp/fcpFAAa18755:
   emdedx:
/var/tmp/fcpFAAa18755:
   emdtow:
/var/tmp/fcpFAAa18755:
   empact:
/var/tmp/fcpFAAa18755:
   emradl:
/var/tmp/fcpFAAa18755:
   enorme:
/var/tmp/fcpFAAa18755:
   entree:
/var/tmp/fcpFAAa18755:
   eowfar:
/var/tmp/fcpFAAa18755:
   eperce:
/var/tmp/fcpFAAa18755:
   eplmst:
/var/tmp/fcpFAAa18755:
   eplnor:
/var/tmp/fcpFAAa18755:
   eplscc:
/var/tmp/fcpFAAa18755:
   eplscf:
/var/tmp/fcpFAAa18755:
   eplscn:
/var/tmp/fcpFAAa18755:
   eplsdi:
/var/tmp/fcpFAAa18755:
   eplsqf:
/var/tmp/fcpFAAa18755:
   eplsql:
/var/tmp/fcpFAAa18755:
   eplst:
/var/tmp/fcpFAAa18755:
   eprcom:
/var/tmp/fcpFAAa18755:
   eqedge:
/var/tmp/fcpFAAa18755:
   erddaf:
/var/tmp/fcpFAAa18755:
   erogen:
/var/tmp/fcpFAAa18755:
   erosys:
/var/tmp/fcpFAAa18755:
   erotpl:
/var/tmp/fcpFAAa18755:
   erotpt:
/var/tmp/fcpFAAa18755:
   erpads:
/var/tmp/fcpFAAa18755:
   erwidt:
/var/tmp/fcpFAAa18755:
   esrbc:
/var/tmp/fcpFAAa18755:
   esrcr:
/var/tmp/fcpFAAa18755:
   esrct:
/var/tmp/fcpFAAa18755:
   esrdir:
/var/tmp/fcpFAAa18755:
   esrfc:
/var/tmp/fcpFAAa18755:
   esrpl:
/var/tmp/fcpFAAa18755:
   esrpt:
/var/tmp/fcpFAAa18755:
   etetrd:
/var/tmp/fcpFAAa18755:
   ethru:
/var/tmp/fcpFAAa18755:
   etouch:
/var/tmp/fcpFAAa18755:
   etzsmd:
/var/tmp/fcpFAAa18755:
   etzssl:
/var/tmp/fcpFAAa18755:
   evabsl:
/var/tmp/fcpFAAa18755:
   evdedx:
/var/tmp/fcpFAAa18755:
   evfois:
/var/tmp/fcpFAAa18755:
   evolcr:
/var/tmp/fcpFAAa18755:
   evolct:
/var/tmp/fcpFAAa18755:
   evolfc:
/var/tmp/fcpFAAa18755:
   evolpl:
/var/tmp/fcpFAAa18755:
   evolum:
/var/tmp/fcpFAAa18755:
   evradl:
/var/tmp/fcpFAAa18755:
   expand:
/var/tmp/fcpFAAa18755:
   expfrf:
/var/tmp/fcpFAAa18755:
   expnec:
/var/tmp/fcpFAAa18755:
   exrwrw:
/var/tmp/fcpFAAa18755:
   vect4:
/var/tmp/fcpFAAa19071:
   alclasw:
/var/tmp/fcpFAAa19071:
   alrwev:
/var/tmp/fcpFAAa19071:
   alsumcl:
       entry    alsumgt:
/var/tmp/fcpFAAa19071:
   chkclas:
/var/tmp/fcpFAAa19071:
   clas24:
/var/tmp/fcpFAAa19071:
   clas26:
/var/tmp/fcpFAAa19071:
   clas278:
/var/tmp/fcpFAAa19071:
   ecaget:
/var/tmp/fcpFAAa19071:
   ecalsl:
/var/tmp/fcpFAAa19071:
   ecalwr:
/var/tmp/fcpFAAa19071:
   ecphco:
/var/tmp/fcpFAAa19071:
   eewirs:
/var/tmp/fcpFAAa19071:
   enlcal:
/var/tmp/fcpFAAa19071:
   enlcl2:
/var/tmp/fcpFAAa19071:
   esumw:
/var/tmp/fcpFAAa19071:
   esweh:
/var/tmp/fcpFAAa19071:
   ggesum:
/var/tmp/fcpFAAa19071:
   ggseh:
/var/tmp/fcpFAAa19071:
   ggtrkh:
/var/tmp/fcpFAAa19071:
   hcalen:
/var/tmp/fcpFAAa19071:
   hvobit:
/var/tmp/fcpFAAa19071:
   lepto:
/var/tmp/fcpFAAa19071:
   modfnd:
/var/tmp/fcpFAAa19071:
   muelid:
/var/tmp/fcpFAAa19071:
   mutrgs:
/var/tmp/fcpFAAa19071:
   phedir:
/var/tmp/fcpFAAa19071:
   qptrck:
/var/tmp/fcpFAAa19071:
   qtrkch:
/var/tmp/fcpFAAa19071:
   rejbha:
/var/tmp/fcpFAAa19071:
   rpeco:
/var/tmp/fcpFAAa19071:
/var/tmp/fcpFAAa19071:
   selbha:
/var/tmp/fcpFAAa19071:
   selcal:
/var/tmp/fcpFAAa19071:
   selemu:
/var/tmp/fcpFAAa19071:
   selenu:
/var/tmp/fcpFAAa19071:
   selevt:
/var/tmp/fcpFAAa19071:
   selgge:
/var/tmp/fcpFAAa19071:
   seltrk:
/var/tmp/fcpFAAa19071:
   selwwa:
/var/tmp/fcpFAAa19071:
   selwwb:
/var/tmp/fcpFAAa19071:
   siedir:
/var/tmp/fcpFAAa19071:
   sngmtr:
/var/tmp/fcpFAAa19071:
   sngrnd:
/var/tmp/fcpFAAa19071:
   tizern:
/var/tmp/fcpFAAa19071:
   tizero:
/var/tmp/fcpFAAa19071:
   tracks:
/var/tmp/fcpFAAa19071:
   trioff:
/var/tmp/fcpFAAa19071:
   trkhad:
/var/tmp/fcpFAAa19071:
   trkwws:
/var/tmp/fcpFAAa19071:
   trpfrf:
/var/tmp/fcpFAAa19071:
   truslu:
/var/tmp/fcpFAAa19071:
   ulangl:
/var/tmp/fcpFAAa19071:
   ulthru:
/var/tmp/fcpFAAa19071:
   vdcosmj:
/var/tmp/fcpFAAa19071:
   vurobo:
/var/tmp/fcpFAAa19071:
   wclus:
/var/tmp/fcpFAAa19246:
   fmelos:
/var/tmp/fcpFAAa19246:
   fmhelx:
/var/tmp/fcpFAAa19246:
   fmhitb:
/var/tmp/fcpFAAa19246:
   fminit:
/var/tmp/fcpFAAa19246:
   fmmulx:
/var/tmp/fcpFAAa19246:
   fmprnt:
/var/tmp/fcpFAAa19246:
   fmregn:
/var/tmp/fcpFAAa19246:
   fmscat:
/var/tmp/fcpFAAa19246:
   fmtrak:
/var/tmp/fcpFAAa19300:
   fyfkin:
/var/tmp/fcpFAAa19300:
   fyinev:
/var/tmp/fcpFAAa19300:
   fyirun:
/var/tmp/fcpFAAa19300:
   fykill:
/var/tmp/fcpFAAa19300:
   fykine:
/var/tmp/fcpFAAa19300:
   fyluhc:
/var/tmp/fcpFAAa19300:
   fynhis:
/var/tmp/fcpFAAa19300:
   fyredc:
/var/tmp/fcpFAAa19300:
   fytoki:
/var/tmp/fcpFAAa19300:
   fytree:
/var/tmp/fcpFAAa19412:
   aristo:
/var/tmp/fcpFAAa19412:
   bgetds:
/var/tmp/fcpFAAa19412:
   chacut:
/var/tmp/fcpFAAa19412:
   corad94:
/var/tmp/fcpFAAa19412:
   coradoc:
/var/tmp/fcpFAAa19412:
   defove:
/var/tmp/fcpFAAa19412:
   dstack:
/var/tmp/fcpFAAa19412:
   ebgrix:
/var/tmp/fcpFAAa19412:
   ec4tra:
/var/tmp/fcpFAAa19412:
   ecetdi:
/var/tmp/fcpFAAa19412:
   evtver:
/var/tmp/fcpFAAa19412:
   gaform:
/var/tmp/fcpFAAa19412:
   gagrid:
/var/tmp/fcpFAAa19412:
   gamfak:
/var/tmp/fcpFAAa19412:
   gampek:
/var/tmp/fcpFAAa19412:
   gampex:
/var/tmp/fcpFAAa19412:
   gapgac:
/var/tmp/fcpFAAa19412:
   gapgpc:
/var/tmp/fcpFAAa19412:
   gatral:
/var/tmp/fcpFAAa19412:
   gbulos:
/var/tmp/fcpFAAa19412:
   gemfak:
/var/tmp/fcpFAAa19412:
   gf4lst:
/var/tmp/fcpFAAa19412:
   gfake:
/var/tmp/fcpFAAa19412:
   gfakew:
/var/tmp/fcpFAAa19412:
   gfrac:
/var/tmp/fcpFAAa19412:
   ghafak:
/var/tmp/fcpFAAa19412:
   givsto:
/var/tmp/fcpFAAa19412:
   gxem:
/var/tmp/fcpFAAa19412:
   gxhad:
/var/tmp/fcpFAAa19412:
   gximpa:
/var/tmp/fcpFAAa19412:
   gxmclm:
/var/tmp/fcpFAAa19412:
   gxtran:
/var/tmp/fcpFAAa19412:
   intof4:
/var/tmp/fcpFAAa19412:
   ispark:
/var/tmp/fcpFAAa19412:
   mecrfc:
/var/tmp/fcpFAAa19412:
   morsto:
/var/tmp/fcpFAAa19412:
   ovesto:
/var/tmp/fcpFAAa19412:
   stogam:
/var/tmp/fcpFAAa19412:
   trdist:
/var/tmp/fcpFAAa19412:
   trfire:
/var/tmp/fcpFAAa19412:
   voisto:
/var/tmp/fcpFAAa20884:
   hcboun:
/var/tmp/fcpFAAa20884:
   hccyl:
/var/tmp/fcpFAAa20884:
   hcdeit:
/var/tmp/fcpFAAa20884:
   hcdpsp:
/var/tmp/fcpFAAa20884:
   hcdrbm:
/var/tmp/fcpFAAa20884:
   hcdwsp:
/var/tmp/fcpFAAa20884:
   hcheck:
/var/tmp/fcpFAAa20884:
   hclatu:
/var/tmp/fcpFAAa20884:
   hcmdpl:
/var/tmp/fcpFAAa20884:
   hcprge:
/var/tmp/fcpFAAa20884:
   hcrinv:
/var/tmp/fcpFAAa20884:
   hcrvol:
/var/tmp/fcpFAAa20884:
   hcsamp:
/var/tmp/fcpFAAa20884:
   hcseco:
/var/tmp/fcpFAAa20884:
   hdeadm:
/var/tmp/fcpFAAa20884:
   hfbahi:
/var/tmp/fcpFAAa20884:
   hfbahio:
/var/tmp/fcpFAAa20884:
   hfbhit:
/var/tmp/fcpFAAa20884:
   hfehit:
/var/tmp/fcpFAAa20884:
   hfenhi:
/var/tmp/fcpFAAa20884:
   hfndmd:
/var/tmp/fcpFAAa20884:
   hfndtw:
/var/tmp/fcpFAAa20884:
   hgetga:
/var/tmp/fcpFAAa20884:
   hgetju:
/var/tmp/fcpFAAa20884:
   hginit:
/var/tmp/fcpFAAa20884:
   hintst:
/var/tmp/fcpFAAa20884:
   hneigh:
/var/tmp/fcpFAAa20884:
   hnreg:
/var/tmp/fcpFAAa20884:
   hphmod:
/var/tmp/fcpFAAa20884:
   hrddaf:
/var/tmp/fcpFAAa20884:
   hsrcr:
/var/tmp/fcpFAAa20884:
   htadco:
/var/tmp/fcpFAAa20884:
   htadde:
/var/tmp/fcpFAAa20884:
   htstec:
/var/tmp/fcpFAAa20884:
   htuacl:
/var/tmp/fcpFAAa20884:
   htulen:
/var/tmp/fcpFAAa20884:
   htxang:
/var/tmp/fcpFAAa20884:
   htxdtl:
/var/tmp/fcpFAAa20884:
   htxspl:
/var/tmp/fcpFAAa20884:
   husran:
/var/tmp/fcpFAAa20884:
   hytrsf:
/var/tmp/fcpFAAa20971:
   ifecon:
/var/tmp/fcpFAAa20971:
   igeomw:
/var/tmp/fcpFAAa20971:
   igetdb:
/var/tmp/fcpFAAa20971:
   iinali:
/var/tmp/fcpFAAa20971:
   iinres:
/var/tmp/fcpFAAa20971:
   iprdaf:
/var/tmp/fcpFAAa20971:
   irddaf:
/var/tmp/fcpFAAa21000:
   iasiga:
/var/tmp/fcpFAAa21000:
   icdrif:
/var/tmp/fcpFAAa21000:
   icrcoo:
/var/tmp/fcpFAAa21000:
   iddist:
/var/tmp/fcpFAAa21000:
   ilatch:
/var/tmp/fcpFAAa21000:
   ilivew:
/var/tmp/fcpFAAa21000:
   imicco:
/var/tmp/fcpFAAa21000:
   iresrp:
/var/tmp/fcpFAAa21000:
   itcflg:
/var/tmp/fcpFAAa21000:
   itdcor:
/var/tmp/fcpFAAa21000:
   itdrif:
/var/tmp/fcpFAAa21000:
   itprdi:
/var/tmp/fcpFAAa21000:
   itprht:
/var/tmp/fcpFAAa21000:
   itqual:
/var/tmp/fcpFAAa21000:
   itrotn:
/var/tmp/fcpFAAa21000:
   itswco:
/var/tmp/fcpFAAa21000:
   itxflg:
/var/tmp/fcpFAAa21000:
   itxing:
/var/tmp/fcpFAAa21000:
   iudoca:
/var/tmp/fcpFAAa21000:
   iupcco:
/var/tmp/fcpFAAa21000:
   iuvcrs:
/var/tmp/fcpFAAa21000:
   ixhits:
/var/tmp/fcpFAAa21050:
   uba2pi:
       entry    ubapi:
       entry    ubapi2:
/var/tmp/fcpFAAa21050:
   uf2arc:
/var/tmp/fcpFAAa21050:
   uf2crd:
/var/tmp/fcpFAAa21050:
   uf2trk:
/var/tmp/fcpFAAa21050:
   uf2use:
/var/tmp/fcpFAAa21050:
   ufbebl:
/var/tmp/fcpFAAa21050:
   ufberr:
/var/tmp/fcpFAAa21050:
   ufchi2:
/var/tmp/fcpFAAa21050:
   ufcova:
/var/tmp/fcpFAAa21050:
   ufdisc:
/var/tmp/fcpFAAa21050:
   ufecal:
/var/tmp/fcpFAAa21050:
   ufg2gt:
/var/tmp/fcpFAAa21050:
   ufgain:
/var/tmp/fcpFAAa21050:
   ufgett:
/var/tmp/fcpFAAa21050:
   ufjaco:
/var/tmp/fcpFAAa21050:
   ufloss:
/var/tmp/fcpFAAa21050:
   ufqprc:
/var/tmp/fcpFAAa21050:
   ufrein:
       entry    uf2sca:
       entry    uftfil:
/var/tmp/fcpFAAa21050:
   ufscov:
/var/tmp/fcpFAAa21050:
   ufstat:
/var/tmp/fcpFAAa21050:
   ufswmc:
       entry    uoloss:
/var/tmp/fcpFAAa21050:
   ufswms:
/var/tmp/fcpFAAa21050:
   ufswmx:
/var/tmp/fcpFAAa21050:
   uftkal:
       entry    ufmkal:
       entry    uftrac:
       entry    uftome:
       entry    ufttal:
       entry    uftmom:
       entry    uftrad:
       entry    dalinf:
       entry    ufdali:
       entry    ufswim:
       entry    ufclim:
       entry    ufvdin:
       entry    ufvdou:
       entry    uf2res:
       entry    uf2trm:
       entry    uf2tpo:
       entry    uf2pnt:
       entry    uf2xyz:
/var/tmp/fcpFAAa21050:
   uftran:
/var/tmp/fcpFAAa21050:
   ufttra:
/var/tmp/fcpFAAa21050:
   ufvdms:
       entry    ufvdmm:
/var/tmp/fcpFAAa21050:
   uload:
/var/tmp/fcpFAAa21050:
   upcons:
/var/tmp/fcpFAAa21050:
   utproc:
/var/tmp/fcpFAAa21164:
/var/tmp/fcpFAAa21164:
/var/tmp/fcpFAAa21164:
/var/tmp/fcpFAAa21164:
/var/tmp/fcpFAAa21164:
   kbkine:
/var/tmp/fcpFAAa21164:
   kbklin:
/var/tmp/fcpFAAa21164:
   kbpart:
/var/tmp/fcpFAAa21164:
   kbvert:
/var/tmp/fcpFAAa21164:
   kclean:
/var/tmp/fcpFAAa21164:
   keevt:
/var/tmp/fcpFAAa21164:
   kejob:
/var/tmp/fcpFAAa21164:
   kfevbk:
/var/tmp/fcpFAAa21164:
   kgdecl:
/var/tmp/fcpFAAa21164:
   kgpart:
/var/tmp/fcpFAAa21164:
   kiaver:
/var/tmp/fcpFAAa21164:
   kibprs:
/var/tmp/fcpFAAa21164:
   kifynw:
/var/tmp/fcpFAAa21164:
   kifyol:
/var/tmp/fcpFAAa21164:
   kinit:
/var/tmp/fcpFAAa21164:
   kkdrop:
/var/tmp/fcpFAAa21164:
   kkmove:
/var/tmp/fcpFAAa21164:
   kluzet:
/var/tmp/fcpFAAa21164:
   kmkrun:
/var/tmp/fcpFAAa21164:
   kmpart:
/var/tmp/fcpFAAa21164:
   kmrunh:
/var/tmp/fcpFAAa21164:
   knodec:
/var/tmp/fcpFAAa21164:
   kp6sho:
/var/tmp/fcpFAAa21164:
   kp6zfr:
/var/tmp/fcpFAAa21164:
   kpyzet:
/var/tmp/fcpFAAa21164:
   ksecbk:
/var/tmp/fcpFAAa21164:
   kshobk:
/var/tmp/fcpFAAa21164:
   kswap:
/var/tmp/fcpFAAa21164:
   kwgtbk:
/var/tmp/fcpFAAa21164:
   kxl74a:
/var/tmp/fcpFAAa21164:
   kxl7al:
/var/tmp/fcpFAAa21164:
   kxl7br:
/var/tmp/fcpFAAa21164:
   kxl7co:
/var/tmp/fcpFAAa21164:
   kxl7pa:
/var/tmp/fcpFAAa21164:
   kxl7st:
/var/tmp/fcpFAAa21164:
   kxl7to:
/var/tmp/fcpFAAa21164:
   kxlual:
/var/tmp/fcpFAAa21164:
   kxlubr:
/var/tmp/fcpFAAa21164:
   kxluco:
/var/tmp/fcpFAAa21164:
   kxlupa:
/var/tmp/fcpFAAa21164:
   kxlupr:
/var/tmp/fcpFAAa21164:
   kxluto:
/var/tmp/fcpFAAa21164:
   kxp6al:
/var/tmp/fcpFAAa21164:
   kxp6br:
/var/tmp/fcpFAAa21164:
   kxp6co:
/var/tmp/fcpFAAa21164:
   kxp6in:
/var/tmp/fcpFAAa21164:
   kxp6st:
/var/tmp/fcpFAAa21164:
   kxp6to:
/var/tmp/fcpFAAa21164:
   kzfrbk:
/var/tmp/fcpFAAa21354:
   lcalmv:
/var/tmp/fcpFAAa21359:
   mbapol:
/var/tmp/fcpFAAa21359:
   mbspol:
/var/tmp/fcpFAAa21359:
   menpol:
/var/tmp/fcpFAAa21359:
   mginit:
/var/tmp/fcpFAAa21359:
   mmapol:
/var/tmp/fcpFAAa21359:
   muprge:
/var/tmp/fcpFAAa21359:
   mxyloc:
/var/tmp/fcpFAAa21383:
   maklis:
/var/tmp/fcpFAAa21383:
   mdscr:
/var/tmp/fcpFAAa21383:
   mucalo:
/var/tmp/fcpFAAa21383:
   mucatr:
/var/tmp/fcpFAAa21383:
   mudbe:
/var/tmp/fcpFAAa21383:
   mudso:
/var/tmp/fcpFAAa21403:
   alprob:
/var/tmp/fcpFAAa21403:
   amuid:
/var/tmp/fcpFAAa21403:
   hdodgy:
/var/tmp/fcpFAAa21403:
   hgsudn:
/var/tmp/fcpFAAa21403:
   hrhtub:
/var/tmp/fcpFAAa21403:
   mrmhit:
/var/tmp/fcpFAAa21403:
   mshad:
/var/tmp/fcpFAAa21403:
   msolmc:
/var/tmp/fcpFAAa21403:
   msolsh:
/var/tmp/fcpFAAa21403:
   muidf:
/var/tmp/fcpFAAa21403:
   muido:
/var/tmp/fcpFAAa21477:
   bulos:
/var/tmp/fcpFAAa21477:
   clmoms:
/var/tmp/fcpFAAa21477:
   ebaryc:
/var/tmp/fcpFAAa21477:
   ebcdrg:
/var/tmp/fcpFAAa21477:
   ebclap:
/var/tmp/fcpFAAa21477:
   ebclcf:
/var/tmp/fcpFAAa21477:
   ebcocl:
/var/tmp/fcpFAAa21477:
   ebcohd:
/var/tmp/fcpFAAa21477:
   ebconf:
/var/tmp/fcpFAAa21477:
   ebcosi:
/var/tmp/fcpFAAa21477:
   ebcrad:
/var/tmp/fcpFAAa21477:
   ebcrep:
/var/tmp/fcpFAAa21477:
   ebdevi:
/var/tmp/fcpFAAa21477:
   ebecmd:
/var/tmp/fcpFAAa21477:
   ebgaga:
/var/tmp/fcpFAAa21477:
   ebgene:
/var/tmp/fcpFAAa21477:
   ebgrid:
/var/tmp/fcpFAAa21477:
   ebhadr:
/var/tmp/fcpFAAa21477:
   ebhaha:
/var/tmp/fcpFAAa21477:
   ebimpa:
/var/tmp/fcpFAAa21477:
   ebimpc:
/var/tmp/fcpFAAa21477:
   ebinit:
/var/tmp/fcpFAAa21477:
   ebleak:
/var/tmp/fcpFAAa21477:
   eblong:
/var/tmp/fcpFAAa21477:
   eblpst:
/var/tmp/fcpFAAa21477:
   ebneut:
/var/tmp/fcpFAAa21477:
   eboidp:
/var/tmp/fcpFAAa21477:
   ebpara:
/var/tmp/fcpFAAa21477:
   ebphcc:
/var/tmp/fcpFAAa21477:
   ebprep:
/var/tmp/fcpFAAa21477:
   ebprga:
/var/tmp/fcpFAAa21477:
   ebrack:
/var/tmp/fcpFAAa21477:
   ebranc:
/var/tmp/fcpFAAa21477:
   ebrgcd:
/var/tmp/fcpFAAa21477:
   ebsatu:
/var/tmp/fcpFAAa21477:
   ebshap:
/var/tmp/fcpFAAa21477:
   ebshow:
/var/tmp/fcpFAAa21477:
   ebslim:
/var/tmp/fcpFAAa21477:
   ebstak:
/var/tmp/fcpFAAa21477:
   ebtran:
/var/tmp/fcpFAAa21477:
   ebtzth:
/var/tmp/fcpFAAa21477:
   ebvlap:
/var/tmp/fcpFAAa21477:
   ebyphi:
/var/tmp/fcpFAAa21477:
   ecleak:
/var/tmp/fcpFAAa21477:
   enof4:
/var/tmp/fcpFAAa21477:
   enol12:
/var/tmp/fcpFAAa21477:
   enolwf:
/var/tmp/fcpFAAa21477:
   enow12:
/var/tmp/fcpFAAa21477:
   gapgid:
/var/tmp/fcpFAAa21477:
   gbimpa:
/var/tmp/fcpFAAa21477:
   gbneut:
/var/tmp/fcpFAAa21477:
   gbtran:
/var/tmp/fcpFAAa21477:
   gvercr:
/var/tmp/fcpFAAa21643:
   ainjet:
/var/tmp/fcpFAAa21643:
   alclus:
/var/tmp/fcpFAAa21643:
   alrobo:
/var/tmp/fcpFAAa21643:
   althru:
/var/tmp/fcpFAAa21643:
   fjmmcl:
       entry    getyij:
/var/tmp/fcpFAAa21643:
   getx:
/var/tmp/fcpFAAa21643:
   gety:
/var/tmp/fcpFAAa21643:
   jpcomb:
/var/tmp/fcpFAAa21643:
   pairfd:
       entry    paircp:
/var/tmp/fcpFAAa21643:
   pidecy:
/var/tmp/fcpFAAa21643:
   pjlink:
/var/tmp/fcpFAAa22003:
   bprtab:
/var/tmp/fcpFAAa22003:
   frftdp:
/var/tmp/fcpFAAa22003:
   ftkdmp:
/var/tmp/fcpFAAa22003:
   hcprind:
/var/tmp/fcpFAAa22003:
   muprdi:
/var/tmp/fcpFAAa22003:
   muprht:
/var/tmp/fcpFAAa22003:
   prdtmc:
/var/tmp/fcpFAAa22003:
   prfkin:
/var/tmp/fcpFAAa22003:
   prgdec:
/var/tmp/fcpFAAa22003:
   primpa:
/var/tmp/fcpFAAa22003:
   prkine:
/var/tmp/fcpFAAa22003:
   prpart:
/var/tmp/fcpFAAa22003:
   prrhah:
/var/tmp/fcpFAAa22003:
   prtabl:
/var/tmp/fcpFAAa22003:
   smprt:
/var/tmp/fcpFAAa22003:
   tpaddp:
/var/tmp/fcpFAAa22003:
   tpcodp:
/var/tmp/fcpFAAa22161:
   fpkcm:
/var/tmp/fcpFAAa22161:
   fptoj:
/var/tmp/fcpFAAa22161:
   fupkcm:
/var/tmp/fcpFAAa22161:
   iptoj:
/var/tmp/fcpFAAa22161:
   nvpcob:
/var/tmp/fcpFAAa22161:
   nvpeco:
/var/tmp/fcpFAAa22161:
   pcmecu:
/var/tmp/fcpFAAa22161:
   pcpatq:
/var/tmp/fcpFAAa22161:
   pcrltj:
/var/tmp/fcpFAAa22161:
   pechic:
/var/tmp/fcpFAAa22161:
   peidtj:
/var/tmp/fcpFAAa22161:
   phchic:
/var/tmp/fcpFAAa22161:
   phmadj:
/var/tmp/fcpFAAa22161:
   phstoj:
/var/tmp/fcpFAAa22161:
   pitcoj:
/var/tmp/fcpFAAa22161:
   pitmaj:
/var/tmp/fcpFAAa22161:
   pjpfxt:
/var/tmp/fcpFAAa22161:
   pscooj:
/var/tmp/fcpFAAa22161:
   pstcpj:
/var/tmp/fcpFAAa22161:
   ptbcoj:
/var/tmp/fcpFAAa22161:
   ptexsj:
/var/tmp/fcpFAAa22161:
   ptgmaj:
/var/tmp/fcpFAAa22161:
   ptpcoj:
/var/tmp/fcpFAAa22161:
   sptoj:
/var/tmp/fcpFAAa22161:
   tficor:
/var/tmp/fcpFAAa22161:
   tfiltu:
/var/tmp/fcpFAAa22161:
   tfipol:
/var/tmp/fcpFAAa22161:
   tptoj:
/var/tmp/fcpFAAa22161:
   tsrtco:
/var/tmp/fcpFAAa22161:
   tun1co:
/var/tmp/fcpFAAa22161:
   tun1nc:
/var/tmp/fcpFAAa22274:
   saprdi:
/var/tmp/fcpFAAa22274:
   saprhi:
/var/tmp/fcpFAAa22281:
   siator:
/var/tmp/fcpFAAa22281:
   siatox:
/var/tmp/fcpFAAa22281:
   sibkcl:
/var/tmp/fcpFAAa22281:
   siclid:
/var/tmp/fcpFAAa22281:
   sidali:
/var/tmp/fcpFAAa22281:
   sidcod:
/var/tmp/fcpFAAa22281:
   sidcoz:
/var/tmp/fcpFAAa22281:
   siencd:
/var/tmp/fcpFAAa22281:
   siencz:
/var/tmp/fcpFAAa22281:
   sifsum:
/var/tmp/fcpFAAa22281:
   sigtgo:
/var/tmp/fcpFAAa22281:
   siidpo:
/var/tmp/fcpFAAa22281:
   siitor:
/var/tmp/fcpFAAa22281:
   siltox:
/var/tmp/fcpFAAa22281:
   siploc:
/var/tmp/fcpFAAa22281:
   siprgo:
/var/tmp/fcpFAAa22281:
   siptoj:
/var/tmp/fcpFAAa22281:
   sirdaf:
/var/tmp/fcpFAAa22281:
   sirloc:
/var/tmp/fcpFAAa22281:
   sirtoa:
/var/tmp/fcpFAAa22281:
   sirtoi:
/var/tmp/fcpFAAa22281:
   sixtoa:
/var/tmp/fcpFAAa22281:
   sixtoi:
/var/tmp/fcpFAAa22281:
   sixtol:
/var/tmp/fcpFAAa22281:
   sizfri:
/var/tmp/fcpFAAa22281:
   siztoi:
/var/tmp/fcpFAAa22281:
   stmask:
/var/tmp/fcpFAAa22281:
   strigf:
/var/tmp/fcpFAAa22355:
   talini:
/var/tmp/fcpFAAa22355:
   tcorec:
/var/tmp/fcpFAAa22355:
   tcrtrn:
/var/tmp/fcpFAAa22355:
   tctglb:
/var/tmp/fcpFAAa22355:
   tctsec:
/var/tmp/fcpFAAa22355:
   tgedmp:
/var/tmp/fcpFAAa22355:
   tgepbk:
/var/tmp/fcpFAAa22355:
   tgepri:
/var/tmp/fcpFAAa22355:
   tgewir:
/var/tmp/fcpFAAa22355:
   tghpal:
/var/tmp/fcpFAAa22355:
   tghpts:
/var/tmp/fcpFAAa22355:
   thtflg:
/var/tmp/fcpFAAa22355:
   thtran:
/var/tmp/fcpFAAa22355:
   tmatut:
/var/tmp/fcpFAAa22355:
   tpdint:
/var/tmp/fcpFAAa22355:
   trddaf:
/var/tmp/fcpFAAa22355:
   trdt90:
/var/tmp/fcpFAAa22355:
   trhflg:
/var/tmp/fcpFAAa22355:
   tschek:
/var/tmp/fcpFAAa22355:
   tscint:
/var/tmp/fcpFAAa22355:
   tsnext:
/var/tmp/fcpFAAa22446:
   tcores:
/var/tmp/fcpFAAa22446:
   tcrtof:
/var/tmp/fcpFAAa22446:
   tcrtra:
/var/tmp/fcpFAAa22446:
   tcrzvd:
/var/tmp/fcpFAAa22446:
   tdfvru:
/var/tmp/fcpFAAa22446:
   tfcini:
/var/tmp/fcpFAAa22446:
   tfimul:
/var/tmp/fcpFAAa22446:
   tfixt0:
/var/tmp/fcpFAAa22446:
   tgtcur:
/var/tmp/fcpFAAa22446:
   timdif:
/var/tmp/fcpFAAa22446:
   tlacoc:
/var/tmp/fcpFAAa22446:
   tlacop:
/var/tmp/fcpFAAa22446:
   tlacor:
/var/tmp/fcpFAAa22446:
   tnfvru:
/var/tmp/fcpFAAa22446:
   tpdvel:
/var/tmp/fcpFAAa22446:
   tprcoo:
/var/tmp/fcpFAAa22446:
   tprhit:
/var/tmp/fcpFAAa22446:
   twpana:
/var/tmp/fcpFAAa22446:
   twpold:
/var/tmp/fcpFAAa22446:
   twrred:
/var/tmp/fcpFAAa22446:
   tzcrvd:
/var/tmp/fcpFAAa22446:
   tzcsvd:
/var/tmp/fcpFAAa22512:
   sidisc:
/var/tmp/fcpFAAa22512:
   sitrin:
/var/tmp/fcpFAAa22512:
   six2mk:
/var/tmp/fcpFAAa22512:
   sixamk:
/var/tmp/fcpFAAa22512:
   sixapr:
/var/tmp/fcpFAAa22512:
   x1aptn:
/var/tmp/fcpFAAa22512:
   x1aptr:
/var/tmp/fcpFAAa22512:
   x1book:
/var/tmp/fcpFAAa22512:
   x1dceb:
/var/tmp/fcpFAAa22512:
   x1disc:
/var/tmp/fcpFAAa22512:
   x1disn:
/var/tmp/fcpFAAa22512:
   x1ecwm:
/var/tmp/fcpFAAa22512:
   x1hisn:
/var/tmp/fcpFAAa22512:
   x1hist:
/var/tmp/fcpFAAa22512:
   x1ini:
/var/tmp/fcpFAAa22512:
   x1inp:
/var/tmp/fcpFAAa22512:
   x1irun:
/var/tmp/fcpFAAa22512:
   x1mixi:
/var/tmp/fcpFAAa22512:
   x1mixn:
/var/tmp/fcpFAAa22512:
   x1outp:
/var/tmp/fcpFAAa22512:
   x1prep:
/var/tmp/fcpFAAa22512:
   x1prnt:
/var/tmp/fcpFAAa22512:
   x1redo:
/var/tmp/fcpFAAa22512:
   x1rsum:
/var/tmp/fcpFAAa22512:
   x1time:
/var/tmp/fcpFAAa22512:
   x1trg:
/var/tmp/fcpFAAa22512:
   x1trig:
/var/tmp/fcpFAAa22512:
   x1wsum:
/var/tmp/fcpFAAa22512:
   x2book:
/var/tmp/fcpFAAa22512:
   x2dfcd:
/var/tmp/fcpFAAa22512:
   x2irun:
/var/tmp/fcpFAAa22512:
   x2luts:
/var/tmp/fcpFAAa22512:
   x2nami:
/var/tmp/fcpFAAa22512:
   x2prhi:
/var/tmp/fcpFAAa22512:
   x2prin:
/var/tmp/fcpFAAa22512:
   x2trig:
/var/tmp/fcpFAAa22512:
   x2wsum:
/var/tmp/fcpFAAa22719:
   vabcfl:
/var/tmp/fcpFAAa22719:
   vabcvu:
/var/tmp/fcpFAAa22719:
   vabcxy:
/var/tmp/fcpFAAa22719:
   vaddpk:
/var/tmp/fcpFAAa22719:
   vaddun:
/var/tmp/fcpFAAa22719:
   vadesa:
/var/tmp/fcpFAAa22719:
   vadewa:
/var/tmp/fcpFAAa22719:
   vaensa:
/var/tmp/fcpFAAa22719:
   vaenwa:
/var/tmp/fcpFAAa22719:
   valfco:
/var/tmp/fcpFAAa22719:
   vbnkdp:
/var/tmp/fcpFAAa22719:
   vbrjwa:
/var/tmp/fcpFAAa22719:
   vchnst:
/var/tmp/fcpFAAa22719:
   vcormp:
/var/tmp/fcpFAAa22719:
   vcscec:
/var/tmp/fcpFAAa22719:
   vdacrs:
/var/tmp/fcpFAAa22719:
   vdafrd:
/var/tmp/fcpFAAa22719:
   vdamb:
/var/tmp/fcpFAAa22719:
   vdarge:
/var/tmp/fcpFAAa22719:
   vdcflt:
/var/tmp/fcpFAAa22719:
   vdchnb:
/var/tmp/fcpFAAa22719:
   vdcwrs:
/var/tmp/fcpFAAa22719:
   vdecsc:
/var/tmp/fcpFAAa22719:
   vdetgi:
/var/tmp/fcpFAAa22719:
   vdfirs:
/var/tmp/fcpFAAa22719:
   vdgdmp:
/var/tmp/fcpFAAa22719:
   vdgtch:
/var/tmp/fcpFAAa22719:
   vdgtol:
/var/tmp/fcpFAAa22719:
   vdindx:
/var/tmp/fcpFAAa22719:
   vdlcps:
/var/tmp/fcpFAAa22719:
   vdlcrs:
/var/tmp/fcpFAAa22719:
   vdpgeo:
/var/tmp/fcpFAAa22719:
   vdpslc:
/var/tmp/fcpFAAa22719:
   vdpsrs:
/var/tmp/fcpFAAa22719:
   vdrmax:
/var/tmp/fcpFAAa22719:
   vdrmin:
/var/tmp/fcpFAAa22719:
   vdrslc:
/var/tmp/fcpFAAa22719:
   vdrsps:
/var/tmp/fcpFAAa22719:
   vdrssc:
/var/tmp/fcpFAAa22719:
   vdscec:
/var/tmp/fcpFAAa22719:
   vdscrs:
/var/tmp/fcpFAAa22719:
   vdwfxy:
/var/tmp/fcpFAAa22719:
   vdyear:
/var/tmp/fcpFAAa22719:
   vdzmax:
/var/tmp/fcpFAAa22719:
   vfacsn:
/var/tmp/fcpFAAa22719:
   vfadim:
/var/tmp/fcpFAAa22719:
   vfaori:
/var/tmp/fcpFAAa22719:
   vfasdp:
/var/tmp/fcpFAAa22719:
   vfasmd:
/var/tmp/fcpFAAa22719:
   vffacw:
/var/tmp/fcpFAAa22719:
   vfjfac:
/var/tmp/fcpFAAa22719:
   vfjmod:
/var/tmp/fcpFAAa22719:
   vfjwaf:
/var/tmp/fcpFAAa22719:
   vfnear:
/var/tmp/fcpFAAa22719:
   vfwaff:
/var/tmp/fcpFAAa22719:
   vfwafi:
/var/tmp/fcpFAAa22719:
   vgcadi:
/var/tmp/fcpFAAa22719:
   vgcmtr:
/var/tmp/fcpFAAa22719:
   vgcrmt:
/var/tmp/fcpFAAa22719:
   vgexro:
/var/tmp/fcpFAAa22719:
   vggtno:
/var/tmp/fcpFAAa22719:
   vgintr:
/var/tmp/fcpFAAa22719:
   vgrdal:
/var/tmp/fcpFAAa22719:
   vgrdls:
/var/tmp/fcpFAAa22719:
   vgtber:
/var/tmp/fcpFAAa22719:
   vgtrve:
/var/tmp/fcpFAAa22719:
   vgwfvu:
/var/tmp/fcpFAAa22719:
   vgwfxy:
/var/tmp/fcpFAAa22719:
   vifaci:
/var/tmp/fcpFAAa22719:
   vimmod:
/var/tmp/fcpFAAa22719:
   vimodi:
/var/tmp/fcpFAAa22719:
   vimodm:
/var/tmp/fcpFAAa22719:
   vimodr:
/var/tmp/fcpFAAa22719:
   vindxi:
/var/tmp/fcpFAAa22719:
   vinibm:
/var/tmp/fcpFAAa22719:
   vinist:
/var/tmp/fcpFAAa22719:
   vinivg:
/var/tmp/fcpFAAa22719:
   vinlsw:
/var/tmp/fcpFAAa22719:
   vinsen:
/var/tmp/fcpFAAa22719:
   vinter:
/var/tmp/fcpFAAa22719:
   vintlf:
/var/tmp/fcpFAAa22719:
   vintlw:
/var/tmp/fcpFAAa22719:
   viromw:
/var/tmp/fcpFAAa22719:
   vitexi:
/var/tmp/fcpFAAa22719:
   viwafi:
/var/tmp/fcpFAAa22719:
   viwffw:
/var/tmp/fcpFAAa22719:
   vjfaci:
/var/tmp/fcpFAAa22719:
   vjfacm:
/var/tmp/fcpFAAa22719:
   vjfacw:
/var/tmp/fcpFAAa22719:
   vjlayf:
/var/tmp/fcpFAAa22719:
   vjlaym:
/var/tmp/fcpFAAa22719:
   vjlayw:
/var/tmp/fcpFAAa22719:
   vjmodi:
/var/tmp/fcpFAAa22719:
   vjmodm:
/var/tmp/fcpFAAa22719:
   vjmodw:
/var/tmp/fcpFAAa22719:
   vjwabr:
/var/tmp/fcpFAAa22719:
   vjwabw:
/var/tmp/fcpFAAa22719:
   vjwaff:
/var/tmp/fcpFAAa22719:
   vjwafi:
/var/tmp/fcpFAAa22719:
   vjwafm:
/var/tmp/fcpFAAa22719:
   vjwffw:
/var/tmp/fcpFAAa22719:
   vljfac:
/var/tmp/fcpFAAa22719:
   vljmod:
/var/tmp/fcpFAAa22719:
   vljwaf:
/var/tmp/fcpFAAa22719:
   vmcmod:
/var/tmp/fcpFAAa22719:
   vmmfld:
/var/tmp/fcpFAAa22719:
   vmmodj:
/var/tmp/fcpFAAa22719:
   vmodmc:
/var/tmp/fcpFAAa22719:
   vmwafj:
/var/tmp/fcpFAAa22719:
   vnelrm:
/var/tmp/fcpFAAa22719:
   vnfslo:
/var/tmp/fcpFAAa22719:
   vnirfs:
/var/tmp/fcpFAAa22719:
   vnlayr:
/var/tmp/fcpFAAa22719:
   vnrdir:
/var/tmp/fcpFAAa22719:
   vnrfac:
/var/tmp/fcpFAAa22719:
   vnrmod:
/var/tmp/fcpFAAa22719:
   vnromm:
/var/tmp/fcpFAAa22719:
   vnrssc:
/var/tmp/fcpFAAa22719:
   vnrwaf:
/var/tmp/fcpFAAa22719:
   vnrwff:
/var/tmp/fcpFAAa22719:
   vnscrm:
/var/tmp/fcpFAAa22719:
   vnstcm:
/var/tmp/fcpFAAa22719:
   vntfac:
/var/tmp/fcpFAAa22719:
   vntmod:
/var/tmp/fcpFAAa22719:
   vntwaf:
/var/tmp/fcpFAAa22719:
   vphicf:
/var/tmp/fcpFAAa22719:
   vphifc:
/var/tmp/fcpFAAa22719:
   vphifn:
/var/tmp/fcpFAAa22719:
   vphstm:
/var/tmp/fcpFAAa22719:
   vpkadd:
/var/tmp/fcpFAAa22719:
   vrddaf:
/var/tmp/fcpFAAa22719:
   vrecor:
/var/tmp/fcpFAAa22719:
   vrmmod:
/var/tmp/fcpFAAa22719:
   vromax:
/var/tmp/fcpFAAa22719:
   vrostm:
/var/tmp/fcpFAAa22719:
   vrswmd:
/var/tmp/fcpFAAa22719:
   vrswmx:
/var/tmp/fcpFAAa22719:
   vrvmbe:
/var/tmp/fcpFAAa22719:
   vschan:
/var/tmp/fcpFAAa22719:
   vscmec:
/var/tmp/fcpFAAa22719:
   vscmsc:
/var/tmp/fcpFAAa22719:
   vsensi:
/var/tmp/fcpFAAa22719:
   vsetup:
/var/tmp/fcpFAAa22719:
   vslotf:
/var/tmp/fcpFAAa22719:
   vsmjmd:
/var/tmp/fcpFAAa22719:
   vsmmod:
/var/tmp/fcpFAAa22719:
   vsmmtx:
/var/tmp/fcpFAAa22719:
   vstreg:
/var/tmp/fcpFAAa22719:
   vtextm:
/var/tmp/fcpFAAa22719:
   vtextw:
/var/tmp/fcpFAAa22719:
   vunadd:
/var/tmp/fcpFAAa22719:
   vvuwab:
/var/tmp/fcpFAAa22719:
   vvuwxy:
/var/tmp/fcpFAAa22719:
   vwadim:
/var/tmp/fcpFAAa22719:
   vwdist:
/var/tmp/fcpFAAa22719:
   vwffnd:
/var/tmp/fcpFAAa22719:
   vwfind:
/var/tmp/fcpFAAa22719:
   vwthck:
/var/tmp/fcpFAAa22719:
   vxyzab:
/var/tmp/fcpFAAa22719:
   vxyzfc:
/var/tmp/fcpFAAa22719:
   vxyzvu:
/var/tmp/fcpFAAa22719:
   vxyzwa:
/var/tmp/fcpFAAa22719:
   vzmult:
/var/tmp/fcpFAAa22719:
   vzrsrs:
/var/tmp/fcpFAAa23143:
   vdexcy:
/var/tmp/fcpFAAa23143:
   vdherr:
/var/tmp/fcpFAAa23143:
   vdhits:
/var/tmp/fcpFAAa23143:
   vdhter:
/var/tmp/fcpFAAa23143:
   vdmjls:
/var/tmp/fcpFAAa23143:
   vdmsec:
/var/tmp/fcpFAAa23143:
   vdmsrl:
/var/tmp/fcpFAAa23143:
   vdmsup:
/var/tmp/fcpFAAa23143:
   vdmwrs:
/var/tmp/fcpFAAa23143:
   vdprdi:
/var/tmp/fcpFAAa23143:
   vdprht:
/var/tmp/fcpFAAa23143:
   vdttra:
/var/tmp/fcpFAAa23143:
   vherr1:
/var/tmp/fcpFAAa23143:
   vrldgt:
/var/tmp/fcpFAAa23143:
   vrmwf:
/var/tmp/fcpFAAa23143:
   vstrip:
/var/tmp/fcpFAAa23143:
   vtclas:
/var/tmp/fcpFAAa23143:
   vtclld:
/var/tmp/fcpFAAa23143:
   vtderv:
/var/tmp/fcpFAAa23143:
   vtfill:
/var/tmp/fcpFAAa23143:
   vtlink:
/var/tmp/fcpFAAa23143:
   vtrfit:
/var/tmp/fcpFAAa23143:
   vtrkex:
/var/tmp/fcpFAAa23143:
   vtrlas:
/var/tmp/fcpFAAa23143:
   vtruh:
/var/tmp/fcpFAAa23143:
   vtxnwt:
/var/tmp/fcpFAAa23143:
   vtxraw:
/var/tmp/fcpFAAa23143:
   vtxtrk:
/var/tmp/fcpFAAa23451:
   llumok:
/var/tmp/fcpFAAa23451:
   slumok:
/var/tmp/fcpFAAa23451:
   vbitgd:
/var/tmp/fcpFAAa23451:
   xestab:
/var/tmp/fcpFAAa23451:
   xhvbit:
/var/tmp/fcpFAAa23451:
   xhvfix:
/var/tmp/fcpFAAa23451:
   xhvsta:
/var/tmp/fcpFAAa23451:
   xlslum:
/var/tmp/fcpFAAa23451:
   xlum2k:
/var/tmp/fcpFAAa23451:
   xlumok:
/var/tmp/fcpFAAa23451:
   xre133:
/var/tmp/fcpFAAa23451:
   xre94:
/var/tmp/fcpFAAa23451:
   xt0syn:
/var/tmp/fcpFAAa23451:
   xtgenb:
/var/tmp/fcpFAAa23451:
   xvdeok:
/var/tmp/fcpFAAa23499:
   ys0add:
/var/tmp/fcpFAAa23499:
   ys0clr:
/var/tmp/fcpFAAa23499:
   ys0lld:
/var/tmp/fcpFAAa23499:
   ys0set:
/var/tmp/fcpFAAa23499:
   yscadd:
/var/tmp/fcpFAAa23499:
   yscclr:
/var/tmp/fcpFAAa23499:
   ysclld:
/var/tmp/fcpFAAa23499:
   yscset:
/var/tmp/fcpFAAa23499:
   ysfclr:
/var/tmp/fcpFAAa23499:
   ysfset:
/var/tmp/fcpFAAa23499:
   ysftld:
/var/tmp/fcpFAAa23499:
   ysgets:
/var/tmp/fcpFAAa23499:
   ysklld:
/var/tmp/fcpFAAa23499:
   yspair:
/var/tmp/fcpFAAa23499:
   yspcut:
/var/tmp/fcpFAAa23499:
   yspvft:
/var/tmp/fcpFAAa23499:
   ystadd:
/var/tmp/fcpFAAa23499:
   ystclr:
/var/tmp/fcpFAAa23499:
   ystlld:
/var/tmp/fcpFAAa23499:
   ystset:
/var/tmp/fcpFAAa23499:
   ysvadd:
/var/tmp/fcpFAAa23499:
   ysvbld:
/var/tmp/fcpFAAa23499:
   ysvclr:
/var/tmp/fcpFAAa23499:
   ysvfit:
/var/tmp/fcpFAAa23499:
   ysvmat:
/var/tmp/fcpFAAa23499:
   ysvmrg:
/var/tmp/fcpFAAa23499:
   ysvrtx:
/var/tmp/fcpFAAa23499:
   ysvset:
/var/tmp/fcpFAAa23499:
   ysvsrt:
/var/tmp/fcpFAAa23499:
   ysvtbk:
/var/tmp/fcpFAAa23499:
   ysvtrk:
/var/tmp/fcpFAAa23499:
   ysvx0l:
/var/tmp/fcpFAAa23661:
   BLOCK DATA ybdtop:
/var/tmp/fcpFAAa23661:
   ybipat:
/var/tmp/fcpFAAa23661:
   ycircr:
Compiler error line 116 of ../ytop/ycircr.F: Utils: Sanity Check: Inconsistent internal data structures. (6933)
/var/tmp/fcpFAAa23661:
   ydefrf:
/var/tmp/fcpFAAa23661:
   yfmvtc:
/var/tmp/fcpFAAa23661:
   yfmvtr:
/var/tmp/fcpFAAa23661:
   yftvtc:
/var/tmp/fcpFAAa23661:
   yftvtr:
/var/tmp/fcpFAAa23661:
   yfvmap:
/var/tmp/fcpFAAa23661:
   yfvmc:
/var/tmp/fcpFAAa23661:
   yfvmc1:
/var/tmp/fcpFAAa23661:
   yhisto:
/var/tmp/fcpFAAa23661:
   yhuser:
/var/tmp/fcpFAAa23661:
   yinvmx:
/var/tmp/fcpFAAa23661:
   yitcof:
/var/tmp/fcpFAAa23661:
   ymkand:
/var/tmp/fcpFAAa23661:
   ymkcle:
/var/tmp/fcpFAAa23661:
   ymkcnt:
/var/tmp/fcpFAAa23661:
   ymkcop:
/var/tmp/fcpFAAa23661:
   ymkexp:
/var/tmp/fcpFAAa23661:
   ymkidc:
/var/tmp/fcpFAAa23661:
   ymkidt:
/var/tmp/fcpFAAa23661:
   ymkmis:
/var/tmp/fcpFAAa23661:
   ymkorr:
/var/tmp/fcpFAAa23661:
   ymkset:
/var/tmp/fcpFAAa23661:
   ymkshr:
/var/tmp/fcpFAAa23661:
   ymktst:
/var/tmp/fcpFAAa23661:
   ymkzer:
/var/tmp/fcpFAAa23661:
   yms3in:
/var/tmp/fcpFAAa23661:
   ypidas:
/var/tmp/fcpFAAa23661:
   yprivx:
/var/tmp/fcpFAAa23661:
   yprver:
/var/tmp/fcpFAAa23661:
   yruser:
/var/tmp/fcpFAAa23661:
   ystvtx:
/var/tmp/fcpFAAa23661:
   ysvvtx:
/var/tmp/fcpFAAa23661:
   ytconv:
/var/tmp/fcpFAAa23661:
   ytijob:
/var/tmp/fcpFAAa23661:
   ytoiru:
/var/tmp/fcpFAAa23661:
   ytopnw:
/var/tmp/fcpFAAa23661:
   ytopol:
/var/tmp/fcpFAAa23661:
   ytoprt:
/var/tmp/fcpFAAa23661:
   ytosum:
/var/tmp/fcpFAAa23661:
   ytosvt:
/var/tmp/fcpFAAa23661:
   ytpar:
/var/tmp/fcpFAAa23661:
   ytpvtx:
/var/tmp/fcpFAAa23661:
   ytrv0s:
/var/tmp/fcpFAAa23661:
   ytstrk:
/var/tmp/fcpFAAa23661:
   yvdcof:
/var/tmp/fcpFAAa23661:
   yvposs:
/var/tmp/fcpFAAa23661:
   yvxbld:

fort77: Warning: Compiler failure has occurred.
     Attempting to recompile failing compilation unit without optimization

/var/tmp/fcpFAAa23661:
   ycircr:
/var/tmp/fcpFAAa02150:
   ychi00:
/var/tmp/fcpFAAa02150:
   ychiv2:
/var/tmp/fcpFAAa02150:
   yd0nfi:
/var/tmp/fcpFAAa02150:
   yd0nfn:
/var/tmp/fcpFAAa02150:
   ydismc:
/var/tmp/fcpFAAa02150:
   yfixis:
/var/tmp/fcpFAAa02150:
   yfixyn:
/var/tmp/fcpFAAa02150:
   yfixyp:
/var/tmp/fcpFAAa02150:
   yfpsin:
/var/tmp/fcpFAAa02150:
   yfqerq:
/var/tmp/fcpFAAa02150:
   ymfmin:
/var/tmp/fcpFAAa02150:
   ymfv0v:
       entry    ymfv00:
/var/tmp/fcpFAAa02150:
   ynv0nf:
/var/tmp/fcpFAAa02150:
   ynv0ve:
/var/tmp/fcpFAAa02150:
   ypsive:
/var/tmp/fcpFAAa02150:
   ypsivn:
/var/tmp/fcpFAAa02150:
   yv0bok:
/var/tmp/fcpFAAa02150:
   yv0mas:
/var/tmp/fcpFAAa02150:
   yv0ong:
/var/tmp/fcpFAAa02150:
   yv0onh:
/var/tmp/fcpFAAa02150:
   yv1ini:
/var/tmp/fcpFAAa02150:
   yvcame:
/var/tmp/fcpFAAa02150:
   yvprim:
/var/tmp/fcpFAAa02150:
   yzpha1:
/var/tmp/fcpFAAa02150:
   yzphan:
/var/tmp/fcpFAAa02150:
   yzphas:
