/var/tmp/fcpFAAa02545:
   albunch:
/var/tmp/fcpFAAa02545:
   alefil:
/var/tmp/fcpFAAa02545:
   alelep:
/var/tmp/fcpFAAa02545:
   alfiel:
/var/tmp/fcpFAAa02545:
   alkevh:
/var/tmp/fcpFAAa02545:
   alkjob:
/var/tmp/fcpFAAa02545:
   alklun:
/var/tmp/fcpFAAa02545:
   alkmar:
/var/tmp/fcpFAAa02545:
   alkran:
/var/tmp/fcpFAAa02545:
   alkrun:
/var/tmp/fcpFAAa02545:
   allep1:
/var/tmp/fcpFAAa02545:
   alrlep:
/var/tmp/fcpFAAa02545:
   alsecs:
/var/tmp/fcpFAAa02545:
   altrhv:
/var/tmp/fcpFAAa02545:
   altrig:
/var/tmp/fcpFAAa02545:
   alvers:
/var/tmp/fcpFAAa02545:
   dvmove:
/var/tmp/fcpFAAa02545:
   dvzero:
/var/tmp/fcpFAAa02545:
   fixalpb:
/var/tmp/fcpFAAa02545:
   getbp:
/var/tmp/fcpFAAa02545:
   getle1:
/var/tmp/fcpFAAa02545:
   getle2:
/var/tmp/fcpFAAa02545:
   getlep:
       entry    getofs:
/var/tmp/fcpFAAa02545:
   getlum:
/var/tmp/fcpFAAa02545:
   gets4b:
/var/tmp/fcpFAAa02545:
   getslu:
/var/tmp/fcpFAAa02545:
   getxyb:
/var/tmp/fcpFAAa02545:
   gtt0gl:
/var/tmp/fcpFAAa02545:
   lfilru:
/var/tmp/fcpFAAa02545:
   rqbunc:
/var/tmp/fcpFAAa02545:
   xfmcbp:
/var/tmp/fcpFAAa02694:
   auarcm:
/var/tmp/fcpFAAa02694:
   auhcyl:
/var/tmp/fcpFAAa02694:
   auhdis:
/var/tmp/fcpFAAa02694:
   auhlen:
/var/tmp/fcpFAAa02694:
   aulcyl:
/var/tmp/fcpFAAa02694:
   aullen:
/var/tmp/fcpFAAa02694:
   autrpl:
/var/tmp/fcpFAAa02694:
   helins:
/var/tmp/fcpFAAa02694:
   ppcorr:
/var/tmp/fcpFAAa02694:
   smav:
/var/tmp/fcpFAAa02694:
   sminv:
       entry    xminv:
/var/tmp/fcpFAAa02694:
   smnorm:
/var/tmp/fcpFAAa02694:
   thlcir:
/var/tmp/fcpFAAa02694:
   tk2ivm:
/var/tmp/fcpFAAa02694:
   tnrhpa:
/var/tmp/fcpFAAa02694:
   ufield:
/var/tmp/fcpFAAa02694:
   ufitql:
/var/tmp/fcpFAAa02694:
   ufitzs:
/var/tmp/fcpFAAa02694:
   ufmmul:
       entry    ufmmlt:
       entry    ufmscl:
       entry    ufmadd:
       entry    ufmult:
/var/tmp/fcpFAAa02694:
   ufms:
/var/tmp/fcpFAAa02694:
   uftmso:
/var/tmp/fcpFAAa02694:
   uhelix:
/var/tmp/fcpFAAa02694:
   uhelix2:
/var/tmp/fcpFAAa02694:
   uincov:
/var/tmp/fcpFAAa02694:
   umserr:
/var/tmp/fcpFAAa02694:
   unewdp:
/var/tmp/fcpFAAa02694:
   unewzp:
/var/tmp/fcpFAAa02694:
   utkxng:
/var/tmp/fcpFAAa02694:
   utrid:
/var/tmp/fcpFAAa02694:
   utswco:
/var/tmp/fcpFAAa02694:
   uvtrid:
/var/tmp/fcpFAAa02694:
   yfix:
/var/tmp/fcpFAAa02694:
   yhelix:
/var/tmp/fcpFAAa02694:
   ysense:
/var/tmp/fcpFAAa02694:
   yv0one:
/var/tmp/fcpFAAa02828:
   tbtblk:
/var/tmp/fcpFAAa02828:
   tbtblp:
/var/tmp/fcpFAAa02828:
   tcgxru:
/var/tmp/fcpFAAa02828:
   tchkex:
/var/tmp/fcpFAAa02828:
   tchkhv:
/var/tmp/fcpFAAa02828:
   tdedxv:
       entry    tdedxr:
/var/tmp/fcpFAAa02828:
   tdxerr:
/var/tmp/fcpFAAa02828:
   tidhyp:
/var/tmp/fcpFAAa02828:
   tmdedx:
/var/tmp/fcpFAAa02828:
   tmpddx:
/var/tmp/fcpFAAa02828:
   tpdhyp:
/var/tmp/fcpFAAa02828:
   tpxerr:
/var/tmp/fcpFAAa02828:
   txdedx:
/var/tmp/fcpFAAa02828:
   txpddx:
/var/tmp/fcpFAAa02873:
   eclean:
/var/tmp/fcpFAAa02873:
   ecprhi:
/var/tmp/fcpFAAa02873:
   ecprto:
/var/tmp/fcpFAAa02873:
   ecprtr:
/var/tmp/fcpFAAa02873:
   ecprwi:
/var/tmp/fcpFAAa02873:
   emtzer:
/var/tmp/fcpFAAa02888:
   acoupe:
/var/tmp/fcpFAAa02888:
   aire:
/var/tmp/fcpFAAa02888:
   airsct:
/var/tmp/fcpFAAa02888:
   avolum:
/var/tmp/fcpFAAa02888:
   ealgmk:
/var/tmp/fcpFAAa02888:
   ealign:
/var/tmp/fcpFAAa02888:
   ealtmk:
/var/tmp/fcpFAAa02888:
   ecdfrd:
/var/tmp/fcpFAAa02888:
   ecplst:
/var/tmp/fcpFAAa02888:
   ecrwrg:
/var/tmp/fcpFAAa02888:
   ecsgeo:
/var/tmp/fcpFAAa02888:
   ectilt:
/var/tmp/fcpFAAa02888:
   ecylnd:
/var/tmp/fcpFAAa02888:
   edefcl:
/var/tmp/fcpFAAa02888:
   edefec:
/var/tmp/fcpFAAa02888:
   edeflg:
/var/tmp/fcpFAAa02888:
   edefmd:
/var/tmp/fcpFAAa02888:
   edefsc:
/var/tmp/fcpFAAa02888:
   edefsp:
/var/tmp/fcpFAAa02888:
   edefss:
/var/tmp/fcpFAAa02888:
   edisgn:
/var/tmp/fcpFAAa02888:
   efncrs:
/var/tmp/fcpFAAa02888:
   efndcl:
/var/tmp/fcpFAAa02888:
   efndlg:
/var/tmp/fcpFAAa02888:
   efndmd:
/var/tmp/fcpFAAa02888:
   efndpl:
/var/tmp/fcpFAAa02888:
   efndrg:
/var/tmp/fcpFAAa02888:
   efndsc:
/var/tmp/fcpFAAa02888:
   efndss:
/var/tmp/fcpFAAa02888:
   efndst:
/var/tmp/fcpFAAa02888:
   efndtw:
/var/tmp/fcpFAAa02888:
   efnicr:
/var/tmp/fcpFAAa02888:
   efnitw:
/var/tmp/fcpFAAa02888:
   efnlay:
/var/tmp/fcpFAAa02888:
   egptlg:
/var/tmp/fcpFAAa02888:
   egptsp:
/var/tmp/fcpFAAa02888:
   egtlnf:
/var/tmp/fcpFAAa02888:
   ehsimt:
/var/tmp/fcpFAAa02888:
   eintst:
/var/tmp/fcpFAAa02888:
   einvrl:
/var/tmp/fcpFAAa02888:
   elimin:
/var/tmp/fcpFAAa02888:
   elimrg:
/var/tmp/fcpFAAa02888:
   elimsc:
/var/tmp/fcpFAAa02888:
   elimst:
/var/tmp/fcpFAAa02888:
   elocal:
/var/tmp/fcpFAAa02888:
   emabsl:
/var/tmp/fcpFAAa02888:
   emdedx:
/var/tmp/fcpFAAa02888:
   emdtow:
/var/tmp/fcpFAAa02888:
   empact:
/var/tmp/fcpFAAa02888:
   emradl:
/var/tmp/fcpFAAa02888:
   enorme:
/var/tmp/fcpFAAa02888:
   entree:
/var/tmp/fcpFAAa02888:
   eowfar:
/var/tmp/fcpFAAa02888:
   eperce:
/var/tmp/fcpFAAa02888:
   eplmst:
/var/tmp/fcpFAAa02888:
   eplnor:
/var/tmp/fcpFAAa02888:
   eplscc:
/var/tmp/fcpFAAa02888:
   eplscf:
/var/tmp/fcpFAAa02888:
   eplscn:
/var/tmp/fcpFAAa02888:
   eplsdi:
/var/tmp/fcpFAAa02888:
   eplsqf:
/var/tmp/fcpFAAa02888:
   eplsql:
/var/tmp/fcpFAAa02888:
   eplst:
/var/tmp/fcpFAAa02888:
   eprcom:
/var/tmp/fcpFAAa02888:
   eqedge:
/var/tmp/fcpFAAa02888:
   erddaf:
/var/tmp/fcpFAAa02888:
   erogen:
/var/tmp/fcpFAAa02888:
   erosys:
/var/tmp/fcpFAAa02888:
   erotpl:
/var/tmp/fcpFAAa02888:
   erotpt:
/var/tmp/fcpFAAa02888:
   erpads:
/var/tmp/fcpFAAa02888:
   erwidt:
/var/tmp/fcpFAAa02888:
   esrbc:
/var/tmp/fcpFAAa02888:
   esrcr:
/var/tmp/fcpFAAa02888:
   esrct:
/var/tmp/fcpFAAa02888:
   esrdir:
/var/tmp/fcpFAAa02888:
   esrfc:
/var/tmp/fcpFAAa02888:
   esrpl:
/var/tmp/fcpFAAa02888:
   esrpt:
/var/tmp/fcpFAAa02888:
   etetrd:
/var/tmp/fcpFAAa02888:
   ethru:
/var/tmp/fcpFAAa02888:
   etouch:
/var/tmp/fcpFAAa02888:
   etzsmd:
/var/tmp/fcpFAAa02888:
   etzssl:
/var/tmp/fcpFAAa02888:
   evabsl:
/var/tmp/fcpFAAa02888:
   evdedx:
/var/tmp/fcpFAAa02888:
   evfois:
/var/tmp/fcpFAAa02888:
   evolcr:
/var/tmp/fcpFAAa02888:
   evolct:
/var/tmp/fcpFAAa02888:
   evolfc:
/var/tmp/fcpFAAa02888:
   evolpl:
/var/tmp/fcpFAAa02888:
   evolum:
/var/tmp/fcpFAAa02888:
   evradl:
/var/tmp/fcpFAAa02888:
   expand:
/var/tmp/fcpFAAa02888:
   expfrf:
/var/tmp/fcpFAAa02888:
   expnec:
/var/tmp/fcpFAAa02888:
   exrwrw:
/var/tmp/fcpFAAa02888:
   vect4:
/var/tmp/fcpFAAa03199:
   alclasw:
/var/tmp/fcpFAAa03199:
   alrwev:
/var/tmp/fcpFAAa03199:
   alsumcl:
       entry    alsumgt:
/var/tmp/fcpFAAa03199:
   chkclas:
/var/tmp/fcpFAAa03199:
   clas24:
/var/tmp/fcpFAAa03199:
   clas26:
/var/tmp/fcpFAAa03199:
   clas278:
/var/tmp/fcpFAAa03199:
   ecaget:
/var/tmp/fcpFAAa03199:
   ecalsl:
/var/tmp/fcpFAAa03199:
   ecalwr:
/var/tmp/fcpFAAa03199:
   ecphco:
/var/tmp/fcpFAAa03199:
   eewirs:
/var/tmp/fcpFAAa03199:
   enlcal:
/var/tmp/fcpFAAa03199:
   enlcl2:
/var/tmp/fcpFAAa03199:
   esumw:
/var/tmp/fcpFAAa03199:
   esweh:
/var/tmp/fcpFAAa03199:
   ggesum:
/var/tmp/fcpFAAa03199:
   ggseh:
/var/tmp/fcpFAAa03199:
   ggtrkh:
/var/tmp/fcpFAAa03199:
   hcalen:
/var/tmp/fcpFAAa03199:
   hvobit:
/var/tmp/fcpFAAa03199:
   lepto:
/var/tmp/fcpFAAa03199:
   modfnd:
/var/tmp/fcpFAAa03199:
   muelid:
/var/tmp/fcpFAAa03199:
   mutrgs:
/var/tmp/fcpFAAa03199:
   phedir:
/var/tmp/fcpFAAa03199:
   qptrck:
/var/tmp/fcpFAAa03199:
   qtrkch:
/var/tmp/fcpFAAa03199:
   rejbha:
/var/tmp/fcpFAAa03199:
   rpeco:
/var/tmp/fcpFAAa03199:
/var/tmp/fcpFAAa03199:
   selbha:
/var/tmp/fcpFAAa03199:
   selcal:
/var/tmp/fcpFAAa03199:
   selemu:
/var/tmp/fcpFAAa03199:
   selenu:
/var/tmp/fcpFAAa03199:
   selevt:
/var/tmp/fcpFAAa03199:
   selgge:
/var/tmp/fcpFAAa03199:
   seltrk:
/var/tmp/fcpFAAa03199:
   selwwa:
/var/tmp/fcpFAAa03199:
   selwwb:
/var/tmp/fcpFAAa03199:
   siedir:
/var/tmp/fcpFAAa03199:
   sngmtr:
/var/tmp/fcpFAAa03199:
   sngrnd:
/var/tmp/fcpFAAa03199:
   tizern:
/var/tmp/fcpFAAa03199:
   tizero:
/var/tmp/fcpFAAa03199:
   tracks:
/var/tmp/fcpFAAa03199:
   trioff:
/var/tmp/fcpFAAa03199:
   trkhad:
/var/tmp/fcpFAAa03199:
   trkwws:
/var/tmp/fcpFAAa03199:
   trpfrf:
/var/tmp/fcpFAAa03199:
   truslu:
/var/tmp/fcpFAAa03199:
   ulangl:
/var/tmp/fcpFAAa03199:
   ulthru:
/var/tmp/fcpFAAa03199:
   vdcosmj:
/var/tmp/fcpFAAa03199:
   vurobo:
/var/tmp/fcpFAAa03199:
   wclus:
/var/tmp/fcpFAAa03375:
   fmelos:
/var/tmp/fcpFAAa03375:
   fmhelx:
/var/tmp/fcpFAAa03375:
   fmhitb:
/var/tmp/fcpFAAa03375:
   fminit:
/var/tmp/fcpFAAa03375:
   fmmulx:
/var/tmp/fcpFAAa03375:
   fmprnt:
/var/tmp/fcpFAAa03375:
   fmregn:
/var/tmp/fcpFAAa03375:
   fmscat:
/var/tmp/fcpFAAa03375:
   fmtrak:
/var/tmp/fcpFAAa03408:
   fyfkin:
/var/tmp/fcpFAAa03408:
   fyinev:
/var/tmp/fcpFAAa03408:
   fyirun:
/var/tmp/fcpFAAa03408:
   fykill:
/var/tmp/fcpFAAa03408:
   fykine:
/var/tmp/fcpFAAa03408:
   fyluhc:
/var/tmp/fcpFAAa03408:
   fynhis:
/var/tmp/fcpFAAa03408:
   fyredc:
/var/tmp/fcpFAAa03408:
   fytoki:
/var/tmp/fcpFAAa03408:
   fytree:
/var/tmp/fcpFAAa03443:
   aristo:
/var/tmp/fcpFAAa03443:
   bgetds:
/var/tmp/fcpFAAa03443:
   chacut:
/var/tmp/fcpFAAa03443:
   corad94:
/var/tmp/fcpFAAa03443:
   coradoc:
/var/tmp/fcpFAAa03443:
   defove:
/var/tmp/fcpFAAa03443:
   dstack:
/var/tmp/fcpFAAa03443:
   ebgrix:
/var/tmp/fcpFAAa03443:
   ec4tra:
/var/tmp/fcpFAAa03443:
   ecetdi:
/var/tmp/fcpFAAa03443:
   evtver:
/var/tmp/fcpFAAa03443:
   gaform:
/var/tmp/fcpFAAa03443:
   gagrid:
/var/tmp/fcpFAAa03443:
   gamfak:
/var/tmp/fcpFAAa03443:
   gampek:
/var/tmp/fcpFAAa03443:
   gampex:
/var/tmp/fcpFAAa03443:
   gapgac:
/var/tmp/fcpFAAa03443:
   gapgpc:
/var/tmp/fcpFAAa03443:
   gatral:
/var/tmp/fcpFAAa03443:
   gbulos:
/var/tmp/fcpFAAa03443:
   gemfak:
/var/tmp/fcpFAAa03443:
   gf4lst:
/var/tmp/fcpFAAa03443:
   gfake:
/var/tmp/fcpFAAa03443:
   gfakew:
/var/tmp/fcpFAAa03443:
   gfrac:
/var/tmp/fcpFAAa03443:
   ghafak:
/var/tmp/fcpFAAa03443:
   givsto:
/var/tmp/fcpFAAa03443:
   gxem:
/var/tmp/fcpFAAa03443:
   gxhad:
/var/tmp/fcpFAAa03443:
   gximpa:
/var/tmp/fcpFAAa03443:
   gxmclm:
/var/tmp/fcpFAAa03443:
   gxtran:
/var/tmp/fcpFAAa03443:
   intof4:
/var/tmp/fcpFAAa03443:
   ispark:
/var/tmp/fcpFAAa03443:
   mecrfc:
/var/tmp/fcpFAAa03443:
   morsto:
/var/tmp/fcpFAAa03443:
   ovesto:
/var/tmp/fcpFAAa03443:
   stogam:
/var/tmp/fcpFAAa03443:
   trdist:
/var/tmp/fcpFAAa03443:
   trfire:
/var/tmp/fcpFAAa03443:
   voisto:
/var/tmp/fcpFAAa03953:
   hcboun:
/var/tmp/fcpFAAa03953:
   hccyl:
/var/tmp/fcpFAAa03953:
   hcdeit:
/var/tmp/fcpFAAa03953:
   hcdpsp:
/var/tmp/fcpFAAa03953:
   hcdrbm:
/var/tmp/fcpFAAa03953:
   hcdwsp:
/var/tmp/fcpFAAa03953:
   hcheck:
/var/tmp/fcpFAAa03953:
   hclatu:
/var/tmp/fcpFAAa03953:
   hcmdpl:
/var/tmp/fcpFAAa03953:
   hcprge:
/var/tmp/fcpFAAa03953:
   hcrinv:
/var/tmp/fcpFAAa03953:
   hcrvol:
/var/tmp/fcpFAAa03953:
   hcsamp:
/var/tmp/fcpFAAa03953:
   hcseco:
/var/tmp/fcpFAAa03953:
   hdeadm:
/var/tmp/fcpFAAa03953:
   hfbahi:
/var/tmp/fcpFAAa03953:
   hfbahio:
/var/tmp/fcpFAAa03953:
   hfbhit:
/var/tmp/fcpFAAa03953:
   hfehit:
/var/tmp/fcpFAAa03953:
   hfenhi:
/var/tmp/fcpFAAa03953:
   hfndmd:
/var/tmp/fcpFAAa03953:
   hfndtw:
/var/tmp/fcpFAAa03953:
   hgetga:
/var/tmp/fcpFAAa03953:
   hgetju:
/var/tmp/fcpFAAa03953:
   hginit:
/var/tmp/fcpFAAa03953:
   hintst:
/var/tmp/fcpFAAa03953:
   hneigh:
/var/tmp/fcpFAAa03953:
   hnreg:
/var/tmp/fcpFAAa03953:
   hphmod:
/var/tmp/fcpFAAa03953:
   hrddaf:
/var/tmp/fcpFAAa03953:
   hsrcr:
/var/tmp/fcpFAAa03953:
   htadco:
/var/tmp/fcpFAAa03953:
   htadde:
/var/tmp/fcpFAAa03953:
   htstec:
/var/tmp/fcpFAAa03953:
   htuacl:
/var/tmp/fcpFAAa03953:
   htulen:
/var/tmp/fcpFAAa03953:
   htxang:
/var/tmp/fcpFAAa03953:
   htxdtl:
/var/tmp/fcpFAAa03953:
   htxspl:
/var/tmp/fcpFAAa03953:
   husran:
/var/tmp/fcpFAAa03953:
   hytrsf:
/var/tmp/fcpFAAa04298:
   ifecon:
/var/tmp/fcpFAAa04298:
   igeomw:
/var/tmp/fcpFAAa04298:
   igetdb:
/var/tmp/fcpFAAa04298:
   iinali:
/var/tmp/fcpFAAa04298:
   iinres:
/var/tmp/fcpFAAa04298:
   iprdaf:
/var/tmp/fcpFAAa04298:
   irddaf:
/var/tmp/fcpFAAa04317:
   iasiga:
/var/tmp/fcpFAAa04317:
   icdrif:
/var/tmp/fcpFAAa04317:
   icrcoo:
/var/tmp/fcpFAAa04317:
   iddist:
/var/tmp/fcpFAAa04317:
   ilatch:
/var/tmp/fcpFAAa04317:
   ilivew:
/var/tmp/fcpFAAa04317:
   imicco:
/var/tmp/fcpFAAa04317:
   iresrp:
/var/tmp/fcpFAAa04317:
   itcflg:
/var/tmp/fcpFAAa04317:
   itdcor:
/var/tmp/fcpFAAa04317:
   itdrif:
/var/tmp/fcpFAAa04317:
   itprdi:
/var/tmp/fcpFAAa04317:
   itprht:
/var/tmp/fcpFAAa04317:
   itqual:
/var/tmp/fcpFAAa04317:
   itrotn:
/var/tmp/fcpFAAa04317:
   itswco:
/var/tmp/fcpFAAa04317:
   itxflg:
/var/tmp/fcpFAAa04317:
   itxing:
/var/tmp/fcpFAAa04317:
   iudoca:
/var/tmp/fcpFAAa04317:
   iupcco:
/var/tmp/fcpFAAa04317:
   iuvcrs:
/var/tmp/fcpFAAa04317:
   ixhits:
/var/tmp/fcpFAAa04382:
   uba2pi:
       entry    ubapi:
       entry    ubapi2:
/var/tmp/fcpFAAa04382:
   uf2arc:
/var/tmp/fcpFAAa04382:
   uf2crd:
/var/tmp/fcpFAAa04382:
   uf2trk:
/var/tmp/fcpFAAa04382:
   uf2use:
/var/tmp/fcpFAAa04382:
   ufbebl:
/var/tmp/fcpFAAa04382:
   ufberr:
/var/tmp/fcpFAAa04382:
   ufchi2:
/var/tmp/fcpFAAa04382:
   ufcova:
/var/tmp/fcpFAAa04382:
   ufdisc:
/var/tmp/fcpFAAa04382:
   ufecal:
/var/tmp/fcpFAAa04382:
   ufg2gt:
/var/tmp/fcpFAAa04382:
   ufgain:
/var/tmp/fcpFAAa04382:
   ufgett:
/var/tmp/fcpFAAa04382:
   ufjaco:
/var/tmp/fcpFAAa04382:
   ufloss:
/var/tmp/fcpFAAa04382:
   ufqprc:
/var/tmp/fcpFAAa04382:
   ufrein:
       entry    uf2sca:
       entry    uftfil:
/var/tmp/fcpFAAa04382:
   ufscov:
/var/tmp/fcpFAAa04382:
   ufstat:
/var/tmp/fcpFAAa04382:
   ufswmc:
       entry    uoloss:
/var/tmp/fcpFAAa04382:
   ufswms:
/var/tmp/fcpFAAa04382:
   ufswmx:
/var/tmp/fcpFAAa04382:
   uftkal:
       entry    ufmkal:
       entry    uftrac:
       entry    uftome:
       entry    ufttal:
       entry    uftmom:
       entry    uftrad:
       entry    dalinf:
       entry    ufdali:
       entry    ufswim:
       entry    ufclim:
       entry    ufvdin:
       entry    ufvdou:
       entry    uf2res:
       entry    uf2trm:
       entry    uf2tpo:
       entry    uf2pnt:
       entry    uf2xyz:
/var/tmp/fcpFAAa04382:
   uftran:
/var/tmp/fcpFAAa04382:
   ufttra:
/var/tmp/fcpFAAa04382:
   ufvdms:
       entry    ufvdmm:
/var/tmp/fcpFAAa04382:
   uload:
/var/tmp/fcpFAAa04382:
   upcons:
/var/tmp/fcpFAAa04382:
   utproc:
/var/tmp/fcpFAAa04451:
/var/tmp/fcpFAAa04451:
/var/tmp/fcpFAAa04451:
/var/tmp/fcpFAAa04451:
/var/tmp/fcpFAAa04451:
   kbkine:
/var/tmp/fcpFAAa04451:
   kbklin:
/var/tmp/fcpFAAa04451:
   kbpart:
/var/tmp/fcpFAAa04451:
   kbvert:
/var/tmp/fcpFAAa04451:
   kclean:
/var/tmp/fcpFAAa04451:
   keevt:
/var/tmp/fcpFAAa04451:
   kejob:
/var/tmp/fcpFAAa04451:
   kfevbk:
/var/tmp/fcpFAAa04451:
   kgdecl:
/var/tmp/fcpFAAa04451:
   kgpart:
/var/tmp/fcpFAAa04451:
   kiaver:
/var/tmp/fcpFAAa04451:
   kibprs:
/var/tmp/fcpFAAa04451:
   kifynw:
/var/tmp/fcpFAAa04451:
   kifyol:
/var/tmp/fcpFAAa04451:
   kinit:
/var/tmp/fcpFAAa04451:
   kkdrop:
/var/tmp/fcpFAAa04451:
   kkmove:
/var/tmp/fcpFAAa04451:
   kluzet:
/var/tmp/fcpFAAa04451:
   kmkrun:
/var/tmp/fcpFAAa04451:
   kmpart:
/var/tmp/fcpFAAa04451:
   kmrunh:
/var/tmp/fcpFAAa04451:
   knodec:
/var/tmp/fcpFAAa04451:
   kp6sho:
/var/tmp/fcpFAAa04451:
   kp6zfr:
/var/tmp/fcpFAAa04451:
   kpyzet:
/var/tmp/fcpFAAa04451:
   ksecbk:
/var/tmp/fcpFAAa04451:
   kshobk:
/var/tmp/fcpFAAa04451:
   kswap:
/var/tmp/fcpFAAa04451:
   kwgtbk:
/var/tmp/fcpFAAa04451:
   kxl74a:
/var/tmp/fcpFAAa04451:
   kxl7al:
/var/tmp/fcpFAAa04451:
   kxl7br:
/var/tmp/fcpFAAa04451:
   kxl7co:
/var/tmp/fcpFAAa04451:
   kxl7pa:
/var/tmp/fcpFAAa04451:
   kxl7st:
/var/tmp/fcpFAAa04451:
   kxl7to:
/var/tmp/fcpFAAa04451:
   kxlual:
/var/tmp/fcpFAAa04451:
   kxlubr:
/var/tmp/fcpFAAa04451:
   kxluco:
/var/tmp/fcpFAAa04451:
   kxlupa:
/var/tmp/fcpFAAa04451:
   kxlupr:
/var/tmp/fcpFAAa04451:
   kxluto:
/var/tmp/fcpFAAa04451:
   kxp6al:
/var/tmp/fcpFAAa04451:
   kxp6br:
/var/tmp/fcpFAAa04451:
   kxp6co:
/var/tmp/fcpFAAa04451:
   kxp6in:
/var/tmp/fcpFAAa04451:
   kxp6st:
/var/tmp/fcpFAAa04451:
   kxp6to:
/var/tmp/fcpFAAa04451:
   kzfrbk:
/var/tmp/fcpFAAa04614:
   lcalmv:
/var/tmp/fcpFAAa04619:
   mbapol:
/var/tmp/fcpFAAa04619:
   mbspol:
/var/tmp/fcpFAAa04619:
   menpol:
/var/tmp/fcpFAAa04619:
   mginit:
/var/tmp/fcpFAAa04619:
   mmapol:
/var/tmp/fcpFAAa04619:
   muprge:
/var/tmp/fcpFAAa04619:
   mxyloc:
/var/tmp/fcpFAAa04639:
   maklis:
/var/tmp/fcpFAAa04639:
   mdscr:
/var/tmp/fcpFAAa04639:
   mucalo:
/var/tmp/fcpFAAa04639:
   mucatr:
/var/tmp/fcpFAAa04639:
   mudbe:
/var/tmp/fcpFAAa04639:
   mudso:
/var/tmp/fcpFAAa04654:
   alprob:
/var/tmp/fcpFAAa04654:
   amuid:
/var/tmp/fcpFAAa04654:
   hdodgy:
/var/tmp/fcpFAAa04654:
   hgsudn:
/var/tmp/fcpFAAa04654:
   hrhtub:
/var/tmp/fcpFAAa04654:
   mrmhit:
/var/tmp/fcpFAAa04654:
   mshad:
/var/tmp/fcpFAAa04654:
   msolmc:
/var/tmp/fcpFAAa04654:
   msolsh:
/var/tmp/fcpFAAa04654:
   muidf:
/var/tmp/fcpFAAa04654:
   muido:
/var/tmp/fcpFAAa04701:
   bulos:
/var/tmp/fcpFAAa04701:
   clmoms:
/var/tmp/fcpFAAa04701:
   ebaryc:
/var/tmp/fcpFAAa04701:
   ebcdrg:
/var/tmp/fcpFAAa04701:
   ebclap:
/var/tmp/fcpFAAa04701:
   ebclcf:
/var/tmp/fcpFAAa04701:
   ebcocl:
/var/tmp/fcpFAAa04701:
   ebcohd:
/var/tmp/fcpFAAa04701:
   ebconf:
/var/tmp/fcpFAAa04701:
   ebcosi:
/var/tmp/fcpFAAa04701:
   ebcrad:
/var/tmp/fcpFAAa04701:
   ebcrep:
/var/tmp/fcpFAAa04701:
   ebdevi:
/var/tmp/fcpFAAa04701:
   ebecmd:
/var/tmp/fcpFAAa04701:
   ebgaga:
/var/tmp/fcpFAAa04701:
   ebgene:
/var/tmp/fcpFAAa04701:
   ebgrid:
/var/tmp/fcpFAAa04701:
   ebhadr:
/var/tmp/fcpFAAa04701:
   ebhaha:
/var/tmp/fcpFAAa04701:
   ebimpa:
/var/tmp/fcpFAAa04701:
   ebimpc:
/var/tmp/fcpFAAa04701:
   ebinit:
/var/tmp/fcpFAAa04701:
   ebleak:
/var/tmp/fcpFAAa04701:
   eblong:
/var/tmp/fcpFAAa04701:
   eblpst:
/var/tmp/fcpFAAa04701:
   ebneut:
/var/tmp/fcpFAAa04701:
   eboidp:
/var/tmp/fcpFAAa04701:
   ebpara:
/var/tmp/fcpFAAa04701:
   ebphcc:
/var/tmp/fcpFAAa04701:
   ebprep:
/var/tmp/fcpFAAa04701:
   ebprga:
/var/tmp/fcpFAAa04701:
   ebrack:
/var/tmp/fcpFAAa04701:
   ebranc:
/var/tmp/fcpFAAa04701:
   ebrgcd:
/var/tmp/fcpFAAa04701:
   ebsatu:
/var/tmp/fcpFAAa04701:
   ebshap:
/var/tmp/fcpFAAa04701:
   ebshow:
/var/tmp/fcpFAAa04701:
   ebslim:
/var/tmp/fcpFAAa04701:
   ebstak:
/var/tmp/fcpFAAa04701:
   ebtran:
/var/tmp/fcpFAAa04701:
   ebtzth:
/var/tmp/fcpFAAa04701:
   ebvlap:
/var/tmp/fcpFAAa04701:
   ebyphi:
/var/tmp/fcpFAAa04701:
   ecleak:
/var/tmp/fcpFAAa04701:
   enof4:
/var/tmp/fcpFAAa04701:
   enol12:
/var/tmp/fcpFAAa04701:
   enolwf:
/var/tmp/fcpFAAa04701:
   enow12:
/var/tmp/fcpFAAa04701:
   gapgid:
/var/tmp/fcpFAAa04701:
   gbimpa:
/var/tmp/fcpFAAa04701:
   gbneut:
/var/tmp/fcpFAAa04701:
   gbtran:
/var/tmp/fcpFAAa04701:
   gvercr:
/var/tmp/fcpFAAa04822:
   ainjet:
/var/tmp/fcpFAAa04822:
   alclus:
/var/tmp/fcpFAAa04822:
   alrobo:
/var/tmp/fcpFAAa04822:
   althru:
/var/tmp/fcpFAAa04822:
   fjmmcl:
       entry    getyij:
/var/tmp/fcpFAAa04822:
   getx:
/var/tmp/fcpFAAa04822:
   gety:
/var/tmp/fcpFAAa04822:
   jpcomb:
/var/tmp/fcpFAAa04822:
   pairfd:
       entry    paircp:
/var/tmp/fcpFAAa04822:
   pidecy:
/var/tmp/fcpFAAa04822:
   pjlink:
/var/tmp/fcpFAAa04976:
   bprtab:
/var/tmp/fcpFAAa04976:
   frftdp:
/var/tmp/fcpFAAa04976:
   ftkdmp:
/var/tmp/fcpFAAa04976:
   hcprind:
/var/tmp/fcpFAAa04976:
   muprdi:
/var/tmp/fcpFAAa04976:
   muprht:
/var/tmp/fcpFAAa04976:
   prdtmc:
/var/tmp/fcpFAAa04976:
   prfkin:
/var/tmp/fcpFAAa04976:
   prgdec:
/var/tmp/fcpFAAa04976:
   primpa:
/var/tmp/fcpFAAa04976:
   prkine:
/var/tmp/fcpFAAa04976:
   prpart:
/var/tmp/fcpFAAa04976:
   prrhah:
/var/tmp/fcpFAAa04976:
   prtabl:
/var/tmp/fcpFAAa04976:
   smprt:
/var/tmp/fcpFAAa04976:
   tpaddp:
/var/tmp/fcpFAAa04976:
   tpcodp:
/var/tmp/fcpFAAa05015:
   fpkcm:
/var/tmp/fcpFAAa05015:
   fptoj:
/var/tmp/fcpFAAa05015:
   fupkcm:
/var/tmp/fcpFAAa05015:
   iptoj:
/var/tmp/fcpFAAa05015:
   nvpcob:
/var/tmp/fcpFAAa05015:
   nvpeco:
/var/tmp/fcpFAAa05015:
   pcmecu:
/var/tmp/fcpFAAa05015:
   pcpatq:
/var/tmp/fcpFAAa05015:
   pcrltj:
/var/tmp/fcpFAAa05015:
   pechic:
/var/tmp/fcpFAAa05015:
   peidtj:
/var/tmp/fcpFAAa05015:
   phchic:
/var/tmp/fcpFAAa05015:
   phmadj:
/var/tmp/fcpFAAa05015:
   phstoj:
/var/tmp/fcpFAAa05015:
   pitcoj:
/var/tmp/fcpFAAa05015:
   pitmaj:
/var/tmp/fcpFAAa05015:
   pjpfxt:
/var/tmp/fcpFAAa05015:
   pscooj:
/var/tmp/fcpFAAa05015:
   pstcpj:
/var/tmp/fcpFAAa05015:
   ptbcoj:
/var/tmp/fcpFAAa05015:
   ptexsj:
/var/tmp/fcpFAAa05015:
   ptgmaj:
/var/tmp/fcpFAAa05015:
   ptpcoj:
/var/tmp/fcpFAAa05015:
   sptoj:
/var/tmp/fcpFAAa05015:
   tficor:
/var/tmp/fcpFAAa05015:
   tfiltu:
/var/tmp/fcpFAAa05015:
   tfipol:
/var/tmp/fcpFAAa05015:
   tptoj:
/var/tmp/fcpFAAa05015:
   tsrtco:
/var/tmp/fcpFAAa05015:
   tun1co:
/var/tmp/fcpFAAa05015:
   tun1nc:
/var/tmp/fcpFAAa05088:
   saprdi:
/var/tmp/fcpFAAa05088:
   saprhi:
/var/tmp/fcpFAAa05100:
   siator:
/var/tmp/fcpFAAa05100:
   siatox:
/var/tmp/fcpFAAa05100:
   sibkcl:
/var/tmp/fcpFAAa05100:
   siclid:
/var/tmp/fcpFAAa05100:
   sidali:
/var/tmp/fcpFAAa05100:
   sidcod:
/var/tmp/fcpFAAa05100:
   sidcoz:
/var/tmp/fcpFAAa05100:
   siencd:
/var/tmp/fcpFAAa05100:
   siencz:
/var/tmp/fcpFAAa05100:
   sifsum:
/var/tmp/fcpFAAa05100:
   sigtgo:
/var/tmp/fcpFAAa05100:
   siidpo:
/var/tmp/fcpFAAa05100:
   siitor:
/var/tmp/fcpFAAa05100:
   siltox:
/var/tmp/fcpFAAa05100:
   siploc:
/var/tmp/fcpFAAa05100:
   siprgo:
/var/tmp/fcpFAAa05100:
   siptoj:
/var/tmp/fcpFAAa05100:
   sirdaf:
/var/tmp/fcpFAAa05100:
   sirloc:
/var/tmp/fcpFAAa05100:
   sirtoa:
/var/tmp/fcpFAAa05100:
   sirtoi:
/var/tmp/fcpFAAa05100:
   sixtoa:
/var/tmp/fcpFAAa05100:
   sixtoi:
/var/tmp/fcpFAAa05100:
   sixtol:
/var/tmp/fcpFAAa05100:
   sizfri:
/var/tmp/fcpFAAa05100:
   siztoi:
/var/tmp/fcpFAAa05100:
   stmask:
/var/tmp/fcpFAAa05100:
   strigf:
/var/tmp/fcpFAAa05165:
   talini:
/var/tmp/fcpFAAa05165:
   tcorec:
/var/tmp/fcpFAAa05165:
   tcrtrn:
/var/tmp/fcpFAAa05165:
   tctglb:
/var/tmp/fcpFAAa05165:
   tctsec:
/var/tmp/fcpFAAa05165:
   tgedmp:
/var/tmp/fcpFAAa05165:
   tgepbk:
/var/tmp/fcpFAAa05165:
   tgepri:
/var/tmp/fcpFAAa05165:
   tgewir:
/var/tmp/fcpFAAa05165:
   tghpal:
/var/tmp/fcpFAAa05165:
   tghpts:
/var/tmp/fcpFAAa05165:
   thtflg:
/var/tmp/fcpFAAa05165:
   thtran:
/var/tmp/fcpFAAa05165:
   tmatut:
/var/tmp/fcpFAAa05165:
   tpdint:
/var/tmp/fcpFAAa05165:
   trddaf:
/var/tmp/fcpFAAa05165:
   trdt90:
/var/tmp/fcpFAAa05165:
   trhflg:
/var/tmp/fcpFAAa05165:
   tschek:
/var/tmp/fcpFAAa05165:
   tscint:
/var/tmp/fcpFAAa05165:
   tsnext:
/var/tmp/fcpFAAa05283:
   tcores:
/var/tmp/fcpFAAa05283:
   tcrtof:
/var/tmp/fcpFAAa05283:
   tcrtra:
/var/tmp/fcpFAAa05283:
   tcrzvd:
/var/tmp/fcpFAAa05283:
   tdfvru:
/var/tmp/fcpFAAa05283:
   tfcini:
/var/tmp/fcpFAAa05283:
   tfimul:
/var/tmp/fcpFAAa05283:
   tfixt0:
/var/tmp/fcpFAAa05283:
   tgtcur:
/var/tmp/fcpFAAa05283:
   timdif:
/var/tmp/fcpFAAa05283:
   tlacoc:
/var/tmp/fcpFAAa05283:
   tlacop:
/var/tmp/fcpFAAa05283:
   tlacor:
/var/tmp/fcpFAAa05283:
   tnfvru:
/var/tmp/fcpFAAa05283:
   tpdvel:
/var/tmp/fcpFAAa05283:
   tprcoo:
/var/tmp/fcpFAAa05283:
   tprhit:
/var/tmp/fcpFAAa05283:
   twpana:
/var/tmp/fcpFAAa05283:
   twpold:
/var/tmp/fcpFAAa05283:
   twrred:
/var/tmp/fcpFAAa05283:
   tzcrvd:
/var/tmp/fcpFAAa05283:
   tzcsvd:
/var/tmp/fcpFAAa05380:
   sidisc:
/var/tmp/fcpFAAa05380:
   sitrin:
/var/tmp/fcpFAAa05380:
   six2mk:
/var/tmp/fcpFAAa05380:
   sixamk:
/var/tmp/fcpFAAa05380:
   sixapr:
/var/tmp/fcpFAAa05380:
   x1aptn:
/var/tmp/fcpFAAa05380:
   x1aptr:
/var/tmp/fcpFAAa05380:
   x1book:
/var/tmp/fcpFAAa05380:
   x1dceb:
/var/tmp/fcpFAAa05380:
   x1disc:
/var/tmp/fcpFAAa05380:
   x1disn:
/var/tmp/fcpFAAa05380:
   x1ecwm:
/var/tmp/fcpFAAa05380:
   x1hisn:
/var/tmp/fcpFAAa05380:
   x1hist:
/var/tmp/fcpFAAa05380:
   x1ini:
/var/tmp/fcpFAAa05380:
   x1inp:
/var/tmp/fcpFAAa05380:
   x1irun:
/var/tmp/fcpFAAa05380:
   x1mixi:
/var/tmp/fcpFAAa05380:
   x1mixn:
/var/tmp/fcpFAAa05380:
   x1outp:
/var/tmp/fcpFAAa05380:
   x1prep:
/var/tmp/fcpFAAa05380:
   x1prnt:
/var/tmp/fcpFAAa05380:
   x1redo:
/var/tmp/fcpFAAa05380:
   x1rsum:
/var/tmp/fcpFAAa05380:
   x1time:
/var/tmp/fcpFAAa05380:
   x1trg:
/var/tmp/fcpFAAa05380:
   x1trig:
/var/tmp/fcpFAAa05380:
   x1wsum:
/var/tmp/fcpFAAa05380:
   x2book:
/var/tmp/fcpFAAa05380:
   x2dfcd:
/var/tmp/fcpFAAa05380:
   x2irun:
/var/tmp/fcpFAAa05380:
   x2luts:
/var/tmp/fcpFAAa05380:
   x2nami:
/var/tmp/fcpFAAa05380:
   x2prhi:
/var/tmp/fcpFAAa05380:
   x2prin:
/var/tmp/fcpFAAa05380:
   x2trig:
/var/tmp/fcpFAAa05380:
   x2wsum:
/var/tmp/fcpFAAa05603:
   vabcfl:
/var/tmp/fcpFAAa05603:
   vabcvu:
/var/tmp/fcpFAAa05603:
   vabcxy:
/var/tmp/fcpFAAa05603:
   vaddpk:
/var/tmp/fcpFAAa05603:
   vaddun:
/var/tmp/fcpFAAa05603:
   vadesa:
/var/tmp/fcpFAAa05603:
   vadewa:
/var/tmp/fcpFAAa05603:
   vaensa:
/var/tmp/fcpFAAa05603:
   vaenwa:
/var/tmp/fcpFAAa05603:
   valfco:
/var/tmp/fcpFAAa05603:
   vbnkdp:
/var/tmp/fcpFAAa05603:
   vbrjwa:
/var/tmp/fcpFAAa05603:
   vchnst:
/var/tmp/fcpFAAa05603:
   vcormp:
/var/tmp/fcpFAAa05603:
   vcscec:
/var/tmp/fcpFAAa05603:
   vdacrs:
/var/tmp/fcpFAAa05603:
   vdafrd:
/var/tmp/fcpFAAa05603:
   vdamb:
/var/tmp/fcpFAAa05603:
   vdarge:
/var/tmp/fcpFAAa05603:
   vdcflt:
/var/tmp/fcpFAAa05603:
   vdchnb:
/var/tmp/fcpFAAa05603:
   vdcwrs:
/var/tmp/fcpFAAa05603:
   vdecsc:
/var/tmp/fcpFAAa05603:
   vdetgi:
/var/tmp/fcpFAAa05603:
   vdfirs:
/var/tmp/fcpFAAa05603:
   vdgdmp:
/var/tmp/fcpFAAa05603:
   vdgtch:
/var/tmp/fcpFAAa05603:
   vdgtol:
/var/tmp/fcpFAAa05603:
   vdindx:
/var/tmp/fcpFAAa05603:
   vdlcps:
/var/tmp/fcpFAAa05603:
   vdlcrs:
/var/tmp/fcpFAAa05603:
   vdpgeo:
/var/tmp/fcpFAAa05603:
   vdpslc:
/var/tmp/fcpFAAa05603:
   vdpsrs:
/var/tmp/fcpFAAa05603:
   vdrmax:
/var/tmp/fcpFAAa05603:
   vdrmin:
/var/tmp/fcpFAAa05603:
   vdrslc:
/var/tmp/fcpFAAa05603:
   vdrsps:
/var/tmp/fcpFAAa05603:
   vdrssc:
/var/tmp/fcpFAAa05603:
   vdscec:
/var/tmp/fcpFAAa05603:
   vdscrs:
/var/tmp/fcpFAAa05603:
   vdwfxy:
/var/tmp/fcpFAAa05603:
   vdyear:
/var/tmp/fcpFAAa05603:
   vdzmax:
/var/tmp/fcpFAAa05603:
   vfacsn:
/var/tmp/fcpFAAa05603:
   vfadim:
/var/tmp/fcpFAAa05603:
   vfaori:
/var/tmp/fcpFAAa05603:
   vfasdp:
/var/tmp/fcpFAAa05603:
   vfasmd:
/var/tmp/fcpFAAa05603:
   vffacw:
/var/tmp/fcpFAAa05603:
   vfjfac:
/var/tmp/fcpFAAa05603:
   vfjmod:
/var/tmp/fcpFAAa05603:
   vfjwaf:
/var/tmp/fcpFAAa05603:
   vfnear:
/var/tmp/fcpFAAa05603:
   vfwaff:
/var/tmp/fcpFAAa05603:
   vfwafi:
/var/tmp/fcpFAAa05603:
   vgcadi:
/var/tmp/fcpFAAa05603:
   vgcmtr:
/var/tmp/fcpFAAa05603:
   vgcrmt:
/var/tmp/fcpFAAa05603:
   vgexro:
/var/tmp/fcpFAAa05603:
   vggtno:
/var/tmp/fcpFAAa05603:
   vgintr:
/var/tmp/fcpFAAa05603:
   vgrdal:
/var/tmp/fcpFAAa05603:
   vgrdls:
/var/tmp/fcpFAAa05603:
   vgtber:
/var/tmp/fcpFAAa05603:
   vgtrve:
/var/tmp/fcpFAAa05603:
   vgwfvu:
/var/tmp/fcpFAAa05603:
   vgwfxy:
/var/tmp/fcpFAAa05603:
   vifaci:
/var/tmp/fcpFAAa05603:
   vimmod:
/var/tmp/fcpFAAa05603:
   vimodi:
/var/tmp/fcpFAAa05603:
   vimodm:
/var/tmp/fcpFAAa05603:
   vimodr:
/var/tmp/fcpFAAa05603:
   vindxi:
/var/tmp/fcpFAAa05603:
   vinibm:
/var/tmp/fcpFAAa05603:
   vinist:
/var/tmp/fcpFAAa05603:
   vinivg:
/var/tmp/fcpFAAa05603:
   vinlsw:
/var/tmp/fcpFAAa05603:
   vinsen:
/var/tmp/fcpFAAa05603:
   vinter:
/var/tmp/fcpFAAa05603:
   vintlf:
/var/tmp/fcpFAAa05603:
   vintlw:
/var/tmp/fcpFAAa05603:
   viromw:
/var/tmp/fcpFAAa05603:
   vitexi:
/var/tmp/fcpFAAa05603:
   viwafi:
/var/tmp/fcpFAAa05603:
   viwffw:
/var/tmp/fcpFAAa05603:
   vjfaci:
/var/tmp/fcpFAAa05603:
   vjfacm:
/var/tmp/fcpFAAa05603:
   vjfacw:
/var/tmp/fcpFAAa05603:
   vjlayf:
/var/tmp/fcpFAAa05603:
   vjlaym:
/var/tmp/fcpFAAa05603:
   vjlayw:
/var/tmp/fcpFAAa05603:
   vjmodi:
/var/tmp/fcpFAAa05603:
   vjmodm:
/var/tmp/fcpFAAa05603:
   vjmodw:
/var/tmp/fcpFAAa05603:
   vjwabr:
/var/tmp/fcpFAAa05603:
   vjwabw:
/var/tmp/fcpFAAa05603:
   vjwaff:
/var/tmp/fcpFAAa05603:
   vjwafi:
/var/tmp/fcpFAAa05603:
   vjwafm:
/var/tmp/fcpFAAa05603:
   vjwffw:
/var/tmp/fcpFAAa05603:
   vljfac:
/var/tmp/fcpFAAa05603:
   vljmod:
/var/tmp/fcpFAAa05603:
   vljwaf:
/var/tmp/fcpFAAa05603:
   vmcmod:
/var/tmp/fcpFAAa05603:
   vmmfld:
/var/tmp/fcpFAAa05603:
   vmmodj:
/var/tmp/fcpFAAa05603:
   vmodmc:
/var/tmp/fcpFAAa05603:
   vmwafj:
/var/tmp/fcpFAAa05603:
   vnelrm:
/var/tmp/fcpFAAa05603:
   vnfslo:
/var/tmp/fcpFAAa05603:
   vnirfs:
/var/tmp/fcpFAAa05603:
   vnlayr:
/var/tmp/fcpFAAa05603:
   vnrdir:
/var/tmp/fcpFAAa05603:
   vnrfac:
/var/tmp/fcpFAAa05603:
   vnrmod:
/var/tmp/fcpFAAa05603:
   vnromm:
/var/tmp/fcpFAAa05603:
   vnrssc:
/var/tmp/fcpFAAa05603:
   vnrwaf:
/var/tmp/fcpFAAa05603:
   vnrwff:
/var/tmp/fcpFAAa05603:
   vnscrm:
/var/tmp/fcpFAAa05603:
   vnstcm:
/var/tmp/fcpFAAa05603:
   vntfac:
/var/tmp/fcpFAAa05603:
   vntmod:
/var/tmp/fcpFAAa05603:
   vntwaf:
/var/tmp/fcpFAAa05603:
   vphicf:
/var/tmp/fcpFAAa05603:
   vphifc:
/var/tmp/fcpFAAa05603:
   vphifn:
/var/tmp/fcpFAAa05603:
   vphstm:
/var/tmp/fcpFAAa05603:
   vpkadd:
/var/tmp/fcpFAAa05603:
   vrddaf:
/var/tmp/fcpFAAa05603:
   vrecor:
/var/tmp/fcpFAAa05603:
   vrmmod:
/var/tmp/fcpFAAa05603:
   vromax:
/var/tmp/fcpFAAa05603:
   vrostm:
/var/tmp/fcpFAAa05603:
   vrswmd:
/var/tmp/fcpFAAa05603:
   vrswmx:
/var/tmp/fcpFAAa05603:
   vrvmbe:
/var/tmp/fcpFAAa05603:
   vschan:
/var/tmp/fcpFAAa05603:
   vscmec:
/var/tmp/fcpFAAa05603:
   vscmsc:
/var/tmp/fcpFAAa05603:
   vsensi:
/var/tmp/fcpFAAa05603:
   vsetup:
/var/tmp/fcpFAAa05603:
   vslotf:
/var/tmp/fcpFAAa05603:
   vsmjmd:
/var/tmp/fcpFAAa05603:
   vsmmod:
/var/tmp/fcpFAAa05603:
   vsmmtx:
/var/tmp/fcpFAAa05603:
   vstreg:
/var/tmp/fcpFAAa05603:
   vtextm:
/var/tmp/fcpFAAa05603:
   vtextw:
/var/tmp/fcpFAAa05603:
   vunadd:
/var/tmp/fcpFAAa05603:
   vvuwab:
/var/tmp/fcpFAAa05603:
   vvuwxy:
/var/tmp/fcpFAAa05603:
   vwadim:
/var/tmp/fcpFAAa05603:
   vwdist:
/var/tmp/fcpFAAa05603:
   vwffnd:
/var/tmp/fcpFAAa05603:
   vwfind:
/var/tmp/fcpFAAa05603:
   vwthck:
/var/tmp/fcpFAAa05603:
   vxyzab:
/var/tmp/fcpFAAa05603:
   vxyzfc:
/var/tmp/fcpFAAa05603:
   vxyzvu:
/var/tmp/fcpFAAa05603:
   vxyzwa:
/var/tmp/fcpFAAa05603:
   vzmult:
/var/tmp/fcpFAAa05603:
   vzrsrs:
/var/tmp/fcpFAAa06018:
   vdexcy:
/var/tmp/fcpFAAa06018:
   vdherr:
/var/tmp/fcpFAAa06018:
   vdhits:
/var/tmp/fcpFAAa06018:
   vdhter:
/var/tmp/fcpFAAa06018:
   vdmjls:
/var/tmp/fcpFAAa06018:
   vdmsec:
/var/tmp/fcpFAAa06018:
   vdmsrl:
/var/tmp/fcpFAAa06018:
   vdmsup:
/var/tmp/fcpFAAa06018:
   vdmwrs:
/var/tmp/fcpFAAa06018:
   vdprdi:
/var/tmp/fcpFAAa06018:
   vdprht:
/var/tmp/fcpFAAa06018:
   vdttra:
/var/tmp/fcpFAAa06018:
   vherr1:
/var/tmp/fcpFAAa06018:
   vrldgt:
/var/tmp/fcpFAAa06018:
   vrmwf:
/var/tmp/fcpFAAa06018:
   vstrip:
/var/tmp/fcpFAAa06018:
   vtclas:
/var/tmp/fcpFAAa06018:
   vtclld:
/var/tmp/fcpFAAa06018:
   vtderv:
/var/tmp/fcpFAAa06018:
   vtfill:
/var/tmp/fcpFAAa06018:
   vtlink:
/var/tmp/fcpFAAa06018:
   vtrfit:
/var/tmp/fcpFAAa06018:
   vtrkex:
/var/tmp/fcpFAAa06018:
   vtrlas:
/var/tmp/fcpFAAa06018:
   vtruh:
/var/tmp/fcpFAAa06018:
   vtxnwt:
/var/tmp/fcpFAAa06018:
   vtxraw:
/var/tmp/fcpFAAa06018:
   vtxtrk:
/var/tmp/fcpFAAa06098:
   llumok:
/var/tmp/fcpFAAa06098:
   slumok:
/var/tmp/fcpFAAa06098:
   vbitgd:
/var/tmp/fcpFAAa06098:
   xestab:
/var/tmp/fcpFAAa06098:
   xhvbit:
/var/tmp/fcpFAAa06098:
   xhvfix:
/var/tmp/fcpFAAa06098:
   xhvsta:
/var/tmp/fcpFAAa06098:
   xlslum:
/var/tmp/fcpFAAa06098:
   xlum2k:
/var/tmp/fcpFAAa06098:
   xlumok:
/var/tmp/fcpFAAa06098:
   xre133:
/var/tmp/fcpFAAa06098:
   xre94:
/var/tmp/fcpFAAa06098:
   xt0syn:
/var/tmp/fcpFAAa06098:
   xtgenb:
/var/tmp/fcpFAAa06098:
   xvdeok:
/var/tmp/fcpFAAa06140:
   ys0add:
/var/tmp/fcpFAAa06140:
   ys0clr:
/var/tmp/fcpFAAa06140:
   ys0lld:
/var/tmp/fcpFAAa06140:
   ys0set:
/var/tmp/fcpFAAa06140:
   yscadd:
/var/tmp/fcpFAAa06140:
   yscclr:
/var/tmp/fcpFAAa06140:
   ysclld:
/var/tmp/fcpFAAa06140:
   yscset:
/var/tmp/fcpFAAa06140:
   ysfclr:
/var/tmp/fcpFAAa06140:
   ysfset:
/var/tmp/fcpFAAa06140:
   ysftld:
/var/tmp/fcpFAAa06140:
   ysgets:
/var/tmp/fcpFAAa06140:
   ysklld:
/var/tmp/fcpFAAa06140:
   yspair:
/var/tmp/fcpFAAa06140:
   yspcut:
/var/tmp/fcpFAAa06140:
   yspvft:
/var/tmp/fcpFAAa06140:
   ystadd:
/var/tmp/fcpFAAa06140:
   ystclr:
/var/tmp/fcpFAAa06140:
   ystlld:
/var/tmp/fcpFAAa06140:
   ystset:
/var/tmp/fcpFAAa06140:
   ysvadd:
/var/tmp/fcpFAAa06140:
   ysvbld:
/var/tmp/fcpFAAa06140:
   ysvclr:
/var/tmp/fcpFAAa06140:
   ysvfit:
/var/tmp/fcpFAAa06140:
   ysvmat:
/var/tmp/fcpFAAa06140:
   ysvmrg:
/var/tmp/fcpFAAa06140:
   ysvrtx:
/var/tmp/fcpFAAa06140:
   ysvset:
/var/tmp/fcpFAAa06140:
   ysvsrt:
/var/tmp/fcpFAAa06140:
   ysvtbk:
/var/tmp/fcpFAAa06140:
   ysvtrk:
/var/tmp/fcpFAAa06140:
   ysvx0l:
/var/tmp/fcpFAAa06258:
   BLOCK DATA ybdtop:
/var/tmp/fcpFAAa06258:
   ybipat:
/var/tmp/fcpFAAa06258:
   ycircr:
Compiler error line 116 of ../ytop/ycircr.F: Utils: Sanity Check: Inconsistent internal data structures. (6933)
/var/tmp/fcpFAAa06258:
   ydefrf:
/var/tmp/fcpFAAa06258:
   yfmvtc:
/var/tmp/fcpFAAa06258:
   yfmvtr:
/var/tmp/fcpFAAa06258:
   yftvtc:
/var/tmp/fcpFAAa06258:
   yftvtr:
/var/tmp/fcpFAAa06258:
   yfvmap:
/var/tmp/fcpFAAa06258:
   yfvmc:
/var/tmp/fcpFAAa06258:
   yfvmc1:
/var/tmp/fcpFAAa06258:
   yhisto:
/var/tmp/fcpFAAa06258:
   yhuser:
/var/tmp/fcpFAAa06258:
   yinvmx:
/var/tmp/fcpFAAa06258:
   yitcof:
/var/tmp/fcpFAAa06258:
   ymkand:
/var/tmp/fcpFAAa06258:
   ymkcle:
/var/tmp/fcpFAAa06258:
   ymkcnt:
/var/tmp/fcpFAAa06258:
   ymkcop:
/var/tmp/fcpFAAa06258:
   ymkexp:
/var/tmp/fcpFAAa06258:
   ymkidc:
/var/tmp/fcpFAAa06258:
   ymkidt:
/var/tmp/fcpFAAa06258:
   ymkmis:
/var/tmp/fcpFAAa06258:
   ymkorr:
/var/tmp/fcpFAAa06258:
   ymkset:
/var/tmp/fcpFAAa06258:
   ymkshr:
/var/tmp/fcpFAAa06258:
   ymktst:
/var/tmp/fcpFAAa06258:
   ymkzer:
/var/tmp/fcpFAAa06258:
   yms3in:
/var/tmp/fcpFAAa06258:
   ypidas:
/var/tmp/fcpFAAa06258:
   yprivx:
/var/tmp/fcpFAAa06258:
   yprver:
/var/tmp/fcpFAAa06258:
   yruser:
/var/tmp/fcpFAAa06258:
   ystvtx:
/var/tmp/fcpFAAa06258:
   ysvvtx:
/var/tmp/fcpFAAa06258:
   ytconv:
/var/tmp/fcpFAAa06258:
   ytijob:
/var/tmp/fcpFAAa06258:
   ytoiru:
/var/tmp/fcpFAAa06258:
   ytopnw:
/var/tmp/fcpFAAa06258:
   ytopol:
/var/tmp/fcpFAAa06258:
   ytoprt:
/var/tmp/fcpFAAa06258:
   ytosum:
/var/tmp/fcpFAAa06258:
   ytosvt:
/var/tmp/fcpFAAa06258:
   ytpar:
/var/tmp/fcpFAAa06258:
   ytpvtx:
/var/tmp/fcpFAAa06258:
   ytrv0s:
/var/tmp/fcpFAAa06258:
   ytstrk:
/var/tmp/fcpFAAa06258:
   yvdcof:
/var/tmp/fcpFAAa06258:
   yvposs:
/var/tmp/fcpFAAa06258:
   yvxbld:

fort77: Warning: Compiler failure has occurred.
     Attempting to recompile failing compilation unit without optimization

/var/tmp/fcpFAAa06258:
   ycircr:
/var/tmp/fcpFAAa09620:
   ychi00:
/var/tmp/fcpFAAa09620:
   ychiv2:
/var/tmp/fcpFAAa09620:
   yd0nfi:
/var/tmp/fcpFAAa09620:
   yd0nfn:
/var/tmp/fcpFAAa09620:
   ydismc:
/var/tmp/fcpFAAa09620:
   yfixis:
/var/tmp/fcpFAAa09620:
   yfixyn:
/var/tmp/fcpFAAa09620:
   yfixyp:
/var/tmp/fcpFAAa09620:
   yfpsin:
/var/tmp/fcpFAAa09620:
   yfqerq:
/var/tmp/fcpFAAa09620:
   ymfmin:
/var/tmp/fcpFAAa09620:
   ymfv0v:
       entry    ymfv00:
/var/tmp/fcpFAAa09620:
   ynv0nf:
/var/tmp/fcpFAAa09620:
   ynv0ve:
/var/tmp/fcpFAAa09620:
   ypsive:
/var/tmp/fcpFAAa09620:
   ypsivn:
/var/tmp/fcpFAAa09620:
   yv0bok:
/var/tmp/fcpFAAa09620:
   yv0mas:
/var/tmp/fcpFAAa09620:
   yv0ong:
/var/tmp/fcpFAAa09620:
   yv0onh:
/var/tmp/fcpFAAa09620:
   yv1ini:
/var/tmp/fcpFAAa09620:
   yvcame:
/var/tmp/fcpFAAa09620:
   yvprim:
/var/tmp/fcpFAAa09620:
   yzpha1:
/var/tmp/fcpFAAa09620:
   yzphan:
/var/tmp/fcpFAAa09620:
   yzphas:
