fort77: POSIX mandates an explicit optimization level setting on the -O option; ignored
/var/tmp/fcpFAAa28235:
   albunch:
/var/tmp/fcpFAAa28235:
   alefil:
/var/tmp/fcpFAAa28235:
   alelep:
/var/tmp/fcpFAAa28235:
   alfiel:
/var/tmp/fcpFAAa28235:
   alkevh:
/var/tmp/fcpFAAa28235:
   alkjob:
/var/tmp/fcpFAAa28235:
   alklun:
/var/tmp/fcpFAAa28235:
   alkmar:
/var/tmp/fcpFAAa28235:
   alkran:
/var/tmp/fcpFAAa28235:
   alkrun:
/var/tmp/fcpFAAa28235:
   allep1:
/var/tmp/fcpFAAa28235:
   alrlep:
/var/tmp/fcpFAAa28235:
   alsecs:
/var/tmp/fcpFAAa28235:
   altrhv:
/var/tmp/fcpFAAa28235:
   altrig:
/var/tmp/fcpFAAa28235:
   alvers:
/var/tmp/fcpFAAa28235:
   dvmove:
/var/tmp/fcpFAAa28235:
   dvzero:
/var/tmp/fcpFAAa28235:
   fixalpb:
/var/tmp/fcpFAAa28235:
   getbp:
/var/tmp/fcpFAAa28235:
   getle1:
/var/tmp/fcpFAAa28235:
   getle2:
/var/tmp/fcpFAAa28235:
   getlep:
       entry    getofs:
/var/tmp/fcpFAAa28235:
   getlum:
/var/tmp/fcpFAAa28235:
   gets4b:
/var/tmp/fcpFAAa28235:
   getslu:
/var/tmp/fcpFAAa28235:
   getxyb:
/var/tmp/fcpFAAa28235:
   gtt0gl:
/var/tmp/fcpFAAa28235:
   lfilru:
/var/tmp/fcpFAAa28235:
   rqbunc:
/var/tmp/fcpFAAa28235:
   xfmcbp:
fort77: POSIX mandates an explicit optimization level setting on the -O option; ignored
/var/tmp/fcpFAAa28301:
   auarcm:
/var/tmp/fcpFAAa28301:
   auhcyl:
/var/tmp/fcpFAAa28301:
   auhdis:
/var/tmp/fcpFAAa28301:
   auhlen:
/var/tmp/fcpFAAa28301:
   aulcyl:
/var/tmp/fcpFAAa28301:
   aullen:
/var/tmp/fcpFAAa28301:
   autrpl:
/var/tmp/fcpFAAa28301:
   helins:
/var/tmp/fcpFAAa28301:
   ppcorr:
/var/tmp/fcpFAAa28301:
   smav:
/var/tmp/fcpFAAa28301:
   sminv:
       entry    xminv:
/var/tmp/fcpFAAa28301:
   smnorm:
/var/tmp/fcpFAAa28301:
   thlcir:
/var/tmp/fcpFAAa28301:
   tk2ivm:
/var/tmp/fcpFAAa28301:
   tnrhpa:
/var/tmp/fcpFAAa28301:
   ufield:
/var/tmp/fcpFAAa28301:
   ufitql:
/var/tmp/fcpFAAa28301:
   ufitzs:
/var/tmp/fcpFAAa28301:
   ufmmul:
       entry    ufmmlt:
       entry    ufmscl:
       entry    ufmadd:
       entry    ufmult:
/var/tmp/fcpFAAa28301:
   ufms:
/var/tmp/fcpFAAa28301:
   uftmso:
/var/tmp/fcpFAAa28301:
   uhelix:
/var/tmp/fcpFAAa28301:
   uhelix2:
/var/tmp/fcpFAAa28301:
   uincov:
/var/tmp/fcpFAAa28301:
   umserr:
/var/tmp/fcpFAAa28301:
   unewdp:
/var/tmp/fcpFAAa28301:
   unewzp:
/var/tmp/fcpFAAa28301:
   utkxng:
/var/tmp/fcpFAAa28301:
   utrid:
/var/tmp/fcpFAAa28301:
   utswco:
/var/tmp/fcpFAAa28301:
   uvtrid:
/var/tmp/fcpFAAa28301:
   yfix:
/var/tmp/fcpFAAa28301:
   yhelix:
/var/tmp/fcpFAAa28301:
   ysense:
/var/tmp/fcpFAAa28301:
   yv0one:
fort77: POSIX mandates an explicit optimization level setting on the -O option; ignored
/var/tmp/fcpFAAa28392:
   tbtblk:
/var/tmp/fcpFAAa28392:
   tbtblp:
/var/tmp/fcpFAAa28392:
   tcgxru:
/var/tmp/fcpFAAa28392:
   tchkex:
/var/tmp/fcpFAAa28392:
   tchkhv:
/var/tmp/fcpFAAa28392:
   tdedxv:
       entry    tdedxr:
/var/tmp/fcpFAAa28392:
   tdxerr:
/var/tmp/fcpFAAa28392:
   tidhyp:
/var/tmp/fcpFAAa28392:
   tmdedx:
/var/tmp/fcpFAAa28392:
   tmpddx:
/var/tmp/fcpFAAa28392:
   tpdhyp:
/var/tmp/fcpFAAa28392:
   tpxerr:
/var/tmp/fcpFAAa28392:
   txdedx:
/var/tmp/fcpFAAa28392:
   txpddx:
fort77: POSIX mandates an explicit optimization level setting on the -O option; ignored
/var/tmp/fcpFAAa28423:
   eclean:
/var/tmp/fcpFAAa28423:
   ecprhi:
/var/tmp/fcpFAAa28423:
   ecprto:
/var/tmp/fcpFAAa28423:
   ecprtr:
/var/tmp/fcpFAAa28423:
   ecprwi:
/var/tmp/fcpFAAa28423:
   emtzer:
fort77: POSIX mandates an explicit optimization level setting on the -O option; ignored
/var/tmp/fcpFAAa28438:
   acoupe:
/var/tmp/fcpFAAa28438:
   aire:
/var/tmp/fcpFAAa28438:
   airsct:
/var/tmp/fcpFAAa28438:
   avolum:
/var/tmp/fcpFAAa28438:
   ealgmk:
/var/tmp/fcpFAAa28438:
   ealign:
/var/tmp/fcpFAAa28438:
   ealtmk:
/var/tmp/fcpFAAa28438:
   ecdfrd:
/var/tmp/fcpFAAa28438:
   ecplst:
/var/tmp/fcpFAAa28438:
   ecrwrg:
/var/tmp/fcpFAAa28438:
   ecsgeo:
/var/tmp/fcpFAAa28438:
   ectilt:
/var/tmp/fcpFAAa28438:
   ecylnd:
/var/tmp/fcpFAAa28438:
   edefcl:
/var/tmp/fcpFAAa28438:
   edefec:
/var/tmp/fcpFAAa28438:
   edeflg:
/var/tmp/fcpFAAa28438:
   edefmd:
/var/tmp/fcpFAAa28438:
   edefsc:
/var/tmp/fcpFAAa28438:
   edefsp:
/var/tmp/fcpFAAa28438:
   edefss:
/var/tmp/fcpFAAa28438:
   edisgn:
/var/tmp/fcpFAAa28438:
   efncrs:
/var/tmp/fcpFAAa28438:
   efndcl:
/var/tmp/fcpFAAa28438:
   efndlg:
/var/tmp/fcpFAAa28438:
   efndmd:
/var/tmp/fcpFAAa28438:
   efndpl:
/var/tmp/fcpFAAa28438:
   efndrg:
/var/tmp/fcpFAAa28438:
   efndsc:
/var/tmp/fcpFAAa28438:
   efndss:
/var/tmp/fcpFAAa28438:
   efndst:
/var/tmp/fcpFAAa28438:
   efndtw:
/var/tmp/fcpFAAa28438:
   efnicr:
/var/tmp/fcpFAAa28438:
   efnitw:
/var/tmp/fcpFAAa28438:
   efnlay:
/var/tmp/fcpFAAa28438:
   egptlg:
/var/tmp/fcpFAAa28438:
   egptsp:
/var/tmp/fcpFAAa28438:
   egtlnf:
/var/tmp/fcpFAAa28438:
   ehsimt:
/var/tmp/fcpFAAa28438:
   eintst:
/var/tmp/fcpFAAa28438:
   einvrl:
/var/tmp/fcpFAAa28438:
   elimin:
/var/tmp/fcpFAAa28438:
   elimrg:
/var/tmp/fcpFAAa28438:
   elimsc:
/var/tmp/fcpFAAa28438:
   elimst:
/var/tmp/fcpFAAa28438:
   elocal:
/var/tmp/fcpFAAa28438:
   emabsl:
/var/tmp/fcpFAAa28438:
   emdedx:
/var/tmp/fcpFAAa28438:
   emdtow:
/var/tmp/fcpFAAa28438:
   empact:
/var/tmp/fcpFAAa28438:
   emradl:
/var/tmp/fcpFAAa28438:
   enorme:
/var/tmp/fcpFAAa28438:
   entree:
/var/tmp/fcpFAAa28438:
   eowfar:
/var/tmp/fcpFAAa28438:
   eperce:
/var/tmp/fcpFAAa28438:
   eplmst:
/var/tmp/fcpFAAa28438:
   eplnor:
/var/tmp/fcpFAAa28438:
   eplscc:
/var/tmp/fcpFAAa28438:
   eplscf:
/var/tmp/fcpFAAa28438:
   eplscn:
/var/tmp/fcpFAAa28438:
   eplsdi:
/var/tmp/fcpFAAa28438:
   eplsqf:
/var/tmp/fcpFAAa28438:
   eplsql:
/var/tmp/fcpFAAa28438:
   eplst:
/var/tmp/fcpFAAa28438:
   eprcom:
/var/tmp/fcpFAAa28438:
   eqedge:
/var/tmp/fcpFAAa28438:
   erddaf:
/var/tmp/fcpFAAa28438:
   erogen:
/var/tmp/fcpFAAa28438:
   erosys:
/var/tmp/fcpFAAa28438:
   erotpl:
/var/tmp/fcpFAAa28438:
   erotpt:
/var/tmp/fcpFAAa28438:
   erpads:
/var/tmp/fcpFAAa28438:
   erwidt:
/var/tmp/fcpFAAa28438:
   esrbc:
/var/tmp/fcpFAAa28438:
   esrcr:
/var/tmp/fcpFAAa28438:
   esrct:
/var/tmp/fcpFAAa28438:
   esrdir:
/var/tmp/fcpFAAa28438:
   esrfc:
/var/tmp/fcpFAAa28438:
   esrpl:
/var/tmp/fcpFAAa28438:
   esrpt:
/var/tmp/fcpFAAa28438:
   etetrd:
/var/tmp/fcpFAAa28438:
   ethru:
/var/tmp/fcpFAAa28438:
   etouch:
/var/tmp/fcpFAAa28438:
   etzsmd:
/var/tmp/fcpFAAa28438:
   etzssl:
/var/tmp/fcpFAAa28438:
   evabsl:
/var/tmp/fcpFAAa28438:
   evdedx:
/var/tmp/fcpFAAa28438:
   evfois:
/var/tmp/fcpFAAa28438:
   evolcr:
/var/tmp/fcpFAAa28438:
   evolct:
/var/tmp/fcpFAAa28438:
   evolfc:
/var/tmp/fcpFAAa28438:
   evolpl:
/var/tmp/fcpFAAa28438:
   evolum:
/var/tmp/fcpFAAa28438:
   evradl:
/var/tmp/fcpFAAa28438:
   expand:
/var/tmp/fcpFAAa28438:
   expfrf:
/var/tmp/fcpFAAa28438:
   expnec:
/var/tmp/fcpFAAa28438:
   exrwrw:
/var/tmp/fcpFAAa28438:
   vect4:
fort77: POSIX mandates an explicit optimization level setting on the -O option; ignored
/var/tmp/fcpFAAa28650:
   alclasw:
/var/tmp/fcpFAAa28650:
   alrwev:
/var/tmp/fcpFAAa28650:
   alsumcl:
       entry    alsumgt:
/var/tmp/fcpFAAa28650:
   chkclas:
/var/tmp/fcpFAAa28650:
   clas24:
/var/tmp/fcpFAAa28650:
   clas26:
/var/tmp/fcpFAAa28650:
   clas278:
/var/tmp/fcpFAAa28650:
   ecaget:
/var/tmp/fcpFAAa28650:
   ecalsl:
/var/tmp/fcpFAAa28650:
   ecalwr:
/var/tmp/fcpFAAa28650:
   ecphco:
/var/tmp/fcpFAAa28650:
   eewirs:
/var/tmp/fcpFAAa28650:
   enlcal:
/var/tmp/fcpFAAa28650:
   enlcl2:
/var/tmp/fcpFAAa28650:
   esumw:
/var/tmp/fcpFAAa28650:
   esweh:
/var/tmp/fcpFAAa28650:
   ggesum:
/var/tmp/fcpFAAa28650:
   ggseh:
/var/tmp/fcpFAAa28650:
   ggtrkh:
/var/tmp/fcpFAAa28650:
   hcalen:
/var/tmp/fcpFAAa28650:
   hvobit:
/var/tmp/fcpFAAa28650:
   lepto:
/var/tmp/fcpFAAa28650:
   modfnd:
/var/tmp/fcpFAAa28650:
   muelid:
/var/tmp/fcpFAAa28650:
   mutrgs:
/var/tmp/fcpFAAa28650:
   phedir:
/var/tmp/fcpFAAa28650:
   qptrck:
/var/tmp/fcpFAAa28650:
   qtrkch:
/var/tmp/fcpFAAa28650:
   rejbha:
/var/tmp/fcpFAAa28650:
   rpeco:
/var/tmp/fcpFAAa28650:
/var/tmp/fcpFAAa28650:
   selbha:
/var/tmp/fcpFAAa28650:
   selcal:
/var/tmp/fcpFAAa28650:
   selemu:
/var/tmp/fcpFAAa28650:
   selenu:
/var/tmp/fcpFAAa28650:
   selevt:
/var/tmp/fcpFAAa28650:
   selgge:
/var/tmp/fcpFAAa28650:
   seltrk:
/var/tmp/fcpFAAa28650:
   selwwa:
/var/tmp/fcpFAAa28650:
   selwwb:
/var/tmp/fcpFAAa28650:
   siedir:
/var/tmp/fcpFAAa28650:
   sngmtr:
/var/tmp/fcpFAAa28650:
   sngrnd:
/var/tmp/fcpFAAa28650:
   tizern:
/var/tmp/fcpFAAa28650:
   tizero:
/var/tmp/fcpFAAa28650:
   tracks:
/var/tmp/fcpFAAa28650:
   trioff:
/var/tmp/fcpFAAa28650:
   trkhad:
/var/tmp/fcpFAAa28650:
   trkwws:
/var/tmp/fcpFAAa28650:
   trpfrf:
/var/tmp/fcpFAAa28650:
   truslu:
/var/tmp/fcpFAAa28650:
   ulangl:
/var/tmp/fcpFAAa28650:
   ulthru:
/var/tmp/fcpFAAa28650:
   vdcosmj:
/var/tmp/fcpFAAa28650:
   vurobo:
/var/tmp/fcpFAAa28650:
   wclus:
fort77: POSIX mandates an explicit optimization level setting on the -O option; ignored
/var/tmp/fcpFAAa28766:
   fmelos:
/var/tmp/fcpFAAa28766:
   fmhelx:
/var/tmp/fcpFAAa28766:
   fmhitb:
/var/tmp/fcpFAAa28766:
   fminit:
/var/tmp/fcpFAAa28766:
   fmmulx:
/var/tmp/fcpFAAa28766:
   fmprnt:
/var/tmp/fcpFAAa28766:
   fmregn:
/var/tmp/fcpFAAa28766:
   fmscat:
/var/tmp/fcpFAAa28766:
   fmtrak:
fort77: POSIX mandates an explicit optimization level setting on the -O option; ignored
/var/tmp/fcpFAAa28787:
   fyfkin:
/var/tmp/fcpFAAa28787:
   fyinev:
/var/tmp/fcpFAAa28787:
   fyirun:
/var/tmp/fcpFAAa28787:
   fykill:
/var/tmp/fcpFAAa28787:
   fykine:
/var/tmp/fcpFAAa28787:
   fyluhc:
/var/tmp/fcpFAAa28787:
   fynhis:
/var/tmp/fcpFAAa28787:
   fyredc:
/var/tmp/fcpFAAa28787:
   fytoki:
/var/tmp/fcpFAAa28787:
   fytree:
fort77: POSIX mandates an explicit optimization level setting on the -O option; ignored
/var/tmp/fcpFAAa28810:
   aristo:
/var/tmp/fcpFAAa28810:
   bgetds:
/var/tmp/fcpFAAa28810:
   chacut:
/var/tmp/fcpFAAa28810:
   corad94:
/var/tmp/fcpFAAa28810:
   coradoc:
/var/tmp/fcpFAAa28810:
   defove:
/var/tmp/fcpFAAa28810:
   dstack:
/var/tmp/fcpFAAa28810:
   ebgrix:
/var/tmp/fcpFAAa28810:
   ec4tra:
/var/tmp/fcpFAAa28810:
   ecetdi:
/var/tmp/fcpFAAa28810:
   evtver:
/var/tmp/fcpFAAa28810:
   gaform:
/var/tmp/fcpFAAa28810:
   gagrid:
/var/tmp/fcpFAAa28810:
   gamfak:
/var/tmp/fcpFAAa28810:
   gampek:
/var/tmp/fcpFAAa28810:
   gampex:
/var/tmp/fcpFAAa28810:
   gapgac:
/var/tmp/fcpFAAa28810:
   gapgpc:
/var/tmp/fcpFAAa28810:
   gatral:
/var/tmp/fcpFAAa28810:
   gbulos:
/var/tmp/fcpFAAa28810:
   gemfak:
/var/tmp/fcpFAAa28810:
   gf4lst:
/var/tmp/fcpFAAa28810:
   gfake:
/var/tmp/fcpFAAa28810:
   gfakew:
/var/tmp/fcpFAAa28810:
   gfrac:
/var/tmp/fcpFAAa28810:
   ghafak:
/var/tmp/fcpFAAa28810:
   givsto:
/var/tmp/fcpFAAa28810:
   gxem:
/var/tmp/fcpFAAa28810:
   gxhad:
/var/tmp/fcpFAAa28810:
   gximpa:
/var/tmp/fcpFAAa28810:
   gxmclm:
/var/tmp/fcpFAAa28810:
   gxtran:
/var/tmp/fcpFAAa28810:
   intof4:
/var/tmp/fcpFAAa28810:
   ispark:
/var/tmp/fcpFAAa28810:
   mecrfc:
/var/tmp/fcpFAAa28810:
   morsto:
/var/tmp/fcpFAAa28810:
   ovesto:
/var/tmp/fcpFAAa28810:
   stogam:
/var/tmp/fcpFAAa28810:
   trdist:
/var/tmp/fcpFAAa28810:
   trfire:
/var/tmp/fcpFAAa28810:
   voisto:
fort77: POSIX mandates an explicit optimization level setting on the -O option; ignored
/var/tmp/fcpFAAa28908:
   hcboun:
/var/tmp/fcpFAAa28908:
   hccyl:
/var/tmp/fcpFAAa28908:
   hcdeit:
/var/tmp/fcpFAAa28908:
   hcdpsp:
/var/tmp/fcpFAAa28908:
   hcdrbm:
/var/tmp/fcpFAAa28908:
   hcdwsp:
/var/tmp/fcpFAAa28908:
   hcheck:
/var/tmp/fcpFAAa28908:
   hclatu:
/var/tmp/fcpFAAa28908:
   hcmdpl:
/var/tmp/fcpFAAa28908:
   hcprge:
/var/tmp/fcpFAAa28908:
   hcrinv:
/var/tmp/fcpFAAa28908:
   hcrvol:
/var/tmp/fcpFAAa28908:
   hcsamp:
/var/tmp/fcpFAAa28908:
   hcseco:
/var/tmp/fcpFAAa28908:
   hdeadm:
/var/tmp/fcpFAAa28908:
   hfbahi:
/var/tmp/fcpFAAa28908:
   hfbahio:
/var/tmp/fcpFAAa28908:
   hfbhit:
/var/tmp/fcpFAAa28908:
   hfehit:
/var/tmp/fcpFAAa28908:
   hfenhi:
/var/tmp/fcpFAAa28908:
   hfndmd:
/var/tmp/fcpFAAa28908:
   hfndtw:
/var/tmp/fcpFAAa28908:
   hgetga:
/var/tmp/fcpFAAa28908:
   hgetju:
/var/tmp/fcpFAAa28908:
   hginit:
/var/tmp/fcpFAAa28908:
   hintst:
/var/tmp/fcpFAAa28908:
   hneigh:
/var/tmp/fcpFAAa28908:
   hnreg:
/var/tmp/fcpFAAa28908:
   hphmod:
/var/tmp/fcpFAAa28908:
   hrddaf:
/var/tmp/fcpFAAa28908:
   hsrcr:
/var/tmp/fcpFAAa28908:
   htadco:
/var/tmp/fcpFAAa28908:
   htadde:
/var/tmp/fcpFAAa28908:
   htstec:
/var/tmp/fcpFAAa28908:
   htuacl:
/var/tmp/fcpFAAa28908:
   htulen:
/var/tmp/fcpFAAa28908:
   htxang:
/var/tmp/fcpFAAa28908:
   htxdtl:
/var/tmp/fcpFAAa28908:
   htxspl:
/var/tmp/fcpFAAa28908:
   husran:
/var/tmp/fcpFAAa28908:
   hytrsf:
fort77: POSIX mandates an explicit optimization level setting on the -O option; ignored
/var/tmp/fcpFAAa28993:
   ifecon:
/var/tmp/fcpFAAa28993:
   igeomw:
/var/tmp/fcpFAAa28993:
   igetdb:
/var/tmp/fcpFAAa28993:
   iinali:
/var/tmp/fcpFAAa28993:
   iinres:
/var/tmp/fcpFAAa28993:
   iprdaf:
/var/tmp/fcpFAAa28993:
   irddaf:
fort77: POSIX mandates an explicit optimization level setting on the -O option; ignored
/var/tmp/fcpFAAa29011:
   iasiga:
/var/tmp/fcpFAAa29011:
   icdrif:
/var/tmp/fcpFAAa29011:
   icrcoo:
/var/tmp/fcpFAAa29011:
   iddist:
/var/tmp/fcpFAAa29011:
   ilatch:
/var/tmp/fcpFAAa29011:
   ilivew:
/var/tmp/fcpFAAa29011:
   imicco:
/var/tmp/fcpFAAa29011:
   iresrp:
/var/tmp/fcpFAAa29011:
   itcflg:
/var/tmp/fcpFAAa29011:
   itdcor:
/var/tmp/fcpFAAa29011:
   itdrif:
/var/tmp/fcpFAAa29011:
   itprdi:
/var/tmp/fcpFAAa29011:
   itprht:
/var/tmp/fcpFAAa29011:
   itqual:
/var/tmp/fcpFAAa29011:
   itrotn:
/var/tmp/fcpFAAa29011:
   itswco:
/var/tmp/fcpFAAa29011:
   itxflg:
/var/tmp/fcpFAAa29011:
   itxing:
/var/tmp/fcpFAAa29011:
   iudoca:
/var/tmp/fcpFAAa29011:
   iupcco:
/var/tmp/fcpFAAa29011:
   iuvcrs:
/var/tmp/fcpFAAa29011:
   ixhits:
fort77: POSIX mandates an explicit optimization level setting on the -O option; ignored
/var/tmp/fcpFAAa29058:
   uba2pi:
       entry    ubapi:
       entry    ubapi2:
/var/tmp/fcpFAAa29058:
   uf2arc:
/var/tmp/fcpFAAa29058:
   uf2crd:
/var/tmp/fcpFAAa29058:
   uf2trk:
/var/tmp/fcpFAAa29058:
   uf2use:
/var/tmp/fcpFAAa29058:
   ufbebl:
/var/tmp/fcpFAAa29058:
   ufberr:
/var/tmp/fcpFAAa29058:
   ufchi2:
/var/tmp/fcpFAAa29058:
   ufcova:
/var/tmp/fcpFAAa29058:
   ufdisc:
/var/tmp/fcpFAAa29058:
   ufecal:
/var/tmp/fcpFAAa29058:
   ufg2gt:
/var/tmp/fcpFAAa29058:
   ufgain:
/var/tmp/fcpFAAa29058:
   ufgett:
/var/tmp/fcpFAAa29058:
   ufjaco:
/var/tmp/fcpFAAa29058:
   ufloss:
/var/tmp/fcpFAAa29058:
   ufqprc:
/var/tmp/fcpFAAa29058:
   ufrein:
       entry    uf2sca:
       entry    uftfil:
/var/tmp/fcpFAAa29058:
   ufscov:
/var/tmp/fcpFAAa29058:
   ufstat:
/var/tmp/fcpFAAa29058:
   ufswmc:
       entry    uoloss:
/var/tmp/fcpFAAa29058:
   ufswms:
/var/tmp/fcpFAAa29058:
   ufswmx:
/var/tmp/fcpFAAa29058:
   uftkal:
       entry    ufmkal:
       entry    uftrac:
       entry    uftome:
       entry    ufttal:
       entry    uftmom:
       entry    uftrad:
       entry    dalinf:
       entry    ufdali:
       entry    ufswim:
       entry    ufclim:
       entry    ufvdin:
       entry    ufvdou:
       entry    uf2res:
       entry    uf2trm:
       entry    uf2tpo:
       entry    uf2pnt:
       entry    uf2xyz:
/var/tmp/fcpFAAa29058:
   uftran:
/var/tmp/fcpFAAa29058:
   ufttra:
/var/tmp/fcpFAAa29058:
   ufvdms:
       entry    ufvdmm:
/var/tmp/fcpFAAa29058:
   uload:
/var/tmp/fcpFAAa29058:
   upcons:
/var/tmp/fcpFAAa29058:
   utproc:
fort77: POSIX mandates an explicit optimization level setting on the -O option; ignored
/var/tmp/fcpFAAa29121:
/var/tmp/fcpFAAa29121:
/var/tmp/fcpFAAa29121:
/var/tmp/fcpFAAa29121:
/var/tmp/fcpFAAa29121:
   kbkine:
/var/tmp/fcpFAAa29121:
   kbklin:
/var/tmp/fcpFAAa29121:
   kbpart:
/var/tmp/fcpFAAa29121:
   kbvert:
/var/tmp/fcpFAAa29121:
   kclean:
/var/tmp/fcpFAAa29121:
   keevt:
/var/tmp/fcpFAAa29121:
   kejob:
/var/tmp/fcpFAAa29121:
   kfevbk:
/var/tmp/fcpFAAa29121:
   kgdecl:
/var/tmp/fcpFAAa29121:
   kgpart:
/var/tmp/fcpFAAa29121:
   kiaver:
/var/tmp/fcpFAAa29121:
   kibprs:
/var/tmp/fcpFAAa29121:
   kifynw:
/var/tmp/fcpFAAa29121:
   kifyol:
/var/tmp/fcpFAAa29121:
   kinit:
/var/tmp/fcpFAAa29121:
   kkdrop:
/var/tmp/fcpFAAa29121:
   kkmove:
/var/tmp/fcpFAAa29121:
   kluzet:
/var/tmp/fcpFAAa29121:
   kmkrun:
/var/tmp/fcpFAAa29121:
   kmpart:
/var/tmp/fcpFAAa29121:
   kmrunh:
/var/tmp/fcpFAAa29121:
   knodec:
/var/tmp/fcpFAAa29121:
   kp6sho:
/var/tmp/fcpFAAa29121:
   kp6zfr:
/var/tmp/fcpFAAa29121:
   kpyzet:
/var/tmp/fcpFAAa29121:
   ksecbk:
/var/tmp/fcpFAAa29121:
   kshobk:
/var/tmp/fcpFAAa29121:
   kswap:
/var/tmp/fcpFAAa29121:
   kwgtbk:
/var/tmp/fcpFAAa29121:
   kxl74a:
/var/tmp/fcpFAAa29121:
   kxl7al:
/var/tmp/fcpFAAa29121:
   kxl7br:
/var/tmp/fcpFAAa29121:
   kxl7co:
/var/tmp/fcpFAAa29121:
   kxl7pa:
/var/tmp/fcpFAAa29121:
   kxl7st:
/var/tmp/fcpFAAa29121:
   kxl7to:
/var/tmp/fcpFAAa29121:
   kxlual:
/var/tmp/fcpFAAa29121:
   kxlubr:
/var/tmp/fcpFAAa29121:
   kxluco:
/var/tmp/fcpFAAa29121:
   kxlupa:
/var/tmp/fcpFAAa29121:
   kxlupr:
/var/tmp/fcpFAAa29121:
   kxluto:
/var/tmp/fcpFAAa29121:
   kxp6al:
/var/tmp/fcpFAAa29121:
   kxp6br:
/var/tmp/fcpFAAa29121:
   kxp6co:
/var/tmp/fcpFAAa29121:
   kxp6in:
/var/tmp/fcpFAAa29121:
   kxp6st:
/var/tmp/fcpFAAa29121:
   kxp6to:
/var/tmp/fcpFAAa29121:
   kzfrbk:
fort77: POSIX mandates an explicit optimization level setting on the -O option; ignored
/var/tmp/fcpFAAa29243:
   lcalmv:
fort77: POSIX mandates an explicit optimization level setting on the -O option; ignored
/var/tmp/fcpFAAa29248:
   mbapol:
/var/tmp/fcpFAAa29248:
   mbspol:
/var/tmp/fcpFAAa29248:
   menpol:
/var/tmp/fcpFAAa29248:
   mginit:
/var/tmp/fcpFAAa29248:
   mmapol:
/var/tmp/fcpFAAa29248:
   muprge:
/var/tmp/fcpFAAa29248:
   mxyloc:
fort77: POSIX mandates an explicit optimization level setting on the -O option; ignored
/var/tmp/fcpFAAa29265:
   maklis:
/var/tmp/fcpFAAa29265:
   mdscr:
/var/tmp/fcpFAAa29265:
   mucalo:
/var/tmp/fcpFAAa29265:
   mucatr:
/var/tmp/fcpFAAa29265:
   mudbe:
/var/tmp/fcpFAAa29265:
   mudso:
fort77: POSIX mandates an explicit optimization level setting on the -O option; ignored
/var/tmp/fcpFAAa29280:
   alprob:
/var/tmp/fcpFAAa29280:
   amuid:
/var/tmp/fcpFAAa29280:
   hdodgy:
/var/tmp/fcpFAAa29280:
   hgsudn:
/var/tmp/fcpFAAa29280:
   hrhtub:
/var/tmp/fcpFAAa29280:
   mrmhit:
/var/tmp/fcpFAAa29280:
   mshad:
/var/tmp/fcpFAAa29280:
   msolmc:
/var/tmp/fcpFAAa29280:
   msolsh:
/var/tmp/fcpFAAa29280:
   muidf:
/var/tmp/fcpFAAa29280:
   muido:
fort77: POSIX mandates an explicit optimization level setting on the -O option; ignored
/var/tmp/fcpFAAa29306:
   bulos:
/var/tmp/fcpFAAa29306:
   clmoms:
/var/tmp/fcpFAAa29306:
   ebaryc:
/var/tmp/fcpFAAa29306:
   ebcdrg:
/var/tmp/fcpFAAa29306:
   ebclap:
/var/tmp/fcpFAAa29306:
   ebclcf:
/var/tmp/fcpFAAa29306:
   ebcocl:
/var/tmp/fcpFAAa29306:
   ebcohd:
/var/tmp/fcpFAAa29306:
   ebconf:
/var/tmp/fcpFAAa29306:
   ebcosi:
/var/tmp/fcpFAAa29306:
   ebcrad:
/var/tmp/fcpFAAa29306:
   ebcrep:
/var/tmp/fcpFAAa29306:
   ebdevi:
/var/tmp/fcpFAAa29306:
   ebecmd:
/var/tmp/fcpFAAa29306:
   ebgaga:
/var/tmp/fcpFAAa29306:
   ebgene:
/var/tmp/fcpFAAa29306:
   ebgrid:
/var/tmp/fcpFAAa29306:
   ebhadr:
/var/tmp/fcpFAAa29306:
   ebhaha:
/var/tmp/fcpFAAa29306:
   ebimpa:
/var/tmp/fcpFAAa29306:
   ebimpc:
/var/tmp/fcpFAAa29306:
   ebinit:
/var/tmp/fcpFAAa29306:
   ebleak:
/var/tmp/fcpFAAa29306:
   eblong:
/var/tmp/fcpFAAa29306:
   eblpst:
/var/tmp/fcpFAAa29306:
   ebneut:
/var/tmp/fcpFAAa29306:
   eboidp:
/var/tmp/fcpFAAa29306:
   ebpara:
/var/tmp/fcpFAAa29306:
   ebphcc:
/var/tmp/fcpFAAa29306:
   ebprep:
/var/tmp/fcpFAAa29306:
   ebprga:
/var/tmp/fcpFAAa29306:
   ebrack:
/var/tmp/fcpFAAa29306:
   ebranc:
/var/tmp/fcpFAAa29306:
   ebrgcd:
/var/tmp/fcpFAAa29306:
   ebsatu:
/var/tmp/fcpFAAa29306:
   ebshap:
/var/tmp/fcpFAAa29306:
   ebshow:
/var/tmp/fcpFAAa29306:
   ebslim:
/var/tmp/fcpFAAa29306:
   ebstak:
/var/tmp/fcpFAAa29306:
   ebtran:
/var/tmp/fcpFAAa29306:
   ebtzth:
/var/tmp/fcpFAAa29306:
   ebvlap:
/var/tmp/fcpFAAa29306:
   ebyphi:
/var/tmp/fcpFAAa29306:
   ecleak:
/var/tmp/fcpFAAa29306:
   enof4:
/var/tmp/fcpFAAa29306:
   enol12:
/var/tmp/fcpFAAa29306:
   enolwf:
/var/tmp/fcpFAAa29306:
   enow12:
/var/tmp/fcpFAAa29306:
   gapgid:
/var/tmp/fcpFAAa29306:
   gbimpa:
/var/tmp/fcpFAAa29306:
   gbneut:
/var/tmp/fcpFAAa29306:
   gbtran:
/var/tmp/fcpFAAa29306:
   gvercr:
fort77: POSIX mandates an explicit optimization level setting on the -O option; ignored
/var/tmp/fcpFAAa29416:
   ainjet:
/var/tmp/fcpFAAa29416:
   alclus:
/var/tmp/fcpFAAa29416:
   alrobo:
/var/tmp/fcpFAAa29416:
   althru:
/var/tmp/fcpFAAa29416:
   fjmmcl:
/var/tmp/fcpFAAa29416:
   getx:
/var/tmp/fcpFAAa29416:
   gety:
/var/tmp/fcpFAAa29416:
   jpcomb:
/var/tmp/fcpFAAa29416:
   pairfd:
       entry    paircp:
/var/tmp/fcpFAAa29416:
   pidecy:
/var/tmp/fcpFAAa29416:
   pjlink:
fort77: POSIX mandates an explicit optimization level setting on the -O option; ignored
/var/tmp/fcpFAAa29441:
   bprtab:
/var/tmp/fcpFAAa29441:
   frftdp:
/var/tmp/fcpFAAa29441:
   ftkdmp:
/var/tmp/fcpFAAa29441:
   hcprind:
/var/tmp/fcpFAAa29441:
   muprdi:
/var/tmp/fcpFAAa29441:
   muprht:
/var/tmp/fcpFAAa29441:
   prdtmc:
/var/tmp/fcpFAAa29441:
   prfkin:
/var/tmp/fcpFAAa29441:
   prgdec:
/var/tmp/fcpFAAa29441:
   primpa:
/var/tmp/fcpFAAa29441:
   prkine:
/var/tmp/fcpFAAa29441:
   prpart:
/var/tmp/fcpFAAa29441:
   prrhah:
/var/tmp/fcpFAAa29441:
   prtabl:
/var/tmp/fcpFAAa29441:
   smprt:
/var/tmp/fcpFAAa29441:
   tpaddp:
/var/tmp/fcpFAAa29441:
   tpcodp:
fort77: POSIX mandates an explicit optimization level setting on the -O option; ignored
/var/tmp/fcpFAAa29478:
   fpkcm:
/var/tmp/fcpFAAa29478:
   fptoj:
/var/tmp/fcpFAAa29478:
   fupkcm:
/var/tmp/fcpFAAa29478:
   iptoj:
/var/tmp/fcpFAAa29478:
   nvpcob:
/var/tmp/fcpFAAa29478:
   nvpeco:
/var/tmp/fcpFAAa29478:
   pcmecu:
/var/tmp/fcpFAAa29478:
   pcpatq:
/var/tmp/fcpFAAa29478:
   pcrltj:
/var/tmp/fcpFAAa29478:
   pechic:
/var/tmp/fcpFAAa29478:
   peidtj:
/var/tmp/fcpFAAa29478:
   phchic:
/var/tmp/fcpFAAa29478:
   phmadj:
/var/tmp/fcpFAAa29478:
   phstoj:
/var/tmp/fcpFAAa29478:
   pitcoj:
/var/tmp/fcpFAAa29478:
   pitmaj:
/var/tmp/fcpFAAa29478:
   pjpfxt:
/var/tmp/fcpFAAa29478:
   pscooj:
/var/tmp/fcpFAAa29478:
   pstcpj:
/var/tmp/fcpFAAa29478:
   ptbcoj:
/var/tmp/fcpFAAa29478:
   ptexsj:
/var/tmp/fcpFAAa29478:
   ptgmaj:
/var/tmp/fcpFAAa29478:
   ptpcoj:
/var/tmp/fcpFAAa29478:
   sptoj:
/var/tmp/fcpFAAa29478:
   tficor:
/var/tmp/fcpFAAa29478:
   tfiltu:
/var/tmp/fcpFAAa29478:
   tfipol:
/var/tmp/fcpFAAa29478:
   tptoj:
/var/tmp/fcpFAAa29478:
   tsrtco:
/var/tmp/fcpFAAa29478:
   tun1co:
/var/tmp/fcpFAAa29478:
   tun1nc:
fort77: POSIX mandates an explicit optimization level setting on the -O option; ignored
/var/tmp/fcpFAAa29556:
   saprdi:
/var/tmp/fcpFAAa29556:
   saprhi:
fort77: POSIX mandates an explicit optimization level setting on the -O option; ignored
/var/tmp/fcpFAAa29563:
   siator:
/var/tmp/fcpFAAa29563:
   siatox:
/var/tmp/fcpFAAa29563:
   sidali:
/var/tmp/fcpFAAa29563:
   sidcod:
/var/tmp/fcpFAAa29563:
   sidcoz:
/var/tmp/fcpFAAa29563:
   siencd:
/var/tmp/fcpFAAa29563:
   siencz:
/var/tmp/fcpFAAa29563:
   sigtgo:
/var/tmp/fcpFAAa29563:
   siidpo:
/var/tmp/fcpFAAa29563:
   siitor:
/var/tmp/fcpFAAa29563:
   siltox:
/var/tmp/fcpFAAa29563:
   siploc:
/var/tmp/fcpFAAa29563:
   siprgo:
/var/tmp/fcpFAAa29563:
   siptoj:
/var/tmp/fcpFAAa29563:
   sirdaf:
/var/tmp/fcpFAAa29563:
   sirloc:
/var/tmp/fcpFAAa29563:
   sirtoa:
/var/tmp/fcpFAAa29563:
   sirtoi:
/var/tmp/fcpFAAa29563:
   sixtoa:
/var/tmp/fcpFAAa29563:
   sixtoi:
/var/tmp/fcpFAAa29563:
   sixtol:
/var/tmp/fcpFAAa29563:
   sizfri:
/var/tmp/fcpFAAa29563:
   siztoi:
/var/tmp/fcpFAAa29563:
   stmask:
/var/tmp/fcpFAAa29563:
   strigf:
fort77: POSIX mandates an explicit optimization level setting on the -O option; ignored
/var/tmp/fcpFAAa29616:
   talini:
/var/tmp/fcpFAAa29616:
   tcorec:
/var/tmp/fcpFAAa29616:
   tcrtrn:
/var/tmp/fcpFAAa29616:
   tctglb:
/var/tmp/fcpFAAa29616:
   tctsec:
/var/tmp/fcpFAAa29616:
   tgedmp:
/var/tmp/fcpFAAa29616:
   tgepbk:
/var/tmp/fcpFAAa29616:
   tgepri:
/var/tmp/fcpFAAa29616:
   tgewir:
/var/tmp/fcpFAAa29616:
   tghpal:
/var/tmp/fcpFAAa29616:
   tghpts:
/var/tmp/fcpFAAa29616:
   thtflg:
/var/tmp/fcpFAAa29616:
   thtran:
/var/tmp/fcpFAAa29616:
   tmatut:
/var/tmp/fcpFAAa29616:
   tpdint:
/var/tmp/fcpFAAa29616:
   trddaf:
/var/tmp/fcpFAAa29616:
   trdt90:
/var/tmp/fcpFAAa29616:
   trhflg:
/var/tmp/fcpFAAa29616:
   tschek:
/var/tmp/fcpFAAa29616:
   tscint:
/var/tmp/fcpFAAa29616:
   tsnext:
fort77: POSIX mandates an explicit optimization level setting on the -O option; ignored
/var/tmp/fcpFAAa29661:
   tcores:
/var/tmp/fcpFAAa29661:
   tcrtof:
/var/tmp/fcpFAAa29661:
   tcrtra:
/var/tmp/fcpFAAa29661:
   tcrzvd:
/var/tmp/fcpFAAa29661:
   tdfvru:
/var/tmp/fcpFAAa29661:
   tfcini:
/var/tmp/fcpFAAa29661:
   tfimul:
/var/tmp/fcpFAAa29661:
   tfixt0:
/var/tmp/fcpFAAa29661:
   tgtcur:
/var/tmp/fcpFAAa29661:
   timdif:
/var/tmp/fcpFAAa29661:
   tlacoc:
/var/tmp/fcpFAAa29661:
   tlacop:
/var/tmp/fcpFAAa29661:
   tlacor:
/var/tmp/fcpFAAa29661:
   tnfvru:
/var/tmp/fcpFAAa29661:
   tpdvel:
/var/tmp/fcpFAAa29661:
   tprcoo:
/var/tmp/fcpFAAa29661:
   tprhit:
/var/tmp/fcpFAAa29661:
   twpana:
/var/tmp/fcpFAAa29661:
   twpold:
/var/tmp/fcpFAAa29661:
   twrred:
/var/tmp/fcpFAAa29661:
   tzcrvd:
/var/tmp/fcpFAAa29661:
   tzcsvd:
fort77: POSIX mandates an explicit optimization level setting on the -O option; ignored
/var/tmp/fcpFAAa29715:
   sidisc:
/var/tmp/fcpFAAa29715:
   sitrin:
/var/tmp/fcpFAAa29715:
   six2mk:
/var/tmp/fcpFAAa29715:
   sixamk:
/var/tmp/fcpFAAa29715:
   sixapr:
/var/tmp/fcpFAAa29715:
   x1aptn:
/var/tmp/fcpFAAa29715:
   x1aptr:
/var/tmp/fcpFAAa29715:
   x1book:
/var/tmp/fcpFAAa29715:
   x1dceb:
/var/tmp/fcpFAAa29715:
   x1disc:
/var/tmp/fcpFAAa29715:
   x1disn:
/var/tmp/fcpFAAa29715:
   x1ecwm:
/var/tmp/fcpFAAa29715:
   x1hisn:
/var/tmp/fcpFAAa29715:
   x1hist:
/var/tmp/fcpFAAa29715:
   x1ini:
/var/tmp/fcpFAAa29715:
   x1inp:
/var/tmp/fcpFAAa29715:
   x1irun:
/var/tmp/fcpFAAa29715:
   x1mixi:
/var/tmp/fcpFAAa29715:
   x1mixn:
/var/tmp/fcpFAAa29715:
   x1outp:
/var/tmp/fcpFAAa29715:
   x1prep:
/var/tmp/fcpFAAa29715:
   x1prnt:
/var/tmp/fcpFAAa29715:
   x1redo:
/var/tmp/fcpFAAa29715:
   x1rsum:
/var/tmp/fcpFAAa29715:
   x1time:
/var/tmp/fcpFAAa29715:
   x1trg:
/var/tmp/fcpFAAa29715:
   x1trig:
/var/tmp/fcpFAAa29715:
   x1wsum:
/var/tmp/fcpFAAa29715:
   x2book:
/var/tmp/fcpFAAa29715:
   x2dfcd:
/var/tmp/fcpFAAa29715:
   x2irun:
/var/tmp/fcpFAAa29715:
   x2luts:
/var/tmp/fcpFAAa29715:
   x2nami:
/var/tmp/fcpFAAa29715:
   x2prhi:
/var/tmp/fcpFAAa29715:
   x2prin:
/var/tmp/fcpFAAa29715:
   x2trig:
/var/tmp/fcpFAAa29715:
   x2wsum:
fort77: POSIX mandates an explicit optimization level setting on the -O option; ignored
/var/tmp/fcpFAAa29805:
   vabcfl:
/var/tmp/fcpFAAa29805:
   vabcvu:
/var/tmp/fcpFAAa29805:
   vabcxy:
/var/tmp/fcpFAAa29805:
   vaddpk:
/var/tmp/fcpFAAa29805:
   vaddun:
/var/tmp/fcpFAAa29805:
   vadesa:
/var/tmp/fcpFAAa29805:
   vadewa:
/var/tmp/fcpFAAa29805:
   vaensa:
/var/tmp/fcpFAAa29805:
   vaenwa:
/var/tmp/fcpFAAa29805:
   valfco:
/var/tmp/fcpFAAa29805:
   vbnkdp:
/var/tmp/fcpFAAa29805:
   vbrjwa:
/var/tmp/fcpFAAa29805:
   vchnst:
/var/tmp/fcpFAAa29805:
   vcormp:
/var/tmp/fcpFAAa29805:
   vcscec:
/var/tmp/fcpFAAa29805:
   vdacrs:
/var/tmp/fcpFAAa29805:
   vdafrd:
/var/tmp/fcpFAAa29805:
   vdamb:
/var/tmp/fcpFAAa29805:
   vdarge:
/var/tmp/fcpFAAa29805:
   vdcflt:
/var/tmp/fcpFAAa29805:
   vdchnb:
/var/tmp/fcpFAAa29805:
   vdcwrs:
/var/tmp/fcpFAAa29805:
   vdecsc:
/var/tmp/fcpFAAa29805:
   vdetgi:
/var/tmp/fcpFAAa29805:
   vdfirs:
/var/tmp/fcpFAAa29805:
   vdgdmp:
/var/tmp/fcpFAAa29805:
   vdgtch:
/var/tmp/fcpFAAa29805:
   vdgtol:
/var/tmp/fcpFAAa29805:
   vdindx:
/var/tmp/fcpFAAa29805:
   vdlcps:
/var/tmp/fcpFAAa29805:
   vdlcrs:
/var/tmp/fcpFAAa29805:
   vdpgeo:
/var/tmp/fcpFAAa29805:
   vdpslc:
/var/tmp/fcpFAAa29805:
   vdpsrs:
/var/tmp/fcpFAAa29805:
   vdrmax:
/var/tmp/fcpFAAa29805:
   vdrmin:
/var/tmp/fcpFAAa29805:
   vdrslc:
/var/tmp/fcpFAAa29805:
   vdrsps:
/var/tmp/fcpFAAa29805:
   vdrssc:
/var/tmp/fcpFAAa29805:
   vdscec:
/var/tmp/fcpFAAa29805:
   vdscrs:
/var/tmp/fcpFAAa29805:
   vdwfxy:
/var/tmp/fcpFAAa29805:
   vdyear:
/var/tmp/fcpFAAa29805:
   vdzmax:
/var/tmp/fcpFAAa29805:
   vfacsn:
/var/tmp/fcpFAAa29805:
   vfadim:
/var/tmp/fcpFAAa29805:
   vfaori:
/var/tmp/fcpFAAa29805:
   vfasdp:
/var/tmp/fcpFAAa29805:
   vfasmd:
/var/tmp/fcpFAAa29805:
   vffacw:
/var/tmp/fcpFAAa29805:
   vfjfac:
/var/tmp/fcpFAAa29805:
   vfjmod:
/var/tmp/fcpFAAa29805:
   vfjwaf:
/var/tmp/fcpFAAa29805:
   vfnear:
/var/tmp/fcpFAAa29805:
   vfwaff:
/var/tmp/fcpFAAa29805:
   vfwafi:
/var/tmp/fcpFAAa29805:
   vgcadi:
/var/tmp/fcpFAAa29805:
   vgcmtr:
/var/tmp/fcpFAAa29805:
   vgcrmt:
/var/tmp/fcpFAAa29805:
   vgexro:
/var/tmp/fcpFAAa29805:
   vggtno:
/var/tmp/fcpFAAa29805:
   vgintr:
/var/tmp/fcpFAAa29805:
   vgrdal:
/var/tmp/fcpFAAa29805:
   vgrdls:
/var/tmp/fcpFAAa29805:
   vgtber:
/var/tmp/fcpFAAa29805:
   vgtrve:
/var/tmp/fcpFAAa29805:
   vgwfvu:
/var/tmp/fcpFAAa29805:
   vgwfxy:
/var/tmp/fcpFAAa29805:
   vifaci:
/var/tmp/fcpFAAa29805:
   vimmod:
/var/tmp/fcpFAAa29805:
   vimodi:
/var/tmp/fcpFAAa29805:
   vimodm:
/var/tmp/fcpFAAa29805:
   vimodr:
/var/tmp/fcpFAAa29805:
   vindxi:
/var/tmp/fcpFAAa29805:
   vinibm:
/var/tmp/fcpFAAa29805:
   vinist:
/var/tmp/fcpFAAa29805:
   vinivg:
/var/tmp/fcpFAAa29805:
   vinlsw:
/var/tmp/fcpFAAa29805:
   vinsen:
/var/tmp/fcpFAAa29805:
   vinter:
/var/tmp/fcpFAAa29805:
   vintlf:
/var/tmp/fcpFAAa29805:
   vintlw:
/var/tmp/fcpFAAa29805:
   viromw:
/var/tmp/fcpFAAa29805:
   vitexi:
/var/tmp/fcpFAAa29805:
   viwafi:
/var/tmp/fcpFAAa29805:
   viwffw:
/var/tmp/fcpFAAa29805:
   vjfaci:
/var/tmp/fcpFAAa29805:
   vjfacm:
/var/tmp/fcpFAAa29805:
   vjfacw:
/var/tmp/fcpFAAa29805:
   vjlayf:
/var/tmp/fcpFAAa29805:
   vjlaym:
/var/tmp/fcpFAAa29805:
   vjlayw:
/var/tmp/fcpFAAa29805:
   vjmodi:
/var/tmp/fcpFAAa29805:
   vjmodm:
/var/tmp/fcpFAAa29805:
   vjmodw:
/var/tmp/fcpFAAa29805:
   vjwabr:
/var/tmp/fcpFAAa29805:
   vjwabw:
/var/tmp/fcpFAAa29805:
   vjwaff:
/var/tmp/fcpFAAa29805:
   vjwafi:
/var/tmp/fcpFAAa29805:
   vjwafm:
/var/tmp/fcpFAAa29805:
   vjwffw:
/var/tmp/fcpFAAa29805:
   vljfac:
/var/tmp/fcpFAAa29805:
   vljmod:
/var/tmp/fcpFAAa29805:
   vljwaf:
/var/tmp/fcpFAAa29805:
   vmcmod:
/var/tmp/fcpFAAa29805:
   vmmfld:
/var/tmp/fcpFAAa29805:
   vmmodj:
/var/tmp/fcpFAAa29805:
   vmodmc:
/var/tmp/fcpFAAa29805:
   vmwafj:
/var/tmp/fcpFAAa29805:
   vnelrm:
/var/tmp/fcpFAAa29805:
   vnfslo:
/var/tmp/fcpFAAa29805:
   vnirfs:
/var/tmp/fcpFAAa29805:
   vnlayr:
/var/tmp/fcpFAAa29805:
   vnrdir:
/var/tmp/fcpFAAa29805:
   vnrfac:
/var/tmp/fcpFAAa29805:
   vnrmod:
/var/tmp/fcpFAAa29805:
   vnromm:
/var/tmp/fcpFAAa29805:
   vnrssc:
/var/tmp/fcpFAAa29805:
   vnrwaf:
/var/tmp/fcpFAAa29805:
   vnrwff:
/var/tmp/fcpFAAa29805:
   vnscrm:
/var/tmp/fcpFAAa29805:
   vnstcm:
/var/tmp/fcpFAAa29805:
   vntfac:
/var/tmp/fcpFAAa29805:
   vntmod:
/var/tmp/fcpFAAa29805:
   vntwaf:
/var/tmp/fcpFAAa29805:
   vphicf:
/var/tmp/fcpFAAa29805:
   vphifc:
/var/tmp/fcpFAAa29805:
   vphifn:
/var/tmp/fcpFAAa29805:
   vphstm:
/var/tmp/fcpFAAa29805:
   vpkadd:
/var/tmp/fcpFAAa29805:
   vrddaf:
/var/tmp/fcpFAAa29805:
   vrecor:
/var/tmp/fcpFAAa29805:
   vrmmod:
/var/tmp/fcpFAAa29805:
   vromax:
/var/tmp/fcpFAAa29805:
   vrostm:
/var/tmp/fcpFAAa29805:
   vrswmd:
/var/tmp/fcpFAAa29805:
   vrswmx:
/var/tmp/fcpFAAa29805:
   vrvmbe:
/var/tmp/fcpFAAa29805:
   vschan:
/var/tmp/fcpFAAa29805:
   vscmec:
/var/tmp/fcpFAAa29805:
   vscmsc:
/var/tmp/fcpFAAa29805:
   vsensi:
/var/tmp/fcpFAAa29805:
   vsetup:
/var/tmp/fcpFAAa29805:
   vslotf:
/var/tmp/fcpFAAa29805:
   vsmjmd:
/var/tmp/fcpFAAa29805:
   vsmmod:
/var/tmp/fcpFAAa29805:
   vsmmtx:
/var/tmp/fcpFAAa29805:
   vstreg:
/var/tmp/fcpFAAa29805:
   vtextm:
/var/tmp/fcpFAAa29805:
   vtextw:
/var/tmp/fcpFAAa29805:
   vunadd:
/var/tmp/fcpFAAa29805:
   vvuwab:
/var/tmp/fcpFAAa29805:
   vvuwxy:
/var/tmp/fcpFAAa29805:
   vwadim:
/var/tmp/fcpFAAa29805:
   vwdist:
/var/tmp/fcpFAAa29805:
   vwffnd:
/var/tmp/fcpFAAa29805:
   vwfind:
/var/tmp/fcpFAAa29805:
   vwthck:
/var/tmp/fcpFAAa29805:
   vxyzab:
/var/tmp/fcpFAAa29805:
   vxyzfc:
/var/tmp/fcpFAAa29805:
   vxyzvu:
/var/tmp/fcpFAAa29805:
   vxyzwa:
/var/tmp/fcpFAAa29805:
   vzmult:
/var/tmp/fcpFAAa29805:
   vzrsrs:
fort77: POSIX mandates an explicit optimization level setting on the -O option; ignored
/var/tmp/fcpFAAa00239:
   vdexcy:
/var/tmp/fcpFAAa00239:
   vdherr:
/var/tmp/fcpFAAa00239:
   vdhits:
/var/tmp/fcpFAAa00239:
   vdhter:
/var/tmp/fcpFAAa00239:
   vdmjls:
/var/tmp/fcpFAAa00239:
   vdmsec:
/var/tmp/fcpFAAa00239:
   vdmsrl:
/var/tmp/fcpFAAa00239:
   vdmsup:
/var/tmp/fcpFAAa00239:
   vdmwrs:
/var/tmp/fcpFAAa00239:
   vdprdi:
/var/tmp/fcpFAAa00239:
   vdprht:
/var/tmp/fcpFAAa00239:
   vdttra:
/var/tmp/fcpFAAa00239:
   vherr1:
/var/tmp/fcpFAAa00239:
   vrldgt:
/var/tmp/fcpFAAa00239:
   vrmwf:
/var/tmp/fcpFAAa00239:
   vstrip:
/var/tmp/fcpFAAa00239:
   vtclas:
/var/tmp/fcpFAAa00239:
   vtclld:
/var/tmp/fcpFAAa00239:
   vtderv:
/var/tmp/fcpFAAa00239:
   vtfill:
/var/tmp/fcpFAAa00239:
   vtlink:
/var/tmp/fcpFAAa00239:
   vtrfit:
/var/tmp/fcpFAAa00239:
   vtrkex:
/var/tmp/fcpFAAa00239:
   vtrlas:
/var/tmp/fcpFAAa00239:
   vtruh:
/var/tmp/fcpFAAa00239:
   vtxnwt:
/var/tmp/fcpFAAa00239:
   vtxraw:
/var/tmp/fcpFAAa00239:
   vtxtrk:
fort77: POSIX mandates an explicit optimization level setting on the -O option; ignored
/var/tmp/fcpFAAa00312:
   llumok:
/var/tmp/fcpFAAa00312:
   slumok:
/var/tmp/fcpFAAa00312:
   vbitgd:
/var/tmp/fcpFAAa00312:
   xhvbit:
/var/tmp/fcpFAAa00312:
   xhvfix:
/var/tmp/fcpFAAa00312:
   xhvsta:
/var/tmp/fcpFAAa00312:
   xlslum:
/var/tmp/fcpFAAa00312:
   xlumok:
/var/tmp/fcpFAAa00312:
   xre133:
/var/tmp/fcpFAAa00312:
   xre94:
/var/tmp/fcpFAAa00312:
   xt0syn:
/var/tmp/fcpFAAa00312:
   xtgenb:
/var/tmp/fcpFAAa00312:
   xvdeok:
fort77: POSIX mandates an explicit optimization level setting on the -O option; ignored
/var/tmp/fcpFAAa00344:
   ys0add:
/var/tmp/fcpFAAa00344:
   ys0clr:
/var/tmp/fcpFAAa00344:
   ys0lld:
/var/tmp/fcpFAAa00344:
   ys0set:
/var/tmp/fcpFAAa00344:
   yscadd:
/var/tmp/fcpFAAa00344:
   yscclr:
/var/tmp/fcpFAAa00344:
   ysclld:
/var/tmp/fcpFAAa00344:
   yscset:
/var/tmp/fcpFAAa00344:
   ysfclr:
/var/tmp/fcpFAAa00344:
   ysfset:
/var/tmp/fcpFAAa00344:
   ysftld:
/var/tmp/fcpFAAa00344:
   ysgets:
/var/tmp/fcpFAAa00344:
   ysklld:
/var/tmp/fcpFAAa00344:
   yspair:
/var/tmp/fcpFAAa00344:
   yspcut:
/var/tmp/fcpFAAa00344:
   yspvft:
/var/tmp/fcpFAAa00344:
   ystadd:
/var/tmp/fcpFAAa00344:
   ystclr:
/var/tmp/fcpFAAa00344:
   ystlld:
/var/tmp/fcpFAAa00344:
   ystset:
/var/tmp/fcpFAAa00344:
   ysvadd:
/var/tmp/fcpFAAa00344:
   ysvbld:
/var/tmp/fcpFAAa00344:
   ysvclr:
/var/tmp/fcpFAAa00344:
   ysvfit:
/var/tmp/fcpFAAa00344:
   ysvmat:
/var/tmp/fcpFAAa00344:
   ysvmrg:
/var/tmp/fcpFAAa00344:
   ysvrtx:
/var/tmp/fcpFAAa00344:
   ysvset:
/var/tmp/fcpFAAa00344:
   ysvsrt:
/var/tmp/fcpFAAa00344:
   ysvtbk:
/var/tmp/fcpFAAa00344:
   ysvtrk:
/var/tmp/fcpFAAa00344:
   ysvx0l:
fort77: POSIX mandates an explicit optimization level setting on the -O option; ignored
/var/tmp/fcpFAAa00416:
   BLOCK DATA ybdtop:
/var/tmp/fcpFAAa00416:
   ybipat:
/var/tmp/fcpFAAa00416:
   ycircr:
/var/tmp/fcpFAAa00416:
   ydefrf:
/var/tmp/fcpFAAa00416:
   yfmvtc:
/var/tmp/fcpFAAa00416:
   yfmvtr:
/var/tmp/fcpFAAa00416:
   yftvtc:
/var/tmp/fcpFAAa00416:
   yftvtr:
/var/tmp/fcpFAAa00416:
   yfvmap:
/var/tmp/fcpFAAa00416:
   yfvmc:
/var/tmp/fcpFAAa00416:
   yfvmc1:
/var/tmp/fcpFAAa00416:
   yhisto:
/var/tmp/fcpFAAa00416:
   yhuser:
/var/tmp/fcpFAAa00416:
   yinvmx:
/var/tmp/fcpFAAa00416:
   yitcof:
/var/tmp/fcpFAAa00416:
   ymkand:
/var/tmp/fcpFAAa00416:
   ymkcle:
/var/tmp/fcpFAAa00416:
   ymkcnt:
/var/tmp/fcpFAAa00416:
   ymkcop:
/var/tmp/fcpFAAa00416:
   ymkexp:
/var/tmp/fcpFAAa00416:
   ymkidc:
/var/tmp/fcpFAAa00416:
   ymkidt:
/var/tmp/fcpFAAa00416:
   ymkmis:
/var/tmp/fcpFAAa00416:
   ymkorr:
/var/tmp/fcpFAAa00416:
   ymkset:
/var/tmp/fcpFAAa00416:
   ymkshr:
/var/tmp/fcpFAAa00416:
   ymktst:
/var/tmp/fcpFAAa00416:
   ymkzer:
/var/tmp/fcpFAAa00416:
   yms3in:
/var/tmp/fcpFAAa00416:
   ypidas:
/var/tmp/fcpFAAa00416:
   yprivx:
/var/tmp/fcpFAAa00416:
   yprver:
/var/tmp/fcpFAAa00416:
   yruser:
/var/tmp/fcpFAAa00416:
   ystvtx:
/var/tmp/fcpFAAa00416:
   ysvvtx:
/var/tmp/fcpFAAa00416:
   ytconv:
/var/tmp/fcpFAAa00416:
   ytijob:
/var/tmp/fcpFAAa00416:
   ytoiru:
/var/tmp/fcpFAAa00416:
   ytopnw:
/var/tmp/fcpFAAa00416:
   ytopol:
/var/tmp/fcpFAAa00416:
   ytoprt:
/var/tmp/fcpFAAa00416:
   ytosum:
/var/tmp/fcpFAAa00416:
   ytosvt:
/var/tmp/fcpFAAa00416:
   ytpar:
/var/tmp/fcpFAAa00416:
   ytpvtx:
/var/tmp/fcpFAAa00416:
   ytrv0s:
/var/tmp/fcpFAAa00416:
   ytstrk:
/var/tmp/fcpFAAa00416:
   yvdcof:
/var/tmp/fcpFAAa00416:
   yvposs:
/var/tmp/fcpFAAa00416:
   yvxbld:
fort77: POSIX mandates an explicit optimization level setting on the -O option; ignored
/var/tmp/fcpFAAa00531:
   ychi00:
/var/tmp/fcpFAAa00531:
   ychiv2:
/var/tmp/fcpFAAa00531:
   yd0nfi:
/var/tmp/fcpFAAa00531:
   yd0nfn:
/var/tmp/fcpFAAa00531:
   ydismc:
/var/tmp/fcpFAAa00531:
   yfixis:
/var/tmp/fcpFAAa00531:
   yfixyn:
/var/tmp/fcpFAAa00531:
   yfixyp:
/var/tmp/fcpFAAa00531:
   yfpsin:
/var/tmp/fcpFAAa00531:
   yfqerq:
/var/tmp/fcpFAAa00531:
   ymfmin:
/var/tmp/fcpFAAa00531:
   ymfv0v:
       entry    ymfv00:
/var/tmp/fcpFAAa00531:
   ynv0nf:
/var/tmp/fcpFAAa00531:
   ynv0ve:
/var/tmp/fcpFAAa00531:
   ypsive:
/var/tmp/fcpFAAa00531:
   ypsivn:
/var/tmp/fcpFAAa00531:
   yv0bok:
/var/tmp/fcpFAAa00531:
   yv0mas:
/var/tmp/fcpFAAa00531:
   yv0ong:
/var/tmp/fcpFAAa00531:
   yv0onh:
/var/tmp/fcpFAAa00531:
   yv1ini:
/var/tmp/fcpFAAa00531:
   yvcame:
/var/tmp/fcpFAAa00531:
   yvprim:
/var/tmp/fcpFAAa00531:
   yzpha1:
/var/tmp/fcpFAAa00531:
   yzphan:
/var/tmp/fcpFAAa00531:
   yzphas:
