-> f77 begin
-> f77 +E1 +ppu -g -w -c -K aucirl.f 
-> f77 +E1 +ppu -g -w -c -K augxyz.f 
-> f77 +E1 +ppu -g -w -c -K t2dedx.f 
-> f77 +E1 +ppu -g -w -c -K t2teer.f 
-> f77 +E1 +ppu -g -w -c -K t2tran.f 
-> f77 +E1 +ppu -g -w -c -K tbloch.f 
-> f77 +E1 +ppu -g -w -c -K tdebug.f 
-> f77 +E1 +ppu -g -w -c -K tgcbos.f 
-> f77 +E1 +ppu -g -w -c -K tgfini.f 
-> f77 +E1 +ppu -g -w -c -K tginit.f 
-> f77 +E1 +ppu -g -w -c -K tgteer.f 
-> f77 +E1 +ppu -g -w -c -K tobkhs.f 
-> f77 +E1 +ppu -g -w -c -K toevin.f 
-> f77 +E1 +ppu -g -w -c -K tordev.f 
-> f77 +E1 +ppu -g -w -c -K tpachr.f 
-> f77 +E1 +ppu -g -w -c -K tpaval.f 
-> f77 +E1 +ppu -g -w -c -K tpbgeo.f 
-> f77 +E1 +ppu -g -w -c -K tpbrtk.f 
-> f77 +E1 +ppu -g -w -c -K tpbrtp.f 
-> f77 +E1 +ppu -g -w -c -K tpcdet.f 
-> f77 +E1 +ppu -g -w -c -K tpcflt.f 
-> f77 +E1 +ppu -g -w -c -K tpcver.f 
-> f77 +E1 +ppu -g -w -c -K tpdmom.f 
-> f77 +E1 +ppu -g -w -c -K tpdpar.f 
-> f77 +E1 +ppu -g -w -c -K tpdray.f 
-> f77 +E1 +ppu -g -w -c -K tpelsg.f 
-> f77 +E1 +ppu -g -w -c -K tpensc.f 
-> f77 +E1 +ppu -g -w -c -K tpexb2.f 
-> f77 +E1 +ppu -g -w -c -K tpexb3.f 
-> f77 +E1 +ppu -g -w -c -K tpexbs.f 
-> f77 +E1 +ppu -g -w -c -K tpexmi.f 
-> f77 +E1 +ppu -g -w -c -K tpfbrt.f 
-> f77 +E1 +ppu -g -w -c -K tpfids.f 
-> f77 +E1 +ppu -g -w -c -K tpfill.f 
-> f77 +E1 +ppu -g -w -c -K tpflpl.f 
-> f77 +E1 +ppu -g -w -c -K tpfmt.f 
-> f77 +E1 +ppu -g -w -c -K tpgbr0.f 
-> f77 +E1 +ppu -g -w -c -K tpgbrt.f 
-> f77 +E1 +ppu -g -w -c -K tpgetr.f 
-> f77 +E1 +ppu -g -w -c -K tpinel.f 
-> f77 +E1 +ppu -g -w -c -K tpinrf.f 
-> f77 +E1 +ppu -g -w -c -K tpisol.f 
-> f77 +E1 +ppu -g -w -c -K tpmain.f 
-> f77 +E1 +ppu -g -w -c -K tpnclu.f 
-> f77 +E1 +ppu -g -w -c -K tpnois.f 
-> f77 +E1 +ppu -g -w -c -K tpopsg.f 
-> f77 +E1 +ppu -g -w -c -K tppcst.f 
-> f77 +E1 +ppu -g -w -c -K tprima.f 
-> f77 +E1 +ppu -g -w -c -K tprimb.f 
-> f77 +E1 +ppu -g -w -c -K tprots.f 
-> f77 +E1 +ppu -g -w -c -K tpsegt.f 
-> f77 +E1 +ppu -g -w -c -K tpsgnl.f 
-> f77 +E1 +ppu -g -w -c -K tpshap.f 
-> f77 +E1 +ppu -g -w -c -K tpsize.f 
-> f77 +E1 +ppu -g -w -c -K tptcst.f 
-> f77 +E1 +ppu -g -w -c -K tpzspr.f 
-> f77 +E1 +ppu -g -w -c -K tsaval.f 
-> f77 +E1 +ppu -g -w -c -K tsavcn.f 
-> f77 +E1 +ppu -g -w -c -K tscbos.f 
-> f77 +E1 +ppu -g -w -c -K tscdef.f 
-> f77 +E1 +ppu -g -w -c -K tscnst.f 
-> f77 +E1 +ppu -g -w -c -K tsdedx.f 
-> f77 +E1 +ppu -g -w -c -K tsdigt.f 
-> f77 +E1 +ppu -g -w -c -K tsfini.f 
-> f77 +E1 +ppu -g -w -c -K tsinit.f 
-> f77 +E1 +ppu -g -w -c -K tspcpl.f 
-> f77 +E1 +ppu -g -w -c -K tsrcon.f 
-> f77 +E1 +ppu -g -w -c -K tsresp.f 
-> f77 +E1 +ppu -g -w -c -K tssham.f 
-> f77 +E1 +ppu -g -w -c -K tstcpl.f 
-> f77 +E1 +ppu -g -w -c -K tsteer.f 
-> f77 +E1 +ppu -g -w -c -K tstran.f 
-> f77 +E1 +ppu -g -w -c -K tswred.f 
-> f77 +E1 +ppu -g -w -c -K tswrev.f 
-> f77 +E1 +ppu -g -w -c -K ttfmt.f 
-> f77 +E1 +ppu -g -w -c -K twfmt.f 
-> f77 +E1 +ppu -g -w -c -K twpana.f 
-> f77 end
