aucirl.f:
   aucirl:
augxyz.f:
   augxyz:
t2dedx.f:
   t2dedx:
t2teer.f:
   t2teer:
t2tran.f:
   t2tran:
tbloch.f:
   tbloch:
tdebug.f:
   tdebug:
tgcbos.f:
   tgcbos:
tgfini.f:
   tgfini:
tginit.f:
   tginit:
tgteer.f:
   tgteer:
tobkhs.f:
   tobkhs:
toevin.f:
   toevin:
tordev.f:
   tordev:
tpachr.f:
   tpachr:
tpaval.f:
   tpaval:
tpbgeo.f:
   tpbgeo:
tpbrtk.f:
   tpbrtk:
tpbrtp.f:
   tpbrtp:
tpcdet.f:
   tpcdet:
tpcflt.f:
   tpcflt:
tpcver.f:
   tpcver:
tpdmom.f:
   tpdmom:
tpdpar.f:
   tpdpar:
tpdray.f:
   tpdray:
tpelsg.f:
   tpelsg:
tpensc.f:
   tpensc:
tpexb2.f:
   tpexb2:
tpexb3.f:
   tpexb3:
tpexbs.f:
   tpexbs:
tpexmi.f:
   tpexmi:
tpfbrt.f:
   tpfbrt:
tpfids.f:
   tpfids:
tpfill.f:
   tpfill:
tpflpl.f:
   tpflpl:
tpfmt.f:
   tpfmt:
tpgbr0.f:
   tpgbr0:
tpgbrt.f:
   tpgbrt:
tpgetr.f:
   tpgetr:
tpinel.f:
   tpinel:
tpinrf.f:
   tpinrf:
tpisol.f:
   tpisol:
tpmain.f:
   MAIN tpmain:
tpnclu.f:
   tpnclu:
tpnois.f:
   tpnois:
tpopsg.f:
   tpopsg:
tppcst.f:
   tppcst:
tprima.f:
   tprima:
tprimb.f:
   tprimb:
tprots.f:
   tprots:
tpsegt.f:
   tpsegt:
tpsgnl.f:
   tpsgnl:
tpshap.f:
   tpshap:
tpsize.f:
   tpsize:
tptcst.f:
   tptcst:
tpzspr.f:
   tpzspr:
tsaval.f:
   tsaval:
tsavcn.f:
   tsavcn:
tscbos.f:
   tscbos:
tscdef.f:
   tscdef:
tscnst.f:
   tscnst:
tsdedx.f:
   tsdedx:
tsdigt.f:
   tsdigt:
tsfini.f:
   tsfini:
tsinit.f:
   tsinit:
tspcpl.f:
   tspcpl:
tsrcon.f:
   tsrcon:
tsresp.f:
   tsresp:
tssham.f:
   tssham:
tstcpl.f:
   tstcpl:
tsteer.f:
   tsteer:
tstran.f:
   tstran:
tswred.f:
   tswred:
tswrev.f:
   tswrev:
ttfmt.f:
   ttfmt:
twfmt.f:
   twfmt:
twpana.f:
   twpana:
aucirl.f:
   aucirl:
augxyz.f:
   augxyz:
t2dedx.f:
   t2dedx:
t2teer.f:
   t2teer:
t2tran.f:
   t2tran:
tbloch.f:
   tbloch:
tdebug.f:
   tdebug:
tgcbos.f:
   tgcbos:
tgfini.f:
   tgfini:
tginit.f:
   tginit:
tgteer.f:
   tgteer:
tobkhs.f:
   tobkhs:
toevin.f:
   toevin:
tordev.f:
   tordev:
tpachr.f:
   tpachr:
tpaval.f:
   tpaval:
tpbgeo.f:
   tpbgeo:
tpbrtk.f:
   tpbrtk:
tpbrtp.f:
   tpbrtp:
tpcdet.f:
   tpcdet:
tpcflt.f:
   tpcflt:
tpcver.f:
   tpcver:
tpdmom.f:
   tpdmom:
tpdpar.f:
   tpdpar:
tpdray.f:
   tpdray:
tpelsg.f:
   tpelsg:
tpensc.f:
   tpensc:
tpexb2.f:
   tpexb2:
tpexb3.f:
   tpexb3:
tpexbs.f:
   tpexbs:
tpexmi.f:
   tpexmi:
tpfbrt.f:
   tpfbrt:
tpfids.f:
   tpfids:
tpfill.f:
   tpfill:
tpflpl.f:
   tpflpl:
tpfmt.f:
   tpfmt:
tpgbr0.f:
   tpgbr0:
tpgbrt.f:
   tpgbrt:
tpgetr.f:
   tpgetr:
tpinel.f:
   tpinel:
tpinrf.f:
   tpinrf:
tpisol.f:
   tpisol:
tpmain.f:
   MAIN tpmain:
tpnclu.f:
   tpnclu:
tpnois.f:
   tpnois:
tpopsg.f:
   tpopsg:
tppcst.f:
   tppcst:
tprima.f:
   tprima:
tprimb.f:
   tprimb:
tprots.f:
   tprots:
tpsegt.f:
   tpsegt:
tpsgnl.f:
   tpsgnl:
tpshap.f:
   tpshap:
tpsize.f:
   tpsize:
tptcst.f:
   tptcst:
tpzspr.f:
   tpzspr:
tsaval.f:
   tsaval:
tsavcn.f:
   tsavcn:
tscbos.f:
   tscbos:
tscdef.f:
   tscdef:
tscnst.f:
   tscnst:
tsdedx.f:
   tsdedx:
tsdigt.f:
   tsdigt:
tsfini.f:
   tsfini:
tsinit.f:
   tsinit:
tspcpl.f:
   tspcpl:
tsrcon.f:
   tsrcon:
tsresp.f:
   tsresp:
tssham.f:
   tssham:
tstcpl.f:
   tstcpl:
tsteer.f:
   tsteer:
tstran.f:
   tstran:
tswred.f:
   tswred:
tswrev.f:
   tswrev:
ttfmt.f:
   ttfmt:
twfmt.f:
   twfmt:
twpana.f:
   twpana:
aucirl.f:
   aucirl:
augxyz.f:
   augxyz:
t2dedx.f:
   t2dedx:
t2teer.f:
   t2teer:
t2tran.f:
   t2tran:
tbloch.f:
   tbloch:
tdebug.f:
   tdebug:
tgcbos.f:
   tgcbos:
tgfini.f:
   tgfini:
tginit.f:
   tginit:
tgteer.f:
   tgteer:
tobkhs.f:
   tobkhs:
toevin.f:
   toevin:
tordev.f:
   tordev:
tpachr.f:
   tpachr:
tpaval.f:
   tpaval:
tpbgeo.f:
   tpbgeo:
tpbrtk.f:
   tpbrtk:
tpbrtp.f:
   tpbrtp:
tpcdet.f:
   tpcdet:
tpcflt.f:
   tpcflt:
tpcver.f:
   tpcver:
tpdmom.f:
   tpdmom:
tpdpar.f:
   tpdpar:
tpdray.f:
   tpdray:
tpelsg.f:
   tpelsg:
tpensc.f:
   tpensc:
tpexb2.f:
   tpexb2:
tpexb3.f:
   tpexb3:
tpexbs.f:
   tpexbs:
tpexmi.f:
   tpexmi:
tpfbrt.f:
   tpfbrt:
tpfids.f:
   tpfids:
tpfill.f:
   tpfill:
tpflpl.f:
   tpflpl:
tpfmt.f:
   tpfmt:
tpgbr0.f:
   tpgbr0:
tpgbrt.f:
   tpgbrt:
tpgetr.f:
   tpgetr:
tpinel.f:
   tpinel:
tpinrf.f:
   tpinrf:
tpisol.f:
   tpisol:
tpmain.f:
   MAIN tpmain:
tpnclu.f:
   tpnclu:
tpnois.f:
   tpnois:
tpopsg.f:
   tpopsg:
tppcst.f:
   tppcst:
tprima.f:
   tprima:
tprimb.f:
   tprimb:
tprots.f:
   tprots:
tpsegt.f:
   tpsegt:
tpsgnl.f:
   tpsgnl:
tpshap.f:
   tpshap:
tpsize.f:
   tpsize:
tptcst.f:
   tptcst:
tpzspr.f:
   tpzspr:
tsaval.f:
   tsaval:
tsavcn.f:
   tsavcn:
tscbos.f:
   tscbos:
tscdef.f:
   tscdef:
tscnst.f:
   tscnst:
tsdedx.f:
   tsdedx:
tsdigt.f:
   tsdigt:
tsfini.f:
   tsfini:
tsinit.f:
   tsinit:
tspcpl.f:
   tspcpl:
tsrcon.f:
   tsrcon:
tsresp.f:
   tsresp:
tssham.f:
   tssham:
tstcpl.f:
   tstcpl:
tsteer.f:
   tsteer:
tstran.f:
   tstran:
tswred.f:
   tswred:
tswrev.f:
   tswrev:
ttfmt.f:
   ttfmt:
twfmt.f:
   twfmt:
twpana.f:
   twpana:
