Wed Sep 8 14:33:07 MST 1993 -> Begin on cd /al/IRIX4/gal/srctpc216
Wed Sep 8 14:33:08 MST 1993 -> fnice for tpc216.f
Wed Sep 8 14:33:17 MST 1993 -> fsplit
Wed Sep 8 14:33:38 MST 1993 -> Call f77_compile with dbx
Wed Sep 8 14:42:46 MST 1993 -> ar rsl /al/IRIX4/gal/libtpc216_dbx.a *.o
Wed Sep 8 14:42:55 MST 1993 -> Call f77_compile without dbx
Wed Sep 8 14:55:08 MST 1993 -> ar rsl /al/IRIX4/gal/libtpc216.a *.o
Wed Sep 8 14:55:10 MST 1993 -> rm *.o
Wed Sep 8 16:06:13 METDST 1993 -> Call f77_compile with dbx
Wed Sep 8 16:07:23 METDST 1993 -> ar rsl /al/HPUX9/gal/libtpc216_dbx.a *.o
Wed Sep 8 16:07:40 METDST 1993 -> Call f77_compile without dbx
Wed Sep 8 16:08:44 METDST 1993 -> ar rsl /al/HPUX9/gal/libtpc216.a *.o
Wed Sep 8 16:08:55 METDST 1993 -> rm *.o
Fri Oct 1 09:50:12 MST 1993 -> Call f77_compile with dbx
Fri Oct 1 09:52:15 MST 1993 -> ar rsl /al/IRIX5/gal/libtpc216_dbx.a *.o
Fri Oct 1 09:52:29 MST 1993 -> Call f77_compile without dbx
Fri Oct 1 09:54:05 MST 1993 -> ar rsl /al/IRIX5/gal/libtpc216.a *.o
Fri Oct 1 09:54:11 MST 1993 -> rm *.o
Mon Nov 15 19:00:17 MET 1993 -> Call f77_compile with dbx
Mon Nov 15 19:01:10 MET 1993 -> ar rsl /u3/xu/algal/pro/libtpc216_dbx.a *.o
Mon Nov 15 19:01:43 MET 1993 -> Call f77_compile without dbx
Mon Nov 15 19:03:09 MET 1993 -> ar rsl /u3/xu/algal/pro/libtpc216.a *.o
Mon Nov 15 19:03:25 MET 1993 -> rm *.o
Wed Nov 17 11:44:02 MET 1993 -> Call f77_compile with dbx
Wed Nov 17 11:44:53 MET 1993 -> ar rsl /al/HPUX9/gal/PROD/libtpc216_dbx.a *.o
Wed Nov 17 11:45:11 MET 1993 -> Call f77_compile without dbx
Wed Nov 17 11:46:28 MET 1993 -> ar rsl /al/HPUX9/gal/PROD/libtpc216.a *.o
Wed Nov 17 11:46:35 MET 1993 -> rm *.o
