../abchck.f:
   abchck:
../aboldr.f:
   aboldr:
../abopen.f:
   abopen:
       entry    abstun:
../abread.f:
   abread:
../abrrec.f:
   abrrec:
       entry    abclas:
       entry    abstrcl:
       entry    abgtcl:
       entry    abgtwcl:
       entry    abgtrcl:
       entry    abstcl:
       entry    abunit:
../abrsel.f:
   abrsel:
       entry    abmode:
../abruev.f:
   abruev:
../absevt.f:
   absevt:
       entry    absmax:
       entry    abslim:
       entry    aboner:
../abskip.f:
   abskip:
../abwend.f:
   abwend:
../abweve.f:
   abweve:
../abwsel.f:
   abwsel:
../acoupe.f:
   acoupe:
../adbrow.f:
   adbrow:
../adbrpn.f:
   adbrpn:
../adbrun.f:
   adbrun:
../adbswp.f:
   adbswp:
../adbver.f:
   adbver:
../agetdb.f:
   agetdb:
../agtfil.f:
   agtfil:
../ainjet.f:
   ainjet:
../aire.f:
   aire:
../airsct.f:
   airsct:
../albos.f:
   albos:
../alclasw.f:
   alclasw:
../alclus.f:
   alclus:
../aldawr.f:
   aldawr:
../aldtyp.f:
   aldtyp:
../alefil.f:
   alefil:
../alelep.f:
   alelep:
../aleveh.f:
   aleveh:
../alfiel.f:
   alfiel:
../alfind.f:
   alfind:
../alfmt.f:
   alfmt:
../algtbk.f:
   algtbk:
../algtdb.f:
   algtdb:
       entry    algtd1:
../algtlu.f:
   algtlu:
../algtro.f:
   algtro:
../algtyp.f:
   algtyp:
../alinst.f:
   alinst:
../alk7fil.f:
   alk7fil:
../alk7fru.f:
   alk7fru:
../alk7op.f:
   alk7op:
../alk7tru.f:
   alk7tru:
../alkevh.f:
   alkevh:
../alkjob.f:
   alkjob:
../alklun.f:
   alklun:
../alkrun.f:
   alkrun:
../allep1.f:
   allep1:
../alprob.f:
   alprob:
../alredb.f:
   alredb:
../alrlep.f:
   alrlep:
../alrobo.f:
   alrobo:
../alrune.f:
   alrune:
../alrunh.f:
   alrunh:
../alrunr.f:
   alrunr:
../alrwev.f:
   alrwev:
../alseed.f:
   alseed:
../alstho.f:
   alstho:
../alstin.f:
   alstin:
../alstri.f:
   alstri:
../alsumcl.f:
   alsumcl:
       entry    alsumgt:
../altabl.f:
   altabl:
../althru.f:
   althru:
../altrhv.f:
   altrhv:
../altrig.f:
   altrig:
../alvers.f:
   alvers:
../alvsn.f:
   alvsn:
../amuid.f:
   amuid:
../aopdbs.f:
   aopdbs:
../aredir.f:
   aredir:
../aristo.f:
   aristo:
../auarcm.f:
   auarcm:
../aublis.f:
   aublis:
../aubos.f:
   aubos:
../aubprs.f:
   aubprs:
../auhcyl.f:
   auhcyl:
../auhdis.f:
   auhdis:
../auhlen.f:
   auhlen:
../aulcyl.f:
   aulcyl:
../aullen.f:
   aullen:
../aunpck.f:
   aunpck:
../aunpus.f:
   aunpus:
../autrpl.f:
   autrpl:
../avolum.f:
   avolum:
../babend.f:
   babend:
../bgetds.f:
   bgetds:
../bkcari.f:
   bkcari:
../bkinca.f:
   bkinca:
../bkrhab.f:
   bkrhab:
../bkrhal.f:
   bkrhal:
../bkrhaw.f:
   bkrhaw:
../bktobk.f:
   bktobk:
../bprtab.f:
   bprtab:
../bulos.f:
   bulos:
../cafiht.f:
   cafiht:
../chacut.f:
   chacut:
../chahol.f:
   chahol:
../chkclas.f:
   chkclas:
../clas24.f:
   clas24:
../clas26.f:
   clas26:
../clas278.f:
   clas278:
../clmoms.f:
   clmoms:
../corad94.f:
   corad94:
../coradoc.f:
   coradoc:
../dafrds.f:
   dafrds:
       entry    dafrst:
../defove.f:
   defove:
../dstack.f:
   dstack:
../ealgmk.f:
   ealgmk:
../ealign.f:
   ealign:
../ealtmk.f:
   ealtmk:
../ebaryc.f:
   ebaryc:
../ebcdrg.f:
   ebcdrg:
../ebclap.f:
   ebclap:
../ebclcf.f:
   ebclcf:
../ebcocl.f:
   ebcocl:
../ebcohd.f:
   ebcohd:
../ebconf.f:
   ebconf:
../ebcosi.f:
   ebcosi:
../ebcrad.f:
   ebcrad:
../ebcrep.f:
   ebcrep:
../ebdevi.f:
   ebdevi:
../ebecmd.f:
   ebecmd:
../ebgaga.f:
   ebgaga:
../ebgene.f:
   ebgene:
../ebgrid.f:
   ebgrid:
../ebgrix.f:
   ebgrix:
../ebhadr.f:
   ebhadr:
../ebhaha.f:
   ebhaha:
../ebimpa.f:
   ebimpa:
../ebimpc.f:
   ebimpc:
../ebinit.f:
   ebinit:
../ebleak.f:
   ebleak:
../eblong.f:
   eblong:
../eblpst.f:
   eblpst:
../ebneut.f:
   ebneut:
../eboidp.f:
   eboidp:
../ebpara.f:
   ebpara:
../ebphcc.f:
   ebphcc:
../ebprep.f:
   ebprep:
../ebprga.f:
   ebprga:
../ebrack.f:
   ebrack:
../ebranc.f:
   ebranc:
../ebrgcd.f:
   ebrgcd:
../ebsatu.f:
   ebsatu:
../ebshap.f:
   ebshap:
../ebshow.f:
   ebshow:
../ebslim.f:
   ebslim:
../ebstak.f:
   ebstak:
../ebtran.f:
   ebtran:
../ebtzth.f:
   ebtzth:
../ebvlap.f:
   ebvlap:
../ebyphi.f:
   ebyphi:
../ec4tra.f:
   ec4tra:
../ecaget.f:
   ecaget:
../ecalsl.f:
   ecalsl:
../ecalwr.f:
   ecalwr:
../ecdfrd.f:
   ecdfrd:
../ecetdi.f:
   ecetdi:
../ecleak.f:
   ecleak:
../eclean.f:
   eclean:
../ecphco.f:
   ecphco:
../ecplst.f:
   ecplst:
../ecprhi.f:
   ecprhi:
../ecprto.f:
   ecprto:
../ecprtr.f:
   ecprtr:
../ecprwi.f:
   ecprwi:
../ecrwrg.f:
   ecrwrg:
../ecsgeo.f:
   ecsgeo:
../ectilt.f:
   ectilt:
../ecylnd.f:
   ecylnd:
../edefcl.f:
   edefcl:
../edefec.f:
   edefec:
../edeflg.f:
   edeflg:
../edefmd.f:
   edefmd:
../edefsc.f:
   edefsc:
../edefsp.f:
   edefsp:
../edefss.f:
   edefss:
../edisgn.f:
   edisgn:
../eewirs.f:
   eewirs:
../efncrs.f:
   efncrs:
../efndcl.f:
   efndcl:
../efndlg.f:
   efndlg:
../efndmd.f:
   efndmd:
../efndpl.f:
   efndpl:
../efndrg.f:
   efndrg:
../efndsc.f:
   efndsc:
../efndss.f:
   efndss:
../efndst.f:
   efndst:
../efndtw.f:
   efndtw:
../efnicr.f:
   efnicr:
../efnitw.f:
   efnitw:
../efnlay.f:
   efnlay:
../egptlg.f:
   egptlg:
../egptsp.f:
   egptsp:
../egtlnf.f:
   egtlnf:
../ehsimt.f:
   ehsimt:
../eintst.f:
   eintst:
../einvrl.f:
   einvrl:
../elimin.f:
   elimin:
../elimrg.f:
   elimrg:
../elimsc.f:
   elimsc:
../elimst.f:
   elimst:
../elocal.f:
   elocal:
../emabsl.f:
   emabsl:
../emdedx.f:
   emdedx:
../emdtow.f:
   emdtow:
../empact.f:
   empact:
../emradl.f:
   emradl:
../emtzer.f:
   emtzer:
../enlcal.f:
   enlcal:
../enof4.f:
   enof4:
../enol12.f:
   enol12:
../enolwf.f:
   enolwf:
../enorme.f:
   enorme:
../enow12.f:
   enow12:
../entree.f:
   entree:
../eowfar.f:
   eowfar:
../eperce.f:
   eperce:
../eplmst.f:
   eplmst:
../eplnor.f:
   eplnor:
../eplscc.f:
   eplscc:
../eplscf.f:
   eplscf:
../eplscn.f:
   eplscn:
../eplsdi.f:
   eplsdi:
../eplsqf.f:
   eplsqf:
../eplsql.f:
   eplsql:
../eplst.f:
   eplst:
../eprcom.f:
   eprcom:
../eqedge.f:
   eqedge:
../erddaf.f:
   erddaf:
../erogen.f:
   erogen:
../erosys.f:
   erosys:
../erotpl.f:
   erotpl:
../erotpt.f:
   erotpt:
../erpads.f:
   erpads:
../erwidt.f:
   erwidt:
../esrbc.f:
   esrbc:
../esrcr.f:
   esrcr:
../esrct.f:
   esrct:
../esrdir.f:
   esrdir:
../esrfc.f:
   esrfc:
../esrpl.f:
   esrpl:
../esrpt.f:
   esrpt:
../esumw.f:
   esumw:
../esweh.f:
   esweh:
../etetrd.f:
   etetrd:
../ethru.f:
   ethru:
../etouch.f:
   etouch:
../etzsmd.f:
   etzsmd:
../etzssl.f:
   etzssl:
../evabsl.f:
   evabsl:
../evdedx.f:
   evdedx:
../evfois.f:
   evfois:
../evolcr.f:
   evolcr:
../evolct.f:
   evolct:
../evolfc.f:
   evolfc:
../evolpl.f:
   evolpl:
../evolum.f:
   evolum:
../evradl.f:
   evradl:
../evtver.f:
   evtver:
../expand.f:
   expand:
../expfrf.f:
   expfrf:
../expnec.f:
   expnec:
../exrwrw.f:
   exrwrw:
../fjmmcl.f:
   fjmmcl:
../fmelos.f:
   fmelos:
../fmhelx.f:
   fmhelx:
../fmhitb.f:
   fmhitb:
../fminit.f:
   fminit:
../fmmulx.f:
   fmmulx:
../fmprnt.f:
   fmprnt:
../fmregn.f:
   fmregn:
../fmscat.f:
   fmscat:
../fmtrak.f:
   fmtrak:
../fpkcm.f:
   fpkcm:
../fptoj.f:
   fptoj:
../frftdp.f:
   frftdp:
../ftkdmp.f:
   ftkdmp:
../fupkcm.f:
   fupkcm:
../fyfkin.f:
   fyfkin:
../fyinev.f:
   fyinev:
../fyirun.f:
   fyirun:
../fykill.f:
   fykill:
../fykine.f:
   fykine:
../fyluhc.f:
   fyluhc:
../fynhis.f:
   fynhis:
../fyredc.f:
   fyredc:
../fytoki.f:
   fytoki:
../fytree.f:
   fytree:
../gaform.f:
   gaform:
../gagrid.f:
   gagrid:
../gamfak.f:
   gamfak:
../gampek.f:
   gampek:
../gampex.f:
   gampex:
../gapgac.f:
   gapgac:
../gapgid.f:
   gapgid:
../gapgpc.f:
   gapgpc:
../gatral.f:
   gatral:
../gbimpa.f:
   gbimpa:
../gbneut.f:
   gbneut:
../gbtran.f:
   gbtran:
../gbulos.f:
   gbulos:
../gemfak.f:
   gemfak:
../getevt.f:
   getevt:
../getlep.f:
   getlep:
       entry    getofs:
../getlum.f:
   getlum:
../gets4b.f:
   gets4b:
../getslu.f:
   getslu:
../getx.f:
   getx:
../getxyb.f:
   getxyb:
../gety.f:
   gety:
../gf4lst.f:
   gf4lst:
../gfake.f:
   gfake:
../gfakew.f:
   gfakew:
../gfrac.f:
   gfrac:
../ghafak.f:
   ghafak:
../givsto.f:
   givsto:
../gtdbas.f:
   gtdbas:
../gtstup.f:
   gtstup:
../gtt0gl.f:
   gtt0gl:
../gvercr.f:
   gvercr:
../gxem.f:
   gxem:
../gxhad.f:
   gxhad:
../gximpa.f:
   gximpa:
../gxmclm.f:
   gxmclm:
../gxtran.f:
   gxtran:
../hcalen.f:
   hcalen:
../hcboun.f:
   hcboun:
../hccyl.f:
   hccyl:
../hcdeit.f:
   hcdeit:
../hcdpsp.f:
   hcdpsp:
../hcdrbm.f:
   hcdrbm:
../hcdwsp.f:
   hcdwsp:
../hcheck.f:
   hcheck:
../hclatu.f:
   hclatu:
../hcmdpl.f:
   hcmdpl:
../hcprge.f:
   hcprge:
../hcprind.f:
   hcprind:
../hcrinv.f:
   hcrinv:
../hcrvol.f:
   hcrvol:
../hcsamp.f:
   hcsamp:
../hcseco.f:
   hcseco:
../hdeadm.f:
   hdeadm:
../hdodgy.f:
   hdodgy:
../helins.f:
   helins:
../hfbahi.f:
   hfbahi:
../hfbahio.f:
   hfbahio:
../hfbhit.f:
   hfbhit:
../hfehit.f:
   hfehit:
../hfenhi.f:
   hfenhi:
../hfndmd.f:
   hfndmd:
../hfndtw.f:
   hfndtw:
../hgetga.f:
   hgetga:
../hgetju.f:
   hgetju:
../hginit.f:
   hginit:
../hgsudn.f:
   hgsudn:
../hintst.f:
   hintst:
../hneigh.f:
   hneigh:
../hnreg.f:
   hnreg:
../hphmod.f:
   hphmod:
../hrddaf.f:
   hrddaf:
../hrhtub.f:
   hrhtub:
../hsrcr.f:
   hsrcr:
../htadco.f:
   htadco:
../htadde.f:
   htadde:
../htstec.f:
   htstec:
../htuacl.f:
   htuacl:
../htulen.f:
   htulen:
../htxang.f:
   htxang:
../htxdtl.f:
   htxdtl:
../htxspl.f:
   htxspl:
../husran.f:
   husran:
../hvobit.f:
   hvobit:
../hytrsf.f:
   hytrsf:
../iasiga.f:
   iasiga:
../icdrif.f:
   icdrif:
../icrcoo.f:
   icrcoo:
../iddist.f:
   iddist:
../ifecon.f:
   ifecon:
../igeomw.f:
   igeomw:
../igetdb.f:
   igetdb:
../igtfmt.f:
   igtfmt:
../iinali.f:
   iinali:
../iinres.f:
   iinres:
../ilatch.f:
   ilatch:
../ilivew.f:
   ilivew:
../imicco.f:
   imicco:
../intof4.f:
   intof4:
../iprdaf.f:
   iprdaf:
../iptoj.f:
   iptoj:
../irddaf.f:
   irddaf:
../iresrp.f:
   iresrp:
../ispark.f:
   ispark:
../itcflg.f:
   itcflg:
../itdcor.f:
   itdcor:
../itdrif.f:
   itdrif:
../itprdi.f:
   itprdi:
../itprht.f:
   itprht:
../itqual.f:
   itqual:
../itrotn.f:
   itrotn:
../itswco.f:
   itswco:
../itxflg.f:
   itxflg:
../itxing.f:
   itxing:
../iudoca.f:
   iudoca:
../iupcco.f:
   iupcco:
../iuvcrs.f:
   iuvcrs:
../ixhits.f:
   ixhits:
../jhocha.f:
   jhocha:
../jpcomb.f:
   jpcomb:
../julrec.f:
   julrec:
../junial.f:
   junial:
       entry    nunial:
../junidb.f:
   junidb:
       entry    nunidb:
       entry    junisq:
       entry    nunisq:
       entry    junido:
       entry    nunido:
../kbkine.f:
   kbkine:
../kbklin.f:
   kbklin:
../kbpart.f:
   kbpart:
../kbvert.f:
   kbvert:
../kbytrec.f:
   kbytrec:
../kclean.f:
   kclean:
../keevt.f:
   keevt:
../kejob.f:
   kejob:
../kfevbk.f:
   kfevbk:
../kgdecl.f:
   kgdecl:
../kgpart.f:
   kgpart:
../kiaver.f:
   kiaver:
../kibprs.f:
   kibprs:
../kifynw.f:
   kifynw:
../kifyol.f:
   kifyol:
../kinit.f:
   kinit:
../kkdrop.f:
   kkdrop:
../kkmove.f:
   kkmove:
../kmkrun.f:
   kmkrun:
../kmpart.f:
   kmpart:
../kmrunh.f:
   kmrunh:
../knodec.f:
   knodec:
../kswap.f:
   kswap:
../kxl7al.f:
   kxl7al:
../kxl7br.f:
   kxl7br:
../kxl7co.f:
   kxl7co:
../kxl7pa.f:
   kxl7pa:
../kxl7st.f:
   kxl7st:
../kxl7to.f:
   kxl7to:
../kxlual.f:
   kxlual:
../kxlubr.f:
   kxlubr:
../kxluco.f:
   kxluco:
../kxlupa.f:
   kxlupa:
../kxluto.f:
   kxluto:
../lcalmv.f:
   lcalmv:
../lepto.f:
   lepto:
../lfilru.f:
   lfilru:
../loctab.f:
   loctab:
../maklis.f:
   maklis:
../mbapol.f:
   mbapol:
../mbspol.f:
   mbspol:
../mdscr.f:
   mdscr:
../mecrfc.f:
   mecrfc:
../menpol.f:
   menpol:
../mginit.f:
   mginit:
../mmapol.f:
   mmapol:
../modfnd.f:
   modfnd:
../morsto.f:
   morsto:
../mrmhit.f:
   mrmhit:
../mshad.f:
   mshad:
../msolmc.f:
   msolmc:
../msolsh.f:
   msolsh:
../mucalo.f:
   mucalo:
../mucatr.f:
   mucatr:
../mudbe.f:
   mudbe:
../mudso.f:
   mudso:
../muelid.f:
   muelid:
../muidf.f:
   muidf:
../muido.f:
   muido:
../muprdi.f:
   muprdi:
../muprge.f:
   muprge:
../muprht.f:
   muprht:
../muredo.f:
   muredo:
../mutrgs.f:
   mutrgs:
../mxyloc.f:
   mxyloc:
../nameru.f:
   nameru:
../nvpcob.f:
   nvpcob:
../nvpeco.f:
   nvpeco:
../ovesto.f:
   ovesto:
../pairfd.f:
   pairfd:
       entry    paircp:
../pcmecu.f:
   pcmecu:
../pcpatq.f:
   pcpatq:
../pcrltj.f:
   pcrltj:
../pechic.f:
   pechic:
../peidtj.f:
   peidtj:
../phchic.f:
   phchic:
../phedir.f:
   phedir:
../phmadj.f:
   phmadj:
../phstoj.f:
   phstoj:
../pidecy.f:
   pidecy:
../pitcoj.f:
   pitcoj:
../pitmaj.f:
   pitmaj:
../pjlink.f:
   pjlink:
../prdtmc.f:
   prdtmc:
../prfkin.f:
   prfkin:
../prgdec.f:
   prgdec:
../primpa.f:
   primpa:
../prkine.f:
   prkine:
../prpart.f:
   prpart:
../prrhah.f:
   prrhah:
../prtabl.f:
   prtabl:
../prwork.f:
   prwork:
../pscooj.f:
   pscooj:
../pstcpj.f:
   pstcpj:
../ptbcoj.f:
   ptbcoj:
../ptexsj.f:
   ptexsj:
../ptgmaj.f:
   ptgmaj:
../ptpcoj.f:
   ptpcoj:
../qptrck.f:
   qptrck:
../rejbha.f:
   rejbha:
../rlu.f:
   rlu:
../rpeco.f:
   rpeco:
../rqbunc.f:
   rqbunc:
../saprdi.f:
   saprdi:
../saprhi.f:
   saprhi:
../selbha.f:
   selbha:
../selcal.f:
   selcal:
../selemu.f:
   selemu:
../selevt.f:
   selevt:
../seltrk.f:
   seltrk:
../siator.f:
   siator:
../siatox.f:
   siatox:
../sidali.f:
   sidali:
../sidcod.f:
   sidcod:
../sidcoz.f:
   sidcoz:
../sidisc.f:
   sidisc:
../siedir.f:
   siedir:
../siencd.f:
   siencd:
../siencz.f:
   siencz:
../sigtgo.f:
   sigtgo:
../siidpo.f:
   siidpo:
../siitor.f:
   siitor:
../siltox.f:
   siltox:
../siploc.f:
   siploc:
../siprgo.f:
   siprgo:
../siptoj.f:
   siptoj:
../sirdaf.f:
   sirdaf:
../sirloc.f:
   sirloc:
../sirtoa.f:
   sirtoa:
../sirtoi.f:
   sirtoi:
../sitrin.f:
   sitrin:
../six2mk.f:
   six2mk:
../sixamk.f:
   sixamk:
../sixapr.f:
   sixapr:
../sixtoa.f:
   sixtoa:
../sixtoi.f:
   sixtoi:
../sixtol.f:
   sixtol:
../sizfri.f:
   sizfri:
../siztoi.f:
   siztoi:
../smav.f:
   smav:
../sminv.f:
   sminv:
       entry    xminv:
../smnorm.f:
   smnorm:
../smprt.f:
   smprt:
../sngmtr.f:
   sngmtr:
../sngrnd.f:
   sngrnd:
../sptoj.f:
   sptoj:
../stogam.f:
   stogam:
../talini.f:
   talini:
../tbtblk.f:
   tbtblk:
../tbtblp.f:
   tbtblp:
../tcgxru.f:
   tcgxru:
../tchkex.f:
   tchkex:
../tchkhv.f:
   tchkhv:
../tcorec.f:
   tcorec:
../tcores.f:
   tcores:
../tcrtof.f:
   tcrtof:
../tcrtra.f:
   tcrtra:
../tcrzvd.f:
   tcrzvd:
../tctglb.f:
   tctglb:
../tctsec.f:
   tctsec:
../tdedxv.f:
   tdedxv:
       entry    tdedxr:
../tdfvru.f:
   tdfvru:
../tdxerr.f:
   tdxerr:
../tfcini.f:
   tfcini:
../tficor.f:
   tficor:
../tfiltu.f:
   tfiltu:
../tfimul.f:
   tfimul:
../tfipol.f:
   tfipol:
../tgedmp.f:
   tgedmp:
../tgepbk.f:
   tgepbk:
../tgepri.f:
   tgepri:
../tgewir.f:
   tgewir:
../tghpal.f:
   tghpal:
../tghpts.f:
   tghpts:
../tgtcur.f:
   tgtcur:
../thlcir.f:
   thlcir:
../thtflg.f:
   thtflg:
../thtran.f:
   thtran:
../tidhyp.f:
   tidhyp:
../timdif.f:
   timdif:
../tizero.f:
   tizero:
../tk2ivm.f:
   tk2ivm:
../tlacoc.f:
   tlacoc:
../tlacop.f:
   tlacop:
../tlacor.f:
   tlacor:
../tmdedx.f:
   tmdedx:
../tmpddx.f:
   tmpddx:
../tnrhpa.f:
   tnrhpa:
../tpaddp.f:
   tpaddp:
../tpcodp.f:
   tpcodp:
../tpdhyp.f:
   tpdhyp:
../tpdint.f:
   tpdint:
../tpdvel.f:
   tpdvel:
../tprcoo.f:
   tprcoo:
../tprhit.f:
   tprhit:
../tptoj.f:
   tptoj:
../tpxerr.f:
   tpxerr:
../tracks.f:
   tracks:
../trddaf.f:
   trddaf:
../trdist.f:
   trdist:
../trdt90.f:
   trdt90:
../trfire.f:
   trfire:
../trhflg.f:
   trhflg:
../trioff.f:
   trioff:
../trkhad.f:
   trkhad:
../trpfrf.f:
   trpfrf:
../truslu.f:
   truslu:
../tschek.f:
   tschek:
../tscint.f:
   tscint:
../tsnext.f:
   tsnext:
../tsrtco.f:
   tsrtco:
../tun1co.f:
   tun1co:
../tun1nc.f:
   tun1nc:
../twpana.f:
   twpana:
../twpold.f:
   twpold:
../twrred.f:
   twrred:
../txdedx.f:
   txdedx:
../txpddx.f:
   txpddx:
../tzcrvd.f:
   tzcrvd:
../tzcsvd.f:
   tzcsvd:
../ubpack.f:
   ubpack:
../uclean.f:
   uclean:
../ufield.f:
   ufield:
../ufitql.f:
   ufitql:
../ufitzs.f:
   ufitzs:
../ufms.f:
   ufms:
../uftkal.f:
   uftkal:
       entry    uftome:
       entry    ufttal:
       entry    uftmom:
       entry    uftfil:
       entry    dalinf:
       entry    ufswim:
       entry    ufvdin:
       entry    ufvdou:
../uftmso.f:
   uftmso:
../ufttra.f:
   ufttra:
../ufttrk.f:
   ufttrk:
../ufvdms.f:
   ufvdms:
../uhelix.f:
   uhelix:
../uincov.f:
   uincov:
../uindxs.f:
   uindxs:
../ulangl.f:
   ulangl:
../ulthru.f:
   ulthru:
../umserr.f:
   umserr:
../unewdp.f:
   unewdp:
../unewzp.f:
   unewzp:
../usbos.f:
   usbos:
../usgtdb.f:
   usgtdb:
       entry    usgtd1:
../utahdr.f:
   utahdr:
../utahor.f:
   utahor:
../utaver.f:
   utaver:
../utbkpr.f:
   utbkpr:
../utcblk.f:
   utcblk:
../utccop.f:
   utccop:
../utcofo.f:
   utcofo:
../utdbco.f:
   utdbco:
../utdbpr.f:
   utdbpr:
../utkxng.f:
   utkxng:
../utprbk.f:
   utprbk:
../utprdb.f:
   utprdb:
../utrid.f:
   utrid:
../utswco.f:
   utswco:
../utwocl.f:
   utwocl:
../utwoex.f:
   utwoex:
../uvtrid.f:
   uvtrid:
../v89rddaf.f:
   v89rddaf:
../vabcfl.f:
   vabcfl:
../vabcvu.f:
   vabcvu:
../vabcxy.f:
   vabcxy:
../vaddpk.f:
   vaddpk:
../vaddun.f:
   vaddun:
../vadesa.f:
   vadesa:
../vadewa.f:
   vadewa:
../vaensa.f:
   vaensa:
../vaenwa.f:
   vaenwa:
../valcor.f:
   valcor:
../vbnkdp.f:
   vbnkdp:
../vbrjwa.f:
   vbrjwa:
../vchnst.f:
   vchnst:
../vcormp.f:
   vcormp:
../vcscec.f:
   vcscec:
../vdacrs.f:
   vdacrs:
../vdafrd.f:
   vdafrd:
../vdamb.f:
   vdamb:
../vdarge.f:
   vdarge:
../vdcflt.f:
   vdcflt:
../vdcwrs.f:
   vdcwrs:
../vdecsc.f:
   vdecsc:
../vdetgi.f:
   vdetgi:
../vdexcy.f:
   vdexcy:
../vdfirs.f:
   vdfirs:
../vdgdmp.f:
   vdgdmp:
../vdgtol.f:
   vdgtol:
../vdherr.f:
   vdherr:
../vdhits.f:
   vdhits:
../vdhter.f:
   vdhter:
../vdindx.f:
   vdindx:
../vdlcps.f:
   vdlcps:
../vdlcrs.f:
   vdlcrs:
../vdmjls.f:
   vdmjls:
../vdmsec.f:
   vdmsec:
../vdmsrl.f:
   vdmsrl:
../vdmsup.f:
   vdmsup:
../vdmwrs.f:
   vdmwrs:
../vdpgeo.f:
   vdpgeo:
../vdprdi.f:
   vdprdi:
../vdprht.f:
   vdprht:
../vdpslc.f:
   vdpslc:
../vdpsrs.f:
   vdpsrs:
../vdrmax.f:
   vdrmax:
../vdrmin.f:
   vdrmin:
../vdrslc.f:
   vdrslc:
../vdrsps.f:
   vdrsps:
../vdrssc.f:
   vdrssc:
../vdscec.f:
   vdscec:
../vdscrs.f:
   vdscrs:
../vdwfxy.f:
   vdwfxy:
../vdyear.f:
   vdyear:
../vdzmax.f:
   vdzmax:
../vect4.f:
   vect4:
../vfacsn.f:
   vfacsn:
../vfadim.f:
   vfadim:
../vfaori.f:
   vfaori:
../vfasdp.f:
   vfasdp:
../vfasmd.f:
   vfasmd:
../vffacw.f:
   vffacw:
../vfjfac.f:
   vfjfac:
../vfjmod.f:
   vfjmod:
../vfjwaf.f:
   vfjwaf:
../vfnear.f:
   vfnear:
../vfwaff.f:
   vfwaff:
../vfwafi.f:
   vfwafi:
../vgcadi.f:
   vgcadi:
../vgcmtr.f:
   vgcmtr:
../vgcrmt.f:
   vgcrmt:
../vgexro.f:
   vgexro:
../vggtno.f:
   vggtno:
../vgintr.f:
   vgintr:
../vgrdal.f:
   vgrdal:
../vgtber.f:
   vgtber:
../vgtrve.f:
   vgtrve:
../vgwfvu.f:
   vgwfvu:
../vgwfxy.f:
   vgwfxy:
../vifaci.f:
   vifaci:
../vimmod.f:
   vimmod:
../vimodi.f:
   vimodi:
../vimodm.f:
   vimodm:
../vimodr.f:
   vimodr:
../vindxi.f:
   vindxi:
../vinibm.f:
   vinibm:
../vinist.f:
   vinist:
../vinivg.f:
   vinivg:
../vinlsw.f:
   vinlsw:
../vinsen.f:
   vinsen:
../vinter.f:
   vinter:
../vintlf.f:
   vintlf:
../vintlw.f:
   vintlw:
../viromw.f:
   viromw:
../vitexi.f:
   vitexi:
../viwafi.f:
   viwafi:
../viwffw.f:
   viwffw:
../vjfaci.f:
   vjfaci:
../vjfacm.f:
   vjfacm:
../vjfacw.f:
   vjfacw:
../vjlayf.f:
   vjlayf:
../vjlaym.f:
   vjlaym:
../vjlayw.f:
   vjlayw:
../vjmodi.f:
   vjmodi:
../vjmodm.f:
   vjmodm:
../vjmodw.f:
   vjmodw:
../vjwabr.f:
   vjwabr:
../vjwabw.f:
   vjwabw:
../vjwaff.f:
   vjwaff:
../vjwafi.f:
   vjwafi:
../vjwafm.f:
   vjwafm:
../vjwffw.f:
   vjwffw:
../vljfac.f:
   vljfac:
../vljmod.f:
   vljmod:
../vljwaf.f:
   vljwaf:
../vmcmod.f:
   vmcmod:
../vmmfld.f:
   vmmfld:
../vmmodj.f:
   vmmodj:
../vmodmc.f:
   vmodmc:
../vmwafj.f:
   vmwafj:
../vnelrm.f:
   vnelrm:
../vnfslo.f:
   vnfslo:
../vnirfs.f:
   vnirfs:
../vnlayr.f:
   vnlayr:
../vnrdir.f:
   vnrdir:
../vnrfac.f:
   vnrfac:
../vnrmod.f:
   vnrmod:
../vnromm.f:
   vnromm:
../vnrssc.f:
   vnrssc:
../vnrwaf.f:
   vnrwaf:
../vnrwff.f:
   vnrwff:
../vnscrm.f:
   vnscrm:
../vnstcm.f:
   vnstcm:
../vntfac.f:
   vntfac:
../vntmod.f:
   vntmod:
../vntwaf.f:
   vntwaf:
../voisto.f:
   voisto:
../vphicf.f:
   vphicf:
../vphifc.f:
   vphifc:
../vphifn.f:
   vphifn:
../vphstm.f:
   vphstm:
../vpkadd.f:
   vpkadd:
../vrddaf.f:
   vrddaf:
../vrldgt.f:
   vrldgt:
../vrmmod.f:
   vrmmod:
../vrmwf.f:
   vrmwf:
../vromax.f:
   vromax:
../vrostm.f:
   vrostm:
../vrswmd.f:
   vrswmd:
../vrswmx.f:
   vrswmx:
../vrvmbe.f:
   vrvmbe:
../vschan.f:
   vschan:
../vscmec.f:
   vscmec:
../vscmsc.f:
   vscmsc:
../vsensi.f:
   vsensi:
../vsetup.f:
   vsetup:
../vslotf.f:
   vslotf:
../vsmjmd.f:
   vsmjmd:
../vsmmod.f:
   vsmmod:
../vsmmtx.f:
   vsmmtx:
../vstreg.f:
   vstreg:
../vstrip.f:
   vstrip:
../vtclas.f:
   vtclas:
../vtclld.f:
   vtclld:
../vtderv.f:
   vtderv:
../vtextm.f:
   vtextm:
../vtextw.f:
   vtextw:
../vtfill.f:
   vtfill:
../vtlink.f:
   vtlink:
../vtrfit.f:
   vtrfit:
../vtrkex.f:
   vtrkex:
../vtrlas.f:
   vtrlas:
../vtxnwt.f:
   vtxnwt:
../vtxraw.f:
   vtxraw:
../vtxtrk.f:
   vtxtrk:
../vunadd.f:
   vunadd:
../vurobo.f:
   vurobo:
../vvuwab.f:
   vvuwab:
../vvuwxy.f:
   vvuwxy:
../vwadim.f:
   vwadim:
../vwdist.f:
   vwdist:
../vwffnd.f:
   vwffnd:
../vwfind.f:
   vwfind:
../vwthck.f:
   vwthck:
../vxyzab.f:
   vxyzab:
../vxyzfc.f:
   vxyzfc:
../vxyzvu.f:
   vxyzvu:
../vxyzwa.f:
   vxyzwa:
../vzmult.f:
   vzmult:
../vzrsrs.f:
   vzrsrs:
../wclus.f:
   wclus:
../x1aptn.f:
   x1aptn:
../x1aptr.f:
   x1aptr:
../x1book.f:
   x1book:
../x1dceb.f:
   x1dceb:
../x1disc.f:
   x1disc:
../x1disn.f:
   x1disn:
../x1ecwm.f:
   x1ecwm:
../x1hisn.f:
   x1hisn:
../x1hist.f:
   x1hist:
../x1ini.f:
   x1ini:
../x1inp.f:
   x1inp:
../x1irun.f:
   x1irun:
../x1mixi.f:
   x1mixi:
../x1mixn.f:
   x1mixn:
../x1outp.f:
   x1outp:
../x1prep.f:
   x1prep:
../x1prnt.f:
   x1prnt:
../x1redo.f:
   x1redo:
../x1rsum.f:
   x1rsum:
../x1time.f:
   x1time:
../x1trg.f:
   x1trg:
../x1trig.f:
   x1trig:
../x1wsum.f:
   x1wsum:
../x2book.f:
   x2book:
../x2dfcd.f:
   x2dfcd:
../x2irun.f:
   x2irun:
../x2luts.f:
   x2luts:
../x2nami.f:
   x2nami:
../x2prhi.f:
   x2prhi:
../x2prin.f:
   x2prin:
../x2trig.f:
   x2trig:
../x2wsum.f:
   x2wsum:
../ybdtop.f:
   BLOCK DATA ybdtop:
../ybipat.f:
   ybipat:
../ychi00.f:
   ychi00:
../ychiv2.f:
   ychiv2:
../ycircr.f:
   ycircr:
../yd0nfi.f:
   yd0nfi:
../yd0nfn.f:
   yd0nfn:
../ydefrf.f:
   ydefrf:
../ydismc.f:
   ydismc:
../yfix.f:
   yfix:
../yfixis.f:
   yfixis:
../yfixyn.f:
   yfixyn:
../yfixyp.f:
   yfixyp:
../yfmvtc.f:
   yfmvtc:
../yfmvtr.f:
   yfmvtr:
../yfpsin.f:
   yfpsin:
../yfqerq.f:
   yfqerq:
../yftvtr.f:
   yftvtr:
../yfvmap.f:
   yfvmap:
../yfvmc.f:
   yfvmc:
../yfvmc1.f:
   yfvmc1:
../yhisto.f:
   yhisto:
../yhuser.f:
   yhuser:
../yinvmx.f:
   yinvmx:
../yitcof.f:
   yitcof:
../ymfmin.f:
   ymfmin:
../ymfv0v.f:
   ymfv0v:
       entry    ymfv00:
../ymkand.f:
   ymkand:
../ymkcle.f:
   ymkcle:
../ymkcnt.f:
   ymkcnt:
../ymkcop.f:
   ymkcop:
../ymkexp.f:
   ymkexp:
../ymkidc.f:
   ymkidc:
../ymkidt.f:
   ymkidt:
../ymkmis.f:
   ymkmis:
../ymkorr.f:
   ymkorr:
../ymkset.f:
   ymkset:
../ymkshr.f:
   ymkshr:
../ymktst.f:
   ymktst:
../ymkzer.f:
   ymkzer:
../yms3in.f:
   yms3in:
../ynv0nf.f:
   ynv0nf:
../ynv0ve.f:
   ynv0ve:
../ypidas.f:
   ypidas:
../yprivx.f:
   yprivx:
../yprver.f:
   yprver:
../ypsive.f:
   ypsive:
../ypsivn.f:
   ypsivn:
../yruser.f:
   yruser:
../ystvtx.f:
   ystvtx:
../ysvvtx.f:
   ysvvtx:
../ytconv.f:
   ytconv:
../ytijob.f:
   ytijob:
../ytoiru.f:
   ytoiru:
../ytopnw.f:
   ytopnw:
../ytopol.f:
   ytopol:
../ytoprt.f:
   ytoprt:
../ytosum.f:
   ytosum:
../ytosvt.f:
   ytosvt:
../ytpar.f:
   ytpar:
../ytpvtx.f:
   ytpvtx:
../ytrv0s.f:
   ytrv0s:
../ytstrk.f:
   ytstrk:
../yv0bok.f:
   yv0bok:
../yv0mas.f:
   yv0mas:
../yv0one.f:
   yv0one:
../yv0ong.f:
   yv0ong:
../yv0onh.f:
   yv0onh:
../yv1ini.f:
   yv1ini:
../yvcame.f:
   yvcame:
../yvdcof.f:
   yvdcof:
../yvposs.f:
   yvposs:
../yvprim.f:
   yvprim:
../yvxbld.f:
   yvxbld:
../yzpha1.f:
   yzpha1:
../yzphan.f:
   yzphan:
../yzphas.f:
   yzphas:
