fort77: POSIX mandates an explicit optimization level setting on the -O option; ignored
/var/tmp/fcpFAAa03145:
   addvec:
/var/tmp/fcpFAAa03145:
   bkini:
/var/tmp/fcpFAAa03145:
   bldpeco:
/var/tmp/fcpFAAa03145:
   buildal:
/var/tmp/fcpFAAa03145:
   calinit:
/var/tmp/fcpFAAa03145:
   charad:
/var/tmp/fcpFAAa03145:
   creflw:
/var/tmp/fcpFAAa03145:
   crefol:
/var/tmp/fcpFAAa03145:
   dectrg:
/var/tmp/fcpFAAa03145:
   dlocks:
/var/tmp/fcpFAAa03145:
   dzzz:
/var/tmp/fcpFAAa03145:
   enfjet:
/var/tmp/fcpFAAa03145:
   enflw:
/var/tmp/fcpFAAa03145:
   enfwlist:
/var/tmp/fcpFAAa03145:
   extrhc:
/var/tmp/fcpFAAa03145:
   gamixed:
/var/tmp/fcpFAAa03145:
   gamread:
/var/tmp/fcpFAAa03145:
   goodmod:
/var/tmp/fcpFAAa03145:
   ichefw:
/var/tmp/fcpFAAa03145:
   iddedx:
/var/tmp/fcpFAAa03145:
   idelec:
/var/tmp/fcpFAAa03145:
   idmuon:
/var/tmp/fcpFAAa03145:
   infoga:
/var/tmp/fcpFAAa03145:
   invalid:
/var/tmp/fcpFAAa03145:
   kalpha:
/var/tmp/fcpFAAa03145:
   ksister:
/var/tmp/fcpFAAa03145:
   lkform:
/var/tmp/fcpFAAa03145:
   looses:
/var/tmp/fcpFAAa03145:
   lumiad:
/var/tmp/fcpFAAa03145:
   lumica:
/var/tmp/fcpFAAa03145:
   lumimod:
/var/tmp/fcpFAAa03145:
   mdstrd:
/var/tmp/fcpFAAa03145:
   mdstwr:
/var/tmp/fcpFAAa03145:
   parset:
/var/tmp/fcpFAAa03145:
   partid:
/var/tmp/fcpFAAa03145:
   presel:
/var/tmp/fcpFAAa03145:
   preselfw:
/var/tmp/fcpFAAa03145:
   qhmost:
/var/tmp/fcpFAAa03145:
   qhnewr:
/var/tmp/fcpFAAa03145:
   qudppl:
/var/tmp/fcpFAAa03145:
   quhcrg:
/var/tmp/fcpFAAa03145:
   quhnoi:
/var/tmp/fcpFAAa03145:
   quphco:
/var/tmp/fcpFAAa03145:
   quphdp:
/var/tmp/fcpFAAa03145:
   quphpl:
/var/tmp/fcpFAAa03145:
   quphtr:
/var/tmp/fcpFAAa03145:
   qurhnt:
/var/tmp/fcpFAAa03145:
   qurhtr:
/var/tmp/fcpFAAa03145:
   qutwmx:
/var/tmp/fcpFAAa03145:
   rebuild:
/var/tmp/fcpFAAa03145:
   relkhc:
/var/tmp/fcpFAAa03145:
   sicamod:
/var/tmp/fcpFAAa03145:
   v0sum:
/var/tmp/fcpFAAa03145:
   x1disc:
fort77: POSIX mandates an explicit optimization level setting on the -O option; ignored
/var/tmp/fcpFAAa03270:
   minadd:
/var/tmp/fcpFAAa03270:
   minalgo:
/var/tmp/fcpFAAa03270:
   minbip:
/var/tmp/fcpFAAa03270:
   minbld:
/var/tmp/fcpFAAa03270:
   minblm:
/var/tmp/fcpFAAa03270:
   minchk:
/var/tmp/fcpFAAa03270:
   mincrl:
/var/tmp/fcpFAAa03270:
   mindlt:
/var/tmp/fcpFAAa03270:
   mindst:
/var/tmp/fcpFAAa03270:
   mindtyp:
/var/tmp/fcpFAAa03270:
   mineco:
/var/tmp/fcpFAAa03270:
   minefo:
/var/tmp/fcpFAAa03270:
   minegi:
/var/tmp/fcpFAAa03270:
   minegp:
/var/tmp/fcpFAAa03270:
   mineid:
/var/tmp/fcpFAAa03270:
   mineit:
/var/tmp/fcpFAAa03270:
   mineje:
/var/tmp/fcpFAAa03270:
   minenf:
/var/tmp/fcpFAAa03270:
   minenw:
/var/tmp/fcpFAAa03270:
   minevt:
/var/tmp/fcpFAAa03270:
   minewi:
/var/tmp/fcpFAAa03270:
   minews:
/var/tmp/fcpFAAa03270:
   minfil:
/var/tmp/fcpFAAa03270:
   minfki:
/var/tmp/fcpFAAa03270:
   minfmc:
/var/tmp/fcpFAAa03270:
   minfmt:
/var/tmp/fcpFAAa03270:
   minfrf:
/var/tmp/fcpFAAa03270:
   minfri:
/var/tmp/fcpFAAa03270:
   minfrt:
/var/tmp/fcpFAAa03270:
   minfvb:
/var/tmp/fcpFAAa03270:
   minfve:
/var/tmp/fcpFAAa03270:
   minfzf:
/var/tmp/fcpFAAa03270:
   mingac:
/var/tmp/fcpFAAa03270:
   mingid:
/var/tmp/fcpFAAa03270:
   mingpc:
/var/tmp/fcpFAAa03270:
   mingtv:
/var/tmp/fcpFAAa03270:
   minhco:
/var/tmp/fcpFAAa03270:
   minhis:
   summin:
/var/tmp/fcpFAAa03270:
   minhit:
/var/tmp/fcpFAAa03270:
   minhrl:
/var/tmp/fcpFAAa03270:
   minini:
/var/tmp/fcpFAAa03270:
   minjet:
/var/tmp/fcpFAAa03270:
   minjlt:
/var/tmp/fcpFAAa03270:
   minknk:
/var/tmp/fcpFAAa03270:
   minlis:
/var/tmp/fcpFAAa03270:
   minlol:
/var/tmp/fcpFAAa03270:
   minmlt:
/var/tmp/fcpFAAa03270:
   minmon:
/var/tmp/fcpFAAa03270:
   minmsc:
/var/tmp/fcpFAAa03270:
   minmui:
/var/tmp/fcpFAAa03270:
   minnof:
/var/tmp/fcpFAAa03270:
   minout:
/var/tmp/fcpFAAa03270:
   minpcp:
/var/tmp/fcpFAAa03270:
   minpcq:
/var/tmp/fcpFAAa03270:
   minpcr:
/var/tmp/fcpFAAa03270:
   minpdl:
/var/tmp/fcpFAAa03270:
   minpec:
/var/tmp/fcpFAAa03270:
   minpga:
/var/tmp/fcpFAAa03270:
   minpgi:
/var/tmp/fcpFAAa03270:
   minpgp:
/var/tmp/fcpFAAa03270:
   minphc:
/var/tmp/fcpFAAa03270:
   minpjl:
/var/tmp/fcpFAAa03270:
   minpml:
/var/tmp/fcpFAAa03270:
   minpob:
/var/tmp/fcpFAAa03270:
   minpre:
/var/tmp/fcpFAAa03270:
   minpsc:
/var/tmp/fcpFAAa03270:
   minpth:
/var/tmp/fcpFAAa03270:
   minpye:
/var/tmp/fcpFAAa03270:
   minpyf:
/var/tmp/fcpFAAa03270:
   minqmu:
/var/tmp/fcpFAAa03270:
   minrun:
/var/tmp/fcpFAAa03270:
   minsic:
/var/tmp/fcpFAAa03270:
   minsum:
/var/tmp/fcpFAAa03270:
   mintbp:
/var/tmp/fcpFAAa03270:
   minthr:
/var/tmp/fcpFAAa03270:
   mintmc:
/var/tmp/fcpFAAa03270:
   mintra:
/var/tmp/fcpFAAa03270:
   minupd:
   min100:
/var/tmp/fcpFAAa03270:
   minver:
/var/tmp/fcpFAAa03270:
   minvmc:
/var/tmp/fcpFAAa03270:
   minvrs:
/var/tmp/fcpFAAa03270:
   minvsn:
/var/tmp/fcpFAAa03270:
   minxtr:
/var/tmp/fcpFAAa03270:
   minynk:
/var/tmp/fcpFAAa03270:
   minyv0:
/var/tmp/fcpFAAa03270:
   mquevnt:
/var/tmp/fcpFAAa03270:
   mquinit:
/var/tmp/fcpFAAa03270:
   mqunewr:
/var/tmp/fcpFAAa03270:
   mqusrec:
/var/tmp/fcpFAAa03270:
   mquterm:
fort77: POSIX mandates an explicit optimization level setting on the -O option; ignored
/var/tmp/fcpFAAa03453:
   getjuv:
/var/tmp/fcpFAAa03453:
   getnav:
/var/tmp/fcpFAAa03453:
   mdipbt:
/var/tmp/fcpFAAa03453:
   mdwrip:
/var/tmp/fcpFAAa03453:
   naddx:
/var/tmp/fcpFAAa03453:
   naddxm:
       entry    nmtail:
/var/tmp/fcpFAAa03453:
   nairfd:
       entry    naircp:
/var/tmp/fcpFAAa03453:
   qninit:
   qnnewr:
   qnevnt:
   qnterm:
/var/tmp/fcpFAAa03453:
   nanfil:
/var/tmp/fcpFAAa03453:
   ngput:
/var/tmp/fcpFAAa03453:
   nrebyt:
       entry    nbytsw:
/var/tmp/fcpFAAa03453:
   nreeje:
/var/tmp/fcpFAAa03453:
   nreeob:
/var/tmp/fcpFAAa03453:
   nrefki:
/var/tmp/fcpFAAa03453:
   nrefrf:
/var/tmp/fcpFAAa03453:
   nrefrt:
/var/tmp/fcpFAAa03453:
   nregoo:
/var/tmp/fcpFAAa03453:
   nrelep:
/var/tmp/fcpFAAa03453:
   nrepar:
/var/tmp/fcpFAAa03453:
   nrepgp:
/var/tmp/fcpFAAa03453:
   nrepte:
/var/tmp/fcpFAAa03453:
   nrepye:
/var/tmp/fcpFAAa03453:
   nreyv0:
/var/tmp/fcpFAAa03453:
   nvsrch:
/var/tmp/fcpFAAa03453:
   nvstva:
/var/tmp/fcpFAAa03453:
   qninfo:
fort77: POSIX mandates an explicit optimization level setting on the -O option; ignored
/var/tmp/fcpFAAa03523:
   aboldr:
/var/tmp/fcpFAAa03523:
   calyear:
   cal92:
/var/tmp/fcpFAAa03523:
   coranew:
/var/tmp/fcpFAAa03523:
   coraol2:
/var/tmp/fcpFAAa03523:
   coraold:
/var/tmp/fcpFAAa03523:
   cqpart:
/var/tmp/fcpFAAa03523:
   cqtpn:
/var/tmp/fcpFAAa03523:
   ecgati:
/var/tmp/fcpFAAa03523:
   fixgaen:
/var/tmp/fcpFAAa03523:
   fixpart:
/var/tmp/fcpFAAa03523:
   fixpcrl:
/var/tmp/fcpFAAa03523:
   fixpeco:
/var/tmp/fcpFAAa03523:
   fixprl:
/var/tmp/fcpFAAa03523:
   fixrtrl:
/var/tmp/fcpFAAa03523:
   hcalensc:
   coflig:
/var/tmp/fcpFAAa03523:
   kcanti:
/var/tmp/fcpFAAa03523:
   kcdir:
/var/tmp/fcpFAAa03523:
   kcdira:
/var/tmp/fcpFAAa03523:
   kcht:
/var/tmp/fcpFAAa03523:
   kd0fl:
/var/tmp/fcpFAAa03523:
   kfpadr:
/var/tmp/fcpFAAa03523:
   kglund:
/var/tmp/fcpFAAa03523:
   kgtblq:
/var/tmp/fcpFAAa03523:
   kljtno:
/var/tmp/fcpFAAa03523:
   kmccod:
/var/tmp/fcpFAAa03523:
   kpart:
       entry    kpanti:
/var/tmp/fcpFAAa03523:
   kpartx:
/var/tmp/fcpFAAa03523:
   kpcomp:
       entry    kpchek:
/var/tmp/fcpFAAa03523:
   kpdir:
/var/tmp/fcpFAAa03523:
   kpdira:
/var/tmp/fcpFAAa03523:
   kscnew:
/var/tmp/fcpFAAa03523:
   kscold:
/var/tmp/fcpFAAa03523:
   ktlor:
/var/tmp/fcpFAAa03523:
   ktlor1:
/var/tmp/fcpFAAa03523:
   ktlorx:
/var/tmp/fcpFAAa03523:
   kvnew:
/var/tmp/fcpFAAa03523:
   kvsava:
/var/tmp/fcpFAAa03523:
   kvsavc:
/var/tmp/fcpFAAa03523:
   kvsave:
/var/tmp/fcpFAAa03523:
   qadati:
/var/tmp/fcpFAAa03523:
   qadau:
/var/tmp/fcpFAAa03523:
   qainta:
/var/tmp/fcpFAAa03523:
   qamoth:
/var/tmp/fcpFAAa03523:
   qapnam:
/var/tmp/fcpFAAa03523:
   qaptmp:
/var/tmp/fcpFAAa03523:
   qbomev:
/var/tmp/fcpFAAa03523:
   qbomru:
/var/tmp/fcpFAAa03523:
   qbook1:
/var/tmp/fcpFAAa03523:
   qbook2:
/var/tmp/fcpFAAa03523:
   qbookn:
/var/tmp/fcpFAAa03523:
   qbookr:
/var/tmp/fcpFAAa03523:
   qbprof:
/var/tmp/fcpFAAa03523:
   qcabsa:
/var/tmp/fcpFAAa03523:
   qcaf4c:
/var/tmp/fcpFAAa03523:
   qcorfic:
/var/tmp/fcpFAAa03523:
   qcpmod:
/var/tmp/fcpFAAa03523:
   qcpnew:
/var/tmp/fcpFAAa03523:
   qcprln:
   funrl2:
   funrl3:
   funsigc:
/var/tmp/fcpFAAa03523:
   qcpteti:
/var/tmp/fcpFAAa03523:
   qcptra:
/var/tmp/fcpFAAa03523:
   qdata:
/var/tmp/fcpFAAa03523:
   qdeca2:
/var/tmp/fcpFAAa03523:
   qdecan:
/var/tmp/fcpFAAa03523:
   qdotpxs:
/var/tmp/fcpFAAa03523:
   qedirupd:
/var/tmp/fcpFAAa03523:
   qethph:
/var/tmp/fcpFAAa03523:
   qextra:
/var/tmp/fcpFAAa03523:
   qfbitm:
       entry    qsbitm:
/var/tmp/fcpFAAa03523:
   qfcadd:
/var/tmp/fcpFAAa03523:
   qfcald:
/var/tmp/fcpFAAa03523:
   qfcasc:
/var/tmp/fcpFAAa03523:
   qfchgd:
/var/tmp/fcpFAAa03523:
   qfcobj:
/var/tmp/fcpFAAa03523:
   qfcoeq:
/var/tmp/fcpFAAa03523:
   qfcoer:
/var/tmp/fcpFAAa03523:
   qfcomp:
/var/tmp/fcpFAAa03523:
   qfcrel:
/var/tmp/fcpFAAa03523:
   qfd0z0:
/var/tmp/fcpFAAa03523:
   qfecal:
/var/tmp/fcpFAAa03523:
   qfecwd:
/var/tmp/fcpFAAa03523:
   qfecwm:
/var/tmp/fcpFAAa03523:
   qfeflo:
/var/tmp/fcpFAAa03523:
   qffrft:
/var/tmp/fcpFAAa03523:
   qfgamp:
/var/tmp/fcpFAAa03523:
   qfget_bp:
/var/tmp/fcpFAAa03523:
   qfhcal:
/var/tmp/fcpFAAa03523:
   qfhead:
/var/tmp/fcpFAAa03523:
   qfilbp:
       entry    qfilbp_status:
/var/tmp/fcpFAAa03523:
   qfill:
/var/tmp/fcpFAAa03523:
   qfilmc:
/var/tmp/fcpFAAa03523:
   qfilnv:
/var/tmp/fcpFAAa03523:
   qfjets:
/var/tmp/fcpFAAa03523:
   qfkink:
/var/tmp/fcpFAAa03523:
   qflept:
/var/tmp/fcpFAAa03523:
   qfljet:
/var/tmp/fcpFAAa03523:
   qfmcbm:
       entry    qsmctm:
/var/tmp/fcpFAAa03523:
   qfmcmd:
/var/tmp/fcpFAAa03523:
   qfmcpa:
/var/tmp/fcpFAAa03523:
   qfmcst:
/var/tmp/fcpFAAa03523:
   qfmcvx:
/var/tmp/fcpFAAa03523:
   qfmtch:
/var/tmp/fcpFAAa03523:
   qfndin:
/var/tmp/fcpFAAa03523:
   qfneob:
/var/tmp/fcpFAAa03523:
   qfnint:
/var/tmp/fcpFAAa03523:
   qfpmsc:
/var/tmp/fcpFAAa03523:
   qfptpx:
/var/tmp/fcpFAAa03523:
   qfrev0:
/var/tmp/fcpFAAa03523:
   qfylv0:
/var/tmp/fcpFAAa03523:
   qfynvh:
/var/tmp/fcpFAAa03523:
   qgtpddx:
/var/tmp/fcpFAAa03523:
   qhfn:
/var/tmp/fcpFAAa03523:
   qhfnr:
/var/tmp/fcpFAAa03523:
   qhfr:
/var/tmp/fcpFAAa03523:
   MAIN qmain:
/var/tmp/fcpFAAa03523:
   qmalph:
/var/tmp/fcpFAAa03523:
   qmbank:
/var/tmp/fcpFAAa03523:
   qmcard:
/var/tmp/fcpFAAa03523:
   qmcfrf:
/var/tmp/fcpFAAa03523:
   qmchi2:
/var/tmp/fcpFAAa03523:
   qmclr:
/var/tmp/fcpFAAa03523:
   qmdbas:
/var/tmp/fcpFAAa03523:
   qmdiff:
/var/tmp/fcpFAAa03523:
   qmevnt:
/var/tmp/fcpFAAa03523:
   qmihis:
/var/tmp/fcpFAAa03523:
   qmininc:
/var/tmp/fcpFAAa03523:
   qminit:
/var/tmp/fcpFAAa03523:
   qmnami:
/var/tmp/fcpFAAa03523:
   qmnewr:
/var/tmp/fcpFAAa03523:
   qmpart:
/var/tmp/fcpFAAa03523:
   qmrdsb:
/var/tmp/fcpFAAa03523:
   qmread:
/var/tmp/fcpFAAa03523:
   qmsrec:
/var/tmp/fcpFAAa03523:
   qmterm:
/var/tmp/fcpFAAa03523:
   qnvsto:
/var/tmp/fcpFAAa03523:
   qpchar:
/var/tmp/fcpFAAa03523:
   qplife:
/var/tmp/fcpFAAa03523:
   qpmass:
/var/tmp/fcpFAAa03523:
   qppmma:
/var/tmp/fcpFAAa03523:
   qpwidt:
/var/tmp/fcpFAAa03523:
   qsbank:
/var/tmp/fcpFAAa03523:
   qstfli:
/var/tmp/fcpFAAa03523:
   qstflr:
/var/tmp/fcpFAAa03523:
   qsustr:
/var/tmp/fcpFAAa03523:
   qsusvx:
/var/tmp/fcpFAAa03523:
   qtclas:
/var/tmp/fcpFAAa03523:
   qtimez:
       entry    qtimed:
/var/tmp/fcpFAAa03523:
   qtresc:
/var/tmp/fcpFAAa03523:
   queflo:
/var/tmp/fcpFAAa03523:
   quevnt:
/var/tmp/fcpFAAa03523:
   quibos:
/var/tmp/fcpFAAa03523:
   quihis:
/var/tmp/fcpFAAa03523:
   quinit:
/var/tmp/fcpFAAa03523:
   qunewr:
/var/tmp/fcpFAAa03523:
   quopen:
/var/tmp/fcpFAAa03523:
   qupec1:
/var/tmp/fcpFAAa03523:
   quresc:
/var/tmp/fcpFAAa03523:
   qusrec:
/var/tmp/fcpFAAa03523:
   quterm:
/var/tmp/fcpFAAa03523:
   quthis:
/var/tmp/fcpFAAa03523:
   qv0chk:
/var/tmp/fcpFAAa03523:
   qvadd2:
/var/tmp/fcpFAAa03523:
   qvadd3:
/var/tmp/fcpFAAa03523:
   qvadd4:
/var/tmp/fcpFAAa03523:
   qvaddn:
/var/tmp/fcpFAAa03523:
   qvcopy:
/var/tmp/fcpFAAa03523:
   qvcros:
/var/tmp/fcpFAAa03523:
   qvdroa:
/var/tmp/fcpFAAa03523:
   qvdrop:
/var/tmp/fcpFAAa03523:
   qvget3:
/var/tmp/fcpFAAa03523:
   qvget4:
/var/tmp/fcpFAAa03523:
   qvgets:
/var/tmp/fcpFAAa03523:
   qvscal:
/var/tmp/fcpFAAa03523:
   qvset3:
/var/tmp/fcpFAAa03523:
   qvset4:
/var/tmp/fcpFAAa03523:
   qvsetc:
/var/tmp/fcpFAAa03523:
   qvsetm:
/var/tmp/fcpFAAa03523:
   qvsets:
/var/tmp/fcpFAAa03523:
   qvsub:
/var/tmp/fcpFAAa03523:
   qvzero:
/var/tmp/fcpFAAa03523:
   qwclas:
/var/tmp/fcpFAAa03523:
   qwerrc:
/var/tmp/fcpFAAa03523:
   qwevnt:
/var/tmp/fcpFAAa03523:
   qwfile:
/var/tmp/fcpFAAa03523:
   qwhead:
/var/tmp/fcpFAAa03523:
   qwhful:
/var/tmp/fcpFAAa03523:
   qwitk:
/var/tmp/fcpFAAa03523:
   qwivx:
/var/tmp/fcpFAAa03523:
   qwmese:
/var/tmp/fcpFAAa03523:
   qwmess:
/var/tmp/fcpFAAa03523:
   qwnewtr:
/var/tmp/fcpFAAa03523:
   qwpars:
/var/tmp/fcpFAAa03523:
   qwpart:
/var/tmp/fcpFAAa03523:
   qwrite:
/var/tmp/fcpFAAa03523:
   qwrptpx:
/var/tmp/fcpFAAa03523:
   qwrunr:
       entry    qurhah:
/var/tmp/fcpFAAa03523:
   qwsec:
/var/tmp/fcpFAAa03523:
   qwsumm:
/var/tmp/fcpFAAa03523:
   qwsynt:
/var/tmp/fcpFAAa03523:
   qwtime:
/var/tmp/fcpFAAa03523:
   qwtree:
fort77: POSIX mandates an explicit optimization level setting on the -O option; ignored
/var/tmp/fcpFAAa03972:
   btagev:
/var/tmp/fcpFAAa03972:
   btag_fit:
/var/tmp/fcpFAAa03972:
   btag_init:
/var/tmp/fcpFAAa03972:
   btagpar_new1:
/var/tmp/fcpFAAa03972:
   btagpar_new2:
/var/tmp/fcpFAAa03972:
   btagpar_old:
/var/tmp/fcpFAAa03972:
   btagtr:
/var/tmp/fcpFAAa03972:
   btvdhits:
/var/tmp/fcpFAAa03972:
   chiv0:
/var/tmp/fcpFAAa03972:
   codsel:
/var/tmp/fcpFAAa03972:
   dmin2d:
/var/tmp/fcpFAAa03972:
   dmin3d:
/var/tmp/fcpFAAa03972:
   dminerr:
/var/tmp/fcpFAAa03972:
   finddmin:
/var/tmp/fcpFAAa03972:
   findip:
/var/tmp/fcpFAAa03972:
   fit_dmin:
   dminf:
   dmins:
   dminf2:
   dmins2:
/var/tmp/fcpFAAa03972:
   gtipbk:
/var/tmp/fcpFAAa03972:
   iptrk:
/var/tmp/fcpFAAa03972:
   jetclu:
/var/tmp/fcpFAAa03972:
   jeterr:
/var/tmp/fcpFAAa03972:
   make2d:
/var/tmp/fcpFAAa03972:
   mysmear:
/var/tmp/fcpFAAa03972:
   qbeamx:
/var/tmp/fcpFAAa03972:
   qfndip:
/var/tmp/fcpFAAa03972:
   qfndv0:
/var/tmp/fcpFAAa03972:
   qipbtag:
/var/tmp/fcpFAAa03972:
   qipbtcpu:
/var/tmp/fcpFAAa03972:
   qsmear:
/var/tmp/fcpFAAa03972:
   smcopy:
/var/tmp/fcpFAAa03972:
   tcross:
/var/tmp/fcpFAAa03972:
   tmove:
/var/tmp/fcpFAAa03972:
   tparset:
/var/tmp/fcpFAAa03972:
   trot:
/var/tmp/fcpFAAa03972:
   trsel:
/var/tmp/fcpFAAa03972:
   trsel2:
/var/tmp/fcpFAAa03972:
   v0dkpt:
/var/tmp/fcpFAAa03972:
   v0kine:
/var/tmp/fcpFAAa03972:
   v0tpar:
fort77: POSIX mandates an explicit optimization level setting on the -O option; ignored
/var/tmp/fcpFAAa04143:
   badtrk:
/var/tmp/fcpFAAa04143:
   btou:
/var/tmp/fcpFAAa04143:
   checkq:
/var/tmp/fcpFAAa04143:
   gen:
/var/tmp/fcpFAAa04143:
   ibfunc:
/var/tmp/fcpFAAa04143:
   ibre:
/var/tmp/fcpFAAa04143:
   isp:
/var/tmp/fcpFAAa04143:
   jmbest:
/var/tmp/fcpFAAa04143:
   qlcomp:
/var/tmp/fcpFAAa04143:
   qlevnt:
/var/tmp/fcpFAAa04143:
   qlinit:
/var/tmp/fcpFAAa04143:
   qliupd:
/var/tmp/fcpFAAa04143:
   qlterm:
/var/tmp/fcpFAAa04143:
   qselep:
/var/tmp/fcpFAAa04143:
   ccbmes:
   fbbar:
   fbhad:
   fbqua:
   fcbar:
   fchad:
   fcqua:
   fhqua:
   fhvfl:
   fqqua:
   ihqua:
   ilqua:
   endch:
/var/tmp/fcpFAAa04143:
   qtruth:
fort77: POSIX mandates an explicit optimization level setting on the -O option; ignored
/var/tmp/fcpFAAa04178:
   chiscom:
/var/tmp/fcpFAAa04178:
   decos:
/var/tmp/fcpFAAa04178:
   deriv:
/var/tmp/fcpFAAa04178:
   hesse:
/var/tmp/fcpFAAa04178:
   kinefit:
/var/tmp/fcpFAAa04178:
   newtonit:
/var/tmp/fcpFAAa04178:
   pi0deb:
/var/tmp/fcpFAAa04178:
   pi0lim:
/var/tmp/fcpFAAa04178:
   qpi0bk:
/var/tmp/fcpFAAa04178:
   qpi0do:
/var/tmp/fcpFAAa04178:
   xxp0f1:
fort77: POSIX mandates an explicit optimization level setting on the -O option; ignored
/var/tmp/fcpFAAa04203:
   qvsavx:
/var/tmp/fcpFAAa04203:
   qvsgtk:
/var/tmp/fcpFAAa04203:
   qvsgtk0:
/var/tmp/fcpFAAa04203:
   qvsgtk1:
/var/tmp/fcpFAAa04203:
   qvsgtk2:
/var/tmp/fcpFAAa04203:
   qvsgtl0:
/var/tmp/fcpFAAa04203:
   qvsgtl1:
/var/tmp/fcpFAAa04203:
   qvsimp:
/var/tmp/fcpFAAa04203:
   qvsjet:
/var/tmp/fcpFAAa04203:
   qvsmis:
/var/tmp/fcpFAAa04203:
   qvspvx:
/var/tmp/fcpFAAa04203:
   qvsrch:
/var/tmp/fcpFAAa04203:
   qvstkj:
/var/tmp/fcpFAAa04203:
   qvstkp:
/var/tmp/fcpFAAa04203:
   qvstkv:
/var/tmp/fcpFAAa04203:
   qvstkw:
/var/tmp/fcpFAAa04203:
   qvstva:
       entry    qvstchi2:
/var/tmp/fcpFAAa04203:
   qvsvtx:
/var/tmp/fcpFAAa04203:
   qvswbk:
/var/tmp/fcpFAAa04203:
   qvsxzb:
/var/tmp/fcpFAAa04203:
   qvsz0b:
/var/tmp/fcpFAAa04203:
   yvscm2:
/var/tmp/fcpFAAa04203:
   yvslf1:
/var/tmp/fcpFAAa04203:
   yvslf2:
/var/tmp/fcpFAAa04203:
   yvslfl:
/var/tmp/fcpFAAa04203:
   yvsml1:
/var/tmp/fcpFAAa04203:
   yvsml2:
/var/tmp/fcpFAAa04203:
   yvspar:
/var/tmp/fcpFAAa04203:
   yvspr2:
/var/tmp/fcpFAAa04203:
   yvsprm:
/var/tmp/fcpFAAa04203:
   yvspve:
/var/tmp/fcpFAAa04203:
   yvsrmi:
/var/tmp/fcpFAAa04203:
   yvsrmj:
/var/tmp/fcpFAAa04203:
   yvsrom:
/var/tmp/fcpFAAa04203:
   yvsrti:
/var/tmp/fcpFAAa04203:
   yvsrtj:
/var/tmp/fcpFAAa04203:
   yvstke:
/var/tmp/fcpFAAa04203:
   yvstp0:
/var/tmp/fcpFAAa04203:
   yvstri:
/var/tmp/fcpFAAa04203:
   yvstrj:
/var/tmp/fcpFAAa04203:
   yvsvje:
/var/tmp/fcpFAAa04203:
   yvswim:
/var/tmp/fcpFAAa04203:
   yvsxzb:
/var/tmp/fcpFAAa04203:
   yvsxzj:
/var/tmp/fcpFAAa04203:
   yvszvc:
fort77: POSIX mandates an explicit optimization level setting on the -O option; ignored
/var/tmp/fcpFAAa04309:
   chtsim:
/var/tmp/fcpFAAa04309:
   iefmc:
/var/tmp/fcpFAAa04309:
   imcef:
/var/tmp/fcpFAAa04309:
   julmatch:
/var/tmp/fcpFAAa04309:
   kbestm:
/var/tmp/fcpFAAa04309:
   kefmc:
/var/tmp/fcpFAAa04309:
   kidsav:
/var/tmp/fcpFAAa04309:
   kmcef:
/var/tmp/fcpFAAa04309:
   kmlept:
/var/tmp/fcpFAAa04309:
   knchmc:
/var/tmp/fcpFAAa04309:
   knecmc:
/var/tmp/fcpFAAa04309:
   knefmc:
/var/tmp/fcpFAAa04309:
   knhcmc:
/var/tmp/fcpFAAa04309:
   knmcch:
/var/tmp/fcpFAAa04309:
   knmcec:
/var/tmp/fcpFAAa04309:
   knmcef:
/var/tmp/fcpFAAa04309:
   knmchc:
/var/tmp/fcpFAAa04309:
   knmcsi:
/var/tmp/fcpFAAa04309:
   knsimc:
/var/tmp/fcpFAAa04309:
   kntru:
/var/tmp/fcpFAAa04309:
   ktru:
/var/tmp/fcpFAAa04309:
   kvfita:
/var/tmp/fcpFAAa04309:
   kvfitc:
/var/tmp/fcpFAAa04309:
   kvfitm:
/var/tmp/fcpFAAa04309:
   kvfitn:
/var/tmp/fcpFAAa04309:
   kvfitv:
/var/tmp/fcpFAAa04309:
   kvftmc:
/var/tmp/fcpFAAa04309:
   mcmatch:
/var/tmp/fcpFAAa04309:
   mmuidf:
/var/tmp/fcpFAAa04309:
   pmove:
/var/tmp/fcpFAAa04309:
   qbmtag:
/var/tmp/fcpFAAa04309:
   qddx:
   findcorr:
   findindexct:
   findindexbg:
   goodwindow:
/var/tmp/fcpFAAa04309:
   qdedx:
/var/tmp/fcpFAAa04309:
   qdedxk:
/var/tmp/fcpFAAa04309:
   qdedxm:
       entry    qmtail:
/var/tmp/fcpFAAa04309:
   qdmmcl:
/var/tmp/fcpFAAa04309:
   qefrtr:
/var/tmp/fcpFAAa04309:
   qelep1:
/var/tmp/fcpFAAa04309:
   qelep2:
/var/tmp/fcpFAAa04309:
   qewsum:
/var/tmp/fcpFAAa04309:
   qfget_ch:
/var/tmp/fcpFAAa04309:
   qfmcsx:
/var/tmp/fcpFAAa04309:
   qfmmcl:
/var/tmp/fcpFAAa04309:
   qgfoxw:
/var/tmp/fcpFAAa04309:
   qgjmmc:
/var/tmp/fcpFAAa04309:
   qglucl:
/var/tmp/fcpFAAa04309:
   qgmdcl:
/var/tmp/fcpFAAa04309:
   qgmmcl:
/var/tmp/fcpFAAa04309:
   qgptcl:
/var/tmp/fcpFAAa04309:
   qgsphe:
/var/tmp/fcpFAAa04309:
   qgtaof:
/var/tmp/fcpFAAa04309:
   qgtens:
/var/tmp/fcpFAAa04309:
   qgthru:
/var/tmp/fcpFAAa04309:
   qidv0:
/var/tmp/fcpFAAa04309:
   qjaddp:
/var/tmp/fcpFAAa04309:
   qjeig:
/var/tmp/fcpFAAa04309:
   qjfoxw:
/var/tmp/fcpFAAa04309:
   qjhemi:
/var/tmp/fcpFAAa04309:
   qjlucl:
/var/tmp/fcpFAAa04309:
   qjmdcl:
/var/tmp/fcpFAAa04309:
   qjmiss:
/var/tmp/fcpFAAa04309:
   qjmmcl:
/var/tmp/fcpFAAa04309:
   qjoptm:
/var/tmp/fcpFAAa04309:
   qjoptr:
/var/tmp/fcpFAAa04309:
   qjptcl:
/var/tmp/fcpFAAa04309:
   qjsave:
/var/tmp/fcpFAAa04309:
   qjset0:
/var/tmp/fcpFAAa04309:
   qjset1:
/var/tmp/fcpFAAa04309:
   qjsetu:
/var/tmp/fcpFAAa04309:
   qjsphe:
/var/tmp/fcpFAAa04309:
   qjtens:
/var/tmp/fcpFAAa04309:
   qjthru:
/var/tmp/fcpFAAa04309:
   qkblok:
/var/tmp/fcpFAAa04309:
   qkinkt:
/var/tmp/fcpFAAa04309:
   qkinkv:
/var/tmp/fcpFAAa04309:
   qlitk:
/var/tmp/fcpFAAa04309:
   qlock:
/var/tmp/fcpFAAa04309:
   qlock2:
/var/tmp/fcpFAAa04309:
   qlrev:
/var/tmp/fcpFAAa04309:
   qlrev2:
/var/tmp/fcpFAAa04309:
   qltrk:
/var/tmp/fcpFAAa04309:
   qluitk:
/var/tmp/fcpFAAa04309:
   qlutrk:
/var/tmp/fcpFAAa04309:
   qlv0t:
/var/tmp/fcpFAAa04309:
   qlv0v:
/var/tmp/fcpFAAa04309:
   qlzer:
/var/tmp/fcpFAAa04309:
   qlzer2:
/var/tmp/fcpFAAa04309:
   qmasv0:
/var/tmp/fcpFAAa04309:
   qmthru:
/var/tmp/fcpFAAa04309:
   qmuido:
/var/tmp/fcpFAAa04309:
   qmunew:
/var/tmp/fcpFAAa04309:
   qnucl:
/var/tmp/fcpFAAa04309:
   qpadx:
/var/tmp/fcpFAAa04309:
   qpairf:
/var/tmp/fcpFAAa04309:
   qpcorr:
/var/tmp/fcpFAAa04309:
   qpvmcd:
   qpvmen:
   qpvmes:
   qpvmex:
   qpvmgt:
   qpvmim:
   qpvmis:
   qpvmof:
   qpvmte:
   qpvmti:
   qpvmwr:
/var/tmp/fcpFAAa04309:
   qsefmc:
/var/tmp/fcpFAAa04309:
   qsmcef:
/var/tmp/fcpFAAa04309:
   qstru:
/var/tmp/fcpFAAa04309:
   qtruz:
/var/tmp/fcpFAAa04309:
   qumupr:
/var/tmp/fcpFAAa04309:
   qvdhit:
/var/tmp/fcpFAAa04309:
   qvkink:
/var/tmp/fcpFAAa04309:
   qvtruh:
/var/tmp/fcpFAAa04309:
   qwhich_bp:
/var/tmp/fcpFAAa04309:
   qwhich_en:
/var/tmp/fcpFAAa04309:
   qxtrap:
/var/tmp/fcpFAAa04309:
   qyfit:
/var/tmp/fcpFAAa04309:
   qyfitc:
/var/tmp/fcpFAAa04309:
   qyfitv:
/var/tmp/fcpFAAa04309:
   qyftmc:
/var/tmp/fcpFAAa04309:
   sibkcl:
/var/tmp/fcpFAAa04309:
   siclid:
/var/tmp/fcpFAAa04309:
   txtree:
   txwclo:
   txwhea:
   txline:
   txkod:
/var/tmp/fcpFAAa04309:
   vdhitmatch:
/var/tmp/fcpFAAa04309:
   vdhmatch:
/var/tmp/fcpFAAa04309:
   xceqan:
/var/tmp/fcpFAAa04309:
   xpeqan:
/var/tmp/fcpFAAa04309:
   xpeqor:
/var/tmp/fcpFAAa04309:
   xpequ:
