/var/tmp/fcpFAAa29810:
   albunch:
/var/tmp/fcpFAAa29810:
   alefil:
/var/tmp/fcpFAAa29810:
   alelep:
/var/tmp/fcpFAAa29810:
   alfiel:
/var/tmp/fcpFAAa29810:
   alkevh:
/var/tmp/fcpFAAa29810:
   alkjob:
/var/tmp/fcpFAAa29810:
   alklun:
/var/tmp/fcpFAAa29810:
   alkmar:
/var/tmp/fcpFAAa29810:
   alkran:
/var/tmp/fcpFAAa29810:
   alkrun:
/var/tmp/fcpFAAa29810:
   allep1:
/var/tmp/fcpFAAa29810:
   alrlep:
/var/tmp/fcpFAAa29810:
   alsecs:
/var/tmp/fcpFAAa29810:
   altrhv:
/var/tmp/fcpFAAa29810:
   altrig:
/var/tmp/fcpFAAa29810:
   alvers:
/var/tmp/fcpFAAa29810:
   dvmove:
/var/tmp/fcpFAAa29810:
   dvzero:
/var/tmp/fcpFAAa29810:
   fixalpb:
/var/tmp/fcpFAAa29810:
   getbp:
/var/tmp/fcpFAAa29810:
   getle1:
/var/tmp/fcpFAAa29810:
   getle2:
/var/tmp/fcpFAAa29810:
   getlep:
       entry    getofs:
/var/tmp/fcpFAAa29810:
   getlum:
/var/tmp/fcpFAAa29810:
   gets4b:
/var/tmp/fcpFAAa29810:
   getslu:
/var/tmp/fcpFAAa29810:
   getxyb:
/var/tmp/fcpFAAa29810:
   gtt0gl:
/var/tmp/fcpFAAa29810:
   lfilru:
/var/tmp/fcpFAAa29810:
   rqbunc:
/var/tmp/fcpFAAa29810:
   xfmcbp:
/var/tmp/fcpFAAa29923:
   auarcm:
/var/tmp/fcpFAAa29923:
   auhcyl:
/var/tmp/fcpFAAa29923:
   auhdis:
/var/tmp/fcpFAAa29923:
   auhlen:
/var/tmp/fcpFAAa29923:
   aulcyl:
/var/tmp/fcpFAAa29923:
   aullen:
/var/tmp/fcpFAAa29923:
   autrpl:
/var/tmp/fcpFAAa29923:
   helins:
/var/tmp/fcpFAAa29923:
   ppcorr:
/var/tmp/fcpFAAa29923:
   smav:
/var/tmp/fcpFAAa29923:
   sminv:
       entry    xminv:
/var/tmp/fcpFAAa29923:
   smnorm:
/var/tmp/fcpFAAa29923:
   thlcir:
/var/tmp/fcpFAAa29923:
   tk2ivm:
/var/tmp/fcpFAAa29923:
   tnrhpa:
/var/tmp/fcpFAAa29923:
   ufield:
/var/tmp/fcpFAAa29923:
   ufitql:
/var/tmp/fcpFAAa29923:
   ufitzs:
/var/tmp/fcpFAAa29923:
   ufmmul:
       entry    ufmmlt:
       entry    ufmscl:
       entry    ufmadd:
       entry    ufmult:
/var/tmp/fcpFAAa29923:
   ufms:
/var/tmp/fcpFAAa29923:
   uftmso:
/var/tmp/fcpFAAa29923:
   uhelix:
/var/tmp/fcpFAAa29923:
   uhelix2:
/var/tmp/fcpFAAa29923:
   uincov:
/var/tmp/fcpFAAa29923:
   umserr:
/var/tmp/fcpFAAa29923:
   unewdp:
/var/tmp/fcpFAAa29923:
   unewzp:
/var/tmp/fcpFAAa29923:
   utkxng:
/var/tmp/fcpFAAa29923:
   utrid:
/var/tmp/fcpFAAa29923:
   utswco:
/var/tmp/fcpFAAa29923:
   uvtrid:
/var/tmp/fcpFAAa29923:
   yfix:
/var/tmp/fcpFAAa29923:
   yhelix:
/var/tmp/fcpFAAa29923:
   ysense:
/var/tmp/fcpFAAa29923:
   yv0one:
/var/tmp/fcpFAAa00287:
   tbtblk:
/var/tmp/fcpFAAa00287:
   tbtblp:
/var/tmp/fcpFAAa00287:
   tcgxru:
/var/tmp/fcpFAAa00287:
   tchkex:
/var/tmp/fcpFAAa00287:
   tchkhv:
/var/tmp/fcpFAAa00287:
   tdedxv:
       entry    tdedxr:
/var/tmp/fcpFAAa00287:
   tdxerr:
/var/tmp/fcpFAAa00287:
   tidhyp:
/var/tmp/fcpFAAa00287:
   tmdedx:
/var/tmp/fcpFAAa00287:
   tmpddx:
/var/tmp/fcpFAAa00287:
   tpdhyp:
/var/tmp/fcpFAAa00287:
   tpxerr:
/var/tmp/fcpFAAa00287:
   txdedx:
/var/tmp/fcpFAAa00287:
   txpddx:
/var/tmp/fcpFAAa00372:
   eclean:
/var/tmp/fcpFAAa00372:
   ecprhi:
/var/tmp/fcpFAAa00372:
   ecprto:
/var/tmp/fcpFAAa00372:
   ecprtr:
/var/tmp/fcpFAAa00372:
   ecprwi:
/var/tmp/fcpFAAa00372:
   emtzer:
/var/tmp/fcpFAAa00438:
   acoupe:
/var/tmp/fcpFAAa00438:
   aire:
/var/tmp/fcpFAAa00438:
   airsct:
/var/tmp/fcpFAAa00438:
   avolum:
/var/tmp/fcpFAAa00438:
   ealgmk:
/var/tmp/fcpFAAa00438:
   ealign:
/var/tmp/fcpFAAa00438:
   ealtmk:
/var/tmp/fcpFAAa00438:
   ecdfrd:
/var/tmp/fcpFAAa00438:
   ecplst:
/var/tmp/fcpFAAa00438:
   ecrwrg:
/var/tmp/fcpFAAa00438:
   ecsgeo:
/var/tmp/fcpFAAa00438:
   ectilt:
/var/tmp/fcpFAAa00438:
   ecylnd:
/var/tmp/fcpFAAa00438:
   edefcl:
/var/tmp/fcpFAAa00438:
   edefec:
/var/tmp/fcpFAAa00438:
   edeflg:
/var/tmp/fcpFAAa00438:
   edefmd:
/var/tmp/fcpFAAa00438:
   edefsc:
/var/tmp/fcpFAAa00438:
   edefsp:
/var/tmp/fcpFAAa00438:
   edefss:
/var/tmp/fcpFAAa00438:
   edisgn:
/var/tmp/fcpFAAa00438:
   efncrs:
/var/tmp/fcpFAAa00438:
   efndcl:
/var/tmp/fcpFAAa00438:
   efndlg:
/var/tmp/fcpFAAa00438:
   efndmd:
/var/tmp/fcpFAAa00438:
   efndpl:
/var/tmp/fcpFAAa00438:
   efndrg:
/var/tmp/fcpFAAa00438:
   efndsc:
/var/tmp/fcpFAAa00438:
   efndss:
/var/tmp/fcpFAAa00438:
   efndst:
/var/tmp/fcpFAAa00438:
   efndtw:
/var/tmp/fcpFAAa00438:
   efnicr:
/var/tmp/fcpFAAa00438:
   efnitw:
/var/tmp/fcpFAAa00438:
   efnlay:
/var/tmp/fcpFAAa00438:
   egptlg:
/var/tmp/fcpFAAa00438:
   egptsp:
/var/tmp/fcpFAAa00438:
   egtlnf:
/var/tmp/fcpFAAa00438:
   ehsimt:
/var/tmp/fcpFAAa00438:
   eintst:
/var/tmp/fcpFAAa00438:
   einvrl:
/var/tmp/fcpFAAa00438:
   elimin:
/var/tmp/fcpFAAa00438:
   elimrg:
/var/tmp/fcpFAAa00438:
   elimsc:
/var/tmp/fcpFAAa00438:
   elimst:
/var/tmp/fcpFAAa00438:
   elocal:
/var/tmp/fcpFAAa00438:
   emabsl:
/var/tmp/fcpFAAa00438:
   emdedx:
/var/tmp/fcpFAAa00438:
   emdtow:
/var/tmp/fcpFAAa00438:
   empact:
/var/tmp/fcpFAAa00438:
   emradl:
/var/tmp/fcpFAAa00438:
   enorme:
/var/tmp/fcpFAAa00438:
   entree:
/var/tmp/fcpFAAa00438:
   eowfar:
/var/tmp/fcpFAAa00438:
   eperce:
/var/tmp/fcpFAAa00438:
   eplmst:
/var/tmp/fcpFAAa00438:
   eplnor:
/var/tmp/fcpFAAa00438:
   eplscc:
/var/tmp/fcpFAAa00438:
   eplscf:
/var/tmp/fcpFAAa00438:
   eplscn:
/var/tmp/fcpFAAa00438:
   eplsdi:
/var/tmp/fcpFAAa00438:
   eplsqf:
/var/tmp/fcpFAAa00438:
   eplsql:
/var/tmp/fcpFAAa00438:
   eplst:
/var/tmp/fcpFAAa00438:
   eprcom:
/var/tmp/fcpFAAa00438:
   eqedge:
/var/tmp/fcpFAAa00438:
   erddaf:
/var/tmp/fcpFAAa00438:
   erogen:
/var/tmp/fcpFAAa00438:
   erosys:
/var/tmp/fcpFAAa00438:
   erotpl:
/var/tmp/fcpFAAa00438:
   erotpt:
/var/tmp/fcpFAAa00438:
   erpads:
/var/tmp/fcpFAAa00438:
   erwidt:
/var/tmp/fcpFAAa00438:
   esrbc:
/var/tmp/fcpFAAa00438:
   esrcr:
/var/tmp/fcpFAAa00438:
   esrct:
/var/tmp/fcpFAAa00438:
   esrdir:
/var/tmp/fcpFAAa00438:
   esrfc:
/var/tmp/fcpFAAa00438:
   esrpl:
/var/tmp/fcpFAAa00438:
   esrpt:
/var/tmp/fcpFAAa00438:
   etetrd:
/var/tmp/fcpFAAa00438:
   ethru:
/var/tmp/fcpFAAa00438:
   etouch:
/var/tmp/fcpFAAa00438:
   etzsmd:
/var/tmp/fcpFAAa00438:
   etzssl:
/var/tmp/fcpFAAa00438:
   evabsl:
/var/tmp/fcpFAAa00438:
   evdedx:
/var/tmp/fcpFAAa00438:
   evfois:
/var/tmp/fcpFAAa00438:
   evolcr:
/var/tmp/fcpFAAa00438:
   evolct:
/var/tmp/fcpFAAa00438:
   evolfc:
/var/tmp/fcpFAAa00438:
   evolpl:
/var/tmp/fcpFAAa00438:
   evolum:
/var/tmp/fcpFAAa00438:
   evradl:
/var/tmp/fcpFAAa00438:
   expand:
/var/tmp/fcpFAAa00438:
   expfrf:
/var/tmp/fcpFAAa00438:
   expnec:
/var/tmp/fcpFAAa00438:
   exrwrw:
/var/tmp/fcpFAAa00438:
   vect4:
/var/tmp/fcpFAAa01130:
   alclasw:
/var/tmp/fcpFAAa01130:
   alrwev:
/var/tmp/fcpFAAa01130:
   alsumcl:
       entry    alsumgt:
/var/tmp/fcpFAAa01130:
   chkclas:
/var/tmp/fcpFAAa01130:
   clas24:
/var/tmp/fcpFAAa01130:
   clas26:
/var/tmp/fcpFAAa01130:
   clas278:
/var/tmp/fcpFAAa01130:
   ecaget:
/var/tmp/fcpFAAa01130:
   ecalsl:
/var/tmp/fcpFAAa01130:
   ecalwr:
/var/tmp/fcpFAAa01130:
   ecphco:
/var/tmp/fcpFAAa01130:
   eewirs:
/var/tmp/fcpFAAa01130:
   enlcal:
/var/tmp/fcpFAAa01130:
   enlcl2:
/var/tmp/fcpFAAa01130:
   esumw:
/var/tmp/fcpFAAa01130:
   esweh:
/var/tmp/fcpFAAa01130:
   ggesum:
/var/tmp/fcpFAAa01130:
   ggseh:
/var/tmp/fcpFAAa01130:
   ggtrkh:
/var/tmp/fcpFAAa01130:
   hcalen:
/var/tmp/fcpFAAa01130:
   hvobit:
/var/tmp/fcpFAAa01130:
   lepto:
/var/tmp/fcpFAAa01130:
   modfnd:
/var/tmp/fcpFAAa01130:
   muelid:
/var/tmp/fcpFAAa01130:
   mutrgs:
/var/tmp/fcpFAAa01130:
   phedir:
/var/tmp/fcpFAAa01130:
   qptrck:
/var/tmp/fcpFAAa01130:
   qtrkch:
/var/tmp/fcpFAAa01130:
   rejbha:
/var/tmp/fcpFAAa01130:
   rpeco:
/var/tmp/fcpFAAa01130:
/var/tmp/fcpFAAa01130:
   selbha:
/var/tmp/fcpFAAa01130:
   selcal:
/var/tmp/fcpFAAa01130:
   selemu:
/var/tmp/fcpFAAa01130:
   selenu:
/var/tmp/fcpFAAa01130:
   selevt:
/var/tmp/fcpFAAa01130:
   selgge:
/var/tmp/fcpFAAa01130:
   seltrk:
/var/tmp/fcpFAAa01130:
   selwwa:
/var/tmp/fcpFAAa01130:
   selwwb:
/var/tmp/fcpFAAa01130:
   siedir:
/var/tmp/fcpFAAa01130:
   sngmtr:
/var/tmp/fcpFAAa01130:
   sngrnd:
/var/tmp/fcpFAAa01130:
   tizern:
/var/tmp/fcpFAAa01130:
   tizero:
/var/tmp/fcpFAAa01130:
   tracks:
/var/tmp/fcpFAAa01130:
   trioff:
/var/tmp/fcpFAAa01130:
   trkhad:
/var/tmp/fcpFAAa01130:
   trkwws:
/var/tmp/fcpFAAa01130:
   trpfrf:
/var/tmp/fcpFAAa01130:
   truslu:
/var/tmp/fcpFAAa01130:
   ulangl:
/var/tmp/fcpFAAa01130:
   ulthru:
/var/tmp/fcpFAAa01130:
   vdcosmj:
/var/tmp/fcpFAAa01130:
   vurobo:
/var/tmp/fcpFAAa01130:
   wclus:
/var/tmp/fcpFAAa01555:
   fmelos:
/var/tmp/fcpFAAa01555:
   fmhelx:
/var/tmp/fcpFAAa01555:
   fmhitb:
/var/tmp/fcpFAAa01555:
   fminit:
/var/tmp/fcpFAAa01555:
   fmmulx:
/var/tmp/fcpFAAa01555:
   fmprnt:
/var/tmp/fcpFAAa01555:
   fmregn:
/var/tmp/fcpFAAa01555:
   fmscat:
/var/tmp/fcpFAAa01555:
   fmtrak:
/var/tmp/fcpFAAa01665:
   fyfkin:
/var/tmp/fcpFAAa01665:
   fyinev:
/var/tmp/fcpFAAa01665:
   fyirun:
/var/tmp/fcpFAAa01665:
   fykill:
/var/tmp/fcpFAAa01665:
   fykine:
/var/tmp/fcpFAAa01665:
   fyluhc:
/var/tmp/fcpFAAa01665:
   fynhis:
/var/tmp/fcpFAAa01665:
   fyredc:
/var/tmp/fcpFAAa01665:
   fytoki:
/var/tmp/fcpFAAa01665:
   fytree:
/var/tmp/fcpFAAa02058:
   aristo:
/var/tmp/fcpFAAa02058:
   bgetds:
/var/tmp/fcpFAAa02058:
   chacut:
/var/tmp/fcpFAAa02058:
   corad94:
/var/tmp/fcpFAAa02058:
   coradoc:
/var/tmp/fcpFAAa02058:
   defove:
/var/tmp/fcpFAAa02058:
   dstack:
/var/tmp/fcpFAAa02058:
   ebgrix:
/var/tmp/fcpFAAa02058:
   ec4tra:
/var/tmp/fcpFAAa02058:
   ecetdi:
/var/tmp/fcpFAAa02058:
   evtver:
/var/tmp/fcpFAAa02058:
   gaform:
/var/tmp/fcpFAAa02058:
   gagrid:
/var/tmp/fcpFAAa02058:
   gamfak:
/var/tmp/fcpFAAa02058:
   gampek:
/var/tmp/fcpFAAa02058:
   gampex:
/var/tmp/fcpFAAa02058:
   gapgac:
/var/tmp/fcpFAAa02058:
   gapgpc:
/var/tmp/fcpFAAa02058:
   gatral:
/var/tmp/fcpFAAa02058:
   gbulos:
/var/tmp/fcpFAAa02058:
   gemfak:
/var/tmp/fcpFAAa02058:
   gf4lst:
/var/tmp/fcpFAAa02058:
   gfake:
/var/tmp/fcpFAAa02058:
   gfakew:
/var/tmp/fcpFAAa02058:
   gfrac:
/var/tmp/fcpFAAa02058:
   ghafak:
/var/tmp/fcpFAAa02058:
   givsto:
/var/tmp/fcpFAAa02058:
   gxem:
/var/tmp/fcpFAAa02058:
   gxhad:
/var/tmp/fcpFAAa02058:
   gximpa:
/var/tmp/fcpFAAa02058:
   gxmclm:
/var/tmp/fcpFAAa02058:
   gxtran:
/var/tmp/fcpFAAa02058:
   intof4:
/var/tmp/fcpFAAa02058:
   ispark:
/var/tmp/fcpFAAa02058:
   mecrfc:
/var/tmp/fcpFAAa02058:
   morsto:
/var/tmp/fcpFAAa02058:
   ovesto:
/var/tmp/fcpFAAa02058:
   stogam:
/var/tmp/fcpFAAa02058:
   trdist:
/var/tmp/fcpFAAa02058:
   trfire:
/var/tmp/fcpFAAa02058:
   voisto:
/var/tmp/fcpFAAa04895:
   hcboun:
/var/tmp/fcpFAAa04895:
   hccyl:
/var/tmp/fcpFAAa04895:
   hcdeit:
/var/tmp/fcpFAAa04895:
   hcdpsp:
/var/tmp/fcpFAAa04895:
   hcdrbm:
/var/tmp/fcpFAAa04895:
   hcdwsp:
/var/tmp/fcpFAAa04895:
   hcheck:
/var/tmp/fcpFAAa04895:
   hclatu:
/var/tmp/fcpFAAa04895:
   hcmdpl:
/var/tmp/fcpFAAa04895:
   hcprge:
/var/tmp/fcpFAAa04895:
   hcrinv:
/var/tmp/fcpFAAa04895:
   hcrvol:
/var/tmp/fcpFAAa04895:
   hcsamp:
/var/tmp/fcpFAAa04895:
   hcseco:
/var/tmp/fcpFAAa04895:
   hdeadm:
/var/tmp/fcpFAAa04895:
   hfbahi:
/var/tmp/fcpFAAa04895:
   hfbahio:
/var/tmp/fcpFAAa04895:
   hfbhit:
/var/tmp/fcpFAAa04895:
   hfehit:
/var/tmp/fcpFAAa04895:
   hfenhi:
/var/tmp/fcpFAAa04895:
   hfndmd:
/var/tmp/fcpFAAa04895:
   hfndtw:
/var/tmp/fcpFAAa04895:
   hgetga:
/var/tmp/fcpFAAa04895:
   hgetju:
/var/tmp/fcpFAAa04895:
   hginit:
/var/tmp/fcpFAAa04895:
   hintst:
/var/tmp/fcpFAAa04895:
   hneigh:
/var/tmp/fcpFAAa04895:
   hnreg:
/var/tmp/fcpFAAa04895:
   hphmod:
/var/tmp/fcpFAAa04895:
   hrddaf:
/var/tmp/fcpFAAa04895:
   hsrcr:
/var/tmp/fcpFAAa04895:
   htadco:
/var/tmp/fcpFAAa04895:
   htadde:
/var/tmp/fcpFAAa04895:
   htstec:
/var/tmp/fcpFAAa04895:
   htuacl:
/var/tmp/fcpFAAa04895:
   htulen:
/var/tmp/fcpFAAa04895:
   htxang:
/var/tmp/fcpFAAa04895:
   htxdtl:
/var/tmp/fcpFAAa04895:
   htxspl:
/var/tmp/fcpFAAa04895:
   husran:
/var/tmp/fcpFAAa04895:
   hytrsf:
/var/tmp/fcpFAAa05037:
   ifecon:
/var/tmp/fcpFAAa05037:
   igeomw:
/var/tmp/fcpFAAa05037:
   igetdb:
/var/tmp/fcpFAAa05037:
   iinali:
/var/tmp/fcpFAAa05037:
   iinres:
/var/tmp/fcpFAAa05037:
   iprdaf:
/var/tmp/fcpFAAa05037:
   irddaf:
/var/tmp/fcpFAAa05056:
   iasiga:
/var/tmp/fcpFAAa05056:
   icdrif:
/var/tmp/fcpFAAa05056:
   icrcoo:
/var/tmp/fcpFAAa05056:
   iddist:
/var/tmp/fcpFAAa05056:
   ilatch:
/var/tmp/fcpFAAa05056:
   ilivew:
/var/tmp/fcpFAAa05056:
   imicco:
/var/tmp/fcpFAAa05056:
   iresrp:
/var/tmp/fcpFAAa05056:
   itcflg:
/var/tmp/fcpFAAa05056:
   itdcor:
/var/tmp/fcpFAAa05056:
   itdrif:
/var/tmp/fcpFAAa05056:
   itprdi:
/var/tmp/fcpFAAa05056:
   itprht:
/var/tmp/fcpFAAa05056:
   itqual:
/var/tmp/fcpFAAa05056:
   itrotn:
/var/tmp/fcpFAAa05056:
   itswco:
/var/tmp/fcpFAAa05056:
   itxflg:
/var/tmp/fcpFAAa05056:
   itxing:
/var/tmp/fcpFAAa05056:
   iudoca:
/var/tmp/fcpFAAa05056:
   iupcco:
/var/tmp/fcpFAAa05056:
   iuvcrs:
/var/tmp/fcpFAAa05056:
   ixhits:
/var/tmp/fcpFAAa05103:
   uba2pi:
       entry    ubapi:
       entry    ubapi2:
/var/tmp/fcpFAAa05103:
   uf2arc:
/var/tmp/fcpFAAa05103:
   uf2crd:
/var/tmp/fcpFAAa05103:
   uf2trk:
/var/tmp/fcpFAAa05103:
   uf2use:
/var/tmp/fcpFAAa05103:
   ufbebl:
/var/tmp/fcpFAAa05103:
   ufberr:
/var/tmp/fcpFAAa05103:
   ufchi2:
/var/tmp/fcpFAAa05103:
   ufcova:
/var/tmp/fcpFAAa05103:
   ufdisc:
/var/tmp/fcpFAAa05103:
   ufecal:
/var/tmp/fcpFAAa05103:
   ufg2gt:
/var/tmp/fcpFAAa05103:
   ufgain:
/var/tmp/fcpFAAa05103:
   ufgett:
/var/tmp/fcpFAAa05103:
   ufjaco:
/var/tmp/fcpFAAa05103:
   ufloss:
/var/tmp/fcpFAAa05103:
   ufqprc:
/var/tmp/fcpFAAa05103:
   ufrein:
       entry    uf2sca:
       entry    uftfil:
/var/tmp/fcpFAAa05103:
   ufscov:
/var/tmp/fcpFAAa05103:
   ufstat:
/var/tmp/fcpFAAa05103:
   ufswmc:
       entry    uoloss:
/var/tmp/fcpFAAa05103:
   ufswms:
/var/tmp/fcpFAAa05103:
   ufswmx:
/var/tmp/fcpFAAa05103:
   uftkal:
       entry    ufmkal:
       entry    uftrac:
       entry    uftome:
       entry    ufttal:
       entry    uftmom:
       entry    uftrad:
       entry    dalinf:
       entry    ufdali:
       entry    ufswim:
       entry    ufclim:
       entry    ufvdin:
       entry    ufvdou:
       entry    uf2res:
       entry    uf2trm:
       entry    uf2tpo:
       entry    uf2pnt:
       entry    uf2xyz:
/var/tmp/fcpFAAa05103:
   uftran:
/var/tmp/fcpFAAa05103:
   ufttra:
/var/tmp/fcpFAAa05103:
   ufvdms:
       entry    ufvdmm:
/var/tmp/fcpFAAa05103:
   uload:
/var/tmp/fcpFAAa05103:
   upcons:
/var/tmp/fcpFAAa05103:
   utproc:
/var/tmp/fcpFAAa05169:
/var/tmp/fcpFAAa05169:
/var/tmp/fcpFAAa05169:
/var/tmp/fcpFAAa05169:
/var/tmp/fcpFAAa05169:
   kbkine:
/var/tmp/fcpFAAa05169:
   kbklin:
/var/tmp/fcpFAAa05169:
   kbpart:
/var/tmp/fcpFAAa05169:
   kbvert:
/var/tmp/fcpFAAa05169:
   kclean:
/var/tmp/fcpFAAa05169:
   keevt:
/var/tmp/fcpFAAa05169:
   kejob:
/var/tmp/fcpFAAa05169:
   kfevbk:
/var/tmp/fcpFAAa05169:
   kgdecl:
/var/tmp/fcpFAAa05169:
   kgpart:
/var/tmp/fcpFAAa05169:
   kiaver:
/var/tmp/fcpFAAa05169:
   kibprs:
/var/tmp/fcpFAAa05169:
   kifynw:
/var/tmp/fcpFAAa05169:
   kifyol:
/var/tmp/fcpFAAa05169:
   kinit:
/var/tmp/fcpFAAa05169:
   kkdrop:
/var/tmp/fcpFAAa05169:
   kkmove:
/var/tmp/fcpFAAa05169:
   kluzet:
/var/tmp/fcpFAAa05169:
   kmkrun:
/var/tmp/fcpFAAa05169:
   kmpart:
/var/tmp/fcpFAAa05169:
   kmrunh:
/var/tmp/fcpFAAa05169:
   knodec:
/var/tmp/fcpFAAa05169:
   kp6sho:
/var/tmp/fcpFAAa05169:
   kp6zfr:
/var/tmp/fcpFAAa05169:
   kpyzet:
/var/tmp/fcpFAAa05169:
   ksecbk:
/var/tmp/fcpFAAa05169:
   kshobk:
/var/tmp/fcpFAAa05169:
   kswap:
/var/tmp/fcpFAAa05169:
   kxl74a:
/var/tmp/fcpFAAa05169:
   kxl7al:
/var/tmp/fcpFAAa05169:
   kxl7br:
/var/tmp/fcpFAAa05169:
   kxl7co:
/var/tmp/fcpFAAa05169:
   kxl7pa:
/var/tmp/fcpFAAa05169:
   kxl7st:
/var/tmp/fcpFAAa05169:
   kxl7to:
/var/tmp/fcpFAAa05169:
   kxlual:
/var/tmp/fcpFAAa05169:
   kxlubr:
/var/tmp/fcpFAAa05169:
   kxluco:
/var/tmp/fcpFAAa05169:
   kxlupa:
/var/tmp/fcpFAAa05169:
   kxlupr:
/var/tmp/fcpFAAa05169:
   kxluto:
/var/tmp/fcpFAAa05169:
   kxp6al:
/var/tmp/fcpFAAa05169:
   kxp6br:
/var/tmp/fcpFAAa05169:
   kxp6co:
/var/tmp/fcpFAAa05169:
   kxp6in:
/var/tmp/fcpFAAa05169:
   kxp6st:
/var/tmp/fcpFAAa05169:
   kxp6to:
/var/tmp/fcpFAAa05169:
   kzfrbk:
/var/tmp/fcpFAAa05312:
   lcalmv:
/var/tmp/fcpFAAa05317:
   mbapol:
/var/tmp/fcpFAAa05317:
   mbspol:
/var/tmp/fcpFAAa05317:
   menpol:
/var/tmp/fcpFAAa05317:
   mginit:
/var/tmp/fcpFAAa05317:
   mmapol:
/var/tmp/fcpFAAa05317:
   muprge:
/var/tmp/fcpFAAa05317:
   mxyloc:
/var/tmp/fcpFAAa05335:
   maklis:
/var/tmp/fcpFAAa05335:
   mdscr:
/var/tmp/fcpFAAa05335:
   mucalo:
/var/tmp/fcpFAAa05335:
   mucatr:
/var/tmp/fcpFAAa05335:
   mudbe:
/var/tmp/fcpFAAa05335:
   mudso:
/var/tmp/fcpFAAa05350:
   alprob:
/var/tmp/fcpFAAa05350:
   amuid:
/var/tmp/fcpFAAa05350:
   hdodgy:
/var/tmp/fcpFAAa05350:
   hgsudn:
/var/tmp/fcpFAAa05350:
   hrhtub:
/var/tmp/fcpFAAa05350:
   mrmhit:
/var/tmp/fcpFAAa05350:
   mshad:
/var/tmp/fcpFAAa05350:
   msolmc:
/var/tmp/fcpFAAa05350:
   msolsh:
/var/tmp/fcpFAAa05350:
   muidf:
/var/tmp/fcpFAAa05350:
   muido:
/var/tmp/fcpFAAa05376:
   bulos:
/var/tmp/fcpFAAa05376:
   clmoms:
/var/tmp/fcpFAAa05376:
   ebaryc:
/var/tmp/fcpFAAa05376:
   ebcdrg:
/var/tmp/fcpFAAa05376:
   ebclap:
/var/tmp/fcpFAAa05376:
   ebclcf:
/var/tmp/fcpFAAa05376:
   ebcocl:
/var/tmp/fcpFAAa05376:
   ebcohd:
/var/tmp/fcpFAAa05376:
   ebconf:
/var/tmp/fcpFAAa05376:
   ebcosi:
/var/tmp/fcpFAAa05376:
   ebcrad:
/var/tmp/fcpFAAa05376:
   ebcrep:
/var/tmp/fcpFAAa05376:
   ebdevi:
/var/tmp/fcpFAAa05376:
   ebecmd:
/var/tmp/fcpFAAa05376:
   ebgaga:
/var/tmp/fcpFAAa05376:
   ebgene:
/var/tmp/fcpFAAa05376:
   ebgrid:
/var/tmp/fcpFAAa05376:
   ebhadr:
/var/tmp/fcpFAAa05376:
   ebhaha:
/var/tmp/fcpFAAa05376:
   ebimpa:
/var/tmp/fcpFAAa05376:
   ebimpc:
/var/tmp/fcpFAAa05376:
   ebinit:
/var/tmp/fcpFAAa05376:
   ebleak:
/var/tmp/fcpFAAa05376:
   eblong:
/var/tmp/fcpFAAa05376:
   eblpst:
/var/tmp/fcpFAAa05376:
   ebneut:
/var/tmp/fcpFAAa05376:
   eboidp:
/var/tmp/fcpFAAa05376:
   ebpara:
/var/tmp/fcpFAAa05376:
   ebphcc:
/var/tmp/fcpFAAa05376:
   ebprep:
/var/tmp/fcpFAAa05376:
   ebprga:
/var/tmp/fcpFAAa05376:
   ebrack:
/var/tmp/fcpFAAa05376:
   ebranc:
/var/tmp/fcpFAAa05376:
   ebrgcd:
/var/tmp/fcpFAAa05376:
   ebsatu:
/var/tmp/fcpFAAa05376:
   ebshap:
/var/tmp/fcpFAAa05376:
   ebshow:
/var/tmp/fcpFAAa05376:
   ebslim:
/var/tmp/fcpFAAa05376:
   ebstak:
/var/tmp/fcpFAAa05376:
   ebtran:
/var/tmp/fcpFAAa05376:
   ebtzth:
/var/tmp/fcpFAAa05376:
   ebvlap:
/var/tmp/fcpFAAa05376:
   ebyphi:
/var/tmp/fcpFAAa05376:
   ecleak:
/var/tmp/fcpFAAa05376:
   enof4:
/var/tmp/fcpFAAa05376:
   enol12:
/var/tmp/fcpFAAa05376:
   enolwf:
/var/tmp/fcpFAAa05376:
   enow12:
/var/tmp/fcpFAAa05376:
   gapgid:
/var/tmp/fcpFAAa05376:
   gbimpa:
/var/tmp/fcpFAAa05376:
   gbneut:
/var/tmp/fcpFAAa05376:
   gbtran:
/var/tmp/fcpFAAa05376:
   gvercr:
/var/tmp/fcpFAAa05531:
   ainjet:
/var/tmp/fcpFAAa05531:
   alclus:
/var/tmp/fcpFAAa05531:
   alrobo:
/var/tmp/fcpFAAa05531:
   althru:
/var/tmp/fcpFAAa05531:
   fjmmcl:
/var/tmp/fcpFAAa05531:
   getx:
/var/tmp/fcpFAAa05531:
   gety:
/var/tmp/fcpFAAa05531:
   jpcomb:
/var/tmp/fcpFAAa05531:
   pairfd:
       entry    paircp:
/var/tmp/fcpFAAa05531:
   pidecy:
/var/tmp/fcpFAAa05531:
   pjlink:
/var/tmp/fcpFAAa05589:
   bprtab:
/var/tmp/fcpFAAa05589:
   frftdp:
/var/tmp/fcpFAAa05589:
   ftkdmp:
/var/tmp/fcpFAAa05589:
   hcprind:
/var/tmp/fcpFAAa05589:
   muprdi:
/var/tmp/fcpFAAa05589:
   muprht:
/var/tmp/fcpFAAa05589:
   prdtmc:
/var/tmp/fcpFAAa05589:
   prfkin:
/var/tmp/fcpFAAa05589:
   prgdec:
/var/tmp/fcpFAAa05589:
   primpa:
/var/tmp/fcpFAAa05589:
   prkine:
/var/tmp/fcpFAAa05589:
   prpart:
/var/tmp/fcpFAAa05589:
   prrhah:
/var/tmp/fcpFAAa05589:
   prtabl:
/var/tmp/fcpFAAa05589:
   smprt:
/var/tmp/fcpFAAa05589:
   tpaddp:
/var/tmp/fcpFAAa05589:
   tpcodp:
/var/tmp/fcpFAAa05637:
   fpkcm:
/var/tmp/fcpFAAa05637:
   fptoj:
/var/tmp/fcpFAAa05637:
   fupkcm:
/var/tmp/fcpFAAa05637:
   iptoj:
/var/tmp/fcpFAAa05637:
   nvpcob:
/var/tmp/fcpFAAa05637:
   nvpeco:
/var/tmp/fcpFAAa05637:
   pcmecu:
/var/tmp/fcpFAAa05637:
   pcpatq:
/var/tmp/fcpFAAa05637:
   pcrltj:
/var/tmp/fcpFAAa05637:
   pechic:
/var/tmp/fcpFAAa05637:
   peidtj:
/var/tmp/fcpFAAa05637:
   phchic:
/var/tmp/fcpFAAa05637:
   phmadj:
/var/tmp/fcpFAAa05637:
   phstoj:
/var/tmp/fcpFAAa05637:
   pitcoj:
/var/tmp/fcpFAAa05637:
   pitmaj:
/var/tmp/fcpFAAa05637:
   pjpfxt:
/var/tmp/fcpFAAa05637:
   pscooj:
/var/tmp/fcpFAAa05637:
   pstcpj:
/var/tmp/fcpFAAa05637:
   ptbcoj:
/var/tmp/fcpFAAa05637:
   ptexsj:
/var/tmp/fcpFAAa05637:
   ptgmaj:
/var/tmp/fcpFAAa05637:
   ptpcoj:
/var/tmp/fcpFAAa05637:
   sptoj:
/var/tmp/fcpFAAa05637:
   tficor:
/var/tmp/fcpFAAa05637:
   tfiltu:
/var/tmp/fcpFAAa05637:
   tfipol:
/var/tmp/fcpFAAa05637:
   tptoj:
/var/tmp/fcpFAAa05637:
   tsrtco:
/var/tmp/fcpFAAa05637:
   tun1co:
/var/tmp/fcpFAAa05637:
   tun1nc:
/var/tmp/fcpFAAa05850:
   saprdi:
/var/tmp/fcpFAAa05850:
   saprhi:
/var/tmp/fcpFAAa05861:
   siator:
/var/tmp/fcpFAAa05861:
   siatox:
/var/tmp/fcpFAAa05861:
   sidali:
/var/tmp/fcpFAAa05861:
   sidcod:
/var/tmp/fcpFAAa05861:
   sidcoz:
/var/tmp/fcpFAAa05861:
   siencd:
/var/tmp/fcpFAAa05861:
   siencz:
/var/tmp/fcpFAAa05861:
   sigtgo:
/var/tmp/fcpFAAa05861:
   siidpo:
/var/tmp/fcpFAAa05861:
   siitor:
/var/tmp/fcpFAAa05861:
   siltox:
/var/tmp/fcpFAAa05861:
   siploc:
/var/tmp/fcpFAAa05861:
   siprgo:
/var/tmp/fcpFAAa05861:
   siptoj:
/var/tmp/fcpFAAa05861:
   sirdaf:
/var/tmp/fcpFAAa05861:
   sirloc:
/var/tmp/fcpFAAa05861:
   sirtoa:
/var/tmp/fcpFAAa05861:
   sirtoi:
/var/tmp/fcpFAAa05861:
   sixtoa:
/var/tmp/fcpFAAa05861:
   sixtoi:
/var/tmp/fcpFAAa05861:
   sixtol:
/var/tmp/fcpFAAa05861:
   sizfri:
/var/tmp/fcpFAAa05861:
   siztoi:
/var/tmp/fcpFAAa05861:
   stmask:
/var/tmp/fcpFAAa05861:
   strigf:
/var/tmp/fcpFAAa05926:
   talini:
/var/tmp/fcpFAAa05926:
   tcorec:
/var/tmp/fcpFAAa05926:
   tcrtrn:
/var/tmp/fcpFAAa05926:
   tctglb:
/var/tmp/fcpFAAa05926:
   tctsec:
/var/tmp/fcpFAAa05926:
   tgedmp:
/var/tmp/fcpFAAa05926:
   tgepbk:
/var/tmp/fcpFAAa05926:
   tgepri:
/var/tmp/fcpFAAa05926:
   tgewir:
/var/tmp/fcpFAAa05926:
   tghpal:
/var/tmp/fcpFAAa05926:
   tghpts:
/var/tmp/fcpFAAa05926:
   thtflg:
/var/tmp/fcpFAAa05926:
   thtran:
/var/tmp/fcpFAAa05926:
   tmatut:
/var/tmp/fcpFAAa05926:
   tpdint:
/var/tmp/fcpFAAa05926:
   trddaf:
/var/tmp/fcpFAAa05926:
   trdt90:
/var/tmp/fcpFAAa05926:
   trhflg:
/var/tmp/fcpFAAa05926:
   tschek:
/var/tmp/fcpFAAa05926:
   tscint:
/var/tmp/fcpFAAa05926:
   tsnext:
/var/tmp/fcpFAAa06003:
   tcores:
/var/tmp/fcpFAAa06003:
   tcrtof:
/var/tmp/fcpFAAa06003:
   tcrtra:
/var/tmp/fcpFAAa06003:
   tcrzvd:
/var/tmp/fcpFAAa06003:
   tdfvru:
/var/tmp/fcpFAAa06003:
   tfcini:
/var/tmp/fcpFAAa06003:
   tfimul:
/var/tmp/fcpFAAa06003:
   tfixt0:
/var/tmp/fcpFAAa06003:
   tgtcur:
/var/tmp/fcpFAAa06003:
   timdif:
/var/tmp/fcpFAAa06003:
   tlacoc:
/var/tmp/fcpFAAa06003:
   tlacop:
/var/tmp/fcpFAAa06003:
   tlacor:
/var/tmp/fcpFAAa06003:
   tnfvru:
/var/tmp/fcpFAAa06003:
   tpdvel:
/var/tmp/fcpFAAa06003:
   tprcoo:
/var/tmp/fcpFAAa06003:
   tprhit:
/var/tmp/fcpFAAa06003:
   twpana:
/var/tmp/fcpFAAa06003:
   twpold:
/var/tmp/fcpFAAa06003:
   twrred:
/var/tmp/fcpFAAa06003:
   tzcrvd:
/var/tmp/fcpFAAa06003:
   tzcsvd:
/var/tmp/fcpFAAa06074:
   sidisc:
/var/tmp/fcpFAAa06074:
   sitrin:
/var/tmp/fcpFAAa06074:
   six2mk:
/var/tmp/fcpFAAa06074:
   sixamk:
/var/tmp/fcpFAAa06074:
   sixapr:
/var/tmp/fcpFAAa06074:
   x1aptn:
/var/tmp/fcpFAAa06074:
   x1aptr:
/var/tmp/fcpFAAa06074:
   x1book:
/var/tmp/fcpFAAa06074:
   x1dceb:
/var/tmp/fcpFAAa06074:
   x1disc:
/var/tmp/fcpFAAa06074:
   x1disn:
/var/tmp/fcpFAAa06074:
   x1ecwm:
/var/tmp/fcpFAAa06074:
   x1hisn:
/var/tmp/fcpFAAa06074:
   x1hist:
/var/tmp/fcpFAAa06074:
   x1ini:
/var/tmp/fcpFAAa06074:
   x1inp:
/var/tmp/fcpFAAa06074:
   x1irun:
/var/tmp/fcpFAAa06074:
   x1mixi:
/var/tmp/fcpFAAa06074:
   x1mixn:
/var/tmp/fcpFAAa06074:
   x1outp:
/var/tmp/fcpFAAa06074:
   x1prep:
/var/tmp/fcpFAAa06074:
   x1prnt:
/var/tmp/fcpFAAa06074:
   x1redo:
/var/tmp/fcpFAAa06074:
   x1rsum:
/var/tmp/fcpFAAa06074:
   x1time:
/var/tmp/fcpFAAa06074:
   x1trg:
/var/tmp/fcpFAAa06074:
   x1trig:
/var/tmp/fcpFAAa06074:
   x1wsum:
/var/tmp/fcpFAAa06074:
   x2book:
/var/tmp/fcpFAAa06074:
   x2dfcd:
/var/tmp/fcpFAAa06074:
   x2irun:
/var/tmp/fcpFAAa06074:
   x2luts:
/var/tmp/fcpFAAa06074:
   x2nami:
/var/tmp/fcpFAAa06074:
   x2prhi:
/var/tmp/fcpFAAa06074:
   x2prin:
/var/tmp/fcpFAAa06074:
   x2trig:
/var/tmp/fcpFAAa06074:
   x2wsum:
/var/tmp/fcpFAAa06217:
   vabcfl:
/var/tmp/fcpFAAa06217:
   vabcvu:
/var/tmp/fcpFAAa06217:
   vabcxy:
/var/tmp/fcpFAAa06217:
   vaddpk:
/var/tmp/fcpFAAa06217:
   vaddun:
/var/tmp/fcpFAAa06217:
   vadesa:
/var/tmp/fcpFAAa06217:
   vadewa:
/var/tmp/fcpFAAa06217:
   vaensa:
/var/tmp/fcpFAAa06217:
   vaenwa:
/var/tmp/fcpFAAa06217:
   valfco:
/var/tmp/fcpFAAa06217:
   vbnkdp:
/var/tmp/fcpFAAa06217:
   vbrjwa:
/var/tmp/fcpFAAa06217:
   vchnst:
/var/tmp/fcpFAAa06217:
   vcormp:
/var/tmp/fcpFAAa06217:
   vcscec:
/var/tmp/fcpFAAa06217:
   vdacrs:
/var/tmp/fcpFAAa06217:
   vdafrd:
/var/tmp/fcpFAAa06217:
   vdamb:
/var/tmp/fcpFAAa06217:
   vdarge:
/var/tmp/fcpFAAa06217:
   vdcflt:
/var/tmp/fcpFAAa06217:
   vdchnb:
/var/tmp/fcpFAAa06217:
   vdcwrs:
/var/tmp/fcpFAAa06217:
   vdecsc:
/var/tmp/fcpFAAa06217:
   vdetgi:
/var/tmp/fcpFAAa06217:
   vdfirs:
/var/tmp/fcpFAAa06217:
   vdgdmp:
/var/tmp/fcpFAAa06217:
   vdgtch:
/var/tmp/fcpFAAa06217:
   vdgtol:
/var/tmp/fcpFAAa06217:
   vdindx:
/var/tmp/fcpFAAa06217:
   vdlcps:
/var/tmp/fcpFAAa06217:
   vdlcrs:
/var/tmp/fcpFAAa06217:
   vdpgeo:
/var/tmp/fcpFAAa06217:
   vdpslc:
/var/tmp/fcpFAAa06217:
   vdpsrs:
/var/tmp/fcpFAAa06217:
   vdrmax:
/var/tmp/fcpFAAa06217:
   vdrmin:
/var/tmp/fcpFAAa06217:
   vdrslc:
/var/tmp/fcpFAAa06217:
   vdrsps:
/var/tmp/fcpFAAa06217:
   vdrssc:
/var/tmp/fcpFAAa06217:
   vdscec:
/var/tmp/fcpFAAa06217:
   vdscrs:
/var/tmp/fcpFAAa06217:
   vdwfxy:
/var/tmp/fcpFAAa06217:
   vdyear:
/var/tmp/fcpFAAa06217:
   vdzmax:
/var/tmp/fcpFAAa06217:
   vfacsn:
/var/tmp/fcpFAAa06217:
   vfadim:
/var/tmp/fcpFAAa06217:
   vfaori:
/var/tmp/fcpFAAa06217:
   vfasdp:
/var/tmp/fcpFAAa06217:
   vfasmd:
/var/tmp/fcpFAAa06217:
   vffacw:
/var/tmp/fcpFAAa06217:
   vfjfac:
/var/tmp/fcpFAAa06217:
   vfjmod:
/var/tmp/fcpFAAa06217:
   vfjwaf:
/var/tmp/fcpFAAa06217:
   vfnear:
/var/tmp/fcpFAAa06217:
   vfwaff:
/var/tmp/fcpFAAa06217:
   vfwafi:
/var/tmp/fcpFAAa06217:
   vgcadi:
/var/tmp/fcpFAAa06217:
   vgcmtr:
/var/tmp/fcpFAAa06217:
   vgcrmt:
/var/tmp/fcpFAAa06217:
   vgexro:
/var/tmp/fcpFAAa06217:
   vggtno:
/var/tmp/fcpFAAa06217:
   vgintr:
/var/tmp/fcpFAAa06217:
   vgrdal:
/var/tmp/fcpFAAa06217:
   vgrdls:
/var/tmp/fcpFAAa06217:
   vgtber:
/var/tmp/fcpFAAa06217:
   vgtrve:
/var/tmp/fcpFAAa06217:
   vgwfvu:
/var/tmp/fcpFAAa06217:
   vgwfxy:
/var/tmp/fcpFAAa06217:
   vifaci:
/var/tmp/fcpFAAa06217:
   vimmod:
/var/tmp/fcpFAAa06217:
   vimodi:
/var/tmp/fcpFAAa06217:
   vimodm:
/var/tmp/fcpFAAa06217:
   vimodr:
/var/tmp/fcpFAAa06217:
   vindxi:
/var/tmp/fcpFAAa06217:
   vinibm:
/var/tmp/fcpFAAa06217:
   vinist:
/var/tmp/fcpFAAa06217:
   vinivg:
/var/tmp/fcpFAAa06217:
   vinlsw:
/var/tmp/fcpFAAa06217:
   vinsen:
/var/tmp/fcpFAAa06217:
   vinter:
/var/tmp/fcpFAAa06217:
   vintlf:
/var/tmp/fcpFAAa06217:
   vintlw:
/var/tmp/fcpFAAa06217:
   viromw:
/var/tmp/fcpFAAa06217:
   vitexi:
/var/tmp/fcpFAAa06217:
   viwafi:
/var/tmp/fcpFAAa06217:
   viwffw:
/var/tmp/fcpFAAa06217:
   vjfaci:
/var/tmp/fcpFAAa06217:
   vjfacm:
/var/tmp/fcpFAAa06217:
   vjfacw:
/var/tmp/fcpFAAa06217:
   vjlayf:
/var/tmp/fcpFAAa06217:
   vjlaym:
/var/tmp/fcpFAAa06217:
   vjlayw:
/var/tmp/fcpFAAa06217:
   vjmodi:
/var/tmp/fcpFAAa06217:
   vjmodm:
/var/tmp/fcpFAAa06217:
   vjmodw:
/var/tmp/fcpFAAa06217:
   vjwabr:
/var/tmp/fcpFAAa06217:
   vjwabw:
/var/tmp/fcpFAAa06217:
   vjwaff:
/var/tmp/fcpFAAa06217:
   vjwafi:
/var/tmp/fcpFAAa06217:
   vjwafm:
/var/tmp/fcpFAAa06217:
   vjwffw:
/var/tmp/fcpFAAa06217:
   vljfac:
/var/tmp/fcpFAAa06217:
   vljmod:
/var/tmp/fcpFAAa06217:
   vljwaf:
/var/tmp/fcpFAAa06217:
   vmcmod:
/var/tmp/fcpFAAa06217:
   vmmfld:
/var/tmp/fcpFAAa06217:
   vmmodj:
/var/tmp/fcpFAAa06217:
   vmodmc:
/var/tmp/fcpFAAa06217:
   vmwafj:
/var/tmp/fcpFAAa06217:
   vnelrm:
/var/tmp/fcpFAAa06217:
   vnfslo:
/var/tmp/fcpFAAa06217:
   vnirfs:
/var/tmp/fcpFAAa06217:
   vnlayr:
/var/tmp/fcpFAAa06217:
   vnrdir:
/var/tmp/fcpFAAa06217:
   vnrfac:
/var/tmp/fcpFAAa06217:
   vnrmod:
/var/tmp/fcpFAAa06217:
   vnromm:
/var/tmp/fcpFAAa06217:
   vnrssc:
/var/tmp/fcpFAAa06217:
   vnrwaf:
/var/tmp/fcpFAAa06217:
   vnrwff:
/var/tmp/fcpFAAa06217:
   vnscrm:
/var/tmp/fcpFAAa06217:
   vnstcm:
/var/tmp/fcpFAAa06217:
   vntfac:
/var/tmp/fcpFAAa06217:
   vntmod:
/var/tmp/fcpFAAa06217:
   vntwaf:
/var/tmp/fcpFAAa06217:
   vphicf:
/var/tmp/fcpFAAa06217:
   vphifc:
/var/tmp/fcpFAAa06217:
   vphifn:
/var/tmp/fcpFAAa06217:
   vphstm:
/var/tmp/fcpFAAa06217:
   vpkadd:
/var/tmp/fcpFAAa06217:
   vrddaf:
/var/tmp/fcpFAAa06217:
   vrecor:
/var/tmp/fcpFAAa06217:
   vrmmod:
/var/tmp/fcpFAAa06217:
   vromax:
/var/tmp/fcpFAAa06217:
   vrostm:
/var/tmp/fcpFAAa06217:
   vrswmd:
/var/tmp/fcpFAAa06217:
   vrswmx:
/var/tmp/fcpFAAa06217:
   vrvmbe:
/var/tmp/fcpFAAa06217:
   vschan:
/var/tmp/fcpFAAa06217:
   vscmec:
/var/tmp/fcpFAAa06217:
   vscmsc:
/var/tmp/fcpFAAa06217:
   vsensi:
/var/tmp/fcpFAAa06217:
   vsetup:
/var/tmp/fcpFAAa06217:
   vslotf:
/var/tmp/fcpFAAa06217:
   vsmjmd:
/var/tmp/fcpFAAa06217:
   vsmmod:
/var/tmp/fcpFAAa06217:
   vsmmtx:
/var/tmp/fcpFAAa06217:
   vstreg:
/var/tmp/fcpFAAa06217:
   vtextm:
/var/tmp/fcpFAAa06217:
   vtextw:
/var/tmp/fcpFAAa06217:
   vunadd:
/var/tmp/fcpFAAa06217:
   vvuwab:
/var/tmp/fcpFAAa06217:
   vvuwxy:
/var/tmp/fcpFAAa06217:
   vwadim:
/var/tmp/fcpFAAa06217:
   vwdist:
/var/tmp/fcpFAAa06217:
   vwffnd:
/var/tmp/fcpFAAa06217:
   vwfind:
/var/tmp/fcpFAAa06217:
   vwthck:
/var/tmp/fcpFAAa06217:
   vxyzab:
/var/tmp/fcpFAAa06217:
   vxyzfc:
/var/tmp/fcpFAAa06217:
   vxyzvu:
/var/tmp/fcpFAAa06217:
   vxyzwa:
/var/tmp/fcpFAAa06217:
   vzmult:
/var/tmp/fcpFAAa06217:
   vzrsrs:
/var/tmp/fcpFAAa06696:
   vdexcy:
/var/tmp/fcpFAAa06696:
   vdherr:
/var/tmp/fcpFAAa06696:
   vdhits:
/var/tmp/fcpFAAa06696:
   vdhter:
/var/tmp/fcpFAAa06696:
   vdmjls:
/var/tmp/fcpFAAa06696:
   vdmsec:
/var/tmp/fcpFAAa06696:
   vdmsrl:
/var/tmp/fcpFAAa06696:
   vdmsup:
/var/tmp/fcpFAAa06696:
   vdmwrs:
/var/tmp/fcpFAAa06696:
   vdprdi:
/var/tmp/fcpFAAa06696:
   vdprht:
/var/tmp/fcpFAAa06696:
   vdttra:
/var/tmp/fcpFAAa06696:
   vherr1:
/var/tmp/fcpFAAa06696:
   vrldgt:
/var/tmp/fcpFAAa06696:
   vrmwf:
/var/tmp/fcpFAAa06696:
   vstrip:
/var/tmp/fcpFAAa06696:
   vtclas:
/var/tmp/fcpFAAa06696:
   vtclld:
/var/tmp/fcpFAAa06696:
   vtderv:
/var/tmp/fcpFAAa06696:
   vtfill:
/var/tmp/fcpFAAa06696:
   vtlink:
/var/tmp/fcpFAAa06696:
   vtrfit:
/var/tmp/fcpFAAa06696:
   vtrkex:
/var/tmp/fcpFAAa06696:
   vtrlas:
/var/tmp/fcpFAAa06696:
   vtruh:
/var/tmp/fcpFAAa06696:
   vtxnwt:
/var/tmp/fcpFAAa06696:
   vtxraw:
/var/tmp/fcpFAAa06696:
   vtxtrk:
/var/tmp/fcpFAAa06777:
   llumok:
/var/tmp/fcpFAAa06777:
   slumok:
/var/tmp/fcpFAAa06777:
   vbitgd:
/var/tmp/fcpFAAa06777:
   xhvbit:
/var/tmp/fcpFAAa06777:
   xhvfix:
/var/tmp/fcpFAAa06777:
   xhvsta:
/var/tmp/fcpFAAa06777:
   xlslum:
/var/tmp/fcpFAAa06777:
   xlumok:
/var/tmp/fcpFAAa06777:
   xre133:
/var/tmp/fcpFAAa06777:
   xre94:
/var/tmp/fcpFAAa06777:
   xt0syn:
/var/tmp/fcpFAAa06777:
   xtgenb:
/var/tmp/fcpFAAa06777:
   xvdeok:
/var/tmp/fcpFAAa06831:
   ys0add:
/var/tmp/fcpFAAa06831:
   ys0clr:
/var/tmp/fcpFAAa06831:
   ys0lld:
/var/tmp/fcpFAAa06831:
   ys0set:
/var/tmp/fcpFAAa06831:
   yscadd:
/var/tmp/fcpFAAa06831:
   yscclr:
/var/tmp/fcpFAAa06831:
   ysclld:
/var/tmp/fcpFAAa06831:
   yscset:
/var/tmp/fcpFAAa06831:
   ysfclr:
/var/tmp/fcpFAAa06831:
   ysfset:
/var/tmp/fcpFAAa06831:
   ysftld:
/var/tmp/fcpFAAa06831:
   ysgets:
/var/tmp/fcpFAAa06831:
   ysklld:
/var/tmp/fcpFAAa06831:
   yspair:
/var/tmp/fcpFAAa06831:
   yspcut:
/var/tmp/fcpFAAa06831:
   yspvft:
/var/tmp/fcpFAAa06831:
   ystadd:
/var/tmp/fcpFAAa06831:
   ystclr:
/var/tmp/fcpFAAa06831:
   ystlld:
/var/tmp/fcpFAAa06831:
   ystset:
/var/tmp/fcpFAAa06831:
   ysvadd:
/var/tmp/fcpFAAa06831:
   ysvbld:
/var/tmp/fcpFAAa06831:
   ysvclr:
/var/tmp/fcpFAAa06831:
   ysvfit:
/var/tmp/fcpFAAa06831:
   ysvmat:
/var/tmp/fcpFAAa06831:
   ysvmrg:
/var/tmp/fcpFAAa06831:
   ysvrtx:
/var/tmp/fcpFAAa06831:
   ysvset:
/var/tmp/fcpFAAa06831:
   ysvsrt:
/var/tmp/fcpFAAa06831:
   ysvtbk:
/var/tmp/fcpFAAa06831:
   ysvtrk:
/var/tmp/fcpFAAa06831:
   ysvx0l:
/var/tmp/fcpFAAa06899:
   BLOCK DATA ybdtop:
/var/tmp/fcpFAAa06899:
   ybipat:
/var/tmp/fcpFAAa06899:
   ycircr:
Compiler error line 115 of ../ytop/ycircr.F: Utils: Sanity Check: Inconsistent internal data structures. (6933)
/var/tmp/fcpFAAa06899:
   ydefrf:
/var/tmp/fcpFAAa06899:
   yfmvtc:
/var/tmp/fcpFAAa06899:
   yfmvtr:
/var/tmp/fcpFAAa06899:
   yftvtc:
/var/tmp/fcpFAAa06899:
   yftvtr:
/var/tmp/fcpFAAa06899:
   yfvmap:
/var/tmp/fcpFAAa06899:
   yfvmc:
/var/tmp/fcpFAAa06899:
   yfvmc1:
/var/tmp/fcpFAAa06899:
   yhisto:
/var/tmp/fcpFAAa06899:
   yhuser:
/var/tmp/fcpFAAa06899:
   yinvmx:
/var/tmp/fcpFAAa06899:
   yitcof:
/var/tmp/fcpFAAa06899:
   ymkand:
/var/tmp/fcpFAAa06899:
   ymkcle:
/var/tmp/fcpFAAa06899:
   ymkcnt:
/var/tmp/fcpFAAa06899:
   ymkcop:
/var/tmp/fcpFAAa06899:
   ymkexp:
/var/tmp/fcpFAAa06899:
   ymkidc:
/var/tmp/fcpFAAa06899:
   ymkidt:
/var/tmp/fcpFAAa06899:
   ymkmis:
/var/tmp/fcpFAAa06899:
   ymkorr:
/var/tmp/fcpFAAa06899:
   ymkset:
/var/tmp/fcpFAAa06899:
   ymkshr:
/var/tmp/fcpFAAa06899:
   ymktst:
/var/tmp/fcpFAAa06899:
   ymkzer:
/var/tmp/fcpFAAa06899:
   yms3in:
/var/tmp/fcpFAAa06899:
   ypidas:
/var/tmp/fcpFAAa06899:
   yprivx:
/var/tmp/fcpFAAa06899:
   yprver:
/var/tmp/fcpFAAa06899:
   yruser:
/var/tmp/fcpFAAa06899:
   ystvtx:
/var/tmp/fcpFAAa06899:
   ysvvtx:
/var/tmp/fcpFAAa06899:
   ytconv:
/var/tmp/fcpFAAa06899:
   ytijob:
/var/tmp/fcpFAAa06899:
   ytoiru:
/var/tmp/fcpFAAa06899:
   ytopnw:
/var/tmp/fcpFAAa06899:
   ytopol:
/var/tmp/fcpFAAa06899:
   ytoprt:
/var/tmp/fcpFAAa06899:
   ytosum:
/var/tmp/fcpFAAa06899:
   ytosvt:
/var/tmp/fcpFAAa06899:
   ytpar:
/var/tmp/fcpFAAa06899:
   ytpvtx:
/var/tmp/fcpFAAa06899:
   ytrv0s:
/var/tmp/fcpFAAa06899:
   ytstrk:
/var/tmp/fcpFAAa06899:
   yvdcof:
/var/tmp/fcpFAAa06899:
   yvposs:
/var/tmp/fcpFAAa06899:
   yvxbld:

fort77: Warning: Compiler failure has occurred.
     Attempting to recompile failing compilation unit without optimization

/var/tmp/fcpFAAa06899:
   ycircr:
/var/tmp/fcpFAAa09330:
   ychi00:
/var/tmp/fcpFAAa09330:
   ychiv2:
/var/tmp/fcpFAAa09330:
   yd0nfi:
/var/tmp/fcpFAAa09330:
   yd0nfn:
/var/tmp/fcpFAAa09330:
   ydismc:
/var/tmp/fcpFAAa09330:
   yfixis:
/var/tmp/fcpFAAa09330:
   yfixyn:
/var/tmp/fcpFAAa09330:
   yfixyp:
/var/tmp/fcpFAAa09330:
   yfpsin:
/var/tmp/fcpFAAa09330:
   yfqerq:
/var/tmp/fcpFAAa09330:
   ymfmin:
/var/tmp/fcpFAAa09330:
   ymfv0v:
       entry    ymfv00:
/var/tmp/fcpFAAa09330:
   ynv0nf:
/var/tmp/fcpFAAa09330:
   ynv0ve:
/var/tmp/fcpFAAa09330:
   ypsive:
/var/tmp/fcpFAAa09330:
   ypsivn:
/var/tmp/fcpFAAa09330:
   yv0bok:
/var/tmp/fcpFAAa09330:
   yv0mas:
/var/tmp/fcpFAAa09330:
   yv0ong:
/var/tmp/fcpFAAa09330:
   yv0onh:
/var/tmp/fcpFAAa09330:
   yv1ini:
/var/tmp/fcpFAAa09330:
   yvcame:
/var/tmp/fcpFAAa09330:
   yvprim:
/var/tmp/fcpFAAa09330:
   yzpha1:
/var/tmp/fcpFAAa09330:
   yzphan:
/var/tmp/fcpFAAa09330:
   yzphas:
