/var/tmp/fcpFAAa22970:
   albunch:
/var/tmp/fcpFAAa22970:
   alefil:
/var/tmp/fcpFAAa22970:
   alelep:
/var/tmp/fcpFAAa22970:
   alfiel:
/var/tmp/fcpFAAa22970:
   alkevh:
/var/tmp/fcpFAAa22970:
   alkjob:
/var/tmp/fcpFAAa22970:
   alklun:
/var/tmp/fcpFAAa22970:
   alkmar:
/var/tmp/fcpFAAa22970:
   alkran:
/var/tmp/fcpFAAa22970:
   alkrun:
/var/tmp/fcpFAAa22970:
   allep1:
/var/tmp/fcpFAAa22970:
   alrlep:
/var/tmp/fcpFAAa22970:
   alsecs:
/var/tmp/fcpFAAa22970:
   altrhv:
/var/tmp/fcpFAAa22970:
   altrig:
/var/tmp/fcpFAAa22970:
   alvers:
/var/tmp/fcpFAAa22970:
   dvmove:
/var/tmp/fcpFAAa22970:
   dvzero:
/var/tmp/fcpFAAa22970:
   fixalpb:
/var/tmp/fcpFAAa22970:
   getbp:
/var/tmp/fcpFAAa22970:
   getle1:
/var/tmp/fcpFAAa22970:
   getle2:
/var/tmp/fcpFAAa22970:
   getlep:
       entry    getofs:
/var/tmp/fcpFAAa22970:
   getlum:
/var/tmp/fcpFAAa22970:
   gets4b:
/var/tmp/fcpFAAa22970:
   getslu:
/var/tmp/fcpFAAa22970:
   getxyb:
/var/tmp/fcpFAAa22970:
   gtt0gl:
/var/tmp/fcpFAAa22970:
   lfilru:
/var/tmp/fcpFAAa22970:
   rqbunc:
/var/tmp/fcpFAAa22970:
   xfmcbp:
/var/tmp/fcpFAAa23095:
   auarcm:
/var/tmp/fcpFAAa23095:
   auhcyl:
/var/tmp/fcpFAAa23095:
   auhdis:
/var/tmp/fcpFAAa23095:
   auhlen:
/var/tmp/fcpFAAa23095:
   aulcyl:
/var/tmp/fcpFAAa23095:
   aullen:
/var/tmp/fcpFAAa23095:
   autrpl:
/var/tmp/fcpFAAa23095:
   helins:
/var/tmp/fcpFAAa23095:
   ppcorr:
/var/tmp/fcpFAAa23095:
   smav:
/var/tmp/fcpFAAa23095:
   sminv:
       entry    xminv:
/var/tmp/fcpFAAa23095:
   smnorm:
/var/tmp/fcpFAAa23095:
   thlcir:
/var/tmp/fcpFAAa23095:
   tk2ivm:
/var/tmp/fcpFAAa23095:
   tnrhpa:
/var/tmp/fcpFAAa23095:
   ufield:
/var/tmp/fcpFAAa23095:
   ufitql:
/var/tmp/fcpFAAa23095:
   ufitzs:
/var/tmp/fcpFAAa23095:
   ufmmul:
       entry    ufmmlt:
       entry    ufmscl:
       entry    ufmadd:
       entry    ufmult:
/var/tmp/fcpFAAa23095:
   ufms:
/var/tmp/fcpFAAa23095:
   uftmso:
/var/tmp/fcpFAAa23095:
   uhelix:
/var/tmp/fcpFAAa23095:
   uhelix2:
/var/tmp/fcpFAAa23095:
   uincov:
/var/tmp/fcpFAAa23095:
   umserr:
/var/tmp/fcpFAAa23095:
   unewdp:
/var/tmp/fcpFAAa23095:
   unewzp:
/var/tmp/fcpFAAa23095:
   utkxng:
/var/tmp/fcpFAAa23095:
   utrid:
/var/tmp/fcpFAAa23095:
   utswco:
/var/tmp/fcpFAAa23095:
   uvtrid:
/var/tmp/fcpFAAa23095:
   yfix:
/var/tmp/fcpFAAa23095:
   yhelix:
/var/tmp/fcpFAAa23095:
   ysense:
/var/tmp/fcpFAAa23095:
   yv0one:
/var/tmp/fcpFAAa23256:
   tbtblk:
/var/tmp/fcpFAAa23256:
   tbtblp:
/var/tmp/fcpFAAa23256:
   tcgxru:
/var/tmp/fcpFAAa23256:
   tchkex:
/var/tmp/fcpFAAa23256:
   tchkhv:
/var/tmp/fcpFAAa23256:
   tdedxv:
       entry    tdedxr:
/var/tmp/fcpFAAa23256:
   tdxerr:
/var/tmp/fcpFAAa23256:
   tidhyp:
/var/tmp/fcpFAAa23256:
   tmdedx:
/var/tmp/fcpFAAa23256:
   tmpddx:
/var/tmp/fcpFAAa23256:
   tpdhyp:
/var/tmp/fcpFAAa23256:
   tpxerr:
/var/tmp/fcpFAAa23256:
   txdedx:
/var/tmp/fcpFAAa23256:
   txpddx:
/var/tmp/fcpFAAa23287:
   eclean:
/var/tmp/fcpFAAa23287:
   ecprhi:
/var/tmp/fcpFAAa23287:
   ecprto:
/var/tmp/fcpFAAa23287:
   ecprtr:
/var/tmp/fcpFAAa23287:
   ecprwi:
/var/tmp/fcpFAAa23287:
   emtzer:
/var/tmp/fcpFAAa23313:
   acoupe:
/var/tmp/fcpFAAa23313:
   aire:
/var/tmp/fcpFAAa23313:
   airsct:
/var/tmp/fcpFAAa23313:
   avolum:
/var/tmp/fcpFAAa23313:
   ealgmk:
/var/tmp/fcpFAAa23313:
   ealign:
/var/tmp/fcpFAAa23313:
   ealtmk:
/var/tmp/fcpFAAa23313:
   ecdfrd:
/var/tmp/fcpFAAa23313:
   ecplst:
/var/tmp/fcpFAAa23313:
   ecrwrg:
/var/tmp/fcpFAAa23313:
   ecsgeo:
/var/tmp/fcpFAAa23313:
   ectilt:
/var/tmp/fcpFAAa23313:
   ecylnd:
/var/tmp/fcpFAAa23313:
   edefcl:
/var/tmp/fcpFAAa23313:
   edefec:
/var/tmp/fcpFAAa23313:
   edeflg:
/var/tmp/fcpFAAa23313:
   edefmd:
/var/tmp/fcpFAAa23313:
   edefsc:
/var/tmp/fcpFAAa23313:
   edefsp:
/var/tmp/fcpFAAa23313:
   edefss:
/var/tmp/fcpFAAa23313:
   edisgn:
/var/tmp/fcpFAAa23313:
   efncrs:
/var/tmp/fcpFAAa23313:
   efndcl:
/var/tmp/fcpFAAa23313:
   efndlg:
/var/tmp/fcpFAAa23313:
   efndmd:
/var/tmp/fcpFAAa23313:
   efndpl:
/var/tmp/fcpFAAa23313:
   efndrg:
/var/tmp/fcpFAAa23313:
   efndsc:
/var/tmp/fcpFAAa23313:
   efndss:
/var/tmp/fcpFAAa23313:
   efndst:
/var/tmp/fcpFAAa23313:
   efndtw:
/var/tmp/fcpFAAa23313:
   efnicr:
/var/tmp/fcpFAAa23313:
   efnitw:
/var/tmp/fcpFAAa23313:
   efnlay:
/var/tmp/fcpFAAa23313:
   egptlg:
/var/tmp/fcpFAAa23313:
   egptsp:
/var/tmp/fcpFAAa23313:
   egtlnf:
/var/tmp/fcpFAAa23313:
   ehsimt:
/var/tmp/fcpFAAa23313:
   eintst:
/var/tmp/fcpFAAa23313:
   einvrl:
/var/tmp/fcpFAAa23313:
   elimin:
/var/tmp/fcpFAAa23313:
   elimrg:
/var/tmp/fcpFAAa23313:
   elimsc:
/var/tmp/fcpFAAa23313:
   elimst:
/var/tmp/fcpFAAa23313:
   elocal:
/var/tmp/fcpFAAa23313:
   emabsl:
/var/tmp/fcpFAAa23313:
   emdedx:
/var/tmp/fcpFAAa23313:
   emdtow:
/var/tmp/fcpFAAa23313:
   empact:
/var/tmp/fcpFAAa23313:
   emradl:
/var/tmp/fcpFAAa23313:
   enorme:
/var/tmp/fcpFAAa23313:
   entree:
/var/tmp/fcpFAAa23313:
   eowfar:
/var/tmp/fcpFAAa23313:
   eperce:
/var/tmp/fcpFAAa23313:
   eplmst:
/var/tmp/fcpFAAa23313:
   eplnor:
/var/tmp/fcpFAAa23313:
   eplscc:
/var/tmp/fcpFAAa23313:
   eplscf:
/var/tmp/fcpFAAa23313:
   eplscn:
/var/tmp/fcpFAAa23313:
   eplsdi:
/var/tmp/fcpFAAa23313:
   eplsqf:
/var/tmp/fcpFAAa23313:
   eplsql:
/var/tmp/fcpFAAa23313:
   eplst:
/var/tmp/fcpFAAa23313:
   eprcom:
/var/tmp/fcpFAAa23313:
   eqedge:
/var/tmp/fcpFAAa23313:
   erddaf:
/var/tmp/fcpFAAa23313:
   erogen:
/var/tmp/fcpFAAa23313:
   erosys:
/var/tmp/fcpFAAa23313:
   erotpl:
/var/tmp/fcpFAAa23313:
   erotpt:
/var/tmp/fcpFAAa23313:
   erpads:
/var/tmp/fcpFAAa23313:
   erwidt:
/var/tmp/fcpFAAa23313:
   esrbc:
/var/tmp/fcpFAAa23313:
   esrcr:
/var/tmp/fcpFAAa23313:
   esrct:
/var/tmp/fcpFAAa23313:
   esrdir:
/var/tmp/fcpFAAa23313:
   esrfc:
/var/tmp/fcpFAAa23313:
   esrpl:
/var/tmp/fcpFAAa23313:
   esrpt:
/var/tmp/fcpFAAa23313:
   etetrd:
/var/tmp/fcpFAAa23313:
   ethru:
/var/tmp/fcpFAAa23313:
   etouch:
/var/tmp/fcpFAAa23313:
   etzsmd:
/var/tmp/fcpFAAa23313:
   etzssl:
/var/tmp/fcpFAAa23313:
   evabsl:
/var/tmp/fcpFAAa23313:
   evdedx:
/var/tmp/fcpFAAa23313:
   evfois:
/var/tmp/fcpFAAa23313:
   evolcr:
/var/tmp/fcpFAAa23313:
   evolct:
/var/tmp/fcpFAAa23313:
   evolfc:
/var/tmp/fcpFAAa23313:
   evolpl:
/var/tmp/fcpFAAa23313:
   evolum:
/var/tmp/fcpFAAa23313:
   evradl:
/var/tmp/fcpFAAa23313:
   expand:
/var/tmp/fcpFAAa23313:
   expfrf:
/var/tmp/fcpFAAa23313:
   expnec:
/var/tmp/fcpFAAa23313:
   exrwrw:
/var/tmp/fcpFAAa23313:
   vect4:
/var/tmp/fcpFAAa23624:
   alclasw:
/var/tmp/fcpFAAa23624:
   alrwev:
/var/tmp/fcpFAAa23624:
   alsumcl:
       entry    alsumgt:
/var/tmp/fcpFAAa23624:
   chkclas:
/var/tmp/fcpFAAa23624:
   clas24:
/var/tmp/fcpFAAa23624:
   clas26:
/var/tmp/fcpFAAa23624:
   clas278:
/var/tmp/fcpFAAa23624:
   ecaget:
/var/tmp/fcpFAAa23624:
   ecalsl:
/var/tmp/fcpFAAa23624:
   ecalwr:
/var/tmp/fcpFAAa23624:
   ecphco:
/var/tmp/fcpFAAa23624:
   eewirs:
/var/tmp/fcpFAAa23624:
   enlcal:
/var/tmp/fcpFAAa23624:
   enlcl2:
/var/tmp/fcpFAAa23624:
   esumw:
/var/tmp/fcpFAAa23624:
   esweh:
/var/tmp/fcpFAAa23624:
   ggesum:
/var/tmp/fcpFAAa23624:
   ggseh:
/var/tmp/fcpFAAa23624:
   ggtrkh:
/var/tmp/fcpFAAa23624:
   hcalen:
/var/tmp/fcpFAAa23624:
   hvobit:
/var/tmp/fcpFAAa23624:
   lepto:
/var/tmp/fcpFAAa23624:
   modfnd:
/var/tmp/fcpFAAa23624:
   muelid:
/var/tmp/fcpFAAa23624:
   mutrgs:
/var/tmp/fcpFAAa23624:
   phedir:
/var/tmp/fcpFAAa23624:
   qptrck:
/var/tmp/fcpFAAa23624:
   qtrkch:
/var/tmp/fcpFAAa23624:
   rejbha:
/var/tmp/fcpFAAa23624:
   rpeco:
/var/tmp/fcpFAAa23624:
/var/tmp/fcpFAAa23624:
   selbha:
/var/tmp/fcpFAAa23624:
   selcal:
/var/tmp/fcpFAAa23624:
   selemu:
/var/tmp/fcpFAAa23624:
   selenu:
/var/tmp/fcpFAAa23624:
   selevt:
/var/tmp/fcpFAAa23624:
   selgge:
/var/tmp/fcpFAAa23624:
   seltrk:
/var/tmp/fcpFAAa23624:
   selwwa:
/var/tmp/fcpFAAa23624:
   selwwb:
/var/tmp/fcpFAAa23624:
   siedir:
/var/tmp/fcpFAAa23624:
   sngmtr:
/var/tmp/fcpFAAa23624:
   sngrnd:
/var/tmp/fcpFAAa23624:
   tizern:
/var/tmp/fcpFAAa23624:
   tizero:
/var/tmp/fcpFAAa23624:
   tracks:
/var/tmp/fcpFAAa23624:
   trioff:
/var/tmp/fcpFAAa23624:
   trkhad:
/var/tmp/fcpFAAa23624:
   trkwws:
/var/tmp/fcpFAAa23624:
   trpfrf:
/var/tmp/fcpFAAa23624:
   truslu:
/var/tmp/fcpFAAa23624:
   ulangl:
/var/tmp/fcpFAAa23624:
   ulthru:
/var/tmp/fcpFAAa23624:
   vdcosmj:
/var/tmp/fcpFAAa23624:
   vurobo:
/var/tmp/fcpFAAa23624:
   wclus:
/var/tmp/fcpFAAa23791:
   fmelos:
/var/tmp/fcpFAAa23791:
   fmhelx:
/var/tmp/fcpFAAa23791:
   fmhitb:
/var/tmp/fcpFAAa23791:
   fminit:
/var/tmp/fcpFAAa23791:
   fmmulx:
/var/tmp/fcpFAAa23791:
   fmprnt:
/var/tmp/fcpFAAa23791:
   fmregn:
/var/tmp/fcpFAAa23791:
   fmscat:
/var/tmp/fcpFAAa23791:
   fmtrak:
/var/tmp/fcpFAAa23812:
   fyfkin:
/var/tmp/fcpFAAa23812:
   fyinev:
/var/tmp/fcpFAAa23812:
   fyirun:
/var/tmp/fcpFAAa23812:
   fykill:
/var/tmp/fcpFAAa23812:
   fykine:
/var/tmp/fcpFAAa23812:
   fyluhc:
/var/tmp/fcpFAAa23812:
   fynhis:
/var/tmp/fcpFAAa23812:
   fyredc:
/var/tmp/fcpFAAa23812:
   fytoki:
/var/tmp/fcpFAAa23812:
   fytree:
/var/tmp/fcpFAAa23835:
   aristo:
/var/tmp/fcpFAAa23835:
   bgetds:
/var/tmp/fcpFAAa23835:
   chacut:
/var/tmp/fcpFAAa23835:
   corad94:
/var/tmp/fcpFAAa23835:
   coradoc:
/var/tmp/fcpFAAa23835:
   defove:
/var/tmp/fcpFAAa23835:
   dstack:
/var/tmp/fcpFAAa23835:
   ebgrix:
/var/tmp/fcpFAAa23835:
   ec4tra:
/var/tmp/fcpFAAa23835:
   ecetdi:
/var/tmp/fcpFAAa23835:
   evtver:
/var/tmp/fcpFAAa23835:
   gaform:
/var/tmp/fcpFAAa23835:
   gagrid:
/var/tmp/fcpFAAa23835:
   gamfak:
/var/tmp/fcpFAAa23835:
   gampek:
/var/tmp/fcpFAAa23835:
   gampex:
/var/tmp/fcpFAAa23835:
   gapgac:
/var/tmp/fcpFAAa23835:
   gapgpc:
/var/tmp/fcpFAAa23835:
   gatral:
/var/tmp/fcpFAAa23835:
   gbulos:
/var/tmp/fcpFAAa23835:
   gemfak:
/var/tmp/fcpFAAa23835:
   gf4lst:
/var/tmp/fcpFAAa23835:
   gfake:
/var/tmp/fcpFAAa23835:
   gfakew:
/var/tmp/fcpFAAa23835:
   gfrac:
/var/tmp/fcpFAAa23835:
   ghafak:
/var/tmp/fcpFAAa23835:
   givsto:
/var/tmp/fcpFAAa23835:
   gxem:
/var/tmp/fcpFAAa23835:
   gxhad:
/var/tmp/fcpFAAa23835:
   gximpa:
/var/tmp/fcpFAAa23835:
   gxmclm:
/var/tmp/fcpFAAa23835:
   gxtran:
/var/tmp/fcpFAAa23835:
   intof4:
/var/tmp/fcpFAAa23835:
   ispark:
/var/tmp/fcpFAAa23835:
   mecrfc:
/var/tmp/fcpFAAa23835:
   morsto:
/var/tmp/fcpFAAa23835:
   ovesto:
/var/tmp/fcpFAAa23835:
   stogam:
/var/tmp/fcpFAAa23835:
   trdist:
/var/tmp/fcpFAAa23835:
   trfire:
/var/tmp/fcpFAAa23835:
   voisto:
/var/tmp/fcpFAAa24098:
   hcboun:
/var/tmp/fcpFAAa24098:
   hccyl:
/var/tmp/fcpFAAa24098:
   hcdeit:
/var/tmp/fcpFAAa24098:
   hcdpsp:
/var/tmp/fcpFAAa24098:
   hcdrbm:
/var/tmp/fcpFAAa24098:
   hcdwsp:
/var/tmp/fcpFAAa24098:
   hcheck:
/var/tmp/fcpFAAa24098:
   hclatu:
/var/tmp/fcpFAAa24098:
   hcmdpl:
/var/tmp/fcpFAAa24098:
   hcprge:
/var/tmp/fcpFAAa24098:
   hcrinv:
/var/tmp/fcpFAAa24098:
   hcrvol:
/var/tmp/fcpFAAa24098:
   hcsamp:
/var/tmp/fcpFAAa24098:
   hcseco:
/var/tmp/fcpFAAa24098:
   hdeadm:
/var/tmp/fcpFAAa24098:
   hfbahi:
/var/tmp/fcpFAAa24098:
   hfbahio:
/var/tmp/fcpFAAa24098:
   hfbhit:
/var/tmp/fcpFAAa24098:
   hfehit:
/var/tmp/fcpFAAa24098:
   hfenhi:
/var/tmp/fcpFAAa24098:
   hfndmd:
/var/tmp/fcpFAAa24098:
   hfndtw:
/var/tmp/fcpFAAa24098:
   hgetga:
/var/tmp/fcpFAAa24098:
   hgetju:
/var/tmp/fcpFAAa24098:
   hginit:
/var/tmp/fcpFAAa24098:
   hintst:
/var/tmp/fcpFAAa24098:
   hneigh:
/var/tmp/fcpFAAa24098:
   hnreg:
/var/tmp/fcpFAAa24098:
   hphmod:
/var/tmp/fcpFAAa24098:
   hrddaf:
/var/tmp/fcpFAAa24098:
   hsrcr:
/var/tmp/fcpFAAa24098:
   htadco:
/var/tmp/fcpFAAa24098:
   htadde:
/var/tmp/fcpFAAa24098:
   htstec:
/var/tmp/fcpFAAa24098:
   htuacl:
/var/tmp/fcpFAAa24098:
   htulen:
/var/tmp/fcpFAAa24098:
   htxang:
/var/tmp/fcpFAAa24098:
   htxdtl:
/var/tmp/fcpFAAa24098:
   htxspl:
/var/tmp/fcpFAAa24098:
   husran:
/var/tmp/fcpFAAa24098:
   hytrsf:
/var/tmp/fcpFAAa24186:
   ifecon:
/var/tmp/fcpFAAa24186:
   igeomw:
/var/tmp/fcpFAAa24186:
   igetdb:
/var/tmp/fcpFAAa24186:
   iinali:
/var/tmp/fcpFAAa24186:
   iinres:
/var/tmp/fcpFAAa24186:
   iprdaf:
/var/tmp/fcpFAAa24186:
   irddaf:
/var/tmp/fcpFAAa24228:
   iasiga:
/var/tmp/fcpFAAa24228:
   icdrif:
/var/tmp/fcpFAAa24228:
   icrcoo:
/var/tmp/fcpFAAa24228:
   iddist:
/var/tmp/fcpFAAa24228:
   ilatch:
/var/tmp/fcpFAAa24228:
   ilivew:
/var/tmp/fcpFAAa24228:
   imicco:
/var/tmp/fcpFAAa24228:
   iresrp:
/var/tmp/fcpFAAa24228:
   itcflg:
/var/tmp/fcpFAAa24228:
   itdcor:
/var/tmp/fcpFAAa24228:
   itdrif:
/var/tmp/fcpFAAa24228:
   itprdi:
/var/tmp/fcpFAAa24228:
   itprht:
/var/tmp/fcpFAAa24228:
   itqual:
/var/tmp/fcpFAAa24228:
   itrotn:
/var/tmp/fcpFAAa24228:
   itswco:
/var/tmp/fcpFAAa24228:
   itxflg:
/var/tmp/fcpFAAa24228:
   itxing:
/var/tmp/fcpFAAa24228:
   iudoca:
/var/tmp/fcpFAAa24228:
   iupcco:
/var/tmp/fcpFAAa24228:
   iuvcrs:
/var/tmp/fcpFAAa24228:
   ixhits:
/var/tmp/fcpFAAa24297:
   uba2pi:
       entry    ubapi:
       entry    ubapi2:
/var/tmp/fcpFAAa24297:
   uf2arc:
/var/tmp/fcpFAAa24297:
   uf2crd:
/var/tmp/fcpFAAa24297:
   uf2trk:
/var/tmp/fcpFAAa24297:
   uf2use:
/var/tmp/fcpFAAa24297:
   ufbebl:
/var/tmp/fcpFAAa24297:
   ufberr:
/var/tmp/fcpFAAa24297:
   ufchi2:
/var/tmp/fcpFAAa24297:
   ufcova:
/var/tmp/fcpFAAa24297:
   ufdisc:
/var/tmp/fcpFAAa24297:
   ufecal:
/var/tmp/fcpFAAa24297:
   ufg2gt:
/var/tmp/fcpFAAa24297:
   ufgain:
/var/tmp/fcpFAAa24297:
   ufgett:
/var/tmp/fcpFAAa24297:
   ufjaco:
/var/tmp/fcpFAAa24297:
   ufloss:
/var/tmp/fcpFAAa24297:
   ufqprc:
/var/tmp/fcpFAAa24297:
   ufrein:
       entry    uf2sca:
       entry    uftfil:
/var/tmp/fcpFAAa24297:
   ufscov:
/var/tmp/fcpFAAa24297:
   ufstat:
/var/tmp/fcpFAAa24297:
   ufswmc:
       entry    uoloss:
/var/tmp/fcpFAAa24297:
   ufswms:
/var/tmp/fcpFAAa24297:
   ufswmx:
/var/tmp/fcpFAAa24297:
   uftkal:
       entry    ufmkal:
       entry    uftrac:
       entry    uftome:
       entry    ufttal:
       entry    uftmom:
       entry    uftrad:
       entry    dalinf:
       entry    ufdali:
       entry    ufswim:
       entry    ufclim:
       entry    ufvdin:
       entry    ufvdou:
       entry    uf2res:
       entry    uf2trm:
       entry    uf2tpo:
       entry    uf2pnt:
       entry    uf2xyz:
/var/tmp/fcpFAAa24297:
   uftran:
/var/tmp/fcpFAAa24297:
   ufttra:
/var/tmp/fcpFAAa24297:
   ufvdms:
       entry    ufvdmm:
/var/tmp/fcpFAAa24297:
   uload:
/var/tmp/fcpFAAa24297:
   upcons:
/var/tmp/fcpFAAa24297:
   utproc:
/var/tmp/fcpFAAa24441:
/var/tmp/fcpFAAa24441:
/var/tmp/fcpFAAa24441:
/var/tmp/fcpFAAa24441:
/var/tmp/fcpFAAa24441:
   kbkine:
/var/tmp/fcpFAAa24441:
   kbklin:
/var/tmp/fcpFAAa24441:
   kbpart:
/var/tmp/fcpFAAa24441:
   kbvert:
/var/tmp/fcpFAAa24441:
   kclean:
/var/tmp/fcpFAAa24441:
   keevt:
/var/tmp/fcpFAAa24441:
   kejob:
/var/tmp/fcpFAAa24441:
   kfevbk:
/var/tmp/fcpFAAa24441:
   kgdecl:
/var/tmp/fcpFAAa24441:
   kgpart:
/var/tmp/fcpFAAa24441:
   kiaver:
/var/tmp/fcpFAAa24441:
   kibprs:
/var/tmp/fcpFAAa24441:
   kifynw:
/var/tmp/fcpFAAa24441:
   kifyol:
/var/tmp/fcpFAAa24441:
   kinit:
/var/tmp/fcpFAAa24441:
   kkdrop:
/var/tmp/fcpFAAa24441:
   kkmove:
/var/tmp/fcpFAAa24441:
   kluzet:
/var/tmp/fcpFAAa24441:
   kmkrun:
/var/tmp/fcpFAAa24441:
   kmpart:
/var/tmp/fcpFAAa24441:
   kmrunh:
/var/tmp/fcpFAAa24441:
   knodec:
/var/tmp/fcpFAAa24441:
   kp6sho:
/var/tmp/fcpFAAa24441:
   kp6zfr:
/var/tmp/fcpFAAa24441:
   kpyzet:
/var/tmp/fcpFAAa24441:
   ksecbk:
/var/tmp/fcpFAAa24441:
   kshobk:
/var/tmp/fcpFAAa24441:
   kswap:
/var/tmp/fcpFAAa24441:
   kxl74a:
/var/tmp/fcpFAAa24441:
   kxl7al:
/var/tmp/fcpFAAa24441:
   kxl7br:
/var/tmp/fcpFAAa24441:
   kxl7co:
/var/tmp/fcpFAAa24441:
   kxl7pa:
/var/tmp/fcpFAAa24441:
   kxl7st:
/var/tmp/fcpFAAa24441:
   kxl7to:
/var/tmp/fcpFAAa24441:
   kxlual:
/var/tmp/fcpFAAa24441:
   kxlubr:
/var/tmp/fcpFAAa24441:
   kxluco:
/var/tmp/fcpFAAa24441:
   kxlupa:
/var/tmp/fcpFAAa24441:
   kxlupr:
/var/tmp/fcpFAAa24441:
   kxluto:
/var/tmp/fcpFAAa24441:
   kxp6al:
/var/tmp/fcpFAAa24441:
   kxp6br:
/var/tmp/fcpFAAa24441:
   kxp6co:
/var/tmp/fcpFAAa24441:
   kxp6in:
/var/tmp/fcpFAAa24441:
   kxp6st:
/var/tmp/fcpFAAa24441:
   kxp6to:
/var/tmp/fcpFAAa24441:
   kzfrbk:
/var/tmp/fcpFAAa24559:
   lcalmv:
/var/tmp/fcpFAAa24564:
   mbapol:
/var/tmp/fcpFAAa24564:
   mbspol:
/var/tmp/fcpFAAa24564:
   menpol:
/var/tmp/fcpFAAa24564:
   mginit:
/var/tmp/fcpFAAa24564:
   mmapol:
/var/tmp/fcpFAAa24564:
   muprge:
/var/tmp/fcpFAAa24564:
   mxyloc:
/var/tmp/fcpFAAa24604:
   maklis:
/var/tmp/fcpFAAa24604:
   mdscr:
/var/tmp/fcpFAAa24604:
   mucalo:
/var/tmp/fcpFAAa24604:
   mucatr:
/var/tmp/fcpFAAa24604:
   mudbe:
/var/tmp/fcpFAAa24604:
   mudso:
/var/tmp/fcpFAAa24621:
   alprob:
/var/tmp/fcpFAAa24621:
   amuid:
/var/tmp/fcpFAAa24621:
   hdodgy:
/var/tmp/fcpFAAa24621:
   hgsudn:
/var/tmp/fcpFAAa24621:
   hrhtub:
/var/tmp/fcpFAAa24621:
   mrmhit:
/var/tmp/fcpFAAa24621:
   mshad:
/var/tmp/fcpFAAa24621:
   msolmc:
/var/tmp/fcpFAAa24621:
   msolsh:
/var/tmp/fcpFAAa24621:
   muidf:
/var/tmp/fcpFAAa24621:
   muido:
/var/tmp/fcpFAAa24647:
   bulos:
/var/tmp/fcpFAAa24647:
   clmoms:
/var/tmp/fcpFAAa24647:
   ebaryc:
/var/tmp/fcpFAAa24647:
   ebcdrg:
/var/tmp/fcpFAAa24647:
   ebclap:
/var/tmp/fcpFAAa24647:
   ebclcf:
/var/tmp/fcpFAAa24647:
   ebcocl:
/var/tmp/fcpFAAa24647:
   ebcohd:
/var/tmp/fcpFAAa24647:
   ebconf:
/var/tmp/fcpFAAa24647:
   ebcosi:
/var/tmp/fcpFAAa24647:
   ebcrad:
/var/tmp/fcpFAAa24647:
   ebcrep:
/var/tmp/fcpFAAa24647:
   ebdevi:
/var/tmp/fcpFAAa24647:
   ebecmd:
/var/tmp/fcpFAAa24647:
   ebgaga:
/var/tmp/fcpFAAa24647:
   ebgene:
/var/tmp/fcpFAAa24647:
   ebgrid:
/var/tmp/fcpFAAa24647:
   ebhadr:
/var/tmp/fcpFAAa24647:
   ebhaha:
/var/tmp/fcpFAAa24647:
   ebimpa:
/var/tmp/fcpFAAa24647:
   ebimpc:
/var/tmp/fcpFAAa24647:
   ebinit:
/var/tmp/fcpFAAa24647:
   ebleak:
/var/tmp/fcpFAAa24647:
   eblong:
/var/tmp/fcpFAAa24647:
   eblpst:
/var/tmp/fcpFAAa24647:
   ebneut:
/var/tmp/fcpFAAa24647:
   eboidp:
/var/tmp/fcpFAAa24647:
   ebpara:
/var/tmp/fcpFAAa24647:
   ebphcc:
/var/tmp/fcpFAAa24647:
   ebprep:
/var/tmp/fcpFAAa24647:
   ebprga:
/var/tmp/fcpFAAa24647:
   ebrack:
/var/tmp/fcpFAAa24647:
   ebranc:
/var/tmp/fcpFAAa24647:
   ebrgcd:
/var/tmp/fcpFAAa24647:
   ebsatu:
/var/tmp/fcpFAAa24647:
   ebshap:
/var/tmp/fcpFAAa24647:
   ebshow:
/var/tmp/fcpFAAa24647:
   ebslim:
/var/tmp/fcpFAAa24647:
   ebstak:
/var/tmp/fcpFAAa24647:
   ebtran:
/var/tmp/fcpFAAa24647:
   ebtzth:
/var/tmp/fcpFAAa24647:
   ebvlap:
/var/tmp/fcpFAAa24647:
   ebyphi:
/var/tmp/fcpFAAa24647:
   ecleak:
/var/tmp/fcpFAAa24647:
   enof4:
/var/tmp/fcpFAAa24647:
   enol12:
/var/tmp/fcpFAAa24647:
   enolwf:
/var/tmp/fcpFAAa24647:
   enow12:
/var/tmp/fcpFAAa24647:
   gapgid:
/var/tmp/fcpFAAa24647:
   gbimpa:
/var/tmp/fcpFAAa24647:
   gbneut:
/var/tmp/fcpFAAa24647:
   gbtran:
/var/tmp/fcpFAAa24647:
   gvercr:
/var/tmp/fcpFAAa24847:
   ainjet:
/var/tmp/fcpFAAa24847:
   alclus:
/var/tmp/fcpFAAa24847:
   alrobo:
/var/tmp/fcpFAAa24847:
   althru:
/var/tmp/fcpFAAa24847:
   fjmmcl:
/var/tmp/fcpFAAa24847:
   getx:
/var/tmp/fcpFAAa24847:
   gety:
/var/tmp/fcpFAAa24847:
   jpcomb:
/var/tmp/fcpFAAa24847:
   pairfd:
       entry    paircp:
/var/tmp/fcpFAAa24847:
   pidecy:
/var/tmp/fcpFAAa24847:
   pjlink:
/var/tmp/fcpFAAa24902:
   bprtab:
/var/tmp/fcpFAAa24902:
   frftdp:
/var/tmp/fcpFAAa24902:
   ftkdmp:
/var/tmp/fcpFAAa24902:
   hcprind:
/var/tmp/fcpFAAa24902:
   muprdi:
/var/tmp/fcpFAAa24902:
   muprht:
/var/tmp/fcpFAAa24902:
   prdtmc:
/var/tmp/fcpFAAa24902:
   prfkin:
/var/tmp/fcpFAAa24902:
   prgdec:
/var/tmp/fcpFAAa24902:
   primpa:
/var/tmp/fcpFAAa24902:
   prkine:
/var/tmp/fcpFAAa24902:
   prpart:
/var/tmp/fcpFAAa24902:
   prrhah:
/var/tmp/fcpFAAa24902:
   prtabl:
/var/tmp/fcpFAAa24902:
   smprt:
/var/tmp/fcpFAAa24902:
   tpaddp:
/var/tmp/fcpFAAa24902:
   tpcodp:
/var/tmp/fcpFAAa24975:
   fpkcm:
/var/tmp/fcpFAAa24975:
   fptoj:
/var/tmp/fcpFAAa24975:
   fupkcm:
/var/tmp/fcpFAAa24975:
   iptoj:
/var/tmp/fcpFAAa24975:
   nvpcob:
/var/tmp/fcpFAAa24975:
   nvpeco:
/var/tmp/fcpFAAa24975:
   pcmecu:
/var/tmp/fcpFAAa24975:
   pcpatq:
/var/tmp/fcpFAAa24975:
   pcrltj:
/var/tmp/fcpFAAa24975:
   pechic:
/var/tmp/fcpFAAa24975:
   peidtj:
/var/tmp/fcpFAAa24975:
   phchic:
/var/tmp/fcpFAAa24975:
   phmadj:
/var/tmp/fcpFAAa24975:
   phstoj:
/var/tmp/fcpFAAa24975:
   pitcoj:
/var/tmp/fcpFAAa24975:
   pitmaj:
/var/tmp/fcpFAAa24975:
   pjpfxt:
/var/tmp/fcpFAAa24975:
   pscooj:
/var/tmp/fcpFAAa24975:
   pstcpj:
/var/tmp/fcpFAAa24975:
   ptbcoj:
/var/tmp/fcpFAAa24975:
   ptexsj:
/var/tmp/fcpFAAa24975:
   ptgmaj:
/var/tmp/fcpFAAa24975:
   ptpcoj:
/var/tmp/fcpFAAa24975:
   sptoj:
/var/tmp/fcpFAAa24975:
   tficor:
/var/tmp/fcpFAAa24975:
   tfiltu:
/var/tmp/fcpFAAa24975:
   tfipol:
/var/tmp/fcpFAAa24975:
   tptoj:
/var/tmp/fcpFAAa24975:
   tsrtco:
/var/tmp/fcpFAAa24975:
   tun1co:
/var/tmp/fcpFAAa24975:
   tun1nc:
/var/tmp/fcpFAAa25143:
   saprdi:
/var/tmp/fcpFAAa25143:
   saprhi:
/var/tmp/fcpFAAa25154:
   siator:
/var/tmp/fcpFAAa25154:
   siatox:
/var/tmp/fcpFAAa25154:
   sidali:
/var/tmp/fcpFAAa25154:
   sidcod:
/var/tmp/fcpFAAa25154:
   sidcoz:
/var/tmp/fcpFAAa25154:
   siencd:
/var/tmp/fcpFAAa25154:
   siencz:
/var/tmp/fcpFAAa25154:
   sigtgo:
/var/tmp/fcpFAAa25154:
   siidpo:
/var/tmp/fcpFAAa25154:
   siitor:
/var/tmp/fcpFAAa25154:
   siltox:
/var/tmp/fcpFAAa25154:
   siploc:
/var/tmp/fcpFAAa25154:
   siprgo:
/var/tmp/fcpFAAa25154:
   siptoj:
/var/tmp/fcpFAAa25154:
   sirdaf:
/var/tmp/fcpFAAa25154:
   sirloc:
/var/tmp/fcpFAAa25154:
   sirtoa:
/var/tmp/fcpFAAa25154:
   sirtoi:
/var/tmp/fcpFAAa25154:
   sixtoa:
/var/tmp/fcpFAAa25154:
   sixtoi:
/var/tmp/fcpFAAa25154:
   sixtol:
/var/tmp/fcpFAAa25154:
   sizfri:
/var/tmp/fcpFAAa25154:
   siztoi:
/var/tmp/fcpFAAa25154:
   stmask:
/var/tmp/fcpFAAa25154:
   strigf:
/var/tmp/fcpFAAa25221:
   talini:
/var/tmp/fcpFAAa25221:
   tcorec:
/var/tmp/fcpFAAa25221:
   tcrtrn:
/var/tmp/fcpFAAa25221:
   tctglb:
/var/tmp/fcpFAAa25221:
   tctsec:
/var/tmp/fcpFAAa25221:
   tgedmp:
/var/tmp/fcpFAAa25221:
   tgepbk:
/var/tmp/fcpFAAa25221:
   tgepri:
/var/tmp/fcpFAAa25221:
   tgewir:
/var/tmp/fcpFAAa25221:
   tghpal:
/var/tmp/fcpFAAa25221:
   tghpts:
/var/tmp/fcpFAAa25221:
   thtflg:
/var/tmp/fcpFAAa25221:
   thtran:
/var/tmp/fcpFAAa25221:
   tmatut:
/var/tmp/fcpFAAa25221:
   tpdint:
/var/tmp/fcpFAAa25221:
   trddaf:
/var/tmp/fcpFAAa25221:
   trdt90:
/var/tmp/fcpFAAa25221:
   trhflg:
/var/tmp/fcpFAAa25221:
   tschek:
/var/tmp/fcpFAAa25221:
   tscint:
/var/tmp/fcpFAAa25221:
   tsnext:
/var/tmp/fcpFAAa25277:
   tcores:
/var/tmp/fcpFAAa25277:
   tcrtof:
/var/tmp/fcpFAAa25277:
   tcrtra:
/var/tmp/fcpFAAa25277:
   tcrzvd:
/var/tmp/fcpFAAa25277:
   tdfvru:
/var/tmp/fcpFAAa25277:
   tfcini:
/var/tmp/fcpFAAa25277:
   tfimul:
/var/tmp/fcpFAAa25277:
   tfixt0:
/var/tmp/fcpFAAa25277:
   tgtcur:
/var/tmp/fcpFAAa25277:
   timdif:
/var/tmp/fcpFAAa25277:
   tlacoc:
/var/tmp/fcpFAAa25277:
   tlacop:
/var/tmp/fcpFAAa25277:
   tlacor:
/var/tmp/fcpFAAa25277:
   tnfvru:
/var/tmp/fcpFAAa25277:
   tpdvel:
/var/tmp/fcpFAAa25277:
   tprcoo:
/var/tmp/fcpFAAa25277:
   tprhit:
/var/tmp/fcpFAAa25277:
   twpana:
/var/tmp/fcpFAAa25277:
   twpold:
/var/tmp/fcpFAAa25277:
   twrred:
/var/tmp/fcpFAAa25277:
   tzcrvd:
/var/tmp/fcpFAAa25277:
   tzcsvd:
/var/tmp/fcpFAAa25379:
   sidisc:
/var/tmp/fcpFAAa25379:
   sitrin:
/var/tmp/fcpFAAa25379:
   six2mk:
/var/tmp/fcpFAAa25379:
   sixamk:
/var/tmp/fcpFAAa25379:
   sixapr:
/var/tmp/fcpFAAa25379:
   x1aptn:
/var/tmp/fcpFAAa25379:
   x1aptr:
/var/tmp/fcpFAAa25379:
   x1book:
/var/tmp/fcpFAAa25379:
   x1dceb:
/var/tmp/fcpFAAa25379:
   x1disc:
/var/tmp/fcpFAAa25379:
   x1disn:
/var/tmp/fcpFAAa25379:
   x1ecwm:
/var/tmp/fcpFAAa25379:
   x1hisn:
/var/tmp/fcpFAAa25379:
   x1hist:
/var/tmp/fcpFAAa25379:
   x1ini:
/var/tmp/fcpFAAa25379:
   x1inp:
/var/tmp/fcpFAAa25379:
   x1irun:
/var/tmp/fcpFAAa25379:
   x1mixi:
/var/tmp/fcpFAAa25379:
   x1mixn:
/var/tmp/fcpFAAa25379:
   x1outp:
/var/tmp/fcpFAAa25379:
   x1prep:
/var/tmp/fcpFAAa25379:
   x1prnt:
/var/tmp/fcpFAAa25379:
   x1redo:
/var/tmp/fcpFAAa25379:
   x1rsum:
/var/tmp/fcpFAAa25379:
   x1time:
/var/tmp/fcpFAAa25379:
   x1trg:
/var/tmp/fcpFAAa25379:
   x1trig:
/var/tmp/fcpFAAa25379:
   x1wsum:
/var/tmp/fcpFAAa25379:
   x2book:
/var/tmp/fcpFAAa25379:
   x2dfcd:
/var/tmp/fcpFAAa25379:
   x2irun:
/var/tmp/fcpFAAa25379:
   x2luts:
/var/tmp/fcpFAAa25379:
   x2nami:
/var/tmp/fcpFAAa25379:
   x2prhi:
/var/tmp/fcpFAAa25379:
   x2prin:
/var/tmp/fcpFAAa25379:
   x2trig:
/var/tmp/fcpFAAa25379:
   x2wsum:
/var/tmp/fcpFAAa25798:
   vabcfl:
/var/tmp/fcpFAAa25798:
   vabcvu:
/var/tmp/fcpFAAa25798:
   vabcxy:
/var/tmp/fcpFAAa25798:
   vaddpk:
/var/tmp/fcpFAAa25798:
   vaddun:
/var/tmp/fcpFAAa25798:
   vadesa:
/var/tmp/fcpFAAa25798:
   vadewa:
/var/tmp/fcpFAAa25798:
   vaensa:
/var/tmp/fcpFAAa25798:
   vaenwa:
/var/tmp/fcpFAAa25798:
   valfco:
/var/tmp/fcpFAAa25798:
   vbnkdp:
/var/tmp/fcpFAAa25798:
   vbrjwa:
/var/tmp/fcpFAAa25798:
   vchnst:
/var/tmp/fcpFAAa25798:
   vcormp:
/var/tmp/fcpFAAa25798:
   vcscec:
/var/tmp/fcpFAAa25798:
   vdacrs:
/var/tmp/fcpFAAa25798:
   vdafrd:
/var/tmp/fcpFAAa25798:
   vdamb:
/var/tmp/fcpFAAa25798:
   vdarge:
/var/tmp/fcpFAAa25798:
   vdcflt:
/var/tmp/fcpFAAa25798:
   vdchnb:
/var/tmp/fcpFAAa25798:
   vdcwrs:
/var/tmp/fcpFAAa25798:
   vdecsc:
/var/tmp/fcpFAAa25798:
   vdetgi:
/var/tmp/fcpFAAa25798:
   vdfirs:
/var/tmp/fcpFAAa25798:
   vdgdmp:
/var/tmp/fcpFAAa25798:
   vdgtch:
/var/tmp/fcpFAAa25798:
   vdgtol:
/var/tmp/fcpFAAa25798:
   vdindx:
/var/tmp/fcpFAAa25798:
   vdlcps:
/var/tmp/fcpFAAa25798:
   vdlcrs:
/var/tmp/fcpFAAa25798:
   vdpgeo:
/var/tmp/fcpFAAa25798:
   vdpslc:
/var/tmp/fcpFAAa25798:
   vdpsrs:
/var/tmp/fcpFAAa25798:
   vdrmax:
/var/tmp/fcpFAAa25798:
   vdrmin:
/var/tmp/fcpFAAa25798:
   vdrslc:
/var/tmp/fcpFAAa25798:
   vdrsps:
/var/tmp/fcpFAAa25798:
   vdrssc:
/var/tmp/fcpFAAa25798:
   vdscec:
/var/tmp/fcpFAAa25798:
   vdscrs:
/var/tmp/fcpFAAa25798:
   vdwfxy:
/var/tmp/fcpFAAa25798:
   vdyear:
/var/tmp/fcpFAAa25798:
   vdzmax:
/var/tmp/fcpFAAa25798:
   vfacsn:
/var/tmp/fcpFAAa25798:
   vfadim:
/var/tmp/fcpFAAa25798:
   vfaori:
/var/tmp/fcpFAAa25798:
   vfasdp:
/var/tmp/fcpFAAa25798:
   vfasmd:
/var/tmp/fcpFAAa25798:
   vffacw:
/var/tmp/fcpFAAa25798:
   vfjfac:
/var/tmp/fcpFAAa25798:
   vfjmod:
/var/tmp/fcpFAAa25798:
   vfjwaf:
/var/tmp/fcpFAAa25798:
   vfnear:
/var/tmp/fcpFAAa25798:
   vfwaff:
/var/tmp/fcpFAAa25798:
   vfwafi:
/var/tmp/fcpFAAa25798:
   vgcadi:
/var/tmp/fcpFAAa25798:
   vgcmtr:
/var/tmp/fcpFAAa25798:
   vgcrmt:
/var/tmp/fcpFAAa25798:
   vgexro:
/var/tmp/fcpFAAa25798:
   vggtno:
/var/tmp/fcpFAAa25798:
   vgintr:
/var/tmp/fcpFAAa25798:
   vgrdal:
/var/tmp/fcpFAAa25798:
   vgrdls:
/var/tmp/fcpFAAa25798:
   vgtber:
/var/tmp/fcpFAAa25798:
   vgtrve:
/var/tmp/fcpFAAa25798:
   vgwfvu:
/var/tmp/fcpFAAa25798:
   vgwfxy:
/var/tmp/fcpFAAa25798:
   vifaci:
/var/tmp/fcpFAAa25798:
   vimmod:
/var/tmp/fcpFAAa25798:
   vimodi:
/var/tmp/fcpFAAa25798:
   vimodm:
/var/tmp/fcpFAAa25798:
   vimodr:
/var/tmp/fcpFAAa25798:
   vindxi:
/var/tmp/fcpFAAa25798:
   vinibm:
/var/tmp/fcpFAAa25798:
   vinist:
/var/tmp/fcpFAAa25798:
   vinivg:
/var/tmp/fcpFAAa25798:
   vinlsw:
/var/tmp/fcpFAAa25798:
   vinsen:
/var/tmp/fcpFAAa25798:
   vinter:
/var/tmp/fcpFAAa25798:
   vintlf:
/var/tmp/fcpFAAa25798:
   vintlw:
/var/tmp/fcpFAAa25798:
   viromw:
/var/tmp/fcpFAAa25798:
   vitexi:
/var/tmp/fcpFAAa25798:
   viwafi:
/var/tmp/fcpFAAa25798:
   viwffw:
/var/tmp/fcpFAAa25798:
   vjfaci:
/var/tmp/fcpFAAa25798:
   vjfacm:
/var/tmp/fcpFAAa25798:
   vjfacw:
/var/tmp/fcpFAAa25798:
   vjlayf:
/var/tmp/fcpFAAa25798:
   vjlaym:
/var/tmp/fcpFAAa25798:
   vjlayw:
/var/tmp/fcpFAAa25798:
   vjmodi:
/var/tmp/fcpFAAa25798:
   vjmodm:
/var/tmp/fcpFAAa25798:
   vjmodw:
/var/tmp/fcpFAAa25798:
   vjwabr:
/var/tmp/fcpFAAa25798:
   vjwabw:
/var/tmp/fcpFAAa25798:
   vjwaff:
/var/tmp/fcpFAAa25798:
   vjwafi:
/var/tmp/fcpFAAa25798:
   vjwafm:
/var/tmp/fcpFAAa25798:
   vjwffw:
/var/tmp/fcpFAAa25798:
   vljfac:
/var/tmp/fcpFAAa25798:
   vljmod:
/var/tmp/fcpFAAa25798:
   vljwaf:
/var/tmp/fcpFAAa25798:
   vmcmod:
/var/tmp/fcpFAAa25798:
   vmmfld:
/var/tmp/fcpFAAa25798:
   vmmodj:
/var/tmp/fcpFAAa25798:
   vmodmc:
/var/tmp/fcpFAAa25798:
   vmwafj:
/var/tmp/fcpFAAa25798:
   vnelrm:
/var/tmp/fcpFAAa25798:
   vnfslo:
/var/tmp/fcpFAAa25798:
   vnirfs:
/var/tmp/fcpFAAa25798:
   vnlayr:
/var/tmp/fcpFAAa25798:
   vnrdir:
/var/tmp/fcpFAAa25798:
   vnrfac:
/var/tmp/fcpFAAa25798:
   vnrmod:
/var/tmp/fcpFAAa25798:
   vnromm:
/var/tmp/fcpFAAa25798:
   vnrssc:
/var/tmp/fcpFAAa25798:
   vnrwaf:
/var/tmp/fcpFAAa25798:
   vnrwff:
/var/tmp/fcpFAAa25798:
   vnscrm:
/var/tmp/fcpFAAa25798:
   vnstcm:
/var/tmp/fcpFAAa25798:
   vntfac:
/var/tmp/fcpFAAa25798:
   vntmod:
/var/tmp/fcpFAAa25798:
   vntwaf:
/var/tmp/fcpFAAa25798:
   vphicf:
/var/tmp/fcpFAAa25798:
   vphifc:
/var/tmp/fcpFAAa25798:
   vphifn:
/var/tmp/fcpFAAa25798:
   vphstm:
/var/tmp/fcpFAAa25798:
   vpkadd:
/var/tmp/fcpFAAa25798:
   vrddaf:
/var/tmp/fcpFAAa25798:
   vrecor:
/var/tmp/fcpFAAa25798:
   vrmmod:
/var/tmp/fcpFAAa25798:
   vromax:
/var/tmp/fcpFAAa25798:
   vrostm:
/var/tmp/fcpFAAa25798:
   vrswmd:
/var/tmp/fcpFAAa25798:
   vrswmx:
/var/tmp/fcpFAAa25798:
   vrvmbe:
/var/tmp/fcpFAAa25798:
   vschan:
/var/tmp/fcpFAAa25798:
   vscmec:
/var/tmp/fcpFAAa25798:
   vscmsc:
/var/tmp/fcpFAAa25798:
   vsensi:
/var/tmp/fcpFAAa25798:
   vsetup:
/var/tmp/fcpFAAa25798:
   vslotf:
/var/tmp/fcpFAAa25798:
   vsmjmd:
/var/tmp/fcpFAAa25798:
   vsmmod:
/var/tmp/fcpFAAa25798:
   vsmmtx:
/var/tmp/fcpFAAa25798:
   vstreg:
/var/tmp/fcpFAAa25798:
   vtextm:
/var/tmp/fcpFAAa25798:
   vtextw:
/var/tmp/fcpFAAa25798:
   vunadd:
/var/tmp/fcpFAAa25798:
   vvuwab:
/var/tmp/fcpFAAa25798:
   vvuwxy:
/var/tmp/fcpFAAa25798:
   vwadim:
/var/tmp/fcpFAAa25798:
   vwdist:
/var/tmp/fcpFAAa25798:
   vwffnd:
/var/tmp/fcpFAAa25798:
   vwfind:
/var/tmp/fcpFAAa25798:
   vwthck:
/var/tmp/fcpFAAa25798:
   vxyzab:
/var/tmp/fcpFAAa25798:
   vxyzfc:
/var/tmp/fcpFAAa25798:
   vxyzvu:
/var/tmp/fcpFAAa25798:
   vxyzwa:
/var/tmp/fcpFAAa25798:
   vzmult:
/var/tmp/fcpFAAa25798:
   vzrsrs:
/var/tmp/fcpFAAa26223:
   vdexcy:
/var/tmp/fcpFAAa26223:
   vdherr:
/var/tmp/fcpFAAa26223:
   vdhits:
/var/tmp/fcpFAAa26223:
   vdhter:
/var/tmp/fcpFAAa26223:
   vdmjls:
/var/tmp/fcpFAAa26223:
   vdmsec:
/var/tmp/fcpFAAa26223:
   vdmsrl:
/var/tmp/fcpFAAa26223:
   vdmsup:
/var/tmp/fcpFAAa26223:
   vdmwrs:
/var/tmp/fcpFAAa26223:
   vdprdi:
/var/tmp/fcpFAAa26223:
   vdprht:
/var/tmp/fcpFAAa26223:
   vdttra:
/var/tmp/fcpFAAa26223:
   vherr1:
/var/tmp/fcpFAAa26223:
   vrldgt:
/var/tmp/fcpFAAa26223:
   vrmwf:
/var/tmp/fcpFAAa26223:
   vstrip:
/var/tmp/fcpFAAa26223:
   vtclas:
/var/tmp/fcpFAAa26223:
   vtclld:
/var/tmp/fcpFAAa26223:
   vtderv:
/var/tmp/fcpFAAa26223:
   vtfill:
/var/tmp/fcpFAAa26223:
   vtlink:
/var/tmp/fcpFAAa26223:
   vtrfit:
/var/tmp/fcpFAAa26223:
   vtrkex:
/var/tmp/fcpFAAa26223:
   vtrlas:
/var/tmp/fcpFAAa26223:
   vtruh:
/var/tmp/fcpFAAa26223:
   vtxnwt:
/var/tmp/fcpFAAa26223:
   vtxraw:
/var/tmp/fcpFAAa26223:
   vtxtrk:
/var/tmp/fcpFAAa26366:
   llumok:
/var/tmp/fcpFAAa26366:
   slumok:
/var/tmp/fcpFAAa26366:
   vbitgd:
/var/tmp/fcpFAAa26366:
   xhvbit:
/var/tmp/fcpFAAa26366:
   xhvfix:
/var/tmp/fcpFAAa26366:
   xhvsta:
/var/tmp/fcpFAAa26366:
   xlslum:
/var/tmp/fcpFAAa26366:
   xlumok:
/var/tmp/fcpFAAa26366:
   xre133:
/var/tmp/fcpFAAa26366:
   xre94:
/var/tmp/fcpFAAa26366:
   xt0syn:
/var/tmp/fcpFAAa26366:
   xtgenb:
/var/tmp/fcpFAAa26366:
   xvdeok:
/var/tmp/fcpFAAa26408:
   ys0add:
/var/tmp/fcpFAAa26408:
   ys0clr:
/var/tmp/fcpFAAa26408:
   ys0lld:
/var/tmp/fcpFAAa26408:
   ys0set:
/var/tmp/fcpFAAa26408:
   yscadd:
/var/tmp/fcpFAAa26408:
   yscclr:
/var/tmp/fcpFAAa26408:
   ysclld:
/var/tmp/fcpFAAa26408:
   yscset:
/var/tmp/fcpFAAa26408:
   ysfclr:
/var/tmp/fcpFAAa26408:
   ysfset:
/var/tmp/fcpFAAa26408:
   ysftld:
/var/tmp/fcpFAAa26408:
   ysgets:
/var/tmp/fcpFAAa26408:
   ysklld:
/var/tmp/fcpFAAa26408:
   yspair:
/var/tmp/fcpFAAa26408:
   yspcut:
/var/tmp/fcpFAAa26408:
   yspvft:
/var/tmp/fcpFAAa26408:
   ystadd:
/var/tmp/fcpFAAa26408:
   ystclr:
/var/tmp/fcpFAAa26408:
   ystlld:
/var/tmp/fcpFAAa26408:
   ystset:
/var/tmp/fcpFAAa26408:
   ysvadd:
/var/tmp/fcpFAAa26408:
   ysvbld:
/var/tmp/fcpFAAa26408:
   ysvclr:
/var/tmp/fcpFAAa26408:
   ysvfit:
/var/tmp/fcpFAAa26408:
   ysvmat:
/var/tmp/fcpFAAa26408:
   ysvmrg:
/var/tmp/fcpFAAa26408:
   ysvrtx:
/var/tmp/fcpFAAa26408:
   ysvset:
/var/tmp/fcpFAAa26408:
   ysvsrt:
/var/tmp/fcpFAAa26408:
   ysvtbk:
/var/tmp/fcpFAAa26408:
   ysvtrk:
/var/tmp/fcpFAAa26408:
   ysvx0l:
/var/tmp/fcpFAAa26553:
   BLOCK DATA ybdtop:
/var/tmp/fcpFAAa26553:
   ybipat:
/var/tmp/fcpFAAa26553:
   ycircr:
Compiler error line 115 of ../ytop/ycircr.F: Utils: Sanity Check: Inconsistent internal data structures. (6933)
/var/tmp/fcpFAAa26553:
   ydefrf:
/var/tmp/fcpFAAa26553:
   yfmvtc:
/var/tmp/fcpFAAa26553:
   yfmvtr:
/var/tmp/fcpFAAa26553:
   yftvtc:
/var/tmp/fcpFAAa26553:
   yftvtr:
/var/tmp/fcpFAAa26553:
   yfvmap:
/var/tmp/fcpFAAa26553:
   yfvmc:
/var/tmp/fcpFAAa26553:
   yfvmc1:
/var/tmp/fcpFAAa26553:
   yhisto:
/var/tmp/fcpFAAa26553:
   yhuser:
/var/tmp/fcpFAAa26553:
   yinvmx:
/var/tmp/fcpFAAa26553:
   yitcof:
/var/tmp/fcpFAAa26553:
   ymkand:
/var/tmp/fcpFAAa26553:
   ymkcle:
/var/tmp/fcpFAAa26553:
   ymkcnt:
/var/tmp/fcpFAAa26553:
   ymkcop:
/var/tmp/fcpFAAa26553:
   ymkexp:
/var/tmp/fcpFAAa26553:
   ymkidc:
/var/tmp/fcpFAAa26553:
   ymkidt:
/var/tmp/fcpFAAa26553:
   ymkmis:
/var/tmp/fcpFAAa26553:
   ymkorr:
/var/tmp/fcpFAAa26553:
   ymkset:
/var/tmp/fcpFAAa26553:
   ymkshr:
/var/tmp/fcpFAAa26553:
   ymktst:
/var/tmp/fcpFAAa26553:
   ymkzer:
/var/tmp/fcpFAAa26553:
   yms3in:
/var/tmp/fcpFAAa26553:
   ypidas:
/var/tmp/fcpFAAa26553:
   yprivx:
/var/tmp/fcpFAAa26553:
   yprver:
/var/tmp/fcpFAAa26553:
   yruser:
/var/tmp/fcpFAAa26553:
   ystvtx:
/var/tmp/fcpFAAa26553:
   ysvvtx:
/var/tmp/fcpFAAa26553:
   ytconv:
/var/tmp/fcpFAAa26553:
   ytijob:
/var/tmp/fcpFAAa26553:
   ytoiru:
/var/tmp/fcpFAAa26553:
   ytopnw:
/var/tmp/fcpFAAa26553:
   ytopol:
/var/tmp/fcpFAAa26553:
   ytoprt:
/var/tmp/fcpFAAa26553:
   ytosum:
/var/tmp/fcpFAAa26553:
   ytosvt:
/var/tmp/fcpFAAa26553:
   ytpar:
/var/tmp/fcpFAAa26553:
   ytpvtx:
/var/tmp/fcpFAAa26553:
   ytrv0s:
/var/tmp/fcpFAAa26553:
   ytstrk:
/var/tmp/fcpFAAa26553:
   yvdcof:
/var/tmp/fcpFAAa26553:
   yvposs:
/var/tmp/fcpFAAa26553:
   yvxbld:

fort77: Warning: Compiler failure has occurred.
     Attempting to recompile failing compilation unit without optimization

/var/tmp/fcpFAAa26553:
   ycircr:
/var/tmp/fcpFAAa29441:
   ychi00:
/var/tmp/fcpFAAa29441:
   ychiv2:
/var/tmp/fcpFAAa29441:
   yd0nfi:
/var/tmp/fcpFAAa29441:
   yd0nfn:
/var/tmp/fcpFAAa29441:
   ydismc:
/var/tmp/fcpFAAa29441:
   yfixis:
/var/tmp/fcpFAAa29441:
   yfixyn:
/var/tmp/fcpFAAa29441:
   yfixyp:
/var/tmp/fcpFAAa29441:
   yfpsin:
/var/tmp/fcpFAAa29441:
   yfqerq:
/var/tmp/fcpFAAa29441:
   ymfmin:
/var/tmp/fcpFAAa29441:
   ymfv0v:
       entry    ymfv00:
/var/tmp/fcpFAAa29441:
   ynv0nf:
/var/tmp/fcpFAAa29441:
   ynv0ve:
/var/tmp/fcpFAAa29441:
   ypsive:
/var/tmp/fcpFAAa29441:
   ypsivn:
/var/tmp/fcpFAAa29441:
   yv0bok:
/var/tmp/fcpFAAa29441:
   yv0mas:
/var/tmp/fcpFAAa29441:
   yv0ong:
/var/tmp/fcpFAAa29441:
   yv0onh:
/var/tmp/fcpFAAa29441:
   yv1ini:
/var/tmp/fcpFAAa29441:
   yvcame:
/var/tmp/fcpFAAa29441:
   yvprim:
/var/tmp/fcpFAAa29441:
   yzpha1:
/var/tmp/fcpFAAa29441:
   yzphan:
/var/tmp/fcpFAAa29441:
   yzphas:
