f77 +E1 +ppu -w -c -K -O ../CORR/asigea.f ../CORR/asinit.f ../CORR/asrust.f ../CORR/aswsum.f ../CORR/galeph.f ../CORR/itroti.f ../CORR/itwini.f ../CORR/sisidi.f ../CORR/sitrak.f ../CORR/sitrig.f ../CORR/sizini.f ../CORR/vdclu.f ../CORR/vdfoob.f ../CORR/vdprte.f
../CORR/asigea.f:
   asigea:
../CORR/asinit.f:
   asinit:
../CORR/asrust.f:
   asrust:
../CORR/aswsum.f:
   aswsum:
../CORR/galeph.f:
   MAIN galeph:
../CORR/itroti.f:
   itroti:
../CORR/itwini.f:
   itwini:
../CORR/sisidi.f:
   sisidi:
../CORR/sitrak.f:
   sitrak:
../CORR/sitrig.f:
   sitrig:
../CORR/sizini.f:
   sizini:
../CORR/vdclu.f:
   vdclu:
../CORR/vdfoob.f:
   vdfoob:
../CORR/vdprte.f:
   vdprte:
