/var/tmp/fcpFAAa25290:
   adjlin:
/var/tmp/fcpFAAa25290:
   commnt:
/var/tmp/fcpFAAa25290:
   content:
/var/tmp/fcpFAAa25290:
   crtfmt:
/var/tmp/fcpFAAa25290:
   dafrds:
/var/tmp/fcpFAAa25290:
   delayp:
/var/tmp/fcpFAAa25290:
   fndfmt:
/var/tmp/fcpFAAa25290:
   gtbook:
/var/tmp/fcpFAAa25290:
   gtrefer:
/var/tmp/fcpFAAa25290:
   linadd:
/var/tmp/fcpFAAa25290:
   namesl:
/var/tmp/fcpFAAa25290:
   page:
/var/tmp/fcpFAAa25290:
   prsbank:
/var/tmp/fcpFAAa25290:
   readbs:
/var/tmp/fcpFAAa25290:
   sbkdec:
/var/tmp/fcpFAAa25290:
   stbook:
/var/tmp/fcpFAAa25290:
   strefer:
/var/tmp/fcpFAAa25290:
   undoc:
/var/tmp/fcpFAAa25290:
   utafmt:
