/var/tmp/fcpFAAa25381:
   adjlin:
/var/tmp/fcpFAAa25381:
   commnt:
/var/tmp/fcpFAAa25381:
   content:
/var/tmp/fcpFAAa25381:
   crtfmt:
/var/tmp/fcpFAAa25381:
   dafrds:
/var/tmp/fcpFAAa25381:
   delayp:
/var/tmp/fcpFAAa25381:
   fndfmt:
/var/tmp/fcpFAAa25381:
   gtbook:
/var/tmp/fcpFAAa25381:
   gtrefer:
/var/tmp/fcpFAAa25381:
   linadd:
/var/tmp/fcpFAAa25381:
   namesl:
/var/tmp/fcpFAAa25381:
   page:
/var/tmp/fcpFAAa25381:
   prsbank:
/var/tmp/fcpFAAa25381:
   readbs:
/var/tmp/fcpFAAa25381:
   sbkdec:
/var/tmp/fcpFAAa25381:
   stbook:
/var/tmp/fcpFAAa25381:
   strefer:
/var/tmp/fcpFAAa25381:
   undoc:
/var/tmp/fcpFAAa25381:
   utafmt:
