fort77: POSIX mandates an explicit optimization level setting on the -O option; ignored
/var/tmp/fcpFAAa12084:
   albunch:
/var/tmp/fcpFAAa12084:
   alefil:
/var/tmp/fcpFAAa12084:
   alelep:
/var/tmp/fcpFAAa12084:
   alfiel:
/var/tmp/fcpFAAa12084:
   alkevh:
/var/tmp/fcpFAAa12084:
   alkjob:
/var/tmp/fcpFAAa12084:
   alklun:
/var/tmp/fcpFAAa12084:
   alkmar:
/var/tmp/fcpFAAa12084:
   alkran:
/var/tmp/fcpFAAa12084:
   alkrun:
/var/tmp/fcpFAAa12084:
   allep1:
/var/tmp/fcpFAAa12084:
   alrlep:
/var/tmp/fcpFAAa12084:
   alsecs:
/var/tmp/fcpFAAa12084:
   altrhv:
/var/tmp/fcpFAAa12084:
   altrig:
/var/tmp/fcpFAAa12084:
   alvers:
/var/tmp/fcpFAAa12084:
   dvmove:
/var/tmp/fcpFAAa12084:
   dvzero:
/var/tmp/fcpFAAa12084:
   fixalpb:
/var/tmp/fcpFAAa12084:
   getbp:
/var/tmp/fcpFAAa12084:
   getle1:
/var/tmp/fcpFAAa12084:
   getle2:
/var/tmp/fcpFAAa12084:
   getlep:
       entry    getofs:
/var/tmp/fcpFAAa12084:
   getlum:
/var/tmp/fcpFAAa12084:
   gets4b:
/var/tmp/fcpFAAa12084:
   getslu:
/var/tmp/fcpFAAa12084:
   getxyb:
/var/tmp/fcpFAAa12084:
   gtt0gl:
/var/tmp/fcpFAAa12084:
   lfilru:
/var/tmp/fcpFAAa12084:
   rqbunc:
/var/tmp/fcpFAAa12084:
   xfmcbp:
fort77: POSIX mandates an explicit optimization level setting on the -O option; ignored
/var/tmp/fcpFAAa12166:
   auarcm:
/var/tmp/fcpFAAa12166:
   auhcyl:
/var/tmp/fcpFAAa12166:
   auhdis:
/var/tmp/fcpFAAa12166:
   auhlen:
/var/tmp/fcpFAAa12166:
   aulcyl:
/var/tmp/fcpFAAa12166:
   aullen:
/var/tmp/fcpFAAa12166:
   autrpl:
/var/tmp/fcpFAAa12166:
   helins:
/var/tmp/fcpFAAa12166:
   ppcorr:
/var/tmp/fcpFAAa12166:
   smav:
/var/tmp/fcpFAAa12166:
   sminv:
       entry    xminv:
/var/tmp/fcpFAAa12166:
   smnorm:
/var/tmp/fcpFAAa12166:
   thlcir:
/var/tmp/fcpFAAa12166:
   tk2ivm:
/var/tmp/fcpFAAa12166:
   tnrhpa:
/var/tmp/fcpFAAa12166:
   ufield:
/var/tmp/fcpFAAa12166:
   ufitql:
/var/tmp/fcpFAAa12166:
   ufitzs:
/var/tmp/fcpFAAa12166:
   ufmmul:
       entry    ufmmlt:
       entry    ufmscl:
       entry    ufmadd:
       entry    ufmult:
/var/tmp/fcpFAAa12166:
   ufms:
/var/tmp/fcpFAAa12166:
   uftmso:
/var/tmp/fcpFAAa12166:
   uhelix:
/var/tmp/fcpFAAa12166:
   uhelix2:
/var/tmp/fcpFAAa12166:
   uincov:
/var/tmp/fcpFAAa12166:
   umserr:
/var/tmp/fcpFAAa12166:
   unewdp:
/var/tmp/fcpFAAa12166:
   unewzp:
/var/tmp/fcpFAAa12166:
   utkxng:
/var/tmp/fcpFAAa12166:
   utrid:
/var/tmp/fcpFAAa12166:
   utswco:
/var/tmp/fcpFAAa12166:
   uvtrid:
/var/tmp/fcpFAAa12166:
   yfix:
/var/tmp/fcpFAAa12166:
   yhelix:
/var/tmp/fcpFAAa12166:
   ysense:
/var/tmp/fcpFAAa12166:
   yv0one:
fort77: POSIX mandates an explicit optimization level setting on the -O option; ignored
/var/tmp/fcpFAAa12239:
   tbtblk:
/var/tmp/fcpFAAa12239:
   tbtblp:
/var/tmp/fcpFAAa12239:
   tcgxru:
/var/tmp/fcpFAAa12239:
   tchkex:
/var/tmp/fcpFAAa12239:
   tchkhv:
/var/tmp/fcpFAAa12239:
   tdedxv:
       entry    tdedxr:
/var/tmp/fcpFAAa12239:
   tdxerr:
/var/tmp/fcpFAAa12239:
   tidhyp:
/var/tmp/fcpFAAa12239:
   tmdedx:
/var/tmp/fcpFAAa12239:
   tmpddx:
/var/tmp/fcpFAAa12239:
   tpdhyp:
/var/tmp/fcpFAAa12239:
   tpxerr:
/var/tmp/fcpFAAa12239:
   txdedx:
/var/tmp/fcpFAAa12239:
   txpddx:
fort77: POSIX mandates an explicit optimization level setting on the -O option; ignored
/var/tmp/fcpFAAa12270:
   eclean:
/var/tmp/fcpFAAa12270:
   ecprhi:
/var/tmp/fcpFAAa12270:
   ecprto:
/var/tmp/fcpFAAa12270:
   ecprtr:
/var/tmp/fcpFAAa12270:
   ecprwi:
/var/tmp/fcpFAAa12270:
   emtzer:
fort77: POSIX mandates an explicit optimization level setting on the -O option; ignored
/var/tmp/fcpFAAa12285:
   acoupe:
/var/tmp/fcpFAAa12285:
   aire:
/var/tmp/fcpFAAa12285:
   airsct:
/var/tmp/fcpFAAa12285:
   avolum:
/var/tmp/fcpFAAa12285:
   ealgmk:
/var/tmp/fcpFAAa12285:
   ealign:
/var/tmp/fcpFAAa12285:
   ealtmk:
/var/tmp/fcpFAAa12285:
   ecdfrd:
/var/tmp/fcpFAAa12285:
   ecplst:
/var/tmp/fcpFAAa12285:
   ecrwrg:
/var/tmp/fcpFAAa12285:
   ecsgeo:
/var/tmp/fcpFAAa12285:
   ectilt:
/var/tmp/fcpFAAa12285:
   ecylnd:
/var/tmp/fcpFAAa12285:
   edefcl:
/var/tmp/fcpFAAa12285:
   edefec:
/var/tmp/fcpFAAa12285:
   edeflg:
/var/tmp/fcpFAAa12285:
   edefmd:
/var/tmp/fcpFAAa12285:
   edefsc:
/var/tmp/fcpFAAa12285:
   edefsp:
/var/tmp/fcpFAAa12285:
   edefss:
/var/tmp/fcpFAAa12285:
   edisgn:
/var/tmp/fcpFAAa12285:
   efncrs:
/var/tmp/fcpFAAa12285:
   efndcl:
/var/tmp/fcpFAAa12285:
   efndlg:
/var/tmp/fcpFAAa12285:
   efndmd:
/var/tmp/fcpFAAa12285:
   efndpl:
/var/tmp/fcpFAAa12285:
   efndrg:
/var/tmp/fcpFAAa12285:
   efndsc:
/var/tmp/fcpFAAa12285:
   efndss:
/var/tmp/fcpFAAa12285:
   efndst:
/var/tmp/fcpFAAa12285:
   efndtw:
/var/tmp/fcpFAAa12285:
   efnicr:
/var/tmp/fcpFAAa12285:
   efnitw:
/var/tmp/fcpFAAa12285:
   efnlay:
/var/tmp/fcpFAAa12285:
   egptlg:
/var/tmp/fcpFAAa12285:
   egptsp:
/var/tmp/fcpFAAa12285:
   egtlnf:
/var/tmp/fcpFAAa12285:
   ehsimt:
/var/tmp/fcpFAAa12285:
   eintst:
/var/tmp/fcpFAAa12285:
   einvrl:
/var/tmp/fcpFAAa12285:
   elimin:
/var/tmp/fcpFAAa12285:
   elimrg:
/var/tmp/fcpFAAa12285:
   elimsc:
/var/tmp/fcpFAAa12285:
   elimst:
/var/tmp/fcpFAAa12285:
   elocal:
/var/tmp/fcpFAAa12285:
   emabsl:
/var/tmp/fcpFAAa12285:
   emdedx:
/var/tmp/fcpFAAa12285:
   emdtow:
/var/tmp/fcpFAAa12285:
   empact:
/var/tmp/fcpFAAa12285:
   emradl:
/var/tmp/fcpFAAa12285:
   enorme:
/var/tmp/fcpFAAa12285:
   entree:
/var/tmp/fcpFAAa12285:
   eowfar:
/var/tmp/fcpFAAa12285:
   eperce:
/var/tmp/fcpFAAa12285:
   eplmst:
/var/tmp/fcpFAAa12285:
   eplnor:
/var/tmp/fcpFAAa12285:
   eplscc:
/var/tmp/fcpFAAa12285:
   eplscf:
/var/tmp/fcpFAAa12285:
   eplscn:
/var/tmp/fcpFAAa12285:
   eplsdi:
/var/tmp/fcpFAAa12285:
   eplsqf:
/var/tmp/fcpFAAa12285:
   eplsql:
/var/tmp/fcpFAAa12285:
   eplst:
/var/tmp/fcpFAAa12285:
   eprcom:
/var/tmp/fcpFAAa12285:
   eqedge:
/var/tmp/fcpFAAa12285:
   erddaf:
/var/tmp/fcpFAAa12285:
   erogen:
/var/tmp/fcpFAAa12285:
   erosys:
/var/tmp/fcpFAAa12285:
   erotpl:
/var/tmp/fcpFAAa12285:
   erotpt:
/var/tmp/fcpFAAa12285:
   erpads:
/var/tmp/fcpFAAa12285:
   erwidt:
/var/tmp/fcpFAAa12285:
   esrbc:
/var/tmp/fcpFAAa12285:
   esrcr:
/var/tmp/fcpFAAa12285:
   esrct:
/var/tmp/fcpFAAa12285:
   esrdir:
/var/tmp/fcpFAAa12285:
   esrfc:
/var/tmp/fcpFAAa12285:
   esrpl:
/var/tmp/fcpFAAa12285:
   esrpt:
/var/tmp/fcpFAAa12285:
   etetrd:
/var/tmp/fcpFAAa12285:
   ethru:
/var/tmp/fcpFAAa12285:
   etouch:
/var/tmp/fcpFAAa12285:
   etzsmd:
/var/tmp/fcpFAAa12285:
   etzssl:
/var/tmp/fcpFAAa12285:
   evabsl:
/var/tmp/fcpFAAa12285:
   evdedx:
/var/tmp/fcpFAAa12285:
   evfois:
/var/tmp/fcpFAAa12285:
   evolcr:
/var/tmp/fcpFAAa12285:
   evolct:
/var/tmp/fcpFAAa12285:
   evolfc:
/var/tmp/fcpFAAa12285:
   evolpl:
/var/tmp/fcpFAAa12285:
   evolum:
/var/tmp/fcpFAAa12285:
   evradl:
/var/tmp/fcpFAAa12285:
   expand:
/var/tmp/fcpFAAa12285:
   expfrf:
/var/tmp/fcpFAAa12285:
   expnec:
/var/tmp/fcpFAAa12285:
   exrwrw:
/var/tmp/fcpFAAa12285:
   vect4:
fort77: POSIX mandates an explicit optimization level setting on the -O option; ignored
/var/tmp/fcpFAAa12537:
   alclasw:
/var/tmp/fcpFAAa12537:
   alrwev:
/var/tmp/fcpFAAa12537:
   alsumcl:
       entry    alsumgt:
/var/tmp/fcpFAAa12537:
   chkclas:
/var/tmp/fcpFAAa12537:
   clas24:
/var/tmp/fcpFAAa12537:
   clas26:
/var/tmp/fcpFAAa12537:
   clas278:
/var/tmp/fcpFAAa12537:
   ecaget:
/var/tmp/fcpFAAa12537:
   ecalsl:
/var/tmp/fcpFAAa12537:
   ecalwr:
/var/tmp/fcpFAAa12537:
   ecphco:
/var/tmp/fcpFAAa12537:
   eewirs:
/var/tmp/fcpFAAa12537:
   enlcal:
/var/tmp/fcpFAAa12537:
   enlcl2:
/var/tmp/fcpFAAa12537:
   esumw:
/var/tmp/fcpFAAa12537:
   esweh:
/var/tmp/fcpFAAa12537:
   ggesum:
/var/tmp/fcpFAAa12537:
   ggseh:
/var/tmp/fcpFAAa12537:
   ggtrkh:
/var/tmp/fcpFAAa12537:
   hcalen:
/var/tmp/fcpFAAa12537:
   hvobit:
/var/tmp/fcpFAAa12537:
   lepto:
/var/tmp/fcpFAAa12537:
   modfnd:
/var/tmp/fcpFAAa12537:
   muelid:
/var/tmp/fcpFAAa12537:
   mutrgs:
/var/tmp/fcpFAAa12537:
   phedir:
/var/tmp/fcpFAAa12537:
   qptrck:
/var/tmp/fcpFAAa12537:
   qtrkch:
/var/tmp/fcpFAAa12537:
   rejbha:
/var/tmp/fcpFAAa12537:
   rpeco:
/var/tmp/fcpFAAa12537:
/var/tmp/fcpFAAa12537:
   selbha:
/var/tmp/fcpFAAa12537:
   selcal:
/var/tmp/fcpFAAa12537:
   selemu:
/var/tmp/fcpFAAa12537:
   selenu:
/var/tmp/fcpFAAa12537:
   selevt:
/var/tmp/fcpFAAa12537:
   selgge:
/var/tmp/fcpFAAa12537:
   seltrk:
/var/tmp/fcpFAAa12537:
   selwwa:
/var/tmp/fcpFAAa12537:
   selwwb:
/var/tmp/fcpFAAa12537:
   siedir:
/var/tmp/fcpFAAa12537:
   sngmtr:
/var/tmp/fcpFAAa12537:
   sngrnd:
/var/tmp/fcpFAAa12537:
   tizern:
/var/tmp/fcpFAAa12537:
   tizero:
/var/tmp/fcpFAAa12537:
   tracks:
/var/tmp/fcpFAAa12537:
   trioff:
/var/tmp/fcpFAAa12537:
   trkhad:
/var/tmp/fcpFAAa12537:
   trkwws:
/var/tmp/fcpFAAa12537:
   trpfrf:
/var/tmp/fcpFAAa12537:
   truslu:
/var/tmp/fcpFAAa12537:
   ulangl:
/var/tmp/fcpFAAa12537:
   ulthru:
/var/tmp/fcpFAAa12537:
   vdcosmj:
/var/tmp/fcpFAAa12537:
   vurobo:
/var/tmp/fcpFAAa12537:
   wclus:
fort77: POSIX mandates an explicit optimization level setting on the -O option; ignored
/var/tmp/fcpFAAa12652:
   fmelos:
/var/tmp/fcpFAAa12652:
   fmhelx:
/var/tmp/fcpFAAa12652:
   fmhitb:
/var/tmp/fcpFAAa12652:
   fminit:
/var/tmp/fcpFAAa12652:
   fmmulx:
/var/tmp/fcpFAAa12652:
   fmprnt:
/var/tmp/fcpFAAa12652:
   fmregn:
/var/tmp/fcpFAAa12652:
   fmscat:
/var/tmp/fcpFAAa12652:
   fmtrak:
fort77: POSIX mandates an explicit optimization level setting on the -O option; ignored
/var/tmp/fcpFAAa12673:
   fyfkin:
/var/tmp/fcpFAAa12673:
   fyinev:
/var/tmp/fcpFAAa12673:
   fyirun:
/var/tmp/fcpFAAa12673:
   fykill:
/var/tmp/fcpFAAa12673:
   fykine:
/var/tmp/fcpFAAa12673:
   fyluhc:
/var/tmp/fcpFAAa12673:
   fynhis:
/var/tmp/fcpFAAa12673:
   fyredc:
/var/tmp/fcpFAAa12673:
   fytoki:
/var/tmp/fcpFAAa12673:
   fytree:
fort77: POSIX mandates an explicit optimization level setting on the -O option; ignored
/var/tmp/fcpFAAa12696:
   aristo:
/var/tmp/fcpFAAa12696:
   bgetds:
/var/tmp/fcpFAAa12696:
   chacut:
/var/tmp/fcpFAAa12696:
   corad94:
/var/tmp/fcpFAAa12696:
   coradoc:
/var/tmp/fcpFAAa12696:
   defove:
/var/tmp/fcpFAAa12696:
   dstack:
/var/tmp/fcpFAAa12696:
   ebgrix:
/var/tmp/fcpFAAa12696:
   ec4tra:
/var/tmp/fcpFAAa12696:
   ecetdi:
/var/tmp/fcpFAAa12696:
   evtver:
/var/tmp/fcpFAAa12696:
   gaform:
/var/tmp/fcpFAAa12696:
   gagrid:
/var/tmp/fcpFAAa12696:
   gamfak:
/var/tmp/fcpFAAa12696:
   gampek:
/var/tmp/fcpFAAa12696:
   gampex:
/var/tmp/fcpFAAa12696:
   gapgac:
/var/tmp/fcpFAAa12696:
   gapgpc:
/var/tmp/fcpFAAa12696:
   gatral:
/var/tmp/fcpFAAa12696:
   gbulos:
/var/tmp/fcpFAAa12696:
   gemfak:
/var/tmp/fcpFAAa12696:
   gf4lst:
/var/tmp/fcpFAAa12696:
   gfake:
/var/tmp/fcpFAAa12696:
   gfakew:
/var/tmp/fcpFAAa12696:
   gfrac:
/var/tmp/fcpFAAa12696:
   ghafak:
/var/tmp/fcpFAAa12696:
   givsto:
/var/tmp/fcpFAAa12696:
   gxem:
/var/tmp/fcpFAAa12696:
   gxhad:
/var/tmp/fcpFAAa12696:
   gximpa:
/var/tmp/fcpFAAa12696:
   gxmclm:
/var/tmp/fcpFAAa12696:
   gxtran:
/var/tmp/fcpFAAa12696:
   intof4:
/var/tmp/fcpFAAa12696:
   ispark:
/var/tmp/fcpFAAa12696:
   mecrfc:
/var/tmp/fcpFAAa12696:
   morsto:
/var/tmp/fcpFAAa12696:
   ovesto:
/var/tmp/fcpFAAa12696:
   stogam:
/var/tmp/fcpFAAa12696:
   trdist:
/var/tmp/fcpFAAa12696:
   trfire:
/var/tmp/fcpFAAa12696:
   voisto:
fort77: POSIX mandates an explicit optimization level setting on the -O option; ignored
/var/tmp/fcpFAAa12795:
   hcboun:
/var/tmp/fcpFAAa12795:
   hccyl:
/var/tmp/fcpFAAa12795:
   hcdeit:
/var/tmp/fcpFAAa12795:
   hcdpsp:
/var/tmp/fcpFAAa12795:
   hcdrbm:
/var/tmp/fcpFAAa12795:
   hcdwsp:
/var/tmp/fcpFAAa12795:
   hcheck:
/var/tmp/fcpFAAa12795:
   hclatu:
/var/tmp/fcpFAAa12795:
   hcmdpl:
/var/tmp/fcpFAAa12795:
   hcprge:
/var/tmp/fcpFAAa12795:
   hcrinv:
/var/tmp/fcpFAAa12795:
   hcrvol:
/var/tmp/fcpFAAa12795:
   hcsamp:
/var/tmp/fcpFAAa12795:
   hcseco:
/var/tmp/fcpFAAa12795:
   hdeadm:
/var/tmp/fcpFAAa12795:
   hfbahi:
/var/tmp/fcpFAAa12795:
   hfbahio:
/var/tmp/fcpFAAa12795:
   hfbhit:
/var/tmp/fcpFAAa12795:
   hfehit:
/var/tmp/fcpFAAa12795:
   hfenhi:
/var/tmp/fcpFAAa12795:
   hfndmd:
/var/tmp/fcpFAAa12795:
   hfndtw:
/var/tmp/fcpFAAa12795:
   hgetga:
/var/tmp/fcpFAAa12795:
   hgetju:
/var/tmp/fcpFAAa12795:
   hginit:
/var/tmp/fcpFAAa12795:
   hintst:
/var/tmp/fcpFAAa12795:
   hneigh:
/var/tmp/fcpFAAa12795:
   hnreg:
/var/tmp/fcpFAAa12795:
   hphmod:
/var/tmp/fcpFAAa12795:
   hrddaf:
/var/tmp/fcpFAAa12795:
   hsrcr:
/var/tmp/fcpFAAa12795:
   htadco:
/var/tmp/fcpFAAa12795:
   htadde:
/var/tmp/fcpFAAa12795:
   htstec:
/var/tmp/fcpFAAa12795:
   htuacl:
/var/tmp/fcpFAAa12795:
   htulen:
/var/tmp/fcpFAAa12795:
   htxang:
/var/tmp/fcpFAAa12795:
   htxdtl:
/var/tmp/fcpFAAa12795:
   htxspl:
/var/tmp/fcpFAAa12795:
   husran:
/var/tmp/fcpFAAa12795:
   hytrsf:
fort77: POSIX mandates an explicit optimization level setting on the -O option; ignored
/var/tmp/fcpFAAa12880:
   ifecon:
/var/tmp/fcpFAAa12880:
   igeomw:
/var/tmp/fcpFAAa12880:
   igetdb:
/var/tmp/fcpFAAa12880:
   iinali:
/var/tmp/fcpFAAa12880:
   iinres:
/var/tmp/fcpFAAa12880:
   iprdaf:
/var/tmp/fcpFAAa12880:
   irddaf:
fort77: POSIX mandates an explicit optimization level setting on the -O option; ignored
/var/tmp/fcpFAAa12911:
   iasiga:
/var/tmp/fcpFAAa12911:
   icdrif:
/var/tmp/fcpFAAa12911:
   icrcoo:
/var/tmp/fcpFAAa12911:
   iddist:
/var/tmp/fcpFAAa12911:
   ilatch:
/var/tmp/fcpFAAa12911:
   ilivew:
/var/tmp/fcpFAAa12911:
   imicco:
/var/tmp/fcpFAAa12911:
   iresrp:
/var/tmp/fcpFAAa12911:
   itcflg:
/var/tmp/fcpFAAa12911:
   itdcor:
/var/tmp/fcpFAAa12911:
   itdrif:
/var/tmp/fcpFAAa12911:
   itprdi:
/var/tmp/fcpFAAa12911:
   itprht:
/var/tmp/fcpFAAa12911:
   itqual:
/var/tmp/fcpFAAa12911:
   itrotn:
/var/tmp/fcpFAAa12911:
   itswco:
/var/tmp/fcpFAAa12911:
   itxflg:
/var/tmp/fcpFAAa12911:
   itxing:
/var/tmp/fcpFAAa12911:
   iudoca:
/var/tmp/fcpFAAa12911:
   iupcco:
/var/tmp/fcpFAAa12911:
   iuvcrs:
/var/tmp/fcpFAAa12911:
   ixhits:
fort77: POSIX mandates an explicit optimization level setting on the -O option; ignored
/var/tmp/fcpFAAa12958:
   uba2pi:
       entry    ubapi:
       entry    ubapi2:
/var/tmp/fcpFAAa12958:
   uf2arc:
/var/tmp/fcpFAAa12958:
   uf2crd:
/var/tmp/fcpFAAa12958:
   uf2trk:
/var/tmp/fcpFAAa12958:
   uf2use:
/var/tmp/fcpFAAa12958:
   ufbebl:
/var/tmp/fcpFAAa12958:
   ufberr:
/var/tmp/fcpFAAa12958:
   ufchi2:
/var/tmp/fcpFAAa12958:
   ufcova:
/var/tmp/fcpFAAa12958:
   ufdisc:
/var/tmp/fcpFAAa12958:
   ufecal:
/var/tmp/fcpFAAa12958:
   ufg2gt:
/var/tmp/fcpFAAa12958:
   ufgain:
/var/tmp/fcpFAAa12958:
   ufgett:
/var/tmp/fcpFAAa12958:
   ufjaco:
/var/tmp/fcpFAAa12958:
   ufloss:
/var/tmp/fcpFAAa12958:
   ufqprc:
/var/tmp/fcpFAAa12958:
   ufrein:
       entry    uf2sca:
       entry    uftfil:
/var/tmp/fcpFAAa12958:
   ufscov:
/var/tmp/fcpFAAa12958:
   ufstat:
/var/tmp/fcpFAAa12958:
   ufswmc:
       entry    uoloss:
/var/tmp/fcpFAAa12958:
   ufswms:
/var/tmp/fcpFAAa12958:
   ufswmx:
/var/tmp/fcpFAAa12958:
   uftkal:
       entry    ufmkal:
       entry    uftrac:
       entry    uftome:
       entry    ufttal:
       entry    uftmom:
       entry    uftrad:
       entry    dalinf:
       entry    ufdali:
       entry    ufswim:
       entry    ufclim:
       entry    ufvdin:
       entry    ufvdou:
       entry    uf2res:
       entry    uf2trm:
       entry    uf2tpo:
       entry    uf2pnt:
       entry    uf2xyz:
/var/tmp/fcpFAAa12958:
   uftran:
/var/tmp/fcpFAAa12958:
   ufttra:
/var/tmp/fcpFAAa12958:
   ufvdms:
       entry    ufvdmm:
/var/tmp/fcpFAAa12958:
   uload:
/var/tmp/fcpFAAa12958:
   upcons:
/var/tmp/fcpFAAa12958:
   utproc:
fort77: POSIX mandates an explicit optimization level setting on the -O option; ignored
/var/tmp/fcpFAAa13021:
/var/tmp/fcpFAAa13021:
/var/tmp/fcpFAAa13021:
/var/tmp/fcpFAAa13021:
/var/tmp/fcpFAAa13021:
   kbkine:
/var/tmp/fcpFAAa13021:
   kbklin:
/var/tmp/fcpFAAa13021:
   kbpart:
/var/tmp/fcpFAAa13021:
   kbvert:
/var/tmp/fcpFAAa13021:
   kclean:
/var/tmp/fcpFAAa13021:
   keevt:
/var/tmp/fcpFAAa13021:
   kejob:
/var/tmp/fcpFAAa13021:
   kfevbk:
/var/tmp/fcpFAAa13021:
   kgdecl:
/var/tmp/fcpFAAa13021:
   kgpart:
/var/tmp/fcpFAAa13021:
   kiaver:
/var/tmp/fcpFAAa13021:
   kibprs:
/var/tmp/fcpFAAa13021:
   kifynw:
/var/tmp/fcpFAAa13021:
   kifyol:
/var/tmp/fcpFAAa13021:
   kinit:
/var/tmp/fcpFAAa13021:
   kkdrop:
/var/tmp/fcpFAAa13021:
   kkmove:
/var/tmp/fcpFAAa13021:
   kluzet:
/var/tmp/fcpFAAa13021:
   kmkrun:
/var/tmp/fcpFAAa13021:
   kmpart:
/var/tmp/fcpFAAa13021:
   kmrunh:
/var/tmp/fcpFAAa13021:
   knodec:
/var/tmp/fcpFAAa13021:
   kp6sho:
/var/tmp/fcpFAAa13021:
   kp6zfr:
/var/tmp/fcpFAAa13021:
   kpyzet:
/var/tmp/fcpFAAa13021:
   ksecbk:
/var/tmp/fcpFAAa13021:
   kshobk:
/var/tmp/fcpFAAa13021:
   kswap:
/var/tmp/fcpFAAa13021:
   kxl74a:
/var/tmp/fcpFAAa13021:
   kxl7al:
/var/tmp/fcpFAAa13021:
   kxl7br:
/var/tmp/fcpFAAa13021:
   kxl7co:
/var/tmp/fcpFAAa13021:
   kxl7pa:
/var/tmp/fcpFAAa13021:
   kxl7st:
/var/tmp/fcpFAAa13021:
   kxl7to:
/var/tmp/fcpFAAa13021:
   kxlual:
/var/tmp/fcpFAAa13021:
   kxlubr:
/var/tmp/fcpFAAa13021:
   kxluco:
/var/tmp/fcpFAAa13021:
   kxlupa:
/var/tmp/fcpFAAa13021:
   kxlupr:
/var/tmp/fcpFAAa13021:
   kxluto:
/var/tmp/fcpFAAa13021:
   kxp6al:
/var/tmp/fcpFAAa13021:
   kxp6br:
/var/tmp/fcpFAAa13021:
   kxp6co:
/var/tmp/fcpFAAa13021:
   kxp6in:
/var/tmp/fcpFAAa13021:
   kxp6st:
/var/tmp/fcpFAAa13021:
   kxp6to:
/var/tmp/fcpFAAa13021:
   kzfrbk:
fort77: POSIX mandates an explicit optimization level setting on the -O option; ignored
/var/tmp/fcpFAAa13141:
   lcalmv:
fort77: POSIX mandates an explicit optimization level setting on the -O option; ignored
/var/tmp/fcpFAAa13146:
   mbapol:
/var/tmp/fcpFAAa13146:
   mbspol:
/var/tmp/fcpFAAa13146:
   menpol:
/var/tmp/fcpFAAa13146:
   mginit:
/var/tmp/fcpFAAa13146:
   mmapol:
/var/tmp/fcpFAAa13146:
   muprge:
/var/tmp/fcpFAAa13146:
   mxyloc:
fort77: POSIX mandates an explicit optimization level setting on the -O option; ignored
/var/tmp/fcpFAAa13163:
   maklis:
/var/tmp/fcpFAAa13163:
   mdscr:
/var/tmp/fcpFAAa13163:
   mucalo:
/var/tmp/fcpFAAa13163:
   mucatr:
/var/tmp/fcpFAAa13163:
   mudbe:
/var/tmp/fcpFAAa13163:
   mudso:
fort77: POSIX mandates an explicit optimization level setting on the -O option; ignored
/var/tmp/fcpFAAa13178:
   alprob:
/var/tmp/fcpFAAa13178:
   amuid:
/var/tmp/fcpFAAa13178:
   hdodgy:
/var/tmp/fcpFAAa13178:
   hgsudn:
/var/tmp/fcpFAAa13178:
   hrhtub:
/var/tmp/fcpFAAa13178:
   mrmhit:
/var/tmp/fcpFAAa13178:
   mshad:
/var/tmp/fcpFAAa13178:
   msolmc:
/var/tmp/fcpFAAa13178:
   msolsh:
/var/tmp/fcpFAAa13178:
   muidf:
/var/tmp/fcpFAAa13178:
   muido:
fort77: POSIX mandates an explicit optimization level setting on the -O option; ignored
/var/tmp/fcpFAAa13205:
   bulos:
/var/tmp/fcpFAAa13205:
   clmoms:
/var/tmp/fcpFAAa13205:
   ebaryc:
/var/tmp/fcpFAAa13205:
   ebcdrg:
/var/tmp/fcpFAAa13205:
   ebclap:
/var/tmp/fcpFAAa13205:
   ebclcf:
/var/tmp/fcpFAAa13205:
   ebcocl:
/var/tmp/fcpFAAa13205:
   ebcohd:
/var/tmp/fcpFAAa13205:
   ebconf:
/var/tmp/fcpFAAa13205:
   ebcosi:
/var/tmp/fcpFAAa13205:
   ebcrad:
/var/tmp/fcpFAAa13205:
   ebcrep:
/var/tmp/fcpFAAa13205:
   ebdevi:
/var/tmp/fcpFAAa13205:
   ebecmd:
/var/tmp/fcpFAAa13205:
   ebgaga:
/var/tmp/fcpFAAa13205:
   ebgene:
/var/tmp/fcpFAAa13205:
   ebgrid:
/var/tmp/fcpFAAa13205:
   ebhadr:
/var/tmp/fcpFAAa13205:
   ebhaha:
/var/tmp/fcpFAAa13205:
   ebimpa:
/var/tmp/fcpFAAa13205:
   ebimpc:
/var/tmp/fcpFAAa13205:
   ebinit:
/var/tmp/fcpFAAa13205:
   ebleak:
/var/tmp/fcpFAAa13205:
   eblong:
/var/tmp/fcpFAAa13205:
   eblpst:
/var/tmp/fcpFAAa13205:
   ebneut:
/var/tmp/fcpFAAa13205:
   eboidp:
/var/tmp/fcpFAAa13205:
   ebpara:
/var/tmp/fcpFAAa13205:
   ebphcc:
/var/tmp/fcpFAAa13205:
   ebprep:
/var/tmp/fcpFAAa13205:
   ebprga:
/var/tmp/fcpFAAa13205:
   ebrack:
/var/tmp/fcpFAAa13205:
   ebranc:
/var/tmp/fcpFAAa13205:
   ebrgcd:
/var/tmp/fcpFAAa13205:
   ebsatu:
/var/tmp/fcpFAAa13205:
   ebshap:
/var/tmp/fcpFAAa13205:
   ebshow:
/var/tmp/fcpFAAa13205:
   ebslim:
/var/tmp/fcpFAAa13205:
   ebstak:
/var/tmp/fcpFAAa13205:
   ebtran:
/var/tmp/fcpFAAa13205:
   ebtzth:
/var/tmp/fcpFAAa13205:
   ebvlap:
/var/tmp/fcpFAAa13205:
   ebyphi:
/var/tmp/fcpFAAa13205:
   ecleak:
/var/tmp/fcpFAAa13205:
   enof4:
/var/tmp/fcpFAAa13205:
   enol12:
/var/tmp/fcpFAAa13205:
   enolwf:
/var/tmp/fcpFAAa13205:
   enow12:
/var/tmp/fcpFAAa13205:
   gapgid:
/var/tmp/fcpFAAa13205:
   gbimpa:
/var/tmp/fcpFAAa13205:
   gbneut:
/var/tmp/fcpFAAa13205:
   gbtran:
/var/tmp/fcpFAAa13205:
   gvercr:
fort77: POSIX mandates an explicit optimization level setting on the -O option; ignored
/var/tmp/fcpFAAa13327:
   ainjet:
/var/tmp/fcpFAAa13327:
   alclus:
/var/tmp/fcpFAAa13327:
   alrobo:
/var/tmp/fcpFAAa13327:
   althru:
/var/tmp/fcpFAAa13327:
   fjmmcl:
/var/tmp/fcpFAAa13327:
   getx:
/var/tmp/fcpFAAa13327:
   gety:
/var/tmp/fcpFAAa13327:
   jpcomb:
/var/tmp/fcpFAAa13327:
   pairfd:
       entry    paircp:
/var/tmp/fcpFAAa13327:
   pidecy:
/var/tmp/fcpFAAa13327:
   pjlink:
fort77: POSIX mandates an explicit optimization level setting on the -O option; ignored
/var/tmp/fcpFAAa13352:
   bprtab:
/var/tmp/fcpFAAa13352:
   frftdp:
/var/tmp/fcpFAAa13352:
   ftkdmp:
/var/tmp/fcpFAAa13352:
   hcprind:
/var/tmp/fcpFAAa13352:
   muprdi:
/var/tmp/fcpFAAa13352:
   muprht:
/var/tmp/fcpFAAa13352:
   prdtmc:
/var/tmp/fcpFAAa13352:
   prfkin:
/var/tmp/fcpFAAa13352:
   prgdec:
/var/tmp/fcpFAAa13352:
   primpa:
/var/tmp/fcpFAAa13352:
   prkine:
/var/tmp/fcpFAAa13352:
   prpart:
/var/tmp/fcpFAAa13352:
   prrhah:
/var/tmp/fcpFAAa13352:
   prtabl:
/var/tmp/fcpFAAa13352:
   smprt:
/var/tmp/fcpFAAa13352:
   tpaddp:
/var/tmp/fcpFAAa13352:
   tpcodp:
fort77: POSIX mandates an explicit optimization level setting on the -O option; ignored
/var/tmp/fcpFAAa13402:
   fpkcm:
/var/tmp/fcpFAAa13402:
   fptoj:
/var/tmp/fcpFAAa13402:
   fupkcm:
/var/tmp/fcpFAAa13402:
   iptoj:
/var/tmp/fcpFAAa13402:
   nvpcob:
/var/tmp/fcpFAAa13402:
   nvpeco:
/var/tmp/fcpFAAa13402:
   pcmecu:
/var/tmp/fcpFAAa13402:
   pcpatq:
/var/tmp/fcpFAAa13402:
   pcrltj:
/var/tmp/fcpFAAa13402:
   pechic:
/var/tmp/fcpFAAa13402:
   peidtj:
/var/tmp/fcpFAAa13402:
   phchic:
/var/tmp/fcpFAAa13402:
   phmadj:
/var/tmp/fcpFAAa13402:
   phstoj:
/var/tmp/fcpFAAa13402:
   pitcoj:
/var/tmp/fcpFAAa13402:
   pitmaj:
/var/tmp/fcpFAAa13402:
   pjpfxt:
/var/tmp/fcpFAAa13402:
   pscooj:
/var/tmp/fcpFAAa13402:
   pstcpj:
/var/tmp/fcpFAAa13402:
   ptbcoj:
/var/tmp/fcpFAAa13402:
   ptexsj:
/var/tmp/fcpFAAa13402:
   ptgmaj:
/var/tmp/fcpFAAa13402:
   ptpcoj:
/var/tmp/fcpFAAa13402:
   sptoj:
/var/tmp/fcpFAAa13402:
   tficor:
/var/tmp/fcpFAAa13402:
   tfiltu:
/var/tmp/fcpFAAa13402:
   tfipol:
/var/tmp/fcpFAAa13402:
   tptoj:
/var/tmp/fcpFAAa13402:
   tsrtco:
/var/tmp/fcpFAAa13402:
   tun1co:
/var/tmp/fcpFAAa13402:
   tun1nc:
fort77: POSIX mandates an explicit optimization level setting on the -O option; ignored
/var/tmp/fcpFAAa13467:
   saprdi:
/var/tmp/fcpFAAa13467:
   saprhi:
fort77: POSIX mandates an explicit optimization level setting on the -O option; ignored
/var/tmp/fcpFAAa13474:
   siator:
/var/tmp/fcpFAAa13474:
   siatox:
/var/tmp/fcpFAAa13474:
   sidali:
/var/tmp/fcpFAAa13474:
   sidcod:
/var/tmp/fcpFAAa13474:
   sidcoz:
/var/tmp/fcpFAAa13474:
   siencd:
/var/tmp/fcpFAAa13474:
   siencz:
/var/tmp/fcpFAAa13474:
   sigtgo:
/var/tmp/fcpFAAa13474:
   siidpo:
/var/tmp/fcpFAAa13474:
   siitor:
/var/tmp/fcpFAAa13474:
   siltox:
/var/tmp/fcpFAAa13474:
   siploc:
/var/tmp/fcpFAAa13474:
   siprgo:
/var/tmp/fcpFAAa13474:
   siptoj:
/var/tmp/fcpFAAa13474:
   sirdaf:
/var/tmp/fcpFAAa13474:
   sirloc:
/var/tmp/fcpFAAa13474:
   sirtoa:
/var/tmp/fcpFAAa13474:
   sirtoi:
/var/tmp/fcpFAAa13474:
   sixtoa:
/var/tmp/fcpFAAa13474:
   sixtoi:
/var/tmp/fcpFAAa13474:
   sixtol:
/var/tmp/fcpFAAa13474:
   sizfri:
/var/tmp/fcpFAAa13474:
   siztoi:
/var/tmp/fcpFAAa13474:
   stmask:
/var/tmp/fcpFAAa13474:
   strigf:
fort77: POSIX mandates an explicit optimization level setting on the -O option; ignored
/var/tmp/fcpFAAa13540:
   talini:
/var/tmp/fcpFAAa13540:
   tcorec:
/var/tmp/fcpFAAa13540:
   tcrtrn:
/var/tmp/fcpFAAa13540:
   tctglb:
/var/tmp/fcpFAAa13540:
   tctsec:
/var/tmp/fcpFAAa13540:
   tgedmp:
/var/tmp/fcpFAAa13540:
   tgepbk:
/var/tmp/fcpFAAa13540:
   tgepri:
/var/tmp/fcpFAAa13540:
   tgewir:
/var/tmp/fcpFAAa13540:
   tghpal:
/var/tmp/fcpFAAa13540:
   tghpts:
/var/tmp/fcpFAAa13540:
   thtflg:
/var/tmp/fcpFAAa13540:
   thtran:
/var/tmp/fcpFAAa13540:
   tmatut:
/var/tmp/fcpFAAa13540:
   tpdint:
/var/tmp/fcpFAAa13540:
   trddaf:
/var/tmp/fcpFAAa13540:
   trdt90:
/var/tmp/fcpFAAa13540:
   trhflg:
/var/tmp/fcpFAAa13540:
   tschek:
/var/tmp/fcpFAAa13540:
   tscint:
/var/tmp/fcpFAAa13540:
   tsnext:
fort77: POSIX mandates an explicit optimization level setting on the -O option; ignored
/var/tmp/fcpFAAa13593:
   tcores:
/var/tmp/fcpFAAa13593:
   tcrtof:
/var/tmp/fcpFAAa13593:
   tcrtra:
/var/tmp/fcpFAAa13593:
   tcrzvd:
/var/tmp/fcpFAAa13593:
   tdfvru:
/var/tmp/fcpFAAa13593:
   tfcini:
/var/tmp/fcpFAAa13593:
   tfimul:
/var/tmp/fcpFAAa13593:
   tfixt0:
/var/tmp/fcpFAAa13593:
   tgtcur:
/var/tmp/fcpFAAa13593:
   timdif:
/var/tmp/fcpFAAa13593:
   tlacoc:
/var/tmp/fcpFAAa13593:
   tlacop:
/var/tmp/fcpFAAa13593:
   tlacor:
/var/tmp/fcpFAAa13593:
   tnfvru:
/var/tmp/fcpFAAa13593:
   tpdvel:
/var/tmp/fcpFAAa13593:
   tprcoo:
/var/tmp/fcpFAAa13593:
   tprhit:
/var/tmp/fcpFAAa13593:
   twpana:
/var/tmp/fcpFAAa13593:
   twpold:
/var/tmp/fcpFAAa13593:
   twrred:
/var/tmp/fcpFAAa13593:
   tzcrvd:
/var/tmp/fcpFAAa13593:
   tzcsvd:
fort77: POSIX mandates an explicit optimization level setting on the -O option; ignored
/var/tmp/fcpFAAa13640:
   sidisc:
/var/tmp/fcpFAAa13640:
   sitrin:
/var/tmp/fcpFAAa13640:
   six2mk:
/var/tmp/fcpFAAa13640:
   sixamk:
/var/tmp/fcpFAAa13640:
   sixapr:
/var/tmp/fcpFAAa13640:
   x1aptn:
/var/tmp/fcpFAAa13640:
   x1aptr:
/var/tmp/fcpFAAa13640:
   x1book:
/var/tmp/fcpFAAa13640:
   x1dceb:
/var/tmp/fcpFAAa13640:
   x1disc:
/var/tmp/fcpFAAa13640:
   x1disn:
/var/tmp/fcpFAAa13640:
   x1ecwm:
/var/tmp/fcpFAAa13640:
   x1hisn:
/var/tmp/fcpFAAa13640:
   x1hist:
/var/tmp/fcpFAAa13640:
   x1ini:
/var/tmp/fcpFAAa13640:
   x1inp:
/var/tmp/fcpFAAa13640:
   x1irun:
/var/tmp/fcpFAAa13640:
   x1mixi:
/var/tmp/fcpFAAa13640:
   x1mixn:
/var/tmp/fcpFAAa13640:
   x1outp:
/var/tmp/fcpFAAa13640:
   x1prep:
/var/tmp/fcpFAAa13640:
   x1prnt:
/var/tmp/fcpFAAa13640:
   x1redo:
/var/tmp/fcpFAAa13640:
   x1rsum:
/var/tmp/fcpFAAa13640:
   x1time:
/var/tmp/fcpFAAa13640:
   x1trg:
/var/tmp/fcpFAAa13640:
   x1trig:
/var/tmp/fcpFAAa13640:
   x1wsum:
/var/tmp/fcpFAAa13640:
   x2book:
/var/tmp/fcpFAAa13640:
   x2dfcd:
/var/tmp/fcpFAAa13640:
   x2irun:
/var/tmp/fcpFAAa13640:
   x2luts:
/var/tmp/fcpFAAa13640:
   x2nami:
/var/tmp/fcpFAAa13640:
   x2prhi:
/var/tmp/fcpFAAa13640:
   x2prin:
/var/tmp/fcpFAAa13640:
   x2trig:
/var/tmp/fcpFAAa13640:
   x2wsum:
fort77: POSIX mandates an explicit optimization level setting on the -O option; ignored
/var/tmp/fcpFAAa13730:
   vabcfl:
/var/tmp/fcpFAAa13730:
   vabcvu:
/var/tmp/fcpFAAa13730:
   vabcxy:
/var/tmp/fcpFAAa13730:
   vaddpk:
/var/tmp/fcpFAAa13730:
   vaddun:
/var/tmp/fcpFAAa13730:
   vadesa:
/var/tmp/fcpFAAa13730:
   vadewa:
/var/tmp/fcpFAAa13730:
   vaensa:
/var/tmp/fcpFAAa13730:
   vaenwa:
/var/tmp/fcpFAAa13730:
   valfco:
/var/tmp/fcpFAAa13730:
   vbnkdp:
/var/tmp/fcpFAAa13730:
   vbrjwa:
/var/tmp/fcpFAAa13730:
   vchnst:
/var/tmp/fcpFAAa13730:
   vcormp:
/var/tmp/fcpFAAa13730:
   vcscec:
/var/tmp/fcpFAAa13730:
   vdacrs:
/var/tmp/fcpFAAa13730:
   vdafrd:
/var/tmp/fcpFAAa13730:
   vdamb:
/var/tmp/fcpFAAa13730:
   vdarge:
/var/tmp/fcpFAAa13730:
   vdcflt:
/var/tmp/fcpFAAa13730:
   vdchnb:
/var/tmp/fcpFAAa13730:
   vdcwrs:
/var/tmp/fcpFAAa13730:
   vdecsc:
/var/tmp/fcpFAAa13730:
   vdetgi:
/var/tmp/fcpFAAa13730:
   vdfirs:
/var/tmp/fcpFAAa13730:
   vdgdmp:
/var/tmp/fcpFAAa13730:
   vdgtch:
/var/tmp/fcpFAAa13730:
   vdgtol:
/var/tmp/fcpFAAa13730:
   vdindx:
/var/tmp/fcpFAAa13730:
   vdlcps:
/var/tmp/fcpFAAa13730:
   vdlcrs:
/var/tmp/fcpFAAa13730:
   vdpgeo:
/var/tmp/fcpFAAa13730:
   vdpslc:
/var/tmp/fcpFAAa13730:
   vdpsrs:
/var/tmp/fcpFAAa13730:
   vdrmax:
/var/tmp/fcpFAAa13730:
   vdrmin:
/var/tmp/fcpFAAa13730:
   vdrslc:
/var/tmp/fcpFAAa13730:
   vdrsps:
/var/tmp/fcpFAAa13730:
   vdrssc:
/var/tmp/fcpFAAa13730:
   vdscec:
/var/tmp/fcpFAAa13730:
   vdscrs:
/var/tmp/fcpFAAa13730:
   vdwfxy:
/var/tmp/fcpFAAa13730:
   vdyear:
/var/tmp/fcpFAAa13730:
   vdzmax:
/var/tmp/fcpFAAa13730:
   vfacsn:
/var/tmp/fcpFAAa13730:
   vfadim:
/var/tmp/fcpFAAa13730:
   vfaori:
/var/tmp/fcpFAAa13730:
   vfasdp:
/var/tmp/fcpFAAa13730:
   vfasmd:
/var/tmp/fcpFAAa13730:
   vffacw:
/var/tmp/fcpFAAa13730:
   vfjfac:
/var/tmp/fcpFAAa13730:
   vfjmod:
/var/tmp/fcpFAAa13730:
   vfjwaf:
/var/tmp/fcpFAAa13730:
   vfnear:
/var/tmp/fcpFAAa13730:
   vfwaff:
/var/tmp/fcpFAAa13730:
   vfwafi:
/var/tmp/fcpFAAa13730:
   vgcadi:
/var/tmp/fcpFAAa13730:
   vgcmtr:
/var/tmp/fcpFAAa13730:
   vgcrmt:
/var/tmp/fcpFAAa13730:
   vgexro:
/var/tmp/fcpFAAa13730:
   vggtno:
/var/tmp/fcpFAAa13730:
   vgintr:
/var/tmp/fcpFAAa13730:
   vgrdal:
/var/tmp/fcpFAAa13730:
   vgrdls:
/var/tmp/fcpFAAa13730:
   vgtber:
/var/tmp/fcpFAAa13730:
   vgtrve:
/var/tmp/fcpFAAa13730:
   vgwfvu:
/var/tmp/fcpFAAa13730:
   vgwfxy:
/var/tmp/fcpFAAa13730:
   vifaci:
/var/tmp/fcpFAAa13730:
   vimmod:
/var/tmp/fcpFAAa13730:
   vimodi:
/var/tmp/fcpFAAa13730:
   vimodm:
/var/tmp/fcpFAAa13730:
   vimodr:
/var/tmp/fcpFAAa13730:
   vindxi:
/var/tmp/fcpFAAa13730:
   vinibm:
/var/tmp/fcpFAAa13730:
   vinist:
/var/tmp/fcpFAAa13730:
   vinivg:
/var/tmp/fcpFAAa13730:
   vinlsw:
/var/tmp/fcpFAAa13730:
   vinsen:
/var/tmp/fcpFAAa13730:
   vinter:
/var/tmp/fcpFAAa13730:
   vintlf:
/var/tmp/fcpFAAa13730:
   vintlw:
/var/tmp/fcpFAAa13730:
   viromw:
/var/tmp/fcpFAAa13730:
   vitexi:
/var/tmp/fcpFAAa13730:
   viwafi:
/var/tmp/fcpFAAa13730:
   viwffw:
/var/tmp/fcpFAAa13730:
   vjfaci:
/var/tmp/fcpFAAa13730:
   vjfacm:
/var/tmp/fcpFAAa13730:
   vjfacw:
/var/tmp/fcpFAAa13730:
   vjlayf:
/var/tmp/fcpFAAa13730:
   vjlaym:
/var/tmp/fcpFAAa13730:
   vjlayw:
/var/tmp/fcpFAAa13730:
   vjmodi:
/var/tmp/fcpFAAa13730:
   vjmodm:
/var/tmp/fcpFAAa13730:
   vjmodw:
/var/tmp/fcpFAAa13730:
   vjwabr:
/var/tmp/fcpFAAa13730:
   vjwabw:
/var/tmp/fcpFAAa13730:
   vjwaff:
/var/tmp/fcpFAAa13730:
   vjwafi:
/var/tmp/fcpFAAa13730:
   vjwafm:
/var/tmp/fcpFAAa13730:
   vjwffw:
/var/tmp/fcpFAAa13730:
   vljfac:
/var/tmp/fcpFAAa13730:
   vljmod:
/var/tmp/fcpFAAa13730:
   vljwaf:
/var/tmp/fcpFAAa13730:
   vmcmod:
/var/tmp/fcpFAAa13730:
   vmmfld:
/var/tmp/fcpFAAa13730:
   vmmodj:
/var/tmp/fcpFAAa13730:
   vmodmc:
/var/tmp/fcpFAAa13730:
   vmwafj:
/var/tmp/fcpFAAa13730:
   vnelrm:
/var/tmp/fcpFAAa13730:
   vnfslo:
/var/tmp/fcpFAAa13730:
   vnirfs:
/var/tmp/fcpFAAa13730:
   vnlayr:
/var/tmp/fcpFAAa13730:
   vnrdir:
/var/tmp/fcpFAAa13730:
   vnrfac:
/var/tmp/fcpFAAa13730:
   vnrmod:
/var/tmp/fcpFAAa13730:
   vnromm:
/var/tmp/fcpFAAa13730:
   vnrssc:
/var/tmp/fcpFAAa13730:
   vnrwaf:
/var/tmp/fcpFAAa13730:
   vnrwff:
/var/tmp/fcpFAAa13730:
   vnscrm:
/var/tmp/fcpFAAa13730:
   vnstcm:
/var/tmp/fcpFAAa13730:
   vntfac:
/var/tmp/fcpFAAa13730:
   vntmod:
/var/tmp/fcpFAAa13730:
   vntwaf:
/var/tmp/fcpFAAa13730:
   vphicf:
/var/tmp/fcpFAAa13730:
   vphifc:
/var/tmp/fcpFAAa13730:
   vphifn:
/var/tmp/fcpFAAa13730:
   vphstm:
/var/tmp/fcpFAAa13730:
   vpkadd:
/var/tmp/fcpFAAa13730:
   vrddaf:
/var/tmp/fcpFAAa13730:
   vrecor:
/var/tmp/fcpFAAa13730:
   vrmmod:
/var/tmp/fcpFAAa13730:
   vromax:
/var/tmp/fcpFAAa13730:
   vrostm:
/var/tmp/fcpFAAa13730:
   vrswmd:
/var/tmp/fcpFAAa13730:
   vrswmx:
/var/tmp/fcpFAAa13730:
   vrvmbe:
/var/tmp/fcpFAAa13730:
   vschan:
/var/tmp/fcpFAAa13730:
   vscmec:
/var/tmp/fcpFAAa13730:
   vscmsc:
/var/tmp/fcpFAAa13730:
   vsensi:
/var/tmp/fcpFAAa13730:
   vsetup:
/var/tmp/fcpFAAa13730:
   vslotf:
/var/tmp/fcpFAAa13730:
   vsmjmd:
/var/tmp/fcpFAAa13730:
   vsmmod:
/var/tmp/fcpFAAa13730:
   vsmmtx:
/var/tmp/fcpFAAa13730:
   vstreg:
/var/tmp/fcpFAAa13730:
   vtextm:
/var/tmp/fcpFAAa13730:
   vtextw:
/var/tmp/fcpFAAa13730:
   vunadd:
/var/tmp/fcpFAAa13730:
   vvuwab:
/var/tmp/fcpFAAa13730:
   vvuwxy:
/var/tmp/fcpFAAa13730:
   vwadim:
/var/tmp/fcpFAAa13730:
   vwdist:
/var/tmp/fcpFAAa13730:
   vwffnd:
/var/tmp/fcpFAAa13730:
   vwfind:
/var/tmp/fcpFAAa13730:
   vwthck:
/var/tmp/fcpFAAa13730:
   vxyzab:
/var/tmp/fcpFAAa13730:
   vxyzfc:
/var/tmp/fcpFAAa13730:
   vxyzvu:
/var/tmp/fcpFAAa13730:
   vxyzwa:
/var/tmp/fcpFAAa13730:
   vzmult:
/var/tmp/fcpFAAa13730:
   vzrsrs:
fort77: POSIX mandates an explicit optimization level setting on the -O option; ignored
/var/tmp/fcpFAAa14075:
   vdexcy:
/var/tmp/fcpFAAa14075:
   vdherr:
/var/tmp/fcpFAAa14075:
   vdhits:
/var/tmp/fcpFAAa14075:
   vdhter:
/var/tmp/fcpFAAa14075:
   vdmjls:
/var/tmp/fcpFAAa14075:
   vdmsec:
/var/tmp/fcpFAAa14075:
   vdmsrl:
/var/tmp/fcpFAAa14075:
   vdmsup:
/var/tmp/fcpFAAa14075:
   vdmwrs:
/var/tmp/fcpFAAa14075:
   vdprdi:
/var/tmp/fcpFAAa14075:
   vdprht:
/var/tmp/fcpFAAa14075:
   vdttra:
/var/tmp/fcpFAAa14075:
   vherr1:
/var/tmp/fcpFAAa14075:
   vrldgt:
/var/tmp/fcpFAAa14075:
   vrmwf:
/var/tmp/fcpFAAa14075:
   vstrip:
/var/tmp/fcpFAAa14075:
   vtclas:
/var/tmp/fcpFAAa14075:
   vtclld:
/var/tmp/fcpFAAa14075:
   vtderv:
/var/tmp/fcpFAAa14075:
   vtfill:
/var/tmp/fcpFAAa14075:
   vtlink:
/var/tmp/fcpFAAa14075:
   vtrfit:
/var/tmp/fcpFAAa14075:
   vtrkex:
/var/tmp/fcpFAAa14075:
   vtrlas:
/var/tmp/fcpFAAa14075:
   vtruh:
/var/tmp/fcpFAAa14075:
   vtxnwt:
/var/tmp/fcpFAAa14075:
   vtxraw:
/var/tmp/fcpFAAa14075:
   vtxtrk:
fort77: POSIX mandates an explicit optimization level setting on the -O option; ignored
/var/tmp/fcpFAAa14147:
   llumok:
/var/tmp/fcpFAAa14147:
   slumok:
/var/tmp/fcpFAAa14147:
   vbitgd:
/var/tmp/fcpFAAa14147:
   xhvbit:
/var/tmp/fcpFAAa14147:
   xhvfix:
/var/tmp/fcpFAAa14147:
   xhvsta:
/var/tmp/fcpFAAa14147:
   xlslum:
/var/tmp/fcpFAAa14147:
   xlumok:
/var/tmp/fcpFAAa14147:
   xre133:
/var/tmp/fcpFAAa14147:
   xre94:
/var/tmp/fcpFAAa14147:
   xt0syn:
/var/tmp/fcpFAAa14147:
   xtgenb:
/var/tmp/fcpFAAa14147:
   xvdeok:
fort77: POSIX mandates an explicit optimization level setting on the -O option; ignored
/var/tmp/fcpFAAa14176:
   ys0add:
/var/tmp/fcpFAAa14176:
   ys0clr:
/var/tmp/fcpFAAa14176:
   ys0lld:
/var/tmp/fcpFAAa14176:
   ys0set:
/var/tmp/fcpFAAa14176:
   yscadd:
/var/tmp/fcpFAAa14176:
   yscclr:
/var/tmp/fcpFAAa14176:
   ysclld:
/var/tmp/fcpFAAa14176:
   yscset:
/var/tmp/fcpFAAa14176:
   ysfclr:
/var/tmp/fcpFAAa14176:
   ysfset:
/var/tmp/fcpFAAa14176:
   ysftld:
/var/tmp/fcpFAAa14176:
   ysgets:
/var/tmp/fcpFAAa14176:
   ysklld:
/var/tmp/fcpFAAa14176:
   yspair:
/var/tmp/fcpFAAa14176:
   yspcut:
/var/tmp/fcpFAAa14176:
   yspvft:
/var/tmp/fcpFAAa14176:
   ystadd:
/var/tmp/fcpFAAa14176:
   ystclr:
/var/tmp/fcpFAAa14176:
   ystlld:
/var/tmp/fcpFAAa14176:
   ystset:
/var/tmp/fcpFAAa14176:
   ysvadd:
/var/tmp/fcpFAAa14176:
   ysvbld:
/var/tmp/fcpFAAa14176:
   ysvclr:
/var/tmp/fcpFAAa14176:
   ysvfit:
/var/tmp/fcpFAAa14176:
   ysvmat:
/var/tmp/fcpFAAa14176:
   ysvmrg:
/var/tmp/fcpFAAa14176:
   ysvrtx:
/var/tmp/fcpFAAa14176:
   ysvset:
/var/tmp/fcpFAAa14176:
   ysvsrt:
/var/tmp/fcpFAAa14176:
   ysvtbk:
/var/tmp/fcpFAAa14176:
   ysvtrk:
/var/tmp/fcpFAAa14176:
   ysvx0l:
fort77: POSIX mandates an explicit optimization level setting on the -O option; ignored
/var/tmp/fcpFAAa14249:
   BLOCK DATA ybdtop:
/var/tmp/fcpFAAa14249:
   ybipat:
/var/tmp/fcpFAAa14249:
   ycircr:
/var/tmp/fcpFAAa14249:
   ydefrf:
/var/tmp/fcpFAAa14249:
   yfmvtc:
/var/tmp/fcpFAAa14249:
   yfmvtr:
/var/tmp/fcpFAAa14249:
   yftvtc:
/var/tmp/fcpFAAa14249:
   yftvtr:
/var/tmp/fcpFAAa14249:
   yfvmap:
/var/tmp/fcpFAAa14249:
   yfvmc:
/var/tmp/fcpFAAa14249:
   yfvmc1:
/var/tmp/fcpFAAa14249:
   yhisto:
/var/tmp/fcpFAAa14249:
   yhuser:
/var/tmp/fcpFAAa14249:
   yinvmx:
/var/tmp/fcpFAAa14249:
   yitcof:
/var/tmp/fcpFAAa14249:
   ymkand:
/var/tmp/fcpFAAa14249:
   ymkcle:
/var/tmp/fcpFAAa14249:
   ymkcnt:
/var/tmp/fcpFAAa14249:
   ymkcop:
/var/tmp/fcpFAAa14249:
   ymkexp:
/var/tmp/fcpFAAa14249:
   ymkidc:
/var/tmp/fcpFAAa14249:
   ymkidt:
/var/tmp/fcpFAAa14249:
   ymkmis:
/var/tmp/fcpFAAa14249:
   ymkorr:
/var/tmp/fcpFAAa14249:
   ymkset:
/var/tmp/fcpFAAa14249:
   ymkshr:
/var/tmp/fcpFAAa14249:
   ymktst:
/var/tmp/fcpFAAa14249:
   ymkzer:
/var/tmp/fcpFAAa14249:
   yms3in:
/var/tmp/fcpFAAa14249:
   ypidas:
/var/tmp/fcpFAAa14249:
   yprivx:
/var/tmp/fcpFAAa14249:
   yprver:
/var/tmp/fcpFAAa14249:
   yruser:
/var/tmp/fcpFAAa14249:
   ystvtx:
/var/tmp/fcpFAAa14249:
   ysvvtx:
/var/tmp/fcpFAAa14249:
   ytconv:
/var/tmp/fcpFAAa14249:
   ytijob:
/var/tmp/fcpFAAa14249:
   ytoiru:
/var/tmp/fcpFAAa14249:
   ytopnw:
/var/tmp/fcpFAAa14249:
   ytopol:
/var/tmp/fcpFAAa14249:
   ytoprt:
/var/tmp/fcpFAAa14249:
   ytosum:
/var/tmp/fcpFAAa14249:
   ytosvt:
/var/tmp/fcpFAAa14249:
   ytpar:
/var/tmp/fcpFAAa14249:
   ytpvtx:
/var/tmp/fcpFAAa14249:
   ytrv0s:
/var/tmp/fcpFAAa14249:
   ytstrk:
/var/tmp/fcpFAAa14249:
   yvdcof:
/var/tmp/fcpFAAa14249:
   yvposs:
/var/tmp/fcpFAAa14249:
   yvxbld:
fort77: POSIX mandates an explicit optimization level setting on the -O option; ignored
/var/tmp/fcpFAAa14378:
   ychi00:
/var/tmp/fcpFAAa14378:
   ychiv2:
/var/tmp/fcpFAAa14378:
   yd0nfi:
/var/tmp/fcpFAAa14378:
   yd0nfn:
/var/tmp/fcpFAAa14378:
   ydismc:
/var/tmp/fcpFAAa14378:
   yfixis:
/var/tmp/fcpFAAa14378:
   yfixyn:
/var/tmp/fcpFAAa14378:
   yfixyp:
/var/tmp/fcpFAAa14378:
   yfpsin:
/var/tmp/fcpFAAa14378:
   yfqerq:
/var/tmp/fcpFAAa14378:
   ymfmin:
/var/tmp/fcpFAAa14378:
   ymfv0v:
       entry    ymfv00:
/var/tmp/fcpFAAa14378:
   ynv0nf:
/var/tmp/fcpFAAa14378:
   ynv0ve:
/var/tmp/fcpFAAa14378:
   ypsive:
/var/tmp/fcpFAAa14378:
   ypsivn:
/var/tmp/fcpFAAa14378:
   yv0bok:
/var/tmp/fcpFAAa14378:
   yv0mas:
/var/tmp/fcpFAAa14378:
   yv0ong:
/var/tmp/fcpFAAa14378:
   yv0onh:
/var/tmp/fcpFAAa14378:
   yv1ini:
/var/tmp/fcpFAAa14378:
   yvcame:
/var/tmp/fcpFAAa14378:
   yvprim:
/var/tmp/fcpFAAa14378:
   yzpha1:
/var/tmp/fcpFAAa14378:
   yzphan:
/var/tmp/fcpFAAa14378:
   yzphas:
