fort77: POSIX mandates an explicit optimization level setting on the -O option; ignored
/var/tmp/fcpFAAa14514:
   albunch:
/var/tmp/fcpFAAa14514:
   alefil:
/var/tmp/fcpFAAa14514:
   alelep:
/var/tmp/fcpFAAa14514:
   alfiel:
/var/tmp/fcpFAAa14514:
   alkevh:
/var/tmp/fcpFAAa14514:
   alkjob:
/var/tmp/fcpFAAa14514:
   alklun:
/var/tmp/fcpFAAa14514:
   alkmar:
/var/tmp/fcpFAAa14514:
   alkran:
/var/tmp/fcpFAAa14514:
   alkrun:
/var/tmp/fcpFAAa14514:
   allep1:
/var/tmp/fcpFAAa14514:
   alrlep:
/var/tmp/fcpFAAa14514:
   alsecs:
/var/tmp/fcpFAAa14514:
   altrhv:
/var/tmp/fcpFAAa14514:
   altrig:
/var/tmp/fcpFAAa14514:
   alvers:
/var/tmp/fcpFAAa14514:
   dvmove:
/var/tmp/fcpFAAa14514:
   dvzero:
/var/tmp/fcpFAAa14514:
   fixalpb:
/var/tmp/fcpFAAa14514:
   getbp:
/var/tmp/fcpFAAa14514:
   getle1:
/var/tmp/fcpFAAa14514:
   getle2:
/var/tmp/fcpFAAa14514:
   getlep:
       entry    getofs:
/var/tmp/fcpFAAa14514:
   getlum:
/var/tmp/fcpFAAa14514:
   gets4b:
/var/tmp/fcpFAAa14514:
   getslu:
/var/tmp/fcpFAAa14514:
   getxyb:
/var/tmp/fcpFAAa14514:
   gtt0gl:
/var/tmp/fcpFAAa14514:
   lfilru:
/var/tmp/fcpFAAa14514:
   rqbunc:
/var/tmp/fcpFAAa14514:
   xfmcbp:
fort77: POSIX mandates an explicit optimization level setting on the -O option; ignored
/var/tmp/fcpFAAa14581:
   auarcm:
/var/tmp/fcpFAAa14581:
   auhcyl:
/var/tmp/fcpFAAa14581:
   auhdis:
/var/tmp/fcpFAAa14581:
   auhlen:
/var/tmp/fcpFAAa14581:
   aulcyl:
/var/tmp/fcpFAAa14581:
   aullen:
/var/tmp/fcpFAAa14581:
   autrpl:
/var/tmp/fcpFAAa14581:
   helins:
/var/tmp/fcpFAAa14581:
   ppcorr:
/var/tmp/fcpFAAa14581:
   smav:
/var/tmp/fcpFAAa14581:
   sminv:
       entry    xminv:
/var/tmp/fcpFAAa14581:
   smnorm:
/var/tmp/fcpFAAa14581:
   thlcir:
/var/tmp/fcpFAAa14581:
   tk2ivm:
/var/tmp/fcpFAAa14581:
   tnrhpa:
/var/tmp/fcpFAAa14581:
   ufield:
/var/tmp/fcpFAAa14581:
   ufitql:
/var/tmp/fcpFAAa14581:
   ufitzs:
/var/tmp/fcpFAAa14581:
   ufmmul:
       entry    ufmmlt:
       entry    ufmscl:
       entry    ufmadd:
       entry    ufmult:
/var/tmp/fcpFAAa14581:
   ufms:
/var/tmp/fcpFAAa14581:
   uftmso:
/var/tmp/fcpFAAa14581:
   uhelix:
/var/tmp/fcpFAAa14581:
   uhelix2:
/var/tmp/fcpFAAa14581:
   uincov:
/var/tmp/fcpFAAa14581:
   umserr:
/var/tmp/fcpFAAa14581:
   unewdp:
/var/tmp/fcpFAAa14581:
   unewzp:
/var/tmp/fcpFAAa14581:
   utkxng:
/var/tmp/fcpFAAa14581:
   utrid:
/var/tmp/fcpFAAa14581:
   utswco:
/var/tmp/fcpFAAa14581:
   uvtrid:
/var/tmp/fcpFAAa14581:
   yfix:
/var/tmp/fcpFAAa14581:
   yhelix:
/var/tmp/fcpFAAa14581:
   ysense:
/var/tmp/fcpFAAa14581:
   yv0one:
fort77: POSIX mandates an explicit optimization level setting on the -O option; ignored
/var/tmp/fcpFAAa14654:
   tbtblk:
/var/tmp/fcpFAAa14654:
   tbtblp:
/var/tmp/fcpFAAa14654:
   tcgxru:
/var/tmp/fcpFAAa14654:
   tchkex:
/var/tmp/fcpFAAa14654:
   tchkhv:
/var/tmp/fcpFAAa14654:
   tdedxv:
       entry    tdedxr:
/var/tmp/fcpFAAa14654:
   tdxerr:
/var/tmp/fcpFAAa14654:
   tidhyp:
/var/tmp/fcpFAAa14654:
   tmdedx:
/var/tmp/fcpFAAa14654:
   tmpddx:
/var/tmp/fcpFAAa14654:
   tpdhyp:
/var/tmp/fcpFAAa14654:
   tpxerr:
/var/tmp/fcpFAAa14654:
   txdedx:
/var/tmp/fcpFAAa14654:
   txpddx:
fort77: POSIX mandates an explicit optimization level setting on the -O option; ignored
/var/tmp/fcpFAAa14685:
   eclean:
/var/tmp/fcpFAAa14685:
   ecprhi:
/var/tmp/fcpFAAa14685:
   ecprto:
/var/tmp/fcpFAAa14685:
   ecprtr:
/var/tmp/fcpFAAa14685:
   ecprwi:
/var/tmp/fcpFAAa14685:
   emtzer:
fort77: POSIX mandates an explicit optimization level setting on the -O option; ignored
/var/tmp/fcpFAAa14700:
   acoupe:
/var/tmp/fcpFAAa14700:
   aire:
/var/tmp/fcpFAAa14700:
   airsct:
/var/tmp/fcpFAAa14700:
   avolum:
/var/tmp/fcpFAAa14700:
   ealgmk:
/var/tmp/fcpFAAa14700:
   ealign:
/var/tmp/fcpFAAa14700:
   ealtmk:
/var/tmp/fcpFAAa14700:
   ecdfrd:
/var/tmp/fcpFAAa14700:
   ecplst:
/var/tmp/fcpFAAa14700:
   ecrwrg:
/var/tmp/fcpFAAa14700:
   ecsgeo:
/var/tmp/fcpFAAa14700:
   ectilt:
/var/tmp/fcpFAAa14700:
   ecylnd:
/var/tmp/fcpFAAa14700:
   edefcl:
/var/tmp/fcpFAAa14700:
   edefec:
/var/tmp/fcpFAAa14700:
   edeflg:
/var/tmp/fcpFAAa14700:
   edefmd:
/var/tmp/fcpFAAa14700:
   edefsc:
/var/tmp/fcpFAAa14700:
   edefsp:
/var/tmp/fcpFAAa14700:
   edefss:
/var/tmp/fcpFAAa14700:
   edisgn:
/var/tmp/fcpFAAa14700:
   efncrs:
/var/tmp/fcpFAAa14700:
   efndcl:
/var/tmp/fcpFAAa14700:
   efndlg:
/var/tmp/fcpFAAa14700:
   efndmd:
/var/tmp/fcpFAAa14700:
   efndpl:
/var/tmp/fcpFAAa14700:
   efndrg:
/var/tmp/fcpFAAa14700:
   efndsc:
/var/tmp/fcpFAAa14700:
   efndss:
/var/tmp/fcpFAAa14700:
   efndst:
/var/tmp/fcpFAAa14700:
   efndtw:
/var/tmp/fcpFAAa14700:
   efnicr:
/var/tmp/fcpFAAa14700:
   efnitw:
/var/tmp/fcpFAAa14700:
   efnlay:
/var/tmp/fcpFAAa14700:
   egptlg:
/var/tmp/fcpFAAa14700:
   egptsp:
/var/tmp/fcpFAAa14700:
   egtlnf:
/var/tmp/fcpFAAa14700:
   ehsimt:
/var/tmp/fcpFAAa14700:
   eintst:
/var/tmp/fcpFAAa14700:
   einvrl:
/var/tmp/fcpFAAa14700:
   elimin:
/var/tmp/fcpFAAa14700:
   elimrg:
/var/tmp/fcpFAAa14700:
   elimsc:
/var/tmp/fcpFAAa14700:
   elimst:
/var/tmp/fcpFAAa14700:
   elocal:
/var/tmp/fcpFAAa14700:
   emabsl:
/var/tmp/fcpFAAa14700:
   emdedx:
/var/tmp/fcpFAAa14700:
   emdtow:
/var/tmp/fcpFAAa14700:
   empact:
/var/tmp/fcpFAAa14700:
   emradl:
/var/tmp/fcpFAAa14700:
   enorme:
/var/tmp/fcpFAAa14700:
   entree:
/var/tmp/fcpFAAa14700:
   eowfar:
/var/tmp/fcpFAAa14700:
   eperce:
/var/tmp/fcpFAAa14700:
   eplmst:
/var/tmp/fcpFAAa14700:
   eplnor:
/var/tmp/fcpFAAa14700:
   eplscc:
/var/tmp/fcpFAAa14700:
   eplscf:
/var/tmp/fcpFAAa14700:
   eplscn:
/var/tmp/fcpFAAa14700:
   eplsdi:
/var/tmp/fcpFAAa14700:
   eplsqf:
/var/tmp/fcpFAAa14700:
   eplsql:
/var/tmp/fcpFAAa14700:
   eplst:
/var/tmp/fcpFAAa14700:
   eprcom:
/var/tmp/fcpFAAa14700:
   eqedge:
/var/tmp/fcpFAAa14700:
   erddaf:
/var/tmp/fcpFAAa14700:
   erogen:
/var/tmp/fcpFAAa14700:
   erosys:
/var/tmp/fcpFAAa14700:
   erotpl:
/var/tmp/fcpFAAa14700:
   erotpt:
/var/tmp/fcpFAAa14700:
   erpads:
/var/tmp/fcpFAAa14700:
   erwidt:
/var/tmp/fcpFAAa14700:
   esrbc:
/var/tmp/fcpFAAa14700:
   esrcr:
/var/tmp/fcpFAAa14700:
   esrct:
/var/tmp/fcpFAAa14700:
   esrdir:
/var/tmp/fcpFAAa14700:
   esrfc:
/var/tmp/fcpFAAa14700:
   esrpl:
/var/tmp/fcpFAAa14700:
   esrpt:
/var/tmp/fcpFAAa14700:
   etetrd:
/var/tmp/fcpFAAa14700:
   ethru:
/var/tmp/fcpFAAa14700:
   etouch:
/var/tmp/fcpFAAa14700:
   etzsmd:
/var/tmp/fcpFAAa14700:
   etzssl:
/var/tmp/fcpFAAa14700:
   evabsl:
/var/tmp/fcpFAAa14700:
   evdedx:
/var/tmp/fcpFAAa14700:
   evfois:
/var/tmp/fcpFAAa14700:
   evolcr:
/var/tmp/fcpFAAa14700:
   evolct:
/var/tmp/fcpFAAa14700:
   evolfc:
/var/tmp/fcpFAAa14700:
   evolpl:
/var/tmp/fcpFAAa14700:
   evolum:
/var/tmp/fcpFAAa14700:
   evradl:
/var/tmp/fcpFAAa14700:
   expand:
/var/tmp/fcpFAAa14700:
   expfrf:
/var/tmp/fcpFAAa14700:
   expnec:
/var/tmp/fcpFAAa14700:
   exrwrw:
/var/tmp/fcpFAAa14700:
   vect4:
fort77: POSIX mandates an explicit optimization level setting on the -O option; ignored
/var/tmp/fcpFAAa14936:
   alclasw:
/var/tmp/fcpFAAa14936:
   alrwev:
/var/tmp/fcpFAAa14936:
   alsumcl:
       entry    alsumgt:
/var/tmp/fcpFAAa14936:
   chkclas:
/var/tmp/fcpFAAa14936:
   clas24:
/var/tmp/fcpFAAa14936:
   clas26:
/var/tmp/fcpFAAa14936:
   clas278:
/var/tmp/fcpFAAa14936:
   ecaget:
/var/tmp/fcpFAAa14936:
   ecalsl:
/var/tmp/fcpFAAa14936:
   ecalwr:
/var/tmp/fcpFAAa14936:
   ecphco:
/var/tmp/fcpFAAa14936:
   eewirs:
/var/tmp/fcpFAAa14936:
   enlcal:
/var/tmp/fcpFAAa14936:
   enlcl2:
/var/tmp/fcpFAAa14936:
   esumw:
/var/tmp/fcpFAAa14936:
   esweh:
/var/tmp/fcpFAAa14936:
   ggesum:
/var/tmp/fcpFAAa14936:
   ggseh:
/var/tmp/fcpFAAa14936:
   ggtrkh:
/var/tmp/fcpFAAa14936:
   hcalen:
/var/tmp/fcpFAAa14936:
   hvobit:
/var/tmp/fcpFAAa14936:
   lepto:
/var/tmp/fcpFAAa14936:
   modfnd:
/var/tmp/fcpFAAa14936:
   muelid:
/var/tmp/fcpFAAa14936:
   mutrgs:
/var/tmp/fcpFAAa14936:
   phedir:
/var/tmp/fcpFAAa14936:
   qptrck:
/var/tmp/fcpFAAa14936:
   qtrkch:
/var/tmp/fcpFAAa14936:
   rejbha:
/var/tmp/fcpFAAa14936:
   rpeco:
/var/tmp/fcpFAAa14936:
/var/tmp/fcpFAAa14936:
   selbha:
/var/tmp/fcpFAAa14936:
   selcal:
/var/tmp/fcpFAAa14936:
   selemu:
/var/tmp/fcpFAAa14936:
   selenu:
/var/tmp/fcpFAAa14936:
   selevt:
/var/tmp/fcpFAAa14936:
   selgge:
/var/tmp/fcpFAAa14936:
   seltrk:
/var/tmp/fcpFAAa14936:
   selwwa:
/var/tmp/fcpFAAa14936:
   selwwb:
/var/tmp/fcpFAAa14936:
   siedir:
/var/tmp/fcpFAAa14936:
   sngmtr:
/var/tmp/fcpFAAa14936:
   sngrnd:
/var/tmp/fcpFAAa14936:
   tizern:
/var/tmp/fcpFAAa14936:
   tizero:
/var/tmp/fcpFAAa14936:
   tracks:
/var/tmp/fcpFAAa14936:
   trioff:
/var/tmp/fcpFAAa14936:
   trkhad:
/var/tmp/fcpFAAa14936:
   trkwws:
/var/tmp/fcpFAAa14936:
   trpfrf:
/var/tmp/fcpFAAa14936:
   truslu:
/var/tmp/fcpFAAa14936:
   ulangl:
/var/tmp/fcpFAAa14936:
   ulthru:
/var/tmp/fcpFAAa14936:
   vdcosmj:
/var/tmp/fcpFAAa14936:
   vurobo:
/var/tmp/fcpFAAa14936:
   wclus:
fort77: POSIX mandates an explicit optimization level setting on the -O option; ignored
/var/tmp/fcpFAAa15052:
   fmelos:
/var/tmp/fcpFAAa15052:
   fmhelx:
/var/tmp/fcpFAAa15052:
   fmhitb:
/var/tmp/fcpFAAa15052:
   fminit:
/var/tmp/fcpFAAa15052:
   fmmulx:
/var/tmp/fcpFAAa15052:
   fmprnt:
/var/tmp/fcpFAAa15052:
   fmregn:
/var/tmp/fcpFAAa15052:
   fmscat:
/var/tmp/fcpFAAa15052:
   fmtrak:
fort77: POSIX mandates an explicit optimization level setting on the -O option; ignored
/var/tmp/fcpFAAa15073:
   fyfkin:
/var/tmp/fcpFAAa15073:
   fyinev:
/var/tmp/fcpFAAa15073:
   fyirun:
/var/tmp/fcpFAAa15073:
   fykill:
/var/tmp/fcpFAAa15073:
   fykine:
/var/tmp/fcpFAAa15073:
   fyluhc:
/var/tmp/fcpFAAa15073:
   fynhis:
/var/tmp/fcpFAAa15073:
   fyredc:
/var/tmp/fcpFAAa15073:
   fytoki:
/var/tmp/fcpFAAa15073:
   fytree:
fort77: POSIX mandates an explicit optimization level setting on the -O option; ignored
/var/tmp/fcpFAAa15096:
   aristo:
/var/tmp/fcpFAAa15096:
   bgetds:
/var/tmp/fcpFAAa15096:
   chacut:
/var/tmp/fcpFAAa15096:
   corad94:
/var/tmp/fcpFAAa15096:
   coradoc:
/var/tmp/fcpFAAa15096:
   defove:
/var/tmp/fcpFAAa15096:
   dstack:
/var/tmp/fcpFAAa15096:
   ebgrix:
/var/tmp/fcpFAAa15096:
   ec4tra:
/var/tmp/fcpFAAa15096:
   ecetdi:
/var/tmp/fcpFAAa15096:
   evtver:
/var/tmp/fcpFAAa15096:
   gaform:
/var/tmp/fcpFAAa15096:
   gagrid:
/var/tmp/fcpFAAa15096:
   gamfak:
/var/tmp/fcpFAAa15096:
   gampek:
/var/tmp/fcpFAAa15096:
   gampex:
/var/tmp/fcpFAAa15096:
   gapgac:
/var/tmp/fcpFAAa15096:
   gapgpc:
/var/tmp/fcpFAAa15096:
   gatral:
/var/tmp/fcpFAAa15096:
   gbulos:
/var/tmp/fcpFAAa15096:
   gemfak:
/var/tmp/fcpFAAa15096:
   gf4lst:
/var/tmp/fcpFAAa15096:
   gfake:
/var/tmp/fcpFAAa15096:
   gfakew:
/var/tmp/fcpFAAa15096:
   gfrac:
/var/tmp/fcpFAAa15096:
   ghafak:
/var/tmp/fcpFAAa15096:
   givsto:
/var/tmp/fcpFAAa15096:
   gxem:
/var/tmp/fcpFAAa15096:
   gxhad:
/var/tmp/fcpFAAa15096:
   gximpa:
/var/tmp/fcpFAAa15096:
   gxmclm:
/var/tmp/fcpFAAa15096:
   gxtran:
/var/tmp/fcpFAAa15096:
   intof4:
/var/tmp/fcpFAAa15096:
   ispark:
/var/tmp/fcpFAAa15096:
   mecrfc:
/var/tmp/fcpFAAa15096:
   morsto:
/var/tmp/fcpFAAa15096:
   ovesto:
/var/tmp/fcpFAAa15096:
   stogam:
/var/tmp/fcpFAAa15096:
   trdist:
/var/tmp/fcpFAAa15096:
   trfire:
/var/tmp/fcpFAAa15096:
   voisto:
fort77: POSIX mandates an explicit optimization level setting on the -O option; ignored
/var/tmp/fcpFAAa15194:
   hcboun:
/var/tmp/fcpFAAa15194:
   hccyl:
/var/tmp/fcpFAAa15194:
   hcdeit:
/var/tmp/fcpFAAa15194:
   hcdpsp:
/var/tmp/fcpFAAa15194:
   hcdrbm:
/var/tmp/fcpFAAa15194:
   hcdwsp:
/var/tmp/fcpFAAa15194:
   hcheck:
/var/tmp/fcpFAAa15194:
   hclatu:
/var/tmp/fcpFAAa15194:
   hcmdpl:
/var/tmp/fcpFAAa15194:
   hcprge:
/var/tmp/fcpFAAa15194:
   hcrinv:
/var/tmp/fcpFAAa15194:
   hcrvol:
/var/tmp/fcpFAAa15194:
   hcsamp:
/var/tmp/fcpFAAa15194:
   hcseco:
/var/tmp/fcpFAAa15194:
   hdeadm:
/var/tmp/fcpFAAa15194:
   hfbahi:
/var/tmp/fcpFAAa15194:
   hfbahio:
/var/tmp/fcpFAAa15194:
   hfbhit:
/var/tmp/fcpFAAa15194:
   hfehit:
/var/tmp/fcpFAAa15194:
   hfenhi:
/var/tmp/fcpFAAa15194:
   hfndmd:
/var/tmp/fcpFAAa15194:
   hfndtw:
/var/tmp/fcpFAAa15194:
   hgetga:
/var/tmp/fcpFAAa15194:
   hgetju:
/var/tmp/fcpFAAa15194:
   hginit:
/var/tmp/fcpFAAa15194:
   hintst:
/var/tmp/fcpFAAa15194:
   hneigh:
/var/tmp/fcpFAAa15194:
   hnreg:
/var/tmp/fcpFAAa15194:
   hphmod:
/var/tmp/fcpFAAa15194:
   hrddaf:
/var/tmp/fcpFAAa15194:
   hsrcr:
/var/tmp/fcpFAAa15194:
   htadco:
/var/tmp/fcpFAAa15194:
   htadde:
/var/tmp/fcpFAAa15194:
   htstec:
/var/tmp/fcpFAAa15194:
   htuacl:
/var/tmp/fcpFAAa15194:
   htulen:
/var/tmp/fcpFAAa15194:
   htxang:
/var/tmp/fcpFAAa15194:
   htxdtl:
/var/tmp/fcpFAAa15194:
   htxspl:
/var/tmp/fcpFAAa15194:
   husran:
/var/tmp/fcpFAAa15194:
   hytrsf:
fort77: POSIX mandates an explicit optimization level setting on the -O option; ignored
/var/tmp/fcpFAAa15280:
   ifecon:
/var/tmp/fcpFAAa15280:
   igeomw:
/var/tmp/fcpFAAa15280:
   igetdb:
/var/tmp/fcpFAAa15280:
   iinali:
/var/tmp/fcpFAAa15280:
   iinres:
/var/tmp/fcpFAAa15280:
   iprdaf:
/var/tmp/fcpFAAa15280:
   irddaf:
fort77: POSIX mandates an explicit optimization level setting on the -O option; ignored
/var/tmp/fcpFAAa15298:
   iasiga:
/var/tmp/fcpFAAa15298:
   icdrif:
/var/tmp/fcpFAAa15298:
   icrcoo:
/var/tmp/fcpFAAa15298:
   iddist:
/var/tmp/fcpFAAa15298:
   ilatch:
/var/tmp/fcpFAAa15298:
   ilivew:
/var/tmp/fcpFAAa15298:
   imicco:
/var/tmp/fcpFAAa15298:
   iresrp:
/var/tmp/fcpFAAa15298:
   itcflg:
/var/tmp/fcpFAAa15298:
   itdcor:
/var/tmp/fcpFAAa15298:
   itdrif:
/var/tmp/fcpFAAa15298:
   itprdi:
/var/tmp/fcpFAAa15298:
   itprht:
/var/tmp/fcpFAAa15298:
   itqual:
/var/tmp/fcpFAAa15298:
   itrotn:
/var/tmp/fcpFAAa15298:
   itswco:
/var/tmp/fcpFAAa15298:
   itxflg:
/var/tmp/fcpFAAa15298:
   itxing:
/var/tmp/fcpFAAa15298:
   iudoca:
/var/tmp/fcpFAAa15298:
   iupcco:
/var/tmp/fcpFAAa15298:
   iuvcrs:
/var/tmp/fcpFAAa15298:
   ixhits:
fort77: POSIX mandates an explicit optimization level setting on the -O option; ignored
/var/tmp/fcpFAAa15345:
   uba2pi:
       entry    ubapi:
       entry    ubapi2:
/var/tmp/fcpFAAa15345:
   uf2arc:
/var/tmp/fcpFAAa15345:
   uf2crd:
/var/tmp/fcpFAAa15345:
   uf2trk:
/var/tmp/fcpFAAa15345:
   uf2use:
/var/tmp/fcpFAAa15345:
   ufbebl:
/var/tmp/fcpFAAa15345:
   ufberr:
/var/tmp/fcpFAAa15345:
   ufchi2:
/var/tmp/fcpFAAa15345:
   ufcova:
/var/tmp/fcpFAAa15345:
   ufdisc:
/var/tmp/fcpFAAa15345:
   ufecal:
/var/tmp/fcpFAAa15345:
   ufg2gt:
/var/tmp/fcpFAAa15345:
   ufgain:
/var/tmp/fcpFAAa15345:
   ufgett:
/var/tmp/fcpFAAa15345:
   ufjaco:
/var/tmp/fcpFAAa15345:
   ufloss:
/var/tmp/fcpFAAa15345:
   ufqprc:
/var/tmp/fcpFAAa15345:
   ufrein:
       entry    uf2sca:
       entry    uftfil:
/var/tmp/fcpFAAa15345:
   ufscov:
/var/tmp/fcpFAAa15345:
   ufstat:
/var/tmp/fcpFAAa15345:
   ufswmc:
       entry    uoloss:
/var/tmp/fcpFAAa15345:
   ufswms:
/var/tmp/fcpFAAa15345:
   ufswmx:
/var/tmp/fcpFAAa15345:
   uftkal:
       entry    ufmkal:
       entry    uftrac:
       entry    uftome:
       entry    ufttal:
       entry    uftmom:
       entry    uftrad:
       entry    dalinf:
       entry    ufdali:
       entry    ufswim:
       entry    ufclim:
       entry    ufvdin:
       entry    ufvdou:
       entry    uf2res:
       entry    uf2trm:
       entry    uf2tpo:
       entry    uf2pnt:
       entry    uf2xyz:
/var/tmp/fcpFAAa15345:
   uftran:
/var/tmp/fcpFAAa15345:
   ufttra:
/var/tmp/fcpFAAa15345:
   ufvdms:
       entry    ufvdmm:
/var/tmp/fcpFAAa15345:
   uload:
/var/tmp/fcpFAAa15345:
   upcons:
/var/tmp/fcpFAAa15345:
   utproc:
fort77: POSIX mandates an explicit optimization level setting on the -O option; ignored
/var/tmp/fcpFAAa15408:
/var/tmp/fcpFAAa15408:
/var/tmp/fcpFAAa15408:
/var/tmp/fcpFAAa15408:
/var/tmp/fcpFAAa15408:
   kbkine:
/var/tmp/fcpFAAa15408:
   kbklin:
/var/tmp/fcpFAAa15408:
   kbpart:
/var/tmp/fcpFAAa15408:
   kbvert:
/var/tmp/fcpFAAa15408:
   kclean:
/var/tmp/fcpFAAa15408:
   keevt:
/var/tmp/fcpFAAa15408:
   kejob:
/var/tmp/fcpFAAa15408:
   kfevbk:
/var/tmp/fcpFAAa15408:
   kgdecl:
/var/tmp/fcpFAAa15408:
   kgpart:
/var/tmp/fcpFAAa15408:
   kiaver:
/var/tmp/fcpFAAa15408:
   kibprs:
/var/tmp/fcpFAAa15408:
   kifynw:
/var/tmp/fcpFAAa15408:
   kifyol:
/var/tmp/fcpFAAa15408:
   kinit:
/var/tmp/fcpFAAa15408:
   kkdrop:
/var/tmp/fcpFAAa15408:
   kkmove:
/var/tmp/fcpFAAa15408:
   kluzet:
/var/tmp/fcpFAAa15408:
   kmkrun:
/var/tmp/fcpFAAa15408:
   kmpart:
/var/tmp/fcpFAAa15408:
   kmrunh:
/var/tmp/fcpFAAa15408:
   knodec:
/var/tmp/fcpFAAa15408:
   kp6sho:
/var/tmp/fcpFAAa15408:
   kp6zfr:
/var/tmp/fcpFAAa15408:
   kpyzet:
/var/tmp/fcpFAAa15408:
   ksecbk:
/var/tmp/fcpFAAa15408:
   kshobk:
/var/tmp/fcpFAAa15408:
   kswap:
/var/tmp/fcpFAAa15408:
   kxl74a:
/var/tmp/fcpFAAa15408:
   kxl7al:
/var/tmp/fcpFAAa15408:
   kxl7br:
/var/tmp/fcpFAAa15408:
   kxl7co:
/var/tmp/fcpFAAa15408:
   kxl7pa:
/var/tmp/fcpFAAa15408:
   kxl7st:
/var/tmp/fcpFAAa15408:
   kxl7to:
/var/tmp/fcpFAAa15408:
   kxlual:
/var/tmp/fcpFAAa15408:
   kxlubr:
/var/tmp/fcpFAAa15408:
   kxluco:
/var/tmp/fcpFAAa15408:
   kxlupa:
/var/tmp/fcpFAAa15408:
   kxlupr:
/var/tmp/fcpFAAa15408:
   kxluto:
/var/tmp/fcpFAAa15408:
   kxp6al:
/var/tmp/fcpFAAa15408:
   kxp6br:
/var/tmp/fcpFAAa15408:
   kxp6co:
/var/tmp/fcpFAAa15408:
   kxp6in:
/var/tmp/fcpFAAa15408:
   kxp6st:
/var/tmp/fcpFAAa15408:
   kxp6to:
/var/tmp/fcpFAAa15408:
   kzfrbk:
fort77: POSIX mandates an explicit optimization level setting on the -O option; ignored
/var/tmp/fcpFAAa15536:
   lcalmv:
fort77: POSIX mandates an explicit optimization level setting on the -O option; ignored
/var/tmp/fcpFAAa15541:
   mbapol:
/var/tmp/fcpFAAa15541:
   mbspol:
/var/tmp/fcpFAAa15541:
   menpol:
/var/tmp/fcpFAAa15541:
   mginit:
/var/tmp/fcpFAAa15541:
   mmapol:
/var/tmp/fcpFAAa15541:
   muprge:
/var/tmp/fcpFAAa15541:
   mxyloc:
fort77: POSIX mandates an explicit optimization level setting on the -O option; ignored
/var/tmp/fcpFAAa15558:
   maklis:
/var/tmp/fcpFAAa15558:
   mdscr:
/var/tmp/fcpFAAa15558:
   mucalo:
/var/tmp/fcpFAAa15558:
   mucatr:
/var/tmp/fcpFAAa15558:
   mudbe:
/var/tmp/fcpFAAa15558:
   mudso:
fort77: POSIX mandates an explicit optimization level setting on the -O option; ignored
/var/tmp/fcpFAAa15573:
   alprob:
/var/tmp/fcpFAAa15573:
   amuid:
/var/tmp/fcpFAAa15573:
   hdodgy:
/var/tmp/fcpFAAa15573:
   hgsudn:
/var/tmp/fcpFAAa15573:
   hrhtub:
/var/tmp/fcpFAAa15573:
   mrmhit:
/var/tmp/fcpFAAa15573:
   mshad:
/var/tmp/fcpFAAa15573:
   msolmc:
/var/tmp/fcpFAAa15573:
   msolsh:
/var/tmp/fcpFAAa15573:
   muidf:
/var/tmp/fcpFAAa15573:
   muido:
fort77: POSIX mandates an explicit optimization level setting on the -O option; ignored
/var/tmp/fcpFAAa15599:
   bulos:
/var/tmp/fcpFAAa15599:
   clmoms:
/var/tmp/fcpFAAa15599:
   ebaryc:
/var/tmp/fcpFAAa15599:
   ebcdrg:
/var/tmp/fcpFAAa15599:
   ebclap:
/var/tmp/fcpFAAa15599:
   ebclcf:
/var/tmp/fcpFAAa15599:
   ebcocl:
/var/tmp/fcpFAAa15599:
   ebcohd:
/var/tmp/fcpFAAa15599:
   ebconf:
/var/tmp/fcpFAAa15599:
   ebcosi:
/var/tmp/fcpFAAa15599:
   ebcrad:
/var/tmp/fcpFAAa15599:
   ebcrep:
/var/tmp/fcpFAAa15599:
   ebdevi:
/var/tmp/fcpFAAa15599:
   ebecmd:
/var/tmp/fcpFAAa15599:
   ebgaga:
/var/tmp/fcpFAAa15599:
   ebgene:
/var/tmp/fcpFAAa15599:
   ebgrid:
/var/tmp/fcpFAAa15599:
   ebhadr:
/var/tmp/fcpFAAa15599:
   ebhaha:
/var/tmp/fcpFAAa15599:
   ebimpa:
/var/tmp/fcpFAAa15599:
   ebimpc:
/var/tmp/fcpFAAa15599:
   ebinit:
/var/tmp/fcpFAAa15599:
   ebleak:
/var/tmp/fcpFAAa15599:
   eblong:
/var/tmp/fcpFAAa15599:
   eblpst:
/var/tmp/fcpFAAa15599:
   ebneut:
/var/tmp/fcpFAAa15599:
   eboidp:
/var/tmp/fcpFAAa15599:
   ebpara:
/var/tmp/fcpFAAa15599:
   ebphcc:
/var/tmp/fcpFAAa15599:
   ebprep:
/var/tmp/fcpFAAa15599:
   ebprga:
/var/tmp/fcpFAAa15599:
   ebrack:
/var/tmp/fcpFAAa15599:
   ebranc:
/var/tmp/fcpFAAa15599:
   ebrgcd:
/var/tmp/fcpFAAa15599:
   ebsatu:
/var/tmp/fcpFAAa15599:
   ebshap:
/var/tmp/fcpFAAa15599:
   ebshow:
/var/tmp/fcpFAAa15599:
   ebslim:
/var/tmp/fcpFAAa15599:
   ebstak:
/var/tmp/fcpFAAa15599:
   ebtran:
/var/tmp/fcpFAAa15599:
   ebtzth:
/var/tmp/fcpFAAa15599:
   ebvlap:
/var/tmp/fcpFAAa15599:
   ebyphi:
/var/tmp/fcpFAAa15599:
   ecleak:
/var/tmp/fcpFAAa15599:
   enof4:
/var/tmp/fcpFAAa15599:
   enol12:
/var/tmp/fcpFAAa15599:
   enolwf:
/var/tmp/fcpFAAa15599:
   enow12:
/var/tmp/fcpFAAa15599:
   gapgid:
/var/tmp/fcpFAAa15599:
   gbimpa:
/var/tmp/fcpFAAa15599:
   gbneut:
/var/tmp/fcpFAAa15599:
   gbtran:
/var/tmp/fcpFAAa15599:
   gvercr:
fort77: POSIX mandates an explicit optimization level setting on the -O option; ignored
/var/tmp/fcpFAAa15765:
   ainjet:
/var/tmp/fcpFAAa15765:
   alclus:
/var/tmp/fcpFAAa15765:
   alrobo:
/var/tmp/fcpFAAa15765:
   althru:
/var/tmp/fcpFAAa15765:
   fjmmcl:
/var/tmp/fcpFAAa15765:
   getx:
/var/tmp/fcpFAAa15765:
   gety:
/var/tmp/fcpFAAa15765:
   jpcomb:
/var/tmp/fcpFAAa15765:
   pairfd:
       entry    paircp:
/var/tmp/fcpFAAa15765:
   pidecy:
/var/tmp/fcpFAAa15765:
   pjlink:
fort77: POSIX mandates an explicit optimization level setting on the -O option; ignored
/var/tmp/fcpFAAa15816:
   bprtab:
/var/tmp/fcpFAAa15816:
   frftdp:
/var/tmp/fcpFAAa15816:
   ftkdmp:
/var/tmp/fcpFAAa15816:
   hcprind:
/var/tmp/fcpFAAa15816:
   muprdi:
/var/tmp/fcpFAAa15816:
   muprht:
/var/tmp/fcpFAAa15816:
   prdtmc:
/var/tmp/fcpFAAa15816:
   prfkin:
/var/tmp/fcpFAAa15816:
   prgdec:
/var/tmp/fcpFAAa15816:
   primpa:
/var/tmp/fcpFAAa15816:
   prkine:
/var/tmp/fcpFAAa15816:
   prpart:
/var/tmp/fcpFAAa15816:
   prrhah:
/var/tmp/fcpFAAa15816:
   prtabl:
/var/tmp/fcpFAAa15816:
   smprt:
/var/tmp/fcpFAAa15816:
   tpaddp:
/var/tmp/fcpFAAa15816:
   tpcodp:
fort77: POSIX mandates an explicit optimization level setting on the -O option; ignored
/var/tmp/fcpFAAa15939:
   fpkcm:
/var/tmp/fcpFAAa15939:
   fptoj:
/var/tmp/fcpFAAa15939:
   fupkcm:
/var/tmp/fcpFAAa15939:
   iptoj:
/var/tmp/fcpFAAa15939:
   nvpcob:
/var/tmp/fcpFAAa15939:
   nvpeco:
/var/tmp/fcpFAAa15939:
   pcmecu:
/var/tmp/fcpFAAa15939:
   pcpatq:
/var/tmp/fcpFAAa15939:
   pcrltj:
/var/tmp/fcpFAAa15939:
   pechic:
/var/tmp/fcpFAAa15939:
   peidtj:
/var/tmp/fcpFAAa15939:
   phchic:
/var/tmp/fcpFAAa15939:
   phmadj:
/var/tmp/fcpFAAa15939:
   phstoj:
/var/tmp/fcpFAAa15939:
   pitcoj:
/var/tmp/fcpFAAa15939:
   pitmaj:
/var/tmp/fcpFAAa15939:
   pjpfxt:
/var/tmp/fcpFAAa15939:
   pscooj:
/var/tmp/fcpFAAa15939:
   pstcpj:
/var/tmp/fcpFAAa15939:
   ptbcoj:
/var/tmp/fcpFAAa15939:
   ptexsj:
/var/tmp/fcpFAAa15939:
   ptgmaj:
/var/tmp/fcpFAAa15939:
   ptpcoj:
/var/tmp/fcpFAAa15939:
   sptoj:
/var/tmp/fcpFAAa15939:
   tficor:
/var/tmp/fcpFAAa15939:
   tfiltu:
/var/tmp/fcpFAAa15939:
   tfipol:
/var/tmp/fcpFAAa15939:
   tptoj:
/var/tmp/fcpFAAa15939:
   tsrtco:
/var/tmp/fcpFAAa15939:
   tun1co:
/var/tmp/fcpFAAa15939:
   tun1nc:
fort77: POSIX mandates an explicit optimization level setting on the -O option; ignored
/var/tmp/fcpFAAa16008:
   saprdi:
/var/tmp/fcpFAAa16008:
   saprhi:
fort77: POSIX mandates an explicit optimization level setting on the -O option; ignored
/var/tmp/fcpFAAa16015:
   siator:
/var/tmp/fcpFAAa16015:
   siatox:
/var/tmp/fcpFAAa16015:
   sidali:
/var/tmp/fcpFAAa16015:
   sidcod:
/var/tmp/fcpFAAa16015:
   sidcoz:
/var/tmp/fcpFAAa16015:
   siencd:
/var/tmp/fcpFAAa16015:
   siencz:
/var/tmp/fcpFAAa16015:
   sigtgo:
/var/tmp/fcpFAAa16015:
   siidpo:
/var/tmp/fcpFAAa16015:
   siitor:
/var/tmp/fcpFAAa16015:
   siltox:
/var/tmp/fcpFAAa16015:
   siploc:
/var/tmp/fcpFAAa16015:
   siprgo:
/var/tmp/fcpFAAa16015:
   siptoj:
/var/tmp/fcpFAAa16015:
   sirdaf:
/var/tmp/fcpFAAa16015:
   sirloc:
/var/tmp/fcpFAAa16015:
   sirtoa:
/var/tmp/fcpFAAa16015:
   sirtoi:
/var/tmp/fcpFAAa16015:
   sixtoa:
/var/tmp/fcpFAAa16015:
   sixtoi:
/var/tmp/fcpFAAa16015:
   sixtol:
/var/tmp/fcpFAAa16015:
   sizfri:
/var/tmp/fcpFAAa16015:
   siztoi:
/var/tmp/fcpFAAa16015:
   stmask:
/var/tmp/fcpFAAa16015:
   strigf:
fort77: POSIX mandates an explicit optimization level setting on the -O option; ignored
/var/tmp/fcpFAAa16081:
   talini:
/var/tmp/fcpFAAa16081:
   tcorec:
/var/tmp/fcpFAAa16081:
   tcrtrn:
/var/tmp/fcpFAAa16081:
   tctglb:
/var/tmp/fcpFAAa16081:
   tctsec:
/var/tmp/fcpFAAa16081:
   tgedmp:
/var/tmp/fcpFAAa16081:
   tgepbk:
/var/tmp/fcpFAAa16081:
   tgepri:
/var/tmp/fcpFAAa16081:
   tgewir:
/var/tmp/fcpFAAa16081:
   tghpal:
/var/tmp/fcpFAAa16081:
   tghpts:
/var/tmp/fcpFAAa16081:
   thtflg:
/var/tmp/fcpFAAa16081:
   thtran:
/var/tmp/fcpFAAa16081:
   tmatut:
/var/tmp/fcpFAAa16081:
   tpdint:
/var/tmp/fcpFAAa16081:
   trddaf:
/var/tmp/fcpFAAa16081:
   trdt90:
/var/tmp/fcpFAAa16081:
   trhflg:
/var/tmp/fcpFAAa16081:
   tschek:
/var/tmp/fcpFAAa16081:
   tscint:
/var/tmp/fcpFAAa16081:
   tsnext:
fort77: POSIX mandates an explicit optimization level setting on the -O option; ignored
/var/tmp/fcpFAAa16145:
   tcores:
/var/tmp/fcpFAAa16145:
   tcrtof:
/var/tmp/fcpFAAa16145:
   tcrtra:
/var/tmp/fcpFAAa16145:
   tcrzvd:
/var/tmp/fcpFAAa16145:
   tdfvru:
/var/tmp/fcpFAAa16145:
   tfcini:
/var/tmp/fcpFAAa16145:
   tfimul:
/var/tmp/fcpFAAa16145:
   tfixt0:
/var/tmp/fcpFAAa16145:
   tgtcur:
/var/tmp/fcpFAAa16145:
   timdif:
/var/tmp/fcpFAAa16145:
   tlacoc:
/var/tmp/fcpFAAa16145:
   tlacop:
/var/tmp/fcpFAAa16145:
   tlacor:
/var/tmp/fcpFAAa16145:
   tnfvru:
/var/tmp/fcpFAAa16145:
   tpdvel:
/var/tmp/fcpFAAa16145:
   tprcoo:
/var/tmp/fcpFAAa16145:
   tprhit:
/var/tmp/fcpFAAa16145:
   twpana:
/var/tmp/fcpFAAa16145:
   twpold:
/var/tmp/fcpFAAa16145:
   twrred:
/var/tmp/fcpFAAa16145:
   tzcrvd:
/var/tmp/fcpFAAa16145:
   tzcsvd:
fort77: POSIX mandates an explicit optimization level setting on the -O option; ignored
/var/tmp/fcpFAAa16192:
   sidisc:
/var/tmp/fcpFAAa16192:
   sitrin:
/var/tmp/fcpFAAa16192:
   six2mk:
/var/tmp/fcpFAAa16192:
   sixamk:
/var/tmp/fcpFAAa16192:
   sixapr:
/var/tmp/fcpFAAa16192:
   x1aptn:
/var/tmp/fcpFAAa16192:
   x1aptr:
/var/tmp/fcpFAAa16192:
   x1book:
/var/tmp/fcpFAAa16192:
   x1dceb:
/var/tmp/fcpFAAa16192:
   x1disc:
/var/tmp/fcpFAAa16192:
   x1disn:
/var/tmp/fcpFAAa16192:
   x1ecwm:
/var/tmp/fcpFAAa16192:
   x1hisn:
/var/tmp/fcpFAAa16192:
   x1hist:
/var/tmp/fcpFAAa16192:
   x1ini:
/var/tmp/fcpFAAa16192:
   x1inp:
/var/tmp/fcpFAAa16192:
   x1irun:
/var/tmp/fcpFAAa16192:
   x1mixi:
/var/tmp/fcpFAAa16192:
   x1mixn:
/var/tmp/fcpFAAa16192:
   x1outp:
/var/tmp/fcpFAAa16192:
   x1prep:
/var/tmp/fcpFAAa16192:
   x1prnt:
/var/tmp/fcpFAAa16192:
   x1redo:
/var/tmp/fcpFAAa16192:
   x1rsum:
/var/tmp/fcpFAAa16192:
   x1time:
/var/tmp/fcpFAAa16192:
   x1trg:
/var/tmp/fcpFAAa16192:
   x1trig:
/var/tmp/fcpFAAa16192:
   x1wsum:
/var/tmp/fcpFAAa16192:
   x2book:
/var/tmp/fcpFAAa16192:
   x2dfcd:
/var/tmp/fcpFAAa16192:
   x2irun:
/var/tmp/fcpFAAa16192:
   x2luts:
/var/tmp/fcpFAAa16192:
   x2nami:
/var/tmp/fcpFAAa16192:
   x2prhi:
/var/tmp/fcpFAAa16192:
   x2prin:
/var/tmp/fcpFAAa16192:
   x2trig:
/var/tmp/fcpFAAa16192:
   x2wsum:
fort77: POSIX mandates an explicit optimization level setting on the -O option; ignored
/var/tmp/fcpFAAa16269:
   vabcfl:
/var/tmp/fcpFAAa16269:
   vabcvu:
/var/tmp/fcpFAAa16269:
   vabcxy:
/var/tmp/fcpFAAa16269:
   vaddpk:
/var/tmp/fcpFAAa16269:
   vaddun:
/var/tmp/fcpFAAa16269:
   vadesa:
/var/tmp/fcpFAAa16269:
   vadewa:
/var/tmp/fcpFAAa16269:
   vaensa:
/var/tmp/fcpFAAa16269:
   vaenwa:
/var/tmp/fcpFAAa16269:
   valfco:
/var/tmp/fcpFAAa16269:
   vbnkdp:
/var/tmp/fcpFAAa16269:
   vbrjwa:
/var/tmp/fcpFAAa16269:
   vchnst:
/var/tmp/fcpFAAa16269:
   vcormp:
/var/tmp/fcpFAAa16269:
   vcscec:
/var/tmp/fcpFAAa16269:
   vdacrs:
/var/tmp/fcpFAAa16269:
   vdafrd:
/var/tmp/fcpFAAa16269:
   vdamb:
/var/tmp/fcpFAAa16269:
   vdarge:
/var/tmp/fcpFAAa16269:
   vdcflt:
/var/tmp/fcpFAAa16269:
   vdchnb:
/var/tmp/fcpFAAa16269:
   vdcwrs:
/var/tmp/fcpFAAa16269:
   vdecsc:
/var/tmp/fcpFAAa16269:
   vdetgi:
/var/tmp/fcpFAAa16269:
   vdfirs:
/var/tmp/fcpFAAa16269:
   vdgdmp:
/var/tmp/fcpFAAa16269:
   vdgtch:
/var/tmp/fcpFAAa16269:
   vdgtol:
/var/tmp/fcpFAAa16269:
   vdindx:
/var/tmp/fcpFAAa16269:
   vdlcps:
/var/tmp/fcpFAAa16269:
   vdlcrs:
/var/tmp/fcpFAAa16269:
   vdpgeo:
/var/tmp/fcpFAAa16269:
   vdpslc:
/var/tmp/fcpFAAa16269:
   vdpsrs:
/var/tmp/fcpFAAa16269:
   vdrmax:
/var/tmp/fcpFAAa16269:
   vdrmin:
/var/tmp/fcpFAAa16269:
   vdrslc:
/var/tmp/fcpFAAa16269:
   vdrsps:
/var/tmp/fcpFAAa16269:
   vdrssc:
/var/tmp/fcpFAAa16269:
   vdscec:
/var/tmp/fcpFAAa16269:
   vdscrs:
/var/tmp/fcpFAAa16269:
   vdwfxy:
/var/tmp/fcpFAAa16269:
   vdyear:
/var/tmp/fcpFAAa16269:
   vdzmax:
/var/tmp/fcpFAAa16269:
   vfacsn:
/var/tmp/fcpFAAa16269:
   vfadim:
/var/tmp/fcpFAAa16269:
   vfaori:
/var/tmp/fcpFAAa16269:
   vfasdp:
/var/tmp/fcpFAAa16269:
   vfasmd:
/var/tmp/fcpFAAa16269:
   vffacw:
/var/tmp/fcpFAAa16269:
   vfjfac:
/var/tmp/fcpFAAa16269:
   vfjmod:
/var/tmp/fcpFAAa16269:
   vfjwaf:
/var/tmp/fcpFAAa16269:
   vfnear:
/var/tmp/fcpFAAa16269:
   vfwaff:
/var/tmp/fcpFAAa16269:
   vfwafi:
/var/tmp/fcpFAAa16269:
   vgcadi:
/var/tmp/fcpFAAa16269:
   vgcmtr:
/var/tmp/fcpFAAa16269:
   vgcrmt:
/var/tmp/fcpFAAa16269:
   vgexro:
/var/tmp/fcpFAAa16269:
   vggtno:
/var/tmp/fcpFAAa16269:
   vgintr:
/var/tmp/fcpFAAa16269:
   vgrdal:
/var/tmp/fcpFAAa16269:
   vgrdls:
/var/tmp/fcpFAAa16269:
   vgtber:
/var/tmp/fcpFAAa16269:
   vgtrve:
/var/tmp/fcpFAAa16269:
   vgwfvu:
/var/tmp/fcpFAAa16269:
   vgwfxy:
/var/tmp/fcpFAAa16269:
   vifaci:
/var/tmp/fcpFAAa16269:
   vimmod:
/var/tmp/fcpFAAa16269:
   vimodi:
/var/tmp/fcpFAAa16269:
   vimodm:
/var/tmp/fcpFAAa16269:
   vimodr:
/var/tmp/fcpFAAa16269:
   vindxi:
/var/tmp/fcpFAAa16269:
   vinibm:
/var/tmp/fcpFAAa16269:
   vinist:
/var/tmp/fcpFAAa16269:
   vinivg:
/var/tmp/fcpFAAa16269:
   vinlsw:
/var/tmp/fcpFAAa16269:
   vinsen:
/var/tmp/fcpFAAa16269:
   vinter:
/var/tmp/fcpFAAa16269:
   vintlf:
/var/tmp/fcpFAAa16269:
   vintlw:
/var/tmp/fcpFAAa16269:
   viromw:
/var/tmp/fcpFAAa16269:
   vitexi:
/var/tmp/fcpFAAa16269:
   viwafi:
/var/tmp/fcpFAAa16269:
   viwffw:
/var/tmp/fcpFAAa16269:
   vjfaci:
/var/tmp/fcpFAAa16269:
   vjfacm:
/var/tmp/fcpFAAa16269:
   vjfacw:
/var/tmp/fcpFAAa16269:
   vjlayf:
/var/tmp/fcpFAAa16269:
   vjlaym:
/var/tmp/fcpFAAa16269:
   vjlayw:
/var/tmp/fcpFAAa16269:
   vjmodi:
/var/tmp/fcpFAAa16269:
   vjmodm:
/var/tmp/fcpFAAa16269:
   vjmodw:
/var/tmp/fcpFAAa16269:
   vjwabr:
/var/tmp/fcpFAAa16269:
   vjwabw:
/var/tmp/fcpFAAa16269:
   vjwaff:
/var/tmp/fcpFAAa16269:
   vjwafi:
/var/tmp/fcpFAAa16269:
   vjwafm:
/var/tmp/fcpFAAa16269:
   vjwffw:
/var/tmp/fcpFAAa16269:
   vljfac:
/var/tmp/fcpFAAa16269:
   vljmod:
/var/tmp/fcpFAAa16269:
   vljwaf:
/var/tmp/fcpFAAa16269:
   vmcmod:
/var/tmp/fcpFAAa16269:
   vmmfld:
/var/tmp/fcpFAAa16269:
   vmmodj:
/var/tmp/fcpFAAa16269:
   vmodmc:
/var/tmp/fcpFAAa16269:
   vmwafj:
/var/tmp/fcpFAAa16269:
   vnelrm:
/var/tmp/fcpFAAa16269:
   vnfslo:
/var/tmp/fcpFAAa16269:
   vnirfs:
/var/tmp/fcpFAAa16269:
   vnlayr:
/var/tmp/fcpFAAa16269:
   vnrdir:
/var/tmp/fcpFAAa16269:
   vnrfac:
/var/tmp/fcpFAAa16269:
   vnrmod:
/var/tmp/fcpFAAa16269:
   vnromm:
/var/tmp/fcpFAAa16269:
   vnrssc:
/var/tmp/fcpFAAa16269:
   vnrwaf:
/var/tmp/fcpFAAa16269:
   vnrwff:
/var/tmp/fcpFAAa16269:
   vnscrm:
/var/tmp/fcpFAAa16269:
   vnstcm:
/var/tmp/fcpFAAa16269:
   vntfac:
/var/tmp/fcpFAAa16269:
   vntmod:
/var/tmp/fcpFAAa16269:
   vntwaf:
/var/tmp/fcpFAAa16269:
   vphicf:
/var/tmp/fcpFAAa16269:
   vphifc:
/var/tmp/fcpFAAa16269:
   vphifn:
/var/tmp/fcpFAAa16269:
   vphstm:
/var/tmp/fcpFAAa16269:
   vpkadd:
/var/tmp/fcpFAAa16269:
   vrddaf:
/var/tmp/fcpFAAa16269:
   vrecor:
/var/tmp/fcpFAAa16269:
   vrmmod:
/var/tmp/fcpFAAa16269:
   vromax:
/var/tmp/fcpFAAa16269:
   vrostm:
/var/tmp/fcpFAAa16269:
   vrswmd:
/var/tmp/fcpFAAa16269:
   vrswmx:
/var/tmp/fcpFAAa16269:
   vrvmbe:
/var/tmp/fcpFAAa16269:
   vschan:
/var/tmp/fcpFAAa16269:
   vscmec:
/var/tmp/fcpFAAa16269:
   vscmsc:
/var/tmp/fcpFAAa16269:
   vsensi:
/var/tmp/fcpFAAa16269:
   vsetup:
/var/tmp/fcpFAAa16269:
   vslotf:
/var/tmp/fcpFAAa16269:
   vsmjmd:
/var/tmp/fcpFAAa16269:
   vsmmod:
/var/tmp/fcpFAAa16269:
   vsmmtx:
/var/tmp/fcpFAAa16269:
   vstreg:
/var/tmp/fcpFAAa16269:
   vtextm:
/var/tmp/fcpFAAa16269:
   vtextw:
/var/tmp/fcpFAAa16269:
   vunadd:
/var/tmp/fcpFAAa16269:
   vvuwab:
/var/tmp/fcpFAAa16269:
   vvuwxy:
/var/tmp/fcpFAAa16269:
   vwadim:
/var/tmp/fcpFAAa16269:
   vwdist:
/var/tmp/fcpFAAa16269:
   vwffnd:
/var/tmp/fcpFAAa16269:
   vwfind:
/var/tmp/fcpFAAa16269:
   vwthck:
/var/tmp/fcpFAAa16269:
   vxyzab:
/var/tmp/fcpFAAa16269:
   vxyzfc:
/var/tmp/fcpFAAa16269:
   vxyzvu:
/var/tmp/fcpFAAa16269:
   vxyzwa:
/var/tmp/fcpFAAa16269:
   vzmult:
/var/tmp/fcpFAAa16269:
   vzrsrs:
fort77: POSIX mandates an explicit optimization level setting on the -O option; ignored
/var/tmp/fcpFAAa16654:
   vdexcy:
/var/tmp/fcpFAAa16654:
   vdherr:
/var/tmp/fcpFAAa16654:
   vdhits:
/var/tmp/fcpFAAa16654:
   vdhter:
/var/tmp/fcpFAAa16654:
   vdmjls:
/var/tmp/fcpFAAa16654:
   vdmsec:
/var/tmp/fcpFAAa16654:
   vdmsrl:
/var/tmp/fcpFAAa16654:
   vdmsup:
/var/tmp/fcpFAAa16654:
   vdmwrs:
/var/tmp/fcpFAAa16654:
   vdprdi:
/var/tmp/fcpFAAa16654:
   vdprht:
/var/tmp/fcpFAAa16654:
   vdttra:
/var/tmp/fcpFAAa16654:
   vherr1:
/var/tmp/fcpFAAa16654:
   vrldgt:
/var/tmp/fcpFAAa16654:
   vrmwf:
/var/tmp/fcpFAAa16654:
   vstrip:
/var/tmp/fcpFAAa16654:
   vtclas:
/var/tmp/fcpFAAa16654:
   vtclld:
/var/tmp/fcpFAAa16654:
   vtderv:
/var/tmp/fcpFAAa16654:
   vtfill:
/var/tmp/fcpFAAa16654:
   vtlink:
/var/tmp/fcpFAAa16654:
   vtrfit:
/var/tmp/fcpFAAa16654:
   vtrkex:
/var/tmp/fcpFAAa16654:
   vtrlas:
/var/tmp/fcpFAAa16654:
   vtruh:
/var/tmp/fcpFAAa16654:
   vtxnwt:
/var/tmp/fcpFAAa16654:
   vtxraw:
/var/tmp/fcpFAAa16654:
   vtxtrk:
fort77: POSIX mandates an explicit optimization level setting on the -O option; ignored
/var/tmp/fcpFAAa16714:
   llumok:
/var/tmp/fcpFAAa16714:
   slumok:
/var/tmp/fcpFAAa16714:
   vbitgd:
/var/tmp/fcpFAAa16714:
   xhvbit:
/var/tmp/fcpFAAa16714:
   xhvfix:
/var/tmp/fcpFAAa16714:
   xhvsta:
/var/tmp/fcpFAAa16714:
   xlslum:
/var/tmp/fcpFAAa16714:
   xlumok:
/var/tmp/fcpFAAa16714:
   xre133:
/var/tmp/fcpFAAa16714:
   xre94:
/var/tmp/fcpFAAa16714:
   xt0syn:
/var/tmp/fcpFAAa16714:
   xtgenb:
/var/tmp/fcpFAAa16714:
   xvdeok:
fort77: POSIX mandates an explicit optimization level setting on the -O option; ignored
/var/tmp/fcpFAAa16743:
   ys0add:
/var/tmp/fcpFAAa16743:
   ys0clr:
/var/tmp/fcpFAAa16743:
   ys0lld:
/var/tmp/fcpFAAa16743:
   ys0set:
/var/tmp/fcpFAAa16743:
   yscadd:
/var/tmp/fcpFAAa16743:
   yscclr:
/var/tmp/fcpFAAa16743:
   ysclld:
/var/tmp/fcpFAAa16743:
   yscset:
/var/tmp/fcpFAAa16743:
   ysfclr:
/var/tmp/fcpFAAa16743:
   ysfset:
/var/tmp/fcpFAAa16743:
   ysftld:
/var/tmp/fcpFAAa16743:
   ysgets:
/var/tmp/fcpFAAa16743:
   ysklld:
/var/tmp/fcpFAAa16743:
   yspair:
/var/tmp/fcpFAAa16743:
   yspcut:
/var/tmp/fcpFAAa16743:
   yspvft:
/var/tmp/fcpFAAa16743:
   ystadd:
/var/tmp/fcpFAAa16743:
   ystclr:
/var/tmp/fcpFAAa16743:
   ystlld:
/var/tmp/fcpFAAa16743:
   ystset:
/var/tmp/fcpFAAa16743:
   ysvadd:
/var/tmp/fcpFAAa16743:
   ysvbld:
/var/tmp/fcpFAAa16743:
   ysvclr:
/var/tmp/fcpFAAa16743:
   ysvfit:
/var/tmp/fcpFAAa16743:
   ysvmat:
/var/tmp/fcpFAAa16743:
   ysvmrg:
/var/tmp/fcpFAAa16743:
   ysvrtx:
/var/tmp/fcpFAAa16743:
   ysvset:
/var/tmp/fcpFAAa16743:
   ysvsrt:
/var/tmp/fcpFAAa16743:
   ysvtbk:
/var/tmp/fcpFAAa16743:
   ysvtrk:
/var/tmp/fcpFAAa16743:
   ysvx0l:
fort77: POSIX mandates an explicit optimization level setting on the -O option; ignored
/var/tmp/fcpFAAa16810:
   BLOCK DATA ybdtop:
/var/tmp/fcpFAAa16810:
   ybipat:
/var/tmp/fcpFAAa16810:
   ycircr:
/var/tmp/fcpFAAa16810:
   ydefrf:
/var/tmp/fcpFAAa16810:
   yfmvtc:
/var/tmp/fcpFAAa16810:
   yfmvtr:
/var/tmp/fcpFAAa16810:
   yftvtc:
/var/tmp/fcpFAAa16810:
   yftvtr:
/var/tmp/fcpFAAa16810:
   yfvmap:
/var/tmp/fcpFAAa16810:
   yfvmc:
/var/tmp/fcpFAAa16810:
   yfvmc1:
/var/tmp/fcpFAAa16810:
   yhisto:
/var/tmp/fcpFAAa16810:
   yhuser:
/var/tmp/fcpFAAa16810:
   yinvmx:
/var/tmp/fcpFAAa16810:
   yitcof:
/var/tmp/fcpFAAa16810:
   ymkand:
/var/tmp/fcpFAAa16810:
   ymkcle:
/var/tmp/fcpFAAa16810:
   ymkcnt:
/var/tmp/fcpFAAa16810:
   ymkcop:
/var/tmp/fcpFAAa16810:
   ymkexp:
/var/tmp/fcpFAAa16810:
   ymkidc:
/var/tmp/fcpFAAa16810:
   ymkidt:
/var/tmp/fcpFAAa16810:
   ymkmis:
/var/tmp/fcpFAAa16810:
   ymkorr:
/var/tmp/fcpFAAa16810:
   ymkset:
/var/tmp/fcpFAAa16810:
   ymkshr:
/var/tmp/fcpFAAa16810:
   ymktst:
/var/tmp/fcpFAAa16810:
   ymkzer:
/var/tmp/fcpFAAa16810:
   yms3in:
/var/tmp/fcpFAAa16810:
   ypidas:
/var/tmp/fcpFAAa16810:
   yprivx:
/var/tmp/fcpFAAa16810:
   yprver:
/var/tmp/fcpFAAa16810:
   yruser:
/var/tmp/fcpFAAa16810:
   ystvtx:
/var/tmp/fcpFAAa16810:
   ysvvtx:
/var/tmp/fcpFAAa16810:
   ytconv:
/var/tmp/fcpFAAa16810:
   ytijob:
/var/tmp/fcpFAAa16810:
   ytoiru:
/var/tmp/fcpFAAa16810:
   ytopnw:
/var/tmp/fcpFAAa16810:
   ytopol:
/var/tmp/fcpFAAa16810:
   ytoprt:
/var/tmp/fcpFAAa16810:
   ytosum:
/var/tmp/fcpFAAa16810:
   ytosvt:
/var/tmp/fcpFAAa16810:
   ytpar:
/var/tmp/fcpFAAa16810:
   ytpvtx:
/var/tmp/fcpFAAa16810:
   ytrv0s:
/var/tmp/fcpFAAa16810:
   ytstrk:
/var/tmp/fcpFAAa16810:
   yvdcof:
/var/tmp/fcpFAAa16810:
   yvposs:
/var/tmp/fcpFAAa16810:
   yvxbld:
fort77: POSIX mandates an explicit optimization level setting on the -O option; ignored
/var/tmp/fcpFAAa16928:
   ychi00:
/var/tmp/fcpFAAa16928:
   ychiv2:
/var/tmp/fcpFAAa16928:
   yd0nfi:
/var/tmp/fcpFAAa16928:
   yd0nfn:
/var/tmp/fcpFAAa16928:
   ydismc:
/var/tmp/fcpFAAa16928:
   yfixis:
/var/tmp/fcpFAAa16928:
   yfixyn:
/var/tmp/fcpFAAa16928:
   yfixyp:
/var/tmp/fcpFAAa16928:
   yfpsin:
/var/tmp/fcpFAAa16928:
   yfqerq:
/var/tmp/fcpFAAa16928:
   ymfmin:
/var/tmp/fcpFAAa16928:
   ymfv0v:
       entry    ymfv00:
/var/tmp/fcpFAAa16928:
   ynv0nf:
/var/tmp/fcpFAAa16928:
   ynv0ve:
/var/tmp/fcpFAAa16928:
   ypsive:
/var/tmp/fcpFAAa16928:
   ypsivn:
/var/tmp/fcpFAAa16928:
   yv0bok:
/var/tmp/fcpFAAa16928:
   yv0mas:
/var/tmp/fcpFAAa16928:
   yv0ong:
/var/tmp/fcpFAAa16928:
   yv0onh:
/var/tmp/fcpFAAa16928:
   yv1ini:
/var/tmp/fcpFAAa16928:
   yvcame:
/var/tmp/fcpFAAa16928:
   yvprim:
/var/tmp/fcpFAAa16928:
   yzpha1:
/var/tmp/fcpFAAa16928:
   yzphan:
/var/tmp/fcpFAAa16928:
   yzphas:
