fort77: POSIX mandates an explicit optimization level setting on the -O option; ignored
/var/tmp/fcpFAAa14256:
   caabsb:
/var/tmp/fcpFAAa14256:
   cacutg:
/var/tmp/fcpFAAa14256:
   caepar:
/var/tmp/fcpFAAa14256:
   cafiht:
/var/tmp/fcpFAAa14256:
   cagerb:
/var/tmp/fcpFAAa14256:
   caherb:
/var/tmp/fcpFAAa14256:
   cahgrb:
/var/tmp/fcpFAAa14256:
   cahhrb:
/var/tmp/fcpFAAa14256:
   cahist:
/var/tmp/fcpFAAa14256:
   cahmod:
/var/tmp/fcpFAAa14256:
   cahpar:
/var/tmp/fcpFAAa14256:
   cahtrv:
/var/tmp/fcpFAAa14256:
   calhit:
/var/tmp/fcpFAAa14256:
   capget:
/var/tmp/fcpFAAa14256:
   capsto:
/var/tmp/fcpFAAa14256:
   cashad:
/var/tmp/fcpFAAa14256:
   cashem:
/var/tmp/fcpFAAa14256:
   catino:
fort77: POSIX mandates an explicit optimization level setting on the -O option; ignored
/var/tmp/fcpFAAa14296:
   adinit:
/var/tmp/fcpFAAa14296:
   adrz:
/var/tmp/fcpFAAa14296:
   adview:
/var/tmp/fcpFAAa14296:
   adxy:
/var/tmp/fcpFAAa14296:
fort77: POSIX mandates an explicit optimization level setting on the -O option; ignored
/var/tmp/fcpFAAa14309:
   ebeblo:
/var/tmp/fcpFAAa14309:
   ebethe:
/var/tmp/fcpFAAa14309:
   ecasig:
/var/tmp/fcpFAAa14309:
   ecbook:
/var/tmp/fcpFAAa14309:
   ecdfcd:
/var/tmp/fcpFAAa14309:
   ecdfpa:
/var/tmp/fcpFAAa14309:
   ecdigi:
/var/tmp/fcpFAAa14309:
   echit:
/var/tmp/fcpFAAa14309:
   ecibug:
/var/tmp/fcpFAAa14309:
   ecirun:
/var/tmp/fcpFAAa14309:
   ecista:
/var/tmp/fcpFAAa14309:
   ecnami:
/var/tmp/fcpFAAa14309:
   ectrig:
/var/tmp/fcpFAAa14309:
   ecwsum:
/var/tmp/fcpFAAa14309:
   edfilh:
/var/tmp/fcpFAAa14309:
   edinip:
/var/tmp/fcpFAAa14309:
   edsnoi:
/var/tmp/fcpFAAa14309:
   edtadj:
/var/tmp/fcpFAAa14309:
   edtain:
/var/tmp/fcpFAAa14309:
   edtcor:
/var/tmp/fcpFAAa14309:
   edtcut:
/var/tmp/fcpFAAa14309:
   edtdig:
/var/tmp/fcpFAAa14309:
   edtono:
/var/tmp/fcpFAAa14309:
   edtrgi:
/var/tmp/fcpFAAa14309:
   edtzsu:
/var/tmp/fcpFAAa14309:
   edwbru:
/var/tmp/fcpFAAa14309:
   edwdgt:
/var/tmp/fcpFAAa14309:
   ehadrn:
/var/tmp/fcpFAAa14309:
   ehbari:
/var/tmp/fcpFAAa14309:
   ehchar:
/var/tmp/fcpFAAa14309:
   ehchek:
/var/tmp/fcpFAAa14309:
   ehcpwi:
/var/tmp/fcpFAAa14309:
   ehcutf:
/var/tmp/fcpFAAa14309:
   ehcutg:
/var/tmp/fcpFAAa14309:
   ehcutp:
/var/tmp/fcpFAAa14309:
   ehdeph:
/var/tmp/fcpFAAa14309:
   ehdeps:
/var/tmp/fcpFAAa14309:
   ehdept:
/var/tmp/fcpFAAa14309:
   ehedge:
/var/tmp/fcpFAAa14309:
   ehgeob:
/var/tmp/fcpFAAa14309:
   ehgeoe:
/var/tmp/fcpFAAa14309:
   ehgerb:
/var/tmp/fcpFAAa14309:
   ehibos:
/var/tmp/fcpFAAa14309:
   ehloti:
/var/tmp/fcpFAAa14309:
   ehpalo:
/var/tmp/fcpFAAa14309:
   ehpasr:
/var/tmp/fcpFAAa14309:
   ehpeta:
/var/tmp/fcpFAAa14309:
   ehshow:
/var/tmp/fcpFAAa14309:
   ehsitw:
/var/tmp/fcpFAAa14309:
   ehtran:
/var/tmp/fcpFAAa14309:
   ehtrke:
/var/tmp/fcpFAAa14309:
   ehtrti:
/var/tmp/fcpFAAa14309:
   elanda:
/var/tmp/fcpFAAa14309:
   eprimi:
/var/tmp/fcpFAAa14309:
   euppar:
/var/tmp/fcpFAAa14309:
   everif:
fort77: POSIX mandates an explicit optimization level setting on the -O option; ignored
/var/tmp/fcpFAAa14443:
   aunpck:
/var/tmp/fcpFAAa14443:
   MAIN galeph:
/var/tmp/fcpFAAa14443:
   alseed:
   rdmin:
   rndm:
       entry    recust:
   rdmout:
/var/tmp/fcpFAAa14443:
   qnext:
/var/tmp/fcpFAAa14443:
   usceve:
/var/tmp/fcpFAAa14443:
   uscjob:
/var/tmp/fcpFAAa14443:
   uscrun:
/var/tmp/fcpFAAa14443:
   usieve:
/var/tmp/fcpFAAa14443:
   usijob:
/var/tmp/fcpFAAa14443:
   usirun:
fort77: POSIX mandates an explicit optimization level setting on the -O option; ignored
/var/tmp/fcpFAAa14466:
   agbeam:
/var/tmp/fcpFAAa14466:
   agchck:
/var/tmp/fcpFAAa14466:
   agcoil:
/var/tmp/fcpFAAa14466:
   agdimp:
/var/tmp/fcpFAAa14466:
   agecal:
/var/tmp/fcpFAAa14466:
   agecpm:
/var/tmp/fcpFAAa14466:
   agemat:
/var/tmp/fcpFAAa14466:
   ageome:
/var/tmp/fcpFAAa14466:
   aggean:
/var/tmp/fcpFAAa14466:
   aghcal:
/var/tmp/fcpFAAa14466:
   agitch:
/var/tmp/fcpFAAa14466:
   aglcal:
/var/tmp/fcpFAAa14466:
   agmate:
/var/tmp/fcpFAAa14466:
   agmedi:
/var/tmp/fcpFAAa14466:
   agmix:
/var/tmp/fcpFAAa14466:
   agmuch:
/var/tmp/fcpFAAa14466:
   agquad:
/var/tmp/fcpFAAa14466:
   agsatr:
/var/tmp/fcpFAAa14466:
   agsatt:
/var/tmp/fcpFAAa14466:
   agscal:
/var/tmp/fcpFAAa14466:
   agsi92:
/var/tmp/fcpFAAa14466:
   agsmba:
/var/tmp/fcpFAAa14466:
   agtpch:
/var/tmp/fcpFAAa14466:
   agvdet:
/var/tmp/fcpFAAa14466:
   agvf92:
/var/tmp/fcpFAAa14466:
   agvf95:
/var/tmp/fcpFAAa14466:
   agvf96:
fort77: POSIX mandates an explicit optimization level setting on the -O option; ignored
/var/tmp/fcpFAAa14523:
   gdray:
/var/tmp/fcpFAAa14523:
   getran:
/var/tmp/fcpFAAa14523:
   gntube:
/var/tmp/fcpFAAa14523:
   gpghei:
/var/tmp/fcpFAAa14523:
   grndm:
/var/tmp/fcpFAAa14523:
   gstmed:
/var/tmp/fcpFAAa14523:
   gufld:
/var/tmp/fcpFAAa14523:
   guhadr:
/var/tmp/fcpFAAa14523:
   guphad:
/var/tmp/fcpFAAa14523:
   gusear:
       entry    guinme:
       entry    guncon:
       entry    gunsou:
       entry    gunxts:
/var/tmp/fcpFAAa14523:
   gustep:
/var/tmp/fcpFAAa14523:
   gutrak:
fort77: POSIX mandates an explicit optimization level setting on the -O option; ignored
/var/tmp/fcpFAAa14550:
   hcalto:
/var/tmp/fcpFAAa14550:
   hcasig:
/var/tmp/fcpFAAa14550:
   hcback:
/var/tmp/fcpFAAa14550:
   hccoin:
/var/tmp/fcpFAAa14550:
   hccrdi:
/var/tmp/fcpFAAa14550:
   hccrpl:
/var/tmp/fcpFAAa14550:
   hccrto:
/var/tmp/fcpFAAa14550:
   hcdigi:
/var/tmp/fcpFAAa14550:
   hcfitu:
/var/tmp/fcpFAAa14550:
   hcfopl:
/var/tmp/fcpFAAa14550:
   hcfora:
/var/tmp/fcpFAAa14550:
   hcford:
/var/tmp/fcpFAAa14550:
   hcgest:
/var/tmp/fcpFAAa14550:
   hchise:
/var/tmp/fcpFAAa14550:
   hchist:
       entry    hchis1:
/var/tmp/fcpFAAa14550:
   hchit:
/var/tmp/fcpFAAa14550:
   hchlwd:
/var/tmp/fcpFAAa14550:
   hcieve:
/var/tmp/fcpFAAa14550:
   hcifir:
/var/tmp/fcpFAAa14550:
   hcindu:
/var/tmp/fcpFAAa14550:
   hcinit:
/var/tmp/fcpFAAa14550:
   hcirun:
/var/tmp/fcpFAAa14550:
   hcmodn:
/var/tmp/fcpFAAa14550:
   hcnami:
/var/tmp/fcpFAAa14550:
   hcnstr:
/var/tmp/fcpFAAa14550:
   hcproj:
/var/tmp/fcpFAAa14550:
   hcrdca:
/var/tmp/fcpFAAa14550:
   hcsetp:
/var/tmp/fcpFAAa14550:
   hcshow:
/var/tmp/fcpFAAa14550:
   hcstat:
/var/tmp/fcpFAAa14550:
   hcsten:
/var/tmp/fcpFAAa14550:
   hcstse:
/var/tmp/fcpFAAa14550:
   hctksp:
/var/tmp/fcpFAAa14550:
   hctrga:
/var/tmp/fcpFAAa14550:
   hctrgd:
/var/tmp/fcpFAAa14550:
   hcwsum:
/var/tmp/fcpFAAa14550:
   hfndtr:
/var/tmp/fcpFAAa14550:
   hgetdb:
/var/tmp/fcpFAAa14550:
   hhcutg:
/var/tmp/fcpFAAa14550:
   hnewtk:
/var/tmp/fcpFAAa14550:
   hpantp:
/var/tmp/fcpFAAa14550:
   hrdgal:
/var/tmp/fcpFAAa14550:
   hrdtri:
/var/tmp/fcpFAAa14550:
   htdead:
fort77: POSIX mandates an explicit optimization level setting on the -O option; ignored
/var/tmp/fcpFAAa14663:
   iaprox:
/var/tmp/fcpFAAa14663:
   iruchk:
/var/tmp/fcpFAAa14663:
   isbend:
       entry    isbgin:
/var/tmp/fcpFAAa14663:
   isplin:
       entry    isplio:
/var/tmp/fcpFAAa14663:
   italig:
/var/tmp/fcpFAAa14663:
   itasig:
/var/tmp/fcpFAAa14663:
   itbint:
/var/tmp/fcpFAAa14663:
   itdaq:
/var/tmp/fcpFAAa14663:
   itdcns:
/var/tmp/fcpFAAa14663:
   itdigi:
/var/tmp/fcpFAAa14663:
   itdrft:
/var/tmp/fcpFAAa14663:
   itdtgo:
       entry    itdtim:
/var/tmp/fcpFAAa14663:
   ithit:
/var/tmp/fcpFAAa14663:
   itirun:
/var/tmp/fcpFAAa14663:
   itmsk1:
/var/tmp/fcpFAAa14663:
   itmsk2:
/var/tmp/fcpFAAa14663:
   itnois:
/var/tmp/fcpFAAa14663:
   itpgeo:
/var/tmp/fcpFAAa14663:
   itphim:
/var/tmp/fcpFAAa14663:
   itres:
/var/tmp/fcpFAAa14663:
   itrgpa:
/var/tmp/fcpFAAa14663:
   itroti:
/var/tmp/fcpFAAa14663:
   itrpp:
/var/tmp/fcpFAAa14663:
   itrsb:
/var/tmp/fcpFAAa14663:
   itsdig:
/var/tmp/fcpFAAa14663:
   ittexp:
/var/tmp/fcpFAAa14663:
   ittofe:
/var/tmp/fcpFAAa14663:
   itwini:
/var/tmp/fcpFAAa14663:
   itwsum:
/var/tmp/fcpFAAa14663:
   itxtlk:
/var/tmp/fcpFAAa14663:
   itzcoi:
fort77: POSIX mandates an explicit optimization level setting on the -O option; ignored
/var/tmp/fcpFAAa14728:
   lcadc:
/var/tmp/fcpFAAa14728:
   lcamp:
/var/tmp/fcpFAAa14728:
   lcasig:
/var/tmp/fcpFAAa14728:
   lcbhab:
/var/tmp/fcpFAAa14728:
   lcbkpr:
/var/tmp/fcpFAAa14728:
   lcdigi:
/var/tmp/fcpFAAa14728:
   lcfral:
/var/tmp/fcpFAAa14728:
   lchit:
/var/tmp/fcpFAAa14728:
   lcirun:
/var/tmp/fcpFAAa14728:
   lcnami:
/var/tmp/fcpFAAa14728:
   lcnois:
/var/tmp/fcpFAAa14728:
   lcpad:
/var/tmp/fcpFAAa14728:
   lcroc:
/var/tmp/fcpFAAa14728:
   lcsamp:
/var/tmp/fcpFAAa14728:
   lcsatu:
/var/tmp/fcpFAAa14728:
   lcshow:
/var/tmp/fcpFAAa14728:
   lcstrt:
/var/tmp/fcpFAAa14728:
   lctrak:
/var/tmp/fcpFAAa14728:
   lctrdi:
/var/tmp/fcpFAAa14728:
   lctrht:
/var/tmp/fcpFAAa14728:
   lcwire:
/var/tmp/fcpFAAa14728:
   lcwsum:
/var/tmp/fcpFAAa14728:
   lcwtri:
/var/tmp/fcpFAAa14728:
   lcxypa:
/var/tmp/fcpFAAa14728:
   lschit:
fort77: POSIX mandates an explicit optimization level setting on the -O option; ignored
/var/tmp/fcpFAAa14788:
   muasig:
/var/tmp/fcpFAAa14788:
   mubook:
/var/tmp/fcpFAAa14788:
   mudgtz:
/var/tmp/fcpFAAa14788:
   mudigi:
/var/tmp/fcpFAAa14788:
   mufill:
/var/tmp/fcpFAAa14788:
   mufldi:
/var/tmp/fcpFAAa14788:
   mufldt:
/var/tmp/fcpFAAa14788:
   muflht:
/var/tmp/fcpFAAa14788:
   mufltd:
/var/tmp/fcpFAAa14788:
   mugetc:
/var/tmp/fcpFAAa14788:
   muhit:
/var/tmp/fcpFAAa14788:
   muincb:
/var/tmp/fcpFAAa14788:
   muince:
/var/tmp/fcpFAAa14788:
   muincm:
/var/tmp/fcpFAAa14788:
   muirun:
/var/tmp/fcpFAAa14788:
   munsta:
/var/tmp/fcpFAAa14788:
   musgnl:
/var/tmp/fcpFAAa14788:
   musmfr:
/var/tmp/fcpFAAa14788:
   muspmd:
/var/tmp/fcpFAAa14788:
   mustrm:
/var/tmp/fcpFAAa14788:
   mustsg:
/var/tmp/fcpFAAa14788:
   mutrsf:
/var/tmp/fcpFAAa14788:
   muunoi:
/var/tmp/fcpFAAa14788:
   muwsum:
fort77: POSIX mandates an explicit optimization level setting on the -O option; ignored
/var/tmp/fcpFAAa14840:
   saasig:
/var/tmp/fcpFAAa14840:
   sabook:
/var/tmp/fcpFAAa14840:
   sadigi:
/var/tmp/fcpFAAa14840:
   sahist:
/var/tmp/fcpFAAa14840:
   sahit:
/var/tmp/fcpFAAa14840:
   sairun:
/var/tmp/fcpFAAa14840:
   sawsum:
fort77: POSIX mandates an explicit optimization level setting on the -O option; ignored
/var/tmp/fcpFAAa14870:
   siasig:
/var/tmp/fcpFAAa14870:
   sibook:
/var/tmp/fcpFAAa14870:
   sidfgo:
/var/tmp/fcpFAAa14870:
   sidfpa:
/var/tmp/fcpFAAa14870:
   sidfrt:
/var/tmp/fcpFAAa14870:
   sidigi:
/var/tmp/fcpFAAa14870:
   sifilh:
/var/tmp/fcpFAAa14870:
   sihit:
/var/tmp/fcpFAAa14870:
   siirun:
/var/tmp/fcpFAAa14870:
   silong:
/var/tmp/fcpFAAa14870:
   sinois:
/var/tmp/fcpFAAa14870:
   sishow:
/var/tmp/fcpFAAa14870:
   sisidi:
/var/tmp/fcpFAAa14870:
   sitra3:
/var/tmp/fcpFAAa14870:
   sitrak:
/var/tmp/fcpFAAa14870:
   sitran:
/var/tmp/fcpFAAa14870:
   sitrig:
/var/tmp/fcpFAAa14870:
   siwsum:
/var/tmp/fcpFAAa14870:
   sizini:
/var/tmp/fcpFAAa14870:
   sizsup:
fort77: POSIX mandates an explicit optimization level setting on the -O option; ignored
/var/tmp/fcpFAAa14913:
   asasig:
/var/tmp/fcpFAAa14913:
   asbook:
/var/tmp/fcpFAAa14913:
   asceve:
/var/tmp/fcpFAAa14913:
   ascjob:
/var/tmp/fcpFAAa14913:
   ascrun:
/var/tmp/fcpFAAa14913:
   asctra:
/var/tmp/fcpFAAa14913:
   asdigi:
/var/tmp/fcpFAAa14913:
   asevst:
/var/tmp/fcpFAAa14913:
   asfxxx:
/var/tmp/fcpFAAa14913:
   asgpar:
/var/tmp/fcpFAAa14913:
   asieve:
/var/tmp/fcpFAAa14913:
   asigal:
/var/tmp/fcpFAAa14913:
   asigea:
/var/tmp/fcpFAAa14913:
   asijob:
/var/tmp/fcpFAAa14913:
   asimod:
/var/tmp/fcpFAAa14913:
   asinit:
/var/tmp/fcpFAAa14913:
   asipac:
/var/tmp/fcpFAAa14913:
   asirun:
/var/tmp/fcpFAAa14913:
   askine:
/var/tmp/fcpFAAa14913:
   asksin:
/var/tmp/fcpFAAa14913:
   asktrk:
/var/tmp/fcpFAAa14913:
   askuse:
/var/tmp/fcpFAAa14913:
   askusi:
/var/tmp/fcpFAAa14913:
   aspeve:
/var/tmp/fcpFAAa14913:
   asprun:
/var/tmp/fcpFAAa14913:
   asread:
/var/tmp/fcpFAAa14913:
   asredc:
/var/tmp/fcpFAAa14913:
   asreve:
/var/tmp/fcpFAAa14913:
   asrkin:
/var/tmp/fcpFAAa14913:
   asrrun:
/var/tmp/fcpFAAa14913:
   asrtyp:
/var/tmp/fcpFAAa14913:
   asrust:
/var/tmp/fcpFAAa14913:
   astdeb:
/var/tmp/fcpFAAa14913:
   astgea:
/var/tmp/fcpFAAa14913:
   astimp:
/var/tmp/fcpFAAa14913:
   astrac:
/var/tmp/fcpFAAa14913:
   astrig:
/var/tmp/fcpFAAa14913:
   aswkin:
/var/tmp/fcpFAAa14913:
   aswrtp:
/var/tmp/fcpFAAa14913:
   aswsum:
fort77: POSIX mandates an explicit optimization level setting on the -O option; ignored
/var/tmp/fcpFAAa15013:
   tpasig:
/var/tmp/fcpFAAa15013:
   tpcoor:
/var/tmp/fcpFAAa15013:
   tpdigi:
/var/tmp/fcpFAAa15013:
   tpgeth:
/var/tmp/fcpFAAa15013:
   tphdif:
/var/tmp/fcpFAAa15013:
   tphit:
/var/tmp/fcpFAAa15013:
   tphsrt:
/var/tmp/fcpFAAa15013:
   tpibos:
/var/tmp/fcpFAAa15013:
   tpirun:
/var/tmp/fcpFAAa15013:
   tpugeo:
/var/tmp/fcpFAAa15013:
   tpwsum:
/var/tmp/fcpFAAa15013:
   ttgeth:
fort77: POSIX mandates an explicit optimization level setting on the -O option; ignored
/var/tmp/fcpFAAa15040:
   vaencl:
/var/tmp/fcpFAAa15040:
   vdasig:
/var/tmp/fcpFAAa15040:
   vdb2dd:
/var/tmp/fcpFAAa15040:
   vdbook:
/var/tmp/fcpFAAa15040:
   vdclu:
/var/tmp/fcpFAAa15040:
   vddigi:
/var/tmp/fcpFAAa15040:
   vdfill:
/var/tmp/fcpFAAa15040:
   vdfirw:
/var/tmp/fcpFAAa15040:
   vdfoob:
/var/tmp/fcpFAAa15040:
   vdhit:
/var/tmp/fcpFAAa15040:
   vdhite:
/var/tmp/fcpFAAa15040:
   vdirun:
/var/tmp/fcpFAAa15040:
   vdmklo:
/var/tmp/fcpFAAa15040:
   vdmkte:
/var/tmp/fcpFAAa15040:
   vdnois:
/var/tmp/fcpFAAa15040:
   vdprte:
/var/tmp/fcpFAAa15040:
   vdroch:
/var/tmp/fcpFAAa15040:
   vdwsum:
/var/tmp/fcpFAAa15040:
   vfndel:
/var/tmp/fcpFAAa15040:
   vfndmc:
/var/tmp/fcpFAAa15040:
   vfndmp:
/var/tmp/fcpFAAa15040:
   vfndth:
/var/tmp/fcpFAAa15040:
   vgwcns:
/var/tmp/fcpFAAa15040:
   vinstc:
/var/tmp/fcpFAAa15040:
   vinsts:
