fort77: POSIX mandates an explicit optimization level setting on the -O option; ignored
/var/tmp/fcpFAAa13332:
   caabsb:
/var/tmp/fcpFAAa13332:
   cacutg:
/var/tmp/fcpFAAa13332:
   caepar:
/var/tmp/fcpFAAa13332:
   cafiht:
/var/tmp/fcpFAAa13332:
   cagerb:
/var/tmp/fcpFAAa13332:
   caherb:
/var/tmp/fcpFAAa13332:
   cahgrb:
/var/tmp/fcpFAAa13332:
   cahhrb:
/var/tmp/fcpFAAa13332:
   cahist:
/var/tmp/fcpFAAa13332:
   cahmod:
/var/tmp/fcpFAAa13332:
   cahpar:
/var/tmp/fcpFAAa13332:
   cahtrv:
/var/tmp/fcpFAAa13332:
   calhit:
/var/tmp/fcpFAAa13332:
   capget:
/var/tmp/fcpFAAa13332:
   capsto:
/var/tmp/fcpFAAa13332:
   cashad:
/var/tmp/fcpFAAa13332:
   cashem:
/var/tmp/fcpFAAa13332:
   catino:
fort77: POSIX mandates an explicit optimization level setting on the -O option; ignored
/var/tmp/fcpFAAa13372:
   adinit:
/var/tmp/fcpFAAa13372:
   adrz:
/var/tmp/fcpFAAa13372:
   adview:
/var/tmp/fcpFAAa13372:
   adxy:
/var/tmp/fcpFAAa13372:
fort77: POSIX mandates an explicit optimization level setting on the -O option; ignored
/var/tmp/fcpFAAa13385:
   ebeblo:
/var/tmp/fcpFAAa13385:
   ebethe:
/var/tmp/fcpFAAa13385:
   ecasig:
/var/tmp/fcpFAAa13385:
   ecbook:
/var/tmp/fcpFAAa13385:
   ecdfcd:
/var/tmp/fcpFAAa13385:
   ecdfpa:
/var/tmp/fcpFAAa13385:
   ecdigi:
/var/tmp/fcpFAAa13385:
   echit:
/var/tmp/fcpFAAa13385:
   ecibug:
/var/tmp/fcpFAAa13385:
   ecirun:
/var/tmp/fcpFAAa13385:
   ecista:
/var/tmp/fcpFAAa13385:
   ecnami:
/var/tmp/fcpFAAa13385:
   ectrig:
/var/tmp/fcpFAAa13385:
   ecwsum:
/var/tmp/fcpFAAa13385:
   edfilh:
/var/tmp/fcpFAAa13385:
   edinip:
/var/tmp/fcpFAAa13385:
   edsnoi:
/var/tmp/fcpFAAa13385:
   edtadj:
/var/tmp/fcpFAAa13385:
   edtain:
/var/tmp/fcpFAAa13385:
   edtcor:
/var/tmp/fcpFAAa13385:
   edtcut:
/var/tmp/fcpFAAa13385:
   edtdig:
/var/tmp/fcpFAAa13385:
   edtono:
/var/tmp/fcpFAAa13385:
   edtrgi:
/var/tmp/fcpFAAa13385:
   edtzsu:
/var/tmp/fcpFAAa13385:
   edwbru:
/var/tmp/fcpFAAa13385:
   edwdgt:
/var/tmp/fcpFAAa13385:
   ehadrn:
/var/tmp/fcpFAAa13385:
   ehbari:
/var/tmp/fcpFAAa13385:
   ehchar:
/var/tmp/fcpFAAa13385:
   ehchek:
/var/tmp/fcpFAAa13385:
   ehcpwi:
/var/tmp/fcpFAAa13385:
   ehcutf:
/var/tmp/fcpFAAa13385:
   ehcutg:
/var/tmp/fcpFAAa13385:
   ehcutp:
/var/tmp/fcpFAAa13385:
   ehdeph:
/var/tmp/fcpFAAa13385:
   ehdeps:
/var/tmp/fcpFAAa13385:
   ehdept:
/var/tmp/fcpFAAa13385:
   ehedge:
/var/tmp/fcpFAAa13385:
   ehgeob:
/var/tmp/fcpFAAa13385:
   ehgeoe:
/var/tmp/fcpFAAa13385:
   ehgerb:
/var/tmp/fcpFAAa13385:
   ehibos:
/var/tmp/fcpFAAa13385:
   ehloti:
/var/tmp/fcpFAAa13385:
   ehpalo:
/var/tmp/fcpFAAa13385:
   ehpasr:
/var/tmp/fcpFAAa13385:
   ehpeta:
/var/tmp/fcpFAAa13385:
   ehshow:
/var/tmp/fcpFAAa13385:
   ehsitw:
/var/tmp/fcpFAAa13385:
   ehtran:
/var/tmp/fcpFAAa13385:
   ehtrke:
/var/tmp/fcpFAAa13385:
   ehtrti:
/var/tmp/fcpFAAa13385:
   elanda:
/var/tmp/fcpFAAa13385:
   eprimi:
/var/tmp/fcpFAAa13385:
   euppar:
/var/tmp/fcpFAAa13385:
   everif:
fort77: POSIX mandates an explicit optimization level setting on the -O option; ignored
/var/tmp/fcpFAAa13527:
   aunpck:
/var/tmp/fcpFAAa13527:
   MAIN galeph:
/var/tmp/fcpFAAa13527:
   alseed:
   rdmin:
   rndm:
       entry    recust:
   rdmout:
/var/tmp/fcpFAAa13527:
   qnext:
/var/tmp/fcpFAAa13527:
   usceve:
/var/tmp/fcpFAAa13527:
   uscjob:
/var/tmp/fcpFAAa13527:
   uscrun:
/var/tmp/fcpFAAa13527:
   usieve:
/var/tmp/fcpFAAa13527:
   usijob:
/var/tmp/fcpFAAa13527:
   usirun:
fort77: POSIX mandates an explicit optimization level setting on the -O option; ignored
/var/tmp/fcpFAAa13550:
   agbeam:
/var/tmp/fcpFAAa13550:
   agchck:
/var/tmp/fcpFAAa13550:
   agcoil:
/var/tmp/fcpFAAa13550:
   agdimp:
/var/tmp/fcpFAAa13550:
   agecal:
/var/tmp/fcpFAAa13550:
   agecpm:
/var/tmp/fcpFAAa13550:
   agemat:
/var/tmp/fcpFAAa13550:
   ageome:
/var/tmp/fcpFAAa13550:
   aggean:
/var/tmp/fcpFAAa13550:
   aghcal:
/var/tmp/fcpFAAa13550:
   agitch:
/var/tmp/fcpFAAa13550:
   aglcal:
/var/tmp/fcpFAAa13550:
   agmate:
/var/tmp/fcpFAAa13550:
   agmedi:
/var/tmp/fcpFAAa13550:
   agmix:
/var/tmp/fcpFAAa13550:
   agmuch:
/var/tmp/fcpFAAa13550:
   agquad:
/var/tmp/fcpFAAa13550:
   agsatr:
/var/tmp/fcpFAAa13550:
   agsatt:
/var/tmp/fcpFAAa13550:
   agscal:
/var/tmp/fcpFAAa13550:
   agsi92:
/var/tmp/fcpFAAa13550:
   agsmba:
/var/tmp/fcpFAAa13550:
   agtpch:
/var/tmp/fcpFAAa13550:
   agvdet:
/var/tmp/fcpFAAa13550:
   agvf92:
/var/tmp/fcpFAAa13550:
   agvf95:
/var/tmp/fcpFAAa13550:
   agvf96:
fort77: POSIX mandates an explicit optimization level setting on the -O option; ignored
/var/tmp/fcpFAAa13615:
   gdray:
/var/tmp/fcpFAAa13615:
   getran:
/var/tmp/fcpFAAa13615:
   gntube:
/var/tmp/fcpFAAa13615:
   gpghei:
/var/tmp/fcpFAAa13615:
   grndm:
/var/tmp/fcpFAAa13615:
   gstmed:
/var/tmp/fcpFAAa13615:
   gufld:
/var/tmp/fcpFAAa13615:
   guhadr:
/var/tmp/fcpFAAa13615:
   guphad:
/var/tmp/fcpFAAa13615:
   gusear:
       entry    guinme:
       entry    guncon:
       entry    gunsou:
       entry    gunxts:
/var/tmp/fcpFAAa13615:
   gustep:
/var/tmp/fcpFAAa13615:
   gutrak:
fort77: POSIX mandates an explicit optimization level setting on the -O option; ignored
/var/tmp/fcpFAAa13642:
   hcalto:
/var/tmp/fcpFAAa13642:
   hcasig:
/var/tmp/fcpFAAa13642:
   hcback:
/var/tmp/fcpFAAa13642:
   hccoin:
/var/tmp/fcpFAAa13642:
   hccrdi:
/var/tmp/fcpFAAa13642:
   hccrpl:
/var/tmp/fcpFAAa13642:
   hccrto:
/var/tmp/fcpFAAa13642:
   hcdigi:
/var/tmp/fcpFAAa13642:
   hcfitu:
/var/tmp/fcpFAAa13642:
   hcfopl:
/var/tmp/fcpFAAa13642:
   hcfora:
/var/tmp/fcpFAAa13642:
   hcford:
/var/tmp/fcpFAAa13642:
   hcgest:
/var/tmp/fcpFAAa13642:
   hchise:
/var/tmp/fcpFAAa13642:
   hchist:
       entry    hchis1:
/var/tmp/fcpFAAa13642:
   hchit:
/var/tmp/fcpFAAa13642:
   hchlwd:
/var/tmp/fcpFAAa13642:
   hcieve:
/var/tmp/fcpFAAa13642:
   hcifir:
/var/tmp/fcpFAAa13642:
   hcindu:
/var/tmp/fcpFAAa13642:
   hcinit:
/var/tmp/fcpFAAa13642:
   hcirun:
/var/tmp/fcpFAAa13642:
   hcmodn:
/var/tmp/fcpFAAa13642:
   hcnami:
/var/tmp/fcpFAAa13642:
   hcnstr:
/var/tmp/fcpFAAa13642:
   hcproj:
/var/tmp/fcpFAAa13642:
   hcrdca:
/var/tmp/fcpFAAa13642:
   hcsetp:
/var/tmp/fcpFAAa13642:
   hcshow:
/var/tmp/fcpFAAa13642:
   hcstat:
/var/tmp/fcpFAAa13642:
   hcsten:
/var/tmp/fcpFAAa13642:
   hcstse:
/var/tmp/fcpFAAa13642:
   hctksp:
/var/tmp/fcpFAAa13642:
   hctrga:
/var/tmp/fcpFAAa13642:
   hctrgd:
/var/tmp/fcpFAAa13642:
   hcwsum:
/var/tmp/fcpFAAa13642:
   hfndtr:
/var/tmp/fcpFAAa13642:
   hgetdb:
/var/tmp/fcpFAAa13642:
   hhcutg:
/var/tmp/fcpFAAa13642:
   hnewtk:
/var/tmp/fcpFAAa13642:
   hpantp:
/var/tmp/fcpFAAa13642:
   hrdgal:
/var/tmp/fcpFAAa13642:
   hrdtri:
/var/tmp/fcpFAAa13642:
   htdead:
fort77: POSIX mandates an explicit optimization level setting on the -O option; ignored
/var/tmp/fcpFAAa13761:
   iaprox:
/var/tmp/fcpFAAa13761:
   iruchk:
/var/tmp/fcpFAAa13761:
   isbend:
       entry    isbgin:
/var/tmp/fcpFAAa13761:
   isplin:
       entry    isplio:
/var/tmp/fcpFAAa13761:
   italig:
/var/tmp/fcpFAAa13761:
   itasig:
/var/tmp/fcpFAAa13761:
   itbint:
/var/tmp/fcpFAAa13761:
   itdaq:
/var/tmp/fcpFAAa13761:
   itdcns:
/var/tmp/fcpFAAa13761:
   itdigi:
/var/tmp/fcpFAAa13761:
   itdrft:
/var/tmp/fcpFAAa13761:
   itdtgo:
       entry    itdtim:
/var/tmp/fcpFAAa13761:
   ithit:
/var/tmp/fcpFAAa13761:
   itirun:
/var/tmp/fcpFAAa13761:
   itmsk1:
/var/tmp/fcpFAAa13761:
   itmsk2:
/var/tmp/fcpFAAa13761:
   itnois:
/var/tmp/fcpFAAa13761:
   itpgeo:
/var/tmp/fcpFAAa13761:
   itphim:
/var/tmp/fcpFAAa13761:
   itres:
/var/tmp/fcpFAAa13761:
   itrgpa:
/var/tmp/fcpFAAa13761:
   itroti:
/var/tmp/fcpFAAa13761:
   itrpp:
/var/tmp/fcpFAAa13761:
   itrsb:
/var/tmp/fcpFAAa13761:
   itsdig:
/var/tmp/fcpFAAa13761:
   ittexp:
/var/tmp/fcpFAAa13761:
   ittofe:
/var/tmp/fcpFAAa13761:
   itwini:
/var/tmp/fcpFAAa13761:
   itwsum:
/var/tmp/fcpFAAa13761:
   itxtlk:
/var/tmp/fcpFAAa13761:
   itzcoi:
fort77: POSIX mandates an explicit optimization level setting on the -O option; ignored
/var/tmp/fcpFAAa13834:
   lcadc:
/var/tmp/fcpFAAa13834:
   lcamp:
/var/tmp/fcpFAAa13834:
   lcasig:
/var/tmp/fcpFAAa13834:
   lcbhab:
/var/tmp/fcpFAAa13834:
   lcbkpr:
/var/tmp/fcpFAAa13834:
   lcdigi:
/var/tmp/fcpFAAa13834:
   lcfral:
/var/tmp/fcpFAAa13834:
   lchit:
/var/tmp/fcpFAAa13834:
   lcirun:
/var/tmp/fcpFAAa13834:
   lcnami:
/var/tmp/fcpFAAa13834:
   lcnois:
/var/tmp/fcpFAAa13834:
   lcpad:
/var/tmp/fcpFAAa13834:
   lcroc:
/var/tmp/fcpFAAa13834:
   lcsamp:
/var/tmp/fcpFAAa13834:
   lcsatu:
/var/tmp/fcpFAAa13834:
   lcshow:
/var/tmp/fcpFAAa13834:
   lcstrt:
/var/tmp/fcpFAAa13834:
   lctrak:
/var/tmp/fcpFAAa13834:
   lctrdi:
/var/tmp/fcpFAAa13834:
   lctrht:
/var/tmp/fcpFAAa13834:
   lcwire:
/var/tmp/fcpFAAa13834:
   lcwsum:
/var/tmp/fcpFAAa13834:
   lcwtri:
/var/tmp/fcpFAAa13834:
   lcxypa:
/var/tmp/fcpFAAa13834:
   lschit:
fort77: POSIX mandates an explicit optimization level setting on the -O option; ignored
/var/tmp/fcpFAAa13894:
   muasig:
/var/tmp/fcpFAAa13894:
   mubook:
/var/tmp/fcpFAAa13894:
   mudgtz:
/var/tmp/fcpFAAa13894:
   mudigi:
/var/tmp/fcpFAAa13894:
   mufill:
/var/tmp/fcpFAAa13894:
   mufldi:
/var/tmp/fcpFAAa13894:
   mufldt:
/var/tmp/fcpFAAa13894:
   muflht:
/var/tmp/fcpFAAa13894:
   mufltd:
/var/tmp/fcpFAAa13894:
   mugetc:
/var/tmp/fcpFAAa13894:
   muhit:
/var/tmp/fcpFAAa13894:
   muincb:
/var/tmp/fcpFAAa13894:
   muince:
/var/tmp/fcpFAAa13894:
   muincm:
/var/tmp/fcpFAAa13894:
   muirun:
/var/tmp/fcpFAAa13894:
   munsta:
/var/tmp/fcpFAAa13894:
   musgnl:
/var/tmp/fcpFAAa13894:
   musmfr:
/var/tmp/fcpFAAa13894:
   muspmd:
/var/tmp/fcpFAAa13894:
   mustrm:
/var/tmp/fcpFAAa13894:
   mustsg:
/var/tmp/fcpFAAa13894:
   mutrsf:
/var/tmp/fcpFAAa13894:
   muunoi:
/var/tmp/fcpFAAa13894:
   muwsum:
fort77: POSIX mandates an explicit optimization level setting on the -O option; ignored
/var/tmp/fcpFAAa13946:
   saasig:
/var/tmp/fcpFAAa13946:
   sabook:
/var/tmp/fcpFAAa13946:
   sadigi:
/var/tmp/fcpFAAa13946:
   sahist:
/var/tmp/fcpFAAa13946:
   sahit:
/var/tmp/fcpFAAa13946:
   sairun:
/var/tmp/fcpFAAa13946:
   sawsum:
fort77: POSIX mandates an explicit optimization level setting on the -O option; ignored
/var/tmp/fcpFAAa13963:
   siasig:
/var/tmp/fcpFAAa13963:
   sibook:
/var/tmp/fcpFAAa13963:
   sidfgo:
/var/tmp/fcpFAAa13963:
   sidfpa:
/var/tmp/fcpFAAa13963:
   sidfrt:
/var/tmp/fcpFAAa13963:
   sidigi:
/var/tmp/fcpFAAa13963:
   sifilh:
/var/tmp/fcpFAAa13963:
   sihit:
/var/tmp/fcpFAAa13963:
   siirun:
/var/tmp/fcpFAAa13963:
   silong:
/var/tmp/fcpFAAa13963:
   sinois:
/var/tmp/fcpFAAa13963:
   sishow:
/var/tmp/fcpFAAa13963:
   sisidi:
/var/tmp/fcpFAAa13963:
   sitra3:
/var/tmp/fcpFAAa13963:
   sitrak:
/var/tmp/fcpFAAa13963:
   sitran:
/var/tmp/fcpFAAa13963:
   sitrig:
/var/tmp/fcpFAAa13963:
   siwsum:
/var/tmp/fcpFAAa13963:
   sizini:
/var/tmp/fcpFAAa13963:
   sizsup:
fort77: POSIX mandates an explicit optimization level setting on the -O option; ignored
/var/tmp/fcpFAAa14006:
   asasig:
/var/tmp/fcpFAAa14006:
   asbook:
/var/tmp/fcpFAAa14006:
   asceve:
/var/tmp/fcpFAAa14006:
   ascjob:
/var/tmp/fcpFAAa14006:
   ascrun:
/var/tmp/fcpFAAa14006:
   asctra:
/var/tmp/fcpFAAa14006:
   asdigi:
/var/tmp/fcpFAAa14006:
   asevst:
/var/tmp/fcpFAAa14006:
   asfxxx:
/var/tmp/fcpFAAa14006:
   asgpar:
/var/tmp/fcpFAAa14006:
   asieve:
/var/tmp/fcpFAAa14006:
   asigal:
/var/tmp/fcpFAAa14006:
   asigea:
/var/tmp/fcpFAAa14006:
   asijob:
/var/tmp/fcpFAAa14006:
   asimod:
/var/tmp/fcpFAAa14006:
   asinit:
/var/tmp/fcpFAAa14006:
   asipac:
/var/tmp/fcpFAAa14006:
   asirun:
/var/tmp/fcpFAAa14006:
   askine:
/var/tmp/fcpFAAa14006:
   asksin:
/var/tmp/fcpFAAa14006:
   asktrk:
/var/tmp/fcpFAAa14006:
   askuse:
/var/tmp/fcpFAAa14006:
   askusi:
/var/tmp/fcpFAAa14006:
   aspeve:
/var/tmp/fcpFAAa14006:
   asprun:
/var/tmp/fcpFAAa14006:
   asread:
/var/tmp/fcpFAAa14006:
   asredc:
/var/tmp/fcpFAAa14006:
   asreve:
/var/tmp/fcpFAAa14006:
   asrkin:
/var/tmp/fcpFAAa14006:
   asrrun:
/var/tmp/fcpFAAa14006:
   asrtyp:
/var/tmp/fcpFAAa14006:
   asrust:
/var/tmp/fcpFAAa14006:
   astdeb:
/var/tmp/fcpFAAa14006:
   astgea:
/var/tmp/fcpFAAa14006:
   astimp:
/var/tmp/fcpFAAa14006:
   astrac:
/var/tmp/fcpFAAa14006:
   astrig:
/var/tmp/fcpFAAa14006:
   aswkin:
/var/tmp/fcpFAAa14006:
   aswrtp:
/var/tmp/fcpFAAa14006:
   aswsum:
fort77: POSIX mandates an explicit optimization level setting on the -O option; ignored
/var/tmp/fcpFAAa14115:
   tpasig:
/var/tmp/fcpFAAa14115:
   tpcoor:
/var/tmp/fcpFAAa14115:
   tpdigi:
/var/tmp/fcpFAAa14115:
   tpgeth:
/var/tmp/fcpFAAa14115:
   tphdif:
/var/tmp/fcpFAAa14115:
   tphit:
/var/tmp/fcpFAAa14115:
   tphsrt:
/var/tmp/fcpFAAa14115:
   tpibos:
/var/tmp/fcpFAAa14115:
   tpirun:
/var/tmp/fcpFAAa14115:
   tpugeo:
/var/tmp/fcpFAAa14115:
   tpwsum:
/var/tmp/fcpFAAa14115:
   ttgeth:
fort77: POSIX mandates an explicit optimization level setting on the -O option; ignored
/var/tmp/fcpFAAa14143:
   vaencl:
/var/tmp/fcpFAAa14143:
   vdasig:
/var/tmp/fcpFAAa14143:
   vdb2dd:
/var/tmp/fcpFAAa14143:
   vdbook:
/var/tmp/fcpFAAa14143:
   vdclu:
/var/tmp/fcpFAAa14143:
   vddigi:
/var/tmp/fcpFAAa14143:
   vdfill:
/var/tmp/fcpFAAa14143:
   vdfirw:
/var/tmp/fcpFAAa14143:
   vdfoob:
/var/tmp/fcpFAAa14143:
   vdhit:
/var/tmp/fcpFAAa14143:
   vdhite:
/var/tmp/fcpFAAa14143:
   vdirun:
/var/tmp/fcpFAAa14143:
   vdmklo:
/var/tmp/fcpFAAa14143:
   vdmkte:
/var/tmp/fcpFAAa14143:
   vdnois:
/var/tmp/fcpFAAa14143:
   vdprte:
/var/tmp/fcpFAAa14143:
   vdroch:
/var/tmp/fcpFAAa14143:
   vdwsum:
/var/tmp/fcpFAAa14143:
   vfndel:
/var/tmp/fcpFAAa14143:
   vfndmc:
/var/tmp/fcpFAAa14143:
   vfndmp:
/var/tmp/fcpFAAa14143:
   vfndth:
/var/tmp/fcpFAAa14143:
   vgwcns:
/var/tmp/fcpFAAa14143:
   vinstc:
/var/tmp/fcpFAAa14143:
   vinsts:
