 
   Making dali_e1.OSF1 i.e., DALI version e1 for OSF1
 
cc  -float -c -DNo_Signals -std1 -migrate -o dalb_x.o dalb_x.c
cc  -float -c -DNo_Signals -std1 -migrate -o dali_x.o dali_x.c
cc  -float -c -DNo_Signals -std1 -migrate -o dali_meta.o dali_meta.c
./ic.OSF1 DALI_CF.INC c_dalb9.f c_dalb9_ic.f
f77  -fpe2 -warn nouncalled -warn uninitialized -c -static -assume backslash -o c_dalb9.o c_dalb9_ic.f
./ic.OSF1 DALI_CF.INC c_dalb_aleph.f c_dalb_aleph_ic.f
f77  -fpe2 -warn nouncalled -warn uninitialized -c -static -assume backslash -o c_dalb_aleph.o c_dalb_aleph_ic.f
./ic.OSF1 DALI_CF.INC n_dalba.f n_dalba_ic.f
f77  -fpe2 -warn nouncalled -warn uninitialized -c -static -assume backslash -o n_dalba.o n_dalba_ic.f
./ic.OSF1 DALI_CF.INC n_dalbb.f n_dalbb_ic.f
f77  -fpe2 -warn nouncalled -warn uninitialized -c -static -assume backslash -o n_dalbb.o n_dalbb_ic.f
./ic.OSF1 DALI_CF.INC c_dalbc.f c_dalbc_ic.f
f77  -fpe2 -warn nouncalled -warn uninitialized -c -static -assume backslash -o c_dalbc.o c_dalbc_ic.f
./ic.OSF1 DALI_CF.INC c_dalbd.f c_dalbd_ic.f
f77  -fpe2 -warn nouncalled -warn uninitialized -c -static -assume backslash -o c_dalbd.o c_dalbd_ic.f
./ic.OSF1 DALI_CF.INC c_dalbe.f c_dalbe_ic.f
f77  -fpe2 -warn nouncalled -warn uninitialized -c -static -assume backslash -o c_dalbe.o c_dalbe_ic.f
./ic.OSF1 DALI_CF.INC n_dalbf.f n_dalbf_ic.f
f77  -fpe2 -warn nouncalled -warn uninitialized -c -static -assume backslash -o n_dalbf.o n_dalbf_ic.f
./ic.OSF1 DALI_CF.INC c_dalbg.f c_dalbg_ic.f
f77  -fpe2 -warn nouncalled -warn uninitialized -c -static -assume backslash -o c_dalbg.o c_dalbg_ic.f
./ic.OSF1 DALI_CF.INC c_dalbh.f c_dalbh_ic.f
f77  -fpe2 -warn nouncalled -warn uninitialized -c -static -assume backslash -o c_dalbh.o c_dalbh_ic.f
./ic.OSF1 DALI_CF.INC c_dalbi.f c_dalbi_ic.f
f77  -fpe2 -warn nouncalled -warn uninitialized -c -static -assume backslash -o c_dalbi.o c_dalbi_ic.f
./ic.OSF1 DALI_CF.INC c_dalbj.f c_dalbj_ic.f
f77  -fpe2 -warn nouncalled -warn uninitialized -c -static -assume backslash -o c_dalbj.o c_dalbj_ic.f
./ic.OSF1 DALI_CF.INC c_dalbl.f c_dalbl_ic.f
f77  -fpe2 -warn nouncalled -warn uninitialized -c -static -assume backslash -o c_dalbl.o c_dalbl_ic.f
./ic.OSF1 DALI_CF.INC c_dalbm.f c_dalbm_ic.f
f77  -fpe2 -warn nouncalled -warn uninitialized -c -static -assume backslash -o c_dalbm.o c_dalbm_ic.f
./ic.OSF1 DALI_CF.INC c_dalbo.f c_dalbo_ic.f
f77  -fpe2 -warn nouncalled -warn uninitialized -c -static -assume backslash -o c_dalbo.o c_dalbo_ic.f
./ic.OSF1 DALI_CF.INC c_dalbp.f c_dalbp_ic.f
f77  -fpe2 -warn nouncalled -warn uninitialized -c -static -assume backslash -o c_dalbp.o c_dalbp_ic.f
./ic.OSF1 DALI_CF.INC c_dalbq.f c_dalbq_ic.f
f77  -fpe2 -warn nouncalled -warn uninitialized -c -static -assume backslash -o c_dalbq.o c_dalbq_ic.f
./ic.OSF1 DALI_CF.INC c_dalbr.f c_dalbr_ic.f
f77  -fpe2 -warn nouncalled -warn uninitialized -c -static -assume backslash -o c_dalbr.o c_dalbr_ic.f
./ic.OSF1 DALI_CF.INC n_dalbs.f n_dalbs_ic.f
f77  -fpe2 -warn nouncalled -warn uninitialized -c -static -assume backslash -o n_dalbs.o n_dalbs_ic.f
./ic.OSF1 DALI_CF.INC c_dalbt.f c_dalbt_ic.f
f77  -fpe2 -warn nouncalled -warn uninitialized -c -static -assume backslash -o c_dalbt.o c_dalbt_ic.f
./ic.OSF1 DALI_CF.INC c_dalbv.f c_dalbv_ic.f
f77  -fpe2 -warn nouncalled -warn uninitialized -c -static -assume backslash -o c_dalbv.o c_dalbv_ic.f
./ic.OSF1 DALI_CF.INC c_dalbw1.f c_dalbw1_ic.f
f77  -fpe2 -warn nouncalled -warn uninitialized -c -static -assume backslash -o c_dalbw1.o c_dalbw1_ic.f
./ic.OSF1 DALI_CF.INC c_dalbw2.f c_dalbw2_ic.f
f77  -fpe2 -warn nouncalled -warn uninitialized -c -static -assume backslash -o c_dalbw2.o c_dalbw2_ic.f
./ic.OSF1 DALI_CF.INC c_dalbx.f c_dalbx_ic.f
f77  -fpe2 -warn nouncalled -warn uninitialized -c -static -assume backslash -o c_dalbx.o c_dalbx_ic.f
./ic.OSF1 DALI_CF.INC c_dalby.f c_dalby_ic.f
f77  -fpe2 -warn nouncalled -warn uninitialized -c -static -assume backslash -o c_dalby.o c_dalby_ic.f
./ic.OSF1 DALI_CF.INC c_dali1.f c_dali1_ic.f
f77  -fpe2 -warn nouncalled -warn uninitialized -c -static -assume backslash -o c_dali1.o c_dali1_ic.f
./ic.OSF1 DALI_CF.INC c_dali_vdet.f c_dali_vdet_ic.f
f77  -fpe2 -warn nouncalled -warn uninitialized -c -static -assume backslash -o c_dali_vdet.o c_dali_vdet_ic.f
./ic.OSF1 DALI_CF.INC alpha_c.f alpha_c_ic.f
f77  -fpe2 -warn nouncalled -warn uninitialized -c -static -assume backslash -o alpha_c.o alpha_c_ic.f
./ic.OSF1 DALI_CF.INC alpha_v.f alpha_v_ic.f
f77  -fpe2 -warn nouncalled -warn uninitialized -c -static -assume backslash -o alpha_v.o alpha_v_ic.f
./ic.OSF1 DALI_CF.INC alpha_p.f alpha_p_ic.f
f77  -fpe2 -warn nouncalled -warn uninitialized -c -static -assume backslash -o alpha_p.o alpha_p_ic.f
./ic.OSF1 DALI_CF.INC c_dalia.f c_dalia_ic.f
f77  -fpe2 -warn nouncalled -warn uninitialized -c -static -assume backslash -o c_dalia.o c_dalia_ic.f
./ic.OSF1 DALI_CF.INC c_dalib.f c_dalib_ic.f
f77  -fpe2 -warn nouncalled -warn uninitialized -c -static -assume backslash -o c_dalib.o c_dalib_ic.f
./ic.OSF1 DALI_CF.INC c_dalic.f c_dalic_ic.f
f77  -fpe2 -warn nouncalled -warn uninitialized -c -static -assume backslash -o c_dalic.o c_dalic_ic.f
./ic.OSF1 DALI_CF.INC c_dalid.f c_dalid_ic.f
f77  -fpe2 -warn nouncalled -warn uninitialized -c -static -assume backslash -o c_dalid.o c_dalid_ic.f
./ic.OSF1 DALI_CF.INC c_dalie.f c_dalie_ic.f
f77  -fpe2 -warn nouncalled -warn uninitialized -c -static -assume backslash -o c_dalie.o c_dalie_ic.f
./ic.OSF1 DALI_CF.INC c_dalif.f c_dalif_ic.f
f77  -fpe2 -warn nouncalled -warn uninitialized -c -static -assume backslash -o c_dalif.o c_dalif_ic.f
./ic.OSF1 DALI_CF.INC c_dalig.f c_dalig_ic.f
f77  -fpe2 -warn nouncalled -warn uninitialized -c -static -assume backslash -o c_dalig.o c_dalig_ic.f
./ic.OSF1 DALI_CF.INC c_dalih.f c_dalih_ic.f
f77  -fpe2 -warn nouncalled -warn uninitialized -c -static -assume backslash -o c_dalih.o c_dalih_ic.f
./ic.OSF1 DALI_CF.INC c_dalii.f c_dalii_ic.f
f77  -fpe2 -warn nouncalled -warn uninitialized -c -static -assume backslash -o c_dalii.o c_dalii_ic.f
./ic.OSF1 DALI_CF.INC c_dalij.f c_dalij_ic.f
f77  -fpe2 -warn nouncalled -warn uninitialized -c -static -assume backslash -o c_dalij.o c_dalij_ic.f
./ic.OSF1 DALI_CF.INC c_dalik.f c_dalik_ic.f
f77  -fpe2 -warn nouncalled -warn uninitialized -c -static -assume backslash -o c_dalik.o c_dalik_ic.f
./ic.OSF1 DALI_CF.INC c_dalil.f c_dalil_ic.f
f77  -fpe2 -warn nouncalled -warn uninitialized -c -static -assume backslash -o c_dalil.o c_dalil_ic.f
./ic.OSF1 DALI_CF.INC c_dalim.f c_dalim_ic.f
f77  -fpe2 -warn nouncalled -warn uninitialized -c -static -assume backslash -o c_dalim.o c_dalim_ic.f
./ic.OSF1 DALI_CF.INC c_dalin.f c_dalin_ic.f
f77  -fpe2 -warn nouncalled -warn uninitialized -c -static -assume backslash -o c_dalin.o c_dalin_ic.f
./ic.OSF1 DALI_CF.INC n_dalio.f n_dalio_ic.f
f77  -fpe2 -warn nouncalled -warn uninitialized -c -static -assume backslash -o n_dalio.o n_dalio_ic.f
./ic.OSF1 DALI_CF.INC c_dalip.f c_dalip_ic.f
f77  -fpe2 -warn nouncalled -warn uninitialized -c -static -assume backslash -o c_dalip.o c_dalip_ic.f
./ic.OSF1 DALI_CF.INC n_daliq.f n_daliq_ic.f
f77  -fpe2 -warn nouncalled -warn uninitialized -c -static -assume backslash -o n_daliq.o n_daliq_ic.f
./ic.OSF1 DALI_CF.INC c_dalir.f c_dalir_ic.f
f77  -fpe2 -warn nouncalled -warn uninitialized -c -static -assume backslash -o c_dalir.o c_dalir_ic.f
./ic.OSF1 DALI_CF.INC c_dalis.f c_dalis_ic.f
f77  -fpe2 -warn nouncalled -warn uninitialized -c -static -assume backslash -o c_dalis.o c_dalis_ic.f
./ic.OSF1 DALI_CF.INC c_dalit.f c_dalit_ic.f
f77  -fpe2 -warn nouncalled -warn uninitialized -c -static -assume backslash -o c_dalit.o c_dalit_ic.f
./ic.OSF1 DALI_CF.INC c_daliu.f c_daliu_ic.f
f77  -fpe2 -warn nouncalled -warn uninitialized -c -static -assume backslash -o c_daliu.o c_daliu_ic.f
./ic.OSF1 DALI_CF.INC c_daliv.f c_daliv_ic.f
f77  -fpe2 -warn nouncalled -warn uninitialized -c -static -assume backslash -o c_daliv.o c_daliv_ic.f
./ic.OSF1 DALI_CF.INC c_daliw.f c_daliw_ic.f
f77  -fpe2 -warn nouncalled -warn uninitialized -c -static -assume backslash -o c_daliw.o c_daliw_ic.f
./ic.OSF1 DALI_CF.INC c_dalix.f c_dalix_ic.f
f77  -fpe2 -warn nouncalled -warn uninitialized -c -static -assume backslash -o c_dalix.o c_dalix_ic.f
./ic.OSF1 DALI_CF.INC c_daliy.f c_daliy_ic.f
f77  -fpe2 -warn nouncalled -warn uninitialized -c -static -assume backslash -o c_daliy.o c_daliy_ic.f
./ic.OSF1 DALI_CF.INC c_daliz.f c_daliz_ic.f
f77  -fpe2 -warn nouncalled -warn uninitialized -c -static -assume backslash -o c_daliz.o c_daliz_ic.f
./ic.OSF1 DALI_CF.INC algtdb_tficor.f algtdb_tficor_ic.f
f77  -fpe2 -warn nouncalled -warn uninitialized -c -static -assume backslash -o algtdb_tficor.o algtdb_tficor_ic.f
./ic.OSF1 DALI_CF.INC dafilm.f dafilm_ic.f
f77  -fpe2 -warn nouncalled -warn uninitialized -c -static -assume backslash -o dafilm.o dafilm_ic.f
./ic.OSF1 DALI_CF.INC draw_state.f draw_state_ic.f
f77  -fpe2 -warn nouncalled -warn uninitialized -c -static -assume backslash -o draw_state.o draw_state_ic.f
./ic.OSF1 DALI_CF.INC partid.f partid_ic.f
f77  -fpe2 -warn nouncalled -warn uninitialized -c -static -assume backslash -o partid.o partid_ic.f
f77  -fpe2 -warn nouncalled -warn uninitialized -c -static -assume backslash -o dali_OSF1_x.o dali_OSF1_x.f
 
   Linking dali_e1.OSF1
 
f77 -Wl,-u,babend_,-u,dafrds_,-u,ftrack_,-u,hmfind_,-u,mpredg_,-u,mpredm_,-u,muass_ -o dali_e1.OSF1 c_dalb9.o c_dalb_aleph.o n_dalba.o n_dalbb.o c_dalbc.o c_dalbd.o c_dalbe.o n_dalbf.o c_dalbg.o c_dalbh.o c_dalbi.o c_dalbj.o c_dalbl.o c_dalbm.o c_dalbo.o c_dalbp.o c_dalbq.o c_dalbr.o n_dalbs.o c_dalbt.o c_dalbv.o c_dalbw1.o c_dalbw2.o c_dalbx.o c_dalby.o c_dali1.o c_dali_vdet.o       alpha_c.o alpha_v.o alpha_p.o c_dalia.o c_dalib.o c_dalic.o c_dalid.o c_dalie.o c_dalif.o c_dalig.o c_dalih.o c_dalii.o c_dalij.o c_dalik.o c_dalil.o c_dalim.o c_dalin.o n_dalio.o c_dalip.o n_daliq.o c_dalir.o c_dalis.o c_dalit.o c_daliu.o c_daliv.o c_daliw.o c_dalix.o c_daliy.o c_daliz.o algtdb_tficor.o dafilm.o draw_state.o partid.o dali_OSF1_x.o  dalb_x.o dali_x.o dali_meta.o /aleph/phy/alenflw.o /aleph/phy/libmini.a /aleph/jul/libjulia.a /aleph/phy/libalpha.a /aleph/gen/liblook.a /aleph/gen/libalephlib.a /aleph/gen/libbos77.a `cernlib mathlib packlib` -lXt -lX11
