 
   Making dali_e1.HPUX10 i.e., DALI version e1 for HPUX10
 
fort77 -o ./ic.HPUX10 +e -K +U77 +ppu -v ic.HPUX10.f
LPATH is : /opt/fortran/lib/pa1.1:/usr/lib/pa1.1:/opt/fortran/lib:/usr/lib:/opt/langtools/lib
/opt/fortran/lbin/f77pass1 - -KFUPe -Oq00,al,ag,cn,Lm,sz,Ic,vo,lc,mf,po,es,rs,sp,in,vc,pi,fa,pe,Rr,Fl,pv,pa,nf,cp,lx,st,ap,Pg,ug,lu,dp,fs,bp,wp! ic.HPUX10.f ic.HPUX10.o 
ic.HPUX10.f:
   MAIN dali_conv:
   write_noprocess:
   process_routine:
   contains_ident:
   yet_extracted:
   new_identifier:
   checkifdef:
   str$trim:
   str$upcase:
/usr/ccs/bin/ld -x /opt/langtools/lib/crt0.o ic.HPUX10.o /opt/fortran/lib/libU77.a -lcl -lisamstub -lc -o ./ic.HPUX10 
cc  -Aa -c -DNo_Signals -o dalb_x.o dalb_x.c
cc  -Aa -c -DNo_Signals -o dali_x.o dali_x.c
cc  -Aa -c -DNo_Signals -o dali_meta.o dali_meta.c
./ic.HPUX10 DALI_CF.INC c_dalb9.f c_dalb9_ic.f
fort77  +e -c -K +U77 +ppu -v -o c_dalb9.o c_dalb9_ic.f
LPATH is : /opt/fortran/lib/pa1.1:/usr/lib/pa1.1:/opt/fortran/lib:/usr/lib:/opt/langtools/lib
/opt/fortran/lbin/f77pass1 - -KFUPe -Oq00,al,ag,cn,Lm,sz,Ic,vo,lc,mf,po,es,rs,sp,in,vc,pi,fa,pe,Rr,Fl,pv,pa,nf,cp,lx,st,ap,Pg,ug,lu,dp,fs,bp,wp! c_dalb9_ic.f c_dalb9.o 
c_dalb9_ic.f:
   siidpo:
   dftrak:
   htrack:
   adfili:
       entry    adfilo:
./ic.HPUX10 DALI_CF.INC c_dalb_aleph.f c_dalb_aleph_ic.f
fort77  +e -c -K +U77 +ppu -v -o c_dalb_aleph.o c_dalb_aleph_ic.f
LPATH is : /opt/fortran/lib/pa1.1:/usr/lib/pa1.1:/opt/fortran/lib:/usr/lib:/opt/langtools/lib
/opt/fortran/lbin/f77pass1 - -KFUPe -Oq00,al,ag,cn,Lm,sz,Ic,vo,lc,mf,po,es,rs,sp,in,vc,pi,fa,pe,Rr,Fl,pv,pa,nf,cp,lx,st,ap,Pg,ug,lu,dp,fs,bp,wp! c_dalb_aleph_ic.f c_dalb_aleph.o 
c_dalb_aleph_ic.f:
   djbop:
Warning on line 81 of c_dalb_aleph_ic.f: local variable temlis never used
   djcard:
   djmini:
   dopseq:
   doprec:
   dardir:
   abruev:
   aunpck:
       entry    aunpck_in:
       entry    djaunm:
   anewrn:
Warning on line 752 of c_dalb_aleph_ic.f: local variable temlis never used
   dj_sevt_in:
       entry    dj_sevt_run:
       entry    dj_sevt_ev:
       entry    dj_sevt_end:
   tfiltj:
   vbsinr:
   trncon:
./ic.HPUX10 DALI_CF.INC n_dalba.f n_dalba_ic.f
fort77  +e -c -K +U77 +ppu -v -o n_dalba.o n_dalba_ic.f
LPATH is : /opt/fortran/lib/pa1.1:/usr/lib/pa1.1:/opt/fortran/lib:/usr/lib:/opt/langtools/lib
/opt/fortran/lbin/f77pass1 - -KFUPe -Oq00,al,ag,cn,Lm,sz,Ic,vo,lc,mf,po,es,rs,sp,in,vc,pi,fa,pe,Rr,Fl,pv,pa,nf,cp,lx,st,ap,Pg,ug,lu,dp,fs,bp,wp! n_dalba_ic.f n_dalba.o 
n_dalba_ic.f:
   d3mix:
   dappe:
Warning on line 284 of n_dalba_ic.f: jump into block from line 278 of n_dalba_ic.f
Warning on line 481 of n_dalba_ic.f: jump into block from line 475 of n_dalba_ic.f
   dapeo:
   dapef:
Warning on line 1465 of n_dalba_ic.f: local variable icol never used
   dapetr:
   d_ap_extr_line:
   dappt:
   dappt1:
   dap_tr:
   dap_1_tr:
   dap_set_tr:
   dapvc:
   dappv:
   daptrf:
   datn2d:
   daptrn:
   dap_knv:
Warning on line 4648 of n_dalba_ic.f: local variable vax never used
Warning on line 4648 of n_dalba_ic.f: local variable hax never used
Warning on line 4648 of n_dalba_ic.f: local variable vel never used
Warning on line 4648 of n_dalba_ic.f: local variable hel never used
   dapvx:
   daptn:
   dap_v0_tr:
   dapvel:
   drprs0:
       entry    drpr:
   dadvd:
   dgvdlf:
       entry    dgvdsc:
       entry    dadvdm:
   dap_kalman_ch:
       entry    dap_kalmann_tracks_in:
   dap_kalman_he:
./ic.HPUX10 DALI_CF.INC n_dalbb.f n_dalbb_ic.f
fort77  +e -c -K +U77 +ppu -v -o n_dalbb.o n_dalbb_ic.f
LPATH is : /opt/fortran/lib/pa1.1:/usr/lib/pa1.1:/opt/fortran/lib:/usr/lib:/opt/langtools/lib
/opt/fortran/lbin/f77pass1 - -KFUPe -Oq00,al,ag,cn,Lm,sz,Ic,vo,lc,mf,po,es,rs,sp,in,vc,pi,fa,pe,Rr,Fl,pv,pa,nf,cp,lx,st,ap,Pg,ug,lu,dp,fs,bp,wp! n_dalbb_ic.f n_dalbb.o 
n_dalbb_ic.f:
   dbr0:
       entry    dbr1:
       entry    dbr_last_processor:
   dbr2:
   dbr3:
   f_dbrset:
   dbrset:
       entry    dbr_gb:
       entry    db_pr_use_op:
       entry    dbrlog:
   db_jump_to_command_list:
./ic.HPUX10 DALI_CF.INC c_dalbc.f c_dalbc_ic.f
fort77  +e -c -K +U77 +ppu -v -o c_dalbc.o c_dalbc_ic.f
LPATH is : /opt/fortran/lib/pa1.1:/usr/lib/pa1.1:/opt/fortran/lib:/usr/lib:/opt/langtools/lib
/opt/fortran/lbin/f77pass1 - -KFUPe -Oq00,al,ag,cn,Lm,sz,Ic,vo,lc,mf,po,es,rs,sp,in,vc,pi,fa,pe,Rr,Fl,pv,pa,nf,cp,lx,st,ap,Pg,ug,lu,dp,fs,bp,wp! c_dalbc_ic.f c_dalbc.o 
c_dalbc_ic.f:
   dcctr:
   dccvx:
   dcircl:
   dcirhl:
   dctycd:
       entry    dctytr:
       entry    dctyba:
       entry    dctypa:
       entry    dctyca:
       entry    dctyex:
       entry    dctyp0:
   dcutec:
   dcuthc:
   dcutlc:
   dcutft:
   dcuttf:
   dcuttr:
./ic.HPUX10 DALI_CF.INC c_dalbd.f c_dalbd_ic.f
fort77  +e -c -K +U77 +ppu -v -o c_dalbd.o c_dalbd_ic.f
LPATH is : /opt/fortran/lib/pa1.1:/usr/lib/pa1.1:/opt/fortran/lib:/usr/lib:/opt/langtools/lib
/opt/fortran/lbin/f77pass1 - -KFUPe -Oq00,al,ag,cn,Lm,sz,Ic,vo,lc,mf,po,es,rs,sp,in,vc,pi,fa,pe,Rr,Fl,pv,pa,nf,cp,lx,st,ap,Pg,ug,lu,dp,fs,bp,wp! c_dalbd_ic.f c_dalbd.o 
c_dalbd_ic.f:
   ddatin:
   ddispa:
       entry    ddispp:
   ddld:
   ddlfti:
   ddlisl:
   ddlion:
   ddltb:
   ddlcl:
   ddltb0:
       entry    ddltbn:
   ddldb:
   ddldb0:
       entry    ddldbn:
   ddldm:
   ddldm0:
       entry    ddldmn:
   ddltm:
   ddltm0:
       entry    ddltmn:
   ddltr1:
   ddltr2:
   ddlpik:
   ddrawa:
   ddrawb:
   ddrawc:
   ddrawd:
   ddrawe:
   ddrawf:
   ddrawg:
   ddrawh:
   ddrawi:
   ddrawj:
   ddrawk:
   ddrawl:
   ddrawm:
   ddrawn:
   ddrawo:
   ddrflg:
       entry    ddrflo:
   ddstpl:
./ic.HPUX10 DALI_CF.INC c_dalbe.f c_dalbe_ic.f
fort77  +e -c -K +U77 +ppu -v -o c_dalbe.o c_dalbe_ic.f
LPATH is : /opt/fortran/lib/pa1.1:/usr/lib/pa1.1:/opt/fortran/lib:/usr/lib:/opt/langtools/lib
/opt/fortran/lbin/f77pass1 - -KFUPe -Oq00,al,ag,cn,Lm,sz,Ic,vo,lc,mf,po,es,rs,sp,in,vc,pi,fa,pe,Rr,Fl,pv,pa,nf,cp,lx,st,ap,Pg,ug,lu,dp,fs,bp,wp! c_dalbe_ic.f c_dalbe.o 
c_dalbe_ic.f:
   decd:
   decen:
   decgl:
   decpe:
   decph:
   decpl:
   decskw:
       entry    decsk0:
   dectfb:
   defd:
   defbin:
   defb2:
   devnew:
Warning on line 2053 of c_dalbe_ic.f: local variable temlis never used
   devset:
       entry    devtyp:
Warning on line 2364 of c_dalbe_ic.f: local variable temlis never used
./ic.HPUX10 DALI_CF.INC n_dalbf.f n_dalbf_ic.f
fort77  +e -c -K +U77 +ppu -v -o n_dalbf.o n_dalbf_ic.f
LPATH is : /opt/fortran/lib/pa1.1:/usr/lib/pa1.1:/opt/fortran/lib:/usr/lib:/opt/langtools/lib
/opt/fortran/lbin/f77pass1 - -KFUPe -Oq00,al,ag,cn,Lm,sz,Ic,vo,lc,mf,po,es,rs,sp,in,vc,pi,fa,pe,Rr,Fl,pv,pa,nf,cp,lx,st,ap,Pg,ug,lu,dp,fs,bp,wp! n_dalbf_ic.f n_dalbf.o 
n_dalbf_ic.f:
   df180:
   dfinxt:
   dfr1tr:
   dfrcc:
   dfrd:
   dfrdis:
       entry    dfrds0:
   dfret1:
   dfreta:
   dfrrcb:
   dfrph:
   dfrsp:
   dfrti:
   dfrpit:
   dfrtt:
   dft1tr:
   dftce:
   dftch:
   dftcue:
   dftcut:
   dftd:
   dftdis:
       entry    dftds0:
   dften:
   dftet1:
   dfteta:
   dftle:
   dftlh:
   dftrcb:
   dftoe:
   dftpe:
   dftph:
   dftpit:
   dftskw:
       entry    dftsk0:
   dfttt:
   dfz1tr:
   dfzvdd:
Warning on line 5099 of n_dalbf_ic.f: local variable fout never used
   dfzd:
   dfzdis:
       entry    dfzds0:
   dfzet1:
   dfzeta:
   dfzrcb:
   dfzph:
   dfzpit:
   dfztt:
   dfzhsh:
       entry    dfzhsv:
   dfzvel:
./ic.HPUX10 DALI_CF.INC c_dalbg.f c_dalbg_ic.f
fort77  +e -c -K +U77 +ppu -v -o c_dalbg.o c_dalbg_ic.f
LPATH is : /opt/fortran/lib/pa1.1:/usr/lib/pa1.1:/opt/fortran/lib:/usr/lib:/opt/langtools/lib
/opt/fortran/lbin/f77pass1 - -KFUPe -Oq00,al,ag,cn,Lm,sz,Ic,vo,lc,mf,po,es,rs,sp,in,vc,pi,fa,pe,Rr,Fl,pv,pa,nf,cp,lx,st,ap,Pg,ug,lu,dp,fs,bp,wp! c_dalbg_ic.f c_dalbg.o 
c_dalbg_ic.f:
   dgditc:
   dgdvdt:
   dgdtpc:
   dgdcos:
   dgdlca:
   dgdsic:
   dgdeca:
       entry    dgteca:
       entry    dgderz:
   dgdhca:
   dgdint:
   dgivdt:
       entry    dgivdr_new:
   dgivdt_old:
       entry    dgivdr:
   dg_vd_deb_f:
       entry    dg_vd_deb_i:
   dgiitc:
   dgieca:
   dgihca:
   dgilca:
   dgisic:
       entry    dgrsic:
   dgitpc:
   dgitsa:
   dgdmud:
   dgdmbi:
   dgdmbo:
   dgdmmi:
   dgdmmo:
   dgdmei:
   dgdmeo:
   dgimud:
   dgdhyx:
   dgdhrb:
   dgdhre:
./ic.HPUX10 DALI_CF.INC c_dalbh.f c_dalbh_ic.f
fort77  +e -c -K +U77 +ppu -v -o c_dalbh.o c_dalbh_ic.f
LPATH is : /opt/fortran/lib/pa1.1:/usr/lib/pa1.1:/opt/fortran/lib:/usr/lib:/opt/langtools/lib
/opt/fortran/lbin/f77pass1 - -KFUPe -Oq00,al,ag,cn,Lm,sz,Ic,vo,lc,mf,po,es,rs,sp,in,vc,pi,fa,pe,Rr,Fl,pv,pa,nf,cp,lx,st,ap,Pg,ug,lu,dp,fs,bp,wp! c_dalbh_ic.f c_dalbh.o 
c_dalbh_ic.f:
   dhcros:
       entry    dhcrs0:
   dhpick:
   dhelci:
   dhelix:
       entry    dhelx0:
       entry    dhelx1:
       entry    dhelxv:
       entry    dhelvx:
Warning on line 711 of c_dalbh_ic.f: local variable fsecv never used
   dhfd:
   dhfar:
   dhfec0:
       entry    dhfec:
   dhfhc:
   dhflc:
   dhfitc:
   dhfpi:
   dhfpm:
   dhftpc:
   dhfrdh:
   dhtinp:
   dhtmod:
       entry    dhtmo1:
       entry    dhtmo2:
   dhzd:
   dhzaec:
   dhzahc:
   dhzar:
   dhzpe:
       entry    dhzpep:
   dhzbec:
   dhzeec:
   dhzph:
       entry    dhzphp:
   dhzbhc:
   dhzehc:
   dhzpie:
   dhperp:
./ic.HPUX10 DALI_CF.INC c_dalbi.f c_dalbi_ic.f
fort77  +e -c -K +U77 +ppu -v -o c_dalbi.o c_dalbi_ic.f
LPATH is : /opt/fortran/lib/pa1.1:/usr/lib/pa1.1:/opt/fortran/lib:/usr/lib:/opt/langtools/lib
/opt/fortran/lbin/f77pass1 - -KFUPe -Oq00,al,ag,cn,Lm,sz,Ic,vo,lc,mf,po,es,rs,sp,in,vc,pi,fa,pe,Rr,Fl,pv,pa,nf,cp,lx,st,ap,Pg,ug,lu,dp,fs,bp,wp! c_dalbi_ic.f c_dalbi.o 
c_dalbi_ic.f:
   dqtih:
   dqh8:
   dqtit:
       entry    dqtic:
       entry    dqtin:
   dvphco:
./ic.HPUX10 DALI_CF.INC c_dalbj.f c_dalbj_ic.f
fort77  +e -c -K +U77 +ppu -v -o c_dalbj.o c_dalbj_ic.f
LPATH is : /opt/fortran/lib/pa1.1:/usr/lib/pa1.1:/opt/fortran/lib:/usr/lib:/opt/langtools/lib
/opt/fortran/lbin/f77pass1 - -KFUPe -Oq00,al,ag,cn,Lm,sz,Ic,vo,lc,mf,po,es,rs,sp,in,vc,pi,fa,pe,Rr,Fl,pv,pa,nf,cp,lx,st,ap,Pg,ug,lu,dp,fs,bp,wp! c_dalbj_ic.f c_dalbj.o 
c_dalbj_ic.f:
   d_jdeb:
   dj_inquire:
   d_opseq:
   d_oprec:
   d_ardir:
   d_lkoprd:
   d_lkgtevt:
   d_lkrew:
   d_brwnd:
   d_aclose:
   djadbs:
   djlbnk:
   djdrli:
   djsiw6:
   dj_read_private_cards:
./ic.HPUX10 DALI_CF.INC c_dalbl.f c_dalbl_ic.f
fort77  +e -c -K +U77 +ppu -v -o c_dalbl.o c_dalbl_ic.f
LPATH is : /opt/fortran/lib/pa1.1:/usr/lib/pa1.1:/opt/fortran/lib:/usr/lib:/opt/langtools/lib
/opt/fortran/lbin/f77pass1 - -KFUPe -Oq00,al,ag,cn,Lm,sz,Ic,vo,lc,mf,po,es,rs,sp,in,vc,pi,fa,pe,Rr,Fl,pv,pa,nf,cp,lx,st,ap,Pg,ug,lu,dp,fs,bp,wp! c_dalbl_ic.f c_dalbl.o 
c_dalbl_ic.f:
   dlsitx:
   dltawp:
   dltd:
   dltdy:
   dltdz:
   dltruh:
   dltruv:
   dltry:
   dltrz:
   dlutin:
./ic.HPUX10 DALI_CF.INC c_dalbm.f c_dalbm_ic.f
fort77  +e -c -K +U77 +ppu -v -o c_dalbm.o c_dalbm_ic.f
LPATH is : /opt/fortran/lib/pa1.1:/usr/lib/pa1.1:/opt/fortran/lib:/usr/lib:/opt/langtools/lib
/opt/fortran/lbin/f77pass1 - -KFUPe -Oq00,al,ag,cn,Lm,sz,Ic,vo,lc,mf,po,es,rs,sp,in,vc,pi,fa,pe,Rr,Fl,pv,pa,nf,cp,lx,st,ap,Pg,ug,lu,dp,fs,bp,wp! c_dalbm_ic.f c_dalbm.o 
c_dalbm_ic.f:
   dmaxlg:
   dmcnvx:
       entry    dmcvx:
       entry    dmctr:
   idmix:
./ic.HPUX10 DALI_CF.INC c_dalbo.f c_dalbo_ic.f
fort77  +e -c -K +U77 +ppu -v -o c_dalbo.o c_dalbo_ic.f
LPATH is : /opt/fortran/lib/pa1.1:/usr/lib/pa1.1:/opt/fortran/lib:/usr/lib:/opt/langtools/lib
/opt/fortran/lbin/f77pass1 - -KFUPe -Oq00,al,ag,cn,Lm,sz,Ic,vo,lc,mf,po,es,rs,sp,in,vc,pi,fa,pe,Rr,Fl,pv,pa,nf,cp,lx,st,ap,Pg,ug,lu,dp,fs,bp,wp! c_dalbo_ic.f c_dalbo.o 
c_dalbo_ic.f:
   dodcyl:
   dodbpi:
   dodeca:
   dode3d:
   dodhca:
   dodh3d:
   doditc:
   dodlca:
   dodsic:
   dodvdt:
   dodmag:
   dodmud:
   dodtpc:
   dodt3d:
   dodt3p:
   dofish:
       entry    dofis0:
       entry    dofis2:
   doprin:
   dordtr:
   d_order:
./ic.HPUX10 DALI_CF.INC c_dalbp.f c_dalbp_ic.f
fort77  +e -c -K +U77 +ppu -v -o c_dalbp.o c_dalbp_ic.f
LPATH is : /opt/fortran/lib/pa1.1:/usr/lib/pa1.1:/opt/fortran/lib:/usr/lib:/opt/langtools/lib
/opt/fortran/lbin/f77pass1 - -KFUPe -Oq00,al,ag,cn,Lm,sz,Ic,vo,lc,mf,po,es,rs,sp,in,vc,pi,fa,pe,Rr,Fl,pv,pa,nf,cp,lx,st,ap,Pg,ug,lu,dp,fs,bp,wp! c_dalbp_ic.f c_dalbp.o 
c_dalbp_ic.f:
   dparam:
       entry    dparop:
       entry    dparp0:
       entry    dparch:
       entry    dpargg:
       entry    dpar_get_array:
       entry    dpar_get_real:
       entry    dpargv:
       entry    dpargi:
       entry    dparsv:
       entry    dpar_toggle:
       entry    dpar_set_co:
       entry    dpar_set_width:
       entry    dpar_set_tr_width:
       entry    dpar_set_sy:
       entry    dpacgt:
       entry    dpacgf:
       entry    dpacnt:
       entry    dpacft:
       entry    dpacnf:
       entry    dparst:
       entry    dparst_modif:
       entry    dpar_get_header:
       entry    dpar_dsp_str_group:
       entry    dpar_chg_by_name:
       entry    dpar_debug:
       entry    dpar_check_def:
       entry    dpar_check_use:
   idpar:
   d_par_search_group:
   dpcear:
   dpcgar:
       entry    dpcgva:
       entry    dpcgar_new:
       entry    dpcgvi:
   dpcsar:
       entry    dpcsav:
       entry    dpcpar:
./ic.HPUX10 DALI_CF.INC c_dalbq.f c_dalbq_ic.f
fort77  +e -c -K +U77 +ppu -v -o c_dalbq.o c_dalbq_ic.f
LPATH is : /opt/fortran/lib/pa1.1:/usr/lib/pa1.1:/opt/fortran/lib:/usr/lib:/opt/langtools/lib
/opt/fortran/lbin/f77pass1 - -KFUPe -Oq00,al,ag,cn,Lm,sz,Ic,vo,lc,mf,po,es,rs,sp,in,vc,pi,fa,pe,Rr,Fl,pv,pa,nf,cp,lx,st,ap,Pg,ug,lu,dp,fs,bp,wp! c_dalbq_ic.f c_dalbq.o 
c_dalbq_ic.f:
   dqpr0:
   dqdraw:
   dqdar:
   dqfar:
   dqdwi:
   dqffwi:
   dqfwia:
   dqfwaf:
   dqcirc:
   dqwsu:
   dqcl:
       entry    dqcl_us:
   dqclp:
       entry    dqcl0:
   dqic:
   dqlevh:
   dqlevl:
   dqsc0:
       entry    dqsce:
   dqfr:
   dqin:
   dqmid:
   dqrdp:
   dqrer:
   dqrhv:
   dqrot:
       entry    dqrot0:
   dqru:
       entry    dqrupr:
       entry    dqlast:
       entry    dqset1:
       entry    dqset:
       entry    dqprs0:
       entry    dqprsf:
       entry    dqprs:
       entry    dqrop:
       entry    dqhi2:
       entry    dql2ep:
       entry    dql2e:
       entry    dqlhe:
       entry    dqlic:
       entry    dqliep:
       entry    dqlie:
       entry    dqlie1:
       entry    dqinv:
       entry    dqch0:
       entry    dqch:
       entry    dqch_pi:
       entry    dqrec:
       entry    dqpik:
       entry    dqpif:
       entry    dqpd0:
       entry    dqpd1:
       entry    dqpd_dc:
       entry    dqpd:
       entry    dqar0:
       entry    dqar:
       entry    dqard:
       entry    dqpo0:
       entry    dqpo1:
       entry    dqpol1:
       entry    dqpol:
       entry    dqpolf:
       entry    dqsha0:
       entry    dqsha:
       entry    dqpu0:
       entry    dqpu:
       entry    dqaru:
       entry    dqpoc:
       entry    dqra0:
       entry    dqra1:
       entry    dqrar:
       entry    dqsq0:
       entry    dqsq1:
       entry    dqsq:
       entry    dqsr:
       entry    dqtxt:
       entry    dqtxt0:
       entry    dqtxts:
   dqvrt:
   dqwin:
       entry    dqwis:
       entry    dqwil:
   dqwrv:
   dqsca:
   dqscd:
   dqscf:
   dqscp:
   dqsymb:
   dqcwin:
       entry    dqswin:
       entry    dqdwin:
       entry    dqpwin:
   dq_toggle_help_dali:
   dq_change_window:
       entry    dq_change_window_back:
./ic.HPUX10 DALI_CF.INC c_dalbr.f c_dalbr_ic.f
fort77  +e -c -K +U77 +ppu -v -o c_dalbr.o c_dalbr_ic.f
LPATH is : /opt/fortran/lib/pa1.1:/usr/lib/pa1.1:/opt/fortran/lib:/usr/lib:/opt/langtools/lib
/opt/fortran/lbin/f77pass1 - -KFUPe -Oq00,al,ag,cn,Lm,sz,Ic,vo,lc,mf,po,es,rs,sp,in,vc,pi,fa,pe,Rr,Fl,pv,pa,nf,cp,lx,st,ap,Pg,ug,lu,dp,fs,bp,wp! c_dalbr_ic.f c_dalbr.o 
c_dalbr_ic.f:
   drsd:
   drsar:
       entry    drsaru:
   drs_typ_res:
   drsrtn:
   dro1tr:
   dro3ax:
   drod:
   drod0:
       entry    drod1:
   drodis:
       entry    drods0:
   droet1:
   droeta:
   dro1ct:
   drorcb:
   dropit:
   drott:
   drosmr:
   drostr:
   drosvx:
   drtsp:
   drz1tr:
   drzcc:
   drzd:
   drzdis:
       entry    drzds0:
   drzet1:
   drzeta:
   drzfi:
   drzph:
   drzpl:
   drzpi:
   drzpit:
   drzrcb:
   drzti:
   drztpc:
   drztt:
   drzvrt:
   drzhst:
   drzhe:
       entry    drzhep:
   drzhh:
       entry    drzhhp:
   drztrp:
   drzpol:
   dro_smooth_rot_ac_only:
   dro_smooth_rot_ac_fixed:
   dro_smooth_rot_ac:
   dro_smooth_rot_ac_inclined:
   d_rot_line_ac:
       entry    d_rot_ac_in:
   d_rot:
       entry    d_rot_invers:
       entry    d_rot_in:
   d_rot_vector:
       entry    d_rot_vector_invers:
       entry    d_rot_vector_in:
   dq_clip_3d:
       entry    dq_clip_3d_in:
   dq_clip_3dd:
   dq_clip_3d_store:
./ic.HPUX10 DALI_CF.INC n_dalbs.f n_dalbs_ic.f
fort77  +e -c -K +U77 +ppu -v -o n_dalbs.o n_dalbs_ic.f
LPATH is : /opt/fortran/lib/pa1.1:/usr/lib/pa1.1:/opt/fortran/lib:/usr/lib:/opt/langtools/lib
/opt/fortran/lbin/f77pass1 - -KFUPe -Oq00,al,ag,cn,Lm,sz,Ic,vo,lc,mf,po,es,rs,sp,in,vc,pi,fa,pe,Rr,Fl,pv,pa,nf,cp,lx,st,ap,Pg,ug,lu,dp,fs,bp,wp! n_dalbs_ic.f n_dalbs.o 
n_dalbs_ic.f:
   dsc0:
   dsc_const:
   dset_ecal_col:
   dset_cal_col:
   dscelm:
   dschc:
   dscit:
   dsclog:
   dsctp:
   dsctr:
   dsctr0:
       entry    dsctr1:
   dsetmi:
   dscmc:
   dscsy:
   dschst:
       entry    dschsc:
   dscd:
       entry    dscd1:
   dscxy:
   dsectr:
./ic.HPUX10 DALI_CF.INC c_dalbt.f c_dalbt_ic.f
fort77  +e -c -K +U77 +ppu -v -o c_dalbt.o c_dalbt_ic.f
LPATH is : /opt/fortran/lib/pa1.1:/usr/lib/pa1.1:/opt/fortran/lib:/usr/lib:/opt/langtools/lib
/opt/fortran/lbin/f77pass1 - -KFUPe -Oq00,al,ag,cn,Lm,sz,Ic,vo,lc,mf,po,es,rs,sp,in,vc,pi,fa,pe,Rr,Fl,pv,pa,nf,cp,lx,st,ap,Pg,ug,lu,dp,fs,bp,wp! c_dalbt_ic.f c_dalbt.o 
c_dalbt_ic.f:
   dtdd:
       entry    dtdpik:
   dtdtr0:
       entry    dtdtr1:
       entry    dtdtr2:
       entry    dtdtr3:
       entry    dtdtr4:
   dtddis:
   dtd_pv:
   dtdm:
       entry    dtdmf:
       entry    dtdmvl:
   dtdm0:
       entry    dtdmm:
   dtn:
Warning on line 1166 of c_dalbt_ic.f: jump into block from line 1160 of c_dalbt_ic.f
   dtp:
   dt1:
   dt5:
   dt2:
   dt3:
   dt3z:
   dt4:
   dt6:
   dt7:
   dt8:
   dtint:
   dtrapz:
./ic.HPUX10 DALI_CF.INC c_dalbv.f c_dalbv_ic.f
fort77  +e -c -K +U77 +ppu -v -o c_dalbv.o c_dalbv_ic.f
LPATH is : /opt/fortran/lib/pa1.1:/usr/lib/pa1.1:/opt/fortran/lib:/usr/lib:/opt/langtools/lib
/opt/fortran/lbin/f77pass1 - -KFUPe -Oq00,al,ag,cn,Lm,sz,Ic,vo,lc,mf,po,es,rs,sp,in,vc,pi,fa,pe,Rr,Fl,pv,pa,nf,cp,lx,st,ap,Pg,ug,lu,dp,fs,bp,wp! c_dalbv_ic.f c_dalbv.o 
c_dalbv_ic.f:
   dv0:
   idvcht:
       entry    dvcht0:
       entry    dvcht:
   idvchi:
       entry    dvchi0:
       entry    dvchi:
       entry    dvchv:
   dvchcc:
   dvchit:
   dvht:
       entry    dvht0:
   dvmd:
       entry    dvmd0:
       entry    dvmdcu:
   dvmd2d:
   dvm0:
   dvec:
       entry    dvec1:
       entry    dvec2:
       entry    dvec0:
   dvecdd:
   dvecft:
   dvechi:
   dvew0:
       entry    dvewmx:
       entry    dvew:
   dvetr:
       entry    dvetr0:
       entry    dvetrn:
   dvfrid:
   dvftr:
   dvhc:
       entry    dvhc0:
       entry    dvhc1:
   dvit:
       entry    dvit0:
       entry    dvitcl:
       entry    dvitst:
   dvic:
       entry    dvic0:
Warning on line 2307 of c_dalbv_ic.f: local variable nitcf never used
   dvef:
       entry    dvef0:
   dveo:
       entry    dveo0:
   dvlc:
       entry    dvlc0:
   dvlcin:
   dvmcnv:
       entry    dvmcvx:
       entry    dvmctr:
Warning on line 2913 of c_dalbv_ic.f: local variable sqrt never used
   dvcord:
   dvpada:
       entry    dvpad0:
   dvpad1:
   dvpadn:
   dvpadf:
   dvpads:
   dvpartb:
   dvvtx0:
       entry    dvvtx:
       entry    dvvtxd:
   dvprvx:
   dvsic:
       entry    dvsic0:
   dvtp:
       entry    dvtpnt:
       entry    dvtpcl:
       entry    dvtps1:
       entry    dvtpst:
       entry    dvtp0:
       entry    dvtq0:
       entry    dvtb0:
   dvtc0:
       entry    dvtcf:
       entry    dvtcp:
       entry    dvtct1:
   dvtn0:
       entry    dvtnf:
       entry    dvtnp:
       entry    dvtnt1:
   dvtr0:
       entry    dvtrfi:
       entry    dvtrlp:
       entry    dvtrsx:
       entry    dvtrp:
       entry    dvtrtp:
       entry    dvtrpd:
       entry    dvtrt1:
       entry    dvtrt2:
       entry    dvtrv:
   dvtrht:
   dvvec:
       entry    dvvec0:
       entry    dvvec1:
   dvvmct0:
       entry    dvvmcvx:
       entry    dvvmctr:
Warning on line 5785 of c_dalbv_ic.f: local variable sqrt never used
   dvvdc:
       entry    dvvdc1:
       entry    dvvdc0:
   dvvdrz:
       entry    dvvdr0:
       entry    dvvdr1:
   dvvdxy:
       entry    dvvdx0:
       entry    dvvdx1:
       entry    us6:
       entry    dvvd3d:
   dvvdtr:
   dvvx0:
       entry    dvvx:
       entry    dvvxha:
       entry    dvvxrn:
       entry    dvvxbn:
   dvvepa:
   dvvenv:
   dvvlnp:
   dvvenf:
Warning on line 7690 of c_dalbv_ic.f: jump into block from line 7685 of c_dalbv_ic.f
Warning on line 7714 of c_dalbv_ic.f: jump into block at line 7690 of c_dalbv_ic.f
   dvwi:
       entry    dvwial:
   dvdft:
   dvexs0:
   dvtion:
   dvthyp:
   dvtmde:
   dvlbkn:
   dvknv0:
       entry    dvknv1:
       entry    dvknv:
       entry    dvknv_tr:
       entry    dvkn_v0_tr_0:
       entry    dvkn_v0_tr:
./ic.HPUX10 DALI_CF.INC c_dalbw1.f c_dalbw1_ic.f
fort77  +e -c -K +U77 +ppu -v -o c_dalbw1.o c_dalbw1_ic.f
LPATH is : /opt/fortran/lib/pa1.1:/usr/lib/pa1.1:/opt/fortran/lib:/usr/lib:/opt/langtools/lib
/opt/fortran/lbin/f77pass1 - -KFUPe -Oq00,al,ag,cn,Lm,sz,Ic,vo,lc,mf,po,es,rs,sp,in,vc,pi,fa,pe,Rr,Fl,pv,pa,nf,cp,lx,st,ap,Pg,ug,lu,dp,fs,bp,wp! c_dalbw1_ic.f c_dalbw1.o 
c_dalbw1_ic.f:
   dwr_input:
       entry    dwr_input_setup:
   dwrd:
       entry    dwrdi:
       entry    dwrdt:
   dwr_platform_text:
       entry    dw_get_platform_text:
       entry    dw_next_platform_text:
   dwr_add_semicolon:
   dwr_add_text_setup:
       entry    dwr_add_text_do:
   dwr_line:
   dwr_hl_ar:
   dwr_ic:
   dw_spawn_and_print:
./ic.HPUX10 DALI_CF.INC c_dalbw2.f c_dalbw2_ic.f
fort77  +e -c -K +U77 +ppu -v -o c_dalbw2.o c_dalbw2_ic.f
LPATH is : /opt/fortran/lib/pa1.1:/usr/lib/pa1.1:/opt/fortran/lib:/usr/lib:/opt/langtools/lib
/opt/fortran/lbin/f77pass1 - -KFUPe -Oq00,al,ag,cn,Lm,sz,Ic,vo,lc,mf,po,es,rs,sp,in,vc,pi,fa,pe,Rr,Fl,pv,pa,nf,cp,lx,st,ap,Pg,ug,lu,dp,fs,bp,wp! c_dalbw2_ic.f c_dalbw2.o 
c_dalbw2_ic.f:
   dwr_to_file:
   dwrt:
       entry    dwrc:
       entry    dwr_high_light:
       entry    dwr_high_light_from_n1_to_n2:
       entry    dwrt_setup:
       entry    dwrt_end:
   dwr_add_semicolon_delet:
   dwr_add:
   dwr_over_print:
   dwr_backspace_slash:
   dwr_blbl_to_do:
   dwr_backspace_do:
   dwr_backspace_blank:
   dwr_bell:
   dw_time:
./ic.HPUX10 DALI_CF.INC c_dalbx.f c_dalbx_ic.f
fort77  +e -c -K +U77 +ppu -v -o c_dalbx.o c_dalbx_ic.f
LPATH is : /opt/fortran/lib/pa1.1:/usr/lib/pa1.1:/opt/fortran/lib:/usr/lib:/opt/langtools/lib
/opt/fortran/lbin/f77pass1 - -KFUPe -Oq00,al,ag,cn,Lm,sz,Ic,vo,lc,mf,po,es,rs,sp,in,vc,pi,fa,pe,Rr,Fl,pv,pa,nf,cp,lx,st,ap,Pg,ug,lu,dp,fs,bp,wp! c_dalbx_ic.f c_dalbx.o 
c_dalbx_ic.f:
   BLOCK DATA dalbx:
   us0:
       entry    us1:
       entry    us2:
       entry    us3:
       entry    us4:
       entry    us5:
       entry    us7:
       entry    us8:
       entry    us9:
       entry    dcj:
   us0d:
       entry    us1d:
       entry    us2d:
       entry    us3d:
       entry    us4d:
       entry    us5d:
       entry    us6d:
       entry    us7d:
       entry    us8d:
       entry    us9d:
./ic.HPUX10 DALI_CF.INC c_dalby.f c_dalby_ic.f
fort77  +e -c -K +U77 +ppu -v -o c_dalby.o c_dalby_ic.f
LPATH is : /opt/fortran/lib/pa1.1:/usr/lib/pa1.1:/opt/fortran/lib:/usr/lib:/opt/langtools/lib
/opt/fortran/lbin/f77pass1 - -KFUPe -Oq00,al,ag,cn,Lm,sz,Ic,vo,lc,mf,po,es,rs,sp,in,vc,pi,fa,pe,Rr,Fl,pv,pa,nf,cp,lx,st,ap,Pg,ug,lu,dp,fs,bp,wp! c_dalby_ic.f c_dalby.o 
c_dalby_ic.f:
   dyx1tr:
   dyxcc:
   dyxchd:
   dyxci0:
       entry    dyxci:
   dyxd:
   dyxdis:
   dyxet1:
   dyxeta:
   dyxhe:
       entry    dyxhep:
   dyxhh:
       entry    dyxhhp:
   dyxhpi:
   dyxph:
   dyf_it_hi:
   dyxrcb:
   dyxth:
   dyxth1:
   dyxti:
   dyxtt:
   dyxwe:
   dyz1tr:
   dyzd:
   dyzdis:
       entry    dyzds0:
   dyzet1:
   dyzeta:
   dyzrcb:
   dyzph:
   dyzpit:
   dyzth:
   dyzth1:
   dyztt:
./ic.HPUX10 DALI_CF.INC c_dali1.f c_dali1_ic.f
fort77  +e -c -K +U77 +ppu -v -o c_dali1.o c_dali1_ic.f
LPATH is : /opt/fortran/lib/pa1.1:/usr/lib/pa1.1:/opt/fortran/lib:/usr/lib:/opt/langtools/lib
/opt/fortran/lbin/f77pass1 - -KFUPe -Oq00,al,ag,cn,Lm,sz,Ic,vo,lc,mf,po,es,rs,sp,in,vc,pi,fa,pe,Rr,Fl,pv,pa,nf,cp,lx,st,ap,Pg,ug,lu,dp,fs,bp,wp! c_dali1_ic.f c_dali1.o 
c_dali1_ic.f:
   MAIN d:
./ic.HPUX10 DALI_CF.INC c_dali_vdet.f c_dali_vdet_ic.f
fort77  +e -c -K +U77 +ppu -v -o c_dali_vdet.o c_dali_vdet_ic.f
LPATH is : /opt/fortran/lib/pa1.1:/usr/lib/pa1.1:/opt/fortran/lib:/usr/lib:/opt/langtools/lib
/opt/fortran/lbin/f77pass1 - -KFUPe -Oq00,al,ag,cn,Lm,sz,Ic,vo,lc,mf,po,es,rs,sp,in,vc,pi,fa,pe,Rr,Fl,pv,pa,nf,cp,lx,st,ap,Pg,ug,lu,dp,fs,bp,wp! c_dali_vdet_ic.f c_dali_vdet.o 
c_dali_vdet_ic.f:
   dvvxj:
   dvbpca:
   dvjet0:
       entry    dvjet:
   dvjtca:
   dvpvca:
   dvsvca:
       entry    dvsvdl:
   dvnt0:
       entry    dvnt:
   ffindip:
   dvvdph:
   vdet_decode_tracks:
   vdet_ellips:
./ic.HPUX10 DALI_CF.INC alpha_c.f alpha_c_ic.f
fort77  +e -c -K +U77 +ppu -v -o alpha_c.o alpha_c_ic.f
LPATH is : /opt/fortran/lib/pa1.1:/usr/lib/pa1.1:/opt/fortran/lib:/usr/lib:/opt/langtools/lib
/opt/fortran/lbin/f77pass1 - -KFUPe -Oq00,al,ag,cn,Lm,sz,Ic,vo,lc,mf,po,es,rs,sp,in,vc,pi,fa,pe,Rr,Fl,pv,pa,nf,cp,lx,st,ap,Pg,ug,lu,dp,fs,bp,wp! alpha_c_ic.f alpha_c.o 
alpha_c_ic.f:
   dac:
       entry    dac_num_of_pi0:
       entry    dac0:
   dacd:
       entry    dacd_0:
   dac_write_file:
   dac_ef_teh:
Warning on line 1618 of alpha_c_ic.f: local variable tops never used
Warning on line 1618 of alpha_c_ic.f: local variable dt3 never used
Warning on line 1618 of alpha_c_ic.f: local variable t1 never used
Warning on line 1618 of alpha_c_ic.f: local variable tm never used
Warning on line 1618 of alpha_c_ic.f: local variable nteh never used
   dad_us:
   dad_alpha_numbers:
   dac_corr_store:
       entry    dac_corr_store_sel:
       entry    dac_corr_calc:
       entry    dac_corr_line:
   dac_line:
       entry    dac_line0:
   dac_draw:
       entry    dac_draw_in:
       entry    dac_pointer_lines:
       entry    dac_pointer_1_line:
   dac_pick:
       entry    dac_pick_0:
       entry    dac_pick_get:
   dacol:
       entry    dacol_num:
Warning on line 2569 of alpha_c_ic.f: local variable t0 never used
   dac_draw_vector:
   dac_draw_missing_vector:
Warning on line 2860 of alpha_c_ic.f: local variable vu never used
Warning on line 2860 of alpha_c_ic.f: local variable hd never used
Warning on line 2860 of alpha_c_ic.f: local variable fyes never used
Warning on line 2860 of alpha_c_ic.f: local variable hu never used
Warning on line 2860 of alpha_c_ic.f: local variable vd never used
   dac_draw_rz_mv:
       entry    dac_draw_rz_mv_0:
   dac_col_eo:
   dsc_eo_0:
       entry    dsc_eo:
   dac_col_ef_0:
       entry    dac_col_ef:
   dac_gc:
       entry    dac_gc_fx:
   dac_gc_m:
       entry    dac_gc_m0:
       entry    dac_gc_m_rot:
Warning on line 3509 of alpha_c_ic.f: local variable fin never used
   dac_gc_hv_to_vec:
       entry    dac_gc_vec_to_hv:
       entry    dac_gc_vec0:
   dac_gc_sq:
   dac_pi0:
       entry    dac_pi0_ga0:
       entry    dac_pi0_ga:
       entry    dac_pi0_0:
Warning on line 3975 of alpha_c_ic.f: local variable vphi never used
Warning on line 3975 of alpha_c_ic.f: local variable nint never used
Warning on line 3975 of alpha_c_ic.f: local variable xpeo never used
Warning on line 3975 of alpha_c_ic.f: local variable xpho never used
Warning on line 3975 of alpha_c_ic.f: local variable atg never used
./ic.HPUX10 DALI_CF.INC alpha_v.f alpha_v_ic.f
fort77  +e -c -K +U77 +ppu -v -o alpha_v.o alpha_v_ic.f
LPATH is : /opt/fortran/lib/pa1.1:/usr/lib/pa1.1:/opt/fortran/lib:/usr/lib:/opt/langtools/lib
/opt/fortran/lbin/f77pass1 - -KFUPe -Oq00,al,ag,cn,Lm,sz,Ic,vo,lc,mf,po,es,rs,sp,in,vc,pi,fa,pe,Rr,Fl,pv,pa,nf,cp,lx,st,ap,Pg,ug,lu,dp,fs,bp,wp! alpha_v_ic.f alpha_v.o 
alpha_v_ic.f:
   dv_qvec_in:
       entry    dv_qvec_def_col_in:
       entry    dv_qvec_new_ev:
       entry    dv_qvec_ptot:
       entry    dv_qvec_vector:
       entry    dv_qvec_vector_pol:
       entry    dv_qvec_vector_col:
       entry    dv_qvec_object:
       entry    dv_qvec_v0_pv:
       entry    dv_qvec_v0:
       entry    dv_qvec_def_col:
       entry    dv_qvec_set_col:
       entry    dv_qvec_set_col_ar:
       entry    dv_qvec_get_col:
       entry    dv_qvec_col_frft:
       entry    dv_qvec_col_from_frft:
       entry    dv_qvec_col_ch_to_ef:
       entry    dv_qvec_col_ef_to_ch:
       entry    dv_qvec_ef_type:
       entry    dv_qvec_ef_itype:
       entry    dv_qvec_ef_teh:
       entry    dv_qvec_get_index:
       entry    dv_qvec_get_track:
       entry    dv_qvec_sphericity:
       entry    dv_qvec_thrust:
       entry    dv_qvec_vmiss:
       entry    dv_qvec_add_4v:
       entry    dv_qvec_sec_vertex:
       entry    dv_qvec_set_opt:
       entry    dv_qvec_jade:
       entry    dv_qvec_durham:
       entry    dv_qvec_jet_corr:
       entry    dv_qvec_set_mass:
Warning on line 962 of alpha_v_ic.f: local variable sign never used
Warning on line 962 of alpha_v_ic.f: local variable txt never used
Warning on line 962 of alpha_v_ic.f: local variable xpeo never used
Warning on line 962 of alpha_v_ic.f: local variable xpho never used
Warning on line 962 of alpha_v_ic.f: local variable atg never used
   dv_qvec_p0:
   dv_qvec_lock:
       entry    dv_qvec_unlock:
   qminit:
Warning on line 1105 of alpha_v_ic.f: local variable xlock never used
Warning on line 1105 of alpha_v_ic.f: local variable xcal never used
Warning on line 1105 of alpha_v_ic.f: local variable xtex never used
Warning on line 1105 of alpha_v_ic.f: local variable xmc never used
Warning on line 1105 of alpha_v_ic.f: local variable xmui never used
Warning on line 1105 of alpha_v_ic.f: local variable xcequ never used
Warning on line 1105 of alpha_v_ic.f: local variable xhcal never used
Warning on line 1105 of alpha_v_ic.f: local variable xpcq never used
Warning on line 1105 of alpha_v_ic.f: local variable xlockn never used
Warning on line 1105 of alpha_v_ic.f: local variable xpec never used
Warning on line 1105 of alpha_v_ic.f: local variable xmca never used
Warning on line 1105 of alpha_v_ic.f: local variable xpeo never used
Warning on line 1105 of alpha_v_ic.f: local variable xpep never used
Warning on line 1105 of alpha_v_ic.f: local variable xceqor never used
Warning on line 1105 of alpha_v_ic.f: local variable xefo never used
Warning on line 1105 of alpha_v_ic.f: local variable xfriqf never used
Warning on line 1105 of alpha_v_ic.f: local variable xsig never used
Warning on line 1105 of alpha_v_ic.f: local variable xegp never used
Warning on line 1105 of alpha_v_ic.f: local variable xpgp never used
Warning on line 1105 of alpha_v_ic.f: local variable xphc never used
Warning on line 1105 of alpha_v_ic.f: local variable xeid never used
Warning on line 1105 of alpha_v_ic.f: local variable xfrf never used
Warning on line 1105 of alpha_v_ic.f: local variable xpgac never used
Warning on line 1105 of alpha_v_ic.f: local variable xpho never used
Warning on line 1105 of alpha_v_ic.f: local variable xhma never used
Warning on line 1105 of alpha_v_ic.f: local variable xecal never used
Warning on line 1105 of alpha_v_ic.f: local variable xyv0 never used
Warning on line 1105 of alpha_v_ic.f: local variable xsame never used
Warning on line 1105 of alpha_v_ic.f: local variable xleptg never used
Warning on line 1105 of alpha_v_ic.f: local variable xlepth never used
   qdbase:
Warning on line 1139 of alpha_v_ic.f: local variable xlock never used
Warning on line 1139 of alpha_v_ic.f: local variable xcal never used
Warning on line 1139 of alpha_v_ic.f: local variable xtex never used
Warning on line 1139 of alpha_v_ic.f: local variable xmc never used
Warning on line 1139 of alpha_v_ic.f: local variable xmui never used
Warning on line 1139 of alpha_v_ic.f: local variable xcequ never used
Warning on line 1139 of alpha_v_ic.f: local variable xhcal never used
Warning on line 1139 of alpha_v_ic.f: local variable xpcq never used
Warning on line 1139 of alpha_v_ic.f: local variable xlockn never used
Warning on line 1139 of alpha_v_ic.f: local variable xpec never used
Warning on line 1139 of alpha_v_ic.f: local variable xmca never used
Warning on line 1139 of alpha_v_ic.f: local variable xpeo never used
Warning on line 1139 of alpha_v_ic.f: local variable xpep never used
Warning on line 1139 of alpha_v_ic.f: local variable xceqor never used
Warning on line 1139 of alpha_v_ic.f: local variable xefo never used
Warning on line 1139 of alpha_v_ic.f: local variable xfriqf never used
Warning on line 1139 of alpha_v_ic.f: local variable xsig never used
Warning on line 1139 of alpha_v_ic.f: local variable xegp never used
Warning on line 1139 of alpha_v_ic.f: local variable xpgp never used
Warning on line 1139 of alpha_v_ic.f: local variable xphc never used
Warning on line 1139 of alpha_v_ic.f: local variable xeid never used
Warning on line 1139 of alpha_v_ic.f: local variable xfrf never used
Warning on line 1139 of alpha_v_ic.f: local variable xpgac never used
Warning on line 1139 of alpha_v_ic.f: local variable xpho never used
Warning on line 1139 of alpha_v_ic.f: local variable xhma never used
Warning on line 1139 of alpha_v_ic.f: local variable xecal never used
Warning on line 1139 of alpha_v_ic.f: local variable xyv0 never used
Warning on line 1139 of alpha_v_ic.f: local variable xsame never used
Warning on line 1139 of alpha_v_ic.f: local variable xleptg never used
Warning on line 1139 of alpha_v_ic.f: local variable xlepth never used
   qmrdsb:
Warning on line 1215 of alpha_v_ic.f: local variable xlock never used
Warning on line 1215 of alpha_v_ic.f: local variable xcal never used
Warning on line 1215 of alpha_v_ic.f: local variable xtex never used
Warning on line 1215 of alpha_v_ic.f: local variable xmc never used
Warning on line 1215 of alpha_v_ic.f: local variable xmui never used
Warning on line 1215 of alpha_v_ic.f: local variable xcequ never used
Warning on line 1215 of alpha_v_ic.f: local variable lindat never used
Warning on line 1215 of alpha_v_ic.f: local variable xhcal never used
Warning on line 1215 of alpha_v_ic.f: local variable xpcq never used
Warning on line 1215 of alpha_v_ic.f: local variable xlockn never used
Warning on line 1215 of alpha_v_ic.f: local variable xpec never used
Warning on line 1215 of alpha_v_ic.f: local variable xmca never used
Warning on line 1215 of alpha_v_ic.f: local variable xpeo never used
Warning on line 1215 of alpha_v_ic.f: local variable xpep never used
Warning on line 1215 of alpha_v_ic.f: local variable xceqor never used
Warning on line 1215 of alpha_v_ic.f: local variable xefo never used
Warning on line 1215 of alpha_v_ic.f: local variable bkinca never used
Warning on line 1215 of alpha_v_ic.f: local variable xfriqf never used
Warning on line 1215 of alpha_v_ic.f: local variable xsig never used
Warning on line 1215 of alpha_v_ic.f: local variable xegp never used
Warning on line 1215 of alpha_v_ic.f: local variable xpgp never used
Warning on line 1215 of alpha_v_ic.f: local variable xphc never used
Warning on line 1215 of alpha_v_ic.f: local variable xeid never used
Warning on line 1215 of alpha_v_ic.f: local variable xfrf never used
Warning on line 1215 of alpha_v_ic.f: local variable xpgac never used
Warning on line 1215 of alpha_v_ic.f: local variable xpho never used
Warning on line 1215 of alpha_v_ic.f: local variable xhma never used
Warning on line 1215 of alpha_v_ic.f: local variable mess never used
Warning on line 1215 of alpha_v_ic.f: local variable xecal never used
Warning on line 1215 of alpha_v_ic.f: local variable xyv0 never used
Warning on line 1215 of alpha_v_ic.f: local variable lutdat never used
Warning on line 1215 of alpha_v_ic.f: local variable chkclas never used
Warning on line 1215 of alpha_v_ic.f: local variable xsame never used
Warning on line 1215 of alpha_v_ic.f: local variable xleptg never used
Warning on line 1215 of alpha_v_ic.f: local variable xlepth never used
   qmevnt:
Warning on line 1244 of alpha_v_ic.f: local variable xlock never used
Warning on line 1244 of alpha_v_ic.f: local variable xcal never used
Warning on line 1244 of alpha_v_ic.f: local variable xtex never used
Warning on line 1244 of alpha_v_ic.f: local variable xmc never used
Warning on line 1244 of alpha_v_ic.f: local variable xmui never used
Warning on line 1244 of alpha_v_ic.f: local variable xcequ never used
Warning on line 1244 of alpha_v_ic.f: local variable xhcal never used
Warning on line 1244 of alpha_v_ic.f: local variable xpcq never used
Warning on line 1244 of alpha_v_ic.f: local variable xlockn never used
Warning on line 1244 of alpha_v_ic.f: local variable xpec never used
Warning on line 1244 of alpha_v_ic.f: local variable xmca never used
Warning on line 1244 of alpha_v_ic.f: local variable xpeo never used
Warning on line 1244 of alpha_v_ic.f: local variable xpep never used
Warning on line 1244 of alpha_v_ic.f: local variable xceqor never used
Warning on line 1244 of alpha_v_ic.f: local variable xefo never used
Warning on line 1244 of alpha_v_ic.f: local variable xfriqf never used
Warning on line 1244 of alpha_v_ic.f: local variable xsig never used
Warning on line 1244 of alpha_v_ic.f: local variable xegp never used
Warning on line 1244 of alpha_v_ic.f: local variable xpgp never used
Warning on line 1244 of alpha_v_ic.f: local variable xphc never used
Warning on line 1244 of alpha_v_ic.f: local variable xeid never used
Warning on line 1244 of alpha_v_ic.f: local variable xfrf never used
Warning on line 1244 of alpha_v_ic.f: local variable xpgac never used
Warning on line 1244 of alpha_v_ic.f: local variable xpho never used
Warning on line 1244 of alpha_v_ic.f: local variable xhma never used
Warning on line 1244 of alpha_v_ic.f: local variable xecal never used
Warning on line 1244 of alpha_v_ic.f: local variable xyv0 never used
Warning on line 1244 of alpha_v_ic.f: local variable xsame never used
Warning on line 1244 of alpha_v_ic.f: local variable xleptg never used
Warning on line 1244 of alpha_v_ic.f: local variable xlepth never used
   nanfil:
       entry    naddx:
       entry    nairfd:
       entry    ngput:
       entry    minqmu:
       entry    minvsn:
./ic.HPUX10 DALI_CF.INC alpha_p.f alpha_p_ic.f
fort77  +e -c -K +U77 +ppu -v -o alpha_p.o alpha_p_ic.f
LPATH is : /opt/fortran/lib/pa1.1:/usr/lib/pa1.1:/opt/fortran/lib:/usr/lib:/opt/langtools/lib
/opt/fortran/lbin/f77pass1 - -KFUPe -Oq00,al,ag,cn,Lm,sz,Ic,vo,lc,mf,po,es,rs,sp,in,vc,pi,fa,pe,Rr,Fl,pv,pa,nf,cp,lx,st,ap,Pg,ug,lu,dp,fs,bp,wp! alpha_p_ic.f alpha_p.o 
alpha_p_ic.f:
   dad:
   dadrcb:
   dad_ut_rot:
   dad_ut_rot_inv:
   dalrbc:
   dadd:
   dad_list:
   dad_ut_d:
   dac_egg_d:
   dad_ac:
   dad_str:
   dad_line_ac:
       entry    dad_ac_in:
   dad_ro:
./ic.HPUX10 DALI_CF.INC c_dalia.f c_dalia_ic.f
fort77  +e -c -K +U77 +ppu -v -o c_dalia.o c_dalia_ic.f
LPATH is : /opt/fortran/lib/pa1.1:/usr/lib/pa1.1:/opt/fortran/lib:/usr/lib:/opt/langtools/lib
/opt/fortran/lbin/f77pass1 - -KFUPe -Oq00,al,ag,cn,Lm,sz,Ic,vo,lc,mf,po,es,rs,sp,in,vc,pi,fa,pe,Rr,Fl,pv,pa,nf,cp,lx,st,ap,Pg,ug,lu,dp,fs,bp,wp! c_dalia_ic.f c_dalia.o 
c_dalia_ic.f:
   dae:
Warning on line 162 of c_dalia_ic.f: jump into block from line 158 of c_dalia_ic.f
   dapd:
   darea:
       entry    dareaw:
   dashyp:
./ic.HPUX10 DALI_CF.INC c_dalib.f c_dalib_ic.f
fort77  +e -c -K +U77 +ppu -v -o c_dalib.o c_dalib_ic.f
LPATH is : /opt/fortran/lib/pa1.1:/usr/lib/pa1.1:/opt/fortran/lib:/usr/lib:/opt/langtools/lib
/opt/fortran/lbin/f77pass1 - -KFUPe -Oq00,al,ag,cn,Lm,sz,Ic,vo,lc,mf,po,es,rs,sp,in,vc,pi,fa,pe,Rr,Fl,pv,pa,nf,cp,lx,st,ap,Pg,ug,lu,dp,fs,bp,wp! c_dalib_ic.f c_dalib.o 
c_dalib_ic.f:
   dbt:
   dbtsli:
Warning on line 808 of c_dalib_ic.f: jump into block from line 740 of c_dalib_ic.f
   dbtvco:
   dbtsta:
   dbt2li:
   dbtlin:
   dbtlid:
   dbtsa2:
   dbtsdp:
   dbtsl2:
   dbtsn:
   dbtsnd:
   dbtsnt:
   dbtsnp:
   dbtplb:
   dbtsp:
   dbtsl:
   dbttgr:
   dbttr6:
   dbttr:
   dbttr_col:
   dbtprs:
   dbtcub:
   dbt3d:
   dbt3dd:
   dbt3de:
       entry    dbt3da:
       entry    dbt3dz:
       entry    dbt3d0:
   dbt3dc:
   dbtexp:
   dbtcir:
   dbt3dp:
   dbtcc:
   dbtm:
   dbtmm:
Warning on line 4050 of c_dalib_ic.f: jump into block from line 4046 of c_dalib_ic.f
       entry    dbtmcc:
       entry    dbtmm0:
   dbtmsq:
   dbtvb:
       entry    dbtvb1:
   dbtvbm:
   dbtvbt:
   dbtvmm:
   dbtsic:
   dbts3d:
   dbtssk:
   dbtspu:
       entry    dbtspa:
   dbtscl:
       entry    dbtsca:
   dbtfr:
   dbtcbl:
   dbtnpr:
   dbt_sg:
   dbt_wrw:
   dbt_tr:
   dbt_fk:
   dbtpp:
   dbt_magic_eye_1:
   dbt_magic_eye_2:
   dbt_random_stereo:
   dbcbsq:
   dbcbtx:
   dbt_smooth_rot:
   dq_draw_hv:
       entry    dq_draw_hv_0:
       entry    dq_draw_hv_1:
       entry    dq_draw_hv_2:
       entry    dq_draw_hv_in:
   dq_area_hv:
       entry    dq_area_hv_1:
       entry    dq_area_hv_2:
       entry    dq_area_hv_in:
   dbt_framed_areas:
   aaaa:
   dbt_stereo:
   dbt_stereo_int:
   dbt_stereo_random_points:
   dbt_2_col_lines:
   dbt_point_colors:
./ic.HPUX10 DALI_CF.INC c_dalic.f c_dalic_ic.f
fort77  +e -c -K +U77 +ppu -v -o c_dalic.o c_dalic_ic.f
LPATH is : /opt/fortran/lib/pa1.1:/usr/lib/pa1.1:/opt/fortran/lib:/usr/lib:/opt/langtools/lib
/opt/fortran/lbin/f77pass1 - -KFUPe -Oq00,al,ag,cn,Lm,sz,Ic,vo,lc,mf,po,es,rs,sp,in,vc,pi,fa,pe,Rr,Fl,pv,pa,nf,cp,lx,st,ap,Pg,ug,lu,dp,fs,bp,wp! c_dalic_ic.f c_dalic.o 
c_dalic_ic.f:
   dcd:
   dcdbwt:
Warning on line 605 of c_dalic_ic.f: local variable t never used
   dcdbw:
   dcdgry:
   dcdpc:
   dcdms:
       entry    dcdmr:
   dcdpr:
   dcdst0:
       entry    dcdstc:
   dcdrd:
   dcdsd:
   dcdtyp:
   dcdtwf:
   dcft:
   dchfil:
   dcici:
   dcir:
       entry    dcir0:
   dcld:
   dcofu:
Warning on line 2328 of c_dalic_ic.f: jump into block from line 2318 of c_dalic_ic.f
Warning on line 2354 of c_dalic_ic.f: jump into block from line 2343 of c_dalic_ic.f
   dconlo:
   dcopfl:
       entry    dcoptl:
./ic.HPUX10 DALI_CF.INC c_dalid.f c_dalid_ic.f
fort77  +e -c -K +U77 +ppu -v -o c_dalid.o c_dalid_ic.f
LPATH is : /opt/fortran/lib/pa1.1:/usr/lib/pa1.1:/opt/fortran/lib:/usr/lib:/opt/langtools/lib
/opt/fortran/lbin/f77pass1 - -KFUPe -Oq00,al,ag,cn,Lm,sz,Ic,vo,lc,mf,po,es,rs,sp,in,vc,pi,fa,pe,Rr,Fl,pv,pa,nf,cp,lx,st,ap,Pg,ug,lu,dp,fs,bp,wp! c_dalid_ic.f c_dalid.o 
c_dalid_ic.f:
   d_def_par:
   ddlhit:
   ddrca0:
       entry    ddrcal:
       entry    ddrlog:
       entry    ddrnum:
       entry    ddrtyp:
./ic.HPUX10 DALI_CF.INC c_dalie.f c_dalie_ic.f
fort77  +e -c -K +U77 +ppu -v -o c_dalie.o c_dalie_ic.f
LPATH is : /opt/fortran/lib/pa1.1:/usr/lib/pa1.1:/opt/fortran/lib:/usr/lib:/opt/langtools/lib
/opt/fortran/lbin/f77pass1 - -KFUPe -Oq00,al,ag,cn,Lm,sz,Ic,vo,lc,mf,po,es,rs,sp,in,vc,pi,fa,pe,Rr,Fl,pv,pa,nf,cp,lx,st,ap,Pg,ug,lu,dp,fs,bp,wp! c_dalie_ic.f c_dalie.o 
c_dalie_ic.f:
   devnam:
./ic.HPUX10 DALI_CF.INC c_dalif.f c_dalif_ic.f
fort77  +e -c -K +U77 +ppu -v -o c_dalif.o c_dalif_ic.f
LPATH is : /opt/fortran/lib/pa1.1:/usr/lib/pa1.1:/opt/fortran/lib:/usr/lib:/opt/langtools/lib
/opt/fortran/lbin/f77pass1 - -KFUPe -Oq00,al,ag,cn,Lm,sz,Ic,vo,lc,mf,po,es,rs,sp,in,vc,pi,fa,pe,Rr,Fl,pv,pa,nf,cp,lx,st,ap,Pg,ug,lu,dp,fs,bp,wp! c_dalif_ic.f c_dalif.o 
c_dalif_ic.f:
   dfrrbc:
   dftmo:
   dftm:
       entry    dftm0:
       entry    dftmf:
   dftms:
       entry    dftmm:
Warning on line 647 of c_dalif_ic.f: jump into block from line 527 of c_dalif_ic.f
       entry    dftmg:
   dftmc:
   dftv0:
       entry    dftvc:
   dftpo:
   dftrbc:
   dftvds:
   dfzmo:
   dfzpo:
   dfzrbc:
./ic.HPUX10 DALI_CF.INC c_dalig.f c_dalig_ic.f
fort77  +e -c -K +U77 +ppu -v -o c_dalig.o c_dalig_ic.f
LPATH is : /opt/fortran/lib/pa1.1:/usr/lib/pa1.1:/opt/fortran/lib:/usr/lib:/opt/langtools/lib
/opt/fortran/lbin/f77pass1 - -KFUPe -Oq00,al,ag,cn,Lm,sz,Ic,vo,lc,mf,po,es,rs,sp,in,vc,pi,fa,pe,Rr,Fl,pv,pa,nf,cp,lx,st,ap,Pg,ug,lu,dp,fs,bp,wp! c_dalig_ic.f c_dalig.o 
c_dalig_ic.f:
   dgrb:
       entry    dgrbst:
   dgrbsc:
   dgrbty:
   dgrbl:
       entry    dgrbl0:
   dgt:
Warning on line 606 of c_dalig_ic.f: jump into block at line 550 of c_dalig_ic.f
Warning on line 609 of c_dalig_ic.f: jump into block at line 550 of c_dalig_ic.f
Warning on line 620 of c_dalig_ic.f: jump into block at line 550 of c_dalig_ic.f
Warning on line 630 of c_dalig_ic.f: jump into block at line 550 of c_dalig_ic.f
Warning on line 638 of c_dalig_ic.f: jump into block at line 550 of c_dalig_ic.f
Warning on line 645 of c_dalig_ic.f: jump into block at line 550 of c_dalig_ic.f
Warning on line 668 of c_dalig_ic.f: jump into block from line 589 of c_dalig_ic.f
Warning on line 668 of c_dalig_ic.f: jump into block from line 651 of c_dalig_ic.f
Warning on line 674 of c_dalig_ic.f: jump into block at line 550 of c_dalig_ic.f
Warning on line 729 of c_dalig_ic.f: jump into block at line 550 of c_dalig_ic.f
./ic.HPUX10 DALI_CF.INC c_dalih.f c_dalih_ic.f
fort77  +e -c -K +U77 +ppu -v -o c_dalih.o c_dalih_ic.f
LPATH is : /opt/fortran/lib/pa1.1:/usr/lib/pa1.1:/opt/fortran/lib:/usr/lib:/opt/langtools/lib
/opt/fortran/lbin/f77pass1 - -KFUPe -Oq00,al,ag,cn,Lm,sz,Ic,vo,lc,mf,po,es,rs,sp,in,vc,pi,fa,pe,Rr,Fl,pv,pa,nf,cp,lx,st,ap,Pg,ug,lu,dp,fs,bp,wp! c_dalih_ic.f c_dalih.o 
c_dalih_ic.f:
   dht:
Warning on line 409 of c_dalih_ic.f: jump into block at line 268 of c_dalih_ic.f
Warning on line 419 of c_dalih_ic.f: jump into block at line 268 of c_dalih_ic.f
Warning on line 426 of c_dalih_ic.f: jump into block at line 268 of c_dalih_ic.f
   dhttyp:
./ic.HPUX10 DALI_CF.INC c_dalii.f c_dalii_ic.f
fort77  +e -c -K +U77 +ppu -v -o c_dalii.o c_dalii_ic.f
LPATH is : /opt/fortran/lib/pa1.1:/usr/lib/pa1.1:/opt/fortran/lib:/usr/lib:/opt/langtools/lib
/opt/fortran/lbin/f77pass1 - -KFUPe -Oq00,al,ag,cn,Lm,sz,Ic,vo,lc,mf,po,es,rs,sp,in,vc,pi,fa,pe,Rr,Fl,pv,pa,nf,cp,lx,st,ap,Pg,ug,lu,dp,fs,bp,wp! c_dalii_ic.f c_dalii.o 
c_dalii_ic.f:
   din:
   dip:
   dip0:
       entry    dip1:
Warning on line 432 of c_dalii_ic.f: local variable nsobj never used
Warning on line 432 of c_dalii_ic.f: local variable dipang never used
Warning on line 432 of c_dalii_ic.f: local variable dt3z never used
   dipcom:
       entry    dipua:
Warning on line 882 of c_dalii_ic.f: local variable nsobj never used
Warning on line 882 of c_dalii_ic.f: local variable dt3z never used
   dipad:
Warning on line 1082 of c_dalii_ic.f: local variable dt3z never used
   dipjet:
Warning on line 1292 of c_dalii_ic.f: local variable dt3z never used
   dipob:
Warning on line 1512 of c_dalii_ic.f: local variable nsobj never used
Warning on line 1512 of c_dalii_ic.f: local variable dipang never used
   dipchg:
       entry    dipso:
       entry    dipus:
Warning on line 1893 of c_dalii_ic.f: local variable nsobj never used
Warning on line 1893 of c_dalii_ic.f: local variable dipang never used
Warning on line 1893 of c_dalii_ic.f: local variable dt3z never used
   dipon:
Warning on line 1986 of c_dalii_ic.f: local variable nsobj never used
Warning on line 1986 of c_dalii_ic.f: local variable dipang never used
   dipd:
Warning on line 2418 of c_dalii_ic.f: local variable nsobj never used
Warning on line 2418 of c_dalii_ic.f: local variable dipang never used
Warning on line 2418 of c_dalii_ic.f: local variable dt3z never used
   diprc:
Warning on line 2628 of c_dalii_ic.f: jump into block at line 2512 of c_dalii_ic.f
Warning on line 2629 of c_dalii_ic.f: jump into block at line 2567 of c_dalii_ic.f
   dipnp:
Warning on line 2664 of c_dalii_ic.f: local variable nsobj never used
Warning on line 2664 of c_dalii_ic.f: local variable dipang never used
   dipdi:
Warning on line 2784 of c_dalii_ic.f: local variable nso never used
Warning on line 2784 of c_dalii_ic.f: local variable nsobj never used
Warning on line 2784 of c_dalii_ic.f: local variable dipang never used
Warning on line 2784 of c_dalii_ic.f: local variable dt3z never used
   dipro:
Warning on line 2889 of c_dalii_ic.f: local variable nsobj never used
Warning on line 2889 of c_dalii_ic.f: local variable dipang never used
Warning on line 2889 of c_dalii_ic.f: local variable dt3z never used
   dipchk:
   dipang:
   dipsu:
Warning on line 3159 of c_dalii_ic.f: local variable nsobj never used
Warning on line 3159 of c_dalii_ic.f: local variable dipang never used
   dipda:
Warning on line 3328 of c_dalii_ic.f: local variable nsobj never used
Warning on line 3328 of c_dalii_ic.f: local variable dipang never used
Warning on line 3328 of c_dalii_ic.f: local variable dt3z never used
   dqh2:
./ic.HPUX10 DALI_CF.INC c_dalij.f c_dalij_ic.f
fort77  +e -c -K +U77 +ppu -v -o c_dalij.o c_dalij_ic.f
LPATH is : /opt/fortran/lib/pa1.1:/usr/lib/pa1.1:/opt/fortran/lib:/usr/lib:/opt/langtools/lib
/opt/fortran/lbin/f77pass1 - -KFUPe -Oq00,al,ag,cn,Lm,sz,Ic,vo,lc,mf,po,es,rs,sp,in,vc,pi,fa,pe,Rr,Fl,pv,pa,nf,cp,lx,st,ap,Pg,ug,lu,dp,fs,bp,wp! c_dalij_ic.f c_dalij.o 
c_dalij_ic.f:
   djfil:
       entry    dj_file_edir_name:
   dj_lenoff:
   djlifi:
   djfir:
       entry    djfiw:
   djgtfn:
   djgtrn:
   djrded:
   djfilm:
   djev:
   dj_rd_eped:
   d_dd_jedop:
   dj_rd_epio_or_native:
   djlied:
   djclin:
       entry    djcl00:
       entry    djclmo:
       entry    djcltx:
   djclev:
   dj_rd_eped_ev:
   djlsfn:
   djlsce:
   djstr:
       entry    djstt:
   djpose:
       entry    djposn:
       entry    dj_get_run_event:
   djinpe:
   dj_change_name:
Warning on line 2835 of c_dalij_ic.f: local variable ta never used
Warning on line 2835 of c_dalij_ic.f: local variable tl never used
Warning on line 2835 of c_dalij_ic.f: local variable tst never used
./ic.HPUX10 DALI_CF.INC c_dalik.f c_dalik_ic.f
fort77  +e -c -K +U77 +ppu -v -o c_dalik.o c_dalik_ic.f
LPATH is : /opt/fortran/lib/pa1.1:/usr/lib/pa1.1:/opt/fortran/lib:/usr/lib:/opt/langtools/lib
/opt/fortran/lbin/f77pass1 - -KFUPe -Oq00,al,ag,cn,Lm,sz,Ic,vo,lc,mf,po,es,rs,sp,in,vc,pi,fa,pe,Rr,Fl,pv,pa,nf,cp,lx,st,ap,Pg,ug,lu,dp,fs,bp,wp! c_dalik_ic.f c_dalik.o 
c_dalik_ic.f:
   dkap:
   dkdl:
   dkec:
   dkef:
   dkfr:
   dkfz:
   dkft:
Warning on line 1424 of c_dalik_ic.f: jump into block from line 1419 of c_dalik_ic.f
   dkhf:
   dkhz:
   dklt:
   dkro:
       entry    dkro0:
   dkrs:
   dkrz:
   dksc:
   dkyx:
   dkyz:
   dktd:
./ic.HPUX10 DALI_CF.INC c_dalil.f c_dalil_ic.f
fort77  +e -c -K +U77 +ppu -v -o c_dalil.o c_dalil_ic.f
LPATH is : /opt/fortran/lib/pa1.1:/usr/lib/pa1.1:/opt/fortran/lib:/usr/lib:/opt/langtools/lib
/opt/fortran/lbin/f77pass1 - -KFUPe -Oq00,al,ag,cn,Lm,sz,Ic,vo,lc,mf,po,es,rs,sp,in,vc,pi,fa,pe,Rr,Fl,pv,pa,nf,cp,lx,st,ap,Pg,ug,lu,dp,fs,bp,wp! c_dalil_ic.f c_dalil.o 
c_dalil_ic.f:
   dlk:
Warning on line 101 of c_dalil_ic.f: jump into block at line 58 of c_dalil_ic.f
Warning on line 111 of c_dalil_ic.f: jump into block from line 94 of c_dalil_ic.f
   dlkd:
       entry    dlkd0:
   dloper:
   dlsetn:
   dlwrba:
       entry    dlwrb0:
./ic.HPUX10 DALI_CF.INC c_dalim.f c_dalim_ic.f
fort77  +e -c -K +U77 +ppu -v -o c_dalim.o c_dalim_ic.f
LPATH is : /opt/fortran/lib/pa1.1:/usr/lib/pa1.1:/opt/fortran/lib:/usr/lib:/opt/langtools/lib
/opt/fortran/lbin/f77pass1 - -KFUPe -Oq00,al,ag,cn,Lm,sz,Ic,vo,lc,mf,po,es,rs,sp,in,vc,pi,fa,pe,Rr,Fl,pv,pa,nf,cp,lx,st,ap,Pg,ug,lu,dp,fs,bp,wp! c_dalim_ic.f c_dalim.o 
c_dalim_ic.f:
   dm_fix_markers:
   dmcu:
   dmcum:
       entry    dmcum0:
   dm3d:
       entry    dm3df:
   dmfix:
   dm3dm:
       entry    dm3d0:
   dm3dfi:
       entry    dm3dhv:
       entry    dm3dhl:
   dm3drp:
   dm2d:
       entry    dm2df:
   dm2dm:
       entry    dm2d0:
       entry    dm2d1:
   dm2dfi:
   dm2dxy:
   dmctyp:
   dmix:
   dmess:
Warning on line 1624 of c_dalim_ic.f: jump into block from line 1619 of c_dalim_ic.f
   dmps:
       entry    dmpswi:
   dmw:
./ic.HPUX10 DALI_CF.INC c_dalin.f c_dalin_ic.f
fort77  +e -c -K +U77 +ppu -v -o c_dalin.o c_dalin_ic.f
LPATH is : /opt/fortran/lib/pa1.1:/usr/lib/pa1.1:/opt/fortran/lib:/usr/lib:/opt/langtools/lib
/opt/fortran/lbin/f77pass1 - -KFUPe -Oq00,al,ag,cn,Lm,sz,Ic,vo,lc,mf,po,es,rs,sp,in,vc,pi,fa,pe,Rr,Fl,pv,pa,nf,cp,lx,st,ap,Pg,ug,lu,dp,fs,bp,wp! c_dalin_ic.f c_dalin.o 
c_dalin_ic.f:
   dnew:
   dnewd:
./ic.HPUX10 DALI_CF.INC n_dalio.f n_dalio_ic.f
fort77  +e -c -K +U77 +ppu -v -o n_dalio.o n_dalio_ic.f
LPATH is : /opt/fortran/lib/pa1.1:/usr/lib/pa1.1:/opt/fortran/lib:/usr/lib:/opt/langtools/lib
/opt/fortran/lbin/f77pass1 - -KFUPe -Oq00,al,ag,cn,Lm,sz,Ic,vo,lc,mf,po,es,rs,sp,in,vc,pi,fa,pe,Rr,Fl,pv,pa,nf,cp,lx,st,ap,Pg,ug,lu,dp,fs,bp,wp! n_dalio_ic.f n_dalio.o 
n_dalio_ic.f:
   dofon:
   dop2lt:
Warning on line 157 of n_dalio_ic.f: jump into block at line 128 of n_dalio_ic.f
Warning on line 179 of n_dalio_ic.f: jump into block at line 128 of n_dalio_ic.f
Warning on line 190 of n_dalio_ic.f: jump into block at line 128 of n_dalio_ic.f
Warning on line 198 of n_dalio_ic.f: jump into block at line 128 of n_dalio_ic.f
Warning on line 210 of n_dalio_ic.f: jump into block at line 128 of n_dalio_ic.f
Warning on line 235 of n_dalio_ic.f: jump into block at line 128 of n_dalio_ic.f
Warning on line 272 of n_dalio_ic.f: jump into block at line 128 of n_dalio_ic.f
Warning on line 311 of n_dalio_ic.f: jump into block at line 128 of n_dalio_ic.f
Warning on line 331 of n_dalio_ic.f: jump into block at line 128 of n_dalio_ic.f
Warning on line 352 of n_dalio_ic.f: jump into block at line 128 of n_dalio_ic.f
Warning on line 399 of n_dalio_ic.f: jump into block at line 128 of n_dalio_ic.f
Warning on line 410 of n_dalio_ic.f: jump into block at line 128 of n_dalio_ic.f
Warning on line 440 of n_dalio_ic.f: jump into block at line 128 of n_dalio_ic.f
   doper:
       entry    dopers:
       entry    doperg:
       entry    doper_tansw:
       entry    doper_help_back:
   dopcor:
   do_str:
       entry    do_str_list:
       entry    do_str_1_let_list:
       entry    do_reset_command_list:
       entry    do_ty_command_list:
   do_int_mac:
       entry    do_int_mac_type:
./ic.HPUX10 DALI_CF.INC c_dalip.f c_dalip_ic.f
fort77  +e -c -K +U77 +ppu -v -o c_dalip.o c_dalip_ic.f
LPATH is : /opt/fortran/lib/pa1.1:/usr/lib/pa1.1:/opt/fortran/lib:/usr/lib:/opt/langtools/lib
/opt/fortran/lbin/f77pass1 - -KFUPe -Oq00,al,ag,cn,Lm,sz,Ic,vo,lc,mf,po,es,rs,sp,in,vc,pi,fa,pe,Rr,Fl,pv,pa,nf,cp,lx,st,ap,Pg,ug,lu,dp,fs,bp,wp! c_dalip_ic.f c_dalip.o 
c_dalip_ic.f:
   dpa:
Warning on line 68 of c_dalip_ic.f: local variable tmac never used
   dpcewi:
   dpibeg:
   dpift:
   dpiget:
   dpimov:
Warning on line 435 of c_dalip_ic.f: jump into block at line 371 of c_dalip_ic.f
   dpipos:
Warning on line 939 of c_dalip_ic.f: local variable ichstr never used
Warning on line 939 of c_dalip_ic.f: local variable nyes never used
Warning on line 939 of c_dalip_ic.f: local variable vcu never used
Warning on line 939 of c_dalip_ic.f: local variable hcu never used
Warning on line 939 of c_dalip_ic.f: local variable lchstr never used
   dpick_tr_ef_1:
       entry    dpick_tr_ef_2:
   dpitrk:
Warning on line 1224 of c_dalip_ic.f: jump into block from line 1221 of c_dalip_ic.f
       entry    dpitr0:
   dpityp:
   dpitbk:
   dplane:
   dpoar:
   dpoft:
   dpolco:
   dpolcr:
   dpolcrv:
   dpomov:
   dponxt:
   dpos:
   dpt:
./ic.HPUX10 DALI_CF.INC n_daliq.f n_daliq_ic.f
fort77  +e -c -K +U77 +ppu -v -o n_daliq.o n_daliq_ic.f
LPATH is : /opt/fortran/lib/pa1.1:/usr/lib/pa1.1:/opt/fortran/lib:/usr/lib:/opt/langtools/lib
/opt/fortran/lbin/f77pass1 - -KFUPe -Oq00,al,ag,cn,Lm,sz,Ic,vo,lc,mf,po,es,rs,sp,in,vc,pi,fa,pe,Rr,Fl,pv,pa,nf,cp,lx,st,ap,Pg,ug,lu,dp,fs,bp,wp! n_daliq_ic.f n_daliq.o 
n_daliq_ic.f:
   dqhlp:
       entry    dqhl_menu:
       entry    dqhl_w:
       entry    dqhl_r:
       entry    dqhl0:
       entry    dqhgt:
       entry    dqh_page:
       entry    dqhl_last_page:
       entry    dqh_clean:
   dqhlt:
       entry    dqhlt_page:
Warning on line 743 of n_daliq_ic.f: local variable tbut never used
   dqh_text:
   dqho1:
       entry    dqho2:
       entry    dqho3:
   ddqho1:
       entry    ddqho2:
       entry    ddqho3:
   dqrpo:
   dqzom:
       entry    dqzbn:
   dqzrb:
./ic.HPUX10 DALI_CF.INC c_dalir.f c_dalir_ic.f
fort77  +e -c -K +U77 +ppu -v -o c_dalir.o c_dalir_ic.f
LPATH is : /opt/fortran/lib/pa1.1:/usr/lib/pa1.1:/opt/fortran/lib:/usr/lib:/opt/langtools/lib
/opt/fortran/lbin/f77pass1 - -KFUPe -Oq00,al,ag,cn,Lm,sz,Ic,vo,lc,mf,po,es,rs,sp,in,vc,pi,fa,pe,Rr,Fl,pv,pa,nf,cp,lx,st,ap,Pg,ug,lu,dp,fs,bp,wp! c_dalir_ic.f c_dalir.o 
c_dalir_ic.f:
   drscol:
       entry    drsctr:
Warning on line 113 of c_dalir_ic.f: jump into block from line 83 of c_dalir_ic.f
   drstim:
   drspty:
   drstyp:
   droras:
       entry    drorbc:
   drojtc:
       entry    drojt0:
       entry    drojta:
       entry    drojtt:
   drotrk:
   drzmo:
   drzpo:
   drzras:
       entry    drzrdt:
       entry    drzrbc:
./ic.HPUX10 DALI_CF.INC c_dalis.f c_dalis_ic.f
fort77  +e -c -K +U77 +ppu -v -o c_dalis.o c_dalis_ic.f
LPATH is : /opt/fortran/lib/pa1.1:/usr/lib/pa1.1:/opt/fortran/lib:/usr/lib:/opt/langtools/lib
/opt/fortran/lbin/f77pass1 - -KFUPe -Oq00,al,ag,cn,Lm,sz,Ic,vo,lc,mf,po,es,rs,sp,in,vc,pi,fa,pe,Rr,Fl,pv,pa,nf,cp,lx,st,ap,Pg,ug,lu,dp,fs,bp,wp! c_dalis_ic.f c_dalis.o 
c_dalis_ic.f:
   dscrsc:
   dsetup:
       entry    dsetup_tim:
   dsim:
Warning on line 467 of c_dalis_ic.f: jump into block from line 455 of c_dalis_ic.f
   dsimad:
   dsimac:
   dsimrh:
   dsu:
   dspard:
       entry    dsparn:
   dspana:
   dspaof:
./ic.HPUX10 DALI_CF.INC c_dalit.f c_dalit_ic.f
fort77  +e -c -K +U77 +ppu -v -o c_dalit.o c_dalit_ic.f
LPATH is : /opt/fortran/lib/pa1.1:/usr/lib/pa1.1:/opt/fortran/lib:/usr/lib:/opt/langtools/lib
/opt/fortran/lbin/f77pass1 - -KFUPe -Oq00,al,ag,cn,Lm,sz,Ic,vo,lc,mf,po,es,rs,sp,in,vc,pi,fa,pe,Rr,Fl,pv,pa,nf,cp,lx,st,ap,Pg,ug,lu,dp,fs,bp,wp! c_dalit_ic.f c_dalit.o 
c_dalit_ic.f:
   dte:
       entry    dtex:
       entry    dte0:
   dtem:
       entry    dtemf:
   dtem0:
       entry    dtem1:
       entry    dtemm:
   dted1:
   dter:
   dtew:
   dtstob:
   dtx:
Warning on line 1319 of c_dalit_ic.f: jump into block from line 1304 of c_dalit_ic.f
Warning on line 1396 of c_dalit_ic.f: jump into block from line 1393 of c_dalit_ic.f
Warning on line 1620 of c_dalit_ic.f: jump into block from line 1603 of c_dalit_ic.f
Warning on line 1620 of c_dalit_ic.f: jump into block from line 1607 of c_dalit_ic.f
Warning on line 1620 of c_dalit_ic.f: jump into block from line 1611 of c_dalit_ic.f
Warning on line 1666 of c_dalit_ic.f: jump into block from line 1658 of c_dalit_ic.f
Warning on line 1666 of c_dalit_ic.f: jump into block from line 1662 of c_dalit_ic.f
Warning on line 1761 of c_dalit_ic.f: jump into block from line 1757 of c_dalit_ic.f
       entry    dtxca:
       entry    dtxra:
   dtxfix:
   dtxftb:
   dtxdea:
   dtxsc0:
       entry    dtxsch:
       entry    dtxscv:
   dtxrs:
       entry    dtxrs0:
   dtxgr:
       entry    dtxgr0:
   dtxpl:
       entry    dtxpl0:
   dtxwin:
   dtnosl:
   dtyans:
       entry    dtyatx:
   dtstoi:
Warning on line 2487 of c_dalit_ic.f: jump into block from line 2473 of c_dalit_ic.f
Warning on line 2487 of c_dalit_ic.f: jump into block from line 2482 of c_dalit_ic.f
   dtypt:
./ic.HPUX10 DALI_CF.INC c_daliu.f c_daliu_ic.f
fort77  +e -c -K +U77 +ppu -v -o c_daliu.o c_daliu_ic.f
LPATH is : /opt/fortran/lib/pa1.1:/usr/lib/pa1.1:/opt/fortran/lib:/usr/lib:/opt/langtools/lib
/opt/fortran/lbin/f77pass1 - -KFUPe -Oq00,al,ag,cn,Lm,sz,Ic,vo,lc,mf,po,es,rs,sp,in,vc,pi,fa,pe,Rr,Fl,pv,pa,nf,cp,lx,st,ap,Pg,ug,lu,dp,fs,bp,wp! c_daliu_ic.f c_daliu.o 
c_daliu_ic.f:
   dul:
       entry    dusl0:
   dupchg:
./ic.HPUX10 DALI_CF.INC c_daliv.f c_daliv_ic.f
fort77  +e -c -K +U77 +ppu -v -o c_daliv.o c_daliv_ic.f
LPATH is : /opt/fortran/lib/pa1.1:/usr/lib/pa1.1:/opt/fortran/lib:/usr/lib:/opt/langtools/lib
/opt/fortran/lbin/f77pass1 - -KFUPe -Oq00,al,ag,cn,Lm,sz,Ic,vo,lc,mf,po,es,rs,sp,in,vc,pi,fa,pe,Rr,Fl,pv,pa,nf,cp,lx,st,ap,Pg,ug,lu,dp,fs,bp,wp! c_daliv_ic.f c_daliv.o 
c_daliv_ic.f:
   dv0typ:
Warning on line 313 of c_daliv_ic.f: jump into block at line 294 of c_daliv_ic.f
   dvco:
   dvmct0:
       entry    dvmctp:
   dvpart:
   dvx:
Warning on line 1118 of c_daliv_ic.f: jump into block from line 1109 of c_daliv_ic.f
       entry    dvxrov:
       entry    dvxpv:
       entry    dvx0:
       entry    dvx1:
       entry    dvxc:
       entry    dvxt:
       entry    dvx_pr_vertex:
       entry    dvxtn:
./ic.HPUX10 DALI_CF.INC c_daliw.f c_daliw_ic.f
fort77  +e -c -K +U77 +ppu -v -o c_daliw.o c_daliw_ic.f
LPATH is : /opt/fortran/lib/pa1.1:/usr/lib/pa1.1:/opt/fortran/lib:/usr/lib:/opt/langtools/lib
/opt/fortran/lbin/f77pass1 - -KFUPe -Oq00,al,ag,cn,Lm,sz,Ic,vo,lc,mf,po,es,rs,sp,in,vc,pi,fa,pe,Rr,Fl,pv,pa,nf,cp,lx,st,ap,Pg,ug,lu,dp,fs,bp,wp! c_daliw_ic.f c_daliw.o 
c_daliw_ic.f:
   dwait:
       entry    dwait1:
   dwarnr:
   dwc:
       entry    dwc_read:
Warning on line 680 of c_daliw_ic.f: local variable dt2 never used
Warning on line 680 of c_daliw_ic.f: local variable tdum never used
Warning on line 680 of c_daliw_ic.f: local variable ts never used
   dw_set_co:
   dw_store_ps_colors:
   dws:
Warning on line 1178 of c_daliw_ic.f: jump into block from line 1142 of c_daliw_ic.f
Warning on line 1257 of c_daliw_ic.f: jump into block from line 1252 of c_daliw_ic.f
Warning on line 1313 of c_daliw_ic.f: local variable dt2 never used
   dwsetc:
Warning on line 1422 of c_daliw_ic.f: local variable t never used
   dwsclp:
   dwsm:
   dwsmm:
       entry    dwsmm0:
       entry    dwsmm1:
   dwiz:
       entry    dwiz_next:
Warning on line 1993 of c_daliw_ic.f: local variable ta never used
./ic.HPUX10 DALI_CF.INC c_dalix.f c_dalix_ic.f
fort77  +e -c -K +U77 +ppu -v -o c_dalix.o c_dalix_ic.f
LPATH is : /opt/fortran/lib/pa1.1:/usr/lib/pa1.1:/opt/fortran/lib:/usr/lib:/opt/langtools/lib
/opt/fortran/lbin/f77pass1 - -KFUPe -Oq00,al,ag,cn,Lm,sz,Ic,vo,lc,mf,po,es,rs,sp,in,vc,pi,fa,pe,Rr,Fl,pv,pa,nf,cp,lx,st,ap,Pg,ug,lu,dp,fs,bp,wp! c_dalix_ic.f c_dalix.o 
c_dalix_ic.f:
   BLOCK DATA dalix:
./ic.HPUX10 DALI_CF.INC c_daliy.f c_daliy_ic.f
fort77  +e -c -K +U77 +ppu -v -o c_daliy.o c_daliy_ic.f
LPATH is : /opt/fortran/lib/pa1.1:/usr/lib/pa1.1:/opt/fortran/lib:/usr/lib:/opt/langtools/lib
/opt/fortran/lbin/f77pass1 - -KFUPe -Oq00,al,ag,cn,Lm,sz,Ic,vo,lc,mf,po,es,rs,sp,in,vc,pi,fa,pe,Rr,Fl,pv,pa,nf,cp,lx,st,ap,Pg,ug,lu,dp,fs,bp,wp! c_daliy_ic.f c_daliy.o 
c_daliy_ic.f:
   dyxfto:
   dyxmo:
   dyxpo:
   dyxras:
       entry    dyxrdf:
       entry    dyxrbc:
   dyxsb:
       entry    dyxsbf:
   dyxsb1:
       entry    dyxsb0:
   dyxsc:
       entry    dyxscf:
   dyxsc1:
       entry    dyxsc0:
   dyznud:
Warning on line 796 of c_daliy_ic.f: jump into block from line 762 of c_daliy_ic.f
   dyzras:
       entry    dyzrdf:
       entry    dyzrbc:
./ic.HPUX10 DALI_CF.INC c_daliz.f c_daliz_ic.f
fort77  +e -c -K +U77 +ppu -v -o c_daliz.o c_daliz_ic.f
LPATH is : /opt/fortran/lib/pa1.1:/usr/lib/pa1.1:/opt/fortran/lib:/usr/lib:/opt/langtools/lib
/opt/fortran/lbin/f77pass1 - -KFUPe -Oq00,al,ag,cn,Lm,sz,Ic,vo,lc,mf,po,es,rs,sp,in,vc,pi,fa,pe,Rr,Fl,pv,pa,nf,cp,lx,st,ap,Pg,ug,lu,dp,fs,bp,wp! c_daliz_ic.f c_daliz.o 
c_daliz_ic.f:
   dzlbkn:
   dzlook:
   dzloka:
   dzgtnm:
   dzlisb:
   dzlisa:
   dzlkbn:
   dzlkba:
   dzhead:
   dzwrcv:
   dzlbka:
       entry    dzlgli:
   dzlbnk:
   dzlsba:
   dzlsbn:
   dzlbtp:
   dzlbta:
   dzbtnc:
   dzbtca:
   dzfitt:
   dzgtdg:
   dzgtnd:
   dzgnda:
   dzmxmn:
   dzmxma:
   dzshft:
   dzwrmx:
   dzwrma:
   dzwrnr:
   dzcsea:
   dzncse:
   dzfdvl:
   dzfdva:
   dzwrva:
   dzwrvl:
   dzfmtl:
   dzfrmt:
   dzerbk:
   dzutol:
   dzempt:
./ic.HPUX10 DALI_CF.INC algtdb_tficor.f algtdb_tficor_ic.f
fort77  +e -c -K +U77 +ppu -v -o algtdb_tficor.o algtdb_tficor_ic.f
LPATH is : /opt/fortran/lib/pa1.1:/usr/lib/pa1.1:/opt/fortran/lib:/usr/lib:/opt/langtools/lib
/opt/fortran/lbin/f77pass1 - -KFUPe -Oq00,al,ag,cn,Lm,sz,Ic,vo,lc,mf,po,es,rs,sp,in,vc,pi,fa,pe,Rr,Fl,pv,pa,nf,cp,lx,st,ap,Pg,ug,lu,dp,fs,bp,wp! algtdb_tficor_ic.f algtdb_tficor.o 
algtdb_tficor_ic.f:
   tficor:
./ic.HPUX10 DALI_CF.INC dafilm.f dafilm_ic.f
fort77  +e -c -K +U77 +ppu -v -o dafilm.o dafilm_ic.f
LPATH is : /opt/fortran/lib/pa1.1:/usr/lib/pa1.1:/opt/fortran/lib:/usr/lib:/opt/langtools/lib
/opt/fortran/lbin/f77pass1 - -KFUPe -Oq00,al,ag,cn,Lm,sz,Ic,vo,lc,mf,po,es,rs,sp,in,vc,pi,fa,pe,Rr,Fl,pv,pa,nf,cp,lx,st,ap,Pg,ug,lu,dp,fs,bp,wp! dafilm_ic.f dafilm.o 
dafilm_ic.f:
   dafilm:
   alcard:
./ic.HPUX10 DALI_CF.INC draw_state.f draw_state_ic.f
fort77  +e -c -K +U77 +ppu -v -o draw_state.o draw_state_ic.f
LPATH is : /opt/fortran/lib/pa1.1:/usr/lib/pa1.1:/opt/fortran/lib:/usr/lib:/opt/langtools/lib
/opt/fortran/lbin/f77pass1 - -KFUPe -Oq00,al,ag,cn,Lm,sz,Ic,vo,lc,mf,po,es,rs,sp,in,vc,pi,fa,pe,Rr,Fl,pv,pa,nf,cp,lx,st,ap,Pg,ug,lu,dp,fs,bp,wp! draw_state_ic.f draw_state.o 
draw_state_ic.f:
   get_kalman_t:
       entry    get_kalman_x:
       entry    get_kalman_y:
       entry    get_kalman_z:
./ic.HPUX10 DALI_CF.INC partid.f partid_ic.f
fort77  +e -c -K +U77 +ppu -v -o partid.o partid_ic.f
LPATH is : /opt/fortran/lib/pa1.1:/usr/lib/pa1.1:/opt/fortran/lib:/usr/lib:/opt/langtools/lib
/opt/fortran/lbin/f77pass1 - -KFUPe -Oq00,al,ag,cn,Lm,sz,Ic,vo,lc,mf,po,es,rs,sp,in,vc,pi,fa,pe,Rr,Fl,pv,pa,nf,cp,lx,st,ap,Pg,ug,lu,dp,fs,bp,wp! partid_ic.f partid.o 
partid_ic.f:
   aboldr:
   partid:
Warning on line 1139 of partid_ic.f: local variable sign never used
Warning on line 1139 of partid_ic.f: local variable nint never used
Warning on line 1139 of partid_ic.f: local variable xpeo never used
Warning on line 1139 of partid_ic.f: local variable vec never used
Warning on line 1139 of partid_ic.f: local variable xpho never used
Warning on line 1139 of partid_ic.f: local variable atg never used
Warning on line 1139 of partid_ic.f: local variable pga never used
fort77  +e -c -K +U77 +ppu -v -o dali_HPUX10_x.o dali_HPUX10_x.f
LPATH is : /opt/fortran/lib/pa1.1:/usr/lib/pa1.1:/opt/fortran/lib:/usr/lib:/opt/langtools/lib
/opt/fortran/lbin/f77pass1 - -KFUPe -Oq00,al,ag,cn,Lm,sz,Ic,vo,lc,mf,po,es,rs,sp,in,vc,pi,fa,pe,Rr,Fl,pv,pa,nf,cp,lx,st,ap,Pg,ug,lu,dp,fs,bp,wp! dali_HPUX10_x.f dali_HPUX10_x.o 
dali_HPUX10_x.f:
   dgetmr:
   dgetmd:
   dgooba:
   dgetst:
   dgtint:
   dgpesc:
   dgetm:
       entry    dmctrm:
       entry    dgetm0:
       entry    dginma:
   dgopen:
   dfname:
   dspawn:
   dspapr:
   dgtrim:
   dgupcs:
   lenocc:
   dgwait:
   dgetin:
       entry    dgetcd:
   dgetln:
       entry    dgetlm:
   dgmmcb:
Warning on line 2614 of dali_HPUX10_x.f: jump into block from line 2502 of dali_HPUX10_x.f
   dgmrkm:
       entry    dgmrkf:
   dw_getln:
   dw_error_handling_setup:
       entry    dw_error_handling_stop:
 
   Linking dali_e1.HPUX10
 
fort77 -Wl,-u,babend_,-u,dafrds_,-u,ftrack_,-u,hmfind_,-u,mpredg_,-u,mpredm_,-u,muass_ -o dali_e1.HPUX10 c_dalb9.o c_dalb_aleph.o n_dalba.o n_dalbb.o c_dalbc.o c_dalbd.o c_dalbe.o n_dalbf.o c_dalbg.o c_dalbh.o c_dalbi.o c_dalbj.o c_dalbl.o c_dalbm.o c_dalbo.o c_dalbp.o c_dalbq.o c_dalbr.o n_dalbs.o c_dalbt.o c_dalbv.o c_dalbw1.o c_dalbw2.o c_dalbx.o c_dalby.o c_dali1.o c_dali_vdet.o       alpha_c.o alpha_v.o alpha_p.o c_dalia.o c_dalib.o c_dalic.o c_dalid.o c_dalie.o c_dalif.o c_dalig.o c_dalih.o c_dalii.o c_dalij.o c_dalik.o c_dalil.o c_dalim.o c_dalin.o n_dalio.o c_dalip.o n_daliq.o c_dalir.o c_dalis.o c_dalit.o c_daliu.o c_daliv.o c_daliw.o c_dalix.o c_daliy.o c_daliz.o algtdb_tficor.o dafilm.o draw_state.o partid.o dali_HPUX10_x.o  dalb_x.o dali_x.o dali_meta.o /afs/cern.ch/aleph/HPUX10/phy/alenflw.o /afs/cern.ch/aleph/HPUX10/phy/libmini.a /afs/cern.ch/aleph/HPUX10/jul/libjulia.a /afs/cern.ch/aleph/HPUX10/phy/libalpha.a /afs/cern.ch/aleph/HPUX10/gen/liblook.a /afs/cern.ch/aleph/HPUX10/gen/libalephlib.a /afs/cern.ch/aleph/HPUX10/gen/libbos77.a `cernlib mathlib packlib` -lXt -lX11
