f77 -g -w -c -static -DMVBITS=ALBITS ../aucirl.f
f77 -g -w -c -static -DMVBITS=ALBITS ../augxyz.f
f77 -g -w -c -static -DMVBITS=ALBITS ../t2dedx.f
f77 -g -w -c -static -DMVBITS=ALBITS ../t2teer.f
f77 -g -w -c -static -DMVBITS=ALBITS ../t2tran.f
f77 -g -w -c -static -DMVBITS=ALBITS ../tbloch.f
f77 -g -w -c -static -DMVBITS=ALBITS ../tdebug.f
f77 -g -w -c -static -DMVBITS=ALBITS ../tgcbos.f
f77 -g -w -c -static -DMVBITS=ALBITS ../tgfini.f
f77 -g -w -c -static -DMVBITS=ALBITS ../tginit.f
f77 -g -w -c -static -DMVBITS=ALBITS ../tgteer.f
f77 -g -w -c -static -DMVBITS=ALBITS ../tobkhs.f
f77 -g -w -c -static -DMVBITS=ALBITS ../toevin.f
f77 -g -w -c -static -DMVBITS=ALBITS ../tordev.f
f77 -g -w -c -static -DMVBITS=ALBITS ../tpachr.f
f77 -g -w -c -static -DMVBITS=ALBITS ../tpaval.f
f77 -g -w -c -static -DMVBITS=ALBITS ../tpbgeo.f
f77 -g -w -c -static -DMVBITS=ALBITS ../tpbrtk.f
f77 -g -w -c -static -DMVBITS=ALBITS ../tpbrtp.f
f77 -g -w -c -static -DMVBITS=ALBITS ../tpcdet.f
f77 -g -w -c -static -DMVBITS=ALBITS ../tpcflt.f
f77 -g -w -c -static -DMVBITS=ALBITS ../tpcver.f
f77 -g -w -c -static -DMVBITS=ALBITS ../tpdmom.f
f77 -g -w -c -static -DMVBITS=ALBITS ../tpdpar.f
f77 -g -w -c -static -DMVBITS=ALBITS ../tpdray.f
f77 -g -w -c -static -DMVBITS=ALBITS ../tpelsg.f
f77 -g -w -c -static -DMVBITS=ALBITS ../tpensc.f
f77 -g -w -c -static -DMVBITS=ALBITS ../tpexb2.f
f77 -g -w -c -static -DMVBITS=ALBITS ../tpexb3.f
f77 -g -w -c -static -DMVBITS=ALBITS ../tpexbs.f
f77 -g -w -c -static -DMVBITS=ALBITS ../tpexmi.f
f77 -g -w -c -static -DMVBITS=ALBITS ../tpfbrt.f
f77 -g -w -c -static -DMVBITS=ALBITS ../tpfids.f
f77 -g -w -c -static -DMVBITS=ALBITS ../tpfill.f
f77 -g -w -c -static -DMVBITS=ALBITS ../tpflpl.f
f77 -g -w -c -static -DMVBITS=ALBITS ../tpfmt.f
f77 -g -w -c -static -DMVBITS=ALBITS ../tpgbr0.f
f77 -g -w -c -static -DMVBITS=ALBITS ../tpgbrt.f
f77 -g -w -c -static -DMVBITS=ALBITS ../tpgetr.f
f77 -g -w -c -static -DMVBITS=ALBITS ../tpinel.f
f77 -g -w -c -static -DMVBITS=ALBITS ../tpinrf.f
f77 -g -w -c -static -DMVBITS=ALBITS ../tpisol.f
f77 -g -w -c -static -DMVBITS=ALBITS ../tpmain.f
f77 -g -w -c -static -DMVBITS=ALBITS ../tpnclu.f
f77 -g -w -c -static -DMVBITS=ALBITS ../tpnois.f
f77 -g -w -c -static -DMVBITS=ALBITS ../tpopsg.f
f77 -g -w -c -static -DMVBITS=ALBITS ../tppcst.f
f77 -g -w -c -static -DMVBITS=ALBITS ../tprima.f
f77 -g -w -c -static -DMVBITS=ALBITS ../tprimb.f
f77 -g -w -c -static -DMVBITS=ALBITS ../tprots.f
f77 -g -w -c -static -DMVBITS=ALBITS ../tpsegt.f
f77 -g -w -c -static -DMVBITS=ALBITS ../tpsgnl.f
f77 -g -w -c -static -DMVBITS=ALBITS ../tpshap.f
f77 -g -w -c -static -DMVBITS=ALBITS ../tpsize.f
f77 -g -w -c -static -DMVBITS=ALBITS ../tptcst.f
f77 -g -w -c -static -DMVBITS=ALBITS ../tpzspr.f
f77 -g -w -c -static -DMVBITS=ALBITS ../tsaval.f
f77 -g -w -c -static -DMVBITS=ALBITS ../tsavcn.f
f77 -g -w -c -static -DMVBITS=ALBITS ../tscbos.f
f77 -g -w -c -static -DMVBITS=ALBITS ../tscdef.f
f77 -g -w -c -static -DMVBITS=ALBITS ../tscnst.f
f77 -g -w -c -static -DMVBITS=ALBITS ../tsdedx.f
f77 -g -w -c -static -DMVBITS=ALBITS ../tsdigt.f
f77 -g -w -c -static -DMVBITS=ALBITS ../tsfini.f
f77 -g -w -c -static -DMVBITS=ALBITS ../tsinit.f
f77 -g -w -c -static -DMVBITS=ALBITS ../tspcpl.f
f77 -g -w -c -static -DMVBITS=ALBITS ../tsrcon.f
f77 -g -w -c -static -DMVBITS=ALBITS ../tsresp.f
f77 -g -w -c -static -DMVBITS=ALBITS ../tssham.f
f77 -g -w -c -static -DMVBITS=ALBITS ../tstcpl.f
f77 -g -w -c -static -DMVBITS=ALBITS ../tsteer.f
f77 -g -w -c -static -DMVBITS=ALBITS ../tstran.f
f77 -g -w -c -static -DMVBITS=ALBITS ../tswred.f
f77 -g -w -c -static -DMVBITS=ALBITS ../tswrev.f
f77 -g -w -c -static -DMVBITS=ALBITS ../ttfmt.f
f77 -g -w -c -static -DMVBITS=ALBITS ../twfmt.f
f77 -g -w -c -static -DMVBITS=ALBITS ../twpana.f
