f77 -w -c -static -O ../aucirl.f
f77 -w -c -static -O ../augxyz.f
f77 -w -c -static -O ../t2dedx.f
f77 -w -c -static -O ../t2teer.f
f77 -w -c -static -O ../t2tran.f
f77 -w -c -static -O ../tbloch.f
f77 -w -c -static -O ../tdebug.f
f77 -w -c -static -O ../tgcbos.f
f77 -w -c -static -O ../tgfini.f
f77 -w -c -static -O ../tginit.f
f77 -w -c -static -O ../tgteer.f
f77 -w -c -static -O ../tobkhs.f
f77 -w -c -static -O ../toevin.f
f77 -w -c -static -O ../tordev.f
f77 -w -c -static -O ../tpachr.f
f77 -w -c -static -O ../tpaval.f
f77 -w -c -static -O ../tpbgeo.f
f77 -w -c -static -O ../tpbrtk.f
f77 -w -c -static -O ../tpbrtp.f
f77 -w -c -static -O ../tpcdet.f
f77 -w -c -static -O ../tpcflt.f
f77 -w -c -static -O ../tpcver.f
f77 -w -c -static -O ../tpdmom.f
f77 -w -c -static -O ../tpdpar.f
f77 -w -c -static -O ../tpdray.f
f77 -w -c -static -O ../tpelsg.f
f77 -w -c -static -O ../tpensc.f
f77 -w -c -static -O ../tpexb2.f
f77 -w -c -static -O ../tpexb3.f
f77 -w -c -static -O ../tpexbs.f
f77 -w -c -static -O ../tpexmi.f
f77 -w -c -static -O ../tpfbrt.f
f77 -w -c -static -O ../tpfids.f
f77 -w -c -static -O ../tpfill.f
f77 -w -c -static -O ../tpflpl.f
f77 -w -c -static -O ../tpfmt.f
f77 -w -c -static -O ../tpgbr0.f
f77 -w -c -static -O ../tpgbrt.f
f77 -w -c -static -O ../tpgetr.f
f77 -w -c -static -O ../tpinel.f
f77 -w -c -static -O ../tpinrf.f
f77 -w -c -static -O ../tpisol.f
f77 -w -c -static -O ../tpmain.f
f77 -w -c -static -O ../tpnclu.f
f77 -w -c -static -O ../tpnois.f
f77 -w -c -static -O ../tpopsg.f
f77 -w -c -static -O ../tppcst.f
f77 -w -c -static -O ../tprima.f
f77 -w -c -static -O ../tprimb.f
f77 -w -c -static -O ../tprots.f
f77 -w -c -static -O ../tpsegt.f
f77 -w -c -static -O ../tpsgnl.f
f77 -w -c -static -O ../tpshap.f
f77 -w -c -static -O ../tpsize.f
f77 -w -c -static -O ../tptcst.f
f77 -w -c -static -O ../tpzspr.f
f77 -w -c -static -O ../tsaval.f
f77 -w -c -static -O ../tsavcn.f
f77 -w -c -static -O ../tscbos.f
f77 -w -c -static -O ../tscdef.f
f77 -w -c -static -O ../tscnst.f
f77 -w -c -static -O ../tsdedx.f
f77 -w -c -static -O ../tsdigt.f
f77 -w -c -static -O ../tsfini.f
f77 -w -c -static -O ../tsinit.f
f77 -w -c -static -O ../tspcpl.f
f77 -w -c -static -O ../tsrcon.f
f77 -w -c -static -O ../tsresp.f
f77 -w -c -static -O ../tssham.f
f77 -w -c -static -O ../tstcpl.f
f77 -w -c -static -O ../tsteer.f
f77 -w -c -static -O ../tstran.f
f77 -w -c -static -O ../tswred.f
f77 -w -c -static -O ../tswrev.f
f77 -w -c -static -O ../ttfmt.f
f77 -w -c -static -O ../twfmt.f
f77 -w -c -static -O ../twpana.f
