
          --- SCANBOOK Version 19.0 running  ---

          --- Last update of the Bookkeeping Database 
                was done on   4. MAY   2004 at  03:40:28
          --- Last  Run # known from Online is :  58471
          --- Last Fill # known from Online is :   8984


 *** SCANBOOK 19.0  - RUN  of  26/03/12 at  10.24.15


  ++ Selection from File :                                  scanbook


  *********************************************
  ** Summary of SCANBOOK  search selections   *
  *********************************************


  ++ Print level requested           :     2
  ++ Selection on the kind of data   :  REAL DATA                        
  ++ Selection on the nature of data :POT                                
  ++ Selection on Magnetic device    :  CARTRIDGE                        
  ++ Selection on Year of Data Taking:       1995
  ++ Selection on Run Numbers        :    36823 36886
  ++ Selection on Aleph Tape Categ.  :  AS    EPIO
  ++ Selection on Special Particle   :         -1




 ---------------------------------------------------------------------------
 *** Last run number known in the ALEBOOK Database :                  58471
 *** Last fill number known in the ALEBOOK Database :                  8984
 ---------------------------------------------------------------------------




  *******************************************
  *     End of SCANBOOK Database search  :  *
  *         2       Datasets                *
  * have been found matching your requests  *
  *******************************************





 *************************** Tapes/Cartridges  ***************************




 **** AA,AB,AM cartridges are always at CERN ****
      AR,AS,AU DLTs, Y1/R0 Redwoods are always at CERN
      Other cartridges may have been sent to Homelabs

 -----------------------------------------------------------------------------------------------------------------------------------
   Tape     |Form| Nat|  Date  | Location  | 1st  |  Last | Nevts | LEP Eng |      Comments
            |    |    | YYMMDD |           | Run  |  Run  |       |   Gev   |
 -----------------------------------------------------------------------------------------------------------------------------------
 Y13133_48  |EPIO|POT | 980322 | STK_ACS   |36645 | 36837 | 40517 |  91.30  | RUNS 36645 36818 36821 36822 36823 36824 36837       
 Y13133_50  |EPIO|POT | 980322 | STK_ACS   |36886 | 36886 |   431 |  91.30  | RUNS   36886                                         


  *********************************************
  ** Now you find below the  SRUN  card(s)    *
  ** for all the RUNS you have selected    :  *
  *********************************************


SRUN  36823 36886
***** Total Luminosity for above runs :    14.3 nb**-1   ****

 ==== SRUN data cards written on file      scanbook.sruncard



  ********************************************************************
            Next time you can obtain the same output 

       1 - by cataloguing the data cards below on a file :
                e.g.   mycards.file   

       2 - then by typing the command : " SCANBOOK mycards.file "

BTSK 'SCANBOOK = 1'                                                     
SCIN ' Nature_of_Data = POT  | LEP_Energy = All  |'                     
     ' Run_Qual = All   | '                                             
     ' YEAR = 1995 | Homelab = CERN     |'                              
     ' Format = EPIO '                                                  
SDLT                                                                    
PROC ' Julia_Processing = ALL  '                                        
SCOU ' Printout_Level = 2 | FILI_Cards = Yes | EDIR = No  |'            
     ' SRUN_Cards = Yes | Sorted_by_ENERGY = No  '                      
SRUN  36823 36886
ENDQ                                                                    
