../adinit.f:
   adinit:
../adrz.f:
   adrz:
../adview.f:
   adview:
../adxy.f:
   adxy:
../agbeam.f:
   agbeam:
../agchck.f:
   agchck:
../agcoil.f:
   agcoil:
../agdimp.f:
   agdimp:
../agecal.f:
   agecal:
../agecpm.f:
   agecpm:
../agemat.f:
   agemat:
../ageome.f:
   ageome:
../aggean.f:
   aggean:
../aghcal.f:
   aghcal:
../agitch.f:
   agitch:
../aglcal.f:
   aglcal:
../agmate.f:
   agmate:
../agmedi.f:
   agmedi:
../agmix.f:
   agmix:
../agmuch.f:
   agmuch:
../agquad.f:
   agquad:
../agsatr.f:
   agsatr:
../agsatt.f:
   agsatt:
../agscal.f:
   agscal:
../agsi92.f:
   agsi92:
../agsmba.f:
   agsmba:
../agtpch.f:
   agtpch:
../agvdet.f:
   agvdet:
../agvf92.f:
   agvf92:
../agvf95.f:
   agvf95:
../agvfgp.f:
   agvfgp:
../alseed.f:
   alseed:
../asasig.f:
   asasig:
../asbook.f:
   asbook:
../asceve.f:
   asceve:
../ascjob.f:
   ascjob:
../ascrun.f:
   ascrun:
../asctra.f:
   asctra:
../asdigi.f:
   asdigi:
../asevst.f:
   asevst:
../asfxxx.f:
   asfxxx:
../asgpar.f:
   asgpar:
../asieve.f:
   asieve:
../asigal.f:
   asigal:
../asigea.f:
   asigea:
../asijob.f:
   asijob:
../asimod.f:
   asimod:
../asinit.f:
   asinit:
../asipac.f:
   asipac:
../asirun.f:
   asirun:
../askine.f:
   askine:
../asksin.f:
   asksin:
../asktrk.f:
   asktrk:
../askuse.f:
   askuse:
../askusi.f:
   askusi:
../aspeve.f:
   aspeve:
../asprun.f:
   asprun:
../asread.f:
   asread:
../asredc.f:
   asredc:
../asreve.f:
   asreve:
../asrkin.f:
   asrkin:
../asrrun.f:
   asrrun:
../asrtyp.f:
   asrtyp:
../asrust.f:
   asrust:
../astdeb.f:
   astdeb:
../astgea.f:
   astgea:
../astimp.f:
   astimp:
../astrac.f:
   astrac:
../astrig.f:
   astrig:
../aswkin.f:
   aswkin:
../aswrtp.f:
   aswrtp:
../aswsum.f:
   aswsum:
../aunpck.f:
   aunpck:
../caabsb.f:
   caabsb:
../cacutg.f:
   cacutg:
../caepar.f:
   caepar:
../cafiht.f:
   cafiht:
../cagerb.f:
   cagerb:
../caherb.f:
   caherb:
../cahgrb.f:
   cahgrb:
../cahhrb.f:
   cahhrb:
../cahist.f:
   cahist:
../cahmod.f:
   cahmod:
../cahpar.f:
   cahpar:
../cahtrv.f:
   cahtrv:
../calhit.f:
   calhit:
../capget.f:
   capget:
../capsto.f:
   capsto:
../cashad.f:
   cashad:
../cashem.f:
   cashem:
../catino.f:
   catino:
../ebeblo.f:
   ebeblo:
../ebethe.f:
   ebethe:
../ecasig.f:
   ecasig:
../ecbook.f:
   ecbook:
../ecdfcd.f:
   ecdfcd:
../ecdfpa.f:
   ecdfpa:
../ecdigi.f:
   ecdigi:
../echit.f:
   echit:
../ecibug.f:
   ecibug:
../ecirun.f:
   ecirun:
../ecista.f:
   ecista:
../ecnami.f:
   ecnami:
../ectrig.f:
   ectrig:
../ecwsum.f:
   ecwsum:
../edfilh.f:
   edfilh:
../edinip.f:
   edinip:
../edsnoi.f:
   edsnoi:
../edtadj.f:
   edtadj:
../edtain.f:
   edtain:
../edtcor.f:
   edtcor:
../edtcut.f:
   edtcut:
../edtdig.f:
   edtdig:
../edtono.f:
   edtono:
../edtrgi.f:
   edtrgi:
../edtzsu.f:
   edtzsu:
../edwbru.f:
   edwbru:
../edwdgt.f:
   edwdgt:
../ehadrn.f:
   ehadrn:
../ehbari.f:
   ehbari:
../ehchar.f:
   ehchar:
../ehchek.f:
   ehchek:
../ehcpwi.f:
   ehcpwi:
../ehcutf.f:
   ehcutf:
../ehcutg.f:
   ehcutg:
../ehcutp.f:
   ehcutp:
../ehdeph.f:
   ehdeph:
../ehdeps.f:
   ehdeps:
../ehdept.f:
   ehdept:
../ehedge.f:
   ehedge:
../ehgeob.f:
   ehgeob:
../ehgeoe.f:
   ehgeoe:
../ehgerb.f:
   ehgerb:
../ehibos.f:
   ehibos:
../ehloti.f:
   ehloti:
../ehpalo.f:
   ehpalo:
../ehpasr.f:
   ehpasr:
../ehpeta.f:
   ehpeta:
../ehshow.f:
   ehshow:
../ehsitw.f:
   ehsitw:
../ehtran.f:
   ehtran:
../ehtrke.f:
   ehtrke:
../ehtrti.f:
   ehtrti:
../elanda.f:
   elanda:
../eprimi.f:
   eprimi:
../euppar.f:
   euppar:
../everif.f:
   everif:
../galeph.f:
   MAIN galeph:
../gdray.f:
   gdray:
../getran.f:
   getran:
../grndm.f:
   grndm:
../gstmed.f:
   gstmed:
../gufld.f:
   gufld:
../guhadr.f:
   guhadr:
../guphad.f:
   guphad:
../gusear.f:
   gusear:
       entry    guinme:
       entry    guncon:
       entry    gunsou:
       entry    gunxts:
../gustep.f:
   gustep:
../gutrak.f:
   gutrak:
../hcasig.f:
   hcasig:
../hcback.f:
   hcback:
../hccoin.f:
   hccoin:
../hccrdi.f:
   hccrdi:
../hccrpl.f:
   hccrpl:
../hccrto.f:
   hccrto:
../hcdigi.f:
   hcdigi:
../hcfitu.f:
   hcfitu:
../hcfopl.f:
   hcfopl:
../hcfora.f:
   hcfora:
../hcford.f:
   hcford:
../hcgest.f:
   hcgest:
../hchise.f:
   hchise:
../hchist.f:
   hchist:
       entry    hchis1:
../hchit.f:
   hchit:
../hchlwd.f:
   hchlwd:
../hcieve.f:
   hcieve:
../hcifir.f:
   hcifir:
../hcindu.f:
   hcindu:
../hcinit.f:
   hcinit:
../hcirun.f:
   hcirun:
../hcnami.f:
   hcnami:
../hcnstr.f:
   hcnstr:
../hcproj.f:
   hcproj:
../hcsetp.f:
   hcsetp:
../hcshow.f:
   hcshow:
../hcstat.f:
   hcstat:
../hcsten.f:
   hcsten:
../hcstse.f:
   hcstse:
../hctksp.f:
   hctksp:
../hctrga.f:
   hctrga:
../hctrgd.f:
   hctrgd:
../hcwsum.f:
   hcwsum:
../hfndtr.f:
   hfndtr:
../hgetdb.f:
   hgetdb:
../hhcutg.f:
   hhcutg:
../hnewtk.f:
   hnewtk:
../hpantp.f:
   hpantp:
../hrdgal.f:
   hrdgal:
../hrdtri.f:
   hrdtri:
../htdead.f:
   htdead:
../iaprox.f:
   iaprox:
../iruchk.f:
   iruchk:
../isbend.f:
   isbend:
       entry    isbgin:
../isplin.f:
   isplin:
       entry    isplio:
../italig.f:
   italig:
../itamp.f:
   itamp:
../itasig.f:
   itasig:
../itbint.f:
   itbint:
../itdaq.f:
   itdaq:
../itdcns.f:
   itdcns:
../itdigi.f:
   itdigi:
../itdrft.f:
   itdrft:
../itdtgo.f:
   itdtgo:
       entry    itdtim:
../ithit.f:
   ithit:
../itirun.f:
   itirun:
../itmsk1.f:
   itmsk1:
../itmsk2.f:
   itmsk2:
../itnois.f:
   itnois:
../itpgeo.f:
   itpgeo:
../itphim.f:
   itphim:
../itres.f:
   itres:
../itrgpa.f:
   itrgpa:
../itroti.f:
   itroti:
../itrpp.f:
   itrpp:
../itrsb.f:
   itrsb:
../itsdig.f:
   itsdig:
../ittexp.f:
   ittexp:
../ittofe.f:
   ittofe:
../itwini.f:
   itwini:
../itwsum.f:
   itwsum:
../itxtlk.f:
   itxtlk:
../itzcoi.f:
   itzcoi:
../lcadc.f:
   lcadc:
../lcamp.f:
   lcamp:
../lcasig.f:
   lcasig:
../lcbhab.f:
   lcbhab:
../lcbkpr.f:
   lcbkpr:
../lcdigi.f:
   lcdigi:
../lcfral.f:
   lcfral:
../lchit.f:
   lchit:
../lcirun.f:
   lcirun:
../lcnami.f:
   lcnami:
../lcnois.f:
   lcnois:
../lcpad.f:
   lcpad:
../lcroc.f:
   lcroc:
../lcsamp.f:
   lcsamp:
../lcsatu.f:
   lcsatu:
../lcshow.f:
   lcshow:
../lcstrt.f:
   lcstrt:
../lctrak.f:
   lctrak:
../lctrdi.f:
   lctrdi:
../lctrht.f:
   lctrht:
../lcwire.f:
   lcwire:
../lcwsum.f:
   lcwsum:
../lcwtri.f:
   lcwtri:
../lcxypa.f:
   lcxypa:
../muasig.f:
   muasig:
../mubook.f:
   mubook:
../mudgtz.f:
   mudgtz:
../mudigi.f:
   mudigi:
../mudstp.f:
   mudstp:
../mudtub.f:
   mudtub:
../mufill.f:
   mufill:
../mufldi.f:
   mufldi:
../mufldt.f:
   mufldt:
../muflht.f:
   muflht:
../mufltd.f:
   mufltd:
../mugetc.f:
   mugetc:
../muhit.f:
   muhit:
../muincb.f:
   muincb:
../muince.f:
   muince:
../muincm.f:
   muincm:
../muirun.f:
   muirun:
../munsta.f:
   munsta:
../musgnl.f:
   musgnl:
../musmfr.f:
   musmfr:
../muspmd.f:
   muspmd:
../mustrm.f:
   mustrm:
../mustsg.f:
   mustsg:
../mutrsf.f:
   mutrsf:
../muunoi.f:
   muunoi:
../muwsum.f:
   muwsum:
../qnext.f:
   qnext:
../rdmin.f:
   rdmin:
../rdmout.f:
   rdmout:
../rndm.f:
   rndm:
       entry    recust:
../saasig.f:
   saasig:
../sabook.f:
   sabook:
../sadigi.f:
   sadigi:
../sahist.f:
   sahist:
../sahit.f:
   sahit:
../sairun.f:
   sairun:
../sawsum.f:
   sawsum:
../siasig.f:
   siasig:
../sibook.f:
   sibook:
../sidfgo.f:
   sidfgo:
../sidfpa.f:
   sidfpa:
../sidfrt.f:
   sidfrt:
../sidigi.f:
   sidigi:
../sifilh.f:
   sifilh:
../sihit.f:
   sihit:
../siirun.f:
   siirun:
../silong.f:
   silong:
../sinois.f:
   sinois:
../sishow.f:
   sishow:
../sisidi.f:
   sisidi:
../sitra3.f:
   sitra3:
../sitrak.f:
   sitrak:
../sitran.f:
   sitran:
../sitrig.f:
   sitrig:
../siwsum.f:
   siwsum:
../sizini.f:
   sizini:
../sizsup.f:
   sizsup:
../tpasig.f:
   tpasig:
../tpcoor.f:
   tpcoor:
../tpdigi.f:
   tpdigi:
../tpgeth.f:
   tpgeth:
../tphdif.f:
   tphdif:
../tphit.f:
   tphit:
../tphsrt.f:
   tphsrt:
../tpibos.f:
   tpibos:
../tpirun.f:
   tpirun:
../tpugeo.f:
   tpugeo:
../tpwsum.f:
   tpwsum:
../ttgeth.f:
   ttgeth:
../usceve.f:
   usceve:
../uscjob.f:
   uscjob:
../uscrun.f:
   uscrun:
../usieve.f:
   usieve:
../usijob.f:
   usijob:
../usirun.f:
   usirun:
../vaencl.f:
   vaencl:
../vdasig.f:
   vdasig:
../vdb2dd.f:
   vdb2dd:
../vdbook.f:
   vdbook:
../vdclu.f:
   vdclu:
../vddigi.f:
   vddigi:
../vdfill.f:
   vdfill:
../vdfirw.f:
   vdfirw:
../vdfoob.f:
   vdfoob:
../vdgdis.f:
   vdgdis:
../vdhit.f:
   vdhit:
../vdhite.f:
   vdhite:
../vdirun.f:
   vdirun:
../vdland.f:
   vdland:
../vdmkla.f:
   vdmkla:
../vdmklo.f:
   vdmklo:
../vdmkte.f:
   vdmkte:
../vdnois.f:
   vdnois:
../vdprte.f:
   vdprte:
../vdroch.f:
   vdroch:
../vdwsum.f:
   vdwsum:
../vfndel.f:
   vfndel:
../vfndmc.f:
   vfndmc:
../vfndmp.f:
   vfndmp:
../vfndth.f:
   vfndth:
../vgwcns.f:
   vgwcns:
../vinstc.f:
   vinstc:
../vinsts.f:
   vinsts:
