/var/tmp/fcpFAAa07857:
   addvec:
/var/tmp/fcpFAAa07857:
   bkini:
/var/tmp/fcpFAAa07857:
   bldpeco:
/var/tmp/fcpFAAa07857:
   buildal:
/var/tmp/fcpFAAa07857:
   calinit:
/var/tmp/fcpFAAa07857:
   charad:
/var/tmp/fcpFAAa07857:
   creflw:
/var/tmp/fcpFAAa07857:
   crefol:
/var/tmp/fcpFAAa07857:
   dectrg:
/var/tmp/fcpFAAa07857:
   dlocks:
/var/tmp/fcpFAAa07857:
   dzzz:
/var/tmp/fcpFAAa07857:
   enfjet:
/var/tmp/fcpFAAa07857:
   enflw:
/var/tmp/fcpFAAa07857:
   enfwlist:
/var/tmp/fcpFAAa07857:
   extrhc:
/var/tmp/fcpFAAa07857:
   gamixed:
/var/tmp/fcpFAAa07857:
   gamread:
/var/tmp/fcpFAAa07857:
   goodmod:
/var/tmp/fcpFAAa07857:
   ichefw:
/var/tmp/fcpFAAa07857:
   iddedx:
/var/tmp/fcpFAAa07857:
   idelec:
/var/tmp/fcpFAAa07857:
   idmuon:
/var/tmp/fcpFAAa07857:
   infoga:
/var/tmp/fcpFAAa07857:
   invalid:
/var/tmp/fcpFAAa07857:
   kalpha:
/var/tmp/fcpFAAa07857:
   ksister:
/var/tmp/fcpFAAa07857:
   lkform:
/var/tmp/fcpFAAa07857:
   looses:
/var/tmp/fcpFAAa07857:
   lumiad:
/var/tmp/fcpFAAa07857:
   lumica:
/var/tmp/fcpFAAa07857:
   lumimod:
/var/tmp/fcpFAAa07857:
   mdstrd:
/var/tmp/fcpFAAa07857:
   mdstwr:
/var/tmp/fcpFAAa07857:
   parset:
/var/tmp/fcpFAAa07857:
   partid:
/var/tmp/fcpFAAa07857:
   presel:
/var/tmp/fcpFAAa07857:
   preselfw:
/var/tmp/fcpFAAa07857:
   qhmost:
/var/tmp/fcpFAAa07857:
   qhnewr:
/var/tmp/fcpFAAa07857:
   qudppl:
/var/tmp/fcpFAAa07857:
   quhcrg:
/var/tmp/fcpFAAa07857:
   quhnoi:
/var/tmp/fcpFAAa07857:
   quphco:
/var/tmp/fcpFAAa07857:
   quphdp:
/var/tmp/fcpFAAa07857:
   quphpl:
/var/tmp/fcpFAAa07857:
   quphtr:
/var/tmp/fcpFAAa07857:
   qurhnt:
/var/tmp/fcpFAAa07857:
   qurhtr:
/var/tmp/fcpFAAa07857:
   qutwmx:
/var/tmp/fcpFAAa07857:
   rebuild:
/var/tmp/fcpFAAa07857:
   relkhc:
/var/tmp/fcpFAAa07857:
   sicamod:
/var/tmp/fcpFAAa07857:
   v0sum:
/var/tmp/fcpFAAa07857:
   x1disc:
/var/tmp/fcpFAAa08073:
   minadd:
/var/tmp/fcpFAAa08073:
   minalgo:
/var/tmp/fcpFAAa08073:
   minbip:
/var/tmp/fcpFAAa08073:
   minbld:
/var/tmp/fcpFAAa08073:
   minblm:
/var/tmp/fcpFAAa08073:
   minbln:
/var/tmp/fcpFAAa08073:
   minblo:
/var/tmp/fcpFAAa08073:
   minchk:
/var/tmp/fcpFAAa08073:
   mincrl:
/var/tmp/fcpFAAa08073:
   mindlt:
/var/tmp/fcpFAAa08073:
   mindst:
/var/tmp/fcpFAAa08073:
   mindtyp:
/var/tmp/fcpFAAa08073:
   mineco:
/var/tmp/fcpFAAa08073:
   minefo:
/var/tmp/fcpFAAa08073:
   minegi:
/var/tmp/fcpFAAa08073:
   minegp:
/var/tmp/fcpFAAa08073:
   mineid:
/var/tmp/fcpFAAa08073:
   mineit:
/var/tmp/fcpFAAa08073:
   mineje:
/var/tmp/fcpFAAa08073:
   minenf:
/var/tmp/fcpFAAa08073:
   minenw:
/var/tmp/fcpFAAa08073:
   minevt:
/var/tmp/fcpFAAa08073:
   minewi:
/var/tmp/fcpFAAa08073:
   minews:
/var/tmp/fcpFAAa08073:
   minfil:
/var/tmp/fcpFAAa08073:
   minfki:
/var/tmp/fcpFAAa08073:
   minfmc:
/var/tmp/fcpFAAa08073:
   minfmt:
/var/tmp/fcpFAAa08073:
   minfrf:
/var/tmp/fcpFAAa08073:
   minfri:
/var/tmp/fcpFAAa08073:
   minfrt:
/var/tmp/fcpFAAa08073:
   minfvb:
/var/tmp/fcpFAAa08073:
   minfve:
/var/tmp/fcpFAAa08073:
   minfzf:
/var/tmp/fcpFAAa08073:
   mingac:
/var/tmp/fcpFAAa08073:
   mingid:
/var/tmp/fcpFAAa08073:
   mingpc:
/var/tmp/fcpFAAa08073:
   mingtv:
/var/tmp/fcpFAAa08073:
   minhco:
/var/tmp/fcpFAAa08073:
   minhis:
   summin:
/var/tmp/fcpFAAa08073:
   minhit:
/var/tmp/fcpFAAa08073:
   minhrl:
/var/tmp/fcpFAAa08073:
   minini:
/var/tmp/fcpFAAa08073:
   minjet:
/var/tmp/fcpFAAa08073:
   minjlt:
/var/tmp/fcpFAAa08073:
   minknk:
/var/tmp/fcpFAAa08073:
   minlis:
/var/tmp/fcpFAAa08073:
   minlol:
/var/tmp/fcpFAAa08073:
   minmlt:
/var/tmp/fcpFAAa08073:
   minmon:
/var/tmp/fcpFAAa08073:
   minmsc:
/var/tmp/fcpFAAa08073:
   minmui:
/var/tmp/fcpFAAa08073:
   minnof:
/var/tmp/fcpFAAa08073:
   minout:
/var/tmp/fcpFAAa08073:
   minpcp:
/var/tmp/fcpFAAa08073:
   minpcq:
/var/tmp/fcpFAAa08073:
   minpcr:
/var/tmp/fcpFAAa08073:
   minpdl:
/var/tmp/fcpFAAa08073:
   minpec:
/var/tmp/fcpFAAa08073:
   minpga:
/var/tmp/fcpFAAa08073:
   minpgi:
/var/tmp/fcpFAAa08073:
   minpgp:
/var/tmp/fcpFAAa08073:
   minphc:
/var/tmp/fcpFAAa08073:
   minpjl:
/var/tmp/fcpFAAa08073:
   minpml:
/var/tmp/fcpFAAa08073:
   minpob:
/var/tmp/fcpFAAa08073:
   minpre:
/var/tmp/fcpFAAa08073:
   minpsc:
/var/tmp/fcpFAAa08073:
   minpth:
/var/tmp/fcpFAAa08073:
   minpye:
/var/tmp/fcpFAAa08073:
   minpyf:
/var/tmp/fcpFAAa08073:
   minqmu:
/var/tmp/fcpFAAa08073:
   minrun:
/var/tmp/fcpFAAa08073:
   minsic:
/var/tmp/fcpFAAa08073:
   minsum:
/var/tmp/fcpFAAa08073:
   mintbp:
/var/tmp/fcpFAAa08073:
   minthr:
/var/tmp/fcpFAAa08073:
   mintmc:
/var/tmp/fcpFAAa08073:
   mintra:
/var/tmp/fcpFAAa08073:
   minupd:
   min100:
/var/tmp/fcpFAAa08073:
   minver:
/var/tmp/fcpFAAa08073:
   minvmc:
/var/tmp/fcpFAAa08073:
   minvrs:
/var/tmp/fcpFAAa08073:
   minvsn:
/var/tmp/fcpFAAa08073:
   minxtr:
/var/tmp/fcpFAAa08073:
   minynk:
/var/tmp/fcpFAAa08073:
   minyv0:
/var/tmp/fcpFAAa08073:
   mquevnt:
/var/tmp/fcpFAAa08073:
   mquinit:
/var/tmp/fcpFAAa08073:
   mqunewr:
/var/tmp/fcpFAAa08073:
   mqusrec:
/var/tmp/fcpFAAa08073:
   mquterm:
/var/tmp/fcpFAAa08329:
   getjuv:
/var/tmp/fcpFAAa08329:
   getnav:
/var/tmp/fcpFAAa08329:
   mdipbt:
/var/tmp/fcpFAAa08329:
   mdwrip:
/var/tmp/fcpFAAa08329:
   naddx:
/var/tmp/fcpFAAa08329:
   naddxm:
       entry    nmtail:
/var/tmp/fcpFAAa08329:
   nairfd:
       entry    naircp:
/var/tmp/fcpFAAa08329:
   qninit:
   qnnewr:
   qnevnt:
   qnterm:
/var/tmp/fcpFAAa08329:
   nanfil:
/var/tmp/fcpFAAa08329:
   ngput:
/var/tmp/fcpFAAa08329:
   nrebyt:
       entry    nbytsw:
/var/tmp/fcpFAAa08329:
   nreeje:
/var/tmp/fcpFAAa08329:
   nreeob:
/var/tmp/fcpFAAa08329:
   nrefki:
/var/tmp/fcpFAAa08329:
   nrefrf:
/var/tmp/fcpFAAa08329:
   nrefrt:
/var/tmp/fcpFAAa08329:
   nregoo:
/var/tmp/fcpFAAa08329:
   nrelep:
/var/tmp/fcpFAAa08329:
   nrepar:
/var/tmp/fcpFAAa08329:
   nrepgp:
/var/tmp/fcpFAAa08329:
   nrepte:
/var/tmp/fcpFAAa08329:
   nrepye:
/var/tmp/fcpFAAa08329:
   nreyv0:
/var/tmp/fcpFAAa08329:
   nvsrch:
/var/tmp/fcpFAAa08329:
   nvstva:
/var/tmp/fcpFAAa08329:
   qninfo:
/var/tmp/fcpFAAa08386:
   aboldr:
/var/tmp/fcpFAAa08386:
   calyear:
   cal92:
/var/tmp/fcpFAAa08386:
   coranew:
/var/tmp/fcpFAAa08386:
   coraol2:
/var/tmp/fcpFAAa08386:
   coraold:
/var/tmp/fcpFAAa08386:
   cqpart:
/var/tmp/fcpFAAa08386:
   cqtpn:
/var/tmp/fcpFAAa08386:
   ecgati:
/var/tmp/fcpFAAa08386:
   fixgaen:
/var/tmp/fcpFAAa08386:
   fixpart:
/var/tmp/fcpFAAa08386:
   fixpcrl:
/var/tmp/fcpFAAa08386:
   fixpeco:
/var/tmp/fcpFAAa08386:
   fixprl:
/var/tmp/fcpFAAa08386:
   fixrtrl:
/var/tmp/fcpFAAa08386:
   hcalensc:
   coflig:
/var/tmp/fcpFAAa08386:
   kcanti:
/var/tmp/fcpFAAa08386:
   kcdir:
/var/tmp/fcpFAAa08386:
   kcdira:
/var/tmp/fcpFAAa08386:
   kcht:
/var/tmp/fcpFAAa08386:
   kd0fl:
/var/tmp/fcpFAAa08386:
   kfpadr:
/var/tmp/fcpFAAa08386:
   kglund:
/var/tmp/fcpFAAa08386:
   kgtblq:
/var/tmp/fcpFAAa08386:
   kljtno:
/var/tmp/fcpFAAa08386:
   kmccod:
/var/tmp/fcpFAAa08386:
   kpart:
       entry    kpanti:
/var/tmp/fcpFAAa08386:
   kpartx:
/var/tmp/fcpFAAa08386:
   kpcomp:
       entry    kpchek:
/var/tmp/fcpFAAa08386:
   kpdir:
/var/tmp/fcpFAAa08386:
   kpdira:
/var/tmp/fcpFAAa08386:
   kscnew:
/var/tmp/fcpFAAa08386:
   kscold:
/var/tmp/fcpFAAa08386:
   ktlor:
/var/tmp/fcpFAAa08386:
   ktlor1:
/var/tmp/fcpFAAa08386:
   ktlorx:
/var/tmp/fcpFAAa08386:
   kvnew:
/var/tmp/fcpFAAa08386:
   kvsava:
/var/tmp/fcpFAAa08386:
   kvsavc:
/var/tmp/fcpFAAa08386:
   kvsave:
/var/tmp/fcpFAAa08386:
   qadati:
/var/tmp/fcpFAAa08386:
   qadau:
/var/tmp/fcpFAAa08386:
   qainta:
/var/tmp/fcpFAAa08386:
   qamoth:
/var/tmp/fcpFAAa08386:
   qanfili:
/var/tmp/fcpFAAa08386:
   qapnam:
/var/tmp/fcpFAAa08386:
   qaptmp:
/var/tmp/fcpFAAa08386:
   qbomev:
/var/tmp/fcpFAAa08386:
   qbomru:
/var/tmp/fcpFAAa08386:
   qbook1:
/var/tmp/fcpFAAa08386:
   qbook2:
/var/tmp/fcpFAAa08386:
   qbookn:
/var/tmp/fcpFAAa08386:
   qbookr:
/var/tmp/fcpFAAa08386:
   qbprof:
/var/tmp/fcpFAAa08386:
   qcabsa:
/var/tmp/fcpFAAa08386:
   qcaf4c:
/var/tmp/fcpFAAa08386:
   qcorfic:
/var/tmp/fcpFAAa08386:
   qcpmod:
/var/tmp/fcpFAAa08386:
   qcpnew:
/var/tmp/fcpFAAa08386:
   qcprln:
   funrl2:
   funrl3:
   funsigc:
/var/tmp/fcpFAAa08386:
   qcpteti:
/var/tmp/fcpFAAa08386:
   qcptra:
/var/tmp/fcpFAAa08386:
   qdata:
/var/tmp/fcpFAAa08386:
   qdeca2:
/var/tmp/fcpFAAa08386:
   qdecan:
/var/tmp/fcpFAAa08386:
   qdotpxs:
/var/tmp/fcpFAAa08386:
   qedirupd:
/var/tmp/fcpFAAa08386:
   qethph:
/var/tmp/fcpFAAa08386:
   qextra:
/var/tmp/fcpFAAa08386:
   qfbitm:
       entry    qsbitm:
/var/tmp/fcpFAAa08386:
   qfcadd:
/var/tmp/fcpFAAa08386:
   qfcald:
/var/tmp/fcpFAAa08386:
   qfcasc:
/var/tmp/fcpFAAa08386:
   qfchgd:
/var/tmp/fcpFAAa08386:
   qfcobj:
/var/tmp/fcpFAAa08386:
   qfcoeq:
/var/tmp/fcpFAAa08386:
   qfcoer:
/var/tmp/fcpFAAa08386:
   qfcomp:
/var/tmp/fcpFAAa08386:
   qfcrel:
/var/tmp/fcpFAAa08386:
   qfd0z0:
/var/tmp/fcpFAAa08386:
   qfecal:
/var/tmp/fcpFAAa08386:
   qfecwd:
/var/tmp/fcpFAAa08386:
   qfecwm:
/var/tmp/fcpFAAa08386:
   qfeflo:
/var/tmp/fcpFAAa08386:
   qffrft:
/var/tmp/fcpFAAa08386:
   qfgamp:
/var/tmp/fcpFAAa08386:
   qfget_bp:
/var/tmp/fcpFAAa08386:
   qfhcal:
/var/tmp/fcpFAAa08386:
   qfhead:
/var/tmp/fcpFAAa08386:
   qfilbp:
       entry    qfilbp_status:
/var/tmp/fcpFAAa08386:
   qfill:
/var/tmp/fcpFAAa08386:
   qfilmc:
/var/tmp/fcpFAAa08386:
   qfilnv:
/var/tmp/fcpFAAa08386:
   qfjets:
/var/tmp/fcpFAAa08386:
   qfkink:
/var/tmp/fcpFAAa08386:
   qflept:
/var/tmp/fcpFAAa08386:
   qfljet:
/var/tmp/fcpFAAa08386:
   qfmcbm:
       entry    qsmctm:
/var/tmp/fcpFAAa08386:
   qfmcmd:
/var/tmp/fcpFAAa08386:
   qfmcpa:
/var/tmp/fcpFAAa08386:
   qfmcst:
/var/tmp/fcpFAAa08386:
   qfmcvx:
/var/tmp/fcpFAAa08386:
   qfmtch:
/var/tmp/fcpFAAa08386:
   qfndin:
/var/tmp/fcpFAAa08386:
   qfneob:
/var/tmp/fcpFAAa08386:
   qfnint:
/var/tmp/fcpFAAa08386:
   qfpmsc:
/var/tmp/fcpFAAa08386:
   qfptpx:
/var/tmp/fcpFAAa08386:
   qfrefit:
/var/tmp/fcpFAAa08386:
   qfrev0:
/var/tmp/fcpFAAa08386:
   qfylv0:
/var/tmp/fcpFAAa08386:
   qfynvh:
/var/tmp/fcpFAAa08386:
   qgtpddx:
/var/tmp/fcpFAAa08386:
   qhfn:
/var/tmp/fcpFAAa08386:
   qhfnr:
/var/tmp/fcpFAAa08386:
   qhfr:
/var/tmp/fcpFAAa08386:
   qlminrp:
/var/tmp/fcpFAAa08386:
   MAIN qmain:
/var/tmp/fcpFAAa08386:
   qmalph:
/var/tmp/fcpFAAa08386:
   qmbank:
/var/tmp/fcpFAAa08386:
   qmcard:
/var/tmp/fcpFAAa08386:
   qmcfrf:
/var/tmp/fcpFAAa08386:
   qmchi2:
/var/tmp/fcpFAAa08386:
   qmclr:
/var/tmp/fcpFAAa08386:
   qmdbas:
/var/tmp/fcpFAAa08386:
   qmdiff:
/var/tmp/fcpFAAa08386:
   qmevnt:
/var/tmp/fcpFAAa08386:
   qmihis:
/var/tmp/fcpFAAa08386:
   qmininc:
/var/tmp/fcpFAAa08386:
   qminit:
/var/tmp/fcpFAAa08386:
   qmnami:
/var/tmp/fcpFAAa08386:
   qmnewr:
/var/tmp/fcpFAAa08386:
   qmpart:
/var/tmp/fcpFAAa08386:
   qmrdsb:
/var/tmp/fcpFAAa08386:
   qmread:
/var/tmp/fcpFAAa08386:
   qmsrec:
/var/tmp/fcpFAAa08386:
   qmstclr:
/var/tmp/fcpFAAa08386:
   qmstgin:
/var/tmp/fcpFAAa08386:
   qmterm:
/var/tmp/fcpFAAa08386:
   qnvsto:
/var/tmp/fcpFAAa08386:
   qpchar:
/var/tmp/fcpFAAa08386:
   qplife:
/var/tmp/fcpFAAa08386:
   qpmass:
/var/tmp/fcpFAAa08386:
   qppmma:
/var/tmp/fcpFAAa08386:
   qpwidt:
/var/tmp/fcpFAAa08386:
   qrksec:
/var/tmp/fcpFAAa08386:
   qsbank:
/var/tmp/fcpFAAa08386:
   qstfli:
/var/tmp/fcpFAAa08386:
   qstflr:
/var/tmp/fcpFAAa08386:
   qsustr:
/var/tmp/fcpFAAa08386:
   qsusvx:
/var/tmp/fcpFAAa08386:
   qtclas:
/var/tmp/fcpFAAa08386:
   qtimez:
       entry    qtimed:
/var/tmp/fcpFAAa08386:
   qtresc:
/var/tmp/fcpFAAa08386:
   queflo:
/var/tmp/fcpFAAa08386:
   quevnt:
/var/tmp/fcpFAAa08386:
   quibos:
/var/tmp/fcpFAAa08386:
   quihis:
/var/tmp/fcpFAAa08386:
   quinit:
/var/tmp/fcpFAAa08386:
   qunewr:
/var/tmp/fcpFAAa08386:
   quopen:
/var/tmp/fcpFAAa08386:
   qupec1:
/var/tmp/fcpFAAa08386:
   qurefit:
/var/tmp/fcpFAAa08386:
   quresc:
/var/tmp/fcpFAAa08386:
   qusrec:
/var/tmp/fcpFAAa08386:
   quterm:
/var/tmp/fcpFAAa08386:
   quthis:
/var/tmp/fcpFAAa08386:
   qv0chk:
/var/tmp/fcpFAAa08386:
   qvadd2:
/var/tmp/fcpFAAa08386:
   qvadd3:
/var/tmp/fcpFAAa08386:
   qvadd4:
/var/tmp/fcpFAAa08386:
   qvaddn:
/var/tmp/fcpFAAa08386:
   qvcopy:
/var/tmp/fcpFAAa08386:
   qvcros:
/var/tmp/fcpFAAa08386:
   qvdroa:
/var/tmp/fcpFAAa08386:
   qvdrop:
/var/tmp/fcpFAAa08386:
   qvget3:
/var/tmp/fcpFAAa08386:
   qvget4:
/var/tmp/fcpFAAa08386:
   qvgets:
/var/tmp/fcpFAAa08386:
   qvscal:
/var/tmp/fcpFAAa08386:
   qvset3:
/var/tmp/fcpFAAa08386:
   qvset4:
/var/tmp/fcpFAAa08386:
   qvsetc:
/var/tmp/fcpFAAa08386:
   qvsetm:
/var/tmp/fcpFAAa08386:
   qvsets:
/var/tmp/fcpFAAa08386:
   qvsub:
/var/tmp/fcpFAAa08386:
   qvzero:
/var/tmp/fcpFAAa08386:
   qwclas:
/var/tmp/fcpFAAa08386:
   qwerrc:
/var/tmp/fcpFAAa08386:
   qwevnt:
/var/tmp/fcpFAAa08386:
   qwfile:
/var/tmp/fcpFAAa08386:
   qwhead:
/var/tmp/fcpFAAa08386:
   qwhful:
/var/tmp/fcpFAAa08386:
   qwitk:
/var/tmp/fcpFAAa08386:
   qwivx:
/var/tmp/fcpFAAa08386:
   qwmese:
/var/tmp/fcpFAAa08386:
   qwmess:
/var/tmp/fcpFAAa08386:
   qwnewtr:
/var/tmp/fcpFAAa08386:
   qwpars:
/var/tmp/fcpFAAa08386:
   qwpart:
/var/tmp/fcpFAAa08386:
   qwrite:
/var/tmp/fcpFAAa08386:
   qwrptpx:
/var/tmp/fcpFAAa08386:
   qwrunr:
       entry    qurhah:
/var/tmp/fcpFAAa08386:
   qwsec:
/var/tmp/fcpFAAa08386:
   qwsumm:
/var/tmp/fcpFAAa08386:
   qwsynt:
/var/tmp/fcpFAAa08386:
   qwtime:
/var/tmp/fcpFAAa08386:
   qwtree:
/var/tmp/fcpFAAa08386:
   vdfixz:
/var/tmp/fcpFAAa08860:
   btagev:
/var/tmp/fcpFAAa08860:
   btag_fit:
/var/tmp/fcpFAAa08860:
   btag_init:
/var/tmp/fcpFAAa08860:
   btagpar_new1:
/var/tmp/fcpFAAa08860:
   btagpar_new2:
/var/tmp/fcpFAAa08860:
   btagpar_old:
/var/tmp/fcpFAAa08860:
   btagtr:
/var/tmp/fcpFAAa08860:
   btvdhits:
/var/tmp/fcpFAAa08860:
   chiv0:
/var/tmp/fcpFAAa08860:
   codsel:
/var/tmp/fcpFAAa08860:
   dmin2d:
/var/tmp/fcpFAAa08860:
   dmin3d:
/var/tmp/fcpFAAa08860:
   dminerr:
/var/tmp/fcpFAAa08860:
   finddmin:
/var/tmp/fcpFAAa08860:
   findip:
/var/tmp/fcpFAAa08860:
   fit_dmin:
   dminf:
   dmins:
   dminf2:
   dmins2:
/var/tmp/fcpFAAa08860:
   gtipbk:
/var/tmp/fcpFAAa08860:
   iptrk:
/var/tmp/fcpFAAa08860:
   jetclu:
/var/tmp/fcpFAAa08860:
   jeterr:
/var/tmp/fcpFAAa08860:
   make2d:
/var/tmp/fcpFAAa08860:
   mysmear:
/var/tmp/fcpFAAa08860:
   qbeamx:
/var/tmp/fcpFAAa08860:
   qfndip:
/var/tmp/fcpFAAa08860:
   qfndv0:
/var/tmp/fcpFAAa08860:
   qipbtag:
/var/tmp/fcpFAAa08860:
   qipbtcpu:
/var/tmp/fcpFAAa08860:
   qsmear:
/var/tmp/fcpFAAa08860:
   smcopy:
/var/tmp/fcpFAAa08860:
   tcross:
/var/tmp/fcpFAAa08860:
   tmove:
/var/tmp/fcpFAAa08860:
   tparset:
/var/tmp/fcpFAAa08860:
   trot:
/var/tmp/fcpFAAa08860:
   trsel:
/var/tmp/fcpFAAa08860:
   trsel2:
/var/tmp/fcpFAAa08860:
   v0dkpt:
/var/tmp/fcpFAAa08860:
   v0kine:
/var/tmp/fcpFAAa08860:
   v0tpar:
/var/tmp/fcpFAAa09009:
   badtrk:
/var/tmp/fcpFAAa09009:
   btou:
/var/tmp/fcpFAAa09009:
   checkq:
/var/tmp/fcpFAAa09009:
   gen:
/var/tmp/fcpFAAa09009:
   ibfunc:
/var/tmp/fcpFAAa09009:
   ibre:
/var/tmp/fcpFAAa09009:
   isp:
/var/tmp/fcpFAAa09009:
   jmbest:
/var/tmp/fcpFAAa09009:
   qlcomp:
/var/tmp/fcpFAAa09009:
   qlevnt:
/var/tmp/fcpFAAa09009:
   qlinit:
/var/tmp/fcpFAAa09009:
   qliupd:
/var/tmp/fcpFAAa09009:
   qlterm:
/var/tmp/fcpFAAa09009:
   qselep:
/var/tmp/fcpFAAa09009:
   ccbmes:
   fbbar:
   fbhad:
   fbqua:
   fcbar:
   fchad:
   fcqua:
   fhqua:
   fhvfl:
   fqqua:
   ihqua:
   ilqua:
   endch:
/var/tmp/fcpFAAa09009:
   qtruth:
/var/tmp/fcpFAAa09045:
   chiscom:
/var/tmp/fcpFAAa09045:
   decos:
/var/tmp/fcpFAAa09045:
   deriv:
/var/tmp/fcpFAAa09045:
   hesse:
/var/tmp/fcpFAAa09045:
   kinefit:
/var/tmp/fcpFAAa09045:
   newtonit:
/var/tmp/fcpFAAa09045:
   pi0deb:
/var/tmp/fcpFAAa09045:
   pi0lim:
/var/tmp/fcpFAAa09045:
   qpi0bk:
/var/tmp/fcpFAAa09045:
   qpi0do:
/var/tmp/fcpFAAa09045:
   xxp0f1:
/var/tmp/fcpFAAa09070:
   qvsavx:
/var/tmp/fcpFAAa09070:
   qvsgtk:
/var/tmp/fcpFAAa09070:
   qvsgtk0:
/var/tmp/fcpFAAa09070:
   qvsgtk1:
/var/tmp/fcpFAAa09070:
   qvsgtk2:
/var/tmp/fcpFAAa09070:
   qvsgtl0:
/var/tmp/fcpFAAa09070:
   qvsgtl1:
/var/tmp/fcpFAAa09070:
   qvsimp:
/var/tmp/fcpFAAa09070:
   qvsjet:
/var/tmp/fcpFAAa09070:
   qvsmis:
/var/tmp/fcpFAAa09070:
   qvspvx:
/var/tmp/fcpFAAa09070:
   qvsrch:
/var/tmp/fcpFAAa09070:
   qvstkj:
/var/tmp/fcpFAAa09070:
   qvstkp:
/var/tmp/fcpFAAa09070:
   qvstkv:
/var/tmp/fcpFAAa09070:
   qvstkw:
/var/tmp/fcpFAAa09070:
   qvstva:
       entry    qvstchi2:
/var/tmp/fcpFAAa09070:
   qvsvtx:
/var/tmp/fcpFAAa09070:
   qvswbk:
/var/tmp/fcpFAAa09070:
   qvsxzb:
/var/tmp/fcpFAAa09070:
   qvsz0b:
/var/tmp/fcpFAAa09070:
   yvscm2:
/var/tmp/fcpFAAa09070:
   yvslf1:
/var/tmp/fcpFAAa09070:
   yvslf2:
/var/tmp/fcpFAAa09070:
   yvslfl:
/var/tmp/fcpFAAa09070:
   yvsml1:
/var/tmp/fcpFAAa09070:
   yvsml2:
/var/tmp/fcpFAAa09070:
   yvspar:
/var/tmp/fcpFAAa09070:
   yvspr2:
/var/tmp/fcpFAAa09070:
   yvsprm:
/var/tmp/fcpFAAa09070:
   yvspve:
/var/tmp/fcpFAAa09070:
   yvsrmi:
/var/tmp/fcpFAAa09070:
   yvsrmj:
/var/tmp/fcpFAAa09070:
   yvsrom:
/var/tmp/fcpFAAa09070:
   yvsrti:
/var/tmp/fcpFAAa09070:
   yvsrtj:
/var/tmp/fcpFAAa09070:
   yvstke:
/var/tmp/fcpFAAa09070:
   yvstp0:
/var/tmp/fcpFAAa09070:
   yvstri:
/var/tmp/fcpFAAa09070:
   yvstrj:
/var/tmp/fcpFAAa09070:
   yvsvje:
/var/tmp/fcpFAAa09070:
   yvswim:
/var/tmp/fcpFAAa09070:
   yvsxzb:
/var/tmp/fcpFAAa09070:
   yvsxzj:
/var/tmp/fcpFAAa09070:
   yvszvc:
/var/tmp/fcpFAAa09174:
   bpl_e14:
/var/tmp/fcpFAAa09174:
   chtsim:
/var/tmp/fcpFAAa09174:
   epad_e14:
/var/tmp/fcpFAAa09174:
   iefmc:
/var/tmp/fcpFAAa09174:
   imcef:
/var/tmp/fcpFAAa09174:
   julmatch:
/var/tmp/fcpFAAa09174:
   kbestm:
/var/tmp/fcpFAAa09174:
   kefmc:
/var/tmp/fcpFAAa09174:
   kidsav:
/var/tmp/fcpFAAa09174:
   kmcef:
/var/tmp/fcpFAAa09174:
   kmlept:
/var/tmp/fcpFAAa09174:
   knchmc:
/var/tmp/fcpFAAa09174:
   knecmc:
/var/tmp/fcpFAAa09174:
   knefmc:
/var/tmp/fcpFAAa09174:
   knhcmc:
/var/tmp/fcpFAAa09174:
   knmcch:
/var/tmp/fcpFAAa09174:
   knmcec:
/var/tmp/fcpFAAa09174:
   knmcef:
/var/tmp/fcpFAAa09174:
   knmchc:
/var/tmp/fcpFAAa09174:
   knmcsi:
/var/tmp/fcpFAAa09174:
   knsimc:
/var/tmp/fcpFAAa09174:
   kntru:
/var/tmp/fcpFAAa09174:
   ktru:
/var/tmp/fcpFAAa09174:
   kvfita:
/var/tmp/fcpFAAa09174:
   kvfitc:
/var/tmp/fcpFAAa09174:
   kvfitm:
/var/tmp/fcpFAAa09174:
   kvfitn:
/var/tmp/fcpFAAa09174:
   kvfitv:
/var/tmp/fcpFAAa09174:
   kvftmc:
/var/tmp/fcpFAAa09174:
   lcra_e14:
/var/tmp/fcpFAAa09174:
   mcmatch:
/var/tmp/fcpFAAa09174:
   mini_kpecpc:
/var/tmp/fcpFAAa09174:
   mmuidf:
/var/tmp/fcpFAAa09174:
   ndigh_e14:
/var/tmp/fcpFAAa09174:
   pmove:
/var/tmp/fcpFAAa09174:
   qbmtag:
/var/tmp/fcpFAAa09174:
   qcale14:
/var/tmp/fcpFAAa09174:
   qddx:
   findcorr:
   findindexct:
   findindexbg:
   goodwindow:
/var/tmp/fcpFAAa09174:
   qdedx:
/var/tmp/fcpFAAa09174:
   qdedxk:
/var/tmp/fcpFAAa09174:
   qdedxm:
       entry    qmtail:
/var/tmp/fcpFAAa09174:
   qdmmcl:
/var/tmp/fcpFAAa09174:
   qefrtr:
/var/tmp/fcpFAAa09174:
   qelep1:
/var/tmp/fcpFAAa09174:
   qelep2:
/var/tmp/fcpFAAa09174:
   qewsum:
/var/tmp/fcpFAAa09174:
   qfde14:
/var/tmp/fcpFAAa09174:
   qfget_ch:
/var/tmp/fcpFAAa09174:
   qfmcsx:
/var/tmp/fcpFAAa09174:
   qfmmcl:
/var/tmp/fcpFAAa09174:
   qgete14:
/var/tmp/fcpFAAa09174:
   qgetw_e14:
/var/tmp/fcpFAAa09174:
   qgfoxw:
/var/tmp/fcpFAAa09174:
   qgjmmc:
/var/tmp/fcpFAAa09174:
   qglucl:
/var/tmp/fcpFAAa09174:
   qgmdcl:
/var/tmp/fcpFAAa09174:
   qgmmcl:
/var/tmp/fcpFAAa09174:
   qgptcl:
/var/tmp/fcpFAAa09174:
   qgsphe:
/var/tmp/fcpFAAa09174:
   qgtens:
/var/tmp/fcpFAAa09174:
   qgthru:
/var/tmp/fcpFAAa09174:
   qidv0:
/var/tmp/fcpFAAa09174:
   qjaddp:
/var/tmp/fcpFAAa09174:
   qjeig:
/var/tmp/fcpFAAa09174:
   qjfoxw:
/var/tmp/fcpFAAa09174:
   qjhemi:
/var/tmp/fcpFAAa09174:
   qjlucl:
/var/tmp/fcpFAAa09174:
   qjmdcl:
/var/tmp/fcpFAAa09174:
   qjmiss:
/var/tmp/fcpFAAa09174:
   qjmmcl:
/var/tmp/fcpFAAa09174:
   qjoptm:
/var/tmp/fcpFAAa09174:
   qjoptr:
/var/tmp/fcpFAAa09174:
   qjptcl:
/var/tmp/fcpFAAa09174:
   qjsave:
/var/tmp/fcpFAAa09174:
   qjset0:
/var/tmp/fcpFAAa09174:
   qjset1:
/var/tmp/fcpFAAa09174:
   qjsetu:
/var/tmp/fcpFAAa09174:
   qjsphe:
/var/tmp/fcpFAAa09174:
   qjtens:
/var/tmp/fcpFAAa09174:
   qjthru:
/var/tmp/fcpFAAa09174:
   qkblok:
/var/tmp/fcpFAAa09174:
   qkinkt:
/var/tmp/fcpFAAa09174:
   qkinkv:
/var/tmp/fcpFAAa09174:
   qlitk:
/var/tmp/fcpFAAa09174:
   qlock:
/var/tmp/fcpFAAa09174:
   qlock2:
/var/tmp/fcpFAAa09174:
   qlrev:
/var/tmp/fcpFAAa09174:
   qlrev2:
/var/tmp/fcpFAAa09174:
   qltrk:
/var/tmp/fcpFAAa09174:
   qluitk:
/var/tmp/fcpFAAa09174:
   qlutrk:
/var/tmp/fcpFAAa09174:
   qlv0t:
/var/tmp/fcpFAAa09174:
   qlv0v:
/var/tmp/fcpFAAa09174:
   qlzer:
/var/tmp/fcpFAAa09174:
   qlzer2:
/var/tmp/fcpFAAa09174:
   qmasv0:
/var/tmp/fcpFAAa09174:
   qmthru:
/var/tmp/fcpFAAa09174:
   qmuido:
/var/tmp/fcpFAAa09174:
   qmunew:
/var/tmp/fcpFAAa09174:
   qnucl:
/var/tmp/fcpFAAa09174:
   qpadx:
/var/tmp/fcpFAAa09174:
   qpairf:
/var/tmp/fcpFAAa09174:
   qpcorr:
/var/tmp/fcpFAAa09174:
   qpvmcd:
   qpvmen:
   qpvmes:
   qpvmex:
   qpvmgt:
   qpvmim:
   qpvmis:
   qpvmof:
   qpvmte:
   qpvmti:
   qpvmwr:
/var/tmp/fcpFAAa09174:
   qsefmc:
/var/tmp/fcpFAAa09174:
   qsmcef:
/var/tmp/fcpFAAa09174:
   qstru:
/var/tmp/fcpFAAa09174:
   qtruz:
/var/tmp/fcpFAAa09174:
   qumupr:
/var/tmp/fcpFAAa09174:
   qvdhit:
/var/tmp/fcpFAAa09174:
   qvkink:
/var/tmp/fcpFAAa09174:
   qvtruh:
/var/tmp/fcpFAAa09174:
   qwhich_bp:
/var/tmp/fcpFAAa09174:
   qwhich_en:
/var/tmp/fcpFAAa09174:
   qwrfsevt:
/var/tmp/fcpFAAa09174:
   qwrqwse:
/var/tmp/fcpFAAa09174:
   qwrsevt:
/var/tmp/fcpFAAa09174:
   qxtrap:
/var/tmp/fcpFAAa09174:
   qyfit:
/var/tmp/fcpFAAa09174:
   qyfitc:
/var/tmp/fcpFAAa09174:
   qyfitv:
/var/tmp/fcpFAAa09174:
   qyftmc:
/var/tmp/fcpFAAa09174:
   sibkcl:
/var/tmp/fcpFAAa09174:
   siclid:
/var/tmp/fcpFAAa09174:
   txtree:
   txwclo:
   txwhea:
   txline:
   txkod:
/var/tmp/fcpFAAa09174:
   vdhitmatch:
/var/tmp/fcpFAAa09174:
   vdhmatch:
/var/tmp/fcpFAAa09174:
   xceqan:
/var/tmp/fcpFAAa09174:
   xmrmp:
/var/tmp/fcpFAAa09174:
   xpeqan:
/var/tmp/fcpFAAa09174:
   xpeqor:
/var/tmp/fcpFAAa09174:
   xpequ:
