/var/tmp/fcpFAAa19845:
   MAIN aamain:
/var/tmp/fcpFAAa19845:
   aboldr:
/var/tmp/fcpFAAa19845:
   ajmmcl:
/var/tmp/fcpFAAa19845:
   algtwa:
/var/tmp/fcpFAAa19845:
   almmcl:
/var/tmp/fcpFAAa19845:
   altime:
/var/tmp/fcpFAAa19845:
   aulpol:
/var/tmp/fcpFAAa19862:
   bcalju:
/var/tmp/fcpFAAa19862:
   bccrun:
/var/tmp/fcpFAAa19862:
   bcfile:
       entry    bcinit:
/var/tmp/fcpFAAa19862:
   bcgete:
/var/tmp/fcpFAAa19862:
   bcpack:
   centrd:
/var/tmp/fcpFAAa19862:
   binijo:
/var/tmp/fcpFAAa19862:
   biniru:
/var/tmp/fcpFAAa19862:
   bmsum:
/var/tmp/fcpFAAa19862:
   bpreda:
/var/tmp/fcpFAAa19862:
   bprsum:
/var/tmp/fcpFAAa19862:
   bslowc:
/var/tmp/fcpFAAa19887:
   cabook:
/var/tmp/fcpFAAa19887:
   calrec:
/var/tmp/fcpFAAa19887:
   calrel:
/var/tmp/fcpFAAa19887:
   calrep:
/var/tmp/fcpFAAa19887:
   calsup:
/var/tmp/fcpFAAa19887:
   cashet:
/var/tmp/fcpFAAa19887:
   casmp:
/var/tmp/fcpFAAa19887:
   casneu:
/var/tmp/fcpFAAa19887:
   casnmp:
/var/tmp/fcpFAAa19887:
   cclorl:
/var/tmp/fcpFAAa19887:
   cctrmi:
/var/tmp/fcpFAAa19887:
   ccutpe:
/var/tmp/fcpFAAa19887:
   cdang:
/var/tmp/fcpFAAa19887:
   cdths:
/var/tmp/fcpFAAa19887:
   cegclu:
/var/tmp/fcpFAAa19887:
   cencch:
/var/tmp/fcpFAAa19887:
   cencne:
/var/tmp/fcpFAAa19887:
   cesclu:
/var/tmp/fcpFAAa19887:
   cexcob:
/var/tmp/fcpFAAa19887:
   cexhis:
/var/tmp/fcpFAAa19887:
   cfpass:
/var/tmp/fcpFAAa19887:
   cfpmip:
/var/tmp/fcpFAAa19887:
   cfpnmp:
/var/tmp/fcpFAAa19887:
   cgrunc:
/var/tmp/fcpFAAa19887:
   chclu:
/var/tmp/fcpFAAa19887:
   chgclu:
/var/tmp/fcpFAAa19887:
   chsclu:
/var/tmp/fcpFAAa19887:
   cinijo:
/var/tmp/fcpFAAa19887:
   cinirl:
/var/tmp/fcpFAAa19887:
   cinpar:
/var/tmp/fcpFAAa19887:
   cinsrl:
/var/tmp/fcpFAAa19887:
   cisgam:
/var/tmp/fcpFAAa19887:
   cishit:
/var/tmp/fcpFAAa19887:
   cludis:
/var/tmp/fcpFAAa19887:
   cmoni:
/var/tmp/fcpFAAa19887:
   cnighb:
/var/tmp/fcpFAAa19887:
   coslst:
/var/tmp/fcpFAAa19887:
   cpadwr:
/var/tmp/fcpFAAa19887:
   cparad:
/var/tmp/fcpFAAa19887:
   cpotcr:
/var/tmp/fcpFAAa19887:
   cpoteh:
/var/tmp/fcpFAAa19887:
   cpotlc:
/var/tmp/fcpFAAa19887:
   cptcom:
/var/tmp/fcpFAAa19887:
   crcalo:
/var/tmp/fcpFAAa19887:
   crchrl:
/var/tmp/fcpFAAa19887:
   crcjob:
/var/tmp/fcpFAAa19887:
   crcpar:
/var/tmp/fcpFAAa19887:
   crhclu:
/var/tmp/fcpFAAa19887:
   cthclu:
/var/tmp/fcpFAAa19887:
   ctkchg:
/var/tmp/fcpFAAa19887:
   ctrmip:
/var/tmp/fcpFAAa19887:
   ctrpar:
/var/tmp/fcpFAAa19887:
   ctrtoc:
/var/tmp/fcpFAAa19887:
   cvrify:
/var/tmp/fcpFAAa20041:
   e1bpei:
/var/tmp/fcpFAAa20041:
   e2bpei:
/var/tmp/fcpFAAa20041:
   e3bpei:
/var/tmp/fcpFAAa20041:
   e4bary:
/var/tmp/fcpFAAa20041:
   e4cosz:
/var/tmp/fcpFAAa20041:
   e4dead:
/var/tmp/fcpFAAa20041:
   e4deij:
/var/tmp/fcpFAAa20041:
   e4fdij:
/var/tmp/fcpFAAa20041:
   e4fide:
/var/tmp/fcpFAAa20041:
   e4find:
/var/tmp/fcpFAAa20041:
   e4fnec:
/var/tmp/fcpFAAa20041:
   fracst:
/var/tmp/fcpFAAa20041:
   e4gtbr:
/var/tmp/fcpFAAa20041:
   e4gtpl:
/var/tmp/fcpFAAa20041:
   e4gtso:
/var/tmp/fcpFAAa20041:
   e4gtst:
/var/tmp/fcpFAAa20041:
   e4gttw:
/var/tmp/fcpFAAa20041:
   e4indi:
/var/tmp/fcpFAAa20041:
   e4lea1:
/var/tmp/fcpFAAa20041:
   e4ovrl:
/var/tmp/fcpFAAa20041:
   e4pal:
/var/tmp/fcpFAAa20041:
   e4r1r2:
/var/tmp/fcpFAAa20041:
   e4r2r3:
/var/tmp/fcpFAAa20041:
   e4r3r4:
/var/tmp/fcpFAAa20041:
   e4radc:
/var/tmp/fcpFAAa20041:
   e4res2:
/var/tmp/fcpFAAa20041:
   e4res3:
/var/tmp/fcpFAAa20041:
   e4tstl:
/var/tmp/fcpFAAa20041:
   e4xyz0:
/var/tmp/fcpFAAa20041:
   eautop:
/var/tmp/fcpFAAa20041:
   ebegid:
/var/tmp/fcpFAAa20041:
   eboxki:
/var/tmp/fcpFAAa20041:
   ecalig:
/var/tmp/fcpFAAa20041:
   ecblda:
/var/tmp/fcpFAAa20041:
   ecboba:
/var/tmp/fcpFAAa20041:
   ecbook:
/var/tmp/fcpFAAa20041:
   eccaob:
/var/tmp/fcpFAAa20041:
   ecchkb:
/var/tmp/fcpFAAa20041:
   ecclco:
/var/tmp/fcpFAAa20041:
   ecclus:
/var/tmp/fcpFAAa20041:
   ecdamp:
/var/tmp/fcpFAAa20041:
   ecdebg:
/var/tmp/fcpFAAa20041:
   ecdete:
/var/tmp/fcpFAAa20041:
   ecdigi:
/var/tmp/fcpFAAa20041:
   ecener:
/var/tmp/fcpFAAa20041:
   eceras:
/var/tmp/fcpFAAa20041:
   ecfclu:
/var/tmp/fcpFAAa20041:
   ecfibt:
/var/tmp/fcpFAAa20041:
   ecfils:
/var/tmp/fcpFAAa20041:
   ecfmip:
/var/tmp/fcpFAAa20041:
   ecfobj:
/var/tmp/fcpFAAa20041:
   ecgflw:
/var/tmp/fcpFAAa20041:
   ecgmix:
/var/tmp/fcpFAAa20041:
   echarg:
/var/tmp/fcpFAAa20041:
   echcgl:
/var/tmp/fcpFAAa20041:
   echedc:
/var/tmp/fcpFAAa20041:
   echiba:
/var/tmp/fcpFAAa20041:
   echist:
/var/tmp/fcpFAAa20041:
   echtag:
/var/tmp/fcpFAAa20041:
   ecinit:
/var/tmp/fcpFAAa20041:
   ecinrv:
/var/tmp/fcpFAAa20041:
   eclamp:
/var/tmp/fcpFAAa20041:
   eclana:
/var/tmp/fcpFAAa20041:
   ecleib:
/var/tmp/fcpFAAa20041:
   eclgeo:
/var/tmp/fcpFAAa20041:
   eclope:
/var/tmp/fcpFAAa20041:
   eclorl:
/var/tmp/fcpFAAa20041:
   eclost:
/var/tmp/fcpFAAa20041:
   ecltag:
/var/tmp/fcpFAAa20041:
   ecltrk:
/var/tmp/fcpFAAa20041:
   ecltyp:
/var/tmp/fcpFAAa20041:
   ecluar:
/var/tmp/fcpFAAa20041:
   ecmesp:
/var/tmp/fcpFAAa20041:
   ecmod:
/var/tmp/fcpFAAa20041:
   ecmopl:
/var/tmp/fcpFAAa20041:
   ecncob:
/var/tmp/fcpFAAa20041:
   ecobnk:
/var/tmp/fcpFAAa20041:
   ecoent:
/var/tmp/fcpFAAa20041:
   ecoidp:
/var/tmp/fcpFAAa20041:
   ecos:
/var/tmp/fcpFAAa20041:
   ecpad:
/var/tmp/fcpFAAa20041:
   ecpasr:
/var/tmp/fcpFAAa20041:
   ecplm:
/var/tmp/fcpFAAa20041:
   ecprin:
/var/tmp/fcpFAAa20041:
   ecprlo:
/var/tmp/fcpFAAa20041:
   ecrcob:
/var/tmp/fcpFAAa20041:
   ecre4d:
/var/tmp/fcpFAAa20041:
   ecreib:
/var/tmp/fcpFAAa20041:
   ecrmip:
/var/tmp/fcpFAAa20041:
   ecrndx:
/var/tmp/fcpFAAa20041:
   ecrpei:
/var/tmp/fcpFAAa20041:
   ecrtr:
/var/tmp/fcpFAAa20041:
   ecrunq:
/var/tmp/fcpFAAa20041:
   ecscmd:
/var/tmp/fcpFAAa20041:
   ecst:
/var/tmp/fcpFAAa20041:
   ecsupp:
/var/tmp/fcpFAAa20041:
   ecsw1093:
/var/tmp/fcpFAAa20041:
   ecsw94:
/var/tmp/fcpFAAa20041:
   ectemp:
/var/tmp/fcpFAAa20041:
   ecthre:
/var/tmp/fcpFAAa20041:
   ectopo:
/var/tmp/fcpFAAa20041:
   ectpc:
/var/tmp/fcpFAAa20041:
   ectrap:
/var/tmp/fcpFAAa20041:
   ectrea:
/var/tmp/fcpFAAa20041:
   ecxmod:
/var/tmp/fcpFAAa20041:
   edisal:
/var/tmp/fcpFAAa20041:
   edlist:
/var/tmp/fcpFAAa20041:
   efaxe:
/var/tmp/fcpFAAa20041:
   efbook:
/var/tmp/fcpFAAa20041:
   eferrr:
/var/tmp/fcpFAAa20041:
   eficlp:
/var/tmp/fcpFAAa20041:
   eficv:
/var/tmp/fcpFAAa20041:
   efiecp:
/var/tmp/fcpFAAa20041:
   efieib:
/var/tmp/fcpFAAa20041:
   efijob:
/var/tmp/fcpFAAa20041:
   efixi94:
/var/tmp/fcpFAAa20041:
   eflcst:
/var/tmp/fcpFAAa20041:
   efolmk:
/var/tmp/fcpFAAa20041:
   efpard:
/var/tmp/fcpFAAa20041:
   eftiel:
/var/tmp/fcpFAAa20041:
   egacst:
/var/tmp/fcpFAAa20041:
   egaest:
/var/tmp/fcpFAAa20041:
   egetds:
/var/tmp/fcpFAAa20041:
   egfcst:
/var/tmp/fcpFAAa20041:
   egttks:
/var/tmp/fcpFAAa20041:
   ehcflo:
/var/tmp/fcpFAAa20041:
   ehlix:
/var/tmp/fcpFAAa20041:
   ehreg:
/var/tmp/fcpFAAa20041:
   eidedx:
/var/tmp/fcpFAAa20041:
   eident:
/var/tmp/fcpFAAa20041:
   eieffl:
/var/tmp/fcpFAAa20041:
   einhlx:
/var/tmp/fcpFAAa20041:
   einijo:
/var/tmp/fcpFAAa20041:
   einirl:
/var/tmp/fcpFAAa20041:
   einiru:
/var/tmp/fcpFAAa20041:
   einitk:
/var/tmp/fcpFAAa20041:
   einsrl:
/var/tmp/fcpFAAa20041:
   eipard:
/var/tmp/fcpFAAa20041:
   eithr:
/var/tmp/fcpFAAa20041:
   eknewb:
/var/tmp/fcpFAAa20041:
   eknewe:
/var/tmp/fcpFAAa20041:
   elecid:
/var/tmp/fcpFAAa20041:
   elongi:
/var/tmp/fcpFAAa20041:
   emfill:
/var/tmp/fcpFAAa20041:
   emskei:
/var/tmp/fcpFAAa20041:
   emskev:
/var/tmp/fcpFAAa20041:
   emskf:
/var/tmp/fcpFAAa20041:
   emski:
/var/tmp/fcpFAAa20041:
   emskji:
/var/tmp/fcpFAAa20041:
   emskmu:
/var/tmp/fcpFAAa20041:
   enfmsk:
/var/tmp/fcpFAAa20041:
   enighb:
/var/tmp/fcpFAAa20041:
   enoise:
/var/tmp/fcpFAAa20041:
   enprox:
/var/tmp/fcpFAAa20041:
   enstat:
/var/tmp/fcpFAAa20041:
   epadcl:
/var/tmp/fcpFAAa20041:
   epatrn:
/var/tmp/fcpFAAa20041:
   epcalo:
/var/tmp/fcpFAAa20041:
   epchg:
/var/tmp/fcpFAAa20041:
   epneu:
/var/tmp/fcpFAAa20041:
   epreda:
/var/tmp/fcpFAAa20041:
   eproba:
/var/tmp/fcpFAAa20041:
   eprsto:
/var/tmp/fcpFAAa20041:
   eprsum:
/var/tmp/fcpFAAa20041:
   eprtpc:
/var/tmp/fcpFAAa20041:
   ercupi:
/var/tmp/fcpFAAa20041:
   ercupr:
/var/tmp/fcpFAAa20041:
   ereset:
/var/tmp/fcpFAAa20041:
   eroad:
/var/tmp/fcpFAAa20041:
   escdef:
/var/tmp/fcpFAAa20041:
   escoun:
/var/tmp/fcpFAAa20041:
   esfil:
/var/tmp/fcpFAAa20041:
   eslas:
/var/tmp/fcpFAAa20041:
   eslct:
/var/tmp/fcpFAAa20041:
   eslctf:
/var/tmp/fcpFAAa20041:
   eslowc:
/var/tmp/fcpFAAa20041:
   estag:
/var/tmp/fcpFAAa20041:
   esveto:
/var/tmp/fcpFAAa20041:
   eswpst:
/var/tmp/fcpFAAa20041:
   etdifp:
/var/tmp/fcpFAAa20041:
   ethres:
/var/tmp/fcpFAAa20041:
   etrdev:
/var/tmp/fcpFAAa20041:
   ewdifp:
/var/tmp/fcpFAAa20041:
   ewircl:
/var/tmp/fcpFAAa20041:
   ex3ijk:
/var/tmp/fcpFAAa20786:
   fawian:
/var/tmp/fcpFAAa20786:
   fcfrid:
/var/tmp/fcpFAAa20786:
   fdetco:
/var/tmp/fcpFAAa20786:
   ffield:
/var/tmp/fcpFAAa20786:
   fidhea:
/var/tmp/fcpFAAa20786:
   fidrot:
/var/tmp/fcpFAAa20786:
   finiru:
/var/tmp/fcpFAAa20786:
   fitall:
/var/tmp/fcpFAAa20786:
   fitwri:
/var/tmp/fcpFAAa20786:
   fkink:
/var/tmp/fcpFAAa20786:
   fkkpar:
/var/tmp/fcpFAAa20786:
   flngv0:
/var/tmp/fcpFAAa20786:
   floweh:
/var/tmp/fcpFAAa20786:
   flowfi:
/var/tmp/fcpFAAa20786:
   flowtr:
/var/tmp/fcpFAAa20786:
   flv0dx:
/var/tmp/fcpFAAa20786:
   fmuid:
/var/tmp/fcpFAAa20786:
   fpiden:
/var/tmp/fcpFAAa20786:
   fpmove:
/var/tmp/fcpFAAa20786:
   frefit:
/var/tmp/fcpFAAa20786:
   frmhit:
/var/tmp/fcpFAAa20786:
   ftpcer:
/var/tmp/fcpFAAa20786:
   ftrack:
/var/tmp/fcpFAAa21396:
   gambnk:
/var/tmp/fcpFAAa21396:
   gapeco:
/var/tmp/fcpFAAa21396:
   gasteer:
/var/tmp/fcpFAAa21414:
   hcalib:
/var/tmp/fcpFAAa21414:
   hcalrd:
/var/tmp/fcpFAAa21414:
   hcatow:
/var/tmp/fcpFAAa21414:
   hcbhis:
/var/tmp/fcpFAAa21414:
   hcfclu:
/var/tmp/fcpFAAa21414:
   hchist:
/var/tmp/fcpFAAa21414:
   hclcra:
/var/tmp/fcpFAAa21414:
   hcltst:
/var/tmp/fcpFAAa21414:
   hclufi:
/var/tmp/fcpFAAa21414:
   hcorfc:
/var/tmp/fcpFAAa21414:
   hcos:
/var/tmp/fcpFAAa21414:
   hcsimm:
/var/tmp/fcpFAAa21414:
   hdgdeb:
/var/tmp/fcpFAAa21414:
   hdgfil:
/var/tmp/fcpFAAa21414:
   hdgpot:
/var/tmp/fcpFAAa21414:
   hdgsum:
/var/tmp/fcpFAAa21414:
   hdprec:
/var/tmp/fcpFAAa21414:
   hdspre:
/var/tmp/fcpFAAa21414:
   hflnoi:
/var/tmp/fcpFAAa21414:
   hinijo:
/var/tmp/fcpFAAa21414:
   hiniru:
/var/tmp/fcpFAAa21414:
   hmener:
/var/tmp/fcpFAAa21414:
   hmfind:
/var/tmp/fcpFAAa21414:
   hmroad:
/var/tmp/fcpFAAa21414:
   hnoise:
/var/tmp/fcpFAAa21414:
   hnoisy:
/var/tmp/fcpFAAa21414:
   hpatco:
/var/tmp/fcpFAAa21414:
   hphnoi:
/var/tmp/fcpFAAa21414:
   hplink:
/var/tmp/fcpFAAa21414:
   hprana:
/var/tmp/fcpFAAa21414:
   hpranp:
/var/tmp/fcpFAAa21414:
   hprdig:
/var/tmp/fcpFAAa21414:
   hpreda:
/var/tmp/fcpFAAa21414:
   hprpot:
/var/tmp/fcpFAAa21414:
   hprsum:
/var/tmp/fcpFAAa21414:
   hprunc:
/var/tmp/fcpFAAa21414:
   hrcomp:
/var/tmp/fcpFAAa21414:
   hrcpat:
/var/tmp/fcpFAAa21414:
   hrdcal:
/var/tmp/fcpFAAa21414:
   hroad:
/var/tmp/fcpFAAa21414:
   hslink:
/var/tmp/fcpFAAa21414:
   hslowc:
/var/tmp/fcpFAAa21414:
   hspare:
/var/tmp/fcpFAAa21414:
   hsptre:
/var/tmp/fcpFAAa21414:
   hstofi:
/var/tmp/fcpFAAa21414:
   htrack:
/var/tmp/fcpFAAa21414:
   htubfi:
/var/tmp/fcpFAAa21414:
   htwcr:
/var/tmp/fcpFAAa21414:
   hvmask:
/var/tmp/fcpFAAa21748:
   iasign:
/var/tmp/fcpFAAa21748:
   iattma:
/var/tmp/fcpFAAa21748:
   ibnkin:
/var/tmp/fcpFAAa21748:
   icaswt:
/var/tmp/fcpFAAa21748:
   icftoi:
/var/tmp/fcpFAAa21748:
   iclimb:
/var/tmp/fcpFAAa21748:
   icrcco:
/var/tmp/fcpFAAa21748:
   ideadw:
/var/tmp/fcpFAAa21748:
   idigpr:
/var/tmp/fcpFAAa21748:
   ienang:
/var/tmp/fcpFAAa21748:
   ifind1:
/var/tmp/fcpFAAa21748:
   ifind2:
/var/tmp/fcpFAAa21748:
   ifitp:
/var/tmp/fcpFAAa21748:
   iftrak:
/var/tmp/fcpFAAa21748:
   igetti:
/var/tmp/fcpFAAa21748:
   igettp:
/var/tmp/fcpFAAa21748:
   igicha:
/var/tmp/fcpFAAa21748:
   iheler:
/var/tmp/fcpFAAa21748:
   iinijo:
/var/tmp/fcpFAAa21748:
   iiniru:
/var/tmp/fcpFAAa21748:
   iintrk:
/var/tmp/fcpFAAa21748:
   imatch:
/var/tmp/fcpFAAa21748:
   inigap:
/var/tmp/fcpFAAa21748:
   insect:
/var/tmp/fcpFAAa21748:
   intrak:
/var/tmp/fcpFAAa21748:
   ipakdi:
/var/tmp/fcpFAAa21748:
   ipdsti:
/var/tmp/fcpFAAa21748:
   iphcor:
/var/tmp/fcpFAAa21748:
   ipreda:
/var/tmp/fcpFAAa21748:
   iprsum:
/var/tmp/fcpFAAa21748:
   ipstat:
/var/tmp/fcpFAAa21748:
   irefin:
/var/tmp/fcpFAAa21748:
   ireopd:
/var/tmp/fcpFAAa21748:
   isave:
/var/tmp/fcpFAAa21748:
   ishuff:
/var/tmp/fcpFAAa21748:
   ishufl:
/var/tmp/fcpFAAa21748:
   islowc:
/var/tmp/fcpFAAa21748:
   isrch:
/var/tmp/fcpFAAa21748:
   itbook:
/var/tmp/fcpFAAa21748:
   itccut:
/var/tmp/fcpFAAa21748:
   itcopr:
/var/tmp/fcpFAAa21748:
   itcrec:
/var/tmp/fcpFAAa21748:
   itcrep:
/var/tmp/fcpFAAa21748:
   itctpc:
/var/tmp/fcpFAAa21748:
   itctrk:
/var/tmp/fcpFAAa21748:
   itcxng:
/var/tmp/fcpFAAa21748:
   iterr:
/var/tmp/fcpFAAa21748:
   itextn:
/var/tmp/fcpFAAa21748:
   ithist:
/var/tmp/fcpFAAa21748:
   itidy1:
/var/tmp/fcpFAAa21748:
   itidy2:
/var/tmp/fcpFAAa21748:
   itlnk1:
/var/tmp/fcpFAAa21748:
   itlnk2:
/var/tmp/fcpFAAa21748:
   itpcan:
/var/tmp/fcpFAAa21748:
   itrak:
/var/tmp/fcpFAAa21748:
   itrecf:
/var/tmp/fcpFAAa21748:
   itreci:
/var/tmp/fcpFAAa21748:
   itree:
/var/tmp/fcpFAAa21748:
   itrkci:
/var/tmp/fcpFAAa21748:
   itrkeq:
/var/tmp/fcpFAAa21748:
   itrkzr:
/var/tmp/fcpFAAa21748:
   itrmca:
/var/tmp/fcpFAAa23475:
   laccep:
   lfiduc:
/var/tmp/fcpFAAa23475:
   lasym:
/var/tmp/fcpFAAa23475:
   lbhab:
/var/tmp/fcpFAAa23475:
   lbhcor:
/var/tmp/fcpFAAa23475:
   lbindx:
/var/tmp/fcpFAAa23475:
   lbldba:
/var/tmp/fcpFAAa23475:
   lbnkpr:
/var/tmp/fcpFAAa23475:
   lbunca:
/var/tmp/fcpFAAa23475:
   lcalib:
/var/tmp/fcpFAAa23475:
   lcarec:
/var/tmp/fcpFAAa23475:
   lcbook:
/var/tmp/fcpFAAa23475:
   lchist:
/var/tmp/fcpFAAa23475:
   lclust:
/var/tmp/fcpFAAa23475:
   lclutw:
/var/tmp/fcpFAAa23475:
   lcorrc:
/var/tmp/fcpFAAa23475:
   lcpaxy:
/var/tmp/fcpFAAa23475:
   lcrpot:
/var/tmp/fcpFAAa23475:
   lcsave:
/var/tmp/fcpFAAa23475:
   ldirtw:
/var/tmp/fcpFAAa23475:
   lelect:
/var/tmp/fcpFAAa23475:
   lenlis:
/var/tmp/fcpFAAa23475:
   lestim:
/var/tmp/fcpFAAa23475:
   lfourc:
/var/tmp/fcpFAAa23475:
   lgngbx:
/var/tmp/fcpFAAa23475:
   lhvsta:
/var/tmp/fcpFAAa23475:
   lidcod:
/var/tmp/fcpFAAa23475:
   linijo:
/var/tmp/fcpFAAa23475:
   liniru:
/var/tmp/fcpFAAa23475:
   lolerr:
/var/tmp/fcpFAAa23475:
   lprcal:
/var/tmp/fcpFAAa23475:
   lpreda:
/var/tmp/fcpFAAa23475:
   lpremc:
/var/tmp/fcpFAAa23475:
   lprepo:
/var/tmp/fcpFAAa23475:
   lprerw:
/var/tmp/fcpFAAa23475:
   lprlum:
/var/tmp/fcpFAAa23475:
   lprsum:
/var/tmp/fcpFAAa23475:
   lselba:
/var/tmp/fcpFAAa23475:
   lselbh:
/var/tmp/fcpFAAa23475:
   lsingl:
/var/tmp/fcpFAAa23475:
   lslowc:
/var/tmp/fcpFAAa23475:
   lstati:
/var/tmp/fcpFAAa23475:
   lsumam:
/var/tmp/fcpFAAa23475:
   ltgbit:
/var/tmp/fcpFAAa23475:
   ltgtyp:
/var/tmp/fcpFAAa23475:
   ltrace:
/var/tmp/fcpFAAa23475:
   ltrack:
/var/tmp/fcpFAAa23475:
   ltrigs:
/var/tmp/fcpFAAa23475:
   lupacr:
/var/tmp/fcpFAAa23475:
   lupain:
/var/tmp/fcpFAAa23762:
   mginig:
/var/tmp/fcpFAAa23762:
   minhea:
/var/tmp/fcpFAAa23762:
   minijo:
/var/tmp/fcpFAAa23762:
   miniru:
/var/tmp/fcpFAAa23762:
   modroc:
/var/tmp/fcpFAAa23762:
   mpreda:
/var/tmp/fcpFAAa23762:
   mpredg:
/var/tmp/fcpFAAa23762:
   mpredm:
/var/tmp/fcpFAAa23762:
   mprsum:
/var/tmp/fcpFAAa23762:
   mslowc:
/var/tmp/fcpFAAa23762:
   mualcm:
/var/tmp/fcpFAAa23762:
   mualco:
/var/tmp/fcpFAAa23762:
   muass:
/var/tmp/fcpFAAa23762:
   mubook:
/var/tmp/fcpFAAa23762:
   mucomp:
/var/tmp/fcpFAAa23762:
   mucuts:
/var/tmp/fcpFAAa23762:
   muhist:
/var/tmp/fcpFAAa23762:
   muhitg:
/var/tmp/fcpFAAa23762:
   muhits:
/var/tmp/fcpFAAa23762:
   mukine:
/var/tmp/fcpFAAa23762:
   munewr:
/var/tmp/fcpFAAa23762:
   muredo:
/var/tmp/fcpFAAa23762:
   muslcm:
/var/tmp/fcpFAAa23762:
   muslco:
/var/tmp/fcpFAAa23762:
   mutest:
/var/tmp/fcpFAAa23847:
   obmfit:
/var/tmp/fcpFAAa23847:
   obsclr:
/var/tmp/fcpFAAa23847:
   obsinr:
/var/tmp/fcpFAAa23847:
   obspot:
/var/tmp/fcpFAAa23847:
   ocbfit:
/var/tmp/fcpFAAa23847:
   ocbpre:
/var/tmp/fcpFAAa23847:
   ogtblq:
/var/tmp/fcpFAAa23847:
   oinijo:
/var/tmp/fcpFAAa23847:
   oiniru:
/var/tmp/fcpFAAa23847:
   olspod:
/var/tmp/fcpFAAa23847:
   olspot:
/var/tmp/fcpFAAa23847:
   olspou:
/var/tmp/fcpFAAa23847:
   ombook:
/var/tmp/fcpFAAa23847:
   ombopt:
/var/tmp/fcpFAAa23847:
   ombout:
/var/tmp/fcpFAAa23847:
   ombpos:
/var/tmp/fcpFAAa23847:
   ombrec:
/var/tmp/fcpFAAa23847:
   omcorr:
/var/tmp/fcpFAAa23847:
   omcrun:
/var/tmp/fcpFAAa23847:
   omdata:
/var/tmp/fcpFAAa23847:
   omgain:
/var/tmp/fcpFAAa23847:
   omhist:
/var/tmp/fcpFAAa23847:
   omipos:
/var/tmp/fcpFAAa23847:
   omread:
/var/tmp/fcpFAAa23847:
   oprsum:
/var/tmp/fcpFAAa23847:
   oslowc:
/var/tmp/fcpFAAa24001:
   pmskfi:
/var/tmp/fcpFAAa24001:
   prolot:
/var/tmp/fcpFAAa24001:
   pryfit:
/var/tmp/fcpFAAa24001:
   pvfill:
/var/tmp/fcpFAAa24015:
   qfmmcl:
/var/tmp/fcpFAAa24015:
   qgmmcl:
/var/tmp/fcpFAAa24022:
   rbkhis:
/var/tmp/fcpFAAa24022:
   rcjsum:
/var/tmp/fcpFAAa24022:
   rclean:
/var/tmp/fcpFAAa24022:
   rcljob:
/var/tmp/fcpFAAa24022:
   rclrun:
/var/tmp/fcpFAAa24022:
   rcpas0:
/var/tmp/fcpFAAa24022:
   rdcard:
/var/tmp/fcpFAAa24022:
   rdefio:
/var/tmp/fcpFAAa24022:
   rdefmi:
/var/tmp/fcpFAAa24022:
   rdefpo:
/var/tmp/fcpFAAa24022:
   rdetec:
/var/tmp/fcpFAAa24022:
   recevt:
/var/tmp/fcpFAAa24022:
   recons:
/var/tmp/fcpFAAa24022:
   reject:
/var/tmp/fcpFAAa24022:
   report:
/var/tmp/fcpFAAa24022:
   rerror:
/var/tmp/fcpFAAa24022:
   rfalcr:
/var/tmp/fcpFAAa24022:
   rfalee:
/var/tmp/fcpFAAa24022:
   rfalie:
/var/tmp/fcpFAAa24022:
   rfalij:
/var/tmp/fcpFAAa24022:
   rfalir:
/var/tmp/fcpFAAa24022:
   rfalpd:
/var/tmp/fcpFAAa24022:
   rfjcon:
/var/tmp/fcpFAAa24022:
   rforma:
/var/tmp/fcpFAAa24022:
   rgetdv:
/var/tmp/fcpFAAa24022:
   rhbook:
/var/tmp/fcpFAAa24022:
   rhsevt:
/var/tmp/fcpFAAa24022:
   rincnd:
/var/tmp/fcpFAAa24022:
   rinjob:
/var/tmp/fcpFAAa24022:
   rinrun:
/var/tmp/fcpFAAa24022:
   ripas0:
/var/tmp/fcpFAAa24022:
   rloopr:
/var/tmp/fcpFAAa24022:
   rltoch:
/var/tmp/fcpFAAa24022:
   rlutrf:
/var/tmp/fcpFAAa24022:
   rmonii:
/var/tmp/fcpFAAa24022:
   rmonit:
/var/tmp/fcpFAAa24022:
   rnxmod:
/var/tmp/fcpFAAa24022:
   rperrs:
/var/tmp/fcpFAAa24022:
   rpnamb:
/var/tmp/fcpFAAa24022:
   rpotcl:
/var/tmp/fcpFAAa24022:
   rpreda:
/var/tmp/fcpFAAa24022:
   rprsta:
/var/tmp/fcpFAAa24022:
   rprsum:
/var/tmp/fcpFAAa24022:
   rrevhe:
/var/tmp/fcpFAAa24022:
   rshrin:
/var/tmp/fcpFAAa24022:
   rsmjob:
/var/tmp/fcpFAAa24022:
   rtitle:
/var/tmp/fcpFAAa24022:
   rtlsum:
/var/tmp/fcpFAAa24022:
   rtmask:
/var/tmp/fcpFAAa24022:
   rtrigf:
/var/tmp/fcpFAAa24022:
   runkno:
/var/tmp/fcpFAAa24022:
   rvdpre:
/var/tmp/fcpFAAa24022:
   rwjubw:
/var/tmp/fcpFAAa24022:
   rwrevt:
/var/tmp/fcpFAAa24022:
   rwrunh:
/var/tmp/fcpFAAa24022:
   rzejob:
/var/tmp/fcpFAAa24022:
   rzergl:
/var/tmp/fcpFAAa24022:
   rzerun:
/var/tmp/fcpFAAa24184:
   sabook:
/var/tmp/fcpFAAa24184:
   sacocr:
/var/tmp/fcpFAAa24184:
   sacopr:
/var/tmp/fcpFAAa24184:
   sahist:
/var/tmp/fcpFAAa24184:
   satrec:
/var/tmp/fcpFAAa24184:
   sclupr:
/var/tmp/fcpFAAa24184:
   scoopr:
/var/tmp/fcpFAAa24184:
   sftrpr:
/var/tmp/fcpFAAa24184:
   sibkpr:
/var/tmp/fcpFAAa24184:
   sibook:
/var/tmp/fcpFAAa24184:
   sicaok:
/var/tmp/fcpFAAa24184:
   siclc2:
/var/tmp/fcpFAAa24184:
   siclco:
/var/tmp/fcpFAAa24184:
   siclean:
/var/tmp/fcpFAAa24184:
   siclus:
/var/tmp/fcpFAAa24184:
   sicrec:
/var/tmp/fcpFAAa24184:
   sicrpot:
/var/tmp/fcpFAAa24184:
   sicrun:
/var/tmp/fcpFAAa24184:
   sidamp:
/var/tmp/fcpFAAa24184:
   sidcor:
/var/tmp/fcpFAAa24184:
   sidsum:
/var/tmp/fcpFAAa24184:
   sidvoi:
/var/tmp/fcpFAAa24184:
   siecor:
/var/tmp/fcpFAAa24184:
   siepcr:
/var/tmp/fcpFAAa24184:
   siesum:
/var/tmp/fcpFAAa24184:
   sievst:
/var/tmp/fcpFAAa24184:
   sigaco:
/var/tmp/fcpFAAa24184:
   sigtdp:
/var/tmp/fcpFAAa24184:
   sigtwa:
/var/tmp/fcpFAAa24184:
   sihist:
/var/tmp/fcpFAAa24184:
   siinijo:
/var/tmp/fcpFAAa24184:
   siiniru:
/var/tmp/fcpFAAa24184:
   sijuke:
/var/tmp/fcpFAAa24184:
   silhcr:
/var/tmp/fcpFAAa24184:
   silist:
/var/tmp/fcpFAAa24184:
   silsum:
/var/tmp/fcpFAAa24184:
   siluad:
/var/tmp/fcpFAAa24184:
   silumi:
/var/tmp/fcpFAAa24184:
   silvoi:
/var/tmp/fcpFAAa24184:
   sinamx:
/var/tmp/fcpFAAa24184:
   sinijo:
/var/tmp/fcpFAAa24184:
   siniru:
/var/tmp/fcpFAAa24184:
   sipedfx:
/var/tmp/fcpFAAa24184:
   siphmod:
/var/tmp/fcpFAAa24184:
   sipreda:
/var/tmp/fcpFAAa24184:
   siprlum:
/var/tmp/fcpFAAa24184:
   siprsum:
/var/tmp/fcpFAAa24184:
   sipsum:
/var/tmp/fcpFAAa24184:
   sipvoi:
/var/tmp/fcpFAAa24184:
   sislowc:
/var/tmp/fcpFAAa24184:
   sisol2:
/var/tmp/fcpFAAa24184:
   sistat:
/var/tmp/fcpFAAa24184:
   siswap:
/var/tmp/fcpFAAa24184:
   sivois:
/var/tmp/fcpFAAa24184:
   skanpr:
/var/tmp/fcpFAAa24184:
   spatpr:
/var/tmp/fcpFAAa24184:
   spreda:
/var/tmp/fcpFAAa24184:
   spremc:
/var/tmp/fcpFAAa24184:
   sprpot:
/var/tmp/fcpFAAa24184:
   sprsum:
/var/tmp/fcpFAAa24184:
   sr2clu:
/var/tmp/fcpFAAa24184:
   sr2pat:
/var/tmp/fcpFAAa24184:
   sr3clu:
/var/tmp/fcpFAAa24184:
   sr3pat:
/var/tmp/fcpFAAa24184:
   sraddr:
/var/tmp/fcpFAAa24184:
   sralig:
/var/tmp/fcpFAAa24184:
   srbftr:
/var/tmp/fcpFAAa24184:
   srbtrk:
/var/tmp/fcpFAAa24184:
   srccop:
/var/tmp/fcpFAAa24184:
   srclip:
/var/tmp/fcpFAAa24184:
   srclus:
/var/tmp/fcpFAAa24184:
   srcons:
/var/tmp/fcpFAAa24184:
   srcoor:
/var/tmp/fcpFAAa24184:
   srcpat:
/var/tmp/fcpFAAa24184:
   srcuts:
/var/tmp/fcpFAAa24184:
   srdble:
/var/tmp/fcpFAAa24184:
   srdead:
/var/tmp/fcpFAAa24184:
   srdist:
/var/tmp/fcpFAAa24184:
   srdphb:
/var/tmp/fcpFAAa24184:
   srdtrk:
/var/tmp/fcpFAAa24184:
   sreald:
/var/tmp/fcpFAAa24184:
   srfhis:
/var/tmp/fcpFAAa24184:
   srfit0:
/var/tmp/fcpFAAa24184:
   srfit2:
/var/tmp/fcpFAAa24184:
   srfitf:
/var/tmp/fcpFAAa24184:
   srfltr:
/var/tmp/fcpFAAa24184:
   srftrk:
/var/tmp/fcpFAAa24184:
   srgeom:
/var/tmp/fcpFAAa24184:
   srihis:
/var/tmp/fcpFAAa24184:
   srinbs:
/var/tmp/fcpFAAa24184:
   srints:
/var/tmp/fcpFAAa24184:
   srkand:
/var/tmp/fcpFAAa24184:
   srlval:
/var/tmp/fcpFAAa24184:
   srmstr:
/var/tmp/fcpFAAa24184:
   srpatc:
/var/tmp/fcpFAAa24184:
   srprcn:
/var/tmp/fcpFAAa24184:
   srsel2:
/var/tmp/fcpFAAa24184:
   srselk:
/var/tmp/fcpFAAa24184:
   srselo:
/var/tmp/fcpFAAa24184:
   srstat:
/var/tmp/fcpFAAa24184:
   srsubs:
/var/tmp/fcpFAAa24184:
   srtdcn:
/var/tmp/fcpFAAa24184:
   srtdcr:
/var/tmp/fcpFAAa24184:
   srtrck:
/var/tmp/fcpFAAa24184:
   srunco:
/var/tmp/fcpFAAa24184:
   srupar:
/var/tmp/fcpFAAa24184:
   srupat:
/var/tmp/fcpFAAa24184:
   srwire:
/var/tmp/fcpFAAa24184:
   srwpa2:
/var/tmp/fcpFAAa24184:
   srwpar:
/var/tmp/fcpFAAa24184:
   sscpcr:
/var/tmp/fcpFAAa24184:
   sslowc:
/var/tmp/fcpFAAa24184:
   strkpr:
/var/tmp/fcpFAAa24184:
   supapr:
/var/tmp/fcpFAAa24184:
   swp2pr:
/var/tmp/fcpFAAa24184:
   swpapr:
/var/tmp/fcpFAAa24714:
   t1ftdp:
/var/tmp/fcpFAAa24714:
   taccmn:
/var/tmp/fcpFAAa24714:
   tarcdp:
/var/tmp/fcpFAAa24714:
   tatwin:
/var/tmp/fcpFAAa24714:
   tbcodp:
/var/tmp/fcpFAAa24714:
   tbnkin:
/var/tmp/fcpFAAa24714:
   tbprnt:
/var/tmp/fcpFAAa24714:
   tbval:
/var/tmp/fcpFAAa24714:
   tcaldp:
/var/tmp/fcpFAAa24714:
   tcdump:
/var/tmp/fcpFAAa24714:
   tchadp:
/var/tmp/fcpFAAa24714:
   tchsum:
/var/tmp/fcpFAAa24714:
   tclana:
/var/tmp/fcpFAAa24714:
   tclcor:
/var/tmp/fcpFAAa24714:
   tcldmp:
/var/tmp/fcpFAAa24714:
   tclpat:
/var/tmp/fcpFAAa24714:
   tclsng:
/var/tmp/fcpFAAa24714:
   tcludp:
/var/tmp/fcpFAAa24714:
   tclust:
/var/tmp/fcpFAAa24714:
   tco4pa:
/var/tmp/fcpFAAa24714:
   tcoalg:
/var/tmp/fcpFAAa24714:
   tcobin:
/var/tmp/fcpFAAa24714:
   tcodrv:
/var/tmp/fcpFAAa24714:
   tcoerr:
/var/tmp/fcpFAAa24714:
   tcogs3:
/var/tmp/fcpFAAa24714:
   tcoor:
/var/tmp/fcpFAAa24714:
   tcoort:
/var/tmp/fcpFAAa24714:
   tcothr:
/var/tmp/fcpFAAa24714:
   tcoul2:
/var/tmp/fcpFAAa24714:
   tcoul3:
/var/tmp/fcpFAAa24714:
   tcowa2:
/var/tmp/fcpFAAa24714:
   tcowa3:
/var/tmp/fcpFAAa24714:
   tcowav:
/var/tmp/fcpFAAa24714:
   tcowl2:
/var/tmp/fcpFAAa24714:
   tcptst:
/var/tmp/fcpFAAa24714:
   tcqgs3:
/var/tmp/fcpFAAa24714:
   tcshf1:
/var/tmp/fcpFAAa24714:
   tcshft:
/var/tmp/fcpFAAa24714:
   terpar:
/var/tmp/fcpFAAa24714:
   tfcand:
/var/tmp/fcpFAAa24714:
   tfchek:
/var/tmp/fcpFAAa24714:
   tfilpa:
/var/tmp/fcpFAAa24714:
   tfiltj:
/var/tmp/fcpFAAa24714:
   tfithl:
       entry    tfthed:
       entry    tfthec:
/var/tmp/fcpFAAa24714:
   tfitkf:
/var/tmp/fcpFAAa24714:
   tfittk:
/var/tmp/fcpFAAa24714:
   tflnk2:
/var/tmp/fcpFAAa24714:
   tflnks:
/var/tmp/fcpFAAa24714:
   tfpcoi:
/var/tmp/fcpFAAa24714:
   tfthel:
/var/tmp/fcpFAAa24714:
   tftpad:
/var/tmp/fcpFAAa24714:
   tftwtb:
/var/tmp/fcpFAAa24714:
   tgetqt:
/var/tmp/fcpFAAa24714:
   tgftdp:
/var/tmp/fcpFAAa24714:
   tgmadp:
/var/tmp/fcpFAAa24714:
   thpadd:
/var/tmp/fcpFAAa24714:
   thpcor:
/var/tmp/fcpFAAa24714:
   thpfdg:
/var/tmp/fcpFAAa24714:
   thtrow:
/var/tmp/fcpFAAa24714:
   tinijo:
/var/tmp/fcpFAAa24714:
   tiniru:
/var/tmp/fcpFAAa24714:
   tisfil:
/var/tmp/fcpFAAa24714:
   tislnd:
/var/tmp/fcpFAAa24714:
   tjtop:
/var/tmp/fcpFAAa24714:
   tkink:
/var/tmp/fcpFAAa24714:
   tksgdp:
/var/tmp/fcpFAAa24714:
   tlctdp:
/var/tmp/fcpFAAa24714:
   tlcons:
   tldelm:
   tladd:
   tlinit:
   tlovfl:
   tlnext:
   tlpop:
   tlscra:
/var/tmp/fcpFAAa24714:
   tmagnt:
/var/tmp/fcpFAAa24714:
   tmshel:
       entry    tmshed:
       entry    tmshec:
       entry    tmschi:
/var/tmp/fcpFAAa24714:
   tnhlfp:
/var/tmp/fcpFAAa24714:
   tovrlp:
/var/tmp/fcpFAAa24714:
   tpaddx:
/var/tmp/fcpFAAa24714:
   tpadfx:
/var/tmp/fcpFAAa24714:
   tpadpo:
/var/tmp/fcpFAAa24714:
   tpadpr:
/var/tmp/fcpFAAa24714:
   tpads:
/var/tmp/fcpFAAa24714:
   tpakbc:
/var/tmp/fcpFAAa24714:
   tpakco:
/var/tmp/fcpFAAa24714:
   tpakta:
/var/tmp/fcpFAAa24714:
   tpaktx:
/var/tmp/fcpFAAa24714:
   tparab:
/var/tmp/fcpFAAa24714:
   tpbook:
/var/tmp/fcpFAAa24714:
   tpcbun:
/var/tmp/fcpFAAa24714:
   tpcrec:
/var/tmp/fcpFAAa24714:
   tpcrun:
/var/tmp/fcpFAAa24714:
   tpct0:
/var/tmp/fcpFAAa24714:
   tpct0n:
/var/tmp/fcpFAAa24714:
   tpdels:
/var/tmp/fcpFAAa24714:
   tpdiag:
/var/tmp/fcpFAAa24714:
   tpdthr:
/var/tmp/fcpFAAa24714:
   tphist:
/var/tmp/fcpFAAa24714:
   tphsmr:
/var/tmp/fcpFAAa24714:
   tpk1co:
/var/tmp/fcpFAAa24714:
   tpkill:
/var/tmp/fcpFAAa24714:
   tplana:
/var/tmp/fcpFAAa24714:
   tppadd:
/var/tmp/fcpFAAa24714:
   tpreda:
/var/tmp/fcpFAAa24714:
   tprf2:
/var/tmp/fcpFAAa24714:
   tprfin:
/var/tmp/fcpFAAa24714:
   tprfx:
/var/tmp/fcpFAAa24714:
   tprlst:
/var/tmp/fcpFAAa24714:
   tprndm:
/var/tmp/fcpFAAa24714:
   tprsum:
/var/tmp/fcpFAAa24714:
   tpsmgt:
/var/tmp/fcpFAAa24714:
   tpsmr1:
/var/tmp/fcpFAAa24714:
   tpsort:
/var/tmp/fcpFAAa24714:
   tpstat:
/var/tmp/fcpFAAa24714:
   tpuldp:
/var/tmp/fcpFAAa24714:
   trdwp1:
/var/tmp/fcpFAAa24714:
   trdwp2:
/var/tmp/fcpFAAa24714:
   trdwp3:
/var/tmp/fcpFAAa24714:
   trefch:
/var/tmp/fcpFAAa24714:
   trefit:
/var/tmp/fcpFAAa24714:
   trempt:
/var/tmp/fcpFAAa24714:
   trftch:
/var/tmp/fcpFAAa24714:
   trhlx2:
Compiler error line 72 of ../t_/trhlx2.F: Utils: Sanity Check: Inconsistent internal data structures. (6933)
/var/tmp/fcpFAAa24714:
   trkdmp:
/var/tmp/fcpFAAa24714:
   trkels:
/var/tmp/fcpFAAa24714:
   trkfnd:
/var/tmp/fcpFAAa24714:
   trkmca:
/var/tmp/fcpFAAa24714:
   trkwra:
/var/tmp/fcpFAAa24714:
   trmvep:
/var/tmp/fcpFAAa24714:
   trncon:
/var/tmp/fcpFAAa24714:
   trphdi:
/var/tmp/fcpFAAa24714:
   trproj:
/var/tmp/fcpFAAa24714:
   trresc:
/var/tmp/fcpFAAa24714:
   trseek:
/var/tmp/fcpFAAa24714:
   trslnk:
/var/tmp/fcpFAAa24714:
   tsacha:
/var/tmp/fcpFAAa24714:
   tsaclu:
/var/tmp/fcpFAAa24714:
   tsacor:
/var/tmp/fcpFAAa24714:
   tsapat:
/var/tmp/fcpFAAa24714:
   tsatrk:
/var/tmp/fcpFAAa24714:
   tsawir:
/var/tmp/fcpFAAa24714:
   tsawtk:
/var/tmp/fcpFAAa24714:
   tscfil:
/var/tmp/fcpFAAa24714:
   tscidp:
/var/tmp/fcpFAAa24714:
   tscldp:
/var/tmp/fcpFAAa24714:
   tscoor:
/var/tmp/fcpFAAa24714:
   tseque:
/var/tmp/fcpFAAa24714:
   tsirdp:
/var/tmp/fcpFAAa24714:
   tslowc:
/var/tmp/fcpFAAa24714:
   tsmft:
/var/tmp/fcpFAAa24714:
   tsordp:
/var/tmp/fcpFAAa24714:
   tspudp:
/var/tmp/fcpFAAa24714:
   tsumvd:
/var/tmp/fcpFAAa24714:
   tszcor:
/var/tmp/fcpFAAa24714:
   ttloop:
/var/tmp/fcpFAAa24714:
   ttrunk:
/var/tmp/fcpFAAa24714:
   ttwodx:
/var/tmp/fcpFAAa24714:
   ttwosh:
/var/tmp/fcpFAAa24714:
   ttwosi:
/var/tmp/fcpFAAa24714:
   tvdvel:
/var/tmp/fcpFAAa24714:
   twinco:
/var/tmp/fcpFAAa24714:
   twindo:
/var/tmp/fcpFAAa24714:
   twires:
/var/tmp/fcpFAAa24714:
   twirez:
/var/tmp/fcpFAAa24714:
   twirfx:
/var/tmp/fcpFAAa24714:
   twpeak:
/var/tmp/fcpFAAa24714:
   twrrdp:

fort77: Warning: Compiler failure has occurred.
     Attempting to recompile failing compilation unit without optimization

/var/tmp/fcpFAAa24714:
   trhlx2:
/var/tmp/fcpFAAa25990:
   uctgft:
/var/tmp/fcpFAAa25990:
   ufitms:
/var/tmp/fcpFAAa25990:
   umxinv:
/var/tmp/fcpFAAa25990:
   unpack:
/var/tmp/fcpFAAa25990:
   usbook:
/var/tmp/fcpFAAa25990:
   uscjob:
/var/tmp/fcpFAAa25990:
   uscrun:
/var/tmp/fcpFAAa25990:
   ushist:
/var/tmp/fcpFAAa25990:
   usievt:
/var/tmp/fcpFAAa25990:
   usijob:
/var/tmp/fcpFAAa25990:
   usirun:
/var/tmp/fcpFAAa25990:
   uslowc:
/var/tmp/fcpFAAa25990:
   usprda:
/var/tmp/fcpFAAa25990:
   utdcbp:
/var/tmp/fcpFAAa25990:
   utlslf:
/var/tmp/fcpFAAa25990:
   uvpfit:
/var/tmp/fcpFAAa25990:
   uvpmat:
/var/tmp/fcpFAAa25990:
   uxsfit:
/var/tmp/fcpFAAa25990:
   uxsmat:
/var/tmp/fcpFAAa26097:
   vbmfit:
/var/tmp/fcpFAAa26097:
   vbsclr:
/var/tmp/fcpFAAa26097:
   vbsinr:
/var/tmp/fcpFAAa26097:
   vbspot:
/var/tmp/fcpFAAa26097:
   vcalcm:
/var/tmp/fcpFAAa26097:
   vcbfit:
/var/tmp/fcpFAAa26097:
   vcktrk:
/var/tmp/fcpFAAa26097:
   vclbnk:
/var/tmp/fcpFAAa26097:
   vcmean:
/var/tmp/fcpFAAa26097:
   vcrhot:
/var/tmp/fcpFAAa26097:
   vdalin:
/var/tmp/fcpFAAa26097:
   vdalsg:
/var/tmp/fcpFAAa26097:
   vdalxy:
/var/tmp/fcpFAAa26097:
   vdalzt:
/var/tmp/fcpFAAa26097:
   vdbgcl:
/var/tmp/fcpFAAa26097:
   vdbook:
/var/tmp/fcpFAAa26097:
   vdchst:
/var/tmp/fcpFAAa26097:
   vdcrun:
/var/tmp/fcpFAAa26097:
   vdecod:
/var/tmp/fcpFAAa26097:
   vdetok:
/var/tmp/fcpFAAa26097:
   vdfnam:
/var/tmp/fcpFAAa26097:
   vdfsup:
/var/tmp/fcpFAAa26097:
   vdgaus:
/var/tmp/fcpFAAa26097:
   vdgeph:
/var/tmp/fcpFAAa26097:
   vdgtht:
/var/tmp/fcpFAAa26097:
   vdgtmv:
/var/tmp/fcpFAAa26097:
   vdgtxl:
/var/tmp/fcpFAAa26097:
   vdhist:
/var/tmp/fcpFAAa26097:
   vdincp:
/var/tmp/fcpFAAa26097:
   vdismr:
/var/tmp/fcpFAAa26097:
   vdjacb:
/var/tmp/fcpFAAa26097:
   vdklcp:
/var/tmp/fcpFAAa26097:
   vdlink:
/var/tmp/fcpFAAa26097:
   vdmcef:
/var/tmp/fcpFAAa26097:
   vdmctr:
/var/tmp/fcpFAAa26097:
   vdmjln:
/var/tmp/fcpFAAa26097:
   vdmkce:
/var/tmp/fcpFAAa26097:
   vdmoni:
/var/tmp/fcpFAAa26097:
   vdmpin:
/var/tmp/fcpFAAa26097:
   vdmsup2:
/var/tmp/fcpFAAa26097:
   vdnois:
/var/tmp/fcpFAAa26097:
   vdosmr:
/var/tmp/fcpFAAa26097:
   vdpinh:
/var/tmp/fcpFAAa26097:
   vdrcun:
/var/tmp/fcpFAAa26097:
   vdrndm:
/var/tmp/fcpFAAa26097:
   vdrtan:
/var/tmp/fcpFAAa26097:
   vdsigm:
/var/tmp/fcpFAAa26097:
   vdsm95:
/var/tmp/fcpFAAa26097:
   vdsmap:
/var/tmp/fcpFAAa26097:
   vdstch:
/var/tmp/fcpFAAa26097:
   vdtan:
/var/tmp/fcpFAAa26097:
   vdwsdx:
/var/tmp/fcpFAAa26097:
   vdwsmr:
/var/tmp/fcpFAAa26097:
   vdxyzt:
/var/tmp/fcpFAAa26097:
   vhinit:
/var/tmp/fcpFAAa26097:
   vhotin:
/var/tmp/fcpFAAa26097:
   vinijo:
/var/tmp/fcpFAAa26097:
   viniru:
/var/tmp/fcpFAAa26097:
   vlcpos:
/var/tmp/fcpFAAa26097:
   vmgcrl:
/var/tmp/fcpFAAa26097:
   vmkr90:
/var/tmp/fcpFAAa26097:
   vmkr95:
/var/tmp/fcpFAAa26097:
   vpreda:
/var/tmp/fcpFAAa26097:
   vprpot:
/var/tmp/fcpFAAa26097:
   vprsum:
/var/tmp/fcpFAAa26097:
   vreclt:
/var/tmp/fcpFAAa26097:
   vreclu:
/var/tmp/fcpFAAa26097:
   vsepar:
/var/tmp/fcpFAAa26097:
   vseplt:
/var/tmp/fcpFAAa26097:
   vslowc:
/var/tmp/fcpFAAa26097:
   vspxyz:
/var/tmp/fcpFAAa26097:
   vstrim:
/var/tmp/fcpFAAa26097:
   vtrsup:
/var/tmp/fcpFAAa26097:
   vtrurl:
/var/tmp/fcpFAAa26097:
   vumctr:
/var/tmp/fcpFAAa26352:
   vaddia:
/var/tmp/fcpFAAa26352:
   vdblht:
/var/tmp/fcpFAAa26352:
   vfndil:
/var/tmp/fcpFAAa26352:
   vftall:
/var/tmp/fcpFAAa26352:
   vgbran:
/var/tmp/fcpFAAa26352:
   vgbrut:
/var/tmp/fcpFAAa26352:
   vgcmbv:
/var/tmp/fcpFAAa26352:
   vgcomp:
/var/tmp/fcpFAAa26352:
   vgfevt:
/var/tmp/fcpFAAa26352:
   vginit:
/var/tmp/fcpFAAa26352:
   vglink:
/var/tmp/fcpFAAa26352:
   vglob:
/var/tmp/fcpFAAa26352:
   vgnevt:
/var/tmp/fcpFAAa26352:
   vgsolv:
/var/tmp/fcpFAAa26352:
   vgstor:
/var/tmp/fcpFAAa26352:
   vgtcut:
/var/tmp/fcpFAAa26352:
   vherr:
/var/tmp/fcpFAAa26352:
   vhitid:
/var/tmp/fcpFAAa26352:
   vhmap:
/var/tmp/fcpFAAa26352:
   vhupck:
/var/tmp/fcpFAAa26352:
   vhuprm:
/var/tmp/fcpFAAa26352:
   vkaerr:
/var/tmp/fcpFAAa26352:
   vm1trk:
/var/tmp/fcpFAAa26352:
   vmchip:
/var/tmp/fcpFAAa26352:
   vmchis:
/var/tmp/fcpFAAa26352:
   vmclld:
/var/tmp/fcpFAAa26352:
   vmover:
/var/tmp/fcpFAAa26352:
   vmupdt:
/var/tmp/fcpFAAa26352:
   vpksln:
/var/tmp/fcpFAAa26352:
   vsltrk:
/var/tmp/fcpFAAa26352:
   vterex:
/var/tmp/fcpFAAa26562:
   wcal:
/var/tmp/fcpFAAa26562:
   wirjul:
/var/tmp/fcpFAAa26570:
   xptenb:
/var/tmp/fcpFAAa26570:
   xtcncr:
/var/tmp/fcpFAAa26580:
   yfbook:
/var/tmp/fcpFAAa26580:
   yfhist:
/var/tmp/fcpFAAa26580:
   yfijob:
/var/tmp/fcpFAAa26580:
   yfmain:
/var/tmp/fcpFAAa26580:
   yfvert:
/var/tmp/fcpFAAa26580:
   yinijo:
/var/tmp/fcpFAAa26580:
   yiniru:
/var/tmp/fcpFAAa26580:
   ykffit:
/var/tmp/fcpFAAa26580:
   ykinit:
/var/tmp/fcpFAAa26580:
   ykldc:
/var/tmp/fcpFAAa26580:
   yknem2:
/var/tmp/fcpFAAa26580:
   yksfit:
/var/tmp/fcpFAAa26580:
   yksrch:
/var/tmp/fcpFAAa26580:
   ykvdet:
/var/tmp/fcpFAAa26580:
   ymfv0s:
/var/tmp/fcpFAAa26580:
   yprpot:
/var/tmp/fcpFAAa26580:
   yprsum:
/var/tmp/fcpFAAa26580:
   ytbook:
/var/tmp/fcpFAAa26580:
   ythist:
/var/tmp/fcpFAAa26580:
   ytirun:
/var/tmp/fcpFAAa26580:
   yv0sum:
/var/tmp/fcpFAAa26580:
   yvbook:
/var/tmp/fcpFAAa26580:
   yvhist:
/var/tmp/fcpFAAa26580:
   yvijob:
/var/tmp/fcpFAAa26580:
   yybook:
/var/tmp/fcpFAAa26580:
   yyhist:
