/var/tmp/fcpFAAa27092:
   MAIN aamain:
/var/tmp/fcpFAAa27092:
   aboldr:
/var/tmp/fcpFAAa27092:
   ajmmcl:
/var/tmp/fcpFAAa27092:
   algtwa:
/var/tmp/fcpFAAa27092:
   almmcl:
/var/tmp/fcpFAAa27092:
   altime:
/var/tmp/fcpFAAa27092:
   aulpol:
/var/tmp/fcpFAAa27109:
   bcalju:
/var/tmp/fcpFAAa27109:
   bccrun:
/var/tmp/fcpFAAa27109:
   bcfile:
       entry    bcinit:
/var/tmp/fcpFAAa27109:
   bcgete:
/var/tmp/fcpFAAa27109:
   bcpack:
   centrd:
/var/tmp/fcpFAAa27109:
   binijo:
/var/tmp/fcpFAAa27109:
   biniru:
/var/tmp/fcpFAAa27109:
   bmsum:
/var/tmp/fcpFAAa27109:
   bpreda:
/var/tmp/fcpFAAa27109:
   bprsum:
/var/tmp/fcpFAAa27109:
   bslowc:
/var/tmp/fcpFAAa27136:
   cabook:
/var/tmp/fcpFAAa27136:
   calrec:
/var/tmp/fcpFAAa27136:
   calrel:
/var/tmp/fcpFAAa27136:
   calrep:
/var/tmp/fcpFAAa27136:
   calsup:
/var/tmp/fcpFAAa27136:
   cashet:
/var/tmp/fcpFAAa27136:
   casmp:
/var/tmp/fcpFAAa27136:
   casneu:
/var/tmp/fcpFAAa27136:
   casnmp:
/var/tmp/fcpFAAa27136:
   cclorl:
/var/tmp/fcpFAAa27136:
   cctrmi:
/var/tmp/fcpFAAa27136:
   ccutpe:
/var/tmp/fcpFAAa27136:
   cdang:
/var/tmp/fcpFAAa27136:
   cdths:
/var/tmp/fcpFAAa27136:
   cegclu:
/var/tmp/fcpFAAa27136:
   cencch:
/var/tmp/fcpFAAa27136:
   cencne:
/var/tmp/fcpFAAa27136:
   cesclu:
/var/tmp/fcpFAAa27136:
   cexcob:
/var/tmp/fcpFAAa27136:
   cexhis:
/var/tmp/fcpFAAa27136:
   cfpass:
/var/tmp/fcpFAAa27136:
   cfpmip:
/var/tmp/fcpFAAa27136:
   cfpnmp:
/var/tmp/fcpFAAa27136:
   cgrunc:
/var/tmp/fcpFAAa27136:
   chclu:
/var/tmp/fcpFAAa27136:
   chgclu:
/var/tmp/fcpFAAa27136:
   chsclu:
/var/tmp/fcpFAAa27136:
   cinijo:
/var/tmp/fcpFAAa27136:
   cinirl:
/var/tmp/fcpFAAa27136:
   cinpar:
/var/tmp/fcpFAAa27136:
   cinsrl:
/var/tmp/fcpFAAa27136:
   cisgam:
/var/tmp/fcpFAAa27136:
   cishit:
/var/tmp/fcpFAAa27136:
   cludis:
/var/tmp/fcpFAAa27136:
   cmoni:
/var/tmp/fcpFAAa27136:
   cnighb:
/var/tmp/fcpFAAa27136:
   coslst:
/var/tmp/fcpFAAa27136:
   cpadwr:
/var/tmp/fcpFAAa27136:
   cparad:
/var/tmp/fcpFAAa27136:
   cpotcr:
/var/tmp/fcpFAAa27136:
   cpoteh:
/var/tmp/fcpFAAa27136:
   cpotlc:
/var/tmp/fcpFAAa27136:
   cptcom:
/var/tmp/fcpFAAa27136:
   crcalo:
/var/tmp/fcpFAAa27136:
   crchrl:
/var/tmp/fcpFAAa27136:
   crcjob:
/var/tmp/fcpFAAa27136:
   crcpar:
/var/tmp/fcpFAAa27136:
   crhclu:
/var/tmp/fcpFAAa27136:
   cthclu:
/var/tmp/fcpFAAa27136:
   ctkchg:
/var/tmp/fcpFAAa27136:
   ctrmip:
/var/tmp/fcpFAAa27136:
   ctrpar:
/var/tmp/fcpFAAa27136:
   ctrtoc:
/var/tmp/fcpFAAa27136:
   cvrify:
/var/tmp/fcpFAAa27268:
   e1bpei:
/var/tmp/fcpFAAa27268:
   e2bpei:
/var/tmp/fcpFAAa27268:
   e3bpei:
/var/tmp/fcpFAAa27268:
   e4bary:
/var/tmp/fcpFAAa27268:
   e4cosz:
/var/tmp/fcpFAAa27268:
   e4dead:
/var/tmp/fcpFAAa27268:
   e4deij:
/var/tmp/fcpFAAa27268:
   e4fdij:
/var/tmp/fcpFAAa27268:
   e4fide:
/var/tmp/fcpFAAa27268:
   e4find:
/var/tmp/fcpFAAa27268:
   e4fnec:
/var/tmp/fcpFAAa27268:
   fracst:
/var/tmp/fcpFAAa27268:
   e4gtbr:
/var/tmp/fcpFAAa27268:
   e4gtpl:
/var/tmp/fcpFAAa27268:
   e4gtso:
/var/tmp/fcpFAAa27268:
   e4gtst:
/var/tmp/fcpFAAa27268:
   e4gttw:
/var/tmp/fcpFAAa27268:
   e4indi:
/var/tmp/fcpFAAa27268:
   e4lea1:
/var/tmp/fcpFAAa27268:
   e4ovrl:
/var/tmp/fcpFAAa27268:
   e4pal:
/var/tmp/fcpFAAa27268:
   e4r1r2:
/var/tmp/fcpFAAa27268:
   e4r2r3:
/var/tmp/fcpFAAa27268:
   e4r3r4:
/var/tmp/fcpFAAa27268:
   e4radc:
/var/tmp/fcpFAAa27268:
   e4res2:
/var/tmp/fcpFAAa27268:
   e4res3:
/var/tmp/fcpFAAa27268:
   e4tstl:
/var/tmp/fcpFAAa27268:
   e4xyz0:
/var/tmp/fcpFAAa27268:
   eautop:
/var/tmp/fcpFAAa27268:
   ebegid:
/var/tmp/fcpFAAa27268:
   eboxki:
/var/tmp/fcpFAAa27268:
   ecalig:
/var/tmp/fcpFAAa27268:
   ecblda:
/var/tmp/fcpFAAa27268:
   ecboba:
/var/tmp/fcpFAAa27268:
   ecbook:
/var/tmp/fcpFAAa27268:
   eccaob:
/var/tmp/fcpFAAa27268:
   ecchkb:
/var/tmp/fcpFAAa27268:
   ecclco:
/var/tmp/fcpFAAa27268:
   ecclus:
/var/tmp/fcpFAAa27268:
   ecdamp:
/var/tmp/fcpFAAa27268:
   ecdebg:
/var/tmp/fcpFAAa27268:
   ecdete:
/var/tmp/fcpFAAa27268:
   ecdigi:
/var/tmp/fcpFAAa27268:
   ecener:
/var/tmp/fcpFAAa27268:
   eceras:
/var/tmp/fcpFAAa27268:
   ecfclu:
/var/tmp/fcpFAAa27268:
   ecfibt:
/var/tmp/fcpFAAa27268:
   ecfils:
/var/tmp/fcpFAAa27268:
   ecfmip:
/var/tmp/fcpFAAa27268:
   ecfobj:
/var/tmp/fcpFAAa27268:
   ecgflw:
/var/tmp/fcpFAAa27268:
   ecgmix:
/var/tmp/fcpFAAa27268:
   echarg:
/var/tmp/fcpFAAa27268:
   echcgl:
/var/tmp/fcpFAAa27268:
   echedc:
/var/tmp/fcpFAAa27268:
   echiba:
/var/tmp/fcpFAAa27268:
   echist:
/var/tmp/fcpFAAa27268:
   echtag:
/var/tmp/fcpFAAa27268:
   ecinit:
/var/tmp/fcpFAAa27268:
   ecinrv:
/var/tmp/fcpFAAa27268:
   eclamp:
/var/tmp/fcpFAAa27268:
   eclana:
/var/tmp/fcpFAAa27268:
   ecleib:
/var/tmp/fcpFAAa27268:
   eclgeo:
/var/tmp/fcpFAAa27268:
   eclope:
/var/tmp/fcpFAAa27268:
   eclorl:
/var/tmp/fcpFAAa27268:
   eclost:
/var/tmp/fcpFAAa27268:
   ecltag:
/var/tmp/fcpFAAa27268:
   ecltrk:
/var/tmp/fcpFAAa27268:
   ecltyp:
/var/tmp/fcpFAAa27268:
   ecluar:
/var/tmp/fcpFAAa27268:
   ecmesp:
/var/tmp/fcpFAAa27268:
   ecmod:
/var/tmp/fcpFAAa27268:
   ecmopl:
/var/tmp/fcpFAAa27268:
   ecncob:
/var/tmp/fcpFAAa27268:
   ecobnk:
/var/tmp/fcpFAAa27268:
   ecoent:
/var/tmp/fcpFAAa27268:
   ecoidp:
/var/tmp/fcpFAAa27268:
   ecos:
/var/tmp/fcpFAAa27268:
   ecpad:
/var/tmp/fcpFAAa27268:
   ecpasr:
/var/tmp/fcpFAAa27268:
   ecplm:
/var/tmp/fcpFAAa27268:
   ecprin:
/var/tmp/fcpFAAa27268:
   ecprlo:
/var/tmp/fcpFAAa27268:
   ecrcob:
/var/tmp/fcpFAAa27268:
   ecre4d:
/var/tmp/fcpFAAa27268:
   ecreib:
/var/tmp/fcpFAAa27268:
   ecrmip:
/var/tmp/fcpFAAa27268:
   ecrndx:
/var/tmp/fcpFAAa27268:
   ecrpei:
/var/tmp/fcpFAAa27268:
   ecrtr:
/var/tmp/fcpFAAa27268:
   ecrunq:
/var/tmp/fcpFAAa27268:
   ecscmd:
/var/tmp/fcpFAAa27268:
   ecst:
/var/tmp/fcpFAAa27268:
   ecsupp:
/var/tmp/fcpFAAa27268:
   ecsw1093:
/var/tmp/fcpFAAa27268:
   ecsw94:
/var/tmp/fcpFAAa27268:
   ectemp:
/var/tmp/fcpFAAa27268:
   ecthre:
/var/tmp/fcpFAAa27268:
   ectopo:
/var/tmp/fcpFAAa27268:
   ectpc:
/var/tmp/fcpFAAa27268:
   ectrap:
/var/tmp/fcpFAAa27268:
   ectrea:
/var/tmp/fcpFAAa27268:
   ecxmod:
/var/tmp/fcpFAAa27268:
   edisal:
/var/tmp/fcpFAAa27268:
   edlist:
/var/tmp/fcpFAAa27268:
   efaxe:
/var/tmp/fcpFAAa27268:
   efbook:
/var/tmp/fcpFAAa27268:
   eferrr:
/var/tmp/fcpFAAa27268:
   eficlp:
/var/tmp/fcpFAAa27268:
   eficv:
/var/tmp/fcpFAAa27268:
   efiecp:
/var/tmp/fcpFAAa27268:
   efieib:
/var/tmp/fcpFAAa27268:
   efijob:
/var/tmp/fcpFAAa27268:
   efixi94:
/var/tmp/fcpFAAa27268:
   eflcst:
/var/tmp/fcpFAAa27268:
   efolmk:
/var/tmp/fcpFAAa27268:
   efpard:
/var/tmp/fcpFAAa27268:
   eftiel:
/var/tmp/fcpFAAa27268:
   egacst:
/var/tmp/fcpFAAa27268:
   egaest:
/var/tmp/fcpFAAa27268:
   egetds:
/var/tmp/fcpFAAa27268:
   egfcst:
/var/tmp/fcpFAAa27268:
   egttks:
/var/tmp/fcpFAAa27268:
   ehcflo:
/var/tmp/fcpFAAa27268:
   ehlix:
/var/tmp/fcpFAAa27268:
   ehreg:
/var/tmp/fcpFAAa27268:
   eidedx:
/var/tmp/fcpFAAa27268:
   eident:
/var/tmp/fcpFAAa27268:
   eieffl:
/var/tmp/fcpFAAa27268:
   einhlx:
/var/tmp/fcpFAAa27268:
   einijo:
/var/tmp/fcpFAAa27268:
   einirl:
/var/tmp/fcpFAAa27268:
   einiru:
/var/tmp/fcpFAAa27268:
   einitk:
/var/tmp/fcpFAAa27268:
   einsrl:
/var/tmp/fcpFAAa27268:
   eipard:
/var/tmp/fcpFAAa27268:
   eithr:
/var/tmp/fcpFAAa27268:
   eknewb:
/var/tmp/fcpFAAa27268:
   eknewe:
/var/tmp/fcpFAAa27268:
   elecid:
/var/tmp/fcpFAAa27268:
   elongi:
/var/tmp/fcpFAAa27268:
   emfill:
/var/tmp/fcpFAAa27268:
   emskei:
/var/tmp/fcpFAAa27268:
   emskev:
/var/tmp/fcpFAAa27268:
   emskf:
/var/tmp/fcpFAAa27268:
   emski:
/var/tmp/fcpFAAa27268:
   emskji:
/var/tmp/fcpFAAa27268:
   emskmu:
/var/tmp/fcpFAAa27268:
   enfmsk:
/var/tmp/fcpFAAa27268:
   enighb:
/var/tmp/fcpFAAa27268:
   enoise:
/var/tmp/fcpFAAa27268:
   enprox:
/var/tmp/fcpFAAa27268:
   enstat:
/var/tmp/fcpFAAa27268:
   epadcl:
/var/tmp/fcpFAAa27268:
   epatrn:
/var/tmp/fcpFAAa27268:
   epcalo:
/var/tmp/fcpFAAa27268:
   epchg:
/var/tmp/fcpFAAa27268:
   epneu:
/var/tmp/fcpFAAa27268:
   epreda:
/var/tmp/fcpFAAa27268:
   eproba:
/var/tmp/fcpFAAa27268:
   eprsto:
/var/tmp/fcpFAAa27268:
   eprsum:
/var/tmp/fcpFAAa27268:
   eprtpc:
/var/tmp/fcpFAAa27268:
   ercupi:
/var/tmp/fcpFAAa27268:
   ercupr:
/var/tmp/fcpFAAa27268:
   ereset:
/var/tmp/fcpFAAa27268:
   eroad:
/var/tmp/fcpFAAa27268:
   escdef:
/var/tmp/fcpFAAa27268:
   escoun:
/var/tmp/fcpFAAa27268:
   esfil:
/var/tmp/fcpFAAa27268:
   eslas:
/var/tmp/fcpFAAa27268:
   eslct:
/var/tmp/fcpFAAa27268:
   eslctf:
/var/tmp/fcpFAAa27268:
   eslowc:
/var/tmp/fcpFAAa27268:
   estag:
/var/tmp/fcpFAAa27268:
   esveto:
/var/tmp/fcpFAAa27268:
   eswpst:
/var/tmp/fcpFAAa27268:
   etdifp:
/var/tmp/fcpFAAa27268:
   ethres:
/var/tmp/fcpFAAa27268:
   etrdev:
/var/tmp/fcpFAAa27268:
   ewdifp:
/var/tmp/fcpFAAa27268:
   ewircl:
/var/tmp/fcpFAAa27268:
   ex3ijk:
/var/tmp/fcpFAAa27740:
   fawian:
/var/tmp/fcpFAAa27740:
   fcfrid:
/var/tmp/fcpFAAa27740:
   fdetco:
/var/tmp/fcpFAAa27740:
   ffield:
/var/tmp/fcpFAAa27740:
   fidhea:
/var/tmp/fcpFAAa27740:
   fidrot:
/var/tmp/fcpFAAa27740:
   finiru:
/var/tmp/fcpFAAa27740:
   fitall:
/var/tmp/fcpFAAa27740:
   fitwri:
/var/tmp/fcpFAAa27740:
   fkink:
/var/tmp/fcpFAAa27740:
   fkkpar:
/var/tmp/fcpFAAa27740:
   flngv0:
/var/tmp/fcpFAAa27740:
   floweh:
/var/tmp/fcpFAAa27740:
   flowfi:
/var/tmp/fcpFAAa27740:
   flowtr:
/var/tmp/fcpFAAa27740:
   flv0dx:
/var/tmp/fcpFAAa27740:
   fmuid:
/var/tmp/fcpFAAa27740:
   fpiden:
/var/tmp/fcpFAAa27740:
   fpmove:
/var/tmp/fcpFAAa27740:
   frefit:
/var/tmp/fcpFAAa27740:
   frmhit:
/var/tmp/fcpFAAa27740:
   ftpcer:
/var/tmp/fcpFAAa27740:
   ftrack:
/var/tmp/fcpFAAa27866:
   gambnk:
/var/tmp/fcpFAAa27866:
   gapeco:
/var/tmp/fcpFAAa27866:
   gasteer:
/var/tmp/fcpFAAa27875:
   hcalib:
/var/tmp/fcpFAAa27875:
   hcalrd:
/var/tmp/fcpFAAa27875:
   hcatow:
/var/tmp/fcpFAAa27875:
   hcbhis:
/var/tmp/fcpFAAa27875:
   hcfclu:
/var/tmp/fcpFAAa27875:
   hchist:
/var/tmp/fcpFAAa27875:
   hclcra:
/var/tmp/fcpFAAa27875:
   hcltst:
/var/tmp/fcpFAAa27875:
   hclufi:
/var/tmp/fcpFAAa27875:
   hcorfc:
/var/tmp/fcpFAAa27875:
   hcos:
/var/tmp/fcpFAAa27875:
   hcsimm:
/var/tmp/fcpFAAa27875:
   hdgdeb:
/var/tmp/fcpFAAa27875:
   hdgfil:
/var/tmp/fcpFAAa27875:
   hdgpot:
/var/tmp/fcpFAAa27875:
   hdgsum:
/var/tmp/fcpFAAa27875:
   hdprec:
/var/tmp/fcpFAAa27875:
   hdspre:
/var/tmp/fcpFAAa27875:
   hflnoi:
/var/tmp/fcpFAAa27875:
   hinijo:
/var/tmp/fcpFAAa27875:
   hiniru:
/var/tmp/fcpFAAa27875:
   hmener:
/var/tmp/fcpFAAa27875:
   hmfind:
/var/tmp/fcpFAAa27875:
   hmroad:
/var/tmp/fcpFAAa27875:
   hnoise:
/var/tmp/fcpFAAa27875:
   hnoisy:
/var/tmp/fcpFAAa27875:
   hpatco:
/var/tmp/fcpFAAa27875:
   hphnoi:
/var/tmp/fcpFAAa27875:
   hplink:
/var/tmp/fcpFAAa27875:
   hprana:
/var/tmp/fcpFAAa27875:
   hpranp:
/var/tmp/fcpFAAa27875:
   hprdig:
/var/tmp/fcpFAAa27875:
   hpreda:
/var/tmp/fcpFAAa27875:
   hprpot:
/var/tmp/fcpFAAa27875:
   hprsum:
/var/tmp/fcpFAAa27875:
   hprunc:
/var/tmp/fcpFAAa27875:
   hrcomp:
/var/tmp/fcpFAAa27875:
   hrcpat:
/var/tmp/fcpFAAa27875:
   hrdcal:
/var/tmp/fcpFAAa27875:
   hroad:
/var/tmp/fcpFAAa27875:
   hslink:
/var/tmp/fcpFAAa27875:
   hslowc:
/var/tmp/fcpFAAa27875:
   hspare:
/var/tmp/fcpFAAa27875:
   hsptre:
/var/tmp/fcpFAAa27875:
   hstofi:
/var/tmp/fcpFAAa27875:
   htrack:
/var/tmp/fcpFAAa27875:
   htubfi:
/var/tmp/fcpFAAa27875:
   htwcr:
/var/tmp/fcpFAAa27875:
   hvmask:
/var/tmp/fcpFAAa28085:
   iasign:
/var/tmp/fcpFAAa28085:
   iattma:
/var/tmp/fcpFAAa28085:
   ibnkin:
/var/tmp/fcpFAAa28085:
   icaswt:
/var/tmp/fcpFAAa28085:
   icftoi:
/var/tmp/fcpFAAa28085:
   iclimb:
/var/tmp/fcpFAAa28085:
   icrcco:
/var/tmp/fcpFAAa28085:
   ideadw:
/var/tmp/fcpFAAa28085:
   idigpr:
/var/tmp/fcpFAAa28085:
   ienang:
/var/tmp/fcpFAAa28085:
   ifind1:
/var/tmp/fcpFAAa28085:
   ifind2:
/var/tmp/fcpFAAa28085:
   ifitp:
/var/tmp/fcpFAAa28085:
   iftrak:
/var/tmp/fcpFAAa28085:
   igetti:
/var/tmp/fcpFAAa28085:
   igettp:
/var/tmp/fcpFAAa28085:
   igicha:
/var/tmp/fcpFAAa28085:
   iheler:
/var/tmp/fcpFAAa28085:
   iinijo:
/var/tmp/fcpFAAa28085:
   iiniru:
/var/tmp/fcpFAAa28085:
   iintrk:
/var/tmp/fcpFAAa28085:
   imatch:
/var/tmp/fcpFAAa28085:
   inigap:
/var/tmp/fcpFAAa28085:
   insect:
/var/tmp/fcpFAAa28085:
   intrak:
/var/tmp/fcpFAAa28085:
   ipakdi:
/var/tmp/fcpFAAa28085:
   ipdsti:
/var/tmp/fcpFAAa28085:
   iphcor:
/var/tmp/fcpFAAa28085:
   ipreda:
/var/tmp/fcpFAAa28085:
   iprsum:
/var/tmp/fcpFAAa28085:
   ipstat:
/var/tmp/fcpFAAa28085:
   irefin:
/var/tmp/fcpFAAa28085:
   ireopd:
/var/tmp/fcpFAAa28085:
   isave:
/var/tmp/fcpFAAa28085:
   ishuff:
/var/tmp/fcpFAAa28085:
   ishufl:
/var/tmp/fcpFAAa28085:
   islowc:
/var/tmp/fcpFAAa28085:
   isrch:
/var/tmp/fcpFAAa28085:
   itbook:
/var/tmp/fcpFAAa28085:
   itccut:
/var/tmp/fcpFAAa28085:
   itcopr:
/var/tmp/fcpFAAa28085:
   itcrec:
/var/tmp/fcpFAAa28085:
   itcrep:
/var/tmp/fcpFAAa28085:
   itctpc:
/var/tmp/fcpFAAa28085:
   itctrk:
/var/tmp/fcpFAAa28085:
   itcxng:
/var/tmp/fcpFAAa28085:
   iterr:
/var/tmp/fcpFAAa28085:
   itextn:
/var/tmp/fcpFAAa28085:
   ithist:
/var/tmp/fcpFAAa28085:
   itidy1:
/var/tmp/fcpFAAa28085:
   itidy2:
/var/tmp/fcpFAAa28085:
   itlnk1:
/var/tmp/fcpFAAa28085:
   itlnk2:
/var/tmp/fcpFAAa28085:
   itpcan:
/var/tmp/fcpFAAa28085:
   itrak:
/var/tmp/fcpFAAa28085:
   itrecf:
/var/tmp/fcpFAAa28085:
   itreci:
/var/tmp/fcpFAAa28085:
   itree:
/var/tmp/fcpFAAa28085:
   itrkci:
/var/tmp/fcpFAAa28085:
   itrkeq:
/var/tmp/fcpFAAa28085:
   itrkzr:
/var/tmp/fcpFAAa28085:
   itrmca:
/var/tmp/fcpFAAa28490:
   laccep:
   lfiduc:
/var/tmp/fcpFAAa28490:
   lasym:
/var/tmp/fcpFAAa28490:
   lbhab:
/var/tmp/fcpFAAa28490:
   lbhcor:
/var/tmp/fcpFAAa28490:
   lbindx:
/var/tmp/fcpFAAa28490:
   lbldba:
/var/tmp/fcpFAAa28490:
   lbnkpr:
/var/tmp/fcpFAAa28490:
   lbunca:
/var/tmp/fcpFAAa28490:
   lcalib:
/var/tmp/fcpFAAa28490:
   lcarec:
/var/tmp/fcpFAAa28490:
   lcbook:
/var/tmp/fcpFAAa28490:
   lchist:
/var/tmp/fcpFAAa28490:
   lclust:
/var/tmp/fcpFAAa28490:
   lclutw:
/var/tmp/fcpFAAa28490:
   lcorrc:
/var/tmp/fcpFAAa28490:
   lcpaxy:
/var/tmp/fcpFAAa28490:
   lcrpot:
/var/tmp/fcpFAAa28490:
   lcsave:
/var/tmp/fcpFAAa28490:
   ldirtw:
/var/tmp/fcpFAAa28490:
   lelect:
/var/tmp/fcpFAAa28490:
   lenlis:
/var/tmp/fcpFAAa28490:
   lestim:
/var/tmp/fcpFAAa28490:
   lfourc:
/var/tmp/fcpFAAa28490:
   lgngbx:
/var/tmp/fcpFAAa28490:
   lhvsta:
/var/tmp/fcpFAAa28490:
   lidcod:
/var/tmp/fcpFAAa28490:
   linijo:
/var/tmp/fcpFAAa28490:
   liniru:
/var/tmp/fcpFAAa28490:
   lolerr:
/var/tmp/fcpFAAa28490:
   lprcal:
/var/tmp/fcpFAAa28490:
   lpreda:
/var/tmp/fcpFAAa28490:
   lpremc:
/var/tmp/fcpFAAa28490:
   lprepo:
/var/tmp/fcpFAAa28490:
   lprerw:
/var/tmp/fcpFAAa28490:
   lprlum:
/var/tmp/fcpFAAa28490:
   lprsum:
/var/tmp/fcpFAAa28490:
   lselba:
/var/tmp/fcpFAAa28490:
   lselbh:
/var/tmp/fcpFAAa28490:
   lsingl:
/var/tmp/fcpFAAa28490:
   lslowc:
/var/tmp/fcpFAAa28490:
   lstati:
/var/tmp/fcpFAAa28490:
   lsumam:
/var/tmp/fcpFAAa28490:
   ltgbit:
/var/tmp/fcpFAAa28490:
   ltgtyp:
/var/tmp/fcpFAAa28490:
   ltrace:
/var/tmp/fcpFAAa28490:
   ltrack:
/var/tmp/fcpFAAa28490:
   ltrigs:
/var/tmp/fcpFAAa28490:
   lupacr:
/var/tmp/fcpFAAa28490:
   lupain:
/var/tmp/fcpFAAa28635:
   mginig:
/var/tmp/fcpFAAa28635:
   minhea:
/var/tmp/fcpFAAa28635:
   minijo:
/var/tmp/fcpFAAa28635:
   miniru:
/var/tmp/fcpFAAa28635:
   modroc:
/var/tmp/fcpFAAa28635:
   mpreda:
/var/tmp/fcpFAAa28635:
   mpredg:
/var/tmp/fcpFAAa28635:
   mpredm:
/var/tmp/fcpFAAa28635:
   mprsum:
/var/tmp/fcpFAAa28635:
   mslowc:
/var/tmp/fcpFAAa28635:
   mualcm:
/var/tmp/fcpFAAa28635:
   mualco:
/var/tmp/fcpFAAa28635:
   muass:
/var/tmp/fcpFAAa28635:
   mubook:
/var/tmp/fcpFAAa28635:
   mucomp:
/var/tmp/fcpFAAa28635:
   mucuts:
/var/tmp/fcpFAAa28635:
   muhist:
/var/tmp/fcpFAAa28635:
   muhitg:
/var/tmp/fcpFAAa28635:
   muhits:
/var/tmp/fcpFAAa28635:
   mukine:
/var/tmp/fcpFAAa28635:
   munewr:
/var/tmp/fcpFAAa28635:
   muredo:
/var/tmp/fcpFAAa28635:
   muslcm:
/var/tmp/fcpFAAa28635:
   muslco:
/var/tmp/fcpFAAa28635:
   mutest:
/var/tmp/fcpFAAa28775:
   obmfit:
/var/tmp/fcpFAAa28775:
   obsclr:
/var/tmp/fcpFAAa28775:
   obsinr:
/var/tmp/fcpFAAa28775:
   obspot:
/var/tmp/fcpFAAa28775:
   ocbfit:
/var/tmp/fcpFAAa28775:
   ocbpre:
/var/tmp/fcpFAAa28775:
   ogtblq:
/var/tmp/fcpFAAa28775:
   oinijo:
/var/tmp/fcpFAAa28775:
   oiniru:
/var/tmp/fcpFAAa28775:
   olspod:
/var/tmp/fcpFAAa28775:
   olspot:
/var/tmp/fcpFAAa28775:
   olspou:
/var/tmp/fcpFAAa28775:
   ombook:
/var/tmp/fcpFAAa28775:
   ombopt:
/var/tmp/fcpFAAa28775:
   ombout:
/var/tmp/fcpFAAa28775:
   ombpos:
/var/tmp/fcpFAAa28775:
   ombrec:
/var/tmp/fcpFAAa28775:
   omcorr:
/var/tmp/fcpFAAa28775:
   omcrun:
/var/tmp/fcpFAAa28775:
   omdata:
/var/tmp/fcpFAAa28775:
   omgain:
/var/tmp/fcpFAAa28775:
   omhist:
/var/tmp/fcpFAAa28775:
   omipos:
/var/tmp/fcpFAAa28775:
   omread:
/var/tmp/fcpFAAa28775:
   oprsum:
/var/tmp/fcpFAAa28775:
   oslowc:
/var/tmp/fcpFAAa29066:
   pmskfi:
/var/tmp/fcpFAAa29066:
   prolot:
/var/tmp/fcpFAAa29066:
   pryfit:
/var/tmp/fcpFAAa29066:
   pvfill:
/var/tmp/fcpFAAa29077:
   qfmmcl:
/var/tmp/fcpFAAa29077:
   qgmmcl:
/var/tmp/fcpFAAa29086:
   rbkhis:
/var/tmp/fcpFAAa29086:
   rcjsum:
/var/tmp/fcpFAAa29086:
   rclean:
/var/tmp/fcpFAAa29086:
   rcljob:
/var/tmp/fcpFAAa29086:
   rclrun:
/var/tmp/fcpFAAa29086:
   rcpas0:
/var/tmp/fcpFAAa29086:
   rdcard:
/var/tmp/fcpFAAa29086:
   rdefio:
/var/tmp/fcpFAAa29086:
   rdefmi:
/var/tmp/fcpFAAa29086:
   rdefpo:
/var/tmp/fcpFAAa29086:
   rdetec:
/var/tmp/fcpFAAa29086:
   recevt:
/var/tmp/fcpFAAa29086:
   recons:
/var/tmp/fcpFAAa29086:
   reject:
/var/tmp/fcpFAAa29086:
   report:
/var/tmp/fcpFAAa29086:
   rerror:
/var/tmp/fcpFAAa29086:
   rfalcr:
/var/tmp/fcpFAAa29086:
   rfalee:
/var/tmp/fcpFAAa29086:
   rfalie:
/var/tmp/fcpFAAa29086:
   rfalij:
/var/tmp/fcpFAAa29086:
   rfalir:
/var/tmp/fcpFAAa29086:
   rfalpd:
/var/tmp/fcpFAAa29086:
   rfjcon:
/var/tmp/fcpFAAa29086:
   rforma:
/var/tmp/fcpFAAa29086:
   rgetdv:
/var/tmp/fcpFAAa29086:
   rhbook:
/var/tmp/fcpFAAa29086:
   rhsevt:
/var/tmp/fcpFAAa29086:
   rincnd:
/var/tmp/fcpFAAa29086:
   rinjob:
/var/tmp/fcpFAAa29086:
   rinrun:
/var/tmp/fcpFAAa29086:
   ripas0:
/var/tmp/fcpFAAa29086:
   rloopr:
/var/tmp/fcpFAAa29086:
   rltoch:
/var/tmp/fcpFAAa29086:
   rlutrf:
/var/tmp/fcpFAAa29086:
   rmonii:
/var/tmp/fcpFAAa29086:
   rmonit:
/var/tmp/fcpFAAa29086:
   rnxmod:
/var/tmp/fcpFAAa29086:
   rperrs:
/var/tmp/fcpFAAa29086:
   rpnamb:
/var/tmp/fcpFAAa29086:
   rpotcl:
/var/tmp/fcpFAAa29086:
   rpreda:
/var/tmp/fcpFAAa29086:
   rprsta:
/var/tmp/fcpFAAa29086:
   rprsum:
/var/tmp/fcpFAAa29086:
   rrevhe:
/var/tmp/fcpFAAa29086:
   rshrin:
/var/tmp/fcpFAAa29086:
   rsmjob:
/var/tmp/fcpFAAa29086:
   rtitle:
/var/tmp/fcpFAAa29086:
   rtlsum:
/var/tmp/fcpFAAa29086:
   rtmask:
/var/tmp/fcpFAAa29086:
   rtrigf:
/var/tmp/fcpFAAa29086:
   runkno:
/var/tmp/fcpFAAa29086:
   rvdpre:
/var/tmp/fcpFAAa29086:
   rwjubw:
/var/tmp/fcpFAAa29086:
   rwrevt:
/var/tmp/fcpFAAa29086:
   rwrunh:
/var/tmp/fcpFAAa29086:
   rzejob:
/var/tmp/fcpFAAa29086:
   rzergl:
/var/tmp/fcpFAAa29086:
   rzerun:
/var/tmp/fcpFAAa29276:
   sabook:
/var/tmp/fcpFAAa29276:
   sacocr:
/var/tmp/fcpFAAa29276:
   sacopr:
/var/tmp/fcpFAAa29276:
   sahist:
/var/tmp/fcpFAAa29276:
   satrec:
/var/tmp/fcpFAAa29276:
   sclupr:
/var/tmp/fcpFAAa29276:
   scoopr:
/var/tmp/fcpFAAa29276:
   sftrpr:
/var/tmp/fcpFAAa29276:
   sibkpr:
/var/tmp/fcpFAAa29276:
   sibook:
/var/tmp/fcpFAAa29276:
   sicaok:
/var/tmp/fcpFAAa29276:
   siclc2:
/var/tmp/fcpFAAa29276:
   siclco:
/var/tmp/fcpFAAa29276:
   siclean:
/var/tmp/fcpFAAa29276:
   siclus:
/var/tmp/fcpFAAa29276:
   sicrec:
/var/tmp/fcpFAAa29276:
   sicrpot:
/var/tmp/fcpFAAa29276:
   sicrun:
/var/tmp/fcpFAAa29276:
   sidamp:
/var/tmp/fcpFAAa29276:
   sidcor:
/var/tmp/fcpFAAa29276:
   sidsum:
/var/tmp/fcpFAAa29276:
   sidvoi:
/var/tmp/fcpFAAa29276:
   siecor:
/var/tmp/fcpFAAa29276:
   siepcr:
/var/tmp/fcpFAAa29276:
   siesum:
/var/tmp/fcpFAAa29276:
   sievst:
/var/tmp/fcpFAAa29276:
   sigaco:
/var/tmp/fcpFAAa29276:
   sigtdp:
/var/tmp/fcpFAAa29276:
   sigtwa:
/var/tmp/fcpFAAa29276:
   sihist:
/var/tmp/fcpFAAa29276:
   siinijo:
/var/tmp/fcpFAAa29276:
   siiniru:
/var/tmp/fcpFAAa29276:
   sijuke:
/var/tmp/fcpFAAa29276:
   silhcr:
/var/tmp/fcpFAAa29276:
   silist:
/var/tmp/fcpFAAa29276:
   silsum:
/var/tmp/fcpFAAa29276:
   siluad:
/var/tmp/fcpFAAa29276:
   silumi:
/var/tmp/fcpFAAa29276:
   silvoi:
/var/tmp/fcpFAAa29276:
   sinamx:
/var/tmp/fcpFAAa29276:
   sinijo:
/var/tmp/fcpFAAa29276:
   siniru:
/var/tmp/fcpFAAa29276:
   sipedfx:
/var/tmp/fcpFAAa29276:
   siphmod:
/var/tmp/fcpFAAa29276:
   sipreda:
/var/tmp/fcpFAAa29276:
   siprlum:
/var/tmp/fcpFAAa29276:
   siprsum:
/var/tmp/fcpFAAa29276:
   sipsum:
/var/tmp/fcpFAAa29276:
   sipvoi:
/var/tmp/fcpFAAa29276:
   sislowc:
/var/tmp/fcpFAAa29276:
   sisol2:
/var/tmp/fcpFAAa29276:
   sistat:
/var/tmp/fcpFAAa29276:
   siswap:
/var/tmp/fcpFAAa29276:
   sivois:
/var/tmp/fcpFAAa29276:
   skanpr:
/var/tmp/fcpFAAa29276:
   spatpr:
/var/tmp/fcpFAAa29276:
   spreda:
/var/tmp/fcpFAAa29276:
   spremc:
/var/tmp/fcpFAAa29276:
   sprpot:
/var/tmp/fcpFAAa29276:
   sprsum:
/var/tmp/fcpFAAa29276:
   sr2clu:
/var/tmp/fcpFAAa29276:
   sr2pat:
/var/tmp/fcpFAAa29276:
   sr3clu:
/var/tmp/fcpFAAa29276:
   sr3pat:
/var/tmp/fcpFAAa29276:
   sraddr:
/var/tmp/fcpFAAa29276:
   sralig:
/var/tmp/fcpFAAa29276:
   srbftr:
/var/tmp/fcpFAAa29276:
   srbtrk:
/var/tmp/fcpFAAa29276:
   srccop:
/var/tmp/fcpFAAa29276:
   srclip:
/var/tmp/fcpFAAa29276:
   srclus:
/var/tmp/fcpFAAa29276:
   srcons:
/var/tmp/fcpFAAa29276:
   srcoor:
/var/tmp/fcpFAAa29276:
   srcpat:
/var/tmp/fcpFAAa29276:
   srcuts:
/var/tmp/fcpFAAa29276:
   srdble:
/var/tmp/fcpFAAa29276:
   srdead:
/var/tmp/fcpFAAa29276:
   srdist:
/var/tmp/fcpFAAa29276:
   srdphb:
/var/tmp/fcpFAAa29276:
   srdtrk:
/var/tmp/fcpFAAa29276:
   sreald:
/var/tmp/fcpFAAa29276:
   srfhis:
/var/tmp/fcpFAAa29276:
   srfit0:
/var/tmp/fcpFAAa29276:
   srfit2:
/var/tmp/fcpFAAa29276:
   srfitf:
/var/tmp/fcpFAAa29276:
   srfltr:
/var/tmp/fcpFAAa29276:
   srftrk:
/var/tmp/fcpFAAa29276:
   srgeom:
/var/tmp/fcpFAAa29276:
   srihis:
/var/tmp/fcpFAAa29276:
   srinbs:
/var/tmp/fcpFAAa29276:
   srints:
/var/tmp/fcpFAAa29276:
   srkand:
/var/tmp/fcpFAAa29276:
   srlval:
/var/tmp/fcpFAAa29276:
   srmstr:
/var/tmp/fcpFAAa29276:
   srpatc:
/var/tmp/fcpFAAa29276:
   srprcn:
/var/tmp/fcpFAAa29276:
   srsel2:
/var/tmp/fcpFAAa29276:
   srselk:
/var/tmp/fcpFAAa29276:
   srselo:
/var/tmp/fcpFAAa29276:
   srstat:
/var/tmp/fcpFAAa29276:
   srsubs:
/var/tmp/fcpFAAa29276:
   srtdcn:
/var/tmp/fcpFAAa29276:
   srtdcr:
/var/tmp/fcpFAAa29276:
   srtrck:
/var/tmp/fcpFAAa29276:
   srunco:
/var/tmp/fcpFAAa29276:
   srupar:
/var/tmp/fcpFAAa29276:
   srupat:
/var/tmp/fcpFAAa29276:
   srwire:
/var/tmp/fcpFAAa29276:
   srwpa2:
/var/tmp/fcpFAAa29276:
   srwpar:
/var/tmp/fcpFAAa29276:
   sscpcr:
/var/tmp/fcpFAAa29276:
   sslowc:
/var/tmp/fcpFAAa29276:
   strkpr:
/var/tmp/fcpFAAa29276:
   supapr:
/var/tmp/fcpFAAa29276:
   swp2pr:
/var/tmp/fcpFAAa29276:
   swpapr:
/var/tmp/fcpFAAa29597:
   t1ftdp:
/var/tmp/fcpFAAa29597:
   taccmn:
/var/tmp/fcpFAAa29597:
   tarcdp:
/var/tmp/fcpFAAa29597:
   tatwin:
/var/tmp/fcpFAAa29597:
   tbcodp:
/var/tmp/fcpFAAa29597:
   tbnkin:
/var/tmp/fcpFAAa29597:
   tbprnt:
/var/tmp/fcpFAAa29597:
   tbval:
/var/tmp/fcpFAAa29597:
   tcaldp:
/var/tmp/fcpFAAa29597:
   tcdump:
/var/tmp/fcpFAAa29597:
   tchadp:
/var/tmp/fcpFAAa29597:
   tchsum:
/var/tmp/fcpFAAa29597:
   tclana:
/var/tmp/fcpFAAa29597:
   tclcor:
/var/tmp/fcpFAAa29597:
   tcldmp:
/var/tmp/fcpFAAa29597:
   tclpat:
/var/tmp/fcpFAAa29597:
   tclsng:
/var/tmp/fcpFAAa29597:
   tcludp:
/var/tmp/fcpFAAa29597:
   tclust:
/var/tmp/fcpFAAa29597:
   tco4pa:
/var/tmp/fcpFAAa29597:
   tcoalg:
/var/tmp/fcpFAAa29597:
   tcobin:
/var/tmp/fcpFAAa29597:
   tcodrv:
/var/tmp/fcpFAAa29597:
   tcoerr:
/var/tmp/fcpFAAa29597:
   tcogs3:
/var/tmp/fcpFAAa29597:
   tcoor:
/var/tmp/fcpFAAa29597:
   tcoort:
/var/tmp/fcpFAAa29597:
   tcothr:
/var/tmp/fcpFAAa29597:
   tcoul2:
/var/tmp/fcpFAAa29597:
   tcoul3:
/var/tmp/fcpFAAa29597:
   tcowa2:
/var/tmp/fcpFAAa29597:
   tcowa3:
/var/tmp/fcpFAAa29597:
   tcowav:
/var/tmp/fcpFAAa29597:
   tcowl2:
/var/tmp/fcpFAAa29597:
   tcptst:
/var/tmp/fcpFAAa29597:
   tcqgs3:
/var/tmp/fcpFAAa29597:
   tcshf1:
/var/tmp/fcpFAAa29597:
   tcshft:
/var/tmp/fcpFAAa29597:
   terpar:
/var/tmp/fcpFAAa29597:
   tfcand:
/var/tmp/fcpFAAa29597:
   tfchek:
/var/tmp/fcpFAAa29597:
   tfilpa:
/var/tmp/fcpFAAa29597:
   tfiltj:
/var/tmp/fcpFAAa29597:
   tfithl:
       entry    tfthed:
       entry    tfthec:
/var/tmp/fcpFAAa29597:
   tfitkf:
/var/tmp/fcpFAAa29597:
   tfittk:
/var/tmp/fcpFAAa29597:
   tflnk2:
/var/tmp/fcpFAAa29597:
   tflnks:
/var/tmp/fcpFAAa29597:
   tfpcoi:
/var/tmp/fcpFAAa29597:
   tfthel:
/var/tmp/fcpFAAa29597:
   tftpad:
/var/tmp/fcpFAAa29597:
   tftwtb:
/var/tmp/fcpFAAa29597:
   tgetqt:
/var/tmp/fcpFAAa29597:
   tgftdp:
/var/tmp/fcpFAAa29597:
   tgmadp:
/var/tmp/fcpFAAa29597:
   thpadd:
/var/tmp/fcpFAAa29597:
   thpcor:
/var/tmp/fcpFAAa29597:
   thpfdg:
/var/tmp/fcpFAAa29597:
   thtrow:
/var/tmp/fcpFAAa29597:
   tinijo:
/var/tmp/fcpFAAa29597:
   tiniru:
/var/tmp/fcpFAAa29597:
   tisfil:
/var/tmp/fcpFAAa29597:
   tislnd:
/var/tmp/fcpFAAa29597:
   tjtop:
/var/tmp/fcpFAAa29597:
   tkink:
/var/tmp/fcpFAAa29597:
   tksgdp:
/var/tmp/fcpFAAa29597:
   tlctdp:
/var/tmp/fcpFAAa29597:
   tlcons:
   tldelm:
   tladd:
   tlinit:
   tlovfl:
   tlnext:
   tlpop:
   tlscra:
/var/tmp/fcpFAAa29597:
   tmagnt:
/var/tmp/fcpFAAa29597:
   tmshel:
       entry    tmshed:
       entry    tmshec:
       entry    tmschi:
/var/tmp/fcpFAAa29597:
   tnhlfp:
/var/tmp/fcpFAAa29597:
   tovrlp:
/var/tmp/fcpFAAa29597:
   tpaddx:
/var/tmp/fcpFAAa29597:
   tpadfx:
/var/tmp/fcpFAAa29597:
   tpadpo:
/var/tmp/fcpFAAa29597:
   tpadpr:
/var/tmp/fcpFAAa29597:
   tpads:
/var/tmp/fcpFAAa29597:
   tpakbc:
/var/tmp/fcpFAAa29597:
   tpakco:
/var/tmp/fcpFAAa29597:
   tpakta:
/var/tmp/fcpFAAa29597:
   tpaktx:
/var/tmp/fcpFAAa29597:
   tparab:
/var/tmp/fcpFAAa29597:
   tpbook:
/var/tmp/fcpFAAa29597:
   tpcbun:
/var/tmp/fcpFAAa29597:
   tpcrec:
/var/tmp/fcpFAAa29597:
   tpcrun:
/var/tmp/fcpFAAa29597:
   tpct0:
/var/tmp/fcpFAAa29597:
   tpct0n:
/var/tmp/fcpFAAa29597:
   tpdels:
/var/tmp/fcpFAAa29597:
   tpdiag:
/var/tmp/fcpFAAa29597:
   tpdthr:
/var/tmp/fcpFAAa29597:
   tphist:
/var/tmp/fcpFAAa29597:
   tphsmr:
/var/tmp/fcpFAAa29597:
   tpk1co:
/var/tmp/fcpFAAa29597:
   tpkill:
/var/tmp/fcpFAAa29597:
   tplana:
/var/tmp/fcpFAAa29597:
   tppadd:
/var/tmp/fcpFAAa29597:
   tpreda:
/var/tmp/fcpFAAa29597:
   tprf2:
/var/tmp/fcpFAAa29597:
   tprfin:
/var/tmp/fcpFAAa29597:
   tprfx:
/var/tmp/fcpFAAa29597:
   tprlst:
/var/tmp/fcpFAAa29597:
   tprndm:
/var/tmp/fcpFAAa29597:
   tprsum:
/var/tmp/fcpFAAa29597:
   tpsmgt:
/var/tmp/fcpFAAa29597:
   tpsmr1:
/var/tmp/fcpFAAa29597:
   tpsort:
/var/tmp/fcpFAAa29597:
   tpstat:
/var/tmp/fcpFAAa29597:
   tpuldp:
/var/tmp/fcpFAAa29597:
   trdwp1:
/var/tmp/fcpFAAa29597:
   trdwp2:
/var/tmp/fcpFAAa29597:
   trdwp3:
/var/tmp/fcpFAAa29597:
   trefch:
/var/tmp/fcpFAAa29597:
   trefit:
/var/tmp/fcpFAAa29597:
   trempt:
/var/tmp/fcpFAAa29597:
   trftch:
/var/tmp/fcpFAAa29597:
   trhlx2:
Compiler error line 72 of ../t_/trhlx2.F: Utils: Sanity Check: Inconsistent internal data structures. (6933)
/var/tmp/fcpFAAa29597:
   trkdmp:
/var/tmp/fcpFAAa29597:
   trkels:
/var/tmp/fcpFAAa29597:
   trkfnd:
/var/tmp/fcpFAAa29597:
   trkmca:
/var/tmp/fcpFAAa29597:
   trkwra:
/var/tmp/fcpFAAa29597:
   trmvep:
/var/tmp/fcpFAAa29597:
   trncon:
/var/tmp/fcpFAAa29597:
   trphdi:
/var/tmp/fcpFAAa29597:
   trproj:
/var/tmp/fcpFAAa29597:
   trresc:
/var/tmp/fcpFAAa29597:
   trseek:
/var/tmp/fcpFAAa29597:
   trslnk:
/var/tmp/fcpFAAa29597:
   tsacha:
/var/tmp/fcpFAAa29597:
   tsaclu:
/var/tmp/fcpFAAa29597:
   tsacor:
/var/tmp/fcpFAAa29597:
   tsapat:
/var/tmp/fcpFAAa29597:
   tsatrk:
/var/tmp/fcpFAAa29597:
   tsawir:
/var/tmp/fcpFAAa29597:
   tsawtk:
/var/tmp/fcpFAAa29597:
   tscfil:
/var/tmp/fcpFAAa29597:
   tscidp:
/var/tmp/fcpFAAa29597:
   tscldp:
/var/tmp/fcpFAAa29597:
   tscoor:
/var/tmp/fcpFAAa29597:
   tseque:
/var/tmp/fcpFAAa29597:
   tsirdp:
/var/tmp/fcpFAAa29597:
   tslowc:
/var/tmp/fcpFAAa29597:
   tsmft:
/var/tmp/fcpFAAa29597:
   tsordp:
/var/tmp/fcpFAAa29597:
   tspudp:
/var/tmp/fcpFAAa29597:
   tsumvd:
/var/tmp/fcpFAAa29597:
   tszcor:
/var/tmp/fcpFAAa29597:
   ttloop:
/var/tmp/fcpFAAa29597:
   ttrunk:
/var/tmp/fcpFAAa29597:
   ttwodx:
/var/tmp/fcpFAAa29597:
   ttwosh:
/var/tmp/fcpFAAa29597:
   ttwosi:
/var/tmp/fcpFAAa29597:
   tvdvel:
/var/tmp/fcpFAAa29597:
   twinco:
/var/tmp/fcpFAAa29597:
   twindo:
/var/tmp/fcpFAAa29597:
   twires:
/var/tmp/fcpFAAa29597:
   twirez:
/var/tmp/fcpFAAa29597:
   twirfx:
/var/tmp/fcpFAAa29597:
   twpeak:
/var/tmp/fcpFAAa29597:
   twrrdp:

fort77: Warning: Compiler failure has occurred.
     Attempting to recompile failing compilation unit without optimization

/var/tmp/fcpFAAa29597:
   trhlx2:
/var/tmp/fcpFAAa00984:
   uctgft:
/var/tmp/fcpFAAa00984:
   ufitms:
/var/tmp/fcpFAAa00984:
   umxinv:
/var/tmp/fcpFAAa00984:
   unpack:
/var/tmp/fcpFAAa00984:
   usbook:
/var/tmp/fcpFAAa00984:
   uscjob:
/var/tmp/fcpFAAa00984:
   uscrun:
/var/tmp/fcpFAAa00984:
   ushist:
/var/tmp/fcpFAAa00984:
   usievt:
/var/tmp/fcpFAAa00984:
   usijob:
/var/tmp/fcpFAAa00984:
   usirun:
/var/tmp/fcpFAAa00984:
   uslowc:
/var/tmp/fcpFAAa00984:
   usprda:
/var/tmp/fcpFAAa00984:
   utdcbp:
/var/tmp/fcpFAAa00984:
   utlslf:
/var/tmp/fcpFAAa00984:
   uvpfit:
/var/tmp/fcpFAAa00984:
   uvpmat:
/var/tmp/fcpFAAa00984:
   uxsfit:
/var/tmp/fcpFAAa00984:
   uxsmat:
/var/tmp/fcpFAAa01049:
   vbmfit:
/var/tmp/fcpFAAa01049:
   vbsclr:
/var/tmp/fcpFAAa01049:
   vbsinr:
/var/tmp/fcpFAAa01049:
   vbspot:
/var/tmp/fcpFAAa01049:
   vcalcm:
/var/tmp/fcpFAAa01049:
   vcbfit:
/var/tmp/fcpFAAa01049:
   vcktrk:
/var/tmp/fcpFAAa01049:
   vclbnk:
/var/tmp/fcpFAAa01049:
   vcmean:
/var/tmp/fcpFAAa01049:
   vcrhot:
/var/tmp/fcpFAAa01049:
   vdalin:
/var/tmp/fcpFAAa01049:
   vdalsg:
/var/tmp/fcpFAAa01049:
   vdalxy:
/var/tmp/fcpFAAa01049:
   vdalzt:
/var/tmp/fcpFAAa01049:
   vdbgcl:
/var/tmp/fcpFAAa01049:
   vdbook:
/var/tmp/fcpFAAa01049:
   vdchst:
/var/tmp/fcpFAAa01049:
   vdcrun:
/var/tmp/fcpFAAa01049:
   vdecod:
/var/tmp/fcpFAAa01049:
   vdetok:
/var/tmp/fcpFAAa01049:
   vdfnam:
/var/tmp/fcpFAAa01049:
   vdfsup:
/var/tmp/fcpFAAa01049:
   vdgaus:
/var/tmp/fcpFAAa01049:
   vdgeph:
/var/tmp/fcpFAAa01049:
   vdgtht:
/var/tmp/fcpFAAa01049:
   vdgtmv:
/var/tmp/fcpFAAa01049:
   vdgtxl:
/var/tmp/fcpFAAa01049:
   vdhist:
/var/tmp/fcpFAAa01049:
   vdincp:
/var/tmp/fcpFAAa01049:
   vdismr:
/var/tmp/fcpFAAa01049:
   vdjacb:
/var/tmp/fcpFAAa01049:
   vdklcp:
/var/tmp/fcpFAAa01049:
   vdlink:
/var/tmp/fcpFAAa01049:
   vdmcef:
/var/tmp/fcpFAAa01049:
   vdmctr:
/var/tmp/fcpFAAa01049:
   vdmjln:
/var/tmp/fcpFAAa01049:
   vdmkce:
/var/tmp/fcpFAAa01049:
   vdmoni:
/var/tmp/fcpFAAa01049:
   vdmpin:
/var/tmp/fcpFAAa01049:
   vdmsup2:
/var/tmp/fcpFAAa01049:
   vdnois:
/var/tmp/fcpFAAa01049:
   vdosmr:
/var/tmp/fcpFAAa01049:
   vdpinh:
/var/tmp/fcpFAAa01049:
   vdrcun:
/var/tmp/fcpFAAa01049:
   vdrndm:
/var/tmp/fcpFAAa01049:
   vdrtan:
/var/tmp/fcpFAAa01049:
   vdsigm:
/var/tmp/fcpFAAa01049:
   vdsm95:
/var/tmp/fcpFAAa01049:
   vdsmap:
/var/tmp/fcpFAAa01049:
   vdstch:
/var/tmp/fcpFAAa01049:
   vdtan:
/var/tmp/fcpFAAa01049:
   vdwsdx:
/var/tmp/fcpFAAa01049:
   vdwsmr:
/var/tmp/fcpFAAa01049:
   vdxyzt:
/var/tmp/fcpFAAa01049:
   vhinit:
/var/tmp/fcpFAAa01049:
   vhotin:
/var/tmp/fcpFAAa01049:
   vinijo:
/var/tmp/fcpFAAa01049:
   viniru:
/var/tmp/fcpFAAa01049:
   vlcpos:
/var/tmp/fcpFAAa01049:
   vmgcrl:
/var/tmp/fcpFAAa01049:
   vmkr90:
/var/tmp/fcpFAAa01049:
   vmkr95:
/var/tmp/fcpFAAa01049:
   vpreda:
/var/tmp/fcpFAAa01049:
   vprpot:
/var/tmp/fcpFAAa01049:
   vprsum:
/var/tmp/fcpFAAa01049:
   vreclt:
/var/tmp/fcpFAAa01049:
   vreclu:
/var/tmp/fcpFAAa01049:
   vsepar:
/var/tmp/fcpFAAa01049:
   vseplt:
/var/tmp/fcpFAAa01049:
   vslowc:
/var/tmp/fcpFAAa01049:
   vspxyz:
/var/tmp/fcpFAAa01049:
   vstrim:
/var/tmp/fcpFAAa01049:
   vtrsup:
/var/tmp/fcpFAAa01049:
   vtrurl:
/var/tmp/fcpFAAa01049:
   vumctr:
/var/tmp/fcpFAAa01384:
   vaddia:
/var/tmp/fcpFAAa01384:
   vdblht:
/var/tmp/fcpFAAa01384:
   vfndil:
/var/tmp/fcpFAAa01384:
   vftall:
/var/tmp/fcpFAAa01384:
   vgbran:
/var/tmp/fcpFAAa01384:
   vgbrut:
/var/tmp/fcpFAAa01384:
   vgcmbv:
/var/tmp/fcpFAAa01384:
   vgcomp:
/var/tmp/fcpFAAa01384:
   vgfevt:
/var/tmp/fcpFAAa01384:
   vginit:
/var/tmp/fcpFAAa01384:
   vglink:
/var/tmp/fcpFAAa01384:
   vglob:
/var/tmp/fcpFAAa01384:
   vgnevt:
/var/tmp/fcpFAAa01384:
   vgsolv:
/var/tmp/fcpFAAa01384:
   vgstor:
/var/tmp/fcpFAAa01384:
   vgtcut:
/var/tmp/fcpFAAa01384:
   vherr:
/var/tmp/fcpFAAa01384:
   vhitid:
/var/tmp/fcpFAAa01384:
   vhmap:
/var/tmp/fcpFAAa01384:
   vhupck:
/var/tmp/fcpFAAa01384:
   vhuprm:
/var/tmp/fcpFAAa01384:
   vkaerr:
/var/tmp/fcpFAAa01384:
   vm1trk:
/var/tmp/fcpFAAa01384:
   vmchip:
/var/tmp/fcpFAAa01384:
   vmchis:
/var/tmp/fcpFAAa01384:
   vmclld:
/var/tmp/fcpFAAa01384:
   vmover:
/var/tmp/fcpFAAa01384:
   vmupdt:
/var/tmp/fcpFAAa01384:
   vpksln:
/var/tmp/fcpFAAa01384:
   vsltrk:
/var/tmp/fcpFAAa01384:
   vterex:
/var/tmp/fcpFAAa01492:
   wcal:
/var/tmp/fcpFAAa01492:
   wirjul:
/var/tmp/fcpFAAa01499:
   xptenb:
/var/tmp/fcpFAAa01499:
   xtcncr:
/var/tmp/fcpFAAa01517:
   yfbook:
/var/tmp/fcpFAAa01517:
   yfhist:
/var/tmp/fcpFAAa01517:
   yfijob:
/var/tmp/fcpFAAa01517:
   yfmain:
/var/tmp/fcpFAAa01517:
   yfvert:
/var/tmp/fcpFAAa01517:
   yinijo:
/var/tmp/fcpFAAa01517:
   yiniru:
/var/tmp/fcpFAAa01517:
   ykffit:
/var/tmp/fcpFAAa01517:
   ykinit:
/var/tmp/fcpFAAa01517:
   ykldc:
/var/tmp/fcpFAAa01517:
   yknem2:
/var/tmp/fcpFAAa01517:
   yksfit:
/var/tmp/fcpFAAa01517:
   yksrch:
/var/tmp/fcpFAAa01517:
   ykvdet:
/var/tmp/fcpFAAa01517:
   ymfv0s:
/var/tmp/fcpFAAa01517:
   yprpot:
/var/tmp/fcpFAAa01517:
   yprsum:
/var/tmp/fcpFAAa01517:
   ytbook:
/var/tmp/fcpFAAa01517:
   ythist:
/var/tmp/fcpFAAa01517:
   ytirun:
/var/tmp/fcpFAAa01517:
   yv0sum:
/var/tmp/fcpFAAa01517:
   yvbook:
/var/tmp/fcpFAAa01517:
   yvhist:
/var/tmp/fcpFAAa01517:
   yvijob:
/var/tmp/fcpFAAa01517:
   yybook:
/var/tmp/fcpFAAa01517:
   yyhist:
