
          --- SCANBOOK Version 19.0 running  ---

          --- Last update of the Bookkeeping Database 
                was done on   4. MAY   2004 at  03:40:28
          --- Last  Run # known from Online is :  58471
          --- Last Fill # known from Online is :   8984


 *** SCANBOOK 19.0  - RUN  of  08/09/15 at  19.19.07


  ++ Selection from File :                                  scanbook


  *********************************************
  ** Summary of SCANBOOK  search selections   *
  *********************************************


  ++ Printing of ALL INFO on Cartridge   Y15290    ++ 

  ++ Print level requested           :     2
  ++ Selection on the kind of data   :  REAL DATA                        
  ++ Selection on GOOD RUNS requested 
  ++ Selection on Special Particle   :         -1




 ---------------------------------------------------------------------------
 *** Last run number known in the ALEBOOK Database :                  58471
 *** Last fill number known in the ALEBOOK Database :                  8984
 ---------------------------------------------------------------------------



     ***** PROPT5 Printout Summary *****




 *************************** Tapes/Cartridges  ***************************




 **** AA,AB,AM cartridges are always at CERN ****
      AR,AS,AU DLTs, Y1/R0 Redwoods are always at CERN
      Other cartridges may have been sent to Homelabs


 ***** KINGAL Code =     5300
 -----------------------------------------------------------------------------------------------------------------------------------
   Tape     |Form| Nat|  Date  | Location  | 1st  |  Last | Nevts | LEP Eng |      Comments
            |    |    | YYMMDD |           | Run  |  Run  |       |   Gev   |
 -----------------------------------------------------------------------------------------------------------------------------------
 Y15290_26  |EPIO|MINI| 990326 | STK_ACS   | 1291 |  1291 | 24001 |  -1.00  | MINI 20.2 RUN 1291 BBB 91.2 G.94 J308.6+G308.0 245 24
            |    |    |        |           |      |       |       |         |                                               00 EVTS

     ***** PROPT5 Detailed Printout*****




 -----------------------------------------------------------------------------------------------------------------------------------
   Tape     |Form| Nat|  Date  | Location  | 1st  |  Last | Nevts | LEP Eng |      Comments
            |    |    | YYMMDD |           | Run  |  Run  |       |   Gev   |
 -----------------------------------------------------------------------------------------------------------------------------------
 Y15290_26  |EPIO|MINI| 990326 | STK_ACS   | 1291 |  1291 | 24001 |  -1.00  | MINI 20.2 RUN 1291 BBB 91.2 G.94 J308.6+G308.0 245 24
            |    |    |        |           |      |       |       |         |                                               00 EVTS


 **** MCarlo Data   Production 
 Produced by : albook  
 Date        :   26/ 3/99       Time     :    9.10. 1
 Production Program name =  MINI Version number =  202
               GALEPH Version Number   =      308
               JULIA Version Number   =      308
               GALEPH Geometry of Year =     1994
 ALEPHLIB    : 3103  DATABASE :  245


 >> The present tape :   Y15290_26  is a MASTER DATASET



  ********************************************************************
            Next time you can obtain the same output 

       1 - by cataloguing the data cards below on a file :
                e.g.   mycards.file   

       2 - then by typing the command : " SCANBOOK mycards.file "

BTSK 'SCANBOOK = 5'                                                     
SCIN ' Nature_of_Data = All  | LEP_Energy = All  |'                     
     ' YEAR = All  '                                                    
PROC ' Julia_Processing = LAST '                                        
SCOU ' Printout_Level = 3 | FILI_Cards = No  | EDIR = No  |'            
     ' SRUN_Cards = Yes | Sorted_by_ENERGY = No  '                      
BTLI 'Y15290'                                                           
ENDQ                                                                    
