/var/tmp/fcpFAAa06082:
   MAIN aamain:
/var/tmp/fcpFAAa06082:
   aboldr:
/var/tmp/fcpFAAa06082:
   ajmmcl:
/var/tmp/fcpFAAa06082:
   algtwa:
/var/tmp/fcpFAAa06082:
   almmcl:
/var/tmp/fcpFAAa06082:
   altime:
/var/tmp/fcpFAAa06082:
   aulpol:
/var/tmp/fcpFAAa06099:
   bcalju:
/var/tmp/fcpFAAa06099:
   bccrun:
/var/tmp/fcpFAAa06099:
   bcfile:
       entry    bcinit:
/var/tmp/fcpFAAa06099:
   bcgete:
/var/tmp/fcpFAAa06099:
   bcpack:
   centrd:
/var/tmp/fcpFAAa06099:
   binijo:
/var/tmp/fcpFAAa06099:
   biniru:
/var/tmp/fcpFAAa06099:
   bmsum:
/var/tmp/fcpFAAa06099:
   bpreda:
/var/tmp/fcpFAAa06099:
   bprsum:
/var/tmp/fcpFAAa06099:
   bslowc:
/var/tmp/fcpFAAa06124:
   cabook:
/var/tmp/fcpFAAa06124:
   calrec:
/var/tmp/fcpFAAa06124:
   calrel:
/var/tmp/fcpFAAa06124:
   calrep:
/var/tmp/fcpFAAa06124:
   calsup:
/var/tmp/fcpFAAa06124:
   cashet:
/var/tmp/fcpFAAa06124:
   casmp:
/var/tmp/fcpFAAa06124:
   casneu:
/var/tmp/fcpFAAa06124:
   casnmp:
/var/tmp/fcpFAAa06124:
   cclorl:
/var/tmp/fcpFAAa06124:
   cctrmi:
/var/tmp/fcpFAAa06124:
   ccutpe:
/var/tmp/fcpFAAa06124:
   cdang:
/var/tmp/fcpFAAa06124:
   cdths:
/var/tmp/fcpFAAa06124:
   cegclu:
/var/tmp/fcpFAAa06124:
   cencch:
/var/tmp/fcpFAAa06124:
   cencne:
/var/tmp/fcpFAAa06124:
   cesclu:
/var/tmp/fcpFAAa06124:
   cexcob:
/var/tmp/fcpFAAa06124:
   cexhis:
/var/tmp/fcpFAAa06124:
   cfpass:
/var/tmp/fcpFAAa06124:
   cfpmip:
/var/tmp/fcpFAAa06124:
   cfpnmp:
/var/tmp/fcpFAAa06124:
   cgrunc:
/var/tmp/fcpFAAa06124:
   chclu:
/var/tmp/fcpFAAa06124:
   chgclu:
/var/tmp/fcpFAAa06124:
   chsclu:
/var/tmp/fcpFAAa06124:
   cinijo:
/var/tmp/fcpFAAa06124:
   cinirl:
/var/tmp/fcpFAAa06124:
   cinpar:
/var/tmp/fcpFAAa06124:
   cinsrl:
/var/tmp/fcpFAAa06124:
   cisgam:
/var/tmp/fcpFAAa06124:
   cishit:
/var/tmp/fcpFAAa06124:
   cludis:
/var/tmp/fcpFAAa06124:
   cmoni:
/var/tmp/fcpFAAa06124:
   cnighb:
/var/tmp/fcpFAAa06124:
   coslst:
/var/tmp/fcpFAAa06124:
   cpadwr:
/var/tmp/fcpFAAa06124:
   cparad:
/var/tmp/fcpFAAa06124:
   cpotcr:
/var/tmp/fcpFAAa06124:
   cpoteh:
/var/tmp/fcpFAAa06124:
   cpotlc:
/var/tmp/fcpFAAa06124:
   cptcom:
/var/tmp/fcpFAAa06124:
   crcalo:
/var/tmp/fcpFAAa06124:
   crchrl:
/var/tmp/fcpFAAa06124:
   crcjob:
/var/tmp/fcpFAAa06124:
   crcpar:
/var/tmp/fcpFAAa06124:
   crhclu:
/var/tmp/fcpFAAa06124:
   cthclu:
/var/tmp/fcpFAAa06124:
   ctkchg:
/var/tmp/fcpFAAa06124:
   ctrmip:
/var/tmp/fcpFAAa06124:
   ctrpar:
/var/tmp/fcpFAAa06124:
   ctrtoc:
/var/tmp/fcpFAAa06124:
   cvrify:
/var/tmp/fcpFAAa06394:
   e1bpei:
/var/tmp/fcpFAAa06394:
   e2bpei:
/var/tmp/fcpFAAa06394:
   e3bpei:
/var/tmp/fcpFAAa06394:
   e4bary:
/var/tmp/fcpFAAa06394:
   e4cosz:
/var/tmp/fcpFAAa06394:
   e4dead:
/var/tmp/fcpFAAa06394:
   e4deij:
/var/tmp/fcpFAAa06394:
   e4fdij:
/var/tmp/fcpFAAa06394:
   e4fide:
/var/tmp/fcpFAAa06394:
   e4find:
/var/tmp/fcpFAAa06394:
   e4fnec:
/var/tmp/fcpFAAa06394:
   fracst:
/var/tmp/fcpFAAa06394:
   e4gtbr:
/var/tmp/fcpFAAa06394:
   e4gtpl:
/var/tmp/fcpFAAa06394:
   e4gtso:
/var/tmp/fcpFAAa06394:
   e4gtst:
/var/tmp/fcpFAAa06394:
   e4gttw:
/var/tmp/fcpFAAa06394:
   e4indi:
/var/tmp/fcpFAAa06394:
   e4lea1:
/var/tmp/fcpFAAa06394:
   e4ovrl:
/var/tmp/fcpFAAa06394:
   e4pal:
/var/tmp/fcpFAAa06394:
   e4r1r2:
/var/tmp/fcpFAAa06394:
   e4r2r3:
/var/tmp/fcpFAAa06394:
   e4r3r4:
/var/tmp/fcpFAAa06394:
   e4radc:
/var/tmp/fcpFAAa06394:
   e4res2:
/var/tmp/fcpFAAa06394:
   e4res3:
/var/tmp/fcpFAAa06394:
   e4tstl:
/var/tmp/fcpFAAa06394:
   e4xyz0:
/var/tmp/fcpFAAa06394:
   eautop:
/var/tmp/fcpFAAa06394:
   ebegid:
/var/tmp/fcpFAAa06394:
   eboxki:
/var/tmp/fcpFAAa06394:
   ecalig:
/var/tmp/fcpFAAa06394:
   ecblda:
/var/tmp/fcpFAAa06394:
   ecboba:
/var/tmp/fcpFAAa06394:
   ecbook:
/var/tmp/fcpFAAa06394:
   eccaob:
/var/tmp/fcpFAAa06394:
   ecchkb:
/var/tmp/fcpFAAa06394:
   ecclco:
/var/tmp/fcpFAAa06394:
   ecclus:
/var/tmp/fcpFAAa06394:
   ecdamp:
/var/tmp/fcpFAAa06394:
   ecdebg:
/var/tmp/fcpFAAa06394:
   ecdete:
/var/tmp/fcpFAAa06394:
   ecdigi:
/var/tmp/fcpFAAa06394:
   ecener:
/var/tmp/fcpFAAa06394:
   eceras:
/var/tmp/fcpFAAa06394:
   ecfclu:
/var/tmp/fcpFAAa06394:
   ecfibt:
/var/tmp/fcpFAAa06394:
   ecfils:
/var/tmp/fcpFAAa06394:
   ecfmip:
/var/tmp/fcpFAAa06394:
   ecfobj:
/var/tmp/fcpFAAa06394:
   ecgflw:
/var/tmp/fcpFAAa06394:
   ecgmix:
/var/tmp/fcpFAAa06394:
   echarg:
/var/tmp/fcpFAAa06394:
   echcgl:
/var/tmp/fcpFAAa06394:
   echedc:
/var/tmp/fcpFAAa06394:
   echiba:
/var/tmp/fcpFAAa06394:
   echist:
/var/tmp/fcpFAAa06394:
   echtag:
/var/tmp/fcpFAAa06394:
   ecinit:
/var/tmp/fcpFAAa06394:
   ecinrv:
/var/tmp/fcpFAAa06394:
   eclamp:
/var/tmp/fcpFAAa06394:
   eclana:
/var/tmp/fcpFAAa06394:
   ecleib:
/var/tmp/fcpFAAa06394:
   eclgeo:
/var/tmp/fcpFAAa06394:
   eclope:
/var/tmp/fcpFAAa06394:
   eclorl:
/var/tmp/fcpFAAa06394:
   eclost:
/var/tmp/fcpFAAa06394:
   ecltag:
/var/tmp/fcpFAAa06394:
   ecltrk:
/var/tmp/fcpFAAa06394:
   ecltyp:
/var/tmp/fcpFAAa06394:
   ecluar:
/var/tmp/fcpFAAa06394:
   ecmesp:
/var/tmp/fcpFAAa06394:
   ecmod:
/var/tmp/fcpFAAa06394:
   ecmopl:
/var/tmp/fcpFAAa06394:
   ecncob:
/var/tmp/fcpFAAa06394:
   ecobnk:
/var/tmp/fcpFAAa06394:
   ecoent:
/var/tmp/fcpFAAa06394:
   ecoidp:
/var/tmp/fcpFAAa06394:
   ecos:
/var/tmp/fcpFAAa06394:
   ecpad:
/var/tmp/fcpFAAa06394:
   ecpasr:
/var/tmp/fcpFAAa06394:
   ecplm:
/var/tmp/fcpFAAa06394:
   ecprin:
/var/tmp/fcpFAAa06394:
   ecprlo:
/var/tmp/fcpFAAa06394:
   ecrcob:
/var/tmp/fcpFAAa06394:
   ecre4d:
/var/tmp/fcpFAAa06394:
   ecreib:
/var/tmp/fcpFAAa06394:
   ecrmip:
/var/tmp/fcpFAAa06394:
   ecrndx:
/var/tmp/fcpFAAa06394:
   ecrpei:
/var/tmp/fcpFAAa06394:
   ecrtr:
/var/tmp/fcpFAAa06394:
   ecrunq:
/var/tmp/fcpFAAa06394:
   ecscmd:
/var/tmp/fcpFAAa06394:
   ecst:
/var/tmp/fcpFAAa06394:
   ecsupp:
/var/tmp/fcpFAAa06394:
   ecsw1093:
/var/tmp/fcpFAAa06394:
   ecsw94:
/var/tmp/fcpFAAa06394:
   ectemp:
/var/tmp/fcpFAAa06394:
   ecthre:
/var/tmp/fcpFAAa06394:
   ectopo:
/var/tmp/fcpFAAa06394:
   ectpc:
/var/tmp/fcpFAAa06394:
   ectrap:
/var/tmp/fcpFAAa06394:
   ectrea:
/var/tmp/fcpFAAa06394:
   ecxmod:
/var/tmp/fcpFAAa06394:
   edisal:
/var/tmp/fcpFAAa06394:
   edlist:
/var/tmp/fcpFAAa06394:
   efaxe:
/var/tmp/fcpFAAa06394:
   efbook:
/var/tmp/fcpFAAa06394:
   eferrr:
/var/tmp/fcpFAAa06394:
   eficlp:
/var/tmp/fcpFAAa06394:
   eficv:
/var/tmp/fcpFAAa06394:
   efiecp:
/var/tmp/fcpFAAa06394:
   efieib:
/var/tmp/fcpFAAa06394:
   efijob:
/var/tmp/fcpFAAa06394:
   efixi94:
/var/tmp/fcpFAAa06394:
   eflcst:
/var/tmp/fcpFAAa06394:
   efolmk:
/var/tmp/fcpFAAa06394:
   efpard:
/var/tmp/fcpFAAa06394:
   eftiel:
/var/tmp/fcpFAAa06394:
   egacst:
/var/tmp/fcpFAAa06394:
   egaest:
/var/tmp/fcpFAAa06394:
   egetds:
/var/tmp/fcpFAAa06394:
   egfcst:
/var/tmp/fcpFAAa06394:
   egttks:
/var/tmp/fcpFAAa06394:
   ehcflo:
/var/tmp/fcpFAAa06394:
   ehlix:
/var/tmp/fcpFAAa06394:
   ehreg:
/var/tmp/fcpFAAa06394:
   eidedx:
/var/tmp/fcpFAAa06394:
   eident:
/var/tmp/fcpFAAa06394:
   eieffl:
/var/tmp/fcpFAAa06394:
   einhlx:
/var/tmp/fcpFAAa06394:
   einijo:
/var/tmp/fcpFAAa06394:
   einirl:
/var/tmp/fcpFAAa06394:
   einiru:
/var/tmp/fcpFAAa06394:
   einitk:
/var/tmp/fcpFAAa06394:
   einsrl:
/var/tmp/fcpFAAa06394:
   eipard:
/var/tmp/fcpFAAa06394:
   eithr:
/var/tmp/fcpFAAa06394:
   eknewb:
/var/tmp/fcpFAAa06394:
   eknewe:
/var/tmp/fcpFAAa06394:
   elecid:
/var/tmp/fcpFAAa06394:
   elongi:
/var/tmp/fcpFAAa06394:
   emfill:
/var/tmp/fcpFAAa06394:
   emskei:
/var/tmp/fcpFAAa06394:
   emskev:
/var/tmp/fcpFAAa06394:
   emskf:
/var/tmp/fcpFAAa06394:
   emski:
/var/tmp/fcpFAAa06394:
   emskji:
/var/tmp/fcpFAAa06394:
   emskmu:
/var/tmp/fcpFAAa06394:
   enfmsk:
/var/tmp/fcpFAAa06394:
   enighb:
/var/tmp/fcpFAAa06394:
   enoise:
/var/tmp/fcpFAAa06394:
   enprox:
/var/tmp/fcpFAAa06394:
   enstat:
/var/tmp/fcpFAAa06394:
   epadcl:
/var/tmp/fcpFAAa06394:
   epatrn:
/var/tmp/fcpFAAa06394:
   epcalo:
/var/tmp/fcpFAAa06394:
   epchg:
/var/tmp/fcpFAAa06394:
   epneu:
/var/tmp/fcpFAAa06394:
   epreda:
/var/tmp/fcpFAAa06394:
   eproba:
/var/tmp/fcpFAAa06394:
   eprsto:
/var/tmp/fcpFAAa06394:
   eprsum:
/var/tmp/fcpFAAa06394:
   eprtpc:
/var/tmp/fcpFAAa06394:
   ercupi:
/var/tmp/fcpFAAa06394:
   ercupr:
/var/tmp/fcpFAAa06394:
   ereset:
/var/tmp/fcpFAAa06394:
   eroad:
/var/tmp/fcpFAAa06394:
   escdef:
/var/tmp/fcpFAAa06394:
   escoun:
/var/tmp/fcpFAAa06394:
   esfil:
/var/tmp/fcpFAAa06394:
   eslas:
/var/tmp/fcpFAAa06394:
   eslct:
/var/tmp/fcpFAAa06394:
   eslctf:
/var/tmp/fcpFAAa06394:
   eslowc:
/var/tmp/fcpFAAa06394:
   estag:
/var/tmp/fcpFAAa06394:
   esveto:
/var/tmp/fcpFAAa06394:
   eswpst:
/var/tmp/fcpFAAa06394:
   etdifp:
/var/tmp/fcpFAAa06394:
   ethres:
/var/tmp/fcpFAAa06394:
   etrdev:
/var/tmp/fcpFAAa06394:
   ewdifp:
/var/tmp/fcpFAAa06394:
   ewircl:
/var/tmp/fcpFAAa06394:
   ex3ijk:
/var/tmp/fcpFAAa06982:
   fawian:
/var/tmp/fcpFAAa06982:
   fcfrid:
/var/tmp/fcpFAAa06982:
   fdetco:
/var/tmp/fcpFAAa06982:
   ffield:
/var/tmp/fcpFAAa06982:
   fidhea:
/var/tmp/fcpFAAa06982:
   fidrot:
/var/tmp/fcpFAAa06982:
   finiru:
/var/tmp/fcpFAAa06982:
   fitall:
/var/tmp/fcpFAAa06982:
   fitwri:
/var/tmp/fcpFAAa06982:
   fkink:
/var/tmp/fcpFAAa06982:
   fkkpar:
/var/tmp/fcpFAAa06982:
   flngv0:
/var/tmp/fcpFAAa06982:
   floweh:
/var/tmp/fcpFAAa06982:
   flowfi:
/var/tmp/fcpFAAa06982:
   flowtr:
/var/tmp/fcpFAAa06982:
   flv0dx:
/var/tmp/fcpFAAa06982:
   fmuid:
/var/tmp/fcpFAAa06982:
   fpiden:
/var/tmp/fcpFAAa06982:
   fpmove:
/var/tmp/fcpFAAa06982:
   frefit:
/var/tmp/fcpFAAa06982:
   frmhit:
/var/tmp/fcpFAAa06982:
   ftpcer:
/var/tmp/fcpFAAa06982:
   ftrack:
/var/tmp/fcpFAAa07144:
   gambnk:
/var/tmp/fcpFAAa07144:
   gapeco:
/var/tmp/fcpFAAa07144:
   gasteer:
/var/tmp/fcpFAAa07153:
   hcalib:
/var/tmp/fcpFAAa07153:
   hcalrd:
/var/tmp/fcpFAAa07153:
   hcatow:
/var/tmp/fcpFAAa07153:
   hcbhis:
/var/tmp/fcpFAAa07153:
   hcfclu:
/var/tmp/fcpFAAa07153:
   hchist:
/var/tmp/fcpFAAa07153:
   hclcra:
/var/tmp/fcpFAAa07153:
   hcltst:
/var/tmp/fcpFAAa07153:
   hclufi:
/var/tmp/fcpFAAa07153:
   hcorfc:
/var/tmp/fcpFAAa07153:
   hcos:
/var/tmp/fcpFAAa07153:
   hcsimm:
/var/tmp/fcpFAAa07153:
   hdgdeb:
/var/tmp/fcpFAAa07153:
   hdgfil:
/var/tmp/fcpFAAa07153:
   hdgpot:
/var/tmp/fcpFAAa07153:
   hdgsum:
/var/tmp/fcpFAAa07153:
   hdprec:
/var/tmp/fcpFAAa07153:
   hdspre:
/var/tmp/fcpFAAa07153:
   hflnoi:
/var/tmp/fcpFAAa07153:
   hinijo:
/var/tmp/fcpFAAa07153:
   hiniru:
/var/tmp/fcpFAAa07153:
   hmener:
/var/tmp/fcpFAAa07153:
   hmfind:
/var/tmp/fcpFAAa07153:
   hmroad:
/var/tmp/fcpFAAa07153:
   hnoise:
/var/tmp/fcpFAAa07153:
   hnoisy:
/var/tmp/fcpFAAa07153:
   hpatco:
/var/tmp/fcpFAAa07153:
   hphnoi:
/var/tmp/fcpFAAa07153:
   hplink:
/var/tmp/fcpFAAa07153:
   hprana:
/var/tmp/fcpFAAa07153:
   hpranp:
/var/tmp/fcpFAAa07153:
   hprdig:
/var/tmp/fcpFAAa07153:
   hpreda:
/var/tmp/fcpFAAa07153:
   hprpot:
/var/tmp/fcpFAAa07153:
   hprsum:
/var/tmp/fcpFAAa07153:
   hprunc:
/var/tmp/fcpFAAa07153:
   hrcomp:
/var/tmp/fcpFAAa07153:
   hrcpat:
/var/tmp/fcpFAAa07153:
   hrdcal:
/var/tmp/fcpFAAa07153:
   hroad:
/var/tmp/fcpFAAa07153:
   hslink:
/var/tmp/fcpFAAa07153:
   hslowc:
/var/tmp/fcpFAAa07153:
   hspare:
/var/tmp/fcpFAAa07153:
   hsptre:
/var/tmp/fcpFAAa07153:
   hstofi:
/var/tmp/fcpFAAa07153:
   htrack:
/var/tmp/fcpFAAa07153:
   htubfi:
/var/tmp/fcpFAAa07153:
   htwcr:
/var/tmp/fcpFAAa07153:
   hvmask:
/var/tmp/fcpFAAa07417:
   iasign:
/var/tmp/fcpFAAa07417:
   iattma:
/var/tmp/fcpFAAa07417:
   ibnkin:
/var/tmp/fcpFAAa07417:
   icaswt:
/var/tmp/fcpFAAa07417:
   icftoi:
/var/tmp/fcpFAAa07417:
   iclimb:
/var/tmp/fcpFAAa07417:
   icrcco:
/var/tmp/fcpFAAa07417:
   ideadw:
/var/tmp/fcpFAAa07417:
   idigpr:
/var/tmp/fcpFAAa07417:
   ienang:
/var/tmp/fcpFAAa07417:
   ifind1:
/var/tmp/fcpFAAa07417:
   ifind2:
/var/tmp/fcpFAAa07417:
   ifitp:
/var/tmp/fcpFAAa07417:
   iftrak:
/var/tmp/fcpFAAa07417:
   igetti:
/var/tmp/fcpFAAa07417:
   igettp:
/var/tmp/fcpFAAa07417:
   igicha:
/var/tmp/fcpFAAa07417:
   iheler:
/var/tmp/fcpFAAa07417:
   iinijo:
/var/tmp/fcpFAAa07417:
   iiniru:
/var/tmp/fcpFAAa07417:
   iintrk:
/var/tmp/fcpFAAa07417:
   imatch:
/var/tmp/fcpFAAa07417:
   inigap:
/var/tmp/fcpFAAa07417:
   insect:
/var/tmp/fcpFAAa07417:
   intrak:
/var/tmp/fcpFAAa07417:
   ipakdi:
/var/tmp/fcpFAAa07417:
   ipdsti:
/var/tmp/fcpFAAa07417:
   iphcor:
/var/tmp/fcpFAAa07417:
   ipreda:
/var/tmp/fcpFAAa07417:
   iprsum:
/var/tmp/fcpFAAa07417:
   ipstat:
/var/tmp/fcpFAAa07417:
   irefin:
/var/tmp/fcpFAAa07417:
   ireopd:
/var/tmp/fcpFAAa07417:
   isave:
/var/tmp/fcpFAAa07417:
   ishuff:
/var/tmp/fcpFAAa07417:
   ishufl:
/var/tmp/fcpFAAa07417:
   islowc:
/var/tmp/fcpFAAa07417:
   isrch:
/var/tmp/fcpFAAa07417:
   itbook:
/var/tmp/fcpFAAa07417:
   itccut:
/var/tmp/fcpFAAa07417:
   itcopr:
/var/tmp/fcpFAAa07417:
   itcrec:
/var/tmp/fcpFAAa07417:
   itcrep:
/var/tmp/fcpFAAa07417:
   itctpc:
/var/tmp/fcpFAAa07417:
   itctrk:
/var/tmp/fcpFAAa07417:
   itcxng:
/var/tmp/fcpFAAa07417:
   iterr:
/var/tmp/fcpFAAa07417:
   itextn:
/var/tmp/fcpFAAa07417:
   ithist:
/var/tmp/fcpFAAa07417:
   itidy1:
/var/tmp/fcpFAAa07417:
   itidy2:
/var/tmp/fcpFAAa07417:
   itlnk1:
/var/tmp/fcpFAAa07417:
   itlnk2:
/var/tmp/fcpFAAa07417:
   itpcan:
/var/tmp/fcpFAAa07417:
   itrak:
/var/tmp/fcpFAAa07417:
   itrecf:
/var/tmp/fcpFAAa07417:
   itreci:
/var/tmp/fcpFAAa07417:
   itree:
/var/tmp/fcpFAAa07417:
   itrkci:
/var/tmp/fcpFAAa07417:
   itrkeq:
/var/tmp/fcpFAAa07417:
   itrkzr:
/var/tmp/fcpFAAa07417:
   itrmca:
/var/tmp/fcpFAAa07665:
   laccep:
   lfiduc:
/var/tmp/fcpFAAa07665:
   lasym:
/var/tmp/fcpFAAa07665:
   lbhab:
/var/tmp/fcpFAAa07665:
   lbhcor:
/var/tmp/fcpFAAa07665:
   lbindx:
/var/tmp/fcpFAAa07665:
   lbldba:
/var/tmp/fcpFAAa07665:
   lbnkpr:
/var/tmp/fcpFAAa07665:
   lbunca:
/var/tmp/fcpFAAa07665:
   lcalib:
/var/tmp/fcpFAAa07665:
   lcarec:
/var/tmp/fcpFAAa07665:
   lcbook:
/var/tmp/fcpFAAa07665:
   lchist:
/var/tmp/fcpFAAa07665:
   lclust:
/var/tmp/fcpFAAa07665:
   lclutw:
/var/tmp/fcpFAAa07665:
   lcorrc:
/var/tmp/fcpFAAa07665:
   lcpaxy:
/var/tmp/fcpFAAa07665:
   lcrpot:
/var/tmp/fcpFAAa07665:
   lcsave:
/var/tmp/fcpFAAa07665:
   ldirtw:
/var/tmp/fcpFAAa07665:
   lelect:
/var/tmp/fcpFAAa07665:
   lenlis:
/var/tmp/fcpFAAa07665:
   lestim:
/var/tmp/fcpFAAa07665:
   lfourc:
/var/tmp/fcpFAAa07665:
   lgngbx:
/var/tmp/fcpFAAa07665:
   lhvsta:
/var/tmp/fcpFAAa07665:
   lidcod:
/var/tmp/fcpFAAa07665:
   linijo:
/var/tmp/fcpFAAa07665:
   liniru:
/var/tmp/fcpFAAa07665:
   lolerr:
/var/tmp/fcpFAAa07665:
   lprcal:
/var/tmp/fcpFAAa07665:
   lpreda:
/var/tmp/fcpFAAa07665:
   lpremc:
/var/tmp/fcpFAAa07665:
   lprepo:
/var/tmp/fcpFAAa07665:
   lprerw:
/var/tmp/fcpFAAa07665:
   lprlum:
/var/tmp/fcpFAAa07665:
   lprsum:
/var/tmp/fcpFAAa07665:
   lselba:
/var/tmp/fcpFAAa07665:
   lselbh:
/var/tmp/fcpFAAa07665:
   lsingl:
/var/tmp/fcpFAAa07665:
   lslowc:
/var/tmp/fcpFAAa07665:
   lstati:
/var/tmp/fcpFAAa07665:
   lsumam:
/var/tmp/fcpFAAa07665:
   ltgbit:
/var/tmp/fcpFAAa07665:
   ltgtyp:
/var/tmp/fcpFAAa07665:
   ltrace:
/var/tmp/fcpFAAa07665:
   ltrack:
/var/tmp/fcpFAAa07665:
   ltrigs:
/var/tmp/fcpFAAa07665:
   lupacr:
/var/tmp/fcpFAAa07665:
   lupain:
/var/tmp/fcpFAAa07919:
   mginig:
/var/tmp/fcpFAAa07919:
   minhea:
/var/tmp/fcpFAAa07919:
   minijo:
/var/tmp/fcpFAAa07919:
   miniru:
/var/tmp/fcpFAAa07919:
   modroc:
/var/tmp/fcpFAAa07919:
   mpreda:
/var/tmp/fcpFAAa07919:
   mpredg:
/var/tmp/fcpFAAa07919:
   mpredm:
/var/tmp/fcpFAAa07919:
   mprsum:
/var/tmp/fcpFAAa07919:
   mslowc:
/var/tmp/fcpFAAa07919:
   mualcm:
/var/tmp/fcpFAAa07919:
   mualco:
/var/tmp/fcpFAAa07919:
   muass:
/var/tmp/fcpFAAa07919:
   mubook:
/var/tmp/fcpFAAa07919:
   mucomp:
/var/tmp/fcpFAAa07919:
   mucuts:
/var/tmp/fcpFAAa07919:
   muhist:
/var/tmp/fcpFAAa07919:
   muhitg:
/var/tmp/fcpFAAa07919:
   muhits:
/var/tmp/fcpFAAa07919:
   mukine:
/var/tmp/fcpFAAa07919:
   munewr:
/var/tmp/fcpFAAa07919:
   muredo:
/var/tmp/fcpFAAa07919:
   muslcm:
/var/tmp/fcpFAAa07919:
   muslco:
/var/tmp/fcpFAAa07919:
   mutest:
/var/tmp/fcpFAAa08006:
   obmfit:
/var/tmp/fcpFAAa08006:
   obsclr:
/var/tmp/fcpFAAa08006:
   obsinr:
/var/tmp/fcpFAAa08006:
   obspot:
/var/tmp/fcpFAAa08006:
   ocbfit:
/var/tmp/fcpFAAa08006:
   ocbpre:
/var/tmp/fcpFAAa08006:
   ogtblq:
/var/tmp/fcpFAAa08006:
   oinijo:
/var/tmp/fcpFAAa08006:
   oiniru:
/var/tmp/fcpFAAa08006:
   olspod:
/var/tmp/fcpFAAa08006:
   olspot:
/var/tmp/fcpFAAa08006:
   olspou:
/var/tmp/fcpFAAa08006:
   ombook:
/var/tmp/fcpFAAa08006:
   ombopt:
/var/tmp/fcpFAAa08006:
   ombout:
/var/tmp/fcpFAAa08006:
   ombpos:
/var/tmp/fcpFAAa08006:
   ombrec:
/var/tmp/fcpFAAa08006:
   omcorr:
/var/tmp/fcpFAAa08006:
   omcrun:
/var/tmp/fcpFAAa08006:
   omdata:
/var/tmp/fcpFAAa08006:
   omgain:
/var/tmp/fcpFAAa08006:
   omhist:
/var/tmp/fcpFAAa08006:
   omipos:
/var/tmp/fcpFAAa08006:
   omread:
/var/tmp/fcpFAAa08006:
   oprsum:
/var/tmp/fcpFAAa08006:
   oslowc:
/var/tmp/fcpFAAa08091:
   pmskfi:
/var/tmp/fcpFAAa08091:
   prolot:
/var/tmp/fcpFAAa08091:
   pryfit:
/var/tmp/fcpFAAa08091:
   pvfill:
/var/tmp/fcpFAAa08122:
   qfmmcl:
/var/tmp/fcpFAAa08122:
   qgmmcl:
/var/tmp/fcpFAAa08211:
   rbkhis:
/var/tmp/fcpFAAa08211:
   rcjsum:
/var/tmp/fcpFAAa08211:
   rclean:
/var/tmp/fcpFAAa08211:
   rcljob:
/var/tmp/fcpFAAa08211:
   rclrun:
/var/tmp/fcpFAAa08211:
   rcpas0:
/var/tmp/fcpFAAa08211:
   rdcard:
/var/tmp/fcpFAAa08211:
   rdefio:
/var/tmp/fcpFAAa08211:
   rdefmi:
/var/tmp/fcpFAAa08211:
   rdefpo:
/var/tmp/fcpFAAa08211:
   rdetec:
/var/tmp/fcpFAAa08211:
   recevt:
/var/tmp/fcpFAAa08211:
   recons:
/var/tmp/fcpFAAa08211:
   reject:
/var/tmp/fcpFAAa08211:
   report:
/var/tmp/fcpFAAa08211:
   rerror:
/var/tmp/fcpFAAa08211:
   rfalcr:
/var/tmp/fcpFAAa08211:
   rfalee:
/var/tmp/fcpFAAa08211:
   rfalie:
/var/tmp/fcpFAAa08211:
   rfalij:
/var/tmp/fcpFAAa08211:
   rfalir:
/var/tmp/fcpFAAa08211:
   rfalpd:
/var/tmp/fcpFAAa08211:
   rfjcon:
/var/tmp/fcpFAAa08211:
   rforma:
/var/tmp/fcpFAAa08211:
   rgetdv:
/var/tmp/fcpFAAa08211:
   rhbook:
/var/tmp/fcpFAAa08211:
   rhsevt:
/var/tmp/fcpFAAa08211:
   rincnd:
/var/tmp/fcpFAAa08211:
   rinjob:
/var/tmp/fcpFAAa08211:
   rinrun:
/var/tmp/fcpFAAa08211:
   ripas0:
/var/tmp/fcpFAAa08211:
   rloopr:
/var/tmp/fcpFAAa08211:
   rltoch:
/var/tmp/fcpFAAa08211:
   rlutrf:
/var/tmp/fcpFAAa08211:
   rmonii:
/var/tmp/fcpFAAa08211:
   rmonit:
/var/tmp/fcpFAAa08211:
   rnxmod:
/var/tmp/fcpFAAa08211:
   rperrs:
/var/tmp/fcpFAAa08211:
   rpnamb:
/var/tmp/fcpFAAa08211:
   rpotcl:
/var/tmp/fcpFAAa08211:
   rpreda:
/var/tmp/fcpFAAa08211:
   rprsta:
/var/tmp/fcpFAAa08211:
   rprsum:
/var/tmp/fcpFAAa08211:
   rrevhe:
/var/tmp/fcpFAAa08211:
   rshrin:
/var/tmp/fcpFAAa08211:
   rsmjob:
/var/tmp/fcpFAAa08211:
   rtitle:
/var/tmp/fcpFAAa08211:
   rtlsum:
/var/tmp/fcpFAAa08211:
   rtmask:
/var/tmp/fcpFAAa08211:
   rtrigf:
/var/tmp/fcpFAAa08211:
   runkno:
/var/tmp/fcpFAAa08211:
   rvdpre:
/var/tmp/fcpFAAa08211:
   rwjubw:
/var/tmp/fcpFAAa08211:
   rwrevt:
/var/tmp/fcpFAAa08211:
   rwrunh:
/var/tmp/fcpFAAa08211:
   rzejob:
/var/tmp/fcpFAAa08211:
   rzergl:
/var/tmp/fcpFAAa08211:
   rzerun:
/var/tmp/fcpFAAa08341:
   sabook:
/var/tmp/fcpFAAa08341:
   sacocr:
/var/tmp/fcpFAAa08341:
   sacopr:
/var/tmp/fcpFAAa08341:
   sahist:
/var/tmp/fcpFAAa08341:
   satrec:
/var/tmp/fcpFAAa08341:
   sclupr:
/var/tmp/fcpFAAa08341:
   scoopr:
/var/tmp/fcpFAAa08341:
   sftrpr:
/var/tmp/fcpFAAa08341:
   sibkpr:
/var/tmp/fcpFAAa08341:
   sibook:
/var/tmp/fcpFAAa08341:
   sicaok:
/var/tmp/fcpFAAa08341:
   siclc2:
/var/tmp/fcpFAAa08341:
   siclco:
/var/tmp/fcpFAAa08341:
   siclean:
/var/tmp/fcpFAAa08341:
   siclus:
/var/tmp/fcpFAAa08341:
   sicrec:
/var/tmp/fcpFAAa08341:
   sicrpot:
/var/tmp/fcpFAAa08341:
   sicrun:
/var/tmp/fcpFAAa08341:
   sidamp:
/var/tmp/fcpFAAa08341:
   sidcor:
/var/tmp/fcpFAAa08341:
   sidsum:
/var/tmp/fcpFAAa08341:
   sidvoi:
/var/tmp/fcpFAAa08341:
   siecor:
/var/tmp/fcpFAAa08341:
   siepcr:
/var/tmp/fcpFAAa08341:
   siesum:
   sifsum:
/var/tmp/fcpFAAa08341:
   sievst:
/var/tmp/fcpFAAa08341:
   sigaco:
/var/tmp/fcpFAAa08341:
   sigtdp:
/var/tmp/fcpFAAa08341:
   sigtwa:
/var/tmp/fcpFAAa08341:
   sihist:
/var/tmp/fcpFAAa08341:
   siinijo:
/var/tmp/fcpFAAa08341:
   siiniru:
/var/tmp/fcpFAAa08341:
   sijuke:
/var/tmp/fcpFAAa08341:
   silhcr:
/var/tmp/fcpFAAa08341:
   silist:
/var/tmp/fcpFAAa08341:
   silsum:
/var/tmp/fcpFAAa08341:
   siluad:
/var/tmp/fcpFAAa08341:
   silumi:
/var/tmp/fcpFAAa08341:
   silvoi:
/var/tmp/fcpFAAa08341:
   sinamx:
/var/tmp/fcpFAAa08341:
   sinijo:
/var/tmp/fcpFAAa08341:
   siniru:
/var/tmp/fcpFAAa08341:
   sipedfx:
/var/tmp/fcpFAAa08341:
   sipreda:
/var/tmp/fcpFAAa08341:
   siprlum:
/var/tmp/fcpFAAa08341:
   siprsum:
/var/tmp/fcpFAAa08341:
   sipsum:
/var/tmp/fcpFAAa08341:
   sipvoi:
/var/tmp/fcpFAAa08341:
   sislowc:
/var/tmp/fcpFAAa08341:
   sisol2:
/var/tmp/fcpFAAa08341:
   sistat:
/var/tmp/fcpFAAa08341:
   siswap:
/var/tmp/fcpFAAa08341:
   sivois:
/var/tmp/fcpFAAa08341:
   skanpr:
/var/tmp/fcpFAAa08341:
   spatpr:
/var/tmp/fcpFAAa08341:
   spreda:
/var/tmp/fcpFAAa08341:
   spremc:
/var/tmp/fcpFAAa08341:
   sprpot:
/var/tmp/fcpFAAa08341:
   sprsum:
/var/tmp/fcpFAAa08341:
   sr2clu:
/var/tmp/fcpFAAa08341:
   sr2pat:
/var/tmp/fcpFAAa08341:
   sr3clu:
/var/tmp/fcpFAAa08341:
   sr3pat:
/var/tmp/fcpFAAa08341:
   sraddr:
/var/tmp/fcpFAAa08341:
   sralig:
/var/tmp/fcpFAAa08341:
   srbftr:
/var/tmp/fcpFAAa08341:
   srbtrk:
/var/tmp/fcpFAAa08341:
   srccop:
/var/tmp/fcpFAAa08341:
   srclip:
/var/tmp/fcpFAAa08341:
   srclus:
/var/tmp/fcpFAAa08341:
   srcons:
/var/tmp/fcpFAAa08341:
   srcoor:
/var/tmp/fcpFAAa08341:
   srcpat:
/var/tmp/fcpFAAa08341:
   srcuts:
/var/tmp/fcpFAAa08341:
   srdble:
/var/tmp/fcpFAAa08341:
   srdead:
/var/tmp/fcpFAAa08341:
   srdist:
/var/tmp/fcpFAAa08341:
   srdphb:
/var/tmp/fcpFAAa08341:
   srdtrk:
/var/tmp/fcpFAAa08341:
   sreald:
/var/tmp/fcpFAAa08341:
   srfhis:
/var/tmp/fcpFAAa08341:
   srfit0:
/var/tmp/fcpFAAa08341:
   srfit2:
/var/tmp/fcpFAAa08341:
   srfitf:
/var/tmp/fcpFAAa08341:
   srfltr:
/var/tmp/fcpFAAa08341:
   srftrk:
/var/tmp/fcpFAAa08341:
   srgeom:
/var/tmp/fcpFAAa08341:
   srihis:
/var/tmp/fcpFAAa08341:
   srinbs:
/var/tmp/fcpFAAa08341:
   srints:
/var/tmp/fcpFAAa08341:
   srkand:
/var/tmp/fcpFAAa08341:
   srlval:
/var/tmp/fcpFAAa08341:
   srmstr:
/var/tmp/fcpFAAa08341:
   srpatc:
/var/tmp/fcpFAAa08341:
   srprcn:
/var/tmp/fcpFAAa08341:
   srsel2:
/var/tmp/fcpFAAa08341:
   srselk:
/var/tmp/fcpFAAa08341:
   srselo:
/var/tmp/fcpFAAa08341:
   srstat:
/var/tmp/fcpFAAa08341:
   srsubs:
/var/tmp/fcpFAAa08341:
   srtdcn:
/var/tmp/fcpFAAa08341:
   srtdcr:
/var/tmp/fcpFAAa08341:
   srtrck:
/var/tmp/fcpFAAa08341:
   srunco:
/var/tmp/fcpFAAa08341:
   srupar:
/var/tmp/fcpFAAa08341:
   srupat:
/var/tmp/fcpFAAa08341:
   srwire:
/var/tmp/fcpFAAa08341:
   srwpa2:
/var/tmp/fcpFAAa08341:
   srwpar:
/var/tmp/fcpFAAa08341:
   sscpcr:
/var/tmp/fcpFAAa08341:
   sslowc:
/var/tmp/fcpFAAa08341:
   strkpr:
/var/tmp/fcpFAAa08341:
   supapr:
/var/tmp/fcpFAAa08341:
   swp2pr:
/var/tmp/fcpFAAa08341:
   swpapr:
/var/tmp/fcpFAAa08738:
   t1ftdp:
/var/tmp/fcpFAAa08738:
   taccmn:
/var/tmp/fcpFAAa08738:
   tarcdp:
/var/tmp/fcpFAAa08738:
   tatwin:
/var/tmp/fcpFAAa08738:
   tbcodp:
/var/tmp/fcpFAAa08738:
   tbnkin:
/var/tmp/fcpFAAa08738:
   tbprnt:
/var/tmp/fcpFAAa08738:
   tbval:
/var/tmp/fcpFAAa08738:
   tcaldp:
/var/tmp/fcpFAAa08738:
   tcdump:
/var/tmp/fcpFAAa08738:
   tchadp:
/var/tmp/fcpFAAa08738:
   tchsum:
/var/tmp/fcpFAAa08738:
   tclana:
/var/tmp/fcpFAAa08738:
   tclcor:
/var/tmp/fcpFAAa08738:
   tcldmp:
/var/tmp/fcpFAAa08738:
   tclpat:
/var/tmp/fcpFAAa08738:
   tclsng:
/var/tmp/fcpFAAa08738:
   tcludp:
/var/tmp/fcpFAAa08738:
   tclust:
/var/tmp/fcpFAAa08738:
   tco4pa:
/var/tmp/fcpFAAa08738:
   tcoalg:
/var/tmp/fcpFAAa08738:
   tcobin:
/var/tmp/fcpFAAa08738:
   tcodrv:
/var/tmp/fcpFAAa08738:
   tcoerr:
/var/tmp/fcpFAAa08738:
   tcogs3:
/var/tmp/fcpFAAa08738:
   tcoor:
/var/tmp/fcpFAAa08738:
   tcoort:
/var/tmp/fcpFAAa08738:
   tcothr:
/var/tmp/fcpFAAa08738:
   tcoul2:
/var/tmp/fcpFAAa08738:
   tcoul3:
/var/tmp/fcpFAAa08738:
   tcowa2:
/var/tmp/fcpFAAa08738:
   tcowa3:
/var/tmp/fcpFAAa08738:
   tcowav:
/var/tmp/fcpFAAa08738:
   tcowl2:
/var/tmp/fcpFAAa08738:
   tcptst:
/var/tmp/fcpFAAa08738:
   tcqgs3:
/var/tmp/fcpFAAa08738:
   tcshf1:
/var/tmp/fcpFAAa08738:
   tcshft:
/var/tmp/fcpFAAa08738:
   terpar:
/var/tmp/fcpFAAa08738:
   tfcand:
/var/tmp/fcpFAAa08738:
   tfchek:
/var/tmp/fcpFAAa08738:
   tfilpa:
/var/tmp/fcpFAAa08738:
   tfiltj:
/var/tmp/fcpFAAa08738:
   tfithl:
       entry    tfthed:
       entry    tfthec:
/var/tmp/fcpFAAa08738:
   tfitkf:
/var/tmp/fcpFAAa08738:
   tfittk:
/var/tmp/fcpFAAa08738:
   tflnk2:
/var/tmp/fcpFAAa08738:
   tflnks:
/var/tmp/fcpFAAa08738:
   tfpcoi:
/var/tmp/fcpFAAa08738:
   tfthel:
/var/tmp/fcpFAAa08738:
   tftpad:
/var/tmp/fcpFAAa08738:
   tftwtb:
/var/tmp/fcpFAAa08738:
   tgetqt:
/var/tmp/fcpFAAa08738:
   tgftdp:
/var/tmp/fcpFAAa08738:
   tgmadp:
/var/tmp/fcpFAAa08738:
   thpadd:
/var/tmp/fcpFAAa08738:
   thpcor:
/var/tmp/fcpFAAa08738:
   thpfdg:
/var/tmp/fcpFAAa08738:
   thtrow:
/var/tmp/fcpFAAa08738:
   tinijo:
/var/tmp/fcpFAAa08738:
   tiniru:
/var/tmp/fcpFAAa08738:
   tisfil:
/var/tmp/fcpFAAa08738:
   tislnd:
/var/tmp/fcpFAAa08738:
   tjtop:
/var/tmp/fcpFAAa08738:
   tkink:
/var/tmp/fcpFAAa08738:
   tksgdp:
/var/tmp/fcpFAAa08738:
   tlctdp:
/var/tmp/fcpFAAa08738:
   tlcons:
   tldelm:
   tladd:
   tlinit:
   tlovfl:
   tlnext:
   tlpop:
   tlscra:
/var/tmp/fcpFAAa08738:
   tmagnt:
/var/tmp/fcpFAAa08738:
   tmshel:
       entry    tmshed:
       entry    tmshec:
       entry    tmschi:
/var/tmp/fcpFAAa08738:
   tnhlfp:
/var/tmp/fcpFAAa08738:
   tovrlp:
/var/tmp/fcpFAAa08738:
   tpaddx:
/var/tmp/fcpFAAa08738:
   tpadfx:
/var/tmp/fcpFAAa08738:
   tpadpo:
/var/tmp/fcpFAAa08738:
   tpadpr:
/var/tmp/fcpFAAa08738:
   tpads:
/var/tmp/fcpFAAa08738:
   tpakbc:
/var/tmp/fcpFAAa08738:
   tpakco:
/var/tmp/fcpFAAa08738:
   tpakta:
/var/tmp/fcpFAAa08738:
   tpaktx:
/var/tmp/fcpFAAa08738:
   tparab:
/var/tmp/fcpFAAa08738:
   tpbook:
/var/tmp/fcpFAAa08738:
   tpcbun:
/var/tmp/fcpFAAa08738:
   tpcrec:
/var/tmp/fcpFAAa08738:
   tpcrun:
/var/tmp/fcpFAAa08738:
   tpct0:
/var/tmp/fcpFAAa08738:
   tpct0n:
/var/tmp/fcpFAAa08738:
   tpdels:
/var/tmp/fcpFAAa08738:
   tpdiag:
/var/tmp/fcpFAAa08738:
   tpdthr:
/var/tmp/fcpFAAa08738:
   tphist:
/var/tmp/fcpFAAa08738:
   tphsmr:
/var/tmp/fcpFAAa08738:
   tpk1co:
/var/tmp/fcpFAAa08738:
   tpkill:
/var/tmp/fcpFAAa08738:
   tplana:
/var/tmp/fcpFAAa08738:
   tppadd:
/var/tmp/fcpFAAa08738:
   tpreda:
/var/tmp/fcpFAAa08738:
   tprf2:
/var/tmp/fcpFAAa08738:
   tprfin:
/var/tmp/fcpFAAa08738:
   tprfx:
/var/tmp/fcpFAAa08738:
   tprlst:
/var/tmp/fcpFAAa08738:
   tprndm:
/var/tmp/fcpFAAa08738:
   tprsum:
/var/tmp/fcpFAAa08738:
   tpsmgt:
/var/tmp/fcpFAAa08738:
   tpsmr1:
/var/tmp/fcpFAAa08738:
   tpsort:
/var/tmp/fcpFAAa08738:
   tpstat:
/var/tmp/fcpFAAa08738:
   tpuldp:
/var/tmp/fcpFAAa08738:
   trdwp1:
/var/tmp/fcpFAAa08738:
   trdwp2:
/var/tmp/fcpFAAa08738:
   trdwp3:
/var/tmp/fcpFAAa08738:
   trefch:
/var/tmp/fcpFAAa08738:
   trefit:
/var/tmp/fcpFAAa08738:
   trempt:
/var/tmp/fcpFAAa08738:
   trftch:
/var/tmp/fcpFAAa08738:
   trhlx2:
Compiler error line 71 of ../t_/trhlx2.F: Utils: Sanity Check: Inconsistent internal data structures. (6933)
/var/tmp/fcpFAAa08738:
   trkdmp:
/var/tmp/fcpFAAa08738:
   trkels:
/var/tmp/fcpFAAa08738:
   trkfnd:
/var/tmp/fcpFAAa08738:
   trkmca:
/var/tmp/fcpFAAa08738:
   trkwra:
/var/tmp/fcpFAAa08738:
   trmvep:
/var/tmp/fcpFAAa08738:
   trncon:
/var/tmp/fcpFAAa08738:
   trphdi:
/var/tmp/fcpFAAa08738:
   trproj:
/var/tmp/fcpFAAa08738:
   trresc:
/var/tmp/fcpFAAa08738:
   trseek:
/var/tmp/fcpFAAa08738:
   trslnk:
/var/tmp/fcpFAAa08738:
   tsacha:
/var/tmp/fcpFAAa08738:
   tsaclu:
/var/tmp/fcpFAAa08738:
   tsacor:
/var/tmp/fcpFAAa08738:
   tsapat:
/var/tmp/fcpFAAa08738:
   tsatrk:
/var/tmp/fcpFAAa08738:
   tsawir:
/var/tmp/fcpFAAa08738:
   tsawtk:
/var/tmp/fcpFAAa08738:
   tscfil:
/var/tmp/fcpFAAa08738:
   tscidp:
/var/tmp/fcpFAAa08738:
   tscldp:
/var/tmp/fcpFAAa08738:
   tscoor:
/var/tmp/fcpFAAa08738:
   tseque:
/var/tmp/fcpFAAa08738:
   tsirdp:
/var/tmp/fcpFAAa08738:
   tslowc:
/var/tmp/fcpFAAa08738:
   tsmft:
/var/tmp/fcpFAAa08738:
   tsordp:
/var/tmp/fcpFAAa08738:
   tspudp:
/var/tmp/fcpFAAa08738:
   tsumvd:
/var/tmp/fcpFAAa08738:
   tszcor:
/var/tmp/fcpFAAa08738:
   ttloop:
/var/tmp/fcpFAAa08738:
   ttrunk:
/var/tmp/fcpFAAa08738:
   ttwodx:
/var/tmp/fcpFAAa08738:
   ttwosh:
/var/tmp/fcpFAAa08738:
   ttwosi:
/var/tmp/fcpFAAa08738:
   tvdvel:
/var/tmp/fcpFAAa08738:
   twinco:
/var/tmp/fcpFAAa08738:
   twindo:
/var/tmp/fcpFAAa08738:
   twires:
/var/tmp/fcpFAAa08738:
   twirez:
/var/tmp/fcpFAAa08738:
   twirfx:
/var/tmp/fcpFAAa08738:
   twpeak:
/var/tmp/fcpFAAa08738:
   twrrdp:

fort77: Warning: Compiler failure has occurred.
     Attempting to recompile failing compilation unit without optimization

/var/tmp/fcpFAAa08738:
   trhlx2:
/var/tmp/fcpFAAa09644:
   uctgft:
/var/tmp/fcpFAAa09644:
   ufitms:
/var/tmp/fcpFAAa09644:
   umxinv:
/var/tmp/fcpFAAa09644:
   unpack:
/var/tmp/fcpFAAa09644:
   usbook:
/var/tmp/fcpFAAa09644:
   uscjob:
/var/tmp/fcpFAAa09644:
   uscrun:
/var/tmp/fcpFAAa09644:
   ushist:
/var/tmp/fcpFAAa09644:
   usievt:
/var/tmp/fcpFAAa09644:
   usijob:
/var/tmp/fcpFAAa09644:
   usirun:
/var/tmp/fcpFAAa09644:
   uslowc:
/var/tmp/fcpFAAa09644:
   usprda:
/var/tmp/fcpFAAa09644:
   utdcbp:
/var/tmp/fcpFAAa09644:
   utlslf:
/var/tmp/fcpFAAa09644:
   uvpfit:
/var/tmp/fcpFAAa09644:
   uvpmat:
/var/tmp/fcpFAAa09644:
   uxsfit:
/var/tmp/fcpFAAa09644:
   uxsmat:
/var/tmp/fcpFAAa09697:
   vbmfit:
/var/tmp/fcpFAAa09697:
   vbsclr:
/var/tmp/fcpFAAa09697:
   vbsinr:
/var/tmp/fcpFAAa09697:
   vbspot:
/var/tmp/fcpFAAa09697:
   vcalcm:
/var/tmp/fcpFAAa09697:
   vcbfit:
/var/tmp/fcpFAAa09697:
   vcktrk:
/var/tmp/fcpFAAa09697:
   vclbnk:
/var/tmp/fcpFAAa09697:
   vcmean:
/var/tmp/fcpFAAa09697:
   vcrhot:
/var/tmp/fcpFAAa09697:
   vdalin:
/var/tmp/fcpFAAa09697:
   vdalsg:
/var/tmp/fcpFAAa09697:
   vdalxy:
/var/tmp/fcpFAAa09697:
   vdalzt:
/var/tmp/fcpFAAa09697:
   vdbgcl:
/var/tmp/fcpFAAa09697:
   vdbook:
/var/tmp/fcpFAAa09697:
   vdchst:
/var/tmp/fcpFAAa09697:
   vdcrun:
/var/tmp/fcpFAAa09697:
   vdecod:
/var/tmp/fcpFAAa09697:
   vdetok:
/var/tmp/fcpFAAa09697:
   vdfnam:
/var/tmp/fcpFAAa09697:
   vdfsup:
/var/tmp/fcpFAAa09697:
   vdgaus:
/var/tmp/fcpFAAa09697:
   vdgeph:
/var/tmp/fcpFAAa09697:
   vdgtht:
/var/tmp/fcpFAAa09697:
   vdgtmv:
/var/tmp/fcpFAAa09697:
   vdgtxl:
/var/tmp/fcpFAAa09697:
   vdhist:
/var/tmp/fcpFAAa09697:
   vdincp:
/var/tmp/fcpFAAa09697:
   vdismr:
/var/tmp/fcpFAAa09697:
   vdjacb:
/var/tmp/fcpFAAa09697:
   vdklcp:
/var/tmp/fcpFAAa09697:
   vdlink:
/var/tmp/fcpFAAa09697:
   vdmcef:
/var/tmp/fcpFAAa09697:
   vdmctr:
/var/tmp/fcpFAAa09697:
   vdmjln:
/var/tmp/fcpFAAa09697:
   vdmkce:
/var/tmp/fcpFAAa09697:
   vdmoni:
/var/tmp/fcpFAAa09697:
   vdmpin:
/var/tmp/fcpFAAa09697:
   vdmsup2:
/var/tmp/fcpFAAa09697:
   vdnois:
/var/tmp/fcpFAAa09697:
   vdosmr:
/var/tmp/fcpFAAa09697:
   vdpinh:
/var/tmp/fcpFAAa09697:
   vdrcun:
/var/tmp/fcpFAAa09697:
   vdrndm:
/var/tmp/fcpFAAa09697:
   vdrtan:
/var/tmp/fcpFAAa09697:
   vdsigm:
/var/tmp/fcpFAAa09697:
   vdsm95:
/var/tmp/fcpFAAa09697:
   vdsmap:
/var/tmp/fcpFAAa09697:
   vdstch:
/var/tmp/fcpFAAa09697:
   vdtan:
/var/tmp/fcpFAAa09697:
   vdwsdx:
/var/tmp/fcpFAAa09697:
   vdwsmr:
/var/tmp/fcpFAAa09697:
   vdxyzt:
/var/tmp/fcpFAAa09697:
   vhinit:
/var/tmp/fcpFAAa09697:
   vhotin:
/var/tmp/fcpFAAa09697:
   vinijo:
/var/tmp/fcpFAAa09697:
   viniru:
/var/tmp/fcpFAAa09697:
   vlcpos:
/var/tmp/fcpFAAa09697:
   vmgcrl:
/var/tmp/fcpFAAa09697:
   vmkr90:
/var/tmp/fcpFAAa09697:
   vmkr95:
/var/tmp/fcpFAAa09697:
   vpreda:
/var/tmp/fcpFAAa09697:
   vprpot:
/var/tmp/fcpFAAa09697:
   vprsum:
/var/tmp/fcpFAAa09697:
   vreclt:
/var/tmp/fcpFAAa09697:
   vreclu:
/var/tmp/fcpFAAa09697:
   vsepar:
/var/tmp/fcpFAAa09697:
   vseplt:
/var/tmp/fcpFAAa09697:
   vslowc:
/var/tmp/fcpFAAa09697:
   vspxyz:
/var/tmp/fcpFAAa09697:
   vstrim:
/var/tmp/fcpFAAa09697:
   vtrsup:
/var/tmp/fcpFAAa09697:
   vtrurl:
/var/tmp/fcpFAAa09697:
   vumctr:
/var/tmp/fcpFAAa09974:
   vaddia:
/var/tmp/fcpFAAa09974:
   vdblht:
/var/tmp/fcpFAAa09974:
   vfndil:
/var/tmp/fcpFAAa09974:
   vftall:
/var/tmp/fcpFAAa09974:
   vgbran:
/var/tmp/fcpFAAa09974:
   vgbrut:
/var/tmp/fcpFAAa09974:
   vgcmbv:
/var/tmp/fcpFAAa09974:
   vgcomp:
/var/tmp/fcpFAAa09974:
   vgfevt:
/var/tmp/fcpFAAa09974:
   vginit:
/var/tmp/fcpFAAa09974:
   vglink:
/var/tmp/fcpFAAa09974:
   vglob:
/var/tmp/fcpFAAa09974:
   vgnevt:
/var/tmp/fcpFAAa09974:
   vgsolv:
/var/tmp/fcpFAAa09974:
   vgstor:
/var/tmp/fcpFAAa09974:
   vgtcut:
/var/tmp/fcpFAAa09974:
   vherr:
/var/tmp/fcpFAAa09974:
   vhitid:
/var/tmp/fcpFAAa09974:
   vhmap:
/var/tmp/fcpFAAa09974:
   vhupck:
/var/tmp/fcpFAAa09974:
   vhuprm:
/var/tmp/fcpFAAa09974:
   vkaerr:
/var/tmp/fcpFAAa09974:
   vm1trk:
/var/tmp/fcpFAAa09974:
   vmchip:
/var/tmp/fcpFAAa09974:
   vmchis:
/var/tmp/fcpFAAa09974:
   vmclld:
/var/tmp/fcpFAAa09974:
   vmover:
/var/tmp/fcpFAAa09974:
   vmupdt:
/var/tmp/fcpFAAa09974:
   vpksln:
/var/tmp/fcpFAAa09974:
   vsltrk:
/var/tmp/fcpFAAa09974:
   vterex:
/var/tmp/fcpFAAa10074:
   wcal:
/var/tmp/fcpFAAa10074:
   wirjul:
/var/tmp/fcpFAAa10081:
   xptenb:
/var/tmp/fcpFAAa10081:
   xtcncr:
/var/tmp/fcpFAAa10088:
   yfbook:
/var/tmp/fcpFAAa10088:
   yfhist:
/var/tmp/fcpFAAa10088:
   yfijob:
/var/tmp/fcpFAAa10088:
   yfmain:
/var/tmp/fcpFAAa10088:
   yfvert:
/var/tmp/fcpFAAa10088:
   yinijo:
/var/tmp/fcpFAAa10088:
   yiniru:
/var/tmp/fcpFAAa10088:
   ykffit:
/var/tmp/fcpFAAa10088:
   ykinit:
/var/tmp/fcpFAAa10088:
   ykldc:
/var/tmp/fcpFAAa10088:
   yknem2:
/var/tmp/fcpFAAa10088:
   yksfit:
/var/tmp/fcpFAAa10088:
   yksrch:
/var/tmp/fcpFAAa10088:
   ykvdet:
/var/tmp/fcpFAAa10088:
   ymfv0s:
/var/tmp/fcpFAAa10088:
   yprpot:
/var/tmp/fcpFAAa10088:
   yprsum:
/var/tmp/fcpFAAa10088:
   ytbook:
/var/tmp/fcpFAAa10088:
   ythist:
/var/tmp/fcpFAAa10088:
   ytirun:
/var/tmp/fcpFAAa10088:
   yv0sum:
/var/tmp/fcpFAAa10088:
   yvbook:
/var/tmp/fcpFAAa10088:
   yvhist:
/var/tmp/fcpFAAa10088:
   yvijob:
/var/tmp/fcpFAAa10088:
   yybook:
/var/tmp/fcpFAAa10088:
   yyhist:
