/var/tmp/fcpFAAa01918:
   MAIN aamain:
/var/tmp/fcpFAAa01918:
   aboldr:
/var/tmp/fcpFAAa01918:
   ajmmcl:
/var/tmp/fcpFAAa01918:
   algtwa:
/var/tmp/fcpFAAa01918:
   almmcl:
/var/tmp/fcpFAAa01918:
   altime:
/var/tmp/fcpFAAa01918:
   aulpol:
/var/tmp/fcpFAAa01935:
   bcalju:
/var/tmp/fcpFAAa01935:
   bccrun:
/var/tmp/fcpFAAa01935:
   bcfile:
       entry    bcinit:
/var/tmp/fcpFAAa01935:
   bcgete:
/var/tmp/fcpFAAa01935:
   bcpack:
   centrd:
/var/tmp/fcpFAAa01935:
   binijo:
/var/tmp/fcpFAAa01935:
   biniru:
/var/tmp/fcpFAAa01935:
   bmsum:
/var/tmp/fcpFAAa01935:
   bpreda:
/var/tmp/fcpFAAa01935:
   bprsum:
/var/tmp/fcpFAAa01935:
   bslowc:
/var/tmp/fcpFAAa01963:
   cabook:
/var/tmp/fcpFAAa01963:
   calrec:
/var/tmp/fcpFAAa01963:
   calrel:
/var/tmp/fcpFAAa01963:
   calrep:
/var/tmp/fcpFAAa01963:
   calsup:
/var/tmp/fcpFAAa01963:
   cashet:
/var/tmp/fcpFAAa01963:
   casmp:
/var/tmp/fcpFAAa01963:
   casneu:
/var/tmp/fcpFAAa01963:
   casnmp:
/var/tmp/fcpFAAa01963:
   cclorl:
/var/tmp/fcpFAAa01963:
   cctrmi:
/var/tmp/fcpFAAa01963:
   ccutpe:
/var/tmp/fcpFAAa01963:
   cdang:
/var/tmp/fcpFAAa01963:
   cdths:
/var/tmp/fcpFAAa01963:
   cegclu:
/var/tmp/fcpFAAa01963:
   cencch:
/var/tmp/fcpFAAa01963:
   cencne:
/var/tmp/fcpFAAa01963:
   cesclu:
/var/tmp/fcpFAAa01963:
   cexcob:
/var/tmp/fcpFAAa01963:
   cexhis:
/var/tmp/fcpFAAa01963:
   cfpass:
/var/tmp/fcpFAAa01963:
   cfpmip:
/var/tmp/fcpFAAa01963:
   cfpnmp:
/var/tmp/fcpFAAa01963:
   cgrunc:
/var/tmp/fcpFAAa01963:
   chclu:
/var/tmp/fcpFAAa01963:
   chgclu:
/var/tmp/fcpFAAa01963:
   chsclu:
/var/tmp/fcpFAAa01963:
   cinijo:
/var/tmp/fcpFAAa01963:
   cinirl:
/var/tmp/fcpFAAa01963:
   cinpar:
/var/tmp/fcpFAAa01963:
   cinsrl:
/var/tmp/fcpFAAa01963:
   cisgam:
/var/tmp/fcpFAAa01963:
   cishit:
/var/tmp/fcpFAAa01963:
   cludis:
/var/tmp/fcpFAAa01963:
   cmoni:
/var/tmp/fcpFAAa01963:
   cnighb:
/var/tmp/fcpFAAa01963:
   coslst:
/var/tmp/fcpFAAa01963:
   cpadwr:
/var/tmp/fcpFAAa01963:
   cparad:
/var/tmp/fcpFAAa01963:
   cpotcr:
/var/tmp/fcpFAAa01963:
   cpoteh:
/var/tmp/fcpFAAa01963:
   cpotlc:
/var/tmp/fcpFAAa01963:
   cptcom:
/var/tmp/fcpFAAa01963:
   crcalo:
/var/tmp/fcpFAAa01963:
   crchrl:
/var/tmp/fcpFAAa01963:
   crcjob:
/var/tmp/fcpFAAa01963:
   crcpar:
/var/tmp/fcpFAAa01963:
   crhclu:
/var/tmp/fcpFAAa01963:
   cthclu:
/var/tmp/fcpFAAa01963:
   ctkchg:
/var/tmp/fcpFAAa01963:
   ctrmip:
/var/tmp/fcpFAAa01963:
   ctrpar:
/var/tmp/fcpFAAa01963:
   ctrtoc:
/var/tmp/fcpFAAa01963:
   cvrify:
/var/tmp/fcpFAAa02137:
   e1bpei:
/var/tmp/fcpFAAa02137:
   e2bpei:
/var/tmp/fcpFAAa02137:
   e3bpei:
/var/tmp/fcpFAAa02137:
   e4bary:
/var/tmp/fcpFAAa02137:
   e4cosz:
/var/tmp/fcpFAAa02137:
   e4dead:
/var/tmp/fcpFAAa02137:
   e4deij:
/var/tmp/fcpFAAa02137:
   e4fdij:
/var/tmp/fcpFAAa02137:
   e4fide:
/var/tmp/fcpFAAa02137:
   e4find:
/var/tmp/fcpFAAa02137:
   e4fnec:
/var/tmp/fcpFAAa02137:
   fracst:
/var/tmp/fcpFAAa02137:
   e4gtbr:
/var/tmp/fcpFAAa02137:
   e4gtpl:
/var/tmp/fcpFAAa02137:
   e4gtso:
/var/tmp/fcpFAAa02137:
   e4gtst:
/var/tmp/fcpFAAa02137:
   e4gttw:
/var/tmp/fcpFAAa02137:
   e4indi:
/var/tmp/fcpFAAa02137:
   e4lea1:
/var/tmp/fcpFAAa02137:
   e4ovrl:
/var/tmp/fcpFAAa02137:
   e4pal:
/var/tmp/fcpFAAa02137:
   e4r1r2:
/var/tmp/fcpFAAa02137:
   e4r2r3:
/var/tmp/fcpFAAa02137:
   e4r3r4:
/var/tmp/fcpFAAa02137:
   e4radc:
/var/tmp/fcpFAAa02137:
   e4res2:
/var/tmp/fcpFAAa02137:
   e4res3:
/var/tmp/fcpFAAa02137:
   e4tstl:
/var/tmp/fcpFAAa02137:
   e4xyz0:
/var/tmp/fcpFAAa02137:
   eautop:
/var/tmp/fcpFAAa02137:
   ebegid:
/var/tmp/fcpFAAa02137:
   eboxki:
/var/tmp/fcpFAAa02137:
   ecalig:
/var/tmp/fcpFAAa02137:
   ecblda:
/var/tmp/fcpFAAa02137:
   ecboba:
/var/tmp/fcpFAAa02137:
   ecbook:
/var/tmp/fcpFAAa02137:
   eccaob:
/var/tmp/fcpFAAa02137:
   ecchkb:
/var/tmp/fcpFAAa02137:
   ecclco:
/var/tmp/fcpFAAa02137:
   ecclus:
/var/tmp/fcpFAAa02137:
   ecdamp:
/var/tmp/fcpFAAa02137:
   ecdebg:
/var/tmp/fcpFAAa02137:
   ecdete:
/var/tmp/fcpFAAa02137:
   ecdigi:
/var/tmp/fcpFAAa02137:
   ecener:
/var/tmp/fcpFAAa02137:
   eceras:
/var/tmp/fcpFAAa02137:
   ecfclu:
/var/tmp/fcpFAAa02137:
   ecfibt:
/var/tmp/fcpFAAa02137:
   ecfils:
/var/tmp/fcpFAAa02137:
   ecfmip:
/var/tmp/fcpFAAa02137:
   ecfobj:
/var/tmp/fcpFAAa02137:
   ecgflw:
/var/tmp/fcpFAAa02137:
   ecgmix:
/var/tmp/fcpFAAa02137:
   echarg:
/var/tmp/fcpFAAa02137:
   echcgl:
/var/tmp/fcpFAAa02137:
   echedc:
/var/tmp/fcpFAAa02137:
   echiba:
/var/tmp/fcpFAAa02137:
   echist:
/var/tmp/fcpFAAa02137:
   echtag:
/var/tmp/fcpFAAa02137:
   ecinit:
/var/tmp/fcpFAAa02137:
   ecinrv:
/var/tmp/fcpFAAa02137:
   eclamp:
/var/tmp/fcpFAAa02137:
   eclana:
/var/tmp/fcpFAAa02137:
   ecleib:
/var/tmp/fcpFAAa02137:
   eclgeo:
/var/tmp/fcpFAAa02137:
   eclope:
/var/tmp/fcpFAAa02137:
   eclorl:
/var/tmp/fcpFAAa02137:
   eclost:
/var/tmp/fcpFAAa02137:
   ecltag:
/var/tmp/fcpFAAa02137:
   ecltrk:
/var/tmp/fcpFAAa02137:
   ecltyp:
/var/tmp/fcpFAAa02137:
   ecluar:
/var/tmp/fcpFAAa02137:
   ecmesp:
/var/tmp/fcpFAAa02137:
   ecmod:
/var/tmp/fcpFAAa02137:
   ecmopl:
/var/tmp/fcpFAAa02137:
   ecncob:
/var/tmp/fcpFAAa02137:
   ecobnk:
/var/tmp/fcpFAAa02137:
   ecoent:
/var/tmp/fcpFAAa02137:
   ecoidp:
/var/tmp/fcpFAAa02137:
   ecos:
/var/tmp/fcpFAAa02137:
   ecpad:
/var/tmp/fcpFAAa02137:
   ecpasr:
/var/tmp/fcpFAAa02137:
   ecplm:
/var/tmp/fcpFAAa02137:
   ecprin:
/var/tmp/fcpFAAa02137:
   ecprlo:
/var/tmp/fcpFAAa02137:
   ecrcob:
/var/tmp/fcpFAAa02137:
   ecre4d:
/var/tmp/fcpFAAa02137:
   ecreib:
/var/tmp/fcpFAAa02137:
   ecrmip:
/var/tmp/fcpFAAa02137:
   ecrndx:
/var/tmp/fcpFAAa02137:
   ecrpei:
/var/tmp/fcpFAAa02137:
   ecrtr:
/var/tmp/fcpFAAa02137:
   ecrunq:
/var/tmp/fcpFAAa02137:
   ecscmd:
/var/tmp/fcpFAAa02137:
   ecst:
/var/tmp/fcpFAAa02137:
   ecsupp:
/var/tmp/fcpFAAa02137:
   ecsw1093:
/var/tmp/fcpFAAa02137:
   ecsw94:
/var/tmp/fcpFAAa02137:
   ectemp:
/var/tmp/fcpFAAa02137:
   ecthre:
/var/tmp/fcpFAAa02137:
   ectopo:
/var/tmp/fcpFAAa02137:
   ectpc:
/var/tmp/fcpFAAa02137:
   ectrap:
/var/tmp/fcpFAAa02137:
   ectrea:
/var/tmp/fcpFAAa02137:
   ecxmod:
/var/tmp/fcpFAAa02137:
   edisal:
/var/tmp/fcpFAAa02137:
   edlist:
/var/tmp/fcpFAAa02137:
   efaxe:
/var/tmp/fcpFAAa02137:
   efbook:
/var/tmp/fcpFAAa02137:
   eferrr:
/var/tmp/fcpFAAa02137:
   eficlp:
/var/tmp/fcpFAAa02137:
   eficv:
/var/tmp/fcpFAAa02137:
   efiecp:
/var/tmp/fcpFAAa02137:
   efieib:
/var/tmp/fcpFAAa02137:
   efijob:
/var/tmp/fcpFAAa02137:
   efixi94:
/var/tmp/fcpFAAa02137:
   eflcst:
/var/tmp/fcpFAAa02137:
   efolmk:
/var/tmp/fcpFAAa02137:
   efpard:
/var/tmp/fcpFAAa02137:
   eftiel:
/var/tmp/fcpFAAa02137:
   egacst:
/var/tmp/fcpFAAa02137:
   egaest:
/var/tmp/fcpFAAa02137:
   egetds:
/var/tmp/fcpFAAa02137:
   egfcst:
/var/tmp/fcpFAAa02137:
   egttks:
/var/tmp/fcpFAAa02137:
   ehcflo:
/var/tmp/fcpFAAa02137:
   ehlix:
/var/tmp/fcpFAAa02137:
   ehreg:
/var/tmp/fcpFAAa02137:
   eidedx:
/var/tmp/fcpFAAa02137:
   eident:
/var/tmp/fcpFAAa02137:
   eieffl:
/var/tmp/fcpFAAa02137:
   einhlx:
/var/tmp/fcpFAAa02137:
   einijo:
/var/tmp/fcpFAAa02137:
   einirl:
/var/tmp/fcpFAAa02137:
   einiru:
/var/tmp/fcpFAAa02137:
   einitk:
/var/tmp/fcpFAAa02137:
   einsrl:
/var/tmp/fcpFAAa02137:
   eipard:
/var/tmp/fcpFAAa02137:
   eithr:
/var/tmp/fcpFAAa02137:
   eknewb:
/var/tmp/fcpFAAa02137:
   eknewe:
/var/tmp/fcpFAAa02137:
   elecid:
/var/tmp/fcpFAAa02137:
   elongi:
/var/tmp/fcpFAAa02137:
   emfill:
/var/tmp/fcpFAAa02137:
   emskei:
/var/tmp/fcpFAAa02137:
   emskev:
/var/tmp/fcpFAAa02137:
   emskf:
/var/tmp/fcpFAAa02137:
   emski:
/var/tmp/fcpFAAa02137:
   emskji:
/var/tmp/fcpFAAa02137:
   emskmu:
/var/tmp/fcpFAAa02137:
   enfmsk:
/var/tmp/fcpFAAa02137:
   enighb:
/var/tmp/fcpFAAa02137:
   enoise:
/var/tmp/fcpFAAa02137:
   enprox:
/var/tmp/fcpFAAa02137:
   enstat:
/var/tmp/fcpFAAa02137:
   epadcl:
/var/tmp/fcpFAAa02137:
   epatrn:
/var/tmp/fcpFAAa02137:
   epcalo:
/var/tmp/fcpFAAa02137:
   epchg:
/var/tmp/fcpFAAa02137:
   epneu:
/var/tmp/fcpFAAa02137:
   epreda:
/var/tmp/fcpFAAa02137:
   eproba:
/var/tmp/fcpFAAa02137:
   eprsto:
/var/tmp/fcpFAAa02137:
   eprsum:
/var/tmp/fcpFAAa02137:
   eprtpc:
/var/tmp/fcpFAAa02137:
   ercupi:
/var/tmp/fcpFAAa02137:
   ercupr:
/var/tmp/fcpFAAa02137:
   ereset:
/var/tmp/fcpFAAa02137:
   eroad:
/var/tmp/fcpFAAa02137:
   escdef:
/var/tmp/fcpFAAa02137:
   escoun:
/var/tmp/fcpFAAa02137:
   esfil:
/var/tmp/fcpFAAa02137:
   eslas:
/var/tmp/fcpFAAa02137:
   eslct:
/var/tmp/fcpFAAa02137:
   eslctf:
/var/tmp/fcpFAAa02137:
   eslowc:
/var/tmp/fcpFAAa02137:
   estag:
/var/tmp/fcpFAAa02137:
   esveto:
/var/tmp/fcpFAAa02137:
   eswpst:
/var/tmp/fcpFAAa02137:
   etdifp:
/var/tmp/fcpFAAa02137:
   ethres:
/var/tmp/fcpFAAa02137:
   etrdev:
/var/tmp/fcpFAAa02137:
   ewdifp:
/var/tmp/fcpFAAa02137:
   ewircl:
/var/tmp/fcpFAAa02137:
   ex3ijk:
/var/tmp/fcpFAAa02770:
   fawian:
/var/tmp/fcpFAAa02770:
   fcfrid:
/var/tmp/fcpFAAa02770:
   fdetco:
/var/tmp/fcpFAAa02770:
   ffield:
/var/tmp/fcpFAAa02770:
   fidhea:
/var/tmp/fcpFAAa02770:
   fidrot:
/var/tmp/fcpFAAa02770:
   finiru:
/var/tmp/fcpFAAa02770:
   fitall:
/var/tmp/fcpFAAa02770:
   fitwri:
/var/tmp/fcpFAAa02770:
   fkink:
/var/tmp/fcpFAAa02770:
   fkkpar:
/var/tmp/fcpFAAa02770:
   flngv0:
/var/tmp/fcpFAAa02770:
   floweh:
/var/tmp/fcpFAAa02770:
   flowfi:
/var/tmp/fcpFAAa02770:
   flowtr:
/var/tmp/fcpFAAa02770:
   flv0dx:
/var/tmp/fcpFAAa02770:
   fmuid:
/var/tmp/fcpFAAa02770:
   fpiden:
/var/tmp/fcpFAAa02770:
   fpmove:
/var/tmp/fcpFAAa02770:
   frefit:
/var/tmp/fcpFAAa02770:
   frmhit:
/var/tmp/fcpFAAa02770:
   ftpcer:
/var/tmp/fcpFAAa02770:
   ftrack:
/var/tmp/fcpFAAa03072:
   gambnk:
/var/tmp/fcpFAAa03072:
   gapeco:
/var/tmp/fcpFAAa03072:
   gasteer:
/var/tmp/fcpFAAa03081:
   hcalib:
/var/tmp/fcpFAAa03081:
   hcalrd:
/var/tmp/fcpFAAa03081:
   hcatow:
/var/tmp/fcpFAAa03081:
   hcbhis:
/var/tmp/fcpFAAa03081:
   hcfclu:
/var/tmp/fcpFAAa03081:
   hchist:
/var/tmp/fcpFAAa03081:
   hclcra:
/var/tmp/fcpFAAa03081:
   hcltst:
/var/tmp/fcpFAAa03081:
   hclufi:
/var/tmp/fcpFAAa03081:
   hcorfc:
/var/tmp/fcpFAAa03081:
   hcos:
/var/tmp/fcpFAAa03081:
   hcsimm:
/var/tmp/fcpFAAa03081:
   hdgdeb:
/var/tmp/fcpFAAa03081:
   hdgfil:
/var/tmp/fcpFAAa03081:
   hdgpot:
/var/tmp/fcpFAAa03081:
   hdgsum:
/var/tmp/fcpFAAa03081:
   hdprec:
/var/tmp/fcpFAAa03081:
   hdspre:
/var/tmp/fcpFAAa03081:
   hflnoi:
/var/tmp/fcpFAAa03081:
   hinijo:
/var/tmp/fcpFAAa03081:
   hiniru:
/var/tmp/fcpFAAa03081:
   hmener:
/var/tmp/fcpFAAa03081:
   hmfind:
/var/tmp/fcpFAAa03081:
   hmroad:
/var/tmp/fcpFAAa03081:
   hnoise:
/var/tmp/fcpFAAa03081:
   hnoisy:
/var/tmp/fcpFAAa03081:
   hpatco:
/var/tmp/fcpFAAa03081:
   hphnoi:
/var/tmp/fcpFAAa03081:
   hplink:
/var/tmp/fcpFAAa03081:
   hprana:
/var/tmp/fcpFAAa03081:
   hpranp:
/var/tmp/fcpFAAa03081:
   hprdig:
/var/tmp/fcpFAAa03081:
   hpreda:
/var/tmp/fcpFAAa03081:
   hprpot:
/var/tmp/fcpFAAa03081:
   hprsum:
/var/tmp/fcpFAAa03081:
   hprunc:
/var/tmp/fcpFAAa03081:
   hrcomp:
/var/tmp/fcpFAAa03081:
   hrcpat:
/var/tmp/fcpFAAa03081:
   hrdcal:
/var/tmp/fcpFAAa03081:
   hroad:
/var/tmp/fcpFAAa03081:
   hslink:
/var/tmp/fcpFAAa03081:
   hslowc:
/var/tmp/fcpFAAa03081:
   hspare:
/var/tmp/fcpFAAa03081:
   hsptre:
/var/tmp/fcpFAAa03081:
   hstofi:
/var/tmp/fcpFAAa03081:
   htrack:
/var/tmp/fcpFAAa03081:
   htubfi:
/var/tmp/fcpFAAa03081:
   htwcr:
/var/tmp/fcpFAAa03081:
   hvmask:
/var/tmp/fcpFAAa03193:
   iasign:
/var/tmp/fcpFAAa03193:
   iattma:
/var/tmp/fcpFAAa03193:
   ibnkin:
/var/tmp/fcpFAAa03193:
   icaswt:
/var/tmp/fcpFAAa03193:
   icftoi:
/var/tmp/fcpFAAa03193:
   iclimb:
/var/tmp/fcpFAAa03193:
   icrcco:
/var/tmp/fcpFAAa03193:
   ideadw:
/var/tmp/fcpFAAa03193:
   idigpr:
/var/tmp/fcpFAAa03193:
   ienang:
/var/tmp/fcpFAAa03193:
   ifind1:
/var/tmp/fcpFAAa03193:
   ifind2:
/var/tmp/fcpFAAa03193:
   ifitp:
/var/tmp/fcpFAAa03193:
   iftrak:
/var/tmp/fcpFAAa03193:
   igetti:
/var/tmp/fcpFAAa03193:
   igettp:
/var/tmp/fcpFAAa03193:
   igicha:
/var/tmp/fcpFAAa03193:
   iheler:
/var/tmp/fcpFAAa03193:
   iinijo:
/var/tmp/fcpFAAa03193:
   iiniru:
/var/tmp/fcpFAAa03193:
   iintrk:
/var/tmp/fcpFAAa03193:
   imatch:
/var/tmp/fcpFAAa03193:
   inigap:
/var/tmp/fcpFAAa03193:
   insect:
/var/tmp/fcpFAAa03193:
   intrak:
/var/tmp/fcpFAAa03193:
   ipakdi:
/var/tmp/fcpFAAa03193:
   ipdsti:
/var/tmp/fcpFAAa03193:
   iphcor:
/var/tmp/fcpFAAa03193:
   ipreda:
/var/tmp/fcpFAAa03193:
   iprsum:
/var/tmp/fcpFAAa03193:
   ipstat:
/var/tmp/fcpFAAa03193:
   irefin:
/var/tmp/fcpFAAa03193:
   ireopd:
/var/tmp/fcpFAAa03193:
   isave:
/var/tmp/fcpFAAa03193:
   ishuff:
/var/tmp/fcpFAAa03193:
   ishufl:
/var/tmp/fcpFAAa03193:
   islowc:
/var/tmp/fcpFAAa03193:
   isrch:
/var/tmp/fcpFAAa03193:
   itbook:
/var/tmp/fcpFAAa03193:
   itccut:
/var/tmp/fcpFAAa03193:
   itcopr:
/var/tmp/fcpFAAa03193:
   itcrec:
/var/tmp/fcpFAAa03193:
   itcrep:
/var/tmp/fcpFAAa03193:
   itctpc:
/var/tmp/fcpFAAa03193:
   itctrk:
/var/tmp/fcpFAAa03193:
   itcxng:
/var/tmp/fcpFAAa03193:
   iterr:
/var/tmp/fcpFAAa03193:
   itextn:
/var/tmp/fcpFAAa03193:
   ithist:
/var/tmp/fcpFAAa03193:
   itidy1:
/var/tmp/fcpFAAa03193:
   itidy2:
/var/tmp/fcpFAAa03193:
   itlnk1:
/var/tmp/fcpFAAa03193:
   itlnk2:
/var/tmp/fcpFAAa03193:
   itpcan:
/var/tmp/fcpFAAa03193:
   itrak:
/var/tmp/fcpFAAa03193:
   itrecf:
/var/tmp/fcpFAAa03193:
   itreci:
/var/tmp/fcpFAAa03193:
   itree:
/var/tmp/fcpFAAa03193:
   itrkci:
/var/tmp/fcpFAAa03193:
   itrkeq:
/var/tmp/fcpFAAa03193:
   itrkzr:
/var/tmp/fcpFAAa03193:
   itrmca:
/var/tmp/fcpFAAa03481:
   laccep:
   lfiduc:
/var/tmp/fcpFAAa03481:
   lasym:
/var/tmp/fcpFAAa03481:
   lbhab:
/var/tmp/fcpFAAa03481:
   lbhcor:
/var/tmp/fcpFAAa03481:
   lbindx:
/var/tmp/fcpFAAa03481:
   lbldba:
/var/tmp/fcpFAAa03481:
   lbnkpr:
/var/tmp/fcpFAAa03481:
   lbunca:
/var/tmp/fcpFAAa03481:
   lcalib:
/var/tmp/fcpFAAa03481:
   lcarec:
/var/tmp/fcpFAAa03481:
   lcbook:
/var/tmp/fcpFAAa03481:
   lchist:
/var/tmp/fcpFAAa03481:
   lclust:
/var/tmp/fcpFAAa03481:
   lclutw:
/var/tmp/fcpFAAa03481:
   lcorrc:
/var/tmp/fcpFAAa03481:
   lcpaxy:
/var/tmp/fcpFAAa03481:
   lcrpot:
/var/tmp/fcpFAAa03481:
   lcsave:
/var/tmp/fcpFAAa03481:
   ldirtw:
/var/tmp/fcpFAAa03481:
   lelect:
/var/tmp/fcpFAAa03481:
   lenlis:
/var/tmp/fcpFAAa03481:
   lestim:
/var/tmp/fcpFAAa03481:
   lfourc:
/var/tmp/fcpFAAa03481:
   lgngbx:
/var/tmp/fcpFAAa03481:
   lhvsta:
/var/tmp/fcpFAAa03481:
   lidcod:
/var/tmp/fcpFAAa03481:
   linijo:
/var/tmp/fcpFAAa03481:
   liniru:
/var/tmp/fcpFAAa03481:
   lolerr:
/var/tmp/fcpFAAa03481:
   lprcal:
/var/tmp/fcpFAAa03481:
   lpreda:
/var/tmp/fcpFAAa03481:
   lpremc:
/var/tmp/fcpFAAa03481:
   lprepo:
/var/tmp/fcpFAAa03481:
   lprerw:
/var/tmp/fcpFAAa03481:
   lprlum:
/var/tmp/fcpFAAa03481:
   lprsum:
/var/tmp/fcpFAAa03481:
   lselba:
/var/tmp/fcpFAAa03481:
   lselbh:
/var/tmp/fcpFAAa03481:
   lsingl:
/var/tmp/fcpFAAa03481:
   lslowc:
/var/tmp/fcpFAAa03481:
   lstati:
/var/tmp/fcpFAAa03481:
   lsumam:
/var/tmp/fcpFAAa03481:
   ltgbit:
/var/tmp/fcpFAAa03481:
   ltgtyp:
/var/tmp/fcpFAAa03481:
   ltrace:
/var/tmp/fcpFAAa03481:
   ltrack:
/var/tmp/fcpFAAa03481:
   ltrigs:
/var/tmp/fcpFAAa03481:
   lupacr:
/var/tmp/fcpFAAa03481:
   lupain:
/var/tmp/fcpFAAa03645:
   mginig:
/var/tmp/fcpFAAa03645:
   minhea:
/var/tmp/fcpFAAa03645:
   minijo:
/var/tmp/fcpFAAa03645:
   miniru:
/var/tmp/fcpFAAa03645:
   modroc:
/var/tmp/fcpFAAa03645:
   mpreda:
/var/tmp/fcpFAAa03645:
   mpredg:
/var/tmp/fcpFAAa03645:
   mpredm:
/var/tmp/fcpFAAa03645:
   mprsum:
/var/tmp/fcpFAAa03645:
   mslowc:
/var/tmp/fcpFAAa03645:
   mualcm:
/var/tmp/fcpFAAa03645:
   mualco:
/var/tmp/fcpFAAa03645:
   muass:
/var/tmp/fcpFAAa03645:
   mubook:
/var/tmp/fcpFAAa03645:
   mucomp:
/var/tmp/fcpFAAa03645:
   mucuts:
/var/tmp/fcpFAAa03645:
   muhist:
/var/tmp/fcpFAAa03645:
   muhitg:
/var/tmp/fcpFAAa03645:
   muhits:
/var/tmp/fcpFAAa03645:
   mukine:
/var/tmp/fcpFAAa03645:
   munewr:
/var/tmp/fcpFAAa03645:
   muredo:
/var/tmp/fcpFAAa03645:
   muslcm:
/var/tmp/fcpFAAa03645:
   muslco:
/var/tmp/fcpFAAa03645:
   mutest:
/var/tmp/fcpFAAa03801:
   obmfit:
/var/tmp/fcpFAAa03801:
   obsclr:
/var/tmp/fcpFAAa03801:
   obsinr:
/var/tmp/fcpFAAa03801:
   obspot:
/var/tmp/fcpFAAa03801:
   ocbfit:
/var/tmp/fcpFAAa03801:
   ocbpre:
/var/tmp/fcpFAAa03801:
   ogtblq:
/var/tmp/fcpFAAa03801:
   oinijo:
/var/tmp/fcpFAAa03801:
   oiniru:
/var/tmp/fcpFAAa03801:
   olspod:
/var/tmp/fcpFAAa03801:
   olspot:
/var/tmp/fcpFAAa03801:
   olspou:
/var/tmp/fcpFAAa03801:
   ombook:
/var/tmp/fcpFAAa03801:
   ombopt:
/var/tmp/fcpFAAa03801:
   ombout:
/var/tmp/fcpFAAa03801:
   ombpos:
/var/tmp/fcpFAAa03801:
   ombrec:
/var/tmp/fcpFAAa03801:
   omcorr:
/var/tmp/fcpFAAa03801:
   omcrun:
/var/tmp/fcpFAAa03801:
   omdata:
/var/tmp/fcpFAAa03801:
   omgain:
/var/tmp/fcpFAAa03801:
   omhist:
/var/tmp/fcpFAAa03801:
   omipos:
/var/tmp/fcpFAAa03801:
   omread:
/var/tmp/fcpFAAa03801:
   oprsum:
/var/tmp/fcpFAAa03801:
   oslowc:
/var/tmp/fcpFAAa03867:
   pmskfi:
/var/tmp/fcpFAAa03867:
   prolot:
/var/tmp/fcpFAAa03867:
   pryfit:
/var/tmp/fcpFAAa03867:
   pvfill:
/var/tmp/fcpFAAa03878:
   qfmmcl:
/var/tmp/fcpFAAa03878:
   qgmmcl:
/var/tmp/fcpFAAa03885:
   rbkhis:
/var/tmp/fcpFAAa03885:
   rcjsum:
/var/tmp/fcpFAAa03885:
   rclean:
/var/tmp/fcpFAAa03885:
   rcljob:
/var/tmp/fcpFAAa03885:
   rclrun:
/var/tmp/fcpFAAa03885:
   rcpas0:
/var/tmp/fcpFAAa03885:
   rdcard:
/var/tmp/fcpFAAa03885:
   rdefio:
/var/tmp/fcpFAAa03885:
   rdefmi:
/var/tmp/fcpFAAa03885:
   rdefpo:
/var/tmp/fcpFAAa03885:
   rdetec:
/var/tmp/fcpFAAa03885:
   recevt:
/var/tmp/fcpFAAa03885:
   recons:
/var/tmp/fcpFAAa03885:
   reject:
/var/tmp/fcpFAAa03885:
   report:
/var/tmp/fcpFAAa03885:
   rerror:
/var/tmp/fcpFAAa03885:
   rfalcr:
/var/tmp/fcpFAAa03885:
   rfalee:
/var/tmp/fcpFAAa03885:
   rfalie:
/var/tmp/fcpFAAa03885:
   rfalij:
/var/tmp/fcpFAAa03885:
   rfalir:
/var/tmp/fcpFAAa03885:
   rfalpd:
/var/tmp/fcpFAAa03885:
   rfjcon:
/var/tmp/fcpFAAa03885:
   rforma:
/var/tmp/fcpFAAa03885:
   rgetdv:
/var/tmp/fcpFAAa03885:
   rhbook:
/var/tmp/fcpFAAa03885:
   rhsevt:
/var/tmp/fcpFAAa03885:
   rincnd:
/var/tmp/fcpFAAa03885:
   rinjob:
/var/tmp/fcpFAAa03885:
   rinrun:
/var/tmp/fcpFAAa03885:
   ripas0:
/var/tmp/fcpFAAa03885:
   rloopr:
/var/tmp/fcpFAAa03885:
   rltoch:
/var/tmp/fcpFAAa03885:
   rlutrf:
/var/tmp/fcpFAAa03885:
   rmonii:
/var/tmp/fcpFAAa03885:
   rmonit:
/var/tmp/fcpFAAa03885:
   rnxmod:
/var/tmp/fcpFAAa03885:
   rperrs:
/var/tmp/fcpFAAa03885:
   rpnamb:
/var/tmp/fcpFAAa03885:
   rpotcl:
/var/tmp/fcpFAAa03885:
   rpreda:
/var/tmp/fcpFAAa03885:
   rprsta:
/var/tmp/fcpFAAa03885:
   rprsum:
/var/tmp/fcpFAAa03885:
   rrevhe:
/var/tmp/fcpFAAa03885:
   rshrin:
/var/tmp/fcpFAAa03885:
   rsmjob:
/var/tmp/fcpFAAa03885:
   rtitle:
/var/tmp/fcpFAAa03885:
   rtlsum:
/var/tmp/fcpFAAa03885:
   rtmask:
/var/tmp/fcpFAAa03885:
   rtrigf:
/var/tmp/fcpFAAa03885:
   runkno:
/var/tmp/fcpFAAa03885:
   rvdpre:
/var/tmp/fcpFAAa03885:
   rwjubw:
/var/tmp/fcpFAAa03885:
   rwrevt:
/var/tmp/fcpFAAa03885:
   rwrunh:
/var/tmp/fcpFAAa03885:
   rzejob:
/var/tmp/fcpFAAa03885:
   rzergl:
/var/tmp/fcpFAAa03885:
   rzerun:
/var/tmp/fcpFAAa04128:
   sabook:
/var/tmp/fcpFAAa04128:
   sacocr:
/var/tmp/fcpFAAa04128:
   sacopr:
/var/tmp/fcpFAAa04128:
   sahist:
/var/tmp/fcpFAAa04128:
   satrec:
/var/tmp/fcpFAAa04128:
   sclupr:
/var/tmp/fcpFAAa04128:
   scoopr:
/var/tmp/fcpFAAa04128:
   sftrpr:
/var/tmp/fcpFAAa04128:
   sibkpr:
/var/tmp/fcpFAAa04128:
   sibook:
/var/tmp/fcpFAAa04128:
   sicaok:
/var/tmp/fcpFAAa04128:
   siclc2:
/var/tmp/fcpFAAa04128:
   siclco:
/var/tmp/fcpFAAa04128:
   siclean:
/var/tmp/fcpFAAa04128:
   siclus:
/var/tmp/fcpFAAa04128:
   sicrec:
/var/tmp/fcpFAAa04128:
   sicrpot:
/var/tmp/fcpFAAa04128:
   sicrun:
/var/tmp/fcpFAAa04128:
   sidamp:
/var/tmp/fcpFAAa04128:
   sidcor:
/var/tmp/fcpFAAa04128:
   sidsum:
/var/tmp/fcpFAAa04128:
   sidvoi:
/var/tmp/fcpFAAa04128:
   siecor:
/var/tmp/fcpFAAa04128:
   siepcr:
/var/tmp/fcpFAAa04128:
   siesum:
   sifsum:
/var/tmp/fcpFAAa04128:
   sievst:
/var/tmp/fcpFAAa04128:
   sigaco:
/var/tmp/fcpFAAa04128:
   sigtdp:
/var/tmp/fcpFAAa04128:
   sigtwa:
/var/tmp/fcpFAAa04128:
   sihist:
/var/tmp/fcpFAAa04128:
   siinijo:
/var/tmp/fcpFAAa04128:
   siiniru:
/var/tmp/fcpFAAa04128:
   sijuke:
/var/tmp/fcpFAAa04128:
   silhcr:
/var/tmp/fcpFAAa04128:
   silist:
/var/tmp/fcpFAAa04128:
   silsum:
/var/tmp/fcpFAAa04128:
   siluad:
/var/tmp/fcpFAAa04128:
   silumi:
/var/tmp/fcpFAAa04128:
   silvoi:
/var/tmp/fcpFAAa04128:
   sinamx:
/var/tmp/fcpFAAa04128:
   sinijo:
/var/tmp/fcpFAAa04128:
   siniru:
/var/tmp/fcpFAAa04128:
   sipedfx:
/var/tmp/fcpFAAa04128:
   sipreda:
/var/tmp/fcpFAAa04128:
   siprlum:
/var/tmp/fcpFAAa04128:
   siprsum:
/var/tmp/fcpFAAa04128:
   sipsum:
/var/tmp/fcpFAAa04128:
   sipvoi:
/var/tmp/fcpFAAa04128:
   sislowc:
/var/tmp/fcpFAAa04128:
   sisol2:
/var/tmp/fcpFAAa04128:
   sistat:
/var/tmp/fcpFAAa04128:
   siswap:
/var/tmp/fcpFAAa04128:
   sivois:
/var/tmp/fcpFAAa04128:
   skanpr:
/var/tmp/fcpFAAa04128:
   spatpr:
/var/tmp/fcpFAAa04128:
   spreda:
/var/tmp/fcpFAAa04128:
   spremc:
/var/tmp/fcpFAAa04128:
   sprpot:
/var/tmp/fcpFAAa04128:
   sprsum:
/var/tmp/fcpFAAa04128:
   sr2clu:
/var/tmp/fcpFAAa04128:
   sr2pat:
/var/tmp/fcpFAAa04128:
   sr3clu:
/var/tmp/fcpFAAa04128:
   sr3pat:
/var/tmp/fcpFAAa04128:
   sraddr:
/var/tmp/fcpFAAa04128:
   sralig:
/var/tmp/fcpFAAa04128:
   srbftr:
/var/tmp/fcpFAAa04128:
   srbtrk:
/var/tmp/fcpFAAa04128:
   srccop:
/var/tmp/fcpFAAa04128:
   srclip:
/var/tmp/fcpFAAa04128:
   srclus:
/var/tmp/fcpFAAa04128:
   srcons:
/var/tmp/fcpFAAa04128:
   srcoor:
/var/tmp/fcpFAAa04128:
   srcpat:
/var/tmp/fcpFAAa04128:
   srcuts:
/var/tmp/fcpFAAa04128:
   srdble:
/var/tmp/fcpFAAa04128:
   srdead:
/var/tmp/fcpFAAa04128:
   srdist:
/var/tmp/fcpFAAa04128:
   srdphb:
/var/tmp/fcpFAAa04128:
   srdtrk:
/var/tmp/fcpFAAa04128:
   sreald:
/var/tmp/fcpFAAa04128:
   srfhis:
/var/tmp/fcpFAAa04128:
   srfit0:
/var/tmp/fcpFAAa04128:
   srfit2:
/var/tmp/fcpFAAa04128:
   srfitf:
/var/tmp/fcpFAAa04128:
   srfltr:
/var/tmp/fcpFAAa04128:
   srftrk:
/var/tmp/fcpFAAa04128:
   srgeom:
/var/tmp/fcpFAAa04128:
   srihis:
/var/tmp/fcpFAAa04128:
   srinbs:
/var/tmp/fcpFAAa04128:
   srints:
/var/tmp/fcpFAAa04128:
   srkand:
/var/tmp/fcpFAAa04128:
   srlval:
/var/tmp/fcpFAAa04128:
   srmstr:
/var/tmp/fcpFAAa04128:
   srpatc:
/var/tmp/fcpFAAa04128:
   srprcn:
/var/tmp/fcpFAAa04128:
   srsel2:
/var/tmp/fcpFAAa04128:
   srselk:
/var/tmp/fcpFAAa04128:
   srselo:
/var/tmp/fcpFAAa04128:
   srstat:
/var/tmp/fcpFAAa04128:
   srsubs:
/var/tmp/fcpFAAa04128:
   srtdcn:
/var/tmp/fcpFAAa04128:
   srtdcr:
/var/tmp/fcpFAAa04128:
   srtrck:
/var/tmp/fcpFAAa04128:
   srunco:
/var/tmp/fcpFAAa04128:
   srupar:
/var/tmp/fcpFAAa04128:
   srupat:
/var/tmp/fcpFAAa04128:
   srwire:
/var/tmp/fcpFAAa04128:
   srwpa2:
/var/tmp/fcpFAAa04128:
   srwpar:
/var/tmp/fcpFAAa04128:
   sscpcr:
/var/tmp/fcpFAAa04128:
   sslowc:
/var/tmp/fcpFAAa04128:
   strkpr:
/var/tmp/fcpFAAa04128:
   supapr:
/var/tmp/fcpFAAa04128:
   swp2pr:
/var/tmp/fcpFAAa04128:
   swpapr:
/var/tmp/fcpFAAa04648:
   t1ftdp:
/var/tmp/fcpFAAa04648:
   taccmn:
/var/tmp/fcpFAAa04648:
   tarcdp:
/var/tmp/fcpFAAa04648:
   tatwin:
/var/tmp/fcpFAAa04648:
   tbcodp:
/var/tmp/fcpFAAa04648:
   tbnkin:
/var/tmp/fcpFAAa04648:
   tbprnt:
/var/tmp/fcpFAAa04648:
   tbval:
/var/tmp/fcpFAAa04648:
   tcaldp:
/var/tmp/fcpFAAa04648:
   tcdump:
/var/tmp/fcpFAAa04648:
   tchadp:
/var/tmp/fcpFAAa04648:
   tchsum:
/var/tmp/fcpFAAa04648:
   tclana:
/var/tmp/fcpFAAa04648:
   tclcor:
/var/tmp/fcpFAAa04648:
   tcldmp:
/var/tmp/fcpFAAa04648:
   tclpat:
/var/tmp/fcpFAAa04648:
   tclsng:
/var/tmp/fcpFAAa04648:
   tcludp:
/var/tmp/fcpFAAa04648:
   tclust:
/var/tmp/fcpFAAa04648:
   tco4pa:
/var/tmp/fcpFAAa04648:
   tcoalg:
/var/tmp/fcpFAAa04648:
   tcobin:
/var/tmp/fcpFAAa04648:
   tcodrv:
/var/tmp/fcpFAAa04648:
   tcoerr:
/var/tmp/fcpFAAa04648:
   tcogs3:
/var/tmp/fcpFAAa04648:
   tcoor:
/var/tmp/fcpFAAa04648:
   tcoort:
/var/tmp/fcpFAAa04648:
   tcothr:
/var/tmp/fcpFAAa04648:
   tcoul2:
/var/tmp/fcpFAAa04648:
   tcoul3:
/var/tmp/fcpFAAa04648:
   tcowa2:
/var/tmp/fcpFAAa04648:
   tcowa3:
/var/tmp/fcpFAAa04648:
   tcowav:
/var/tmp/fcpFAAa04648:
   tcowl2:
/var/tmp/fcpFAAa04648:
   tcptst:
/var/tmp/fcpFAAa04648:
   tcqgs3:
/var/tmp/fcpFAAa04648:
   tcshf1:
/var/tmp/fcpFAAa04648:
   tcshft:
/var/tmp/fcpFAAa04648:
   terpar:
/var/tmp/fcpFAAa04648:
   tfcand:
/var/tmp/fcpFAAa04648:
   tfchek:
/var/tmp/fcpFAAa04648:
   tfilpa:
/var/tmp/fcpFAAa04648:
   tfiltj:
/var/tmp/fcpFAAa04648:
   tfithl:
       entry    tfthed:
       entry    tfthec:
/var/tmp/fcpFAAa04648:
   tfitkf:
/var/tmp/fcpFAAa04648:
   tfittk:
/var/tmp/fcpFAAa04648:
   tflnk2:
/var/tmp/fcpFAAa04648:
   tflnks:
/var/tmp/fcpFAAa04648:
   tfpcoi:
/var/tmp/fcpFAAa04648:
   tfthel:
/var/tmp/fcpFAAa04648:
   tftpad:
/var/tmp/fcpFAAa04648:
   tftwtb:
/var/tmp/fcpFAAa04648:
   tgetqt:
/var/tmp/fcpFAAa04648:
   tgftdp:
/var/tmp/fcpFAAa04648:
   tgmadp:
/var/tmp/fcpFAAa04648:
   thpadd:
/var/tmp/fcpFAAa04648:
   thpcor:
/var/tmp/fcpFAAa04648:
   thpfdg:
/var/tmp/fcpFAAa04648:
   thtrow:
/var/tmp/fcpFAAa04648:
   tinijo:
/var/tmp/fcpFAAa04648:
   tiniru:
/var/tmp/fcpFAAa04648:
   tisfil:
/var/tmp/fcpFAAa04648:
   tislnd:
/var/tmp/fcpFAAa04648:
   tjtop:
/var/tmp/fcpFAAa04648:
   tkink:
/var/tmp/fcpFAAa04648:
   tksgdp:
/var/tmp/fcpFAAa04648:
   tlctdp:
/var/tmp/fcpFAAa04648:
   tlcons:
   tldelm:
   tladd:
   tlinit:
   tlovfl:
   tlnext:
   tlpop:
   tlscra:
/var/tmp/fcpFAAa04648:
   tmagnt:
/var/tmp/fcpFAAa04648:
   tmshel:
       entry    tmshed:
       entry    tmshec:
       entry    tmschi:
/var/tmp/fcpFAAa04648:
   tnhlfp:
/var/tmp/fcpFAAa04648:
   tovrlp:
/var/tmp/fcpFAAa04648:
   tpaddx:
/var/tmp/fcpFAAa04648:
   tpadfx:
/var/tmp/fcpFAAa04648:
   tpadpo:
/var/tmp/fcpFAAa04648:
   tpadpr:
/var/tmp/fcpFAAa04648:
   tpads:
/var/tmp/fcpFAAa04648:
   tpakbc:
/var/tmp/fcpFAAa04648:
   tpakco:
/var/tmp/fcpFAAa04648:
   tpakta:
/var/tmp/fcpFAAa04648:
   tpaktx:
/var/tmp/fcpFAAa04648:
   tparab:
/var/tmp/fcpFAAa04648:
   tpbook:
/var/tmp/fcpFAAa04648:
   tpcbun:
/var/tmp/fcpFAAa04648:
   tpcrec:
/var/tmp/fcpFAAa04648:
   tpcrun:
/var/tmp/fcpFAAa04648:
   tpct0:
/var/tmp/fcpFAAa04648:
   tpct0n:
/var/tmp/fcpFAAa04648:
   tpdels:
/var/tmp/fcpFAAa04648:
   tpdiag:
/var/tmp/fcpFAAa04648:
   tpdthr:
/var/tmp/fcpFAAa04648:
   tphist:
/var/tmp/fcpFAAa04648:
   tphsmr:
/var/tmp/fcpFAAa04648:
   tpk1co:
/var/tmp/fcpFAAa04648:
   tpkill:
/var/tmp/fcpFAAa04648:
   tplana:
/var/tmp/fcpFAAa04648:
   tppadd:
/var/tmp/fcpFAAa04648:
   tpreda:
/var/tmp/fcpFAAa04648:
   tprf2:
/var/tmp/fcpFAAa04648:
   tprfin:
/var/tmp/fcpFAAa04648:
   tprfx:
/var/tmp/fcpFAAa04648:
   tprlst:
/var/tmp/fcpFAAa04648:
   tprndm:
/var/tmp/fcpFAAa04648:
   tprsum:
/var/tmp/fcpFAAa04648:
   tpsmgt:
/var/tmp/fcpFAAa04648:
   tpsmr1:
/var/tmp/fcpFAAa04648:
   tpsort:
/var/tmp/fcpFAAa04648:
   tpstat:
/var/tmp/fcpFAAa04648:
   tpuldp:
/var/tmp/fcpFAAa04648:
   trdwp1:
/var/tmp/fcpFAAa04648:
   trdwp2:
/var/tmp/fcpFAAa04648:
   trdwp3:
/var/tmp/fcpFAAa04648:
   trefch:
/var/tmp/fcpFAAa04648:
   trefit:
/var/tmp/fcpFAAa04648:
   trempt:
/var/tmp/fcpFAAa04648:
   trftch:
/var/tmp/fcpFAAa04648:
   trhlx2:
Compiler error line 71 of ../t_/trhlx2.F: Utils: Sanity Check: Inconsistent internal data structures. (6933)
/var/tmp/fcpFAAa04648:
   trkdmp:
/var/tmp/fcpFAAa04648:
   trkels:
/var/tmp/fcpFAAa04648:
   trkfnd:
/var/tmp/fcpFAAa04648:
   trkmca:
/var/tmp/fcpFAAa04648:
   trkwra:
/var/tmp/fcpFAAa04648:
   trmvep:
/var/tmp/fcpFAAa04648:
   trncon:
/var/tmp/fcpFAAa04648:
   trphdi:
/var/tmp/fcpFAAa04648:
   trproj:
/var/tmp/fcpFAAa04648:
   trresc:
/var/tmp/fcpFAAa04648:
   trseek:
/var/tmp/fcpFAAa04648:
   trslnk:
/var/tmp/fcpFAAa04648:
   tsacha:
/var/tmp/fcpFAAa04648:
   tsaclu:
/var/tmp/fcpFAAa04648:
   tsacor:
/var/tmp/fcpFAAa04648:
   tsapat:
/var/tmp/fcpFAAa04648:
   tsatrk:
/var/tmp/fcpFAAa04648:
   tsawir:
/var/tmp/fcpFAAa04648:
   tsawtk:
/var/tmp/fcpFAAa04648:
   tscfil:
/var/tmp/fcpFAAa04648:
   tscidp:
/var/tmp/fcpFAAa04648:
   tscldp:
/var/tmp/fcpFAAa04648:
   tscoor:
/var/tmp/fcpFAAa04648:
   tseque:
/var/tmp/fcpFAAa04648:
   tsirdp:
/var/tmp/fcpFAAa04648:
   tslowc:
/var/tmp/fcpFAAa04648:
   tsmft:
/var/tmp/fcpFAAa04648:
   tsordp:
/var/tmp/fcpFAAa04648:
   tspudp:
/var/tmp/fcpFAAa04648:
   tsumvd:
/var/tmp/fcpFAAa04648:
   tszcor:
/var/tmp/fcpFAAa04648:
   ttloop:
/var/tmp/fcpFAAa04648:
   ttrunk:
/var/tmp/fcpFAAa04648:
   ttwodx:
/var/tmp/fcpFAAa04648:
   ttwosh:
/var/tmp/fcpFAAa04648:
   ttwosi:
/var/tmp/fcpFAAa04648:
   tvdvel:
/var/tmp/fcpFAAa04648:
   twinco:
/var/tmp/fcpFAAa04648:
   twindo:
/var/tmp/fcpFAAa04648:
   twires:
/var/tmp/fcpFAAa04648:
   twirez:
/var/tmp/fcpFAAa04648:
   twirfx:
/var/tmp/fcpFAAa04648:
   twpeak:
/var/tmp/fcpFAAa04648:
   twrrdp:

fort77: Warning: Compiler failure has occurred.
     Attempting to recompile failing compilation unit without optimization

/var/tmp/fcpFAAa04648:
   trhlx2:
/var/tmp/fcpFAAa05326:
   uctgft:
/var/tmp/fcpFAAa05326:
   ufitms:
/var/tmp/fcpFAAa05326:
   umxinv:
/var/tmp/fcpFAAa05326:
   unpack:
/var/tmp/fcpFAAa05326:
   usbook:
/var/tmp/fcpFAAa05326:
   uscjob:
/var/tmp/fcpFAAa05326:
   uscrun:
/var/tmp/fcpFAAa05326:
   ushist:
/var/tmp/fcpFAAa05326:
   usievt:
/var/tmp/fcpFAAa05326:
   usijob:
/var/tmp/fcpFAAa05326:
   usirun:
/var/tmp/fcpFAAa05326:
   uslowc:
/var/tmp/fcpFAAa05326:
   usprda:
/var/tmp/fcpFAAa05326:
   utdcbp:
/var/tmp/fcpFAAa05326:
   utlslf:
/var/tmp/fcpFAAa05326:
   uvpfit:
/var/tmp/fcpFAAa05326:
   uvpmat:
/var/tmp/fcpFAAa05326:
   uxsfit:
/var/tmp/fcpFAAa05326:
   uxsmat:
/var/tmp/fcpFAAa05367:
   vbmfit:
/var/tmp/fcpFAAa05367:
   vbsclr:
/var/tmp/fcpFAAa05367:
   vbsinr:
/var/tmp/fcpFAAa05367:
   vbspot:
/var/tmp/fcpFAAa05367:
   vcalcm:
/var/tmp/fcpFAAa05367:
   vcbfit:
/var/tmp/fcpFAAa05367:
   vcktrk:
/var/tmp/fcpFAAa05367:
   vclbnk:
/var/tmp/fcpFAAa05367:
   vcmean:
/var/tmp/fcpFAAa05367:
   vcrhot:
/var/tmp/fcpFAAa05367:
   vdalin:
/var/tmp/fcpFAAa05367:
   vdalsg:
/var/tmp/fcpFAAa05367:
   vdalxy:
/var/tmp/fcpFAAa05367:
   vdalzt:
/var/tmp/fcpFAAa05367:
   vdbgcl:
/var/tmp/fcpFAAa05367:
   vdbook:
/var/tmp/fcpFAAa05367:
   vdchst:
/var/tmp/fcpFAAa05367:
   vdcrun:
/var/tmp/fcpFAAa05367:
   vdecod:
/var/tmp/fcpFAAa05367:
   vdetok:
/var/tmp/fcpFAAa05367:
   vdfnam:
/var/tmp/fcpFAAa05367:
   vdfsup:
/var/tmp/fcpFAAa05367:
   vdgaus:
/var/tmp/fcpFAAa05367:
   vdgeph:
/var/tmp/fcpFAAa05367:
   vdgtht:
/var/tmp/fcpFAAa05367:
   vdgtmv:
/var/tmp/fcpFAAa05367:
   vdgtxl:
/var/tmp/fcpFAAa05367:
   vdhist:
/var/tmp/fcpFAAa05367:
   vdincp:
/var/tmp/fcpFAAa05367:
   vdismr:
/var/tmp/fcpFAAa05367:
   vdjacb:
/var/tmp/fcpFAAa05367:
   vdklcp:
/var/tmp/fcpFAAa05367:
   vdlink:
/var/tmp/fcpFAAa05367:
   vdmcef:
/var/tmp/fcpFAAa05367:
   vdmctr:
/var/tmp/fcpFAAa05367:
   vdmjln:
/var/tmp/fcpFAAa05367:
   vdmkce:
/var/tmp/fcpFAAa05367:
   vdmoni:
/var/tmp/fcpFAAa05367:
   vdmpin:
/var/tmp/fcpFAAa05367:
   vdmsup2:
/var/tmp/fcpFAAa05367:
   vdnois:
/var/tmp/fcpFAAa05367:
   vdosmr:
/var/tmp/fcpFAAa05367:
   vdpinh:
/var/tmp/fcpFAAa05367:
   vdrcun:
/var/tmp/fcpFAAa05367:
   vdrndm:
/var/tmp/fcpFAAa05367:
   vdrtan:
/var/tmp/fcpFAAa05367:
   vdsigm:
/var/tmp/fcpFAAa05367:
   vdsm95:
/var/tmp/fcpFAAa05367:
   vdsmap:
/var/tmp/fcpFAAa05367:
   vdstch:
/var/tmp/fcpFAAa05367:
   vdtan:
/var/tmp/fcpFAAa05367:
   vdwsdx:
/var/tmp/fcpFAAa05367:
   vdwsmr:
/var/tmp/fcpFAAa05367:
   vdxyzt:
/var/tmp/fcpFAAa05367:
   vhinit:
/var/tmp/fcpFAAa05367:
   vhotin:
/var/tmp/fcpFAAa05367:
   vinijo:
/var/tmp/fcpFAAa05367:
   viniru:
/var/tmp/fcpFAAa05367:
   vlcpos:
/var/tmp/fcpFAAa05367:
   vmgcrl:
/var/tmp/fcpFAAa05367:
   vmkr90:
/var/tmp/fcpFAAa05367:
   vmkr95:
/var/tmp/fcpFAAa05367:
   vpreda:
/var/tmp/fcpFAAa05367:
   vprpot:
/var/tmp/fcpFAAa05367:
   vprsum:
/var/tmp/fcpFAAa05367:
   vreclt:
/var/tmp/fcpFAAa05367:
   vreclu:
/var/tmp/fcpFAAa05367:
   vsepar:
/var/tmp/fcpFAAa05367:
   vseplt:
/var/tmp/fcpFAAa05367:
   vslowc:
/var/tmp/fcpFAAa05367:
   vspxyz:
/var/tmp/fcpFAAa05367:
   vstrim:
/var/tmp/fcpFAAa05367:
   vtrsup:
/var/tmp/fcpFAAa05367:
   vtrurl:
/var/tmp/fcpFAAa05367:
   vumctr:
/var/tmp/fcpFAAa05660:
   vaddia:
/var/tmp/fcpFAAa05660:
   vdblht:
/var/tmp/fcpFAAa05660:
   vfndil:
/var/tmp/fcpFAAa05660:
   vftall:
/var/tmp/fcpFAAa05660:
   vgbran:
/var/tmp/fcpFAAa05660:
   vgbrut:
/var/tmp/fcpFAAa05660:
   vgcmbv:
/var/tmp/fcpFAAa05660:
   vgcomp:
/var/tmp/fcpFAAa05660:
   vgfevt:
/var/tmp/fcpFAAa05660:
   vginit:
/var/tmp/fcpFAAa05660:
   vglink:
/var/tmp/fcpFAAa05660:
   vglob:
/var/tmp/fcpFAAa05660:
   vgnevt:
/var/tmp/fcpFAAa05660:
   vgsolv:
/var/tmp/fcpFAAa05660:
   vgstor:
/var/tmp/fcpFAAa05660:
   vgtcut:
/var/tmp/fcpFAAa05660:
   vherr:
/var/tmp/fcpFAAa05660:
   vhitid:
/var/tmp/fcpFAAa05660:
   vhmap:
/var/tmp/fcpFAAa05660:
   vhupck:
/var/tmp/fcpFAAa05660:
   vhuprm:
/var/tmp/fcpFAAa05660:
   vkaerr:
/var/tmp/fcpFAAa05660:
   vm1trk:
/var/tmp/fcpFAAa05660:
   vmchip:
/var/tmp/fcpFAAa05660:
   vmchis:
/var/tmp/fcpFAAa05660:
   vmclld:
/var/tmp/fcpFAAa05660:
   vmover:
/var/tmp/fcpFAAa05660:
   vmupdt:
/var/tmp/fcpFAAa05660:
   vpksln:
/var/tmp/fcpFAAa05660:
   vsltrk:
/var/tmp/fcpFAAa05660:
   vterex:
/var/tmp/fcpFAAa05978:
   wcal:
/var/tmp/fcpFAAa05978:
   wirjul:
/var/tmp/fcpFAAa05985:
   xptenb:
/var/tmp/fcpFAAa05985:
   xtcncr:
/var/tmp/fcpFAAa05992:
   yfbook:
/var/tmp/fcpFAAa05992:
   yfhist:
/var/tmp/fcpFAAa05992:
   yfijob:
/var/tmp/fcpFAAa05992:
   yfmain:
/var/tmp/fcpFAAa05992:
   yfvert:
/var/tmp/fcpFAAa05992:
   yinijo:
/var/tmp/fcpFAAa05992:
   yiniru:
/var/tmp/fcpFAAa05992:
   ykffit:
/var/tmp/fcpFAAa05992:
   ykinit:
/var/tmp/fcpFAAa05992:
   ykldc:
/var/tmp/fcpFAAa05992:
   yknem2:
/var/tmp/fcpFAAa05992:
   yksfit:
/var/tmp/fcpFAAa05992:
   yksrch:
/var/tmp/fcpFAAa05992:
   ykvdet:
/var/tmp/fcpFAAa05992:
   ymfv0s:
/var/tmp/fcpFAAa05992:
   yprpot:
/var/tmp/fcpFAAa05992:
   yprsum:
/var/tmp/fcpFAAa05992:
   ytbook:
/var/tmp/fcpFAAa05992:
   ythist:
/var/tmp/fcpFAAa05992:
   ytirun:
/var/tmp/fcpFAAa05992:
   yv0sum:
/var/tmp/fcpFAAa05992:
   yvbook:
/var/tmp/fcpFAAa05992:
   yvhist:
/var/tmp/fcpFAAa05992:
   yvijob:
/var/tmp/fcpFAAa05992:
   yybook:
/var/tmp/fcpFAAa05992:
   yyhist:
