
          --- SCANBOOK Version 19.5 running  ---

          --- Last update of the Bookkeeping Database 
                was done on   4. MAY   2004 at  03:40:28
          --- Last  Run # known from Online is :  58471
          --- Last Fill # known from Online is :   8984


 >> Datasets will be selected with MINI version  20

 *** SCANBOOK 19.5  - RUN  of  24/09/20 at  04.38.39


  ++ Selection from File :                                    data94


  *********************************************
  ** Summary of SCANBOOK  search selections   *
  *********************************************


  ++ Print level requested           :     2
  ++ Selection on the kind of data   :  REAL DATA                        
  ++ Selection on the nature of data :MINI                               
  ++ Selection on Magnetic device    :  CARTRIDGE                        
  ++ Selection of LAST JULIA reprocessing
  ++ Selection on Year of Data Taking:       1994
  ++ Selection on Run Numbers        :      25000   30999
  ++ Selection on GOOD RUNS requested 
  ++ Selection on Aleph Tape Categ.  :  AS    EPIO
  ++ Selection on MINI    Version #  :         20
  ++ Selection on Special Particle   :         -1




 ---------------------------------------------------------------------------
 *** Last run number known in the ALEBOOK Database :                  58471
 *** Last fill number known in the ALEBOOK Database :                  8984
 ---------------------------------------------------------------------------




  *******************************************
  *     End of SCANBOOK Database search  :  *
  *        63       Datasets                *
  * have been found matching your requests  *
  *******************************************





 *************************** Tapes/Cartridges  ***************************




 **** AA,AB,AM cartridges are always at CERN ****
      AR,AS,AU DLTs, Y1/R0 Redwoods are always at CERN
      Other cartridges may have been sent to Homelabs

 -----------------------------------------------------------------------------------------------------------------------------------
   Tape     |Form| Nat|  Date  | Location  | 1st  |  Last | Nevts | LEP Eng |      Comments
            |    |    | YYMMDD |           | Run  |  Run  |       |   Gev   |
 -----------------------------------------------------------------------------------------------------------------------------------
 Y15224_1   |EPIO|MINI| 990215 | STK_ACS   |25520 | 25695 |219643 |  91.14  | RUNS 25520 25521 25522 25527 25528 25530 25531 25532
            |    |    |        |           |      |       |       |         |      25536 25537 25538 25541 25543 25545 25546 25549
            |    |    |        |           |      |       |       |         |      25550 25551 25552 25553 25554 25555 25556 25587
            |    |    |        |           |      |       |       |         |      25588 25589 25591 25596 25598 25599 25600 25601
            |    |    |        |           |      |       |       |         |      25602 25603 25604 25605 25606 25620 25624 25625
            |    |    |        |           |      |       |       |         |      25626 25630 25631 25632 25633 25634 25635 25636
            |    |    |        |           |      |       |       |         |      25637 25638 25639 25640 25641 25642 25643 25644
            |    |    |        |           |      |       |       |         |      25647 25675 25676 25677 25678 25679 25681 25682
            |    |    |        |           |      |       |       |         |      25683 25684 25685 25686 25687 25688 25689 25690
            |    |    |        |           |      |       |       |         |      25691 25692 25693 25694 25695
 Y15224_2   |EPIO|MINI| 990215 | STK_ACS   |25696 | 25810 |188989 |  91.14  | RUNS 25696 25699 25700 25701 25702 25703 25704 25705
            |    |    |        |           |      |       |       |         |      25706 25707 25708 25709 25710 25711 25712 25713
            |    |    |        |           |      |       |       |         |      25714 25715 25716 25717 25718 25719 25720 25721
            |    |    |        |           |      |       |       |         |      25722 25731 25735 25736 25738 25739 25740 25741
            |    |    |        |           |      |       |       |         |      25742 25743 25749 25750 25751 25753 25755 25756
            |    |    |        |           |      |       |       |         |      25757 25758 25759 25760 25761 25762 25763 25764
            |    |    |        |           |      |       |       |         |      25765 25766 25781 25782 25783 25784 25785 25786
            |    |    |        |           |      |       |       |         |      25796 25797 25798 25799 25800 25801 25802 25803
            |    |    |        |           |      |       |       |         |      25804 25805 25806 25807 25808 25809 25810
 Y15224_3   |EPIO|MINI| 990215 | STK_ACS   |25811 | 26730 |170702 |  91.22  | RUNS 25811 25812 25813 25814 25816 25817 25818 25819
            |    |    |        |           |      |       |       |         |      25820 25821 25822 25827 25828 25829 25830 25831
            |    |    |        |           |      |       |       |         |      25833 25834 25835 25836 25838 25839 25840 25841
            |    |    |        |           |      |       |       |         |      25842 25843 25845 25846 25847 25848 25849 25850
            |    |    |        |           |      |       |       |         |      25851 25852 25853 25854 25878 25879 25880 25881
            |    |    |        |           |      |       |       |         |      25882 25883 25884 25885 25886 25887 25888 25889
            |    |    |        |           |      |       |       |         |      25890 25907 25908 25909 25910 25912 25913 26039
            |    |    |        |           |      |       |       |         |      26730
 Y15224_4   |EPIO|MINI| 990215 | STK_ACS   |25911 | 25982 |154341 |  91.21  | RUNS 25911 25914 25915 25916 25917 25918 25919 25920
            |    |    |        |           |      |       |       |         |      25921 25922 25923 25924 25925 25926 25927 25931
            |    |    |        |           |      |       |       |         |      25932 25942 25943 25944 25945 25949 25950 25951
            |    |    |        |           |      |       |       |         |      25952 25953 25960 25961 25962 25963 25964 25965
            |    |    |        |           |      |       |       |         |      25966 25967 25968 25969 25970 25971 25972 25973
            |    |    |        |           |      |       |       |         |      25974 25975 25976 25977 25978 25979 25982
 Y15224_12  |EPIO|MINI| 990216 | STK_ACS   |25933 | 26781 |145396 |  91.21  | RUNS 25933 25934 25937 25938 25939 25940 25941 25946
            |    |    |        |           |      |       |       |         |      25947 25948 26711 26712 26713 26714 26716 26717
            |    |    |        |           |      |       |       |         |      26718 26720 26725 26726 26727 26728 26729 26731
            |    |    |        |           |      |       |       |         |      26732 26733 26735 26736 26737 26745 26746 26747
            |    |    |        |           |      |       |       |         |      26749 26750 26754 26755 26756 26758 26759 26760
            |    |    |        |           |      |       |       |         |      26761 26762 26763 26764 26765 26766 26767 26768
            |    |    |        |           |      |       |       |         |      26769 26770 26771 26779 26780 26781
 Y15224_5   |EPIO|MINI| 990216 | STK_ACS   |25983 | 26896 |164057 |  91.22  | RUNS 25983 25984 25985 25986 25987 25988 25989 25990
            |    |    |        |           |      |       |       |         |      25991 25992 25993 25994 25995 25996 25997 25998
            |    |    |        |           |      |       |       |         |      25999 26000 26001 26002 26003 26004 26005 26006
            |    |    |        |           |      |       |       |         |      26010 26011 26012 26013 26014 26015 26037 26038
            |    |    |        |           |      |       |       |         |      26040 26041 26042 26046 26047 26049 26059 26074
            |    |    |        |           |      |       |       |         |      26079 26082 26083 26084 26085 26086 26087 26853
            |    |    |        |           |      |       |       |         |      26885 26896
 Y15224_6   |EPIO|MINI| 990216 | STK_ACS   |26048 | 26156 |164835 |  91.21  | RUNS 26048 26060 26061 26062 26063 26064 26075 26076
            |    |    |        |           |      |       |       |         |      26077 26078 26088 26089 26090 26092 26093 26094
            |    |    |        |           |      |       |       |         |      26095 26096 26097 26099 26100 26101 26102 26103
            |    |    |        |           |      |       |       |         |      26104 26132 26133 26134 26135 26136 26137 26138
            |    |    |        |           |      |       |       |         |      26141 26142 26143 26144 26145 26146 26147 26148
            |    |    |        |           |      |       |       |         |      26149 26152 26153 26154 26155 26156
 Y15224_7   |EPIO|MINI| 990216 | STK_ACS   |26157 | 26377 |157944 |  91.22  | RUNS 26157 26158 26159 26160 26161 26162 26163 26164
            |    |    |        |           |      |       |       |         |      26165 26166 26167 26168 26169 26172 26173 26174
            |    |    |        |           |      |       |       |         |      26175 26176 26177 26178 26179 26180 26181 26182
            |    |    |        |           |      |       |       |         |      26183 26184 26185 26186 26187 26330 26331 26333
            |    |    |        |           |      |       |       |         |      26335 26336 26337 26338 26339 26353 26364 26365
            |    |    |        |           |      |       |       |         |      26367 26368 26369 26370 26371 26372 26373 26377
            |    |    |        |           |      |       |       |         |
 Y15224_8   |EPIO|MINI| 990216 | STK_ACS   |26378 | 26438 |166802 |  91.22  | RUNS 26378 26379 26382 26383 26384 26385 26388 26389
            |    |    |        |           |      |       |       |         |      26390 26391 26392 26393 26394 26397 26398 26399
            |    |    |        |           |      |       |       |         |      26400 26401 26402 26409 26410 26411 26412 26413
            |    |    |        |           |      |       |       |         |      26414 26415 26416 26417 26418 26419 26420 26421
            |    |    |        |           |      |       |       |         |      26422 26423 26424 26432 26433 26434 26435 26436
            |    |    |        |           |      |       |       |         |      26437 26438
 Y15224_9   |EPIO|MINI| 990216 | STK_ACS   |26439 | 30324 |157244 |  91.21  | RUNS 26439 26440 26441 26442 26443 26444 26445 26446
            |    |    |        |           |      |       |       |         |      26447 26448 26449 26473 26474 26475 26476 26477
            |    |    |        |           |      |       |       |         |      26478 26479 26480 26481 26482 26483 26484 26485
            |    |    |        |           |      |       |       |         |      26486 26487 26488 26489 26490 26491 26492 26493
            |    |    |        |           |      |       |       |         |      26494 26497 26498 26499 26500 30320 30321 30322
            |    |    |        |           |      |       |       |         |      30324
 Y15224_10  |EPIO|MINI| 990216 | STK_ACS   |26501 | 26574 |160801 |  91.22  | RUNS 26501 26502 26503 26504 26505 26506 26507 26508
            |    |    |        |           |      |       |       |         |      26509 26510 26511 26512 26513 26514 26515 26516
            |    |    |        |           |      |       |       |         |      26517 26519 26520 26521 26522 26523 26524 26525
            |    |    |        |           |      |       |       |         |      26526 26527 26528 26529 26530 26531 26532 26533
            |    |    |        |           |      |       |       |         |      26534 26535 26536 26537 26548 26549 26550 26551
            |    |    |        |           |      |       |       |         |      26552 26574
 Y15224_11  |EPIO|MINI| 990216 | STK_ACS   |26575 | 26710 |144507 |  91.21  | RUNS 26575 26576 26670 26671 26672 26673 26674 26675
            |    |    |        |           |      |       |       |         |      26676 26677 26678 26680 26681 26682 26683 26684
            |    |    |        |           |      |       |       |         |      26685 26686 26687 26688 26689 26690 26691 26692
            |    |    |        |           |      |       |       |         |      26693 26694 26695 26696 26697 26698 26701 26702
            |    |    |        |           |      |       |       |         |      26703 26704 26705 26706 26707 26708 26709 26710
            |    |    |        |           |      |       |       |         |
 Y15224_13  |EPIO|MINI| 990216 | STK_ACS   |26782 | 26836 |144737 |  91.21  | RUNS 26782 26783 26784 26785 26786 26787 26788 26789
            |    |    |        |           |      |       |       |         |      26790 26791 26792 26793 26794 26795 26796 26797
            |    |    |        |           |      |       |       |         |      26798 26799 26800 26801 26808 26809 26810 26811
            |    |    |        |           |      |       |       |         |      26812 26813 26814 26815 26816 26817 26818 26819
            |    |    |        |           |      |       |       |         |      26820 26821 26822 26823 26824 26825 26826 26827
            |    |    |        |           |      |       |       |         |      26828 26829 26830 26831 26832 26835 26836
 Y15224_14  |EPIO|MINI| 990217 | STK_ACS   |26845 | 26907 |151736 |  91.20  | RUNS 26845 26846 26847 26848 26849 26850 26851 26852
            |    |    |        |           |      |       |       |         |      26854 26855 26856 26857 26858 26866 26867 26868
            |    |    |        |           |      |       |       |         |      26869 26871 26880 26881 26882 26883 26884 26887
            |    |    |        |           |      |       |       |         |      26888 26889 26890 26891 26892 26893 26894 26895
            |    |    |        |           |      |       |       |         |      26897 26898 26899 26900 26901 26902 26903 26904
            |    |    |        |           |      |       |       |         |      26905 26906 26907
 Y15224_21  |EPIO|MINI| 990217 | STK_ACS   |26859 | 27450 |133093 |  91.20  | RUNS 26859 26860 26861 26862 26863 26864 26865 27413
            |    |    |        |           |      |       |       |         |      27414 27415 27416 27417 27418 27419 27420 27421
            |    |    |        |           |      |       |       |         |      27422 27423 27424 27425 27426 27427 27428 27429
            |    |    |        |           |      |       |       |         |      27435 27436 27437 27438 27439 27440 27441 27442
            |    |    |        |           |      |       |       |         |      27443 27444 27445 27446 27447 27448 27449 27450
            |    |    |        |           |      |       |       |         |
 Y15224_63  |EPIO|MINI| 990224 | STK_ACS   |26870 | 30353 |146268 |  91.21  | RUNS 26870 26872 26873 26874 26876 26877 26878 26879
            |    |    |        |           |      |       |       |         |      27773 27774 27776 27778 27782 27783 27784 27785
            |    |    |        |           |      |       |       |         |      30312 30313 30317 30318 30319 30330 30331 30336
            |    |    |        |           |      |       |       |         |      30338 30339 30340 30341 30342 30343 30344 30346
            |    |    |        |           |      |       |       |         |      30347 30348 30349 30350 30351 30352 30353
 Y15224_15  |EPIO|MINI| 990217 | STK_ACS   |26908 | 27095 |138270 |  91.20  | RUNS 26908 26909 26910 27057 27058 27059 27060 27061
            |    |    |        |           |      |       |       |         |      27062 27063 27064 27065 27066 27067 27068 27069
            |    |    |        |           |      |       |       |         |      27070 27071 27072 27073 27074 27075 27076 27077
            |    |    |        |           |      |       |       |         |      27079 27080 27081 27082 27083 27084 27085 27086
            |    |    |        |           |      |       |       |         |      27087 27088 27089 27090 27091 27092 27093 27094
            |    |    |        |           |      |       |       |         |      27095
 Y15224_16  |EPIO|MINI| 990217 | STK_ACS   |27096 | 27142 |140339 |  91.21  | RUNS 27096 27097 27098 27101 27102 27103 27104 27105
            |    |    |        |           |      |       |       |         |      27106 27107 27108 27109 27110 27114 27115 27116
            |    |    |        |           |      |       |       |         |      27117 27118 27119 27120 27121 27122 27123 27124
            |    |    |        |           |      |       |       |         |      27125 27126 27127 27128 27129 27130 27131 27132
            |    |    |        |           |      |       |       |         |      27133 27134 27136 27137 27138 27139 27140 27141
            |    |    |        |           |      |       |       |         |      27142
 Y15224_17  |EPIO|MINI| 990217 | STK_ACS   |27143 | 27208 |140171 |  91.21  | RUNS 27143 27144 27145 27146 27147 27148 27149 27150
            |    |    |        |           |      |       |       |         |      27171 27172 27173 27174 27175 27176 27177 27178
            |    |    |        |           |      |       |       |         |      27179 27180 27181 27182 27183 27184 27185 27186
            |    |    |        |           |      |       |       |         |      27193 27194 27195 27196 27197 27198 27199 27200
            |    |    |        |           |      |       |       |         |      27201 27202 27203 27204 27205 27206 27207 27208
            |    |    |        |           |      |       |       |         |
 Y15224_24  |EPIO|MINI| 990217 | STK_ACS   |27151 | 27586 |136120 |  91.21  | RUNS 27151 27152 27153 27166 27168 27169 27170 27550
            |    |    |        |           |      |       |       |         |      27551 27552 27553 27554 27555 27556 27557 27558
            |    |    |        |           |      |       |       |         |      27559 27560 27561 27562 27563 27564 27565 27567
            |    |    |        |           |      |       |       |         |      27568 27569 27570 27571 27572 27573 27574 27575
            |    |    |        |           |      |       |       |         |      27576 27577 27578 27582 27583 27584 27585 27586
            |    |    |        |           |      |       |       |         |
 Y15224_18  |EPIO|MINI| 990217 | STK_ACS   |27209 | 27286 |142915 |  91.21  | RUNS 27209 27210 27211 27212 27213 27215 27231 27232
            |    |    |        |           |      |       |       |         |      27235 27236 27237 27238 27239 27240 27241 27242
            |    |    |        |           |      |       |       |         |      27243 27244 27247 27248 27249 27250 27251 27252
            |    |    |        |           |      |       |       |         |      27253 27254 27259 27260 27261 27263 27265 27275
            |    |    |        |           |      |       |       |         |      27276 27277 27278 27279 27280 27281 27282 27283
            |    |    |        |           |      |       |       |         |      27284 27285 27286
 Y15224_19  |EPIO|MINI| 990217 | STK_ACS   |27287 | 27350 |137741 |  91.20  | RUNS 27287 27288 27289 27290 27291 27292 27293 27316
            |    |    |        |           |      |       |       |         |      27317 27319 27320 27321 27322 27323 27324 27326
            |    |    |        |           |      |       |       |         |      27327 27328 27329 27330 27331 27332 27333 27334
            |    |    |        |           |      |       |       |         |      27335 27336 27337 27338 27339 27340 27341 27342
            |    |    |        |           |      |       |       |         |      27343 27344 27345 27346 27348 27349 27350
 Y15224_20  |EPIO|MINI| 990217 | STK_ACS   |27351 | 27412 |136487 |  91.20  | RUNS 27351 27352 27353 27354 27355 27356 27357 27358
            |    |    |        |           |      |       |       |         |      27359 27360 27361 27362 27363 27364 27365 27366
            |    |    |        |           |      |       |       |         |      27367 27368 27370 27371 27372 27373 27374 27375
            |    |    |        |           |      |       |       |         |      27376 27377 27378 27379 27380 27381 27382 27383
            |    |    |        |           |      |       |       |         |      27384 27385 27407 27408 27409 27411 27412
 Y15224_22  |EPIO|MINI| 990217 | STK_ACS   |27451 | 27504 |136064 |  91.20  | RUNS 27451 27452 27453 27454 27455 27456 27457 27458
            |    |    |        |           |      |       |       |         |      27461 27463 27464 27465 27466 27467 27468 27470
            |    |    |        |           |      |       |       |         |      27471 27472 27473 27475 27476 27477 27478 27479
            |    |    |        |           |      |       |       |         |      27480 27481 27482 27483 27484 27485 27495 27496
            |    |    |        |           |      |       |       |         |      27497 27498 27499 27500 27501 27502 27503 27504
            |    |    |        |           |      |       |       |         |
 Y15224_23  |EPIO|MINI| 990217 | STK_ACS   |27505 | 27549 |138543 |  91.20  | RUNS 27505 27506 27507 27508 27509 27510 27511 27512
            |    |    |        |           |      |       |       |         |      27513 27514 27517 27518 27519 27520 27521 27522
            |    |    |        |           |      |       |       |         |      27523 27524 27525 27526 27527 27528 27529 27530
            |    |    |        |           |      |       |       |         |      27531 27532 27533 27534 27535 27536 27538 27541
            |    |    |        |           |      |       |       |         |      27542 27543 27544 27545 27546 27547 27548 27549
            |    |    |        |           |      |       |       |         |
 Y15224_25  |EPIO|MINI| 990218 | STK_ACS   |27587 | 27637 |129241 |  91.19  | RUNS 27587 27588 27589 27590 27591 27592 27593 27594
            |    |    |        |           |      |       |       |         |      27595 27596 27597 27598 27599 27607 27609 27610
            |    |    |        |           |      |       |       |         |      27611 27612 27613 27614 27615 27616 27617 27618
            |    |    |        |           |      |       |       |         |      27619 27620 27621 27626 27627 27629 27630 27631
            |    |    |        |           |      |       |       |         |      27632 27633 27634 27635 27636 27637
 Y15224_26  |EPIO|MINI| 990218 | STK_ACS   |27638 | 27808 |144899 |  91.20  | RUNS 27638 27639 27750 27751 27752 27753 27754 27755
            |    |    |        |           |      |       |       |         |      27756 27757 27758 27759 27760 27761 27762 27763
            |    |    |        |           |      |       |       |         |      27764 27765 27766 27769 27770 27771 27772 27786
            |    |    |        |           |      |       |       |         |      27787 27788 27789 27797 27798 27799 27800 27801
            |    |    |        |           |      |       |       |         |      27802 27803 27804 27805 27806 27807 27808
 Y15224_30  |EPIO|MINI| 990218 | STK_ACS   |27767 | 30329 |135661 |  91.19  | RUNS 27767 27949 27993 27994 27997 27998 27999 28000
            |    |    |        |           |      |       |       |         |      28001 28002 28003 28004 28005 28006 28007 28010
            |    |    |        |           |      |       |       |         |      28011 28012 28016 28017 28018 28019 28020 28021
            |    |    |        |           |      |       |       |         |      28022 28023 28024 28025 28026 28027 28028 28029
            |    |    |        |           |      |       |       |         |      28140 29592 29602 30323 30325 30329
 Y15224_27  |EPIO|MINI| 990218 | STK_ACS   |27809 | 27873 |138150 |  91.20  | RUNS 27809 27810 27811 27812 27813 27814 27815 27816
            |    |    |        |           |      |       |       |         |      27817 27818 27819 27820 27821 27822 27823 27824
            |    |    |        |           |      |       |       |         |      27835 27836 27837 27838 27839 27840 27841 27842
            |    |    |        |           |      |       |       |         |      27843 27844 27845 27846 27847 27848 27849 27850
            |    |    |        |           |      |       |       |         |      27851 27852 27862 27867 27871 27872 27873
 Y15224_28  |EPIO|MINI| 990218 | STK_ACS   |27874 | 27928 |134381 |  91.19  | RUNS 27874 27875 27876 27877 27878 27879 27880 27881
            |    |    |        |           |      |       |       |         |      27882 27883 27884 27885 27886 27887 27888 27889
            |    |    |        |           |      |       |       |         |      27890 27895 27896 27897 27898 27899 27903 27904
            |    |    |        |           |      |       |       |         |      27905 27906 27907 27910 27911 27912 27913 27914
            |    |    |        |           |      |       |       |         |      27915 27916 27917 27918 27919 27920 27921 27922
            |    |    |        |           |      |       |       |         |      27926 27927 27928
 Y15224_29  |EPIO|MINI| 990218 | STK_ACS   |27929 | 27986 |138058 |  91.18  | RUNS 27929 27930 27931 27932 27933 27934 27935 27936
            |    |    |        |           |      |       |       |         |      27937 27938 27939 27940 27941 27942 27943 27948
            |    |    |        |           |      |       |       |         |      27959 27960 27961 27962 27963 27964 27965 27968
            |    |    |        |           |      |       |       |         |      27969 27970 27972 27973 27974 27975 27976 27977
            |    |    |        |           |      |       |       |         |      27978 27979 27980 27981 27982 27984 27985 27986
            |    |    |        |           |      |       |       |         |
 Y15224_31  |EPIO|MINI| 990218 | STK_ACS   |28030 | 28094 |136911 |  91.19  | RUNS 28030 28031 28032 28033 28034 28035 28036 28037
            |    |    |        |           |      |       |       |         |      28049 28050 28051 28052 28053 28054 28055 28056
            |    |    |        |           |      |       |       |         |      28057 28058 28059 28060 28061 28063 28064 28065
            |    |    |        |           |      |       |       |         |      28067 28068 28069 28070 28071 28073 28074 28075
            |    |    |        |           |      |       |       |         |      28076 28077 28078 28088 28089 28090 28091 28092
            |    |    |        |           |      |       |       |         |      28093 28094
 Y15224_32  |EPIO|MINI| 990218 | STK_ACS   |28095 | 28151 |140071 |  91.19  | RUNS 28095 28097 28098 28099 28100 28101 28102 28103
            |    |    |        |           |      |       |       |         |      28104 28105 28106 28107 28108 28109 28110 28111
            |    |    |        |           |      |       |       |         |      28125 28126 28127 28130 28131 28132 28133 28134
            |    |    |        |           |      |       |       |         |      28135 28136 28137 28138 28139 28141 28142 28143
            |    |    |        |           |      |       |       |         |      28144 28145 28146 28147 28148 28149 28150 28151
            |    |    |        |           |      |       |       |         |
 Y15224_33  |EPIO|MINI| 990218 | STK_ACS   |28152 | 28194 |137135 |  91.20  | RUNS 28152 28155 28156 28157 28158 28159 28160 28161
            |    |    |        |           |      |       |       |         |      28162 28163 28164 28165 28166 28167 28168 28169
            |    |    |        |           |      |       |       |         |      28170 28171 28172 28173 28174 28175 28176 28179
            |    |    |        |           |      |       |       |         |      28180 28181 28182 28183 28184 28185 28186 28187
            |    |    |        |           |      |       |       |         |      28188 28189 28190 28191 28192 28193 28194
 Y15224_34  |EPIO|MINI| 990218 | STK_ACS   |28195 | 28234 |141227 |  91.20  | RUNS 28195 28196 28197 28198 28200 28201 28202 28203
            |    |    |        |           |      |       |       |         |      28204 28205 28206 28207 28208 28209 28210 28211
            |    |    |        |           |      |       |       |         |      28212 28213 28214 28215 28216 28218 28219 28220
            |    |    |        |           |      |       |       |         |      28221 28222 28223 28224 28225 28226 28227 28228
            |    |    |        |           |      |       |       |         |      28229 28230 28231 28232 28233 28234
 Y15224_35  |EPIO|MINI| 990218 | STK_ACS   |28235 | 28438 |152525 |  91.19  | RUNS 28235 28236 28237 28238 28239 28389 28390 28391
            |    |    |        |           |      |       |       |         |      28393 28394 28395 28396 28397 28399 28400 28401
            |    |    |        |           |      |       |       |         |      28402 28403 28404 28405 28406 28407 28408 28409
            |    |    |        |           |      |       |       |         |      28410 28414 28415 28416 28417 28418 28419 28420
            |    |    |        |           |      |       |       |         |      28421 28422 28423 28424 28425 28426 28427 28428
            |    |    |        |           |      |       |       |         |      28429 28430 28431 28436 28438
 Y15224_36  |EPIO|MINI| 990219 | STK_ACS   |28439 | 28494 |142349 |  91.18  | RUNS 28439 28440 28441 28442 28443 28444 28445 28446
            |    |    |        |           |      |       |       |         |      28447 28448 28449 28450 28451 28452 28455 28458
            |    |    |        |           |      |       |       |         |      28459 28460 28461 28462 28463 28464 28465 28466
            |    |    |        |           |      |       |       |         |      28467 28468 28469 28470 28478 28481 28483 28484
            |    |    |        |           |      |       |       |         |      28485 28486 28487 28488 28489 28490 28491 28492
            |    |    |        |           |      |       |       |         |      28493 28494
 Y15224_39  |EPIO|MINI| 990219 | STK_ACS   |28471 | 28681 |143030 |  91.19  | RUNS 28471 28472 28473 28474 28475 28476 28477 28640
            |    |    |        |           |      |       |       |         |      28641 28642 28643 28644 28645 28646 28647 28648
            |    |    |        |           |      |       |       |         |      28651 28652 28653 28654 28655 28656 28657 28658
            |    |    |        |           |      |       |       |         |      28659 28660 28661 28662 28663 28664 28665 28666
            |    |    |        |           |      |       |       |         |      28667 28668 28669 28670 28671 28675 28676 28677
            |    |    |        |           |      |       |       |         |      28679 28680 28681
 Y15224_37  |EPIO|MINI| 990219 | STK_ACS   |28495 | 28572 |142025 |  91.19  | RUNS 28495 28496 28499 28500 28501 28502 28503 28504
            |    |    |        |           |      |       |       |         |      28505 28506 28507 28508 28509 28510 28511 28512
            |    |    |        |           |      |       |       |         |      28513 28514 28515 28530 28531 28532 28533 28534
            |    |    |        |           |      |       |       |         |      28535 28536 28537 28538 28539 28540 28541 28542
            |    |    |        |           |      |       |       |         |      28543 28544 28545 28548 28553 28554 28555 28556
            |    |    |        |           |      |       |       |         |      28568 28569 28570 28571 28572
 Y15224_38  |EPIO|MINI| 990219 | STK_ACS   |28573 | 28639 |148754 |  91.19  | RUNS 28573 28574 28575 28576 28577 28578 28579 28580
            |    |    |        |           |      |       |       |         |      28581 28582 28583 28584 28597 28598 28599 28600
            |    |    |        |           |      |       |       |         |      28601 28602 28603 28604 28605 28606 28607 28608
            |    |    |        |           |      |       |       |         |      28609 28610 28611 28612 28613 28614 28615 28619
            |    |    |        |           |      |       |       |         |      28620 28621 28622 28629 28630 28631 28632 28633
            |    |    |        |           |      |       |       |         |      28634 28635 28636 28637 28638 28639
 Y15224_40  |EPIO|MINI| 990219 | STK_ACS   |28678 | 28725 |141238 |  91.17  | RUNS 28678 28682 28683 28684 28685 28686 28687 28688
            |    |    |        |           |      |       |       |         |      28689 28690 28691 28692 28694 28695 28696 28697
            |    |    |        |           |      |       |       |         |      28698 28699 28700 28701 28702 28703 28704 28705
            |    |    |        |           |      |       |       |         |      28706 28707 28708 28709 28710 28711 28712 28713
            |    |    |        |           |      |       |       |         |      28714 28715 28716 28717 28719 28720 28721 28722
            |    |    |        |           |      |       |       |         |      28723 28724 28725
 Y15224_41  |EPIO|MINI| 990219 | STK_ACS   |28726 | 28869 |146734 |  91.18  | RUNS 28726 28727 28728 28729 28730 28731 28732 28733
            |    |    |        |           |      |       |       |         |      28734 28735 28736 28737 28738 28739 28834 28835
            |    |    |        |           |      |       |       |         |      28836 28841 28845 28846 28847 28848 28849 28850
            |    |    |        |           |      |       |       |         |      28851 28852 28853 28854 28855 28856 28858 28859
            |    |    |        |           |      |       |       |         |      28860 28861 28862 28863 28864 28865 28866 28867
            |    |    |        |           |      |       |       |         |      28868 28869
 Y15224_42  |EPIO|MINI| 990219 | STK_ACS   |28870 | 28920 |140052 |  91.19  | RUNS 28870 28871 28872 28875 28876 28877 28878 28879
            |    |    |        |           |      |       |       |         |      28880 28881 28882 28883 28884 28885 28886 28887
            |    |    |        |           |      |       |       |         |      28888 28889 28890 28891 28892 28893 28894 28904
            |    |    |        |           |      |       |       |         |      28905 28906 28907 28908 28909 28910 28911 28912
            |    |    |        |           |      |       |       |         |      28913 28914 28915 28916 28917 28918 28919 28920
            |    |    |        |           |      |       |       |         |
 Y15224_43  |EPIO|MINI| 990219 | STK_ACS   |28921 | 28972 |155576 |  91.19  | RUNS 28921 28923 28924 28925 28926 28927 28928 28929
            |    |    |        |           |      |       |       |         |      28930 28931 28932 28933 28936 28937 28939 28940
            |    |    |        |           |      |       |       |         |      28941 28942 28943 28944 28945 28946 28947 28949
            |    |    |        |           |      |       |       |         |      28951 28952 28953 28954 28955 28956 28957 28958
            |    |    |        |           |      |       |       |         |      28959 28960 28961 28962 28963 28964 28965 28966
            |    |    |        |           |      |       |       |         |      28967 28968 28971 28972
 Y15224_44  |EPIO|MINI| 990219 | STK_ACS   |28973 | 29023 |138729 |  91.18  | RUNS 28973 28974 28975 28976 28977 28978 28979 28980
            |    |    |        |           |      |       |       |         |      28981 28982 28983 28984 28985 28986 28987 28988
            |    |    |        |           |      |       |       |         |      28990 28991 28992 28993 28994 28995 28996 28997
            |    |    |        |           |      |       |       |         |      28998 28999 29000 29001 29002 29003 29004 29005
            |    |    |        |           |      |       |       |         |      29006 29007 29008 29017 29019 29021 29022 29023
            |    |    |        |           |      |       |       |         |
 Y15224_45  |EPIO|MINI| 990219 | STK_ACS   |29024 | 29065 |141152 |  91.19  | RUNS 29024 29025 29026 29027 29028 29029 29030 29031
            |    |    |        |           |      |       |       |         |      29032 29033 29034 29035 29037 29038 29039 29040
            |    |    |        |           |      |       |       |         |      29041 29042 29043 29044 29045 29046 29047 29048
            |    |    |        |           |      |       |       |         |      29049 29050 29051 29052 29053 29054 29055 29056
            |    |    |        |           |      |       |       |         |      29060 29061 29062 29063 29064 29065
 Y15224_46  |EPIO|MINI| 990219 | STK_ACS   |29066 | 29152 |157255 |  91.19  | RUNS 29066 29067 29068 29069 29070 29071 29072 29073
            |    |    |        |           |      |       |       |         |      29074 29075 29076 29077 29078 29113 29114 29115
            |    |    |        |           |      |       |       |         |      29116 29117 29118 29124 29130 29131 29132 29133
            |    |    |        |           |      |       |       |         |      29134 29135 29136 29137 29138 29139 29142 29143
            |    |    |        |           |      |       |       |         |      29144 29145 29146 29147 29148 29149 29150 29151
            |    |    |        |           |      |       |       |         |      29152
 Y15224_47  |EPIO|MINI| 990219 | STK_ACS   |29153 | 29196 |149576 |  91.21  | RUNS 29153 29154 29155 29156 29157 29158 29159 29162
            |    |    |        |           |      |       |       |         |      29163 29164 29165 29166 29167 29168 29169 29170
            |    |    |        |           |      |       |       |         |      29171 29172 29173 29174 29175 29176 29177 29178
            |    |    |        |           |      |       |       |         |      29180 29181 29182 29183 29185 29186 29187 29188
            |    |    |        |           |      |       |       |         |      29189 29190 29191 29192 29193 29194 29195 29196
            |    |    |        |           |      |       |       |         |
 Y15224_48  |EPIO|MINI| 990220 | STK_ACS   |29197 | 29243 |147680 |  91.21  | RUNS 29197 29198 29199 29200 29201 29202 29204 29205
            |    |    |        |           |      |       |       |         |      29206 29207 29208 29209 29210 29211 29212 29213
            |    |    |        |           |      |       |       |         |      29214 29215 29216 29217 29218 29219 29220 29221
            |    |    |        |           |      |       |       |         |      29222 29223 29224 29225 29226 29227 29228 29229
            |    |    |        |           |      |       |       |         |      29230 29232 29233 29239 29240 29241 29242 29243
            |    |    |        |           |      |       |       |         |
 Y15224_49  |EPIO|MINI| 990220 | STK_ACS   |29248 | 29304 |153317 |  91.21  | RUNS 29248 29249 29250 29251 29252 29253 29254 29255
            |    |    |        |           |      |       |       |         |      29256 29257 29258 29259 29260 29261 29263 29264
            |    |    |        |           |      |       |       |         |      29265 29266 29267 29268 29269 29274 29275 29276
            |    |    |        |           |      |       |       |         |      29277 29278 29279 29280 29281 29282 29293 29295
            |    |    |        |           |      |       |       |         |      29296 29297 29298 29299 29300 29301 29302 29303
            |    |    |        |           |      |       |       |         |      29304
 Y15224_50  |EPIO|MINI| 990220 | STK_ACS   |29305 | 29361 |152712 |  91.21  | RUNS 29305 29306 29307 29308 29309 29310 29311 29312
            |    |    |        |           |      |       |       |         |      29313 29314 29321 29322 29323 29324 29325 29326
            |    |    |        |           |      |       |       |         |      29327 29328 29329 29330 29331 29332 29333 29334
            |    |    |        |           |      |       |       |         |      29335 29336 29337 29345 29346 29347 29348 29349
            |    |    |        |           |      |       |       |         |      29350 29351 29352 29353 29354 29355 29356 29357
            |    |    |        |           |      |       |       |         |      29358 29360 29361
 Y15224_51  |EPIO|MINI| 990220 | STK_ACS   |29363 | 29411 |153083 |  91.14  | RUNS 29363 29364 29365 29366 29367 29373 29374 29376
            |    |    |        |           |      |       |       |         |      29378 29379 29380 29381 29382 29383 29384 29385
            |    |    |        |           |      |       |       |         |      29386 29387 29388 29389 29390 29391 29392 29393
            |    |    |        |           |      |       |       |         |      29394 29395 29396 29397 29399 29400 29401 29402
            |    |    |        |           |      |       |       |         |      29403 29404 29405 29406 29407 29408 29409 29410
            |    |    |        |           |      |       |       |         |      29411
 Y15224_52  |EPIO|MINI| 990220 | STK_ACS   |29412 | 29476 |147741 |  91.21  | RUNS 29412 29413 29414 29423 29424 29425 29426 29427
            |    |    |        |           |      |       |       |         |      29428 29429 29430 29431 29432 29433 29434 29435
            |    |    |        |           |      |       |       |         |      29436 29437 29438 29439 29440 29443 29445 29446
            |    |    |        |           |      |       |       |         |      29447 29448 29463 29464 29465 29466 29467 29468
            |    |    |        |           |      |       |       |         |      29469 29470 29471 29472 29473 29474 29475 29476
            |    |    |        |           |      |       |       |         |
 Y15224_53  |EPIO|MINI| 990220 | STK_ACS   |29477 | 29529 |139613 |  91.22  | RUNS 29477 29478 29479 29480 29481 29482 29483 29487
            |    |    |        |           |      |       |       |         |      29489 29492 29493 29494 29495 29496 29497 29499
            |    |    |        |           |      |       |       |         |      29500 29501 29502 29503 29504 29505 29506 29507
            |    |    |        |           |      |       |       |         |      29508 29509 29517 29518 29519 29520 29521 29522
            |    |    |        |           |      |       |       |         |      29523 29524 29525 29526 29527 29528 29529
 Y15224_54  |EPIO|MINI| 990222 | STK_ACS   |29530 | 29579 |144242 |  91.22  | RUNS 29530 29538 29539 29540 29541 29542 29543 29544
            |    |    |        |           |      |       |       |         |      29545 29546 29547 29548 29549 29550 29551 29552
            |    |    |        |           |      |       |       |         |      29554 29555 29556 29557 29558 29559 29560 29561
            |    |    |        |           |      |       |       |         |      29562 29563 29564 29565 29566 29567 29568 29569
            |    |    |        |           |      |       |       |         |      29573 29574 29575 29576 29577 29578 29579
 Y15224_55  |EPIO|MINI| 990222 | STK_ACS   |29580 | 29622 |137973 |  91.21  | RUNS 29580 29581 29582 29583 29584 29585 29586 29587
            |    |    |        |           |      |       |       |         |      29588 29589 29590 29591 29593 29594 29595 29596
            |    |    |        |           |      |       |       |         |      29599 29600 29601 29603 29604 29605 29606 29607
            |    |    |        |           |      |       |       |         |      29608 29609 29610 29611 29612 29613 29614 29615
            |    |    |        |           |      |       |       |         |      29616 29617 29618 29621 29622
 Y15224_56  |EPIO|MINI| 990222 | STK_ACS   |29623 | 29661 |133257 |  91.21  | RUNS 29623 29625 29626 29627 29628 29629 29630 29631
            |    |    |        |           |      |       |       |         |      29632 29633 29634 29635 29636 29637 29638 29639
            |    |    |        |           |      |       |       |         |      29640 29641 29642 29643 29644 29645 29647 29648
            |    |    |        |           |      |       |       |         |      29649 29650 29651 29652 29653 29654 29655 29656
            |    |    |        |           |      |       |       |         |      29657 29658 29659 29660 29661
 Y15224_57  |EPIO|MINI| 990222 | STK_ACS   |29662 | 29708 |140513 |  91.20  | RUNS 29662 29663 29664 29665 29666 29667 29668 29669
            |    |    |        |           |      |       |       |         |      29671 29679 29680 29681 29682 29683 29684 29685
            |    |    |        |           |      |       |       |         |      29686 29687 29688 29689 29690 29691 29692 29693
            |    |    |        |           |      |       |       |         |      29694 29696 29697 29698 29699 29700 29701 29702
            |    |    |        |           |      |       |       |         |      29703 29704 29705 29706 29707 29708
 Y15224_58  |EPIO|MINI| 990222 | STK_ACS   |29709 | 29752 |141092 |  91.20  | RUNS 29709 29710 29711 29712 29713 29714 29715 29717
            |    |    |        |           |      |       |       |         |      29718 29719 29720 29721 29722 29723 29724 29725
            |    |    |        |           |      |       |       |         |      29728 29729 29730 29731 29732 29733 29734 29735
            |    |    |        |           |      |       |       |         |      29736 29737 29738 29739 29740 29741 29742 29743
            |    |    |        |           |      |       |       |         |      29744 29745 29746 29747 29750 29751 29752
 Y15224_59  |EPIO|MINI| 990222 | STK_ACS   |29753 | 30115 |158020 |  91.20  | RUNS 29753 29754 29755 29756 29757 29758 29759 29760
            |    |    |        |           |      |       |       |         |      29761 29762 29763 29764 29765 29766 29767 29768
            |    |    |        |           |      |       |       |         |      29769 29770 29771 29977 30071 30072 30087 30090
            |    |    |        |           |      |       |       |         |      30091 30092 30093 30094 30095 30096 30097 30098
            |    |    |        |           |      |       |       |         |      30099 30100 30103 30104 30105 30106 30107 30111
            |    |    |        |           |      |       |       |         |      30115
 Y15224_61  |EPIO|MINI| 990222 | STK_ACS   |30073 | 30215 |155180 |  91.40  | RUNS 30073 30074 30075 30076 30079 30080 30086 30180
            |    |    |        |           |      |       |       |         |      30181 30182 30183 30184 30186 30187 30188 30189
            |    |    |        |           |      |       |       |         |      30190 30191 30192 30193 30194 30195 30196 30198
            |    |    |        |           |      |       |       |         |      30199 30200 30201 30202 30203 30204 30205 30206
            |    |    |        |           |      |       |       |         |      30207 30208 30209 30212 30213 30214 30215
 Y15224_60  |EPIO|MINI| 990222 | STK_ACS   |30116 | 30179 |161470 |  91.20  | RUNS 30116 30117 30118 30119 30120 30121 30122 30123
            |    |    |        |           |      |       |       |         |      30127 30128 30129 30130 30131 30134 30135 30136
            |    |    |        |           |      |       |       |         |      30137 30138 30139 30140 30141 30142 30143 30144
            |    |    |        |           |      |       |       |         |      30156 30159 30160 30161 30162 30163 30164 30165
            |    |    |        |           |      |       |       |         |      30166 30167 30168 30173 30174 30175 30176 30177
            |    |    |        |           |      |       |       |         |      30178 30179
 Y15224_62  |EPIO|MINI| 990223 | STK_ACS   |30216 | 30309 |174856 |  91.21  | RUNS 30216 30217 30218 30219 30220 30221 30228 30229
            |    |    |        |           |      |       |       |         |      30230 30231 30234 30235 30236 30263 30264 30265
            |    |    |        |           |      |       |       |         |      30266 30267 30268 30269 30270 30279 30280 30281
            |    |    |        |           |      |       |       |         |      30282 30283 30284 30285 30286 30292 30293 30294
            |    |    |        |           |      |       |       |         |      30295 30296 30297 30298 30303 30304 30305 30306
            |    |    |        |           |      |       |       |         |      30307 30308 30309


  *********************************************
  ** Now you find below the  SRUN  card(s)    *
  ** for all the RUNS you have selected    :  *
  *********************************************


SRUN  25520 25521 25522 25527 25528 25530 25531 25532 25536 25537 25538
      25541 25543 25545 25546 25549 25550 25551 25552 25553 25554 25555
      25556 25587 25588 25589 25591 25596 25598 25599 25600 25601 25602
      25603 25604 25605 25606 25620 25624 25625 25626 25630 25631 25632
      25633 25634 25635 25636 25637 25638 25639 25640 25641 25642 25643
      25644 25647 25675 25676 25677 25678 25679 25681 25682 25683 25684
      25685 25686 25687 25688 25689 25690 25691 25692 25693 25694 25695
      25696 25699 25700 25701 25702 25703 25704 25705 25706 25707 25708
      25709 25710 25711 25712 25713 25714 25715 25716 25717 25718 25719
      25720 25721 25722 25731 25735 25736 25738 25739 25740 25741 25742
      25743 25749 25750 25751 25753 25755 25756 25757 25758 25759 25760
      25761 25762 25763 25764 25765 25766 25781 25782 25783 25784 25785
      25786 25796 25797 25798 25799 25800 25801 25802 25803 25804 25805
      25806 25807 25808 25809 25810 25811 25812 25813 25814 25816 25817
      25818 25819 25820 25821 25822 25827 25828 25829 25830 25831 25833
      25834 25835 25836 25838 25839 25840 25841 25842 25843 25845 25846
      25847 25848 25849 25850 25851 25852 25853 25854 25878 25879 25880
      25881 25882 25883 25884 25885 25886 25887 25888 25889 25890 25907
      25908 25909 25910 25911 25912 25913 25914 25915 25916 25917 25918
      25919 25920 25921 25922 25923 25924 25925 25926 25927 25931 25932
      25933 25934 25937 25938 25939 25940 25941 25942 25943 25944 25945
      25946 25947 25948 25949 25950 25951 25952 25953 25960 25961 25962
      25963 25964 25965 25966 25967 25968 25969 25970 25971 25972 25973
      25974 25975 25976 25977 25978 25979 25982 25983 25984 25985 25986
      25987 25988 25989 25990 25991 25992 25993 25994 25995 25996 25997
      25998 25999 26000 26001 26002 26003 26004 26005 26006 26010 26011
      26012 26013 26014 26015 26037 26038 26039 26040 26041 26042 26046
      26047 26048 26049 26059 26060 26061 26062 26063 26064 26074 26075
      26076 26077 26078 26079 26082 26083 26084 26085 26086 26087 26088
      26089 26090 26092 26093 26094 26095 26096 26097 26099 26100 26101
      26102 26103 26104 26132 26133 26134 26135 26136 26137 26138 26141
      26142 26143 26144 26145 26146 26147 26148 26149 26152 26153 26154
      26155 26156 26157 26158 26159 26160 26161 26162 26163 26164 26165
      26166 26167 26168 26169 26172 26173 26174 26175 26176 26177 26178
      26179 26180 26181 26182 26183 26184 26185 26186 26187 26330 26331
      26333 26335 26336 26337 26338 26339 26353 26364 26365 26367 26368
      26369 26370 26371 26372 26373 26377 26378 26379 26382 26383 26384
      26385 26388 26389 26390 26391 26392 26393 26394 26397 26398 26399
      26400 26401 26402 26409 26410 26411 26412 26413 26414 26415 26416
      26417 26418 26419 26420 26421 26422 26423 26424 26432 26433 26434
      26435 26436 26437 26438 26439 26440 26441 26442 26443 26444 26445
      26446 26447 26448 26449 26473 26474 26475 26476 26477 26478 26479
      26480 26481 26482 26483 26484 26485 26486 26487 26488 26489 26490
      26491 26492 26493 26494 26497 26498 26499 26500 26501 26502 26503
      26504 26505 26506 26507 26508 26509 26510 26511 26512 26513 26514
      26515 26516 26517 26519 26520 26521 26522 26523 26524 26525 26526
      26527 26528 26529 26530 26531 26532 26533 26534 26535 26536 26537
      26548 26549 26550 26551 26552 26574 26575 26576 26670 26671 26672
      26673 26674 26675 26676 26677 26678 26680 26681 26682 26683 26684
      26685 26686 26687 26688 26689 26690 26691 26692 26693 26694 26695
      26696 26697 26698 26701 26702 26703 26704 26705 26706 26707 26708
      26709 26710 26711 26712 26713 26714 26716 26717 26718 26720 26725
      26726 26727 26728 26729 26730 26731 26732 26733 26735 26736 26737
      26745 26746 26747 26749 26750 26754 26755 26756 26758 26759 26760
      26761 26762 26763 26764 26765 26766 26767 26768 26769 26770 26771
      26779 26780 26781 26782 26783 26784 26785 26786 26787 26788 26789
      26790 26791 26792 26793 26794 26795 26796 26797 26798 26799 26800
      26801 26808 26809 26810 26811 26812 26813 26814 26815 26816 26817
      26818 26819 26820 26821 26822 26823 26824 26825 26826 26827 26828
      26829 26830 26831 26832 26835 26836 26845 26846 26847 26848 26849
      26850 26851 26852 26853 26854 26855 26856 26857 26858 26859 26860
      26861 26862 26863 26864 26865 26866 26867 26868 26869 26870 26871
      26872 26873 26874 26876 26877 26878 26879 26880 26881 26882 26883
      26884 26885 26887 26888 26889 26890 26891 26892 26893 26894 26895
      26896 26897 26898 26899 26900 26901 26902 26903 26904 26905 26906
      26907 26908 26909 26910 27057 27058 27059 27060 27061 27062 27063
      27064 27065 27066 27067 27068 27069 27070 27071 27072 27073 27074
      27075 27076 27077 27079 27080 27081 27082 27083 27084 27085 27086
      27087 27088 27089 27090 27091 27092 27093 27094 27095 27096 27097
      27098 27101 27102 27103 27104 27105 27106 27107 27108 27109 27110
      27114 27115 27116 27117 27118 27119 27120 27121 27122 27123 27124
      27125 27126 27127 27128 27129 27130 27131 27132 27133 27134 27136
      27137 27138 27139 27140 27141 27142 27143 27144 27145 27146 27147
      27148 27149 27150 27151 27152 27153 27166 27168 27169 27170 27171
      27172 27173 27174 27175 27176 27177 27178 27179 27180 27181 27182
      27183 27184 27185 27186 27193 27194 27195 27196 27197 27198 27199
      27200 27201 27202 27203 27204 27205 27206 27207 27208 27209 27210
      27211 27212 27213 27215 27231 27232 27235 27236 27237 27238 27239
      27240 27241 27242 27243 27244 27247 27248 27249 27250 27251 27252
      27253 27254 27259 27260 27261 27263 27265 27275 27276 27277 27278
      27279 27280 27281 27282 27283 27284 27285 27286 27287 27288 27289
      27290 27291 27292 27293 27316 27317 27319 27320 27321 27322 27323
      27324 27326 27327 27328 27329 27330 27331 27332 27333 27334 27335
      27336 27337 27338 27339 27340 27341 27342 27343 27344 27345 27346
      27348 27349 27350 27351 27352 27353 27354 27355 27356 27357 27358
      27359 27360 27361 27362 27363 27364 27365 27366 27367 27368 27370
      27371 27372 27373 27374 27375 27376 27377 27378 27379 27380 27381
      27382 27383 27384 27385 27407 27408 27409 27411 27412 27413 27414
      27415 27416 27417 27418 27419 27420 27421 27422 27423 27424 27425
      27426 27427 27428 27429 27435 27436 27437 27438 27439 27440 27441
      27442 27443 27444 27445 27446 27447 27448 27449 27450 27451 27452
      27453 27454 27455 27456 27457 27458 27461 27463 27464 27465 27466
      27467 27468 27470 27471 27472 27473 27475 27476 27477 27478 27479
      27480 27481 27482 27483 27484 27485 27495 27496 27497 27498 27499
      27500 27501 27502 27503 27504 27505 27506 27507 27508 27509 27510
      27511 27512 27513 27514 27517 27518 27519 27520 27521 27522 27523
      27524 27525 27526 27527 27528 27529 27530 27531 27532 27533 27534
      27535 27536 27538 27541 27542 27543 27544 27545 27546 27547 27548
      27549 27550 27551 27552 27553 27554 27555 27556 27557 27558 27559
      27560 27561 27562 27563 27564 27565 27567 27568 27569 27570 27571
      27572 27573 27574 27575 27576 27577 27578 27582 27583 27584 27585
      27586 27587 27588 27589 27590 27591 27592 27593 27594 27595 27596
      27597 27598 27599 27607 27609 27610 27611 27612 27613 27614 27615
      27616 27617 27618 27619 27620 27621 27626 27627 27629 27630 27631
      27632 27633 27634 27635 27636 27637 27638 27639 27750 27751 27752
      27753 27754 27755 27756 27757 27758 27759 27760 27761 27762 27763
      27764 27765 27766 27767 27769 27770 27771 27772 27773 27774 27776
      27778 27782 27783 27784 27785 27786 27787 27788 27789 27797 27798
      27799 27800 27801 27802 27803 27804 27805 27806 27807 27808 27809
      27810 27811 27812 27813 27814 27815 27816 27817 27818 27819 27820
      27821 27822 27823 27824 27835 27836 27837 27838 27839 27840 27841
      27842 27843 27844 27845 27846 27847 27848 27849 27850 27851 27852
      27862 27867 27871 27872 27873 27874 27875 27876 27877 27878 27879
      27880 27881 27882 27883 27884 27885 27886 27887 27888 27889 27890
      27895 27896 27897 27898 27899 27903 27904 27905 27906 27907 27910
      27911 27912 27913 27914 27915 27916 27917 27918 27919 27920 27921
      27922 27926 27927 27928 27929 27930 27931 27932 27933 27934 27935
      27936 27937 27938 27939 27940 27941 27942 27943 27948 27949 27959
      27960 27961 27962 27963 27964 27965 27968 27969 27970 27972 27973
      27974 27975 27976 27977 27978 27979 27980 27981 27982 27984 27985
      27986 27993 27994 27997 27998 27999 28000 28001 28002 28003 28004
      28005 28006 28007 28010 28011 28012 28016 28017 28018 28019 28020
      28021 28022 28023 28024 28025 28026 28027 28028 28029 28030 28031
      28032 28033 28034 28035 28036 28037 28049 28050 28051 28052 28053
      28054 28055 28056 28057 28058 28059 28060 28061 28063 28064 28065
      28067 28068 28069 28070 28071 28073 28074 28075 28076 28077 28078
      28088 28089 28090 28091 28092 28093 28094 28095 28097 28098 28099
      28100 28101 28102 28103 28104 28105 28106 28107 28108 28109 28110
      28111 28125 28126 28127 28130 28131 28132 28133 28134 28135 28136
      28137 28138 28139 28140 28141 28142 28143 28144 28145 28146 28147
      28148 28149 28150 28151 28152 28155 28156 28157 28158 28159 28160
      28161 28162 28163 28164 28165 28166 28167 28168 28169 28170 28171
      28172 28173 28174 28175 28176 28179 28180 28181 28182 28183 28184
      28185 28186 28187 28188 28189 28190 28191 28192 28193 28194 28195
      28196 28197 28198 28200 28201 28202 28203 28204 28205 28206 28207
      28208 28209 28210 28211 28212 28213 28214 28215 28216 28218 28219
      28220 28221 28222 28223 28224 28225 28226 28227 28228 28229 28230
      28231 28232 28233 28234 28235 28236 28237 28238 28239 28389 28390
      28391 28393 28394 28395 28396 28397 28399 28400 28401 28402 28403
      28404 28405 28406 28407 28408 28409 28410 28414 28415 28416 28417
      28418 28419 28420 28421 28422 28423 28424 28425 28426 28427 28428
      28429 28430 28431 28436 28438 28439 28440 28441 28442 28443 28444
      28445 28446 28447 28448 28449 28450 28451 28452 28455 28458 28459
      28460 28461 28462 28463 28464 28465 28466 28467 28468 28469 28470
      28471 28472 28473 28474 28475 28476 28477 28478 28481 28483 28484
      28485 28486 28487 28488 28489 28490 28491 28492 28493 28494 28495
      28496 28499 28500 28501 28502 28503 28504 28505 28506 28507 28508
      28509 28510 28511 28512 28513 28514 28515 28530 28531 28532 28533
      28534 28535 28536 28537 28538 28539 28540 28541 28542 28543 28544
      28545 28548 28553 28554 28555 28556 28568 28569 28570 28571 28572
      28573 28574 28575 28576 28577 28578 28579 28580 28581 28582 28583
      28584 28597 28598 28599 28600 28601 28602 28603 28604 28605 28606
      28607 28608 28609 28610 28611 28612 28613 28614 28615 28619 28620
      28621 28622 28629 28630 28631 28632 28633 28634 28635 28636 28637
      28638 28639 28640 28641 28642 28643 28644 28645 28646 28647 28648
      28651 28652 28653 28654 28655 28656 28657 28658 28659 28660 28661
      28662 28663 28664 28665 28666 28667 28668 28669 28670 28671 28675
      28676 28677 28678 28679 28680 28681 28682 28683 28684 28685 28686
      28687 28688 28689 28690 28691 28692 28694 28695 28696 28697 28698
      28699 28700 28701 28702 28703 28704 28705 28706 28707 28708 28709
      28710 28711 28712 28713 28714 28715 28716 28717 28719 28720 28721
      28722 28723 28724 28725 28726 28727 28728 28729 28730 28731 28732
      28733 28734 28735 28736 28737 28738 28739 28834 28835 28836 28841
      28845 28846 28847 28848 28849 28850 28851 28852 28853 28854 28855
      28856 28858 28859 28860 28861 28862 28863 28864 28865 28866 28867
      28868 28869 28870 28871 28872 28875 28876 28877 28878 28879 28880
      28881 28882 28883 28884 28885 28886 28887 28888 28889 28890 28891
      28892 28893 28894 28904 28905 28906 28907 28908 28909 28910 28911
      28912 28913 28914 28915 28916 28917 28918 28919 28920 28921 28923
      28924 28925 28926 28927 28928 28929 28930 28931 28932 28933 28936
      28937 28939 28940 28941 28942 28943 28944 28945 28946 28947 28949
      28951 28952 28953 28954 28955 28956 28957 28958 28959 28960 28961
      28962 28963 28964 28965 28966 28967 28968 28971 28972 28973 28974
      28975 28976 28977 28978 28979 28980 28981 28982 28983 28984 28985
      28986 28987 28988 28990 28991 28992 28993 28994 28995 28996 28997
      28998 28999 29000 29001 29002 29003 29004 29005 29006 29007 29008
      29017 29019 29021 29022 29023 29024 29025 29026 29027 29028 29029
      29030 29031 29032 29033 29034 29035 29037 29038 29039 29040 29041
      29042 29043 29044 29045 29046 29047 29048 29049 29050 29051 29052
      29053 29054 29055 29056 29060 29061 29062 29063 29064 29065 29066
      29067 29068 29069 29070 29071 29072 29073 29074 29075 29076 29077
      29078 29113 29114 29115 29116 29117 29118 29124 29130 29131 29132
      29133 29134 29135 29136 29137 29138 29139 29142 29143 29144 29145
      29146 29147 29148 29149 29150 29151 29152 29153 29154 29155 29156
      29157 29158 29159 29162 29163 29164 29165 29166 29167 29168 29169
      29170 29171 29172 29173 29174 29175 29176 29177 29178 29180 29181
      29182 29183 29185 29186 29187 29188 29189 29190 29191 29192 29193
      29194 29195 29196 29197 29198 29199 29200 29201 29202 29204 29205
      29206 29207 29208 29209 29210 29211 29212 29213 29214 29215 29216
      29217 29218 29219 29220 29221 29222 29223 29224 29225 29226 29227
      29228 29229 29230 29232 29233 29239 29240 29241 29242 29243 29248
      29249 29250 29251 29252 29253 29254 29255 29256 29257 29258 29259
      29260 29261 29263 29264 29265 29266 29267 29268 29269 29274 29275
      29276 29277 29278 29279 29280 29281 29282 29293 29295 29296 29297
      29298 29299 29300 29301 29302 29303 29304 29305 29306 29307 29308
      29309 29310 29311 29312 29313 29314 29321 29322 29323 29324 29325
      29326 29327 29328 29329 29330 29331 29332 29333 29334 29335 29336
      29337 29345 29346 29347 29348 29349 29350 29351 29352 29353 29354
      29355 29356 29357 29358 29360 29361 29363 29364 29365 29366 29367
      29373 29374 29376 29378 29379 29380 29381 29382 29383 29384 29385
      29386 29387 29388 29389 29390 29391 29392 29393 29394 29395 29396
      29397 29399 29400 29401 29402 29403 29404 29405 29406 29407 29408
      29409 29410 29411 29412 29413 29414 29423 29424 29425 29426 29427
      29428 29429 29430 29431 29432 29433 29434 29435 29436 29437 29438
      29439 29440 29443 29445 29446 29447 29448 29463 29464 29465 29466
      29467 29468 29469 29470 29471 29472 29473 29474 29475 29476 29477
      29478 29479 29480 29481 29482 29483 29487 29489 29492 29493 29494
      29495 29496 29497 29499 29500 29501 29502 29503 29504 29505 29506
      29507 29508 29509 29517 29518 29519 29520 29521 29522 29523 29524
      29525 29526 29527 29528 29529 29530 29538 29539 29540 29541 29542
      29543 29544 29545 29546 29547 29548 29549 29550 29551 29552 29554
      29555 29556 29557 29558 29559 29560 29561 29562 29563 29564 29565
      29566 29567 29568 29569 29573 29574 29575 29576 29577 29578 29579
      29580 29581 29582 29583 29584 29585 29586 29587 29588 29589 29590
      29591 29592 29593 29594 29595 29596 29599 29600 29601 29602 29603
      29604 29605 29606 29607 29608 29609 29610 29611 29612 29613 29614
      29615 29616 29617 29618 29621 29622 29623 29625 29626 29627 29628
      29629 29630 29631 29632 29633 29634 29635 29636 29637 29638 29639
      29640 29641 29642 29643 29644 29645 29647 29648 29649 29650 29651
      29652 29653 29654 29655 29656 29657 29658 29659 29660 29661 29662
      29663 29664 29665 29666 29667 29668 29669 29671 29679 29680 29681
      29682 29683 29684 29685 29686 29687 29688 29689 29690 29691 29692
      29693 29694 29696 29697 29698 29699 29700 29701 29702 29703 29704
      29705 29706 29707 29708 29709 29710 29711 29712 29713 29714 29715
      29717 29718 29719 29720 29721 29722 29723 29724 29725 29728 29729
      29730 29731 29732 29733 29734 29735 29736 29737 29738 29739 29740
      29741 29742 29743 29744 29745 29746 29747 29750 29751 29752 29753
      29754 29755 29756 29757 29758 29759 29760 29761 29762 29763 29764
      29765 29766 29767 29768 29769 29770 29771 29977 30071 30072 30073
      30074 30075 30076 30079 30080 30086 30087 30090 30091 30092 30093
      30094 30095 30096 30097 30098 30099 30100 30103 30104 30105 30106
      30107 30111 30115 30116 30117 30118 30119 30120 30121 30122 30123
      30127 30128 30129 30130 30131 30134 30135 30136 30137 30138 30139
      30140 30141 30142 30143 30144 30156 30159 30160 30161 30162 30163
      30164 30165 30166 30167 30168 30173 30174 30175 30176 30177 30178
      30179 30180 30181 30182 30183 30184 30186 30187 30188 30189 30190
      30191 30192 30193 30194 30195 30196 30198 30199 30200 30201 30202
      30203 30204 30205 30206 30207 30208 30209 30212 30213 30214 30215
      30216 30217 30218 30219 30220 30221 30228 30229 30230 30231 30234
      30235 30236 30263 30264 30265 30266 30267 30268 30269 30270 30279
      30280 30281 30282 30283 30284 30285 30286 30292 30293 30294 30295
      30296 30297 30298 30303 30304 30305 30306 30307 30308 30309 30312
      30313 30317 30318 30319 30320 30321 30322 30323 30324 30325 30329
      30330 30331 30336 30338 30339 30340 30341 30342 30343 30344 30346
      30347 30348 30349 30350 30351 30352 30353
***** Total Luminosity for above runs : 50356.7 nb**-1   ****

 ==== SRUN data cards written on file        data94.sruncard



  ********************************************************************
            Next time you can obtain the same output 

       1 - by cataloguing the data cards below on a file :
                e.g.   mycards.file   

       2 - then by typing the command : " SCANBOOK mycards.file "

BTSK 'SCANBOOK = 1'                                                     
SCIN ' Nature_of_Data = MINI | LEP_Energy = All  |'                     
     ' Run_Qual = PERFMAYB | '                                          
     ' YEAR = 1994 | Homelab = CERN     '                               
MNAN ' MINI_Version =  20'                                              
PROC ' Julia_Processing = LAST '                                        
SCOU ' Printout_Level = 2 | FILI_Cards = Yes | EDIR = No  |'            
     ' SRUN_Cards = Yes | Sorted_by_ENERGY = No  '                      
SRUN    25000  -30999
ENDQ                                                                    
