 
   Making dali_f1.HPUX10 i.e., DALI version f1 for HPUX10
 
fort77 -o ./ic.HPUX10 +e -K +U77 +ppu -v ic.HPUX10.f
LPATH is : /opt/fortran/lib/pa1.1:/usr/lib/pa1.1:/opt/fortran/lib:/usr/lib:/opt/langtools/lib
/opt/fortran/lbin/f77pass1 - -KFUPe -Oq00,al,ag,cn,Lm,sz,Ic,vo,lc,mf,po,es,rs,sp,in,vc,pi,fa,pe,Rr,Fl,pv,pa,nf,cp,lx,st,ap,Pg,ug,lu,dp,fs,bp,wp! ic.HPUX10.f ic.HPUX10.o 
ic.HPUX10.f:
   MAIN dali_conv:
   write_noprocess:
   process_routine:
   contains_ident:
   yet_extracted:
   new_identifier:
   checkifdef:
   str$trim:
   str$upcase:
/usr/ccs/bin/ld -x /opt/langtools/lib/crt0.o ic.HPUX10.o /opt/fortran/lib/libU77.a -lcl -lisamstub -lc -o ./ic.HPUX10 
/usr/ccs/bin/ld: (Warning) At least one PA 2.0 object file (ic.HPUX10.o) was detected. The linked output may not run on a PA 1.x system.
cc  -Aa -c -DNo_Signals -o dalb_x.o dalb_x.c
cc  -Aa -c -DNo_Signals -o dali_x.o dali_x.c
cc  -Aa -c -DNo_Signals -o dali_meta.o dali_meta.c
./ic.HPUX10 DALI_CF.INC algtdb_tficor.f algtdb_tficor_ic.f
fort77  +e -c -K +U77 +ppu -v -o algtdb_tficor.o algtdb_tficor_ic.f
LPATH is : /opt/fortran/lib/pa1.1:/usr/lib/pa1.1:/opt/fortran/lib:/usr/lib:/opt/langtools/lib
/opt/fortran/lbin/f77pass1 - -KFUPe -Oq00,al,ag,cn,Lm,sz,Ic,vo,lc,mf,po,es,rs,sp,in,vc,pi,fa,pe,Rr,Fl,pv,pa,nf,cp,lx,st,ap,Pg,ug,lu,dp,fs,bp,wp! algtdb_tficor_ic.f algtdb_tficor.o 
algtdb_tficor_ic.f:
   tficor:
./ic.HPUX10 DALI_CF.INC dafilm.f dafilm_ic.f
fort77  +e -c -K +U77 +ppu -v -o dafilm.o dafilm_ic.f
LPATH is : /opt/fortran/lib/pa1.1:/usr/lib/pa1.1:/opt/fortran/lib:/usr/lib:/opt/langtools/lib
/opt/fortran/lbin/f77pass1 - -KFUPe -Oq00,al,ag,cn,Lm,sz,Ic,vo,lc,mf,po,es,rs,sp,in,vc,pi,fa,pe,Rr,Fl,pv,pa,nf,cp,lx,st,ap,Pg,ug,lu,dp,fs,bp,wp! dafilm_ic.f dafilm.o 
dafilm_ic.f:
   dafilm:
   alcard:
./ic.HPUX10 DALI_CF.INC dal_1.f dal_1_ic.f
fort77  +e -c -K +U77 +ppu -v -o dal_1.o dal_1_ic.f
LPATH is : /opt/fortran/lib/pa1.1:/usr/lib/pa1.1:/opt/fortran/lib:/usr/lib:/opt/langtools/lib
/opt/fortran/lbin/f77pass1 - -KFUPe -Oq00,al,ag,cn,Lm,sz,Ic,vo,lc,mf,po,es,rs,sp,in,vc,pi,fa,pe,Rr,Fl,pv,pa,nf,cp,lx,st,ap,Pg,ug,lu,dp,fs,bp,wp! dal_1_ic.f dal_1.o 
dal_1_ic.f:
   MAIN d:
./ic.HPUX10 DALI_CF.INC dal_9.f dal_9_ic.f
fort77  +e -c -K +U77 +ppu -v -o dal_9.o dal_9_ic.f
LPATH is : /opt/fortran/lib/pa1.1:/usr/lib/pa1.1:/opt/fortran/lib:/usr/lib:/opt/langtools/lib
/opt/fortran/lbin/f77pass1 - -KFUPe -Oq00,al,ag,cn,Lm,sz,Ic,vo,lc,mf,po,es,rs,sp,in,vc,pi,fa,pe,Rr,Fl,pv,pa,nf,cp,lx,st,ap,Pg,ug,lu,dp,fs,bp,wp! dal_9_ic.f dal_9.o 
dal_9_ic.f:
   siidpo:
   dftrak:
   htrack:
   adfili:
       entry    adfilo:
./ic.HPUX10 DALI_CF.INC dal_a.f dal_a_ic.f
fort77  +e -c -K +U77 +ppu -v -o dal_a.o dal_a_ic.f
LPATH is : /opt/fortran/lib/pa1.1:/usr/lib/pa1.1:/opt/fortran/lib:/usr/lib:/opt/langtools/lib
/opt/fortran/lbin/f77pass1 - -KFUPe -Oq00,al,ag,cn,Lm,sz,Ic,vo,lc,mf,po,es,rs,sp,in,vc,pi,fa,pe,Rr,Fl,pv,pa,nf,cp,lx,st,ap,Pg,ug,lu,dp,fs,bp,wp! dal_a_ic.f dal_a.o 
dal_a_ic.f:
   dae:
   dapd:
   darea:
       entry    dareaw:
   dashyp:
   d3mix:
   dappe:
   dapeo:
   dapef:
Warning on line 2209 of dal_a_ic.f: local variable icol never used
   dapetr:
   d_ap_extr_line:
   dappt:
   dappt1:
   dap_tr:
   dap_1_tr:
   dap_set_tr:
   dapvc:
   dappv:
   daptrf:
   datn2d:
   daptrn:
   dap_knv:
Warning on line 5427 of dal_a_ic.f: local variable vax never used
Warning on line 5427 of dal_a_ic.f: local variable hax never used
Warning on line 5427 of dal_a_ic.f: local variable vel never used
Warning on line 5427 of dal_a_ic.f: local variable hel never used
   dapvx:
   daptn:
   dap_v0_tr:
   dapvel:
   drprs0:
       entry    drpr:
   dadvd:
   dgvdlf:
       entry    dgvdsc:
       entry    dadvdm:
   dap_kalman_ch:
       entry    dap_kalmann_tracks_in:
   dap_kalman_he:
./ic.HPUX10 DALI_CF.INC dal_aleph.f dal_aleph_ic.f
fort77  +e -c -K +U77 +ppu -v -o dal_aleph.o dal_aleph_ic.f
LPATH is : /opt/fortran/lib/pa1.1:/usr/lib/pa1.1:/opt/fortran/lib:/usr/lib:/opt/langtools/lib
/opt/fortran/lbin/f77pass1 - -KFUPe -Oq00,al,ag,cn,Lm,sz,Ic,vo,lc,mf,po,es,rs,sp,in,vc,pi,fa,pe,Rr,Fl,pv,pa,nf,cp,lx,st,ap,Pg,ug,lu,dp,fs,bp,wp! dal_aleph_ic.f dal_aleph.o 
dal_aleph_ic.f:
   djbop:
Warning on line 85 of dal_aleph_ic.f: local variable temlis never used
   djcard:
   djmini:
   dopseq:
   doprec:
   dardir:
   abruev:
   aunpck:
       entry    aunpck_in:
       entry    djaunm:
   anewrn:
Warning on line 756 of dal_aleph_ic.f: local variable temlis never used
   dj_sevt_in:
       entry    dj_sevt_run:
       entry    dj_sevt_ev:
       entry    dj_sevt_end:
   tfiltj:
   vbsinr:
   trncon:
./ic.HPUX10 DALI_CF.INC dal_alpha_c.f dal_alpha_c_ic.f
fort77  +e -c -K +U77 +ppu -v -o dal_alpha_c.o dal_alpha_c_ic.f
LPATH is : /opt/fortran/lib/pa1.1:/usr/lib/pa1.1:/opt/fortran/lib:/usr/lib:/opt/langtools/lib
/opt/fortran/lbin/f77pass1 - -KFUPe -Oq00,al,ag,cn,Lm,sz,Ic,vo,lc,mf,po,es,rs,sp,in,vc,pi,fa,pe,Rr,Fl,pv,pa,nf,cp,lx,st,ap,Pg,ug,lu,dp,fs,bp,wp! dal_alpha_c_ic.f dal_alpha_c.o 
dal_alpha_c_ic.f:
   dac:
       entry    dac_num_of_pi0:
       entry    dac0:
   dacd:
       entry    dacd_0:
   dac_write_file:
   dac_ef_teh:
Warning on line 1649 of dal_alpha_c_ic.f: local variable tops never used
Warning on line 1649 of dal_alpha_c_ic.f: local variable dt3 never used
Warning on line 1649 of dal_alpha_c_ic.f: local variable t1 never used
Warning on line 1649 of dal_alpha_c_ic.f: local variable tm never used
Warning on line 1649 of dal_alpha_c_ic.f: local variable nteh never used
   dad_us:
   dad_alpha_numbers:
   dac_corr_store:
       entry    dac_corr_store_sel:
       entry    dac_corr_calc:
       entry    dac_corr_line:
   dac_line:
       entry    dac_line0:
   dac_draw:
       entry    dac_draw_in:
       entry    dac_pointer_lines:
       entry    dac_pointer_1_line:
   dac_pick:
       entry    dac_pick_0:
       entry    dac_pick_get:
   dacol:
       entry    dacol_num:
Warning on line 2603 of dal_alpha_c_ic.f: local variable t0 never used
   dac_draw_vector:
   dac_draw_missing_vector:
Warning on line 2896 of dal_alpha_c_ic.f: local variable vu never used
Warning on line 2896 of dal_alpha_c_ic.f: local variable hd never used
Warning on line 2896 of dal_alpha_c_ic.f: local variable fyes never used
Warning on line 2896 of dal_alpha_c_ic.f: local variable hu never used
Warning on line 2896 of dal_alpha_c_ic.f: local variable vd never used
   dac_draw_rz_mv:
       entry    dac_draw_rz_mv_0:
   dac_col_eo:
   dsc_eo_0:
       entry    dsc_eo:
   dac_col_ef_0:
       entry    dac_col_ef:
   dac_gc:
       entry    dac_gc_fx:
   dac_gc_m:
       entry    dac_gc_m0:
       entry    dac_gc_m_rot:
Warning on line 3547 of dal_alpha_c_ic.f: local variable fin never used
   dac_gc_hv_to_vec:
       entry    dac_gc_vec_to_hv:
       entry    dac_gc_vec0:
   dac_gc_sq:
   dac_pi0:
       entry    dac_pi0_ga0:
       entry    dac_pi0_ga:
       entry    dac_pi0_0:
Warning on line 4014 of dal_alpha_c_ic.f: local variable vphi never used
Warning on line 4014 of dal_alpha_c_ic.f: local variable nint never used
Warning on line 4014 of dal_alpha_c_ic.f: local variable xpeo never used
Warning on line 4014 of dal_alpha_c_ic.f: local variable xpho never used
Warning on line 4014 of dal_alpha_c_ic.f: local variable atg never used
./ic.HPUX10 DALI_CF.INC dal_alpha_p.f dal_alpha_p_ic.f
fort77  +e -c -K +U77 +ppu -v -o dal_alpha_p.o dal_alpha_p_ic.f
LPATH is : /opt/fortran/lib/pa1.1:/usr/lib/pa1.1:/opt/fortran/lib:/usr/lib:/opt/langtools/lib
/opt/fortran/lbin/f77pass1 - -KFUPe -Oq00,al,ag,cn,Lm,sz,Ic,vo,lc,mf,po,es,rs,sp,in,vc,pi,fa,pe,Rr,Fl,pv,pa,nf,cp,lx,st,ap,Pg,ug,lu,dp,fs,bp,wp! dal_alpha_p_ic.f dal_alpha_p.o 
dal_alpha_p_ic.f:
   dad:
   dadrcb:
   dad_ut_rot:
   dad_ut_rot_inv:
   dalrbc:
   dadd:
   dad_list:
   dad_ut_d:
   dac_egg_d:
   dad_ac:
   dad_str:
   dad_line_ac:
       entry    dad_ac_in:
   dad_ro:
./ic.HPUX10 DALI_CF.INC dal_alpha_v.f dal_alpha_v_ic.f
fort77  +e -c -K +U77 +ppu -v -o dal_alpha_v.o dal_alpha_v_ic.f
LPATH is : /opt/fortran/lib/pa1.1:/usr/lib/pa1.1:/opt/fortran/lib:/usr/lib:/opt/langtools/lib
/opt/fortran/lbin/f77pass1 - -KFUPe -Oq00,al,ag,cn,Lm,sz,Ic,vo,lc,mf,po,es,rs,sp,in,vc,pi,fa,pe,Rr,Fl,pv,pa,nf,cp,lx,st,ap,Pg,ug,lu,dp,fs,bp,wp! dal_alpha_v_ic.f dal_alpha_v.o 
dal_alpha_v_ic.f:
   dv_qvec_in:
       entry    dv_qvec_def_col_in:
       entry    dv_qvec_new_ev:
       entry    dv_qvec_ptot:
       entry    dv_qvec_vector:
       entry    dv_qvec_vector_pol:
       entry    dv_qvec_vector_col:
       entry    dv_qvec_object:
       entry    dv_qvec_v0_pv:
       entry    dv_qvec_v0:
       entry    dv_qvec_def_col:
       entry    dv_qvec_set_col:
       entry    dv_qvec_set_col_ar:
       entry    dv_qvec_get_col:
       entry    dv_qvec_col_frft:
       entry    dv_qvec_col_from_frft:
       entry    dv_qvec_col_ch_to_ef:
       entry    dv_qvec_col_ef_to_ch:
       entry    dv_qvec_ef_type:
       entry    dv_qvec_ef_itype:
       entry    dv_qvec_ef_teh:
       entry    dv_qvec_get_index:
       entry    dv_qvec_get_track:
       entry    dv_qvec_sphericity:
       entry    dv_qvec_thrust:
       entry    dv_qvec_vmiss:
       entry    dv_qvec_add_4v:
       entry    dv_qvec_sec_vertex:
       entry    dv_qvec_set_opt:
       entry    dv_qvec_jade:
       entry    dv_qvec_durham:
       entry    dv_qvec_btag:
       entry    dv_qvec_jet_corr:
       entry    dv_qvec_set_mass:
Warning on line 1044 of dal_alpha_v_ic.f: local variable sign never used
Warning on line 1044 of dal_alpha_v_ic.f: local variable txt never used
Warning on line 1044 of dal_alpha_v_ic.f: local variable xpeo never used
Warning on line 1044 of dal_alpha_v_ic.f: local variable xpho never used
   dv_qvec_p0:
   dv_qvec_lock:
       entry    dv_qvec_unlock:
   dv_qvec_part_name:
   qminit:
Warning on line 1211 of dal_alpha_v_ic.f: local variable xlock never used
Warning on line 1211 of dal_alpha_v_ic.f: local variable xcal never used
Warning on line 1211 of dal_alpha_v_ic.f: local variable xtex never used
Warning on line 1211 of dal_alpha_v_ic.f: local variable xmc never used
Warning on line 1211 of dal_alpha_v_ic.f: local variable xmui never used
Warning on line 1211 of dal_alpha_v_ic.f: local variable xcequ never used
Warning on line 1211 of dal_alpha_v_ic.f: local variable xhcal never used
Warning on line 1211 of dal_alpha_v_ic.f: local variable xpcq never used
Warning on line 1211 of dal_alpha_v_ic.f: local variable xlockn never used
Warning on line 1211 of dal_alpha_v_ic.f: local variable xpec never used
Warning on line 1211 of dal_alpha_v_ic.f: local variable xmca never used
Warning on line 1211 of dal_alpha_v_ic.f: local variable xpeo never used
Warning on line 1211 of dal_alpha_v_ic.f: local variable xpep never used
Warning on line 1211 of dal_alpha_v_ic.f: local variable xceqor never used
Warning on line 1211 of dal_alpha_v_ic.f: local variable xefo never used
Warning on line 1211 of dal_alpha_v_ic.f: local variable xfriqf never used
Warning on line 1211 of dal_alpha_v_ic.f: local variable xsig never used
Warning on line 1211 of dal_alpha_v_ic.f: local variable xegp never used
Warning on line 1211 of dal_alpha_v_ic.f: local variable xpgp never used
Warning on line 1211 of dal_alpha_v_ic.f: local variable xphc never used
Warning on line 1211 of dal_alpha_v_ic.f: local variable xeid never used
Warning on line 1211 of dal_alpha_v_ic.f: local variable xfrf never used
Warning on line 1211 of dal_alpha_v_ic.f: local variable xpgac never used
Warning on line 1211 of dal_alpha_v_ic.f: local variable xpho never used
Warning on line 1211 of dal_alpha_v_ic.f: local variable xhma never used
Warning on line 1211 of dal_alpha_v_ic.f: local variable xecal never used
Warning on line 1211 of dal_alpha_v_ic.f: local variable xyv0 never used
Warning on line 1211 of dal_alpha_v_ic.f: local variable xsame never used
Warning on line 1211 of dal_alpha_v_ic.f: local variable xleptg never used
Warning on line 1211 of dal_alpha_v_ic.f: local variable xlepth never used
   qdbase:
Warning on line 1245 of dal_alpha_v_ic.f: local variable xlock never used
Warning on line 1245 of dal_alpha_v_ic.f: local variable xcal never used
Warning on line 1245 of dal_alpha_v_ic.f: local variable xtex never used
Warning on line 1245 of dal_alpha_v_ic.f: local variable xmc never used
Warning on line 1245 of dal_alpha_v_ic.f: local variable xmui never used
Warning on line 1245 of dal_alpha_v_ic.f: local variable xcequ never used
Warning on line 1245 of dal_alpha_v_ic.f: local variable xhcal never used
Warning on line 1245 of dal_alpha_v_ic.f: local variable xpcq never used
Warning on line 1245 of dal_alpha_v_ic.f: local variable xlockn never used
Warning on line 1245 of dal_alpha_v_ic.f: local variable xpec never used
Warning on line 1245 of dal_alpha_v_ic.f: local variable xmca never used
Warning on line 1245 of dal_alpha_v_ic.f: local variable xpeo never used
Warning on line 1245 of dal_alpha_v_ic.f: local variable xpep never used
Warning on line 1245 of dal_alpha_v_ic.f: local variable xceqor never used
Warning on line 1245 of dal_alpha_v_ic.f: local variable xefo never used
Warning on line 1245 of dal_alpha_v_ic.f: local variable xfriqf never used
Warning on line 1245 of dal_alpha_v_ic.f: local variable xsig never used
Warning on line 1245 of dal_alpha_v_ic.f: local variable xegp never used
Warning on line 1245 of dal_alpha_v_ic.f: local variable xpgp never used
Warning on line 1245 of dal_alpha_v_ic.f: local variable xphc never used
Warning on line 1245 of dal_alpha_v_ic.f: local variable xeid never used
Warning on line 1245 of dal_alpha_v_ic.f: local variable xfrf never used
Warning on line 1245 of dal_alpha_v_ic.f: local variable xpgac never used
Warning on line 1245 of dal_alpha_v_ic.f: local variable xpho never used
Warning on line 1245 of dal_alpha_v_ic.f: local variable xhma never used
Warning on line 1245 of dal_alpha_v_ic.f: local variable xecal never used
Warning on line 1245 of dal_alpha_v_ic.f: local variable xyv0 never used
Warning on line 1245 of dal_alpha_v_ic.f: local variable xsame never used
Warning on line 1245 of dal_alpha_v_ic.f: local variable xleptg never used
Warning on line 1245 of dal_alpha_v_ic.f: local variable xlepth never used
   qmrdsb:
Warning on line 1321 of dal_alpha_v_ic.f: local variable xlock never used
Warning on line 1321 of dal_alpha_v_ic.f: local variable xcal never used
Warning on line 1321 of dal_alpha_v_ic.f: local variable xtex never used
Warning on line 1321 of dal_alpha_v_ic.f: local variable xmc never used
Warning on line 1321 of dal_alpha_v_ic.f: local variable xmui never used
Warning on line 1321 of dal_alpha_v_ic.f: local variable xcequ never used
Warning on line 1321 of dal_alpha_v_ic.f: local variable lindat never used
Warning on line 1321 of dal_alpha_v_ic.f: local variable xhcal never used
Warning on line 1321 of dal_alpha_v_ic.f: local variable xpcq never used
Warning on line 1321 of dal_alpha_v_ic.f: local variable xlockn never used
Warning on line 1321 of dal_alpha_v_ic.f: local variable xpec never used
Warning on line 1321 of dal_alpha_v_ic.f: local variable xmca never used
Warning on line 1321 of dal_alpha_v_ic.f: local variable xpeo never used
Warning on line 1321 of dal_alpha_v_ic.f: local variable xpep never used
Warning on line 1321 of dal_alpha_v_ic.f: local variable xceqor never used
Warning on line 1321 of dal_alpha_v_ic.f: local variable xefo never used
Warning on line 1321 of dal_alpha_v_ic.f: local variable bkinca never used
Warning on line 1321 of dal_alpha_v_ic.f: local variable xfriqf never used
Warning on line 1321 of dal_alpha_v_ic.f: local variable xsig never used
Warning on line 1321 of dal_alpha_v_ic.f: local variable xegp never used
Warning on line 1321 of dal_alpha_v_ic.f: local variable xpgp never used
Warning on line 1321 of dal_alpha_v_ic.f: local variable xphc never used
Warning on line 1321 of dal_alpha_v_ic.f: local variable xeid never used
Warning on line 1321 of dal_alpha_v_ic.f: local variable xfrf never used
Warning on line 1321 of dal_alpha_v_ic.f: local variable xpgac never used
Warning on line 1321 of dal_alpha_v_ic.f: local variable xpho never used
Warning on line 1321 of dal_alpha_v_ic.f: local variable xhma never used
Warning on line 1321 of dal_alpha_v_ic.f: local variable mess never used
Warning on line 1321 of dal_alpha_v_ic.f: local variable xecal never used
Warning on line 1321 of dal_alpha_v_ic.f: local variable xyv0 never used
Warning on line 1321 of dal_alpha_v_ic.f: local variable lutdat never used
Warning on line 1321 of dal_alpha_v_ic.f: local variable chkclas never used
Warning on line 1321 of dal_alpha_v_ic.f: local variable xsame never used
Warning on line 1321 of dal_alpha_v_ic.f: local variable xleptg never used
Warning on line 1321 of dal_alpha_v_ic.f: local variable xlepth never used
   qmevnt:
Warning on line 1350 of dal_alpha_v_ic.f: local variable xlock never used
Warning on line 1350 of dal_alpha_v_ic.f: local variable xcal never used
Warning on line 1350 of dal_alpha_v_ic.f: local variable xtex never used
Warning on line 1350 of dal_alpha_v_ic.f: local variable xmc never used
Warning on line 1350 of dal_alpha_v_ic.f: local variable xmui never used
Warning on line 1350 of dal_alpha_v_ic.f: local variable xcequ never used
Warning on line 1350 of dal_alpha_v_ic.f: local variable xhcal never used
Warning on line 1350 of dal_alpha_v_ic.f: local variable xpcq never used
Warning on line 1350 of dal_alpha_v_ic.f: local variable xlockn never used
Warning on line 1350 of dal_alpha_v_ic.f: local variable xpec never used
Warning on line 1350 of dal_alpha_v_ic.f: local variable xmca never used
Warning on line 1350 of dal_alpha_v_ic.f: local variable xpeo never used
Warning on line 1350 of dal_alpha_v_ic.f: local variable xpep never used
Warning on line 1350 of dal_alpha_v_ic.f: local variable xceqor never used
Warning on line 1350 of dal_alpha_v_ic.f: local variable xefo never used
Warning on line 1350 of dal_alpha_v_ic.f: local variable xfriqf never used
Warning on line 1350 of dal_alpha_v_ic.f: local variable xsig never used
Warning on line 1350 of dal_alpha_v_ic.f: local variable xegp never used
Warning on line 1350 of dal_alpha_v_ic.f: local variable xpgp never used
Warning on line 1350 of dal_alpha_v_ic.f: local variable xphc never used
Warning on line 1350 of dal_alpha_v_ic.f: local variable xeid never used
Warning on line 1350 of dal_alpha_v_ic.f: local variable xfrf never used
Warning on line 1350 of dal_alpha_v_ic.f: local variable xpgac never used
Warning on line 1350 of dal_alpha_v_ic.f: local variable xpho never used
Warning on line 1350 of dal_alpha_v_ic.f: local variable xhma never used
Warning on line 1350 of dal_alpha_v_ic.f: local variable xecal never used
Warning on line 1350 of dal_alpha_v_ic.f: local variable xyv0 never used
Warning on line 1350 of dal_alpha_v_ic.f: local variable xsame never used
Warning on line 1350 of dal_alpha_v_ic.f: local variable xleptg never used
Warning on line 1350 of dal_alpha_v_ic.f: local variable xlepth never used
   nanfil:
       entry    naddx:
       entry    nairfd:
       entry    ngput:
       entry    minqmu:
       entry    minvsn:
./ic.HPUX10 DALI_CF.INC dal_bcal.f dal_bcal_ic.f
fort77  +e -c -K +U77 +ppu -v -o dal_bcal.o dal_bcal_ic.f
LPATH is : /opt/fortran/lib/pa1.1:/usr/lib/pa1.1:/opt/fortran/lib:/usr/lib:/opt/langtools/lib
/opt/fortran/lbin/f77pass1 - -KFUPe -Oq00,al,ag,cn,Lm,sz,Ic,vo,lc,mf,po,es,rs,sp,in,vc,pi,fa,pe,Rr,Fl,pv,pa,nf,cp,lx,st,ap,Pg,ug,lu,dp,fs,bp,wp! dal_bcal_ic.f dal_bcal.o 
dal_bcal_ic.f:
   dkbc:
   dbcd:
Warning on line 366 of dal_bcal_ic.f: local variable hm never used
Warning on line 366 of dal_bcal_ic.f: local variable ntrg never used
Warning on line 366 of dal_bcal_ic.f: local variable dt4 never used
Warning on line 366 of dal_bcal_ic.f: local variable vm never used
   dbc_cross:
   dbc_detector:
Warning on line 774 of dal_bcal_ic.f: local variable nz never used
   dbc_text:
Warning on line 819 of dal_bcal_ic.f: local variable dt3 never used
   dbc_type:
Warning on line 926 of dal_bcal_ic.f: local variable tt never used
   dbc_type_line:
   dv_bcal_0:
       entry    dv_bcal:
       entry    dv_bcal_num:
       entry    dv_bcal_centroid:
       entry    dv_bcal_trigger:
   get_centroid:
       entry    get_pad:
Warning on line 1513 of dal_bcal_ic.f: local variable rcorr never used
Warning on line 1513 of dal_bcal_ic.f: local variable energy_corr_mod_apd never used
Warning on line 1513 of dal_bcal_ic.f: local variable sum_sil_mod never used
Warning on line 1513 of dal_bcal_ic.f: local variable energy_corr_mod_pmt never used
./ic.HPUX10 DALI_CF.INC dal_br.f dal_br_ic.f
fort77  +e -c -K +U77 +ppu -v -o dal_br.o dal_br_ic.f
LPATH is : /opt/fortran/lib/pa1.1:/usr/lib/pa1.1:/opt/fortran/lib:/usr/lib:/opt/langtools/lib
/opt/fortran/lbin/f77pass1 - -KFUPe -Oq00,al,ag,cn,Lm,sz,Ic,vo,lc,mf,po,es,rs,sp,in,vc,pi,fa,pe,Rr,Fl,pv,pa,nf,cp,lx,st,ap,Pg,ug,lu,dp,fs,bp,wp! dal_br_ic.f dal_br.o 
dal_br_ic.f:
   dbr0:
       entry    dbr1:
       entry    dbr_last_processor:
   dbr2:
   dbr3:
   f_dbrset:
   dbrset:
       entry    dbr_gb:
       entry    db_pr_use_op:
       entry    dbrlog:
   db_jump_to_command_list:
./ic.HPUX10 DALI_CF.INC dal_bt.f dal_bt_ic.f
fort77  +e -c -K +U77 +ppu -v -o dal_bt.o dal_bt_ic.f
LPATH is : /opt/fortran/lib/pa1.1:/usr/lib/pa1.1:/opt/fortran/lib:/usr/lib:/opt/langtools/lib
/opt/fortran/lbin/f77pass1 - -KFUPe -Oq00,al,ag,cn,Lm,sz,Ic,vo,lc,mf,po,es,rs,sp,in,vc,pi,fa,pe,Rr,Fl,pv,pa,nf,cp,lx,st,ap,Pg,ug,lu,dp,fs,bp,wp! dal_bt_ic.f dal_bt.o 
dal_bt_ic.f:
   dbt:
   dbtsli:
   dbtvco:
   dbtsta:
   dbt2li:
   dbtlin:
   dbtlid:
   dbtsa2:
   dbtsdp:
   dbtsl2:
   dbtsn:
   dbtsnd:
   dbtsnt:
   dbtsnp:
   dbtplb:
   dbtsp:
   dbtsl:
   dbttgr:
   dbttr6:
   dbttr:
   dbttr_col:
   dbtprs:
   dbtcub:
   dbt3d:
   dbt3dd:
   dbt3de:
       entry    dbt3da:
       entry    dbt3dz:
       entry    dbt3d0:
   dbt3dc:
   dbtexp:
   dbtcir:
   dbt3dp:
   dbtcc:
   dbtm:
   dbtmm:
       entry    dbtmcc:
       entry    dbtmm0:
   dbtmsq:
   dbtvb:
       entry    dbtvb1:
   dbtvbm:
   dbtvbt:
   dbtvmm:
   dbtsic:
   dbts3d:
   dbtssk:
   dbtspu:
       entry    dbtspa:
   dbtscl:
       entry    dbtsca:
   dbtfr:
   dbtcbl:
   dbtnpr:
   dbt_sg:
   dbt_wrw:
   dbt_tr:
   dbt_fk:
   dbtpp:
   dbt_magic_eye_1:
   dbt_magic_eye_2:
   dbt_random_stereo:
   dbcbsq:
   dbcbtx:
   dbt_smooth_rot:
   dq_draw_hv:
       entry    dq_draw_hv_0:
       entry    dq_draw_hv_1:
       entry    dq_draw_hv_2:
       entry    dq_draw_hv_in:
   dq_area_hv:
       entry    dq_area_hv_1:
       entry    dq_area_hv_2:
       entry    dq_area_hv_in:
   dbt_framed_areas:
   aaaa:
   dbt_stereo:
   dbt_stereo_int:
   dbt_stereo_random_points:
   dbt_2_col_lines:
   dbt_point_colors:
   dbt_blue:
   dbt_1_in_many:
./ic.HPUX10 DALI_CF.INC dal_c.f dal_c_ic.f
fort77  +e -c -K +U77 +ppu -v -o dal_c.o dal_c_ic.f
LPATH is : /opt/fortran/lib/pa1.1:/usr/lib/pa1.1:/opt/fortran/lib:/usr/lib:/opt/langtools/lib
/opt/fortran/lbin/f77pass1 - -KFUPe -Oq00,al,ag,cn,Lm,sz,Ic,vo,lc,mf,po,es,rs,sp,in,vc,pi,fa,pe,Rr,Fl,pv,pa,nf,cp,lx,st,ap,Pg,ug,lu,dp,fs,bp,wp! dal_c_ic.f dal_c.o 
dal_c_ic.f:
   dcd:
   dcdbwt:
Warning on line 608 of dal_c_ic.f: local variable t never used
   dcdbw:
   dcdgry:
   dcdpc:
   dcdms:
       entry    dcdmr:
   dcdpr:
   dcdst0:
       entry    dcdstc:
   dcdrd:
   dcdsd:
   dcdtyp:
   dcdtwf:
   dcft:
   dchfil:
   dcici:
   dcir:
       entry    dcir0:
   dcld:
   dconlo:
   dcopfl:
       entry    dcoptl:
   dcctr:
   dccvx:
   dcircl:
   dcirhl:
   dctycd:
       entry    dctytr:
       entry    dctyba:
       entry    dctypa:
       entry    dctyca:
       entry    dctyex:
       entry    dctyp0:
   dcutec:
   dcuthc:
   dcutlc:
   dcutft:
   dcuttf:
   dcuttr:
./ic.HPUX10 DALI_CF.INC dal_d.f dal_d_ic.f
fort77  +e -c -K +U77 +ppu -v -o dal_d.o dal_d_ic.f
LPATH is : /opt/fortran/lib/pa1.1:/usr/lib/pa1.1:/opt/fortran/lib:/usr/lib:/opt/langtools/lib
/opt/fortran/lbin/f77pass1 - -KFUPe -Oq00,al,ag,cn,Lm,sz,Ic,vo,lc,mf,po,es,rs,sp,in,vc,pi,fa,pe,Rr,Fl,pv,pa,nf,cp,lx,st,ap,Pg,ug,lu,dp,fs,bp,wp! dal_d_ic.f dal_d.o 
dal_d_ic.f:
   d_def_par:
   ddlhit:
   ddrca0:
       entry    ddrcal:
       entry    ddrlog:
       entry    ddrnum:
       entry    ddrtyp:
   ddatin:
   ddispa:
       entry    ddispp:
   ddld:
   ddlfti:
   ddlisl:
   ddlion:
   ddltb:
   ddlcl:
   ddltb0:
       entry    ddltbn:
   ddldb:
   ddldb0:
       entry    ddldbn:
   ddldm:
   ddldm0:
       entry    ddldmn:
   ddltm:
   ddltm0:
       entry    ddltmn:
   ddltr1:
   ddltr2:
   ddlpik:
   ddrawa:
   ddrawb:
   ddrawc:
   ddrawd:
   ddrawe:
   ddrawf:
   ddrawg:
   ddrawh:
   ddrawi:
   ddrawj:
   ddrawk:
   ddrawl:
   ddrawm:
   ddrawn:
   ddrawo:
   ddrflg:
       entry    ddrflo:
   ddstpl:
   idsto:
./ic.HPUX10 DALI_CF.INC dal_e.f dal_e_ic.f
fort77  +e -c -K +U77 +ppu -v -o dal_e.o dal_e_ic.f
LPATH is : /opt/fortran/lib/pa1.1:/usr/lib/pa1.1:/opt/fortran/lib:/usr/lib:/opt/langtools/lib
/opt/fortran/lbin/f77pass1 - -KFUPe -Oq00,al,ag,cn,Lm,sz,Ic,vo,lc,mf,po,es,rs,sp,in,vc,pi,fa,pe,Rr,Fl,pv,pa,nf,cp,lx,st,ap,Pg,ug,lu,dp,fs,bp,wp! dal_e_ic.f dal_e.o 
dal_e_ic.f:
   devnam:
   decd:
   decen:
   decgl:
   decpe:
   decph:
   decpl:
   decskw:
       entry    decsk0:
   dectfb:
   defd:
   defbin:
   defb2:
   devnew:
Warning on line 2180 of dal_e_ic.f: local variable temlis never used
   devset:
       entry    devtyp:
Warning on line 2495 of dal_e_ic.f: local variable temlis never used
./ic.HPUX10 DALI_CF.INC dal_f.f dal_f_ic.f
fort77  +e -c -K +U77 +ppu -v -o dal_f.o dal_f_ic.f
LPATH is : /opt/fortran/lib/pa1.1:/usr/lib/pa1.1:/opt/fortran/lib:/usr/lib:/opt/langtools/lib
/opt/fortran/lbin/f77pass1 - -KFUPe -Oq00,al,ag,cn,Lm,sz,Ic,vo,lc,mf,po,es,rs,sp,in,vc,pi,fa,pe,Rr,Fl,pv,pa,nf,cp,lx,st,ap,Pg,ug,lu,dp,fs,bp,wp! dal_f_ic.f dal_f.o 
dal_f_ic.f:
   dfr_hv_to_cone:
       entry    dfr_cone_to_hv:
   dfrrbc:
   dft_hv_to_cone:
       entry    dft_cone_to_hv:
   dftmo:
   dftm:
       entry    dftm0:
       entry    dftmf:
   dftms:
       entry    dftmm:
       entry    dftmg:
   dftmc:
   dftv0:
       entry    dftvc:
   dftpo:
   dftrbc:
   dftvds:
   dfz_hv_to_cone:
       entry    dfz_cone_to_hv:
   dfzmo:
   dfzpo:
   dfzrbc:
   df180:
   dfinxt:
   dfr1tr:
   dfrcc:
   dfrd:
   dfrdis:
       entry    dfrds0:
   dfret1:
   dfreta:
   dfrrcb:
   dfrph:
   dfrsp:
   dfrti:
   dfrpit:
   dfrtt:
   dft1tr:
   dftce:
   dftch:
   dftcue:
   dftcut:
   dftd:
   dftdis:
       entry    dftds0:
   dften:
   dftet1:
   dfteta:
   dftle:
   dftlh:
   dftrcb:
   dftoe:
   dftpe:
   dftph:
   dftpit:
   dftskw:
       entry    dftsk0:
   dfttt:
   dfz1tr:
   dfzvdd:
Warning on line 6978 of dal_f_ic.f: local variable fout never used
   dfzd:
   dfzdis:
       entry    dfzds0:
   dfzet1:
   dfzeta:
   dfzrcb:
   dfzph:
   dfzpit:
   dfztt:
   dfzhsh:
       entry    dfzhsv:
   dfzvel:
   d_forced_draw:
./ic.HPUX10 DALI_CF.INC dal_geom.f dal_geom_ic.f
fort77  +e -c -K +U77 +ppu -v -o dal_geom.o dal_geom_ic.f
LPATH is : /opt/fortran/lib/pa1.1:/usr/lib/pa1.1:/opt/fortran/lib:/usr/lib:/opt/langtools/lib
/opt/fortran/lbin/f77pass1 - -KFUPe -Oq00,al,ag,cn,Lm,sz,Ic,vo,lc,mf,po,es,rs,sp,in,vc,pi,fa,pe,Rr,Fl,pv,pa,nf,cp,lx,st,ap,Pg,ug,lu,dp,fs,bp,wp! dal_geom_ic.f dal_geom.o 
dal_geom_ic.f:
   dgditc:
   dgdvdt:
   dgdtpc:
   dgdcos:
   dgdlca:
   dgdsic:
   dgdeca:
       entry    dgteca:
       entry    dgderz:
   dgdhca:
   dgdint:
   dgivdt:
       entry    dgivdr_new:
   dgivdt_old:
       entry    dgivdr:
   dg_vd_deb_f:
       entry    dg_vd_deb_i:
   dgiitc:
   dgieca:
   dgihca:
   dgilca:
   dgisic:
       entry    dgrsic:
   dgitpc:
   dgitsa:
   dgdmud:
   dgdmbi:
   dgdmbo:
   dgdmmi:
   dgdmmo:
   dgdmei:
   dgdmeo:
   dgimud:
   dgdhyx:
   dgdhrb:
   dgdhre:
./ic.HPUX10 DALI_CF.INC dal_gr.f dal_gr_ic.f
fort77  +e -c -K +U77 +ppu -v -o dal_gr.o dal_gr_ic.f
LPATH is : /opt/fortran/lib/pa1.1:/usr/lib/pa1.1:/opt/fortran/lib:/usr/lib:/opt/langtools/lib
/opt/fortran/lbin/f77pass1 - -KFUPe -Oq00,al,ag,cn,Lm,sz,Ic,vo,lc,mf,po,es,rs,sp,in,vc,pi,fa,pe,Rr,Fl,pv,pa,nf,cp,lx,st,ap,Pg,ug,lu,dp,fs,bp,wp! dal_gr_ic.f dal_gr.o 
dal_gr_ic.f:
   dgrb:
       entry    dgrbst:
   dgrbsc:
   dgrbty:
   dgrbl:
       entry    dgrbl0:
./ic.HPUX10 DALI_CF.INC dal_h.f dal_h_ic.f
fort77  +e -c -K +U77 +ppu -v -o dal_h.o dal_h_ic.f
LPATH is : /opt/fortran/lib/pa1.1:/usr/lib/pa1.1:/opt/fortran/lib:/usr/lib:/opt/langtools/lib
/opt/fortran/lbin/f77pass1 - -KFUPe -Oq00,al,ag,cn,Lm,sz,Ic,vo,lc,mf,po,es,rs,sp,in,vc,pi,fa,pe,Rr,Fl,pv,pa,nf,cp,lx,st,ap,Pg,ug,lu,dp,fs,bp,wp! dal_h_ic.f dal_h.o 
dal_h_ic.f:
   dht:
   dhttyp:
   dhcros:
       entry    dhcrs0:
   dhpick:
   dhelci:
   dhelix:
       entry    dhelx0:
       entry    dhelx1:
       entry    dhelwrt:
       entry    dhelxv:
       entry    dhelvx:
Warning on line 1335 of dal_h_ic.f: local variable fsecv never used
   dhfd:
   dhfar:
   dhfec0:
       entry    dhfec:
   dhfhc:
   dhflc:
   dhfitc:
   dhfpi:
   dhfpm:
   dhftpc:
   dhfrdh:
   dhtinp:
   dhtmod:
       entry    dhtmo1:
       entry    dhtmo2:
   dhzd:
   dhzaec:
   dhzahc:
   dhzar:
   dhzpe:
       entry    dhzpep:
   dhzbec:
   dhzeec:
   dhzph:
       entry    dhzphp:
   dhzbhc:
   dhzehc:
   dhzpie:
   dhperp:
./ic.HPUX10 DALI_CF.INC dal_i.f dal_i_ic.f
fort77  +e -c -K +U77 +ppu -v -o dal_i.o dal_i_ic.f
LPATH is : /opt/fortran/lib/pa1.1:/usr/lib/pa1.1:/opt/fortran/lib:/usr/lib:/opt/langtools/lib
/opt/fortran/lbin/f77pass1 - -KFUPe -Oq00,al,ag,cn,Lm,sz,Ic,vo,lc,mf,po,es,rs,sp,in,vc,pi,fa,pe,Rr,Fl,pv,pa,nf,cp,lx,st,ap,Pg,ug,lu,dp,fs,bp,wp! dal_i_ic.f dal_i.o 
dal_i_ic.f:
   din:
   dqtih:
   dqh8:
   dq_header:
   dqtit:
       entry    dqtic:
       entry    dqtin:
   dvphco:
./ic.HPUX10 DALI_CF.INC dal_j.f dal_j_ic.f
fort77  +e -c -K +U77 +ppu -v -o dal_j.o dal_j_ic.f
LPATH is : /opt/fortran/lib/pa1.1:/usr/lib/pa1.1:/opt/fortran/lib:/usr/lib:/opt/langtools/lib
/opt/fortran/lbin/f77pass1 - -KFUPe -Oq00,al,ag,cn,Lm,sz,Ic,vo,lc,mf,po,es,rs,sp,in,vc,pi,fa,pe,Rr,Fl,pv,pa,nf,cp,lx,st,ap,Pg,ug,lu,dp,fs,bp,wp! dal_j_ic.f dal_j.o 
dal_j_ic.f:
   djfil:
       entry    dj_file_edir_name:
   dj_lenoff:
   djlifi:
   djfir:
       entry    djfiw:
   djgtfn:
   djgtrn:
   djrded:
   djfilm:
   djev:
   dj_rd_eped:
   d_dd_jedop:
   dj_rd_epio_or_native:
   djlied:
   djclin:
       entry    djcl00:
       entry    djclmo:
       entry    djcltx:
   djclev:
   dj_rd_eped_ev:
   djlsfn:
   djlsce:
   djstr:
       entry    djstt:
   djpose:
       entry    djposn:
       entry    dj_get_run_event:
   djinpe:
   dj_change_name:
Warning on line 2872 of dal_j_ic.f: local variable ta never used
Warning on line 2872 of dal_j_ic.f: local variable tl never used
Warning on line 2872 of dal_j_ic.f: local variable tst never used
   d_jdeb:
   dj_inquire:
   d_opseq:
   d_oprec:
   d_ardir:
   d_lkoprd:
   d_lkgtevt:
   d_lkrew:
   d_brwnd:
   d_aclose:
   djadbs:
   djlbnk:
   djdrli:
   djsiw6:
   dj_read_private_cards:
./ic.HPUX10 DALI_CF.INC dal_k.f dal_k_ic.f
fort77  +e -c -K +U77 +ppu -v -o dal_k.o dal_k_ic.f
LPATH is : /opt/fortran/lib/pa1.1:/usr/lib/pa1.1:/opt/fortran/lib:/usr/lib:/opt/langtools/lib
/opt/fortran/lbin/f77pass1 - -KFUPe -Oq00,al,ag,cn,Lm,sz,Ic,vo,lc,mf,po,es,rs,sp,in,vc,pi,fa,pe,Rr,Fl,pv,pa,nf,cp,lx,st,ap,Pg,ug,lu,dp,fs,bp,wp! dal_k_ic.f dal_k.o 
dal_k_ic.f:
   dkap:
   dkdl:
   dkec:
   dkef:
   dkfr:
   dkfz:
   dkft:
   dkhf:
   dkhz:
   dklt:
   dkro:
       entry    dkro0:
   dkrs:
   dkrz:
   dksc:
   dkyx:
   dkyz:
   dktd:
./ic.HPUX10 DALI_CF.INC dal_l.f dal_l_ic.f
fort77  +e -c -K +U77 +ppu -v -o dal_l.o dal_l_ic.f
LPATH is : /opt/fortran/lib/pa1.1:/usr/lib/pa1.1:/opt/fortran/lib:/usr/lib:/opt/langtools/lib
/opt/fortran/lbin/f77pass1 - -KFUPe -Oq00,al,ag,cn,Lm,sz,Ic,vo,lc,mf,po,es,rs,sp,in,vc,pi,fa,pe,Rr,Fl,pv,pa,nf,cp,lx,st,ap,Pg,ug,lu,dp,fs,bp,wp! dal_l_ic.f dal_l.o 
dal_l_ic.f:
   dlk:
   dlkd:
       entry    dlkd0:
   dloper:
   dlsetn:
   dlwrba:
       entry    dlwrb0:
   dlsitx:
   dltawp:
   dltd:
   dltdy:
   dltdz:
   dltruh:
   dltruv:
   dltry:
   dltrz:
   dlutin:
./ic.HPUX10 DALI_CF.INC dal_m.f dal_m_ic.f
fort77  +e -c -K +U77 +ppu -v -o dal_m.o dal_m_ic.f
LPATH is : /opt/fortran/lib/pa1.1:/usr/lib/pa1.1:/opt/fortran/lib:/usr/lib:/opt/langtools/lib
/opt/fortran/lbin/f77pass1 - -KFUPe -Oq00,al,ag,cn,Lm,sz,Ic,vo,lc,mf,po,es,rs,sp,in,vc,pi,fa,pe,Rr,Fl,pv,pa,nf,cp,lx,st,ap,Pg,ug,lu,dp,fs,bp,wp! dal_m_ic.f dal_m.o 
dal_m_ic.f:
   dm_fix_markers:
   dmcu:
   dmcum:
       entry    dmcum0:
   dm3d:
       entry    dm3df:
   dmfix:
   dm3dm:
       entry    dm3d0:
   dm3dfi:
       entry    dm3dhv:
       entry    dm3dhl:
   dm3drp:
   dm2d:
       entry    dm2df:
   dm2dm:
       entry    dm2d0:
       entry    dm2d1:
   dm2dfi:
   dm2dxy:
   dmctyp:
   dmix:
   dmess:
   dmps:
       entry    dmpswi:
   dmw:
   dmaxlg:
   dmcnvx:
       entry    dmcvx:
       entry    dmctr:
   idmix:
./ic.HPUX10 DALI_CF.INC dal_n.f dal_n_ic.f
fort77  +e -c -K +U77 +ppu -v -o dal_n.o dal_n_ic.f
LPATH is : /opt/fortran/lib/pa1.1:/usr/lib/pa1.1:/opt/fortran/lib:/usr/lib:/opt/langtools/lib
/opt/fortran/lbin/f77pass1 - -KFUPe -Oq00,al,ag,cn,Lm,sz,Ic,vo,lc,mf,po,es,rs,sp,in,vc,pi,fa,pe,Rr,Fl,pv,pa,nf,cp,lx,st,ap,Pg,ug,lu,dp,fs,bp,wp! dal_n_ic.f dal_n.o 
dal_n_ic.f:
   dnew:
   dnewd:
./ic.HPUX10 DALI_CF.INC dal_o.f dal_o_ic.f
fort77  +e -c -K +U77 +ppu -v -o dal_o.o dal_o_ic.f
LPATH is : /opt/fortran/lib/pa1.1:/usr/lib/pa1.1:/opt/fortran/lib:/usr/lib:/opt/langtools/lib
/opt/fortran/lbin/f77pass1 - -KFUPe -Oq00,al,ag,cn,Lm,sz,Ic,vo,lc,mf,po,es,rs,sp,in,vc,pi,fa,pe,Rr,Fl,pv,pa,nf,cp,lx,st,ap,Pg,ug,lu,dp,fs,bp,wp! dal_o_ic.f dal_o.o 
dal_o_ic.f:
   dodcyl:
   dodbpi:
   dodeca:
   dode3d:
   dodhca:
   dodh3d:
   doditc:
   dodlca:
   dodsic:
   dodvdt:
   dodmag:
   dodmud:
   dodtpc:
   dodt3d:
   dodt3p:
   dofish:
       entry    dofis0:
       entry    dofis2:
   dordtr:
   d_order:
./ic.HPUX10 DALI_CF.INC dal_p.f dal_p_ic.f
fort77  +e -c -K +U77 +ppu -v -o dal_p.o dal_p_ic.f
LPATH is : /opt/fortran/lib/pa1.1:/usr/lib/pa1.1:/opt/fortran/lib:/usr/lib:/opt/langtools/lib
/opt/fortran/lbin/f77pass1 - -KFUPe -Oq00,al,ag,cn,Lm,sz,Ic,vo,lc,mf,po,es,rs,sp,in,vc,pi,fa,pe,Rr,Fl,pv,pa,nf,cp,lx,st,ap,Pg,ug,lu,dp,fs,bp,wp! dal_p_ic.f dal_p.o 
dal_p_ic.f:
   dpcear:
   dpcgar:
       entry    dpcgva:
       entry    dpcgar_new:
       entry    dpcgvi:
   dpcsar:
       entry    dpcsav:
       entry    dpcpar:
   dpcgv:
       entry    dpcivec:
   dpi_navigate:
   dpitbk:
   dpi_enable_hits_tracks:
   dpi_enable_all:
   dpa:
Warning on line 741 of dal_p_ic.f: local variable tmac never used
   dpcewi:
   dplane_0:
   dplane:
   dpcor:
   dpolco:
   dpolcr:
   dpolcrv:
   dpos:
Warning on line 1101 of dal_p_ic.f: local variable tpic never used
   d_personal_macro:
./ic.HPUX10 DALI_CF.INC dal_qg.f dal_qg_ic.f
fort77  +e -c -K +U77 +ppu -v -o dal_qg.o dal_qg_ic.f
LPATH is : /opt/fortran/lib/pa1.1:/usr/lib/pa1.1:/opt/fortran/lib:/usr/lib:/opt/langtools/lib
/opt/fortran/lbin/f77pass1 - -KFUPe -Oq00,al,ag,cn,Lm,sz,Ic,vo,lc,mf,po,es,rs,sp,in,vc,pi,fa,pe,Rr,Fl,pv,pa,nf,cp,lx,st,ap,Pg,ug,lu,dp,fs,bp,wp! dal_qg_ic.f dal_qg.o 
dal_qg_ic.f:
   dqpr0:
   dqdraw:
   dqdar:
   dqfar:
   dqdwi:
   dqffwi:
   dqfwia:
   dqfwaf:
   dqcirc:
   dqwsu:
   dqcl:
       entry    dqcl_us:
   dqclp:
       entry    dqcl0:
   dqic:
   dqlevh:
   dqlevl:
   dqsc0:
       entry    dqsce:
   dqfr:
   dqin:
   dqmid:
   dqrdp:
   dqrpo:
   dq24:
   dq245:
   dqrer:
   dqrhv:
   dqrot:
       entry    dqrot0:
   dqru:
       entry    dqrupr:
       entry    dqlast:
       entry    dqset1:
       entry    dqset:
       entry    dqprs0:
       entry    dqprsf:
       entry    dqprs:
       entry    dqrop:
       entry    dqhi2:
       entry    dqhi2_pick:
       entry    dql2ep:
       entry    dql2e:
       entry    dqlhe:
       entry    dqlic:
       entry    dqliep:
       entry    dqlie:
       entry    dqlie1:
       entry    dqinv:
       entry    dqch0:
       entry    dqch:
       entry    dqch_pi:
       entry    dqrec:
       entry    dqpik:
       entry    dqpif:
       entry    dqpd0:
       entry    dqpd1:
       entry    dqpd_dc:
       entry    dqpd:
       entry    dqar0:
       entry    dqar:
       entry    dqard:
       entry    dqpo0:
       entry    dqpo1:
       entry    dqpol1:
       entry    dqpol:
       entry    dqpolf:
       entry    dqsha0:
       entry    dqsha:
       entry    dqpu0:
       entry    dqpu:
       entry    dqaru:
       entry    dqpoc:
       entry    dqra0:
       entry    dqra1:
       entry    dqrar:
       entry    dqsq0:
       entry    dqsq1:
       entry    dqsq:
       entry    dqsr:
       entry    dqtxt:
       entry    dqtxt0:
       entry    dqtxts:
   dqvrt:
   dqwin:
       entry    dqwis:
       entry    dqwil:
   dqwrv:
   dqsymb:
   dqcwin:
       entry    dqswin:
       entry    dqdwin:
       entry    dqpwin:
   dq_toggle_help_dali:
   dq_change_window:
       entry    dq_change_window_back:
   dqchkx:
./ic.HPUX10 DALI_CF.INC dal_qz.f dal_qz_ic.f
fort77  +e -c -K +U77 +ppu -v -o dal_qz.o dal_qz_ic.f
LPATH is : /opt/fortran/lib/pa1.1:/usr/lib/pa1.1:/opt/fortran/lib:/usr/lib:/opt/langtools/lib
/opt/fortran/lbin/f77pass1 - -KFUPe -Oq00,al,ag,cn,Lm,sz,Ic,vo,lc,mf,po,es,rs,sp,in,vc,pi,fa,pe,Rr,Fl,pv,pa,nf,cp,lx,st,ap,Pg,ug,lu,dp,fs,bp,wp! dal_qz_ic.f dal_qz.o 
dal_qz_ic.f:
   dqzom:
       entry    dqzbn:
./ic.HPUX10 DALI_CF.INC dal_r.f dal_r_ic.f
fort77  +e -c -K +U77 +ppu -v -o dal_r.o dal_r_ic.f
LPATH is : /opt/fortran/lib/pa1.1:/usr/lib/pa1.1:/opt/fortran/lib:/usr/lib:/opt/langtools/lib
/opt/fortran/lbin/f77pass1 - -KFUPe -Oq00,al,ag,cn,Lm,sz,Ic,vo,lc,mf,po,es,rs,sp,in,vc,pi,fa,pe,Rr,Fl,pv,pa,nf,cp,lx,st,ap,Pg,ug,lu,dp,fs,bp,wp! dal_r_ic.f dal_r.o 
dal_r_ic.f:
   drscol:
       entry    drsctr:
   drstim:
   drspty:
   drstyp:
   dro_hv_to_cone:
   drojtc:
       entry    drojt0:
       entry    drojta:
       entry    drojtt:
   drotrk:
   drz_dt_to_as:
       entry    drz_as_to_dt:
       entry    drz_hv_to_cone:
       entry    drz_cone_to_hv:
   drzmo:
   drzpo:
   drsd:
   drsar:
       entry    drsaru:
   drs_typ_res:
   drsrtn:
   dro1tr:
   dro3ax:
   drod:
   drod0:
       entry    drod1:
   drodis:
       entry    drods0:
   droet1:
   droeta:
   dro1ct:
   dro_cone_to_hv:
   dropit:
   drott:
   drosmr:
   drostr:
   drosvx:
   drtsp:
   drz1tr:
   drzcc:
   drzd:
   drzdis:
       entry    drzds0:
   drzet1:
   drzeta:
   drzfi:
   drzph:
   drzpl:
   drzpi:
   drzpit:
   drzti:
   drztpc:
   drztt:
   drzvrt:
   drzhst:
   drzhe:
       entry    drzhep:
   drzhh:
       entry    drzhhp:
   drztrp:
   drzpol:
   dro_smooth_rot_ac_only:
   dro_smooth_rot_ac_fixed:
   dro_smooth_rot_ac:
   dro_smooth_rot_ac_inclined:
   d_rot_line_ac:
       entry    d_rot_ac_in:
   d_rot:
       entry    d_rot_invers:
       entry    d_rot_in:
   d_rot_vector:
       entry    d_rot_vector_invers:
       entry    d_rot_vector_in:
   dq_clip_3d:
       entry    dq_clip_3d_in:
   dq_clip_3dd:
   dq_clip_3d_store:
./ic.HPUX10 DALI_CF.INC dal_s.f dal_s_ic.f
fort77  +e -c -K +U77 +ppu -v -o dal_s.o dal_s_ic.f
LPATH is : /opt/fortran/lib/pa1.1:/usr/lib/pa1.1:/opt/fortran/lib:/usr/lib:/opt/langtools/lib
/opt/fortran/lbin/f77pass1 - -KFUPe -Oq00,al,ag,cn,Lm,sz,Ic,vo,lc,mf,po,es,rs,sp,in,vc,pi,fa,pe,Rr,Fl,pv,pa,nf,cp,lx,st,ap,Pg,ug,lu,dp,fs,bp,wp! dal_s_ic.f dal_s.o 
dal_s_ic.f:
   dscrsc:
   dsetup:
       entry    dsetup_tim:
   dsim:
Warning on line 475 of dal_s_ic.f: jump into block from line 463 of dal_s_ic.f
   dsimad:
   dsimac:
   dsimrh:
   dsu:
   dspard:
       entry    dsparn:
   dspana:
   dspaof:
   dsc0:
   dsc_const:
   dset_ecal_col:
   dset_cal_col:
   dscelm:
   dschc:
   dscit:
   dsclog:
   dsctp:
   dsctr:
   dsctr0:
       entry    dsctr1:
   dsetmi:
   dscmc:
   dscsy:
   dschst:
       entry    dschsc:
   dscd:
       entry    dscd1:
   dscxy:
   dsectr:
./ic.HPUX10 DALI_CF.INC dal_t.f dal_t_ic.f
fort77  +e -c -K +U77 +ppu -v -o dal_t.o dal_t_ic.f
LPATH is : /opt/fortran/lib/pa1.1:/usr/lib/pa1.1:/opt/fortran/lib:/usr/lib:/opt/langtools/lib
/opt/fortran/lbin/f77pass1 - -KFUPe -Oq00,al,ag,cn,Lm,sz,Ic,vo,lc,mf,po,es,rs,sp,in,vc,pi,fa,pe,Rr,Fl,pv,pa,nf,cp,lx,st,ap,Pg,ug,lu,dp,fs,bp,wp! dal_t_ic.f dal_t.o 
dal_t_ic.f:
   dte:
       entry    dtex:
       entry    dte0:
   dtem:
       entry    dtemf:
   dtem0:
       entry    dtem1:
       entry    dtemm:
   dted1:
   dter:
   dtew:
   dtstob:
   dtx:
       entry    dtxca:
       entry    dtxra:
   dtxfix:
   dtxftb:
   dtxdea:
   dtxsc0:
       entry    dtxsch:
       entry    dtxscv:
   dtxrs:
       entry    dtxrs0:
   dtxgr:
       entry    dtxgr0:
   dtxpl:
       entry    dtxpl0:
   dtxwin:
   dtstoi:
Warning on line 2526 of dal_t_ic.f: jump into block from line 2512 of dal_t_ic.f
Warning on line 2526 of dal_t_ic.f: jump into block from line 2521 of dal_t_ic.f
   dtdd:
       entry    dtdpik:
   dtdtr0:
       entry    dtdtr1:
       entry    dtdtr2:
       entry    dtdtr3:
       entry    dtdtr4:
   dtddis:
   dtd_pv:
   dtdm:
       entry    dtdmf:
       entry    dtdmvl:
   dtdm0:
       entry    dtdmm:
   dtypt:
   dtyp_var:
   dtrapz:
./ic.HPUX10 DALI_CF.INC dal_u.f dal_u_ic.f
fort77  +e -c -K +U77 +ppu -v -o dal_u.o dal_u_ic.f
LPATH is : /opt/fortran/lib/pa1.1:/usr/lib/pa1.1:/opt/fortran/lib:/usr/lib:/opt/langtools/lib
/opt/fortran/lbin/f77pass1 - -KFUPe -Oq00,al,ag,cn,Lm,sz,Ic,vo,lc,mf,po,es,rs,sp,in,vc,pi,fa,pe,Rr,Fl,pv,pa,nf,cp,lx,st,ap,Pg,ug,lu,dp,fs,bp,wp! dal_u_ic.f dal_u.o 
dal_u_ic.f:
   dul:
       entry    dusl0:
   dupchg:
./ic.HPUX10 DALI_CF.INC dal_var.f dal_var_ic.f
fort77  +e -c -K +U77 +ppu -v -o dal_var.o dal_var_ic.f
LPATH is : /opt/fortran/lib/pa1.1:/usr/lib/pa1.1:/opt/fortran/lib:/usr/lib:/opt/langtools/lib
/opt/fortran/lbin/f77pass1 - -KFUPe -Oq00,al,ag,cn,Lm,sz,Ic,vo,lc,mf,po,es,rs,sp,in,vc,pi,fa,pe,Rr,Fl,pv,pa,nf,cp,lx,st,ap,Pg,ug,lu,dp,fs,bp,wp! dal_var_ic.f dal_var.o 
dal_var_ic.f:
   dv0:
   dv_pick:
Warning on line 507 of dal_var_ic.f: jump into block at line 488 of dal_var_ic.f
       entry    dv_pick_0:
   dv0_pick_text:
   idvcht:
       entry    dvcht0:
       entry    dvcht:
   idvchi:
       entry    dvchi0:
       entry    dvchi:
       entry    dvchv:
   dvchcc:
   dvchit:
   dvht:
       entry    dvht0:
   dvmd:
       entry    dvmd0:
       entry    dvmdcu:
   dvmd2d:
   dvm0:
   dvec:
       entry    dvec1:
       entry    dvec2:
       entry    dvec0:
   dvecdd:
   dvecft:
   dvechi:
   dvew0:
       entry    dvewmx:
       entry    dvew:
   dvetr:
       entry    dvetr0:
       entry    dvetrn:
   dvfrid:
   dvftr:
   dvhc:
       entry    dvhc0:
       entry    dvhc1:
   dvit:
       entry    dvit0:
       entry    dvitcl:
       entry    dvitst:
   dvic:
       entry    dvic0:
Warning on line 2721 of dal_var_ic.f: local variable nitcf never used
   dvef:
       entry    dvef0:
   dveo:
       entry    dveo0:
   dvlc:
       entry    dvlc0:
   dvlcin:
   dvmcnv:
       entry    dvmcvx:
       entry    dvmctr:
Warning on line 3328 of dal_var_ic.f: local variable sqrt never used
   dvcord:
   dvpada:
       entry    dvpad0:
   dvpad1:
   dvpadn:
   dvpadf:
   dvpads:
   dvpartb:
   dvvtx0:
       entry    dvvtx:
       entry    dvvtxd:
   dvprvx:
   dvsic:
       entry    dvsic0:
   dvtp:
       entry    dvtpnt:
       entry    dvtpcl:
       entry    dvtps1:
       entry    dvtpst:
       entry    dvtp0:
       entry    dvtq0:
       entry    dvtb0:
   dvtc0:
       entry    dvtcf:
       entry    dvtcp:
       entry    dvtct1:
   dvtn0:
       entry    dvtnf:
       entry    dvtnp:
       entry    dvtnt1:
   dvtr0:
       entry    dvtrfi:
       entry    dvtrlp:
       entry    dvtrsx:
       entry    dvtrp:
       entry    dvtrtp:
       entry    dvtrpd:
       entry    dvtrt1:
       entry    dvtrt2:
       entry    dvtrv:
   dvtrht:
   dvvec:
       entry    dvvec0:
       entry    dvvec1:
   dvvmct0:
       entry    dvvmcvx:
       entry    dvvmctr:
Warning on line 6218 of dal_var_ic.f: local variable sqrt never used
   dvvdc:
       entry    dvvdc1:
       entry    dvvdc0:
   dvvdrz:
       entry    dvvdr0:
       entry    dvvdr1:
   dvvdxy:
       entry    dvvdx0:
       entry    dvvdx1:
       entry    dvvd3d:
Warning on line 6826 of dal_var_ic.f: local variable xyz never used
   dvvdtr:
   dvvx0:
       entry    dvvx:
       entry    dvvxha:
       entry    dvvxrn:
       entry    dvvxbn:
   dvvepa:
   dvvenv:
   dvvlnp:
   dvvenf:
Warning on line 8098 of dal_var_ic.f: jump into block from line 8092 of dal_var_ic.f
Warning on line 8122 of dal_var_ic.f: jump into block at line 8098 of dal_var_ic.f
   dvwi:
       entry    dvwial:
   dvdft:
   dvexs0:
   dvtion:
   dvthyp:
   dvtmde:
   dvlbkn:
   dvknv0:
       entry    dvknv1:
       entry    dvknv:
       entry    dvknv_tr:
       entry    dvkn_v0_tr_0:
       entry    dvkn_v0_tr:
   dv_lc_crack:
   dv_set_label:
   dv_pick_text:
   dv_store_iw:
       entry    dv_length_iw:
       entry    dv_read_iw:
./ic.HPUX10 DALI_CF.INC dal_vdet.f dal_vdet_ic.f
fort77  +e -c -K +U77 +ppu -v -o dal_vdet.o dal_vdet_ic.f
LPATH is : /opt/fortran/lib/pa1.1:/usr/lib/pa1.1:/opt/fortran/lib:/usr/lib:/opt/langtools/lib
/opt/fortran/lbin/f77pass1 - -KFUPe -Oq00,al,ag,cn,Lm,sz,Ic,vo,lc,mf,po,es,rs,sp,in,vc,pi,fa,pe,Rr,Fl,pv,pa,nf,cp,lx,st,ap,Pg,ug,lu,dp,fs,bp,wp! dal_vdet_ic.f dal_vdet.o 
dal_vdet_ic.f:
   dvvxj:
   dvbpca:
   dvjet0:
       entry    dvjet:
   dvjtca:
   dvpvca:
   dvsvca:
       entry    dvsvdl:
   dvnt0:
       entry    dvnt:
   ffindip:
   dvvdph:
   vdet_decode_tracks:
   vdet_ellips:
./ic.HPUX10 DALI_CF.INC dal_vx.f dal_vx_ic.f
fort77  +e -c -K +U77 +ppu -v -o dal_vx.o dal_vx_ic.f
LPATH is : /opt/fortran/lib/pa1.1:/usr/lib/pa1.1:/opt/fortran/lib:/usr/lib:/opt/langtools/lib
/opt/fortran/lbin/f77pass1 - -KFUPe -Oq00,al,ag,cn,Lm,sz,Ic,vo,lc,mf,po,es,rs,sp,in,vc,pi,fa,pe,Rr,Fl,pv,pa,nf,cp,lx,st,ap,Pg,ug,lu,dp,fs,bp,wp! dal_vx_ic.f dal_vx.o 
dal_vx_ic.f:
   dv0typ:
Warning on line 317 of dal_vx_ic.f: jump into block at line 298 of dal_vx_ic.f
   dvco:
   dvmct0:
       entry    dvmctp:
   dvpart:
   dvx:
Warning on line 1131 of dal_vx_ic.f: jump into block from line 1122 of dal_vx_ic.f
       entry    dvxrov:
       entry    dvxpv:
       entry    dvx0:
       entry    dvx1:
       entry    dvxc:
       entry    dvxt:
       entry    dvx_pr_vertex:
       entry    dvxtn:
./ic.HPUX10 DALI_CF.INC dal_w.f dal_w_ic.f
fort77  +e -c -K +U77 +ppu -v -o dal_w.o dal_w_ic.f
LPATH is : /opt/fortran/lib/pa1.1:/usr/lib/pa1.1:/opt/fortran/lib:/usr/lib:/opt/langtools/lib
/opt/fortran/lbin/f77pass1 - -KFUPe -Oq00,al,ag,cn,Lm,sz,Ic,vo,lc,mf,po,es,rs,sp,in,vc,pi,fa,pe,Rr,Fl,pv,pa,nf,cp,lx,st,ap,Pg,ug,lu,dp,fs,bp,wp! dal_w_ic.f dal_w.o 
dal_w_ic.f:
   dwait:
       entry    dwait1:
   dwarnr:
   dwc:
       entry    dwc_read:
Warning on line 688 of dal_w_ic.f: local variable dt2 never used
Warning on line 688 of dal_w_ic.f: local variable tdum never used
Warning on line 688 of dal_w_ic.f: local variable ts never used
   dw_set_co:
   dw_store_ps_colors:
   dws:
Warning on line 1329 of dal_w_ic.f: local variable dt2 never used
   dwsetc:
Warning on line 1438 of dal_w_ic.f: local variable t never used
   dwsclp:
   dwsm:
   dwsmm:
       entry    dwsmm0:
       entry    dwsmm1:
   dwiz:
       entry    dwiz_next:
Warning on line 2014 of dal_w_ic.f: local variable ta never used
./ic.HPUX10 DALI_CF.INC dal_write.f dal_write_ic.f
fort77  +e -c -K +U77 +ppu -v -o dal_write.o dal_write_ic.f
LPATH is : /opt/fortran/lib/pa1.1:/usr/lib/pa1.1:/opt/fortran/lib:/usr/lib:/opt/langtools/lib
/opt/fortran/lbin/f77pass1 - -KFUPe -Oq00,al,ag,cn,Lm,sz,Ic,vo,lc,mf,po,es,rs,sp,in,vc,pi,fa,pe,Rr,Fl,pv,pa,nf,cp,lx,st,ap,Pg,ug,lu,dp,fs,bp,wp! dal_write_ic.f dal_write.o 
dal_write_ic.f:
   dwr_input:
       entry    dwr_input_setup:
   dwrd:
       entry    dwrdi:
       entry    dwrdt:
   dwr_add_semicolon:
   dwr_add_text_setup:
       entry    dwr_add_text_do:
   dwr_line:
   dwr_hl_ar:
   dwr_ic:
   dw_spawn_and_print:
   dwr_to_file:
   dwrt:
       entry    dwrc:
       entry    dwr_high_light:
       entry    dwr_high_light_from_n1_to_n2:
       entry    dwrt_setup:
       entry    dwrt_end:
   dwr_add_semicolon_delet:
   dwr_add:
   dwr_over_print:
   dwr_backspace_slash:
   dwr_blbl_to_do:
   dwr_backspace_do:
   dwr_backspace_blank:
   dwr_bell:
   dw_time:
./ic.HPUX10 DALI_CF.INC dal_x.f dal_x_ic.f
fort77  +e -c -K +U77 +ppu -v -o dal_x.o dal_x_ic.f
LPATH is : /opt/fortran/lib/pa1.1:/usr/lib/pa1.1:/opt/fortran/lib:/usr/lib:/opt/langtools/lib
/opt/fortran/lbin/f77pass1 - -KFUPe -Oq00,al,ag,cn,Lm,sz,Ic,vo,lc,mf,po,es,rs,sp,in,vc,pi,fa,pe,Rr,Fl,pv,pa,nf,cp,lx,st,ap,Pg,ug,lu,dp,fs,bp,wp! dal_x_ic.f dal_x.o 
dal_x_ic.f:
   BLOCK DATA dalbx:
   us0:
       entry    us1:
       entry    us2:
       entry    us3:
       entry    us4:
       entry    us5:
       entry    us6:
       entry    us7:
       entry    us8:
       entry    us9:
       entry    dcj:
   us0d:
       entry    us1d:
       entry    us2d:
       entry    us3d:
       entry    us4d:
       entry    us5d:
       entry    us6d:
       entry    us7d:
       entry    us8d:
       entry    us9d:
./ic.HPUX10 DALI_CF.INC dal_y.f dal_y_ic.f
fort77  +e -c -K +U77 +ppu -v -o dal_y.o dal_y_ic.f
LPATH is : /opt/fortran/lib/pa1.1:/usr/lib/pa1.1:/opt/fortran/lib:/usr/lib:/opt/langtools/lib
/opt/fortran/lbin/f77pass1 - -KFUPe -Oq00,al,ag,cn,Lm,sz,Ic,vo,lc,mf,po,es,rs,sp,in,vc,pi,fa,pe,Rr,Fl,pv,pa,nf,cp,lx,st,ap,Pg,ug,lu,dp,fs,bp,wp! dal_y_ic.f dal_y.o 
dal_y_ic.f:
   dyxfto:
   dyxmo:
   dyxpo:
   dyxras:
       entry    dyxrdf:
       entry    dyxrbc:
   dyxsb:
       entry    dyxsbf:
   dyxsb1:
       entry    dyxsb0:
   dyxsc:
       entry    dyxscf:
   dyxsc1:
       entry    dyxsc0:
   dyznud:
   dyz_df_to_as:
       entry    dyz_as_to_df:
       entry    dyz_hv_to_cone:
   dyz_cone_to_hv:
   dyx1tr:
   dyxcc:
   dyxchd:
   dyxci0:
       entry    dyxci:
   dyxd:
   dyxdis:
   dyxet1:
   dyxeta:
   dyxhe:
       entry    dyxhep:
   dyxhh:
       entry    dyxhhp:
   dyxhpi:
   dyxph:
   dyf_it_hi:
   dyxth:
   dyxth1:
   dyxti:
   dyxtt:
   dyxwe:
   dyxwe_pick:
   dyz1tr:
   dyzd:
   dyzdis:
       entry    dyzds0:
   dyzet1:
   dyzeta:
   dyzph:
   dyzpit:
   dyzth:
   dyzth1:
   dyztt:
./ic.HPUX10 DALI_CF.INC dal_z.f dal_z_ic.f
fort77  +e -c -K +U77 +ppu -v -o dal_z.o dal_z_ic.f
LPATH is : /opt/fortran/lib/pa1.1:/usr/lib/pa1.1:/opt/fortran/lib:/usr/lib:/opt/langtools/lib
/opt/fortran/lbin/f77pass1 - -KFUPe -Oq00,al,ag,cn,Lm,sz,Ic,vo,lc,mf,po,es,rs,sp,in,vc,pi,fa,pe,Rr,Fl,pv,pa,nf,cp,lx,st,ap,Pg,ug,lu,dp,fs,bp,wp! dal_z_ic.f dal_z.o 
dal_z_ic.f:
   dzlbkn:
   dzlook:
   dzloka:
   dzgtnm:
   dzlisb:
   dzlisa:
   dzlkbn:
   dzlkba:
   dzhead:
   dzwrcv:
   dzlbka:
       entry    dzlgli:
   dzlbnk:
   dzlsba:
   dzlsbn:
   dzlbtp:
   dzlbta:
   dzbtnc:
   dzbtca:
   dzfitt:
   dzgtdg:
   dzgtnd:
   dzgnda:
   dzmxmn:
   dzmxma:
   dzshft:
   dzwrmx:
   dzwrma:
   dzwrnr:
   dzcsea:
   dzncse:
   dzfdvl:
   dzfdva:
   dzwrva:
   dzwrvl:
   dzfmtl:
   dzfrmt:
   dzerbk:
   dzutol:
   dzempt:
./ic.HPUX10 DALI_CF.INC dala_g.f dala_g_ic.f
fort77  +e -c -K +U77 +ppu -v -o dala_g.o dala_g_ic.f
LPATH is : /opt/fortran/lib/pa1.1:/usr/lib/pa1.1:/opt/fortran/lib:/usr/lib:/opt/langtools/lib
/opt/fortran/lbin/f77pass1 - -KFUPe -Oq00,al,ag,cn,Lm,sz,Ic,vo,lc,mf,po,es,rs,sp,in,vc,pi,fa,pe,Rr,Fl,pv,pa,nf,cp,lx,st,ap,Pg,ug,lu,dp,fs,bp,wp! dala_g_ic.f dala_g.o 
dala_g_ic.f:
   dgt:
Warning on line 324 of dala_g_ic.f: local variable fsc never used
./ic.HPUX10 DALI_CF.INC dala_op.f dala_op_ic.f
fort77  +e -c -K +U77 +ppu -v -o dala_op.o dala_op_ic.f
LPATH is : /opt/fortran/lib/pa1.1:/usr/lib/pa1.1:/opt/fortran/lib:/usr/lib:/opt/langtools/lib
/opt/fortran/lbin/f77pass1 - -KFUPe -Oq00,al,ag,cn,Lm,sz,Ic,vo,lc,mf,po,es,rs,sp,in,vc,pi,fa,pe,Rr,Fl,pv,pa,nf,cp,lx,st,ap,Pg,ug,lu,dp,fs,bp,wp! dala_op_ic.f dala_op.o 
dala_op_ic.f:
   dofon:
   dop2lt:
   doper:
       entry    doper_chg:
       entry    dopers:
       entry    doperg:
       entry    doper_tansw:
       entry    doper_help_back:
Warning on line 1436 of dala_op_ic.f: local variable fsc never used
   do_rename_command:
       entry    do_rename_text:
   do_str:
       entry    do_str_list:
       entry    do_str_1_let_list:
       entry    do_reset_command_list:
       entry    do_ty_command_list:
   do_int_mac:
       entry    do_int_mac_type:
   doprin:
   do_bar:
       entry    do_bar_draw:
       entry    do_bar_do:
       entry    do_bar_command:
       entry    do_bar_status_0:
       entry    do_bar_status:
       entry    do_bar_op:
       entry    do_bar_answer:
       entry    do_bar_wrt:
       entry    do_bar_answer_platform_text:
       entry    do_bar_name:
Warning on line 2703 of dala_op_ic.f: local variable tdo never used
Warning on line 2703 of dala_op_ic.f: local variable fof never used
Warning on line 2703 of dala_op_ic.f: local variable tw never used
   do_bar_windows:
   do_bar_pick:
   do_txt_size:
   do_window_txt:
       entry    do_window_txt_0:
   do_pick:
   do_bar_col:
       entry    do_bar_col_0:
       entry    do_bar_col_by_name:
       entry    do_bar_col_op:
   do_bar_help:
   do_bar_use:
   do_new_window:
       entry    do_new_window_text_0:
       entry    do_new_window_text:
       entry    do_new_window_text_1:
Warning on line 3562 of dala_op_ic.f: local variable dt5 never used
   do_bar_ps_1:
       entry    do_bar_ps_2:
   do_index:
./ic.HPUX10 DALI_CF.INC dala_p.f dala_p_ic.f
fort77  +e -c -K +U77 +ppu -v -o dala_p.o dala_p_ic.f
LPATH is : /opt/fortran/lib/pa1.1:/usr/lib/pa1.1:/opt/fortran/lib:/usr/lib:/opt/langtools/lib
/opt/fortran/lbin/f77pass1 - -KFUPe -Oq00,al,ag,cn,Lm,sz,Ic,vo,lc,mf,po,es,rs,sp,in,vc,pi,fa,pe,Rr,Fl,pv,pa,nf,cp,lx,st,ap,Pg,ug,lu,dp,fs,bp,wp! dala_p_ic.f dala_p.o 
dala_p_ic.f:
   dparam:
       entry    dparop:
       entry    dparp0:
       entry    dparch:
       entry    dpargg:
       entry    dpar_pointer:
       entry    dpar_get_array:
       entry    dpar_get_real:
       entry    dpargv:
       entry    dpargi:
       entry    dpargi_24:
       entry    dpargv_24:
       entry    dpargv_change:
       entry    dpargi_change:
       entry    dparsv:
       entry    dpar_toggle:
       entry    dpar_set_co:
       entry    dpar_set_width:
       entry    dpar_set_tr_width:
       entry    dpar_set_sy:
       entry    dpacpt_0:
       entry    dpaspt:
       entry    dpacpt:
       entry    dpacgt:
       entry    dpacgf:
       entry    dpacnt:
       entry    dpacft:
       entry    dpacnf:
       entry    dparst:
       entry    dparst_modif:
       entry    dpar_get_header:
       entry    dpar_dsp_str_group:
       entry    dpar_chg_by_name:
       entry    dpar_debug:
       entry    dpar_check_def:
       entry    dpar_check_use:
   idpar:
   d_par_search_group:
   dpim:
   dpi_pattern:
   dpimm:
       entry    dpimm_0:
       entry    dpimm_1:
   dpi_do:
       entry    dpi_do_0:
       entry    dpi_do_get_modul_hit:
       entry    dpi_do_send_modul_hit:
   dpi_store:
       entry    dpi_store_get:
       entry    dpi_store_0:
   dpi_text:
       entry    dpi_text_0:
       entry    dpi_text_num:
       entry    dpi_text_redraw:
       entry    dpi_text_remove:
       entry    dpi_text_erase:
       entry    dpi_text_list:
   dpibeg:
   dpift:
   dpiget:
   dpimov:
   dpoar:
./ic.HPUX10 DALI_CF.INC dala_prnt_hlp.f dala_prnt_hlp_ic.f
fort77  +e -c -K +U77 +ppu -v -o dala_prnt_hlp.o dala_prnt_hlp_ic.f
LPATH is : /opt/fortran/lib/pa1.1:/usr/lib/pa1.1:/opt/fortran/lib:/usr/lib:/opt/langtools/lib
/opt/fortran/lbin/f77pass1 - -KFUPe -Oq00,al,ag,cn,Lm,sz,Ic,vo,lc,mf,po,es,rs,sp,in,vc,pi,fa,pe,Rr,Fl,pv,pa,nf,cp,lx,st,ap,Pg,ug,lu,dp,fs,bp,wp! dala_prnt_hlp_ic.f dala_prnt_hlp.o 
dala_prnt_hlp_ic.f:
   dph:
   dph_findc:
./ic.HPUX10 DALI_CF.INC dala_qg.f dala_qg_ic.f
fort77  +e -c -K +U77 +ppu -v -o dala_qg.o dala_qg_ic.f
LPATH is : /opt/fortran/lib/pa1.1:/usr/lib/pa1.1:/opt/fortran/lib:/usr/lib:/opt/langtools/lib
/opt/fortran/lbin/f77pass1 - -KFUPe -Oq00,al,ag,cn,Lm,sz,Ic,vo,lc,mf,po,es,rs,sp,in,vc,pi,fa,pe,Rr,Fl,pv,pa,nf,cp,lx,st,ap,Pg,ug,lu,dp,fs,bp,wp! dala_qg_ic.f dala_qg.o 
dala_qg_ic.f:
   dqffar:
   dqsca:
   dqscd:
   dqscf:
   dqscp:
./ic.HPUX10 DALI_CF.INC dala_qh.f dala_qh_ic.f
fort77  +e -c -K +U77 +ppu -v -o dala_qh.o dala_qh_ic.f
LPATH is : /opt/fortran/lib/pa1.1:/usr/lib/pa1.1:/opt/fortran/lib:/usr/lib:/opt/langtools/lib
/opt/fortran/lbin/f77pass1 - -KFUPe -Oq00,al,ag,cn,Lm,sz,Ic,vo,lc,mf,po,es,rs,sp,in,vc,pi,fa,pe,Rr,Fl,pv,pa,nf,cp,lx,st,ap,Pg,ug,lu,dp,fs,bp,wp! dala_qh_ic.f dala_qh.o 
dala_qh_ic.f:
   dqhlp:
       entry    dqhl_menu:
       entry    dqhl_w:
       entry    dqhl_r:
       entry    dqhl0:
       entry    dqh_status:
       entry    dqhgt:
       entry    dqh_page:
       entry    dqhl_last_page:
       entry    dqh_clean:
       entry    dqhl_scan_command:
       entry    dqhl_scan_text:
       entry    dqhl_store_page:
       entry    dqh_file_names:
   dqhlt:
       entry    dqhlt_page:
Warning on line 991 of dala_qh_ic.f: local variable tbut never used
Warning on line 991 of dala_qh_ic.f: local variable nact never used
   dqh_text:
   dqh_send_line:
       entry    dqh_send_all:
       entry    dqh_send_all_sleep:
       entry    dqh_on:
       entry    dqh_active:
       entry    dqh_dependent:
Warning on line 1494 of dala_qh_ic.f: local variable ttt never used
   dqho1:
       entry    dqho2:
       entry    dqho3:
   ddqho1:
       entry    ddqho2:
       entry    ddqho3:
   d_read_inc:
   dqhl_other_text:
   dqh_new_window:
       entry    dqh_new_area:
       entry    dqh_new_text:
       entry    dqh_new_window_of:
   dqh_index_line:
./ic.HPUX10 DALI_CF.INC dala_qz.f dala_qz_ic.f
fort77  +e -c -K +U77 +ppu -v -o dala_qz.o dala_qz_ic.f
LPATH is : /opt/fortran/lib/pa1.1:/usr/lib/pa1.1:/opt/fortran/lib:/usr/lib:/opt/langtools/lib
/opt/fortran/lbin/f77pass1 - -KFUPe -Oq00,al,ag,cn,Lm,sz,Ic,vo,lc,mf,po,es,rs,sp,in,vc,pi,fa,pe,Rr,Fl,pv,pa,nf,cp,lx,st,ap,Pg,ug,lu,dp,fs,bp,wp! dala_qz_ic.f dala_qz.o 
dala_qz_ic.f:
   dq_zoom:
Warning on line 122 of dala_qz_ic.f: local variable fdum never used
   dqzo_mm:
       entry    dqzo_mm_0:
   dqzo_mode_in:
       entry    dqzo_mode_step:
       entry    dqzo_mode_get_hair:
       entry    dqzo_mode_get_rb:
       entry    dqzo_mode_end:
Warning on line 689 of dala_qz_ic.f: local variable vu never used
Warning on line 689 of dala_qz_ic.f: local variable fm never used
Warning on line 689 of dala_qz_ic.f: local variable hu never used
   dqzo_but:
   dqzo_display:
Warning on line 798 of dala_qz_ic.f: local variable ih never used
Warning on line 798 of dala_qz_ic.f: local variable iv never used
   dqzo_dummy:
   dqz_offset:
   dqzrb:
./ic.HPUX10 DALI_CF.INC dala_t.f dala_t_ic.f
fort77  +e -c -K +U77 +ppu -v -o dala_t.o dala_t_ic.f
LPATH is : /opt/fortran/lib/pa1.1:/usr/lib/pa1.1:/opt/fortran/lib:/usr/lib:/opt/langtools/lib
/opt/fortran/lbin/f77pass1 - -KFUPe -Oq00,al,ag,cn,Lm,sz,Ic,vo,lc,mf,po,es,rs,sp,in,vc,pi,fa,pe,Rr,Fl,pv,pa,nf,cp,lx,st,ap,Pg,ug,lu,dp,fs,bp,wp! dala_t_ic.f dala_t.o 
dala_t_ic.f:
   dt_wrt:
       entry    dt_bar:
   dtnosl:
   dtyans:
       entry    dtyatx:
   dtn:
   dtp:
   dt1:
   dt5:
   dt2:
   dt3:
   dt3z:
   dt4:
   dt6:
   dt7:
   dt8:
   dtint:
   dtintr:
   dtflr:
   dtr_i:
   dtr_f:
   dtr_t:
./ic.HPUX10 DALI_CF.INC dala_w.f dala_w_ic.f
fort77  +e -c -K +U77 +ppu -v -o dala_w.o dala_w_ic.f
LPATH is : /opt/fortran/lib/pa1.1:/usr/lib/pa1.1:/opt/fortran/lib:/usr/lib:/opt/langtools/lib
/opt/fortran/lbin/f77pass1 - -KFUPe -Oq00,al,ag,cn,Lm,sz,Ic,vo,lc,mf,po,es,rs,sp,in,vc,pi,fa,pe,Rr,Fl,pv,pa,nf,cp,lx,st,ap,Pg,ug,lu,dp,fs,bp,wp! dala_w_ic.f dala_w.o 
dala_w_ic.f:
   dwr_platform_text:
       entry    dw_get_platform_text:
       entry    dw_read_platform_text:
       entry    dw_get_platform_text_array:
       entry    dwf_platform_text:
   dwf:
       entry    dwf_open:
       entry    dwf_close:
./ic.HPUX10 DALI_CF.INC dala_y.f dala_y_ic.f
fort77  +e -c -K +U77 +ppu -v -o dala_y.o dala_y_ic.f
LPATH is : /opt/fortran/lib/pa1.1:/usr/lib/pa1.1:/opt/fortran/lib:/usr/lib:/opt/langtools/lib
/opt/fortran/lbin/f77pass1 - -KFUPe -Oq00,al,ag,cn,Lm,sz,Ic,vo,lc,mf,po,es,rs,sp,in,vc,pi,fa,pe,Rr,Fl,pv,pa,nf,cp,lx,st,ap,Pg,ug,lu,dp,fs,bp,wp! dala_y_ic.f dala_y.o 
dala_y_ic.f:
   dyx_df_to_as:
       entry    dyx_as_to_df:
       entry    dyx_hv_to_cone:
       entry    dyx_cone_to_hv:
./ic.HPUX10 DALI_CF.INC draw_state.f draw_state_ic.f
fort77  +e -c -K +U77 +ppu -v -o draw_state.o draw_state_ic.f
LPATH is : /opt/fortran/lib/pa1.1:/usr/lib/pa1.1:/opt/fortran/lib:/usr/lib:/opt/langtools/lib
/opt/fortran/lbin/f77pass1 - -KFUPe -Oq00,al,ag,cn,Lm,sz,Ic,vo,lc,mf,po,es,rs,sp,in,vc,pi,fa,pe,Rr,Fl,pv,pa,nf,cp,lx,st,ap,Pg,ug,lu,dp,fs,bp,wp! draw_state_ic.f draw_state.o 
draw_state_ic.f:
   get_kalman_t:
       entry    get_kalman_x:
       entry    get_kalman_y:
       entry    get_kalman_z:
./ic.HPUX10 DALI_CF.INC partid.f partid_ic.f
fort77  +e -c -K +U77 +ppu -v -o partid.o partid_ic.f
LPATH is : /opt/fortran/lib/pa1.1:/usr/lib/pa1.1:/opt/fortran/lib:/usr/lib:/opt/langtools/lib
/opt/fortran/lbin/f77pass1 - -KFUPe -Oq00,al,ag,cn,Lm,sz,Ic,vo,lc,mf,po,es,rs,sp,in,vc,pi,fa,pe,Rr,Fl,pv,pa,nf,cp,lx,st,ap,Pg,ug,lu,dp,fs,bp,wp! partid_ic.f partid.o 
partid_ic.f:
   aboldr:
   partid:
Warning on line 1139 of partid_ic.f: local variable sign never used
Warning on line 1139 of partid_ic.f: local variable nint never used
Warning on line 1139 of partid_ic.f: local variable xpeo never used
Warning on line 1139 of partid_ic.f: local variable vec never used
Warning on line 1139 of partid_ic.f: local variable xpho never used
Warning on line 1139 of partid_ic.f: local variable atg never used
Warning on line 1139 of partid_ic.f: local variable pga never used
fort77  +e -c -K +U77 +ppu -v -o dali_HPUX10_x.o dali_HPUX10_x.f
LPATH is : /opt/fortran/lib/pa1.1:/usr/lib/pa1.1:/opt/fortran/lib:/usr/lib:/opt/langtools/lib
/opt/fortran/lbin/f77pass1 - -KFUPe -Oq00,al,ag,cn,Lm,sz,Ic,vo,lc,mf,po,es,rs,sp,in,vc,pi,fa,pe,Rr,Fl,pv,pa,nf,cp,lx,st,ap,Pg,ug,lu,dp,fs,bp,wp! dali_HPUX10_x.f dali_HPUX10_x.o 
dali_HPUX10_x.f:
   dgetmr:
   dgetmd:
   dgooba:
   dgetst:
   dgtint:
   dgpesc:
   dgetm:
       entry    dmctrm:
       entry    dgetm0:
       entry    dginma:
   dgopen:
   dfname:
   dspawn:
   dspapr:
   dgtrim:
   dgupcs:
   lenocc:
   dgwait:
   and:
   dgetin:
       entry    dgetcd:
   dgetln:
       entry    dgetlm:
   dgmmcb:
Warning on line 2639 of dali_HPUX10_x.f: jump into block from line 2527 of dali_HPUX10_x.f
   dgmrkm:
       entry    dgmrkf:
   dw_getln:
   dw_error_handling_setup:
       entry    dw_error_handling_stop:
 
   Linking dali_f1.HPUX10
 
fort77 -Wl,-u,aboldr_,-u,babend_,-u,dafrds_ -Wl,-u,ftrack_,-u,hmfind_,-u,mpredg_,-u,mpredm_,-u,muass_ -o dali_f1.HPUX10 algtdb_tficor.o dafilm.o dal_1.o dal_9.o dal_a.o dal_aleph.o dal_alpha_c.o dal_alpha_p.o dal_alpha_v.o dal_bcal.o dal_br.o dal_bt.o dal_c.o dal_d.o dal_e.o dal_f.o dal_geom.o dal_gr.o dal_h.o dal_i.o dal_j.o dal_k.o dal_l.o dal_m.o dal_n.o dal_o.o dal_p.o dal_qg.o dal_qz.o dal_r.o dal_s.o dal_t.o dal_u.o dal_var.o dal_vdet.o dal_vx.o dal_w.o dal_write.o dal_x.o dal_y.o dal_z.o dala_g.o dala_op.o dala_p.o dala_prnt_hlp.o dala_qg.o dala_qh.o dala_qz.o dala_t.o dala_w.o dala_y.o draw_state.o partid.o dali_HPUX10_x.o  dalb_x.o dali_x.o dali_meta.o /afs/cern.ch/aleph/HPUX10/phy/alenflw.o /afs/cern.ch/aleph/HPUX10/phy/libalpha.a /afs/cern.ch/aleph/HPUX10/phy/libmini.a /afs/cern.ch/aleph/HPUX10/jul/libjulia.a /afs/cern.ch/aleph/HPUX10/gen/liblook.a /afs/cern.ch/aleph/HPUX10/gen/libalephlib.a /afs/cern.ch/aleph/HPUX10/gen/libbos77.a `cernlib mathlib packlib` -lXt -lX11
/usr/ccs/bin/ld: (Warning) At least one PA 2.0 object file (algtdb_tficor.o) was detected. The linked output may not run on a PA 1.x system.
