 
   Making dali_f1.OSF1 i.e., DALI version f1 for OSF1
 
f77 -o ./ic.OSF1 -O ic.OSF1.f
cc  -float -c -DNo_Signals -std1 -o dalb_x.o dalb_x.c
cc  -float -c -DNo_Signals -std1 -o dali_x.o dali_x.c
cc  -float -c -DNo_Signals -std1 -o dali_meta.o dali_meta.c
./ic.OSF1 DALI_CF.INC algtdb_tficor.f algtdb_tficor_ic.f
f77  -fpe2 -warn nouncalled -warn uninitialized -c -static -assume backslash -o algtdb_tficor.o algtdb_tficor_ic.f
./ic.OSF1 DALI_CF.INC dafilm.f dafilm_ic.f
f77  -fpe2 -warn nouncalled -warn uninitialized -c -static -assume backslash -o dafilm.o dafilm_ic.f
./ic.OSF1 DALI_CF.INC dal_1.f dal_1_ic.f
f77  -fpe2 -warn nouncalled -warn uninitialized -c -static -assume backslash -o dal_1.o dal_1_ic.f
./ic.OSF1 DALI_CF.INC dal_9.f dal_9_ic.f
f77  -fpe2 -warn nouncalled -warn uninitialized -c -static -assume backslash -o dal_9.o dal_9_ic.f
./ic.OSF1 DALI_CF.INC dal_a.f dal_a_ic.f
f77  -fpe2 -warn nouncalled -warn uninitialized -c -static -assume backslash -o dal_a.o dal_a_ic.f
./ic.OSF1 DALI_CF.INC dal_aleph.f dal_aleph_ic.f
f77  -fpe2 -warn nouncalled -warn uninitialized -c -static -assume backslash -o dal_aleph.o dal_aleph_ic.f
./ic.OSF1 DALI_CF.INC dal_alpha_c.f dal_alpha_c_ic.f
f77  -fpe2 -warn nouncalled -warn uninitialized -c -static -assume backslash -o dal_alpha_c.o dal_alpha_c_ic.f
./ic.OSF1 DALI_CF.INC dal_alpha_p.f dal_alpha_p_ic.f
f77  -fpe2 -warn nouncalled -warn uninitialized -c -static -assume backslash -o dal_alpha_p.o dal_alpha_p_ic.f
./ic.OSF1 DALI_CF.INC dal_alpha_v.f dal_alpha_v_ic.f
f77  -fpe2 -warn nouncalled -warn uninitialized -c -static -assume backslash -o dal_alpha_v.o dal_alpha_v_ic.f
./ic.OSF1 DALI_CF.INC dal_bcal.f dal_bcal_ic.f
f77  -fpe2 -warn nouncalled -warn uninitialized -c -static -assume backslash -o dal_bcal.o dal_bcal_ic.f
./ic.OSF1 DALI_CF.INC dal_br.f dal_br_ic.f
f77  -fpe2 -warn nouncalled -warn uninitialized -c -static -assume backslash -o dal_br.o dal_br_ic.f
./ic.OSF1 DALI_CF.INC dal_bt.f dal_bt_ic.f
f77  -fpe2 -warn nouncalled -warn uninitialized -c -static -assume backslash -o dal_bt.o dal_bt_ic.f
./ic.OSF1 DALI_CF.INC dal_c.f dal_c_ic.f
f77  -fpe2 -warn nouncalled -warn uninitialized -c -static -assume backslash -o dal_c.o dal_c_ic.f
./ic.OSF1 DALI_CF.INC dal_d.f dal_d_ic.f
f77  -fpe2 -warn nouncalled -warn uninitialized -c -static -assume backslash -o dal_d.o dal_d_ic.f
./ic.OSF1 DALI_CF.INC dal_e.f dal_e_ic.f
f77  -fpe2 -warn nouncalled -warn uninitialized -c -static -assume backslash -o dal_e.o dal_e_ic.f
./ic.OSF1 DALI_CF.INC dal_f.f dal_f_ic.f
f77  -fpe2 -warn nouncalled -warn uninitialized -c -static -assume backslash -o dal_f.o dal_f_ic.f
./ic.OSF1 DALI_CF.INC dal_geom.f dal_geom_ic.f
f77  -fpe2 -warn nouncalled -warn uninitialized -c -static -assume backslash -o dal_geom.o dal_geom_ic.f
./ic.OSF1 DALI_CF.INC dal_gr.f dal_gr_ic.f
f77  -fpe2 -warn nouncalled -warn uninitialized -c -static -assume backslash -o dal_gr.o dal_gr_ic.f
./ic.OSF1 DALI_CF.INC dal_h.f dal_h_ic.f
f77  -fpe2 -warn nouncalled -warn uninitialized -c -static -assume backslash -o dal_h.o dal_h_ic.f
./ic.OSF1 DALI_CF.INC dal_i.f dal_i_ic.f
f77  -fpe2 -warn nouncalled -warn uninitialized -c -static -assume backslash -o dal_i.o dal_i_ic.f
./ic.OSF1 DALI_CF.INC dal_j.f dal_j_ic.f
f77  -fpe2 -warn nouncalled -warn uninitialized -c -static -assume backslash -o dal_j.o dal_j_ic.f
./ic.OSF1 DALI_CF.INC dal_k.f dal_k_ic.f
f77  -fpe2 -warn nouncalled -warn uninitialized -c -static -assume backslash -o dal_k.o dal_k_ic.f
./ic.OSF1 DALI_CF.INC dal_l.f dal_l_ic.f
f77  -fpe2 -warn nouncalled -warn uninitialized -c -static -assume backslash -o dal_l.o dal_l_ic.f
./ic.OSF1 DALI_CF.INC dal_m.f dal_m_ic.f
f77  -fpe2 -warn nouncalled -warn uninitialized -c -static -assume backslash -o dal_m.o dal_m_ic.f
./ic.OSF1 DALI_CF.INC dal_n.f dal_n_ic.f
f77  -fpe2 -warn nouncalled -warn uninitialized -c -static -assume backslash -o dal_n.o dal_n_ic.f
./ic.OSF1 DALI_CF.INC dal_o.f dal_o_ic.f
f77  -fpe2 -warn nouncalled -warn uninitialized -c -static -assume backslash -o dal_o.o dal_o_ic.f
./ic.OSF1 DALI_CF.INC dal_p.f dal_p_ic.f
f77  -fpe2 -warn nouncalled -warn uninitialized -c -static -assume backslash -o dal_p.o dal_p_ic.f
./ic.OSF1 DALI_CF.INC dal_qg.f dal_qg_ic.f
f77  -fpe2 -warn nouncalled -warn uninitialized -c -static -assume backslash -o dal_qg.o dal_qg_ic.f
./ic.OSF1 DALI_CF.INC dal_qz.f dal_qz_ic.f
f77  -fpe2 -warn nouncalled -warn uninitialized -c -static -assume backslash -o dal_qz.o dal_qz_ic.f
./ic.OSF1 DALI_CF.INC dal_r.f dal_r_ic.f
f77  -fpe2 -warn nouncalled -warn uninitialized -c -static -assume backslash -o dal_r.o dal_r_ic.f
./ic.OSF1 DALI_CF.INC dal_s.f dal_s_ic.f
f77  -fpe2 -warn nouncalled -warn uninitialized -c -static -assume backslash -o dal_s.o dal_s_ic.f
fort: Info: dal_s_ic.f, line 463: Questionable branch into loop or block
        GO TO 921
--------------^
./ic.OSF1 DALI_CF.INC dal_t.f dal_t_ic.f
f77  -fpe2 -warn nouncalled -warn uninitialized -c -static -assume backslash -o dal_t.o dal_t_ic.f
fort: Info: dal_t_ic.f, line 2512: Questionable branch into loop or block
          IF(L1.LT.1) GO TO 4
----------------------------^
./ic.OSF1 DALI_CF.INC dal_u.f dal_u_ic.f
f77  -fpe2 -warn nouncalled -warn uninitialized -c -static -assume backslash -o dal_u.o dal_u_ic.f
./ic.OSF1 DALI_CF.INC dal_var.f dal_var_ic.f
f77  -fpe2 -warn nouncalled -warn uninitialized -c -static -assume backslash -o dal_var.o dal_var_ic.f
fort: Info: dal_var_ic.f, line 507: Questionable branch into loop or block
           WRITE(T(34:39),'(F6.3)',ERR=12) ES
---------------------------------------^
fort: Info: dal_var_ic.f, line 8092: Questionable branch into loop or block
      IF(PARA .EQ. 0.0) GOTO 333
-----------------------------^
fort: Info: dal_var_ic.f, line 8122: Questionable branch into loop or block
      IF(RRMAQ.LT.0.0) GOTO 333
----------------------------^
./ic.OSF1 DALI_CF.INC dal_vdet.f dal_vdet_ic.f
f77  -fpe2 -warn nouncalled -warn uninitialized -c -static -assume backslash -o dal_vdet.o dal_vdet_ic.f
./ic.OSF1 DALI_CF.INC dal_vx.f dal_vx_ic.f
f77  -fpe2 -warn nouncalled -warn uninitialized -c -static -assume backslash -o dal_vx.o dal_vx_ic.f
fort: Info: dal_vx_ic.f, line 317: Questionable branch into loop or block
           WRITE(T(34:39),'(F6.3)',ERR=12) ES
---------------------------------------^
fort: Info: dal_vx_ic.f, line 1122: Questionable branch into loop or block
        GO TO 939
--------------^
./ic.OSF1 DALI_CF.INC dal_w.f dal_w_ic.f
f77  -fpe2 -warn nouncalled -warn uninitialized -c -static -assume backslash -o dal_w.o dal_w_ic.f
./ic.OSF1 DALI_CF.INC dal_write.f dal_write_ic.f
f77  -fpe2 -warn nouncalled -warn uninitialized -c -static -assume backslash -o dal_write.o dal_write_ic.f
./ic.OSF1 DALI_CF.INC dal_x.f dal_x_ic.f
f77  -fpe2 -warn nouncalled -warn uninitialized -c -static -assume backslash -o dal_x.o dal_x_ic.f
./ic.OSF1 DALI_CF.INC dal_y.f dal_y_ic.f
f77  -fpe2 -warn nouncalled -warn uninitialized -c -static -assume backslash -o dal_y.o dal_y_ic.f
./ic.OSF1 DALI_CF.INC dal_z.f dal_z_ic.f
f77  -fpe2 -warn nouncalled -warn uninitialized -c -static -assume backslash -o dal_z.o dal_z_ic.f
./ic.OSF1 DALI_CF.INC dala_g.f dala_g_ic.f
f77  -fpe2 -warn nouncalled -warn uninitialized -c -static -assume backslash -o dala_g.o dala_g_ic.f
./ic.OSF1 DALI_CF.INC dala_op.f dala_op_ic.f
f77  -fpe2 -warn nouncalled -warn uninitialized -c -static -assume backslash -o dala_op.o dala_op_ic.f
./ic.OSF1 DALI_CF.INC dala_p.f dala_p_ic.f
f77  -fpe2 -warn nouncalled -warn uninitialized -c -static -assume backslash -o dala_p.o dala_p_ic.f
./ic.OSF1 DALI_CF.INC dala_prnt_hlp.f dala_prnt_hlp_ic.f
f77  -fpe2 -warn nouncalled -warn uninitialized -c -static -assume backslash -o dala_prnt_hlp.o dala_prnt_hlp_ic.f
./ic.OSF1 DALI_CF.INC dala_qg.f dala_qg_ic.f
f77  -fpe2 -warn nouncalled -warn uninitialized -c -static -assume backslash -o dala_qg.o dala_qg_ic.f
./ic.OSF1 DALI_CF.INC dala_qh.f dala_qh_ic.f
f77  -fpe2 -warn nouncalled -warn uninitialized -c -static -assume backslash -o dala_qh.o dala_qh_ic.f
./ic.OSF1 DALI_CF.INC dala_qz.f dala_qz_ic.f
f77  -fpe2 -warn nouncalled -warn uninitialized -c -static -assume backslash -o dala_qz.o dala_qz_ic.f
./ic.OSF1 DALI_CF.INC dala_t.f dala_t_ic.f
f77  -fpe2 -warn nouncalled -warn uninitialized -c -static -assume backslash -o dala_t.o dala_t_ic.f
./ic.OSF1 DALI_CF.INC dala_w.f dala_w_ic.f
f77  -fpe2 -warn nouncalled -warn uninitialized -c -static -assume backslash -o dala_w.o dala_w_ic.f
./ic.OSF1 DALI_CF.INC dala_y.f dala_y_ic.f
f77  -fpe2 -warn nouncalled -warn uninitialized -c -static -assume backslash -o dala_y.o dala_y_ic.f
./ic.OSF1 DALI_CF.INC draw_state.f draw_state_ic.f
f77  -fpe2 -warn nouncalled -warn uninitialized -c -static -assume backslash -o draw_state.o draw_state_ic.f
./ic.OSF1 DALI_CF.INC partid.f partid_ic.f
f77  -fpe2 -warn nouncalled -warn uninitialized -c -static -assume backslash -o partid.o partid_ic.f
f77  -fpe2 -warn nouncalled -warn uninitialized -c -static -assume backslash -o dali_OSF1_x.o dali_OSF1_x.f
fort: Info: dali_OSF1_x.f, line 2512: Questionable branch into loop or block
            GOTO 280
-----------------^
 
   Linking dali_f1.OSF1
 
f77 -Wl,-u,aboldr_,-u,babend_,-u,dafrds_ -Wl,-u,ftrack_,-u,hmfind_,-u,mpredg_,-u,mpredm_,-u,muass_ -o dali_f1.OSF1 algtdb_tficor.o dafilm.o dal_1.o dal_9.o dal_a.o dal_aleph.o dal_alpha_c.o dal_alpha_p.o dal_alpha_v.o dal_bcal.o dal_br.o dal_bt.o dal_c.o dal_d.o dal_e.o dal_f.o dal_geom.o dal_gr.o dal_h.o dal_i.o dal_j.o dal_k.o dal_l.o dal_m.o dal_n.o dal_o.o dal_p.o dal_qg.o dal_qz.o dal_r.o dal_s.o dal_t.o dal_u.o dal_var.o dal_vdet.o dal_vx.o dal_w.o dal_write.o dal_x.o dal_y.o dal_z.o dala_g.o dala_op.o dala_p.o dala_prnt_hlp.o dala_qg.o dala_qh.o dala_qz.o dala_t.o dala_w.o dala_y.o draw_state.o partid.o dali_OSF1_x.o  dalb_x.o dali_x.o dali_meta.o /afs/cern.ch/aleph/OSF1/phy/alenflw.o /afs/cern.ch/aleph/OSF1/phy/libalpha.a /afs/cern.ch/aleph/OSF1/phy/libmini.a /afs/cern.ch/aleph/OSF1/jul/libjulia.a /afs/cern.ch/aleph/OSF1/gen/liblook.a /afs/cern.ch/aleph/OSF1/gen/libalephlib.a /afs/cern.ch/aleph/OSF1/gen/libbos77.a `cernlib mathlib packlib` -lXt -lX11
