 
   Making dali_f1.Linux i.e., DALI version f1 for Linux
 
g77 -o ./ic.Linux -fdollar-ok -fbackslash -O ic.Linux.f
cc  -c -DNo_Signals -o dalb_x.o dalb_x.c
cc  -c -DNo_Signals -o dali_x.o dali_x.c
cc  -c -DNo_Signals -o dali_meta.o dali_meta.c
./ic.Linux DALI_CF.INC algtdb_tficor.f algtdb_tficor_ic.f
g77  -fdollar-ok -c -fno-backslash -fno-automatic -fno-second-underscore -fno-globals -Wno-globals -o algtdb_tficor.o algtdb_tficor_ic.f
./ic.Linux DALI_CF.INC dafilm.f dafilm_ic.f
g77  -fdollar-ok -c -fno-backslash -fno-automatic -fno-second-underscore -fno-globals -Wno-globals -o dafilm.o dafilm_ic.f
./ic.Linux DALI_CF.INC dal_1.f dal_1_ic.f
g77  -fdollar-ok -c -fno-backslash -fno-automatic -fno-second-underscore -fno-globals -Wno-globals -o dal_1.o dal_1_ic.f
./ic.Linux DALI_CF.INC dal_9.f dal_9_ic.f
g77  -fdollar-ok -c -fno-backslash -fno-automatic -fno-second-underscore -fno-globals -Wno-globals -o dal_9.o dal_9_ic.f
./ic.Linux DALI_CF.INC dal_a.f dal_a_ic.f
g77  -fdollar-ok -c -fno-backslash -fno-automatic -fno-second-underscore -fno-globals -Wno-globals -o dal_a.o dal_a_ic.f
./ic.Linux DALI_CF.INC dal_aleph.f dal_aleph_ic.f
g77  -fdollar-ok -c -fno-backslash -fno-automatic -fno-second-underscore -fno-globals -Wno-globals -o dal_aleph.o dal_aleph_ic.f
./ic.Linux DALI_CF.INC dal_alpha_c.f dal_alpha_c_ic.f
g77  -fdollar-ok -c -fno-backslash -fno-automatic -fno-second-underscore -fno-globals -Wno-globals -o dal_alpha_c.o dal_alpha_c_ic.f
./ic.Linux DALI_CF.INC dal_alpha_p.f dal_alpha_p_ic.f
g77  -fdollar-ok -c -fno-backslash -fno-automatic -fno-second-underscore -fno-globals -Wno-globals -o dal_alpha_p.o dal_alpha_p_ic.f
./ic.Linux DALI_CF.INC dal_alpha_v.f dal_alpha_v_ic.f
g77  -fdollar-ok -c -fno-backslash -fno-automatic -fno-second-underscore -fno-globals -Wno-globals -o dal_alpha_v.o dal_alpha_v_ic.f
./ic.Linux DALI_CF.INC dal_bcal.f dal_bcal_ic.f
g77  -fdollar-ok -c -fno-backslash -fno-automatic -fno-second-underscore -fno-globals -Wno-globals -o dal_bcal.o dal_bcal_ic.f
./ic.Linux DALI_CF.INC dal_br.f dal_br_ic.f
g77  -fdollar-ok -c -fno-backslash -fno-automatic -fno-second-underscore -fno-globals -Wno-globals -o dal_br.o dal_br_ic.f
./ic.Linux DALI_CF.INC dal_bt.f dal_bt_ic.f
g77  -fdollar-ok -c -fno-backslash -fno-automatic -fno-second-underscore -fno-globals -Wno-globals -o dal_bt.o dal_bt_ic.f
./ic.Linux DALI_CF.INC dal_c.f dal_c_ic.f
g77  -fdollar-ok -c -fno-backslash -fno-automatic -fno-second-underscore -fno-globals -Wno-globals -o dal_c.o dal_c_ic.f
./ic.Linux DALI_CF.INC dal_d.f dal_d_ic.f
g77  -fdollar-ok -c -fno-backslash -fno-automatic -fno-second-underscore -fno-globals -Wno-globals -o dal_d.o dal_d_ic.f
./ic.Linux DALI_CF.INC dal_e.f dal_e_ic.f
g77  -fdollar-ok -c -fno-backslash -fno-automatic -fno-second-underscore -fno-globals -Wno-globals -o dal_e.o dal_e_ic.f
./ic.Linux DALI_CF.INC dal_f.f dal_f_ic.f
g77  -fdollar-ok -c -fno-backslash -fno-automatic -fno-second-underscore -fno-globals -Wno-globals -o dal_f.o dal_f_ic.f
./ic.Linux DALI_CF.INC dal_geom.f dal_geom_ic.f
g77  -fdollar-ok -c -fno-backslash -fno-automatic -fno-second-underscore -fno-globals -Wno-globals -o dal_geom.o dal_geom_ic.f
./ic.Linux DALI_CF.INC dal_gr.f dal_gr_ic.f
g77  -fdollar-ok -c -fno-backslash -fno-automatic -fno-second-underscore -fno-globals -Wno-globals -o dal_gr.o dal_gr_ic.f
./ic.Linux DALI_CF.INC dal_h.f dal_h_ic.f
g77  -fdollar-ok -c -fno-backslash -fno-automatic -fno-second-underscore -fno-globals -Wno-globals -o dal_h.o dal_h_ic.f
./ic.Linux DALI_CF.INC dal_i.f dal_i_ic.f
g77  -fdollar-ok -c -fno-backslash -fno-automatic -fno-second-underscore -fno-globals -Wno-globals -o dal_i.o dal_i_ic.f
./ic.Linux DALI_CF.INC dal_j.f dal_j_ic.f
g77  -fdollar-ok -c -fno-backslash -fno-automatic -fno-second-underscore -fno-globals -Wno-globals -o dal_j.o dal_j_ic.f
./ic.Linux DALI_CF.INC dal_k.f dal_k_ic.f
g77  -fdollar-ok -c -fno-backslash -fno-automatic -fno-second-underscore -fno-globals -Wno-globals -o dal_k.o dal_k_ic.f
./ic.Linux DALI_CF.INC dal_l.f dal_l_ic.f
g77  -fdollar-ok -c -fno-backslash -fno-automatic -fno-second-underscore -fno-globals -Wno-globals -o dal_l.o dal_l_ic.f
./ic.Linux DALI_CF.INC dal_m.f dal_m_ic.f
g77  -fdollar-ok -c -fno-backslash -fno-automatic -fno-second-underscore -fno-globals -Wno-globals -o dal_m.o dal_m_ic.f
./ic.Linux DALI_CF.INC dal_n.f dal_n_ic.f
g77  -fdollar-ok -c -fno-backslash -fno-automatic -fno-second-underscore -fno-globals -Wno-globals -o dal_n.o dal_n_ic.f
./ic.Linux DALI_CF.INC dal_o.f dal_o_ic.f
g77  -fdollar-ok -c -fno-backslash -fno-automatic -fno-second-underscore -fno-globals -Wno-globals -o dal_o.o dal_o_ic.f
./ic.Linux DALI_CF.INC dal_p.f dal_p_ic.f
g77  -fdollar-ok -c -fno-backslash -fno-automatic -fno-second-underscore -fno-globals -Wno-globals -o dal_p.o dal_p_ic.f
./ic.Linux DALI_CF.INC dal_qg.f dal_qg_ic.f
g77  -fdollar-ok -c -fno-backslash -fno-automatic -fno-second-underscore -fno-globals -Wno-globals -o dal_qg.o dal_qg_ic.f
./ic.Linux DALI_CF.INC dal_qz.f dal_qz_ic.f
g77  -fdollar-ok -c -fno-backslash -fno-automatic -fno-second-underscore -fno-globals -Wno-globals -o dal_qz.o dal_qz_ic.f
./ic.Linux DALI_CF.INC dal_r.f dal_r_ic.f
g77  -fdollar-ok -c -fno-backslash -fno-automatic -fno-second-underscore -fno-globals -Wno-globals -o dal_r.o dal_r_ic.f
./ic.Linux DALI_CF.INC dal_s.f dal_s_ic.f
g77  -fdollar-ok -c -fno-backslash -fno-automatic -fno-second-underscore -fno-globals -Wno-globals -o dal_s.o dal_s_ic.f
dal_s_ic.f: In subroutine `dsim':
dal_s_ic.f:466: warning:
           GO TO 921
                 1
dal_s_ic.f:478: (continued):
     921   AD=NUMAD
     2
Reference to label at (1) is outside block containing definition at (2)
./ic.Linux DALI_CF.INC dal_t.f dal_t_ic.f
g77  -fdollar-ok -c -fno-backslash -fno-automatic -fno-second-underscore -fno-globals -Wno-globals -o dal_t.o dal_t_ic.f
./ic.Linux DALI_CF.INC dal_u.f dal_u_ic.f
g77  -fdollar-ok -c -fno-backslash -fno-automatic -fno-second-underscore -fno-globals -Wno-globals -o dal_u.o dal_u_ic.f
./ic.Linux DALI_CF.INC dal_var.f dal_var_ic.f
g77  -fdollar-ok -c -fno-backslash -fno-automatic -fno-second-underscore -fno-globals -Wno-globals -o dal_var.o dal_var_ic.f
dal_var_ic.f: In subroutine `dv_pick':
dal_var_ic.f:490: warning:
      12        T(44:46)=DT3(CL)
      1
dal_var_ic.f:509: (continued):
              WRITE(T(34:39),'(F6.3)',ERR=12) ES
                                          2
Reference to label at (2) is outside block containing definition at (1)
dal_var_ic.f: In subroutine `dvvenf':
dal_var_ic.f:8123: warning:
         IF(PARA .EQ. 0.0) GOTO 333
                                1
dal_var_ic.f:8129: (continued):
     333   IF(IMA.GT.0) THEN
     2
Reference to label at (1) is outside block containing definition at (2)
dal_var_ic.f:8129: warning:
     333   IF(IMA.GT.0) THEN
     1
dal_var_ic.f:8153: (continued):
         IF(RRMAQ.LT.0.0) GOTO 333
                               2
Reference to label at (2) is outside block containing definition at (1)
./ic.Linux DALI_CF.INC dal_vdet.f dal_vdet_ic.f
g77  -fdollar-ok -c -fno-backslash -fno-automatic -fno-second-underscore -fno-globals -Wno-globals -o dal_vdet.o dal_vdet_ic.f
./ic.Linux DALI_CF.INC dal_vx.f dal_vx_ic.f
g77  -fdollar-ok -c -fno-backslash -fno-automatic -fno-second-underscore -fno-globals -Wno-globals -o dal_vx.o dal_vx_ic.f
dal_vx_ic.f: In subroutine `dv0typ':
dal_vx_ic.f:299: warning:
      12        T(44:46)=DT3(CL)
      1
dal_vx_ic.f:318: (continued):
              WRITE(T(34:39),'(F6.3)',ERR=12) ES
                                          2
Reference to label at (2) is outside block containing definition at (1)
dal_vx_ic.f: In subroutine `dvx':
dal_vx_ic.f:1125: warning:
           GO TO 939
                 1
dal_vx_ic.f:1134: (continued):
     939   DO K=1,MP2
     2
Reference to label at (1) is outside block containing definition at (2)
./ic.Linux DALI_CF.INC dal_w.f dal_w_ic.f
g77  -fdollar-ok -c -fno-backslash -fno-automatic -fno-second-underscore -fno-globals -Wno-globals -o dal_w.o dal_w_ic.f
./ic.Linux DALI_CF.INC dal_write.f dal_write_ic.f
g77  -fdollar-ok -c -fno-backslash -fno-automatic -fno-second-underscore -fno-globals -Wno-globals -o dal_write.o dal_write_ic.f
./ic.Linux DALI_CF.INC dal_x.f dal_x_ic.f
g77  -fdollar-ok -c -fno-backslash -fno-automatic -fno-second-underscore -fno-globals -Wno-globals -o dal_x.o dal_x_ic.f
./ic.Linux DALI_CF.INC dal_y.f dal_y_ic.f
g77  -fdollar-ok -c -fno-backslash -fno-automatic -fno-second-underscore -fno-globals -Wno-globals -o dal_y.o dal_y_ic.f
./ic.Linux DALI_CF.INC dal_z.f dal_z_ic.f
g77  -fdollar-ok -c -fno-backslash -fno-automatic -fno-second-underscore -fno-globals -Wno-globals -o dal_z.o dal_z_ic.f
./ic.Linux DALI_CF.INC dala_g.f dala_g_ic.f
g77  -fdollar-ok -c -fno-backslash -fno-automatic -fno-second-underscore -fno-globals -Wno-globals -o dala_g.o dala_g_ic.f
./ic.Linux DALI_CF.INC dala_op.f dala_op_ic.f
g77  -fdollar-ok -c -fno-backslash -fno-automatic -fno-second-underscore -fno-globals -Wno-globals -o dala_op.o dala_op_ic.f
./ic.Linux DALI_CF.INC dala_p.f dala_p_ic.f
g77  -fdollar-ok -c -fno-backslash -fno-automatic -fno-second-underscore -fno-globals -Wno-globals -o dala_p.o dala_p_ic.f
./ic.Linux DALI_CF.INC dala_prnt_hlp.f dala_prnt_hlp_ic.f
g77  -fdollar-ok -c -fno-backslash -fno-automatic -fno-second-underscore -fno-globals -Wno-globals -o dala_prnt_hlp.o dala_prnt_hlp_ic.f
./ic.Linux DALI_CF.INC dala_qg.f dala_qg_ic.f
g77  -fdollar-ok -c -fno-backslash -fno-automatic -fno-second-underscore -fno-globals -Wno-globals -o dala_qg.o dala_qg_ic.f
./ic.Linux DALI_CF.INC dala_qh.f dala_qh_ic.f
g77  -fdollar-ok -c -fno-backslash -fno-automatic -fno-second-underscore -fno-globals -Wno-globals -o dala_qh.o dala_qh_ic.f
./ic.Linux DALI_CF.INC dala_qz.f dala_qz_ic.f
g77  -fdollar-ok -c -fno-backslash -fno-automatic -fno-second-underscore -fno-globals -Wno-globals -o dala_qz.o dala_qz_ic.f
./ic.Linux DALI_CF.INC dala_t.f dala_t_ic.f
g77  -fdollar-ok -c -fno-backslash -fno-automatic -fno-second-underscore -fno-globals -Wno-globals -o dala_t.o dala_t_ic.f
./ic.Linux DALI_CF.INC dala_w.f dala_w_ic.f
g77  -fdollar-ok -c -fno-backslash -fno-automatic -fno-second-underscore -fno-globals -Wno-globals -o dala_w.o dala_w_ic.f
./ic.Linux DALI_CF.INC dala_y.f dala_y_ic.f
g77  -fdollar-ok -c -fno-backslash -fno-automatic -fno-second-underscore -fno-globals -Wno-globals -o dala_y.o dala_y_ic.f
./ic.Linux DALI_CF.INC draw_state.f draw_state_ic.f
g77  -fdollar-ok -c -fno-backslash -fno-automatic -fno-second-underscore -fno-globals -Wno-globals -o draw_state.o draw_state_ic.f
./ic.Linux DALI_CF.INC partid.f partid_ic.f
g77  -fdollar-ok -c -fno-backslash -fno-automatic -fno-second-underscore -fno-globals -Wno-globals -o partid.o partid_ic.f
g77  -fdollar-ok -c -fno-backslash -fno-automatic -fno-second-underscore -fno-globals -Wno-globals -o dali_Linux_x.o dali_Linux_x.f
 
   Linking dali_f1.Linux
 
g77 -Wl,-u,aboldr_,-u,babend_,-u,dafrds_ -Wl,-u,ftrack_,-u,hmfind_,-u,mpredg_,-u,mpredm_,-u,muass_ -o dali_f1.Linux algtdb_tficor.o dafilm.o dal_1.o dal_9.o dal_a.o dal_aleph.o dal_alpha_c.o dal_alpha_p.o dal_alpha_v.o dal_bcal.o dal_br.o dal_bt.o dal_c.o dal_d.o dal_e.o dal_f.o dal_geom.o dal_gr.o dal_h.o dal_i.o dal_j.o dal_k.o dal_l.o dal_m.o dal_n.o dal_o.o dal_p.o dal_qg.o dal_qz.o dal_r.o dal_s.o dal_t.o dal_u.o dal_var.o dal_vdet.o dal_vx.o dal_w.o dal_write.o dal_x.o dal_y.o dal_z.o dala_g.o dala_op.o dala_p.o dala_prnt_hlp.o dala_qg.o dala_qh.o dala_qz.o dala_t.o dala_w.o dala_y.o draw_state.o partid.o dali_Linux_x.o  dalb_x.o dali_x.o dali_meta.o /afs/cern.ch/aleph/Linux/phy/alenflw.o /afs/cern.ch/aleph/Linux/phy/libalpha.a /afs/cern.ch/aleph/Linux/phy/libmini.a /afs/cern.ch/aleph/Linux/jul/libjulia.a /afs/cern.ch/aleph/Linux/gen/liblook.a /afs/cern.ch/aleph/Linux/gen/libalephlib.a /afs/cern.ch/aleph/Linux/gen/libbos77.a `cernlib mathlib packlib` -L/usr/X11R6/lib -lXt -lX11
