/var/tmp/fcpFAAa06482:
   lkalptab:
/var/tmp/fcpFAAa06482:
   lkattprms:
/var/tmp/fcpFAAa06482:
   lkbank:
/var/tmp/fcpFAAa06482:
   lkblen:
/var/tmp/fcpFAAa06482:
   lkchkru:
/var/tmp/fcpFAAa06482:
   lkcompa:
/var/tmp/fcpFAAa06482:
   lkdcomm2:
/var/tmp/fcpFAAa06482:
   lkddl:
/var/tmp/fcpFAAa06482:
   lkeditb:
/var/tmp/fcpFAAa06482:
   lkequal:
/var/tmp/fcpFAAa06482:
   lkfili:
       entry    lkfilo:
/var/tmp/fcpFAAa06482:
   lkgtevt:
       entry    lkgtevr:
/var/tmp/fcpFAAa06482:
   lkgtint:
/var/tmp/fcpFAAa06482:
   lkgtnam:
/var/tmp/fcpFAAa06482:
   lkgtpar:
/var/tmp/fcpFAAa06482:
   lkgtunp:
/var/tmp/fcpFAAa06482:
   lkhelp:
/var/tmp/fcpFAAa06482:
   lkinit:
/var/tmp/fcpFAAa06482:
   lkk7ru:
/var/tmp/fcpFAAa06482:
   lkkey:
/var/tmp/fcpFAAa06482:
   lklook:
/var/tmp/fcpFAAa06482:
   lklwrd:
/var/tmp/fcpFAAa06482:
   MAIN lkmain:
/var/tmp/fcpFAAa06482:
   lkmins:
/var/tmp/fcpFAAa06482:
   lknice:
/var/tmp/fcpFAAa06482:
   lknwseq:
/var/tmp/fcpFAAa06482:
   lkopdaf:
/var/tmp/fcpFAAa06482:
   lkoprd:
       entry    lkoprd1:
/var/tmp/fcpFAAa06482:
   lkopti:
/var/tmp/fcpFAAa06482:
   lkopwr:
/var/tmp/fcpFAAa06482:
   lkplus:
/var/tmp/fcpFAAa06482:
   lkprbnk:
/var/tmp/fcpFAAa06482:
   lkprcom:
/var/tmp/fcpFAAa06482:
   lkprddl:
/var/tmp/fcpFAAa06482:
   lkpreve:
/var/tmp/fcpFAAa06482:
   lkprin:
/var/tmp/fcpFAAa06482:
   lkprrow:
/var/tmp/fcpFAAa06482:
   lkrcar:
/var/tmp/fcpFAAa06482:
   lkrdaf:
/var/tmp/fcpFAAa06482:
   lkreac:
/var/tmp/fcpFAAa06482:
   lkread0:
/var/tmp/fcpFAAa06482:
   lkrecal:
/var/tmp/fcpFAAa06482:
   lkrmvsp:
/var/tmp/fcpFAAa06482:
   lkrrec:
/var/tmp/fcpFAAa06482:
   lkrwnd:
/var/tmp/fcpFAAa06482:
   lkscan:
/var/tmp/fcpFAAa06482:
   lkscenter:
/var/tmp/fcpFAAa06482:
   lkshow:
/var/tmp/fcpFAAa06482:
   lkstat:
/var/tmp/fcpFAAa06482:
   lkstcom:
/var/tmp/fcpFAAa06482:
   lkstout:
       entry    lkrsout:
/var/tmp/fcpFAAa06482:
   lkstunp:
       entry    lkrsunp:
/var/tmp/fcpFAAa06482:
   lktrint:
/var/tmp/fcpFAAa06482:
   lkwrcar:
/var/tmp/fcpFAAa06482:
   lkwrlis:
/var/tmp/fcpFAAa06482:
   lkxedit:
       entry    lkxunit:
