fort: Info: ../adbver.f, line 53: Character or Hollerith constant continued across lines; may be non-portable
         WRITE (LOUT,'(/1X,''+++ADBVER+++ ADBSCONS DAF version '',I5,
--------------------------------------------------------------------^
fort: Info: ../adbver.f, line 54: Character or Hollerith constant continued across lines; may be non-portable
     &               3X,''date of last change '',I7,3X,''opened on'',
--------------------------------------------------------------------^
fort: Info: ../adbver.f, line 55: Character or Hollerith constant continued across lines; may be non-portable
     &               '' unit#'',I3
---------------------------------^
fort: Info: ../adbver.f, line 53: Character or Hollerith constant continued across lines; may be non-portable
         WRITE (LOUT,'(/1X,''+++ADBVER+++ ADBSCONS DAF version '',I5,
--------------------------------------------------------------------^
fort: Info: ../adbver.f, line 54: Character or Hollerith constant continued across lines; may be non-portable
     &               3X,''date of last change '',I7,3X,''opened on'',
--------------------------------------------------------------------^
fort: Info: ../adbver.f, line 55: Character or Hollerith constant continued across lines; may be non-portable
     &               '' unit#'',I3
---------------------------------^
fort: Info: ../alsumcl.f, line 118: Character or Hollerith constant continued across lines; may be non-portable
        WRITE (LOUTRL,'(5X,''Total number of events '',I8,5X,
------------------------------------------------------------^
fort: Info: ../alsumcl.f, line 118: Character or Hollerith constant continued across lines; may be non-portable
        WRITE (LOUTRL,'(5X,''Total number of events '',I8,5X,
------------------------------------------------------------^
fort: Warning: ../fyirun.f, line 104: Expression does not contribute to result
            ELISAD = ELISAD//'FSTRFSCOFLTRFLCOFTOCFTTMFTCM'
---------------------^
fort: Info: ../kinit.f, line 130: Character or Hollerith constant continued across lines; may be non-portable
           WRITE (IW(6),'(/1X,''KINIT: wrong output file name'',
---------------------------------------------------------------^
fort: Info: ../kinit.f, line 130: Character or Hollerith constant continued across lines; may be non-portable
           WRITE (IW(6),'(/1X,''KINIT: wrong output file name'',
---------------------------------------------------------------^
fort: Info: ../kinit.f, line 139: Character or Hollerith constant continued across lines; may be non-portable
           WRITE (IW(6),'(/1X,''KINIT: cannot open output file'',
----------------------------------------------------------------^
fort: Info: ../kinit.f, line 139: Character or Hollerith constant continued across lines; may be non-portable
           WRITE (IW(6),'(/1X,''KINIT: cannot open output file'',
----------------------------------------------------------------^
fort: Info: ../kinit.f, line 165: Character or Hollerith constant continued across lines; may be non-portable
         WRITE (IW(6),'(/1X,''error in reading data base - STOP'',
-----------------------------------------------------------------^
fort: Info: ../kinit.f, line 165: Character or Hollerith constant continued across lines; may be non-portable
         WRITE (IW(6),'(/1X,''error in reading data base - STOP'',
-----------------------------------------------------------------^
fort: Info: ../kxl7al.f, line 152: Character or Hollerith constant continued across lines; may be non-portable
           WRITE (IW(6),'(/1X,''+++KXL7AL+++ not enough space to save''
----------------------------------------------------------------------^
fort: Info: ../kxl7al.f, line 153: Character or Hollerith constant continued across lines; may be non-portable
     &         ,'' the event :# of tracks = '',I2,2X,''allowed = '',I2
---------------------------------------------------------------------^
fort: Info: ../kxl7al.f, line 152: Character or Hollerith constant continued across lines; may be non-portable
           WRITE (IW(6),'(/1X,''+++KXL7AL+++ not enough space to save''
----------------------------------------------------------------------^
fort: Info: ../kxl7al.f, line 153: Character or Hollerith constant continued across lines; may be non-portable
     &         ,'' the event :# of tracks = '',I2,2X,''allowed = '',I2
---------------------------------------------------------------------^
fort: Info: ../kxl7br.f, line 147: Character or Hollerith constant continued across lines; may be non-portable
          IF (IW(6).GT.0) WRITE(IW(6),'(''===KXL7BR ====you try to modi
----------------------------------------------------------------------^
fort: Info: ../kxl7br.f, line 147: Character or Hollerith constant continued across lines; may be non-portable
          IF (IW(6).GT.0) WRITE(IW(6),'(''===KXL7BR ====you try to modi
----------------------------------------------------------------------^
fort: Info: ../kxl7br.f, line 182: Character or Hollerith constant continued across lines; may be non-portable
          IF (IW(6).GT.0) WRITE(IW(6),'(''===KXL7BR ==== BR numbers do
---------------------------------------------------------------------^
fort: Info: ../kxl7br.f, line 182: Character or Hollerith constant continued across lines; may be non-portable
          IF (IW(6).GT.0) WRITE(IW(6),'(''===KXL7BR ==== BR numbers do
---------------------------------------------------------------------^
fort: Info: ../kxlual.f, line 149: Character or Hollerith constant continued across lines; may be non-portable
         WRITE (IW(6),'(/1X,''+++KXLUAL+++ not enough space to save''
--------------------------------------------------------------------^
fort: Info: ../kxlual.f, line 150: Character or Hollerith constant continued across lines; may be non-portable
     &         ,'' the event :# of tracks = '',I2,2X,''allowed = '',I2
---------------------------------------------------------------------^
fort: Info: ../kxlual.f, line 149: Character or Hollerith constant continued across lines; may be non-portable
         WRITE (IW(6),'(/1X,''+++KXLUAL+++ not enough space to save''
--------------------------------------------------------------------^
fort: Info: ../kxlual.f, line 150: Character or Hollerith constant continued across lines; may be non-portable
     &         ,'' the event :# of tracks = '',I2,2X,''allowed = '',I2
---------------------------------------------------------------------^
fort: Info: ../saprdi.f, line 51: Character or Hollerith constant continued across lines; may be non-portable
      WRITE(LOUT,'(/1X,''+++SAPRDI printout of SADI bank,'',
-----------------------------------------------------------^
fort: Info: ../saprdi.f, line 52: Character or Hollerith constant continued across lines; may be non-portable
     &   '' number of data words or TDCs :'',I5,
-----------------------------------------------^
fort: Info: ../saprdi.f, line 53: Character or Hollerith constant continued across lines; may be non-portable
     &   /''        raw  data        decoded in'',/'' #word'',
-------------------------------------------------------------^
fort: Info: ../saprdi.f, line 51: Character or Hollerith constant continued across lines; may be non-portable
      WRITE(LOUT,'(/1X,''+++SAPRDI printout of SADI bank,'',
-----------------------------------------------------------^
fort: Info: ../saprdi.f, line 52: Character or Hollerith constant continued across lines; may be non-portable
     &   '' number of data words or TDCs :'',I5,
-----------------------------------------------^
fort: Info: ../saprdi.f, line 53: Character or Hollerith constant continued across lines; may be non-portable
     &   /''        raw  data        decoded in'',/'' #word'',
-------------------------------------------------------------^
fort: Info: ../saprhi.f, line 50: Character or Hollerith constant continued across lines; may be non-portable
      WRITE(LOUT,'(/1X,''+++SAPRHI printout of SAHI bank,'',
-----------------------------------------------------------^
fort: Info: ../saprhi.f, line 51: Character or Hollerith constant continued across lines; may be non-portable
     &   '' number of data words or hits  :'',I5,
------------------------------------------------^
fort: Info: ../saprhi.f, line 52: Character or Hollerith constant continued across lines; may be non-portable
     &   /''        raw  data        decoded in'',/'' #word'',
-------------------------------------------------------------^
fort: Info: ../saprhi.f, line 53: Character or Hollerith constant continued across lines; may be non-portable
     &   ''     in HEX       ISIDe     ILAYer    ISECtor   IWIRe'',
------------------------------------------------------------------^
fort: Info: ../saprhi.f, line 50: Character or Hollerith constant continued across lines; may be non-portable
      WRITE(LOUT,'(/1X,''+++SAPRHI printout of SAHI bank,'',
-----------------------------------------------------------^
fort: Info: ../saprhi.f, line 51: Character or Hollerith constant continued across lines; may be non-portable
     &   '' number of data words or hits  :'',I5,
------------------------------------------------^
fort: Info: ../saprhi.f, line 52: Character or Hollerith constant continued across lines; may be non-portable
     &   /''        raw  data        decoded in'',/'' #word'',
-------------------------------------------------------------^
fort: Info: ../saprhi.f, line 53: Character or Hollerith constant continued across lines; may be non-portable
     &   ''     in HEX       ISIDe     ILAYer    ISECtor   IWIRe'',
------------------------------------------------------------------^
fort: Info: ../tgepbk.f, line 36: Character or Hollerith constant continued across lines; may be non-portable
      WRITE (IW(6),'(//1X,''-------------- START printout of TCGD'',
-------------------------------------------------------------------^
fort: Info: ../tgepbk.f, line 36: Character or Hollerith constant continued across lines; may be non-portable
      WRITE (IW(6),'(//1X,''-------------- START printout of TCGD'',
-------------------------------------------------------------------^
fort: Info: ../tgepbk.f, line 49: Character or Hollerith constant continued across lines; may be non-portable
      WRITE (IW(6),'(//1X,''-------------- START printout of TSLO'',
-------------------------------------------------------------------^
fort: Info: ../tgepbk.f, line 49: Character or Hollerith constant continued across lines; may be non-portable
      WRITE (IW(6),'(//1X,''-------------- START printout of TSLO'',
-------------------------------------------------------------------^
fort: Info: ../tgepbk.f, line 62: Character or Hollerith constant continued across lines; may be non-portable
      WRITE (IW(6),'(//1X,''-------------- START printout of TMTY'',
-------------------------------------------------------------------^
fort: Info: ../tgepbk.f, line 62: Character or Hollerith constant continued across lines; may be non-portable
      WRITE (IW(6),'(//1X,''-------------- START printout of TMTY'',
-------------------------------------------------------------------^
fort: Info: ../tgepbk.f, line 79: Character or Hollerith constant continued across lines; may be non-portable
      WRITE (IW(6),'(//1X,''-------------- START printout of TSGM'',
-------------------------------------------------------------------^
fort: Info: ../tgepbk.f, line 79: Character or Hollerith constant continued across lines; may be non-portable
      WRITE (IW(6),'(//1X,''-------------- START printout of TSGM'',
-------------------------------------------------------------------^
fort: Info: ../yv1ini.f, line 204: No path to this statement
      ELSE
------^
