/var/tmp/fcpFAAa28503:
   addvec:
/var/tmp/fcpFAAa28503:
   bkini:
/var/tmp/fcpFAAa28503:
   bldpeco:
/var/tmp/fcpFAAa28503:
   buildal:
/var/tmp/fcpFAAa28503:
   calinit:
/var/tmp/fcpFAAa28503:
   charad:
/var/tmp/fcpFAAa28503:
   creflw:
/var/tmp/fcpFAAa28503:
   crefol:
/var/tmp/fcpFAAa28503:
   dectrg:
/var/tmp/fcpFAAa28503:
   dlocks:
/var/tmp/fcpFAAa28503:
   dzzz:
/var/tmp/fcpFAAa28503:
   enfjet:
/var/tmp/fcpFAAa28503:
   enflw:
/var/tmp/fcpFAAa28503:
   enfwlist:
/var/tmp/fcpFAAa28503:
   extrhc:
/var/tmp/fcpFAAa28503:
   gamixed:
/var/tmp/fcpFAAa28503:
   gamread:
/var/tmp/fcpFAAa28503:
   goodmod:
/var/tmp/fcpFAAa28503:
   ichefw:
/var/tmp/fcpFAAa28503:
   iddedx:
/var/tmp/fcpFAAa28503:
   idelec:
/var/tmp/fcpFAAa28503:
   idmuon:
/var/tmp/fcpFAAa28503:
   infoga:
/var/tmp/fcpFAAa28503:
   invalid:
/var/tmp/fcpFAAa28503:
   kalpha:
/var/tmp/fcpFAAa28503:
   ksister:
/var/tmp/fcpFAAa28503:
   lkform:
/var/tmp/fcpFAAa28503:
   looses:
/var/tmp/fcpFAAa28503:
   lumiad:
/var/tmp/fcpFAAa28503:
   lumica:
/var/tmp/fcpFAAa28503:
   lumimod:
/var/tmp/fcpFAAa28503:
   mdstrd:
/var/tmp/fcpFAAa28503:
   mdstwr:
/var/tmp/fcpFAAa28503:
   parset:
/var/tmp/fcpFAAa28503:
   partid:
/var/tmp/fcpFAAa28503:
   presel:
/var/tmp/fcpFAAa28503:
   preselfw:
/var/tmp/fcpFAAa28503:
   qhmost:
/var/tmp/fcpFAAa28503:
   qhnewr:
/var/tmp/fcpFAAa28503:
   qudppl:
/var/tmp/fcpFAAa28503:
   quhcrg:
/var/tmp/fcpFAAa28503:
   quhnoi:
/var/tmp/fcpFAAa28503:
   quphco:
/var/tmp/fcpFAAa28503:
   quphdp:
/var/tmp/fcpFAAa28503:
   quphpl:
/var/tmp/fcpFAAa28503:
   quphtr:
/var/tmp/fcpFAAa28503:
   qurhnt:
/var/tmp/fcpFAAa28503:
   qurhtr:
/var/tmp/fcpFAAa28503:
   qutwmx:
/var/tmp/fcpFAAa28503:
   rebuild:
/var/tmp/fcpFAAa28503:
   relkhc:
/var/tmp/fcpFAAa28503:
   sicamod:
/var/tmp/fcpFAAa28503:
   v0sum:
/var/tmp/fcpFAAa28503:
   x1disc:
/var/tmp/fcpFAAa28805:
   getjuv:
/var/tmp/fcpFAAa28805:
   getnav:
/var/tmp/fcpFAAa28805:
   mdipbt:
/var/tmp/fcpFAAa28805:
   mdwrip:
/var/tmp/fcpFAAa28805:
   naddx:
/var/tmp/fcpFAAa28805:
   naddxm:
       entry    nmtail:
/var/tmp/fcpFAAa28805:
   nairfd:
       entry    naircp:
/var/tmp/fcpFAAa28805:
   qninit:
   qnnewr:
   qnevnt:
   qnterm:
/var/tmp/fcpFAAa28805:
   nanfil:
/var/tmp/fcpFAAa28805:
   ngput:
/var/tmp/fcpFAAa28805:
   nrebyt:
       entry    nbytsw:
/var/tmp/fcpFAAa28805:
   nreeje:
/var/tmp/fcpFAAa28805:
   nreeob:
/var/tmp/fcpFAAa28805:
   nrefki:
/var/tmp/fcpFAAa28805:
   nrefrf:
/var/tmp/fcpFAAa28805:
   nrefrt:
/var/tmp/fcpFAAa28805:
   nregoo:
/var/tmp/fcpFAAa28805:
   nrelep:
/var/tmp/fcpFAAa28805:
   nrepar:
/var/tmp/fcpFAAa28805:
   nrepgp:
/var/tmp/fcpFAAa28805:
   nrepte:
/var/tmp/fcpFAAa28805:
   nrepye:
/var/tmp/fcpFAAa28805:
   nreyv0:
/var/tmp/fcpFAAa28805:
   nvsrch:
/var/tmp/fcpFAAa28805:
   nvstva:
/var/tmp/fcpFAAa28805:
   qninfo:
/var/tmp/fcpFAAa28892:
   aboldr:
/var/tmp/fcpFAAa28892:
   calyear:
   cal92:
/var/tmp/fcpFAAa28892:
   coranew:
/var/tmp/fcpFAAa28892:
   coraol2:
/var/tmp/fcpFAAa28892:
   coraold:
/var/tmp/fcpFAAa28892:
   cqpart:
/var/tmp/fcpFAAa28892:
   cqtpn:
/var/tmp/fcpFAAa28892:
   ecgati:
/var/tmp/fcpFAAa28892:
   fixgaen:
/var/tmp/fcpFAAa28892:
   fixpart:
/var/tmp/fcpFAAa28892:
   fixpcrl:
/var/tmp/fcpFAAa28892:
   fixpeco:
/var/tmp/fcpFAAa28892:
   fixprl:
/var/tmp/fcpFAAa28892:
   fixrtrl:
/var/tmp/fcpFAAa28892:
   kcanti:
/var/tmp/fcpFAAa28892:
   kcdir:
/var/tmp/fcpFAAa28892:
   kcdira:
/var/tmp/fcpFAAa28892:
   kcht:
/var/tmp/fcpFAAa28892:
   kd0fl:
/var/tmp/fcpFAAa28892:
   kfpadr:
/var/tmp/fcpFAAa28892:
   kglund:
/var/tmp/fcpFAAa28892:
   kgtblq:
/var/tmp/fcpFAAa28892:
   kljtno:
/var/tmp/fcpFAAa28892:
   kmccod:
/var/tmp/fcpFAAa28892:
   kpart:
       entry    kpanti:
/var/tmp/fcpFAAa28892:
   kpartx:
/var/tmp/fcpFAAa28892:
   kpcomp:
       entry    kpchek:
/var/tmp/fcpFAAa28892:
   kpdir:
/var/tmp/fcpFAAa28892:
   kpdira:
/var/tmp/fcpFAAa28892:
   kscnew:
/var/tmp/fcpFAAa28892:
   kscold:
/var/tmp/fcpFAAa28892:
   ktlor:
/var/tmp/fcpFAAa28892:
   ktlor1:
/var/tmp/fcpFAAa28892:
   ktlorx:
/var/tmp/fcpFAAa28892:
   kvnew:
/var/tmp/fcpFAAa28892:
   kvsava:
/var/tmp/fcpFAAa28892:
   kvsavc:
/var/tmp/fcpFAAa28892:
   kvsave:
/var/tmp/fcpFAAa28892:
   qadati:
/var/tmp/fcpFAAa28892:
   qadau:
/var/tmp/fcpFAAa28892:
   qainta:
/var/tmp/fcpFAAa28892:
   qamoth:
/var/tmp/fcpFAAa28892:
   qapnam:
/var/tmp/fcpFAAa28892:
   qaptmp:
/var/tmp/fcpFAAa28892:
   qbomev:
/var/tmp/fcpFAAa28892:
   qbomru:
/var/tmp/fcpFAAa28892:
   qbook1:
/var/tmp/fcpFAAa28892:
   qbook2:
/var/tmp/fcpFAAa28892:
   qbookn:
/var/tmp/fcpFAAa28892:
   qbookr:
/var/tmp/fcpFAAa28892:
   qbprof:
/var/tmp/fcpFAAa28892:
   qcabsa:
/var/tmp/fcpFAAa28892:
   qcaf4c:
/var/tmp/fcpFAAa28892:
   qcpmod:
/var/tmp/fcpFAAa28892:
   qcpnew:
/var/tmp/fcpFAAa28892:
   qcprln:
   funrl2:
   funrl3:
   funsigc:
/var/tmp/fcpFAAa28892:
   qcpteti:
/var/tmp/fcpFAAa28892:
   qcptra:
/var/tmp/fcpFAAa28892:
   qdata:
/var/tmp/fcpFAAa28892:
   qdeca2:
/var/tmp/fcpFAAa28892:
   qdecan:
/var/tmp/fcpFAAa28892:
   qdotpxs:
/var/tmp/fcpFAAa28892:
   qedirupd:
/var/tmp/fcpFAAa28892:
   qethph:
/var/tmp/fcpFAAa28892:
   qextra:
/var/tmp/fcpFAAa28892:
   qfbitm:
       entry    qsbitm:
/var/tmp/fcpFAAa28892:
   qfcadd:
/var/tmp/fcpFAAa28892:
   qfcald:
/var/tmp/fcpFAAa28892:
   qfcasc:
/var/tmp/fcpFAAa28892:
   qfchgd:
/var/tmp/fcpFAAa28892:
   qfcobj:
/var/tmp/fcpFAAa28892:
   qfcoeq:
/var/tmp/fcpFAAa28892:
   qfcoer:
/var/tmp/fcpFAAa28892:
   qfcomp:
/var/tmp/fcpFAAa28892:
   qfcrel:
/var/tmp/fcpFAAa28892:
   qfd0z0:
/var/tmp/fcpFAAa28892:
   qfecal:
/var/tmp/fcpFAAa28892:
   qfecwd:
/var/tmp/fcpFAAa28892:
   qfecwm:
/var/tmp/fcpFAAa28892:
   qfeflo:
/var/tmp/fcpFAAa28892:
   qffrft:
/var/tmp/fcpFAAa28892:
   qfgamp:
/var/tmp/fcpFAAa28892:
   qfget_bp:
/var/tmp/fcpFAAa28892:
   qfhcal:
/var/tmp/fcpFAAa28892:
   qfhead:
/var/tmp/fcpFAAa28892:
   qfilbp:
       entry    qfilbp_status:
/var/tmp/fcpFAAa28892:
   qfill:
/var/tmp/fcpFAAa28892:
   qfilmc:
/var/tmp/fcpFAAa28892:
   qfilnv:
/var/tmp/fcpFAAa28892:
   qfjets:
/var/tmp/fcpFAAa28892:
   qfkink:
/var/tmp/fcpFAAa28892:
   qflept:
/var/tmp/fcpFAAa28892:
   qfljet:
/var/tmp/fcpFAAa28892:
   qfmcbm:
       entry    qsmctm:
/var/tmp/fcpFAAa28892:
   qfmcmd:
/var/tmp/fcpFAAa28892:
   qfmcpa:
/var/tmp/fcpFAAa28892:
   qfmcst:
/var/tmp/fcpFAAa28892:
   qfmcvx:
/var/tmp/fcpFAAa28892:
   qfmtch:
/var/tmp/fcpFAAa28892:
   qfndin:
/var/tmp/fcpFAAa28892:
   qfneob:
/var/tmp/fcpFAAa28892:
   qfnint:
/var/tmp/fcpFAAa28892:
   qfpmsc:
/var/tmp/fcpFAAa28892:
   qfptpx:
/var/tmp/fcpFAAa28892:
   qfrev0:
/var/tmp/fcpFAAa28892:
   qfylv0:
/var/tmp/fcpFAAa28892:
   qfynvh:
/var/tmp/fcpFAAa28892:
   qgtpddx:
/var/tmp/fcpFAAa28892:
   qhfn:
/var/tmp/fcpFAAa28892:
   qhfnr:
/var/tmp/fcpFAAa28892:
   qhfr:
/var/tmp/fcpFAAa28892:
   MAIN qmain:
/var/tmp/fcpFAAa28892:
   qmalph:
/var/tmp/fcpFAAa28892:
   qmbank:
/var/tmp/fcpFAAa28892:
   qmcard:
/var/tmp/fcpFAAa28892:
   qmcfrf:
/var/tmp/fcpFAAa28892:
   qmchi2:
/var/tmp/fcpFAAa28892:
   qmclr:
/var/tmp/fcpFAAa28892:
   qmdbas:
/var/tmp/fcpFAAa28892:
   qmdiff:
/var/tmp/fcpFAAa28892:
   qmevnt:
/var/tmp/fcpFAAa28892:
   qmihis:
/var/tmp/fcpFAAa28892:
   qmininc:
/var/tmp/fcpFAAa28892:
   qminit:
/var/tmp/fcpFAAa28892:
   qmnami:
/var/tmp/fcpFAAa28892:
   qmnewr:
/var/tmp/fcpFAAa28892:
   qmpart:
/var/tmp/fcpFAAa28892:
   qmrdsb:
/var/tmp/fcpFAAa28892:
   qmread:
/var/tmp/fcpFAAa28892:
   qmsrec:
/var/tmp/fcpFAAa28892:
   qmterm:
/var/tmp/fcpFAAa28892:
   qnvsto:
/var/tmp/fcpFAAa28892:
   qpchar:
/var/tmp/fcpFAAa28892:
   qplife:
/var/tmp/fcpFAAa28892:
   qpmass:
/var/tmp/fcpFAAa28892:
   qppmma:
/var/tmp/fcpFAAa28892:
   qpwidt:
/var/tmp/fcpFAAa28892:
   qsbank:
/var/tmp/fcpFAAa28892:
   qstfli:
/var/tmp/fcpFAAa28892:
   qstflr:
/var/tmp/fcpFAAa28892:
   qsustr:
/var/tmp/fcpFAAa28892:
   qsusvx:
/var/tmp/fcpFAAa28892:
   qtclas:
/var/tmp/fcpFAAa28892:
   qtimez:
       entry    qtimed:
/var/tmp/fcpFAAa28892:
   qtresc:
/var/tmp/fcpFAAa28892:
   queflo:
/var/tmp/fcpFAAa28892:
   quevnt:
/var/tmp/fcpFAAa28892:
   quibos:
/var/tmp/fcpFAAa28892:
   quihis:
/var/tmp/fcpFAAa28892:
   quinit:
/var/tmp/fcpFAAa28892:
   qunewr:
/var/tmp/fcpFAAa28892:
   quopen:
/var/tmp/fcpFAAa28892:
   qupec1:
/var/tmp/fcpFAAa28892:
   quresc:
/var/tmp/fcpFAAa28892:
   qusrec:
/var/tmp/fcpFAAa28892:
   quterm:
/var/tmp/fcpFAAa28892:
   quthis:
/var/tmp/fcpFAAa28892:
   qv0chk:
/var/tmp/fcpFAAa28892:
   qvadd2:
/var/tmp/fcpFAAa28892:
   qvadd3:
/var/tmp/fcpFAAa28892:
   qvadd4:
/var/tmp/fcpFAAa28892:
   qvaddn:
/var/tmp/fcpFAAa28892:
   qvcopy:
/var/tmp/fcpFAAa28892:
   qvcros:
/var/tmp/fcpFAAa28892:
   qvdroa:
/var/tmp/fcpFAAa28892:
   qvdrop:
/var/tmp/fcpFAAa28892:
   qvget3:
/var/tmp/fcpFAAa28892:
   qvget4:
/var/tmp/fcpFAAa28892:
   qvgets:
/var/tmp/fcpFAAa28892:
   qvscal:
/var/tmp/fcpFAAa28892:
   qvset3:
/var/tmp/fcpFAAa28892:
   qvset4:
/var/tmp/fcpFAAa28892:
   qvsetc:
/var/tmp/fcpFAAa28892:
   qvsetm:
/var/tmp/fcpFAAa28892:
   qvsets:
/var/tmp/fcpFAAa28892:
   qvsub:
/var/tmp/fcpFAAa28892:
   qvzero:
/var/tmp/fcpFAAa28892:
   qwclas:
/var/tmp/fcpFAAa28892:
   qwerrc:
/var/tmp/fcpFAAa28892:
   qwevnt:
/var/tmp/fcpFAAa28892:
   qwfile:
/var/tmp/fcpFAAa28892:
   qwhead:
/var/tmp/fcpFAAa28892:
   qwhful:
/var/tmp/fcpFAAa28892:
   qwitk:
/var/tmp/fcpFAAa28892:
   qwivx:
/var/tmp/fcpFAAa28892:
   qwmese:
/var/tmp/fcpFAAa28892:
   qwmess:
/var/tmp/fcpFAAa28892:
   qwnewtr:
/var/tmp/fcpFAAa28892:
   qwpars:
/var/tmp/fcpFAAa28892:
   qwpart:
/var/tmp/fcpFAAa28892:
   qwrite:
/var/tmp/fcpFAAa28892:
   qwrptpx:
/var/tmp/fcpFAAa28892:
   qwrunr:
       entry    qurhah:
/var/tmp/fcpFAAa28892:
   qwsec:
/var/tmp/fcpFAAa28892:
   qwsumm:
/var/tmp/fcpFAAa28892:
   qwsynt:
/var/tmp/fcpFAAa28892:
   qwtime:
/var/tmp/fcpFAAa28892:
   qwtree:
/var/tmp/fcpFAAa29526:
   btagev:
/var/tmp/fcpFAAa29526:
   btag_fit:
/var/tmp/fcpFAAa29526:
   btag_par:
/var/tmp/fcpFAAa29526:
   btag_par96:
/var/tmp/fcpFAAa29526:
   btagtr:
/var/tmp/fcpFAAa29526:
   btvdhits:
/var/tmp/fcpFAAa29526:
   chiv0:
/var/tmp/fcpFAAa29526:
   codsel:
/var/tmp/fcpFAAa29526:
   dmin2d:
/var/tmp/fcpFAAa29526:
   dmin3d:
/var/tmp/fcpFAAa29526:
   dminerr:
/var/tmp/fcpFAAa29526:
   finddmin:
/var/tmp/fcpFAAa29526:
   findip:
/var/tmp/fcpFAAa29526:
   fit_dmin:
   dminf:
   dmins:
   dminf2:
   dmins2:
/var/tmp/fcpFAAa29526:
   fit_dmin96:
/var/tmp/fcpFAAa29526:
   gtipbk:
/var/tmp/fcpFAAa29526:
   iptrk:
/var/tmp/fcpFAAa29526:
   jetclu:
/var/tmp/fcpFAAa29526:
   jeterr:
/var/tmp/fcpFAAa29526:
   make2d:
/var/tmp/fcpFAAa29526:
   qbeamx:
/var/tmp/fcpFAAa29526:
   qfndip:
/var/tmp/fcpFAAa29526:
   qfndv0:
/var/tmp/fcpFAAa29526:
   qipbtag:
/var/tmp/fcpFAAa29526:
   qipbtcpu:
/var/tmp/fcpFAAa29526:
   tcross:
/var/tmp/fcpFAAa29526:
   tmove:
/var/tmp/fcpFAAa29526:
   tparset:
/var/tmp/fcpFAAa29526:
   trot:
/var/tmp/fcpFAAa29526:
   trsel:
/var/tmp/fcpFAAa29526:
   trsel2:
/var/tmp/fcpFAAa29526:
   v0dkpt:
/var/tmp/fcpFAAa29526:
   v0kine:
/var/tmp/fcpFAAa29526:
   v0tpar:
/var/tmp/fcpFAAa29604:
   badtrk:
/var/tmp/fcpFAAa29604:
   btou:
/var/tmp/fcpFAAa29604:
   checkq:
/var/tmp/fcpFAAa29604:
   gen:
/var/tmp/fcpFAAa29604:
   gtyear:
/var/tmp/fcpFAAa29604:
   ibfunc:
/var/tmp/fcpFAAa29604:
   ibre:
/var/tmp/fcpFAAa29604:
   isp:
/var/tmp/fcpFAAa29604:
   jmbest:
/var/tmp/fcpFAAa29604:
   qlcomp:
/var/tmp/fcpFAAa29604:
   qlevnt:
/var/tmp/fcpFAAa29604:
   qlinit:
/var/tmp/fcpFAAa29604:
   qliupd:
/var/tmp/fcpFAAa29604:
   qlterm:
/var/tmp/fcpFAAa29604:
   qselep:
/var/tmp/fcpFAAa29604:
   ccbmes:
   fbbar:
   fbhad:
   fbqua:
   fcbar:
   fchad:
   fcqua:
   fhqua:
   fhvfl:
   fqqua:
   ihqua:
   ilqua:
   endch:
/var/tmp/fcpFAAa29604:
   qtruth:
/var/tmp/fcpFAAa29821:
   chiscom:
/var/tmp/fcpFAAa29821:
   decos:
/var/tmp/fcpFAAa29821:
   deriv:
/var/tmp/fcpFAAa29821:
   hesse:
/var/tmp/fcpFAAa29821:
   kinefit:
/var/tmp/fcpFAAa29821:
   newtonit:
/var/tmp/fcpFAAa29821:
   pi0deb:
/var/tmp/fcpFAAa29821:
   pi0lim:
/var/tmp/fcpFAAa29821:
   qpi0bk:
/var/tmp/fcpFAAa29821:
   qpi0do:
/var/tmp/fcpFAAa29821:
   xxp0f1:
/var/tmp/fcpFAAa29846:
   qvsavx:
/var/tmp/fcpFAAa29846:
   qvsgtk:
/var/tmp/fcpFAAa29846:
   qvsgtk0:
/var/tmp/fcpFAAa29846:
   qvsgtk1:
/var/tmp/fcpFAAa29846:
   qvsgtk2:
/var/tmp/fcpFAAa29846:
   qvsgtl0:
/var/tmp/fcpFAAa29846:
   qvsgtl1:
/var/tmp/fcpFAAa29846:
   qvsimp:
/var/tmp/fcpFAAa29846:
   qvsjet:
/var/tmp/fcpFAAa29846:
   qvsmis:
/var/tmp/fcpFAAa29846:
   qvspvx:
/var/tmp/fcpFAAa29846:
   qvsrch:
/var/tmp/fcpFAAa29846:
   qvstkj:
/var/tmp/fcpFAAa29846:
   qvstkp:
/var/tmp/fcpFAAa29846:
   qvstkv:
/var/tmp/fcpFAAa29846:
   qvstkw:
/var/tmp/fcpFAAa29846:
   qvstva:
/var/tmp/fcpFAAa29846:
   qvsvtx:
/var/tmp/fcpFAAa29846:
   qvswbk:
/var/tmp/fcpFAAa29846:
   qvsxzb:
/var/tmp/fcpFAAa29846:
   qvsz0b:
/var/tmp/fcpFAAa29846:
   yvscm2:
/var/tmp/fcpFAAa29846:
   yvslf1:
/var/tmp/fcpFAAa29846:
   yvslf2:
/var/tmp/fcpFAAa29846:
   yvslfl:
/var/tmp/fcpFAAa29846:
   yvsml1:
/var/tmp/fcpFAAa29846:
   yvsml2:
/var/tmp/fcpFAAa29846:
   yvspar:
/var/tmp/fcpFAAa29846:
   yvspr2:
/var/tmp/fcpFAAa29846:
   yvsprm:
/var/tmp/fcpFAAa29846:
   yvspve:
/var/tmp/fcpFAAa29846:
   yvsrmi:
/var/tmp/fcpFAAa29846:
   yvsrmj:
/var/tmp/fcpFAAa29846:
   yvsrom:
/var/tmp/fcpFAAa29846:
   yvsrti:
/var/tmp/fcpFAAa29846:
   yvsrtj:
/var/tmp/fcpFAAa29846:
   yvstke:
/var/tmp/fcpFAAa29846:
   yvstp0:
/var/tmp/fcpFAAa29846:
   yvstri:
/var/tmp/fcpFAAa29846:
   yvstrj:
/var/tmp/fcpFAAa29846:
   yvsvje:
/var/tmp/fcpFAAa29846:
   yvswim:
/var/tmp/fcpFAAa29846:
   yvsxzb:
/var/tmp/fcpFAAa29846:
   yvsxzj:
/var/tmp/fcpFAAa29846:
   yvszvc:
/var/tmp/fcpFAAa29940:
   chtsim:
/var/tmp/fcpFAAa29940:
   iefmc:
/var/tmp/fcpFAAa29940:
   imcef:
/var/tmp/fcpFAAa29940:
   julmatch:
/var/tmp/fcpFAAa29940:
   kbestm:
/var/tmp/fcpFAAa29940:
   kefmc:
/var/tmp/fcpFAAa29940:
   kidsav:
/var/tmp/fcpFAAa29940:
   kmcef:
/var/tmp/fcpFAAa29940:
   kmlept:
/var/tmp/fcpFAAa29940:
   knchmc:
/var/tmp/fcpFAAa29940:
   knecmc:
/var/tmp/fcpFAAa29940:
   knefmc:
/var/tmp/fcpFAAa29940:
   knhcmc:
/var/tmp/fcpFAAa29940:
   knmcch:
/var/tmp/fcpFAAa29940:
   knmcec:
/var/tmp/fcpFAAa29940:
   knmcef:
/var/tmp/fcpFAAa29940:
   knmchc:
/var/tmp/fcpFAAa29940:
   knmcsi:
/var/tmp/fcpFAAa29940:
   knsimc:
/var/tmp/fcpFAAa29940:
   kntru:
/var/tmp/fcpFAAa29940:
   ktru:
/var/tmp/fcpFAAa29940:
   kvfita:
/var/tmp/fcpFAAa29940:
   kvfitc:
/var/tmp/fcpFAAa29940:
   kvfitm:
/var/tmp/fcpFAAa29940:
   kvfitn:
/var/tmp/fcpFAAa29940:
   kvfitv:
/var/tmp/fcpFAAa29940:
   kvftmc:
/var/tmp/fcpFAAa29940:
   mcmatch:
/var/tmp/fcpFAAa29940:
   mmuidf:
/var/tmp/fcpFAAa29940:
   pmove:
/var/tmp/fcpFAAa29940:
   qdedx:
/var/tmp/fcpFAAa29940:
   qdedxk:
/var/tmp/fcpFAAa29940:
   qdedxm:
       entry    qmtail:
/var/tmp/fcpFAAa29940:
   qdmmcl:
/var/tmp/fcpFAAa29940:
   qefrtr:
/var/tmp/fcpFAAa29940:
   qelep1:
/var/tmp/fcpFAAa29940:
   qelep2:
/var/tmp/fcpFAAa29940:
   qewsum:
/var/tmp/fcpFAAa29940:
   qfget_ch:
/var/tmp/fcpFAAa29940:
   qfmcsx:
/var/tmp/fcpFAAa29940:
   qfmmcl:
/var/tmp/fcpFAAa29940:
   qgfoxw:
/var/tmp/fcpFAAa29940:
   qgjmmc:
/var/tmp/fcpFAAa29940:
   qglucl:
/var/tmp/fcpFAAa29940:
   qgmdcl:
/var/tmp/fcpFAAa29940:
   qgmmcl:
/var/tmp/fcpFAAa29940:
   qgptcl:
/var/tmp/fcpFAAa29940:
   qgsphe:
/var/tmp/fcpFAAa29940:
   qgtaof:
/var/tmp/fcpFAAa29940:
   qgtens:
/var/tmp/fcpFAAa29940:
   qgthru:
/var/tmp/fcpFAAa29940:
   qidv0:
/var/tmp/fcpFAAa29940:
   qjaddp:
/var/tmp/fcpFAAa29940:
   qjeig:
/var/tmp/fcpFAAa29940:
   qjfoxw:
/var/tmp/fcpFAAa29940:
   qjhemi:
/var/tmp/fcpFAAa29940:
   qjlucl:
/var/tmp/fcpFAAa29940:
   qjmdcl:
/var/tmp/fcpFAAa29940:
   qjmiss:
/var/tmp/fcpFAAa29940:
   qjmmcl:
/var/tmp/fcpFAAa29940:
   qjoptm:
/var/tmp/fcpFAAa29940:
   qjoptr:
/var/tmp/fcpFAAa29940:
   qjptcl:
/var/tmp/fcpFAAa29940:
   qjsave:
/var/tmp/fcpFAAa29940:
   qjset0:
/var/tmp/fcpFAAa29940:
   qjset1:
/var/tmp/fcpFAAa29940:
   qjsetu:
/var/tmp/fcpFAAa29940:
   qjsphe:
/var/tmp/fcpFAAa29940:
   qjtens:
/var/tmp/fcpFAAa29940:
   qjthru:
/var/tmp/fcpFAAa29940:
   qkblok:
/var/tmp/fcpFAAa29940:
   qkinkt:
/var/tmp/fcpFAAa29940:
   qkinkv:
/var/tmp/fcpFAAa29940:
   qlitk:
/var/tmp/fcpFAAa29940:
   qlock:
/var/tmp/fcpFAAa29940:
   qlock2:
/var/tmp/fcpFAAa29940:
   qlrev:
/var/tmp/fcpFAAa29940:
   qlrev2:
/var/tmp/fcpFAAa29940:
   qltrk:
/var/tmp/fcpFAAa29940:
   qluitk:
/var/tmp/fcpFAAa29940:
   qlutrk:
/var/tmp/fcpFAAa29940:
   qlv0t:
/var/tmp/fcpFAAa29940:
   qlv0v:
/var/tmp/fcpFAAa29940:
   qlzer:
/var/tmp/fcpFAAa29940:
   qlzer2:
/var/tmp/fcpFAAa29940:
   qmasv0:
/var/tmp/fcpFAAa29940:
   qmthru:
/var/tmp/fcpFAAa29940:
   qmuido:
/var/tmp/fcpFAAa29940:
   qmunew:
/var/tmp/fcpFAAa29940:
   qnucl:
/var/tmp/fcpFAAa29940:
   qpadx:
/var/tmp/fcpFAAa29940:
   qpairf:
/var/tmp/fcpFAAa29940:
   qpcorr:
/var/tmp/fcpFAAa29940:
   qpvmcd:
   qpvmen:
   qpvmes:
   qpvmex:
   qpvmgt:
   qpvmim:
   qpvmis:
   qpvmof:
   qpvmte:
   qpvmti:
   qpvmwr:
/var/tmp/fcpFAAa29940:
   qsefmc:
/var/tmp/fcpFAAa29940:
   qsmcef:
/var/tmp/fcpFAAa29940:
   qstru:
/var/tmp/fcpFAAa29940:
   qtruz:
/var/tmp/fcpFAAa29940:
   qumupr:
/var/tmp/fcpFAAa29940:
   qvdhit:
/var/tmp/fcpFAAa29940:
   qvkink:
/var/tmp/fcpFAAa29940:
   qvtruh:
/var/tmp/fcpFAAa29940:
   qwhich_bp:
/var/tmp/fcpFAAa29940:
   qwhich_en:
/var/tmp/fcpFAAa29940:
   qxtrap:
/var/tmp/fcpFAAa29940:
   qyfit:
/var/tmp/fcpFAAa29940:
   qyfitc:
/var/tmp/fcpFAAa29940:
   qyfitv:
/var/tmp/fcpFAAa29940:
   qyftmc:
/var/tmp/fcpFAAa29940:
   txtree:
   txwclo:
   txwhea:
   txline:
   txkod:
/var/tmp/fcpFAAa29940:
   vdhitmatch:
/var/tmp/fcpFAAa29940:
   vdhmatch:
/var/tmp/fcpFAAa29940:
   xceqan:
/var/tmp/fcpFAAa29940:
   xpeqan:
/var/tmp/fcpFAAa29940:
   xpeqor:
/var/tmp/fcpFAAa29940:
   xpequ:
