A D/qbmtag////
A D/qbmtag////
A D/qbmtag////
A D/qbmtag////
A D/qbmtag////
A D/qbmtag////
A D/qpcorr////
A D/qpcorr////
A D/qpcorr////
A D/qufsim////
A D/qnnwtag////
A D/qnnwwtag////
A D/qnnwwtag////
A D/qufsim////
A D/qnnwwtag////
A D/qnnwwtag////
A D/qnnwwtag////
A D/qnnwwtag////
A D/qjcone////
A D/qjcone////
A D/qfitw2////
A D/oldqfitww////
A D/qfitw2////
A D/qjcone////
A D/qjcone////
A D/qnnwwtag////
A D/qnnwwtag////
A D/qjcone////
A D/elcor////
A D/elcor////
A D/qnnwwtag////
A D/qnnwwtag////
A D/bcalinfo////
A D/bcalinfo////
A D/bcalinfo////
A D/bcalinfo////
A D/bcalinfo////
A D/bcalinfo////
A D/bcalinfo////
A D/bcalinfo////
A D/bcalinfo////
A D/bcalinfo////
A D/qpcorr////
A D/bcalinfo////
A D/bcalinfo////
A D/bcalinfo////
A D/bcalinfo////
A D/bcalinfo////
A D/bcalinfo////
A D/bcalinfo////
A D/bcalinfo////
A D/bcalinfo////
A D/bcalinfo////
A D/bcalinfo////
A D/bcalinfo////
A D/bcalinfo////
A D/bcalinfo////
A D/bcalinfo////
A D/bcalinfo////
A D/bcalinfo////
A D/bcalinfo////
A D/bcalinfo////
A D/bcalinfo////
A D/bcalinfo////
A D/qufsim////
A D/bcalinfo////
A D/bcalinfo////
A D/qpcorr////
A D/qpcorr////
A D/smearfit////
A D/smearfit////
A D/lcalid////
