*
* OUTPUT generated on Thursday 6-JULY-2006 at 15:53
*
 
 
    *********** Printout of Real Datasets for Homelab = CERN ***********
 
 NB: The Size of the Datasets is in Gbytes 
 
 
 ======> Number of Datasets for Year : 1989
  Processing      TOT     RAW     DST     POT    MINI    SizeRAW    SizePOT    SizeDST    SizeMINI
    Last           12       0       0      12       0       .000       .000      2.116       .000
 
 
 ======> Number of Datasets for Year : 1990
  Processing      TOT     RAW     DST     POT    MINI    SizeRAW    SizePOT    SizeDST    SizeMINI
    Last           74       0       0      65       9       .000       .000     11.531      1.585
 
 
 ======> Number of Datasets for Year : 1991
  Processing      TOT     RAW     DST     POT    MINI    SizeRAW    SizePOT    SizeDST    SizeMINI
    Last           49       0      29      15       5       .000     14.016      6.947      1.512
 
 
 ======> Number of Datasets for Year : 1993
  Processing      TOT     RAW     DST     POT    MINI    SizeRAW    SizePOT    SizeDST    SizeMINI
    Last          431     318      69      36       8     53.093     34.253     16.701      2.434
 
 
 ======> Number of Datasets for Year : 1994
  Processing      TOT     RAW     DST     POT    MINI    SizeRAW    SizePOT    SizeDST    SizeMINI
    Last         3491    2466     617     345      63    422.703    316.503    166.221     19.242
 
 
 ======> Number of Datasets for Year : 1995
  Processing      TOT     RAW     DST     POT    MINI    SizeRAW    SizePOT    SizeDST    SizeMINI
    Last         2323    1731     382     175      35    767.711    165.210     83.811     10.092
    Prev           11       0      11       0       0       .000      3.427       .000       .000
 
 
 ======> Number of Datasets for Year : 1996
  Processing      TOT     RAW     DST     POT    MINI    SizeRAW    SizePOT    SizeDST    SizeMINI
    Last          636     488     136      12       0    244.434     48.358      3.080       .000
    Prev          265       0     194      68       3       .000     52.427     16.696       .573
 
 
 ======> Number of Datasets for Year : 1997
  Processing      TOT     RAW     DST     POT    MINI    SizeRAW    SizePOT    SizeDST    SizeMINI
    Last          723     723       0       0       0    444.936       .000       .000       .000
    Prev          177       0     136      41       0       .000     60.628     20.831       .000
 
 
 ======> Number of Datasets for Year : 1998
  Processing      TOT     RAW     DST     POT    MINI    SizeRAW    SizePOT    SizeDST    SizeMINI
    Last         1659    1659       0       0       0   1302.115       .000       .000       .000
    Prev          634       0     503     131       0       .000    209.951     65.945       .000
 
 
 ======> Number of Datasets for Year : 1999
  Processing      TOT     RAW     DST     POT    MINI    SizeRAW    SizePOT    SizeDST    SizeMINI
    Last         1425    1425       0       0       0    722.108       .000       .000       .000
    Prev           43       0      43       0       0       .000     16.912       .000       .000
 
 
 ======> Number of Datasets for Year : 2000
  Processing      TOT     RAW     DST     POT    MINI    SizeRAW    SizePOT    SizeDST    SizeMINI
    Last         6655    5418     907     330       0   1833.365    419.330    160.476       .000
    Prev         1528       0     997     392     139       .000    423.852    189.746     43.331
 
 
 
 
    *********** Printout of MCarlo Datasets for Homelab = CERN ***********
 
 NB: The Size of the Datasets is in Gbytes 
 
 
 ======> Year of Geometry is : 1990
  KINGAL Generator      TOT     POT     MINI     SizePOT     SizeMINI
  4005    KORL05          5       4        1        .056        .014
 
 
 ======> Year of Geometry is : 1991
  KINGAL Generator      TOT     POT     MINI     SizePOT     SizeMINI
  2002    BHAB01         14      12        2        .456        .076
  4003    KORL03          4       3        1        .492        .164
  4004    KORL04         13      10        3       1.640        .130
  4006    KORL06         13      10        3        .550        .479
  5300    HVFL5N         34       0       34        .000      12.729
 
 
 ======> Year of Geometry is : 1992
  KINGAL Generator      TOT     POT     MINI     SizePOT     SizeMINI
  2002    BHAB01         34      27        7       2.886        .818
  2010    UBAB01         12      10        2       1.364        .368
  4006    KORL06         86      70       16       7.403       2.344
  5041    PYTH05         44      40        4       4.098       1.587
  5300    HVFL5N       1430    1200      230     195.787     108.481
 
 
 ======> Year of Geometry is : 1993
  KINGAL Generator      TOT     POT     MINI     SizePOT     SizeMINI
  2002    BHAB01         11      10        1       1.343        .176
  2010    UBAB01         11       9        2       1.266        .331
  4007    KORL07        173     130       43      24.534       6.054
  5041    PYTH05         33      30        3       3.169       1.206
  5300    HVFL5N       1586    1400      186     325.693      83.265
 
 
 ======> Year of Geometry is : 1994
  KINGAL Generator      TOT     POT     MINI     SizePOT     SizeMINI
  2011    UBAB02         48      40        8       4.924       1.374
  2014    BHWI01         84      42       42      13.643       8.840
  4007    KORL07        136     110       26      17.631       4.652
  5034    PYTH04         24      16        8       5.469       1.226
  5041    PYTH05        120     100       20      10.855       6.850
  5046    KK2F02        825     685      140     120.965      71.477
  5130    HVFLHR        480     400       80      67.980      39.797
  5136    HRWG10        200       0      200        .000      15.726
  5300    HVFL5N       5416    4484      932     908.049     345.620
 
 
 ======> Year of Geometry is : 1995
  KINGAL Generator      TOT     POT     MINI     SizePOT     SizeMINI
  5041    PYTH05         33      30        3       3.277       1.264
  5300    HVFL5N       1696    1499      197     377.033      92.809
 
 
 ======> Year of Geometry is : 1996
  KINGAL Generator      TOT     POT     MINI     SizePOT     SizeMINI
  2014    BHWI01         48      24       24       8.311       5.364
  4008    KORL08         50       0       50        .000      16.111
  5034    PYTH04         58       0       58        .000      18.296
  5038    KRLW03         62      36       26       7.115       3.401
  5041    PYTH05         20      12        8       2.335       1.216
  5046    KK2F02        224     160       64      33.859      17.533
  5136    HRWG10         50       0       50        .000      16.438
 
 
 ======> Year of Geometry is : 1997
  KINGAL Generator      TOT     POT     MINI     SizePOT     SizeMINI
  2014    BHWI01        124      72       52      22.397      14.461
  5034    PYTH04          4       0        4        .000       1.392
  5035    KRLW02        177     160       17      26.620       9.505
  5038    KRLW03       3447    2824      623     757.399     335.427
  5040    ZNNB01         24      20        4       3.081       1.457
  5041    PYTH05        608     440      168      85.907      43.202
  5046    KK2F02        936     660      276     140.111     113.357
  5047    KK2F03         36      24       12        .446        .312
  5136    HRWG10         44      40        4       8.551       1.633
  5138    KRL3HR        480     400       80     106.031      50.249
  5144    HRWG12        120     100       20      16.820       9.402
  5300    HVFL5N         12      10        2       2.108        .992
  6007    PHOT02       1020     738      282      61.973      33.884
 
 
 ======> Year of Geometry is : 1998
  KINGAL Generator      TOT     POT     MINI     SizePOT     SizeMINI
  2014    BHWI01        278     139      139      48.950      31.208
  4007    KORL07          2       1        1        .550        .158
  4008    KORL08         77      21       56       8.914      18.447
  4017    KORL17         25      20        5       6.062       1.211
  5030    HVFL05         24      20        4       8.443       1.548
  5034    PYTH04        185      61      124      32.843      48.564
  5035    KRLW02       2613    2167      446     607.526     199.651
  5038    KRLW03      10757    8436     2321    2235.352    1279.393
  5040    ZNNB01         24      20        4       3.096       1.464
  5041    PYTH05        956     770      186     121.230      74.270
  5046    KK2F02       1824    1320      504     280.213     217.939
  5047    KK2F03         39      25       14        .445        .310
  5135    KAGAIN        792     680      112     180.427      54.417
  5136    HRWG10        100       0      100        .000      43.998
  5138    KRL3HR       1920    1600      320     423.850     201.957
  5144    HRWG12        720     600      120     103.042      57.827
  5146    KK2FHR        480     400       80      85.914      43.279
  5300    HVFL5N        186     160       26      53.627      24.809
  6007    PHOT02       2620    1990      630     146.580      80.821
 
 
 ======> Year of Geometry is : 1999
  KINGAL Generator      TOT     POT     MINI     SizePOT     SizeMINI
  2014    BHWI01       1157     403      754     161.220     106.924
  4008    KORL08       1167     601      566     253.994      84.570
  5034    PYTH04        336     294       42      64.715      16.166
  5035    KRLW02       3062    2152      910     614.285     246.319
  5038    KRLW03      10365    8105     2260    2183.623    1123.366
  5040    ZNNB01         96      80       16      12.369       5.857
  5041    PYTH05       1856    1440      416     263.081     177.827
  5046    KK2F02       2901    2025      876     431.378     391.337
  5047    KK2F03        147      97       50       1.783       1.252
  5135    KAGAIN       1152     880      272     210.994      76.010
  5138    KRL3HR       1920    1600      320     425.955     204.063
  5144    HRWG12       1680    1400      280     242.281     136.090
  5300    HVFL5N        312     260       52      96.936      21.493
  6007    PHOT02       5643    4095     1548     558.669     221.518
  7024    HZHA03        720     480      240     146.877      43.792
 
 
 ======> Year of Geometry is : 2000
  KINGAL Generator      TOT     POT     MINI     SizePOT     SizeMINI
  2014    BHWI01        628     327      301     138.843      79.260
  4008    KORL08       1566    1229      337     557.507     108.356
  4108    KORHRW        360     300       60     143.545      27.775
  5034    PYTH04        857     450      407     122.456      45.178
  5035    KRLW02       1530     898      632     435.527     147.961
  5038    KRLW03       8226    6190     2036    1643.549    1019.438
  5040    ZNNB01         88      60       28      12.418       4.082
  5041    PYTH05       1808    1480      328     273.178     141.234
  5046    KK2F02       1888    1260      628     267.259     279.380
  5047    KK2F03         72      48       24        .892        .627
  5136    HRWG10        200       0      200        .000      17.166
  5138    KRL3HR       1440    1200      240     318.073     153.387
  5144    HRWG12        960     800      160     139.408      78.349
  5146    KK2FHR        480     400       80      86.184      43.786
  5300    HVFL5N        330     264       66      55.585      26.165
  6007    PHOT02       4281    3166     1115     499.322     184.297
  7024    HZHA03       1156     694      462     191.176      69.594
