../min100.f:
   min100:
../minadd.f:
   minadd:
../minbip.f:
   minbip:
../minbld.f:
   minbld:
../minblm.f:
   minblm:
../mincrl.f:
   mincrl:
../mindlt.f:
   mindlt:
../mindst.f:
   mindst:
../mineco.f:
   mineco:
../minefo.f:
   minefo:
../minegi.f:
   minegi:
../minegp.f:
   minegp:
../mineid.f:
   mineid:
../mineit.f:
   mineit:
../mineje.f:
   mineje:
../minenf.f:
   minenf:
../minevt.f:
   minevt:
../minewi.f:
   minewi:
../minfil.f:
   minfil:
../minfki.f:
   minfki:
../minfmc.f:
   minfmc:
../minfmt.f:
   minfmt:
../minfrf.f:
   minfrf:
../minfri.f:
   minfri:
../minfrt.f:
   minfrt:
../minfvb.f:
   minfvb:
../minfve.f:
   minfve:
../minfzf.f:
   minfzf:
../mingac.f:
   mingac:
../mingid.f:
   mingid:
../mingpc.f:
   mingpc:
../mingtv.f:
   mingtv:
../minhco.f:
   minhco:
../minhis.f:
   minhis:
../minhit.f:
   minhit:
../minhrl.f:
   minhrl:
../minini.f:
   minini:
../minjet.f:
   minjet:
../minjlt.f:
   minjlt:
../minlis.f:
   minlis:
../minlol.f:
   minlol:
../minmlt.f:
   minmlt:
../minmon.f:
   minmon:
../minmsc.f:
   minmsc:
../minmui.f:
   minmui:
../minnof.f:
   minnof:
../minout.f:
   minout:
../minpcp.f:
   minpcp:
../minpcq.f:
   minpcq:
../minpcr.f:
   minpcr:
../minpdl.f:
   minpdl:
../minpec.f:
   minpec:
../minpga.f:
   minpga:
../minpgi.f:
   minpgi:
../minpgp.f:
   minpgp:
../minphc.f:
   minphc:
../minpjl.f:
   minpjl:
../minpml.f:
   minpml:
../minpob.f:
   minpob:
../minpre.f:
   minpre:
../minpsc.f:
   minpsc:
../minpth.f:
   minpth:
../minpye.f:
   minpye:
../minpyf.f:
   minpyf:
../minqmu.f:
   minqmu:
../minrun.f:
   minrun:
../minsic.f:
   minsic:
../mintbp.f:
   mintbp:
../minthr.f:
   minthr:
../mintmc.f:
   mintmc:
../mintra.f:
   mintra:
../minupd.f:
   minupd:
../minver.f:
   minver:
../minvmc.f:
   minvmc:
../minvrs.f:
   minvrs:
../minvsn.f:
   minvsn:
../minxtr.f:
   minxtr:
../minyv0.f:
   minyv0:
../summin.f:
   summin:
