fort: Info: ../asfxxx.f, line 73: Character or Hollerith constant continued across lines; may be non-portable
         WRITE (LOUTIO,'(/1X,''+++++ NO KINE or VERT banks''
-----------------------------------------------------------^
fort: Info: ../asfxxx.f, line 73: Character or Hollerith constant continued across lines; may be non-portable
         WRITE (LOUTIO,'(/1X,''+++++ NO KINE or VERT banks''
-----------------------------------------------------------^
fort: Info: ../asijob.f, line 110: Character or Hollerith constant continued across lines; may be non-portable
        CALL ALTELL ('ASIJOB: the mag.field is greater than 20KGauss.
--------------------------------------------------------------------^
fort: Info: ../asread.f, line 146: Character or Hollerith constant continued across lines; may be non-portable
        WRITE (LOUTIO,'(/1X,''+++ASREAD+++ PART bank read from '',
-----------------------------------------------------------------^
fort: Info: ../asread.f, line 146: Character or Hollerith constant continued across lines; may be non-portable
        WRITE (LOUTIO,'(/1X,''+++ASREAD+++ PART bank read from '',
-----------------------------------------------------------------^
fort: Info: ../asrrun.f, line 147: Character or Hollerith constant continued across lines; may be non-portable
        WRITE(LOUTIO,'(/1X,''+++ASRRUN+++ Galeph title: '',
----------------------------------------------------------^
fort: Info: ../asrrun.f, line 147: Character or Hollerith constant continued across lines; may be non-portable
        WRITE(LOUTIO,'(/1X,''+++ASRRUN+++ Galeph title: '',
----------------------------------------------------------^
fort: Info: ../asrrun.f, line 175: Character or Hollerith constant continued across lines; may be non-portable
        WRITE (LOUTIO,'(/1X,''+++ASRRUN+++ Kine title: '',12A4/
--------------------------------------------------------------^
fort: Info: ../asrrun.f, line 176: Character or Hollerith constant continued across lines; may be non-portable
     &                       ''  - generator identifier: '',I10,3X,
------------------------------------------------------------------^
fort: Info: ../asrrun.f, line 175: Character or Hollerith constant continued across lines; may be non-portable
        WRITE (LOUTIO,'(/1X,''+++ASRRUN+++ Kine title: '',12A4/
--------------------------------------------------------------^
fort: Info: ../asrrun.f, line 176: Character or Hollerith constant continued across lines; may be non-portable
     &                       ''  - generator identifier: '',I10,3X,
------------------------------------------------------------------^
fort: Info: ../catino.f, line 58: Character or Hollerith constant continued across lines; may be non-portable
         WRITE (LOUTIO,'(/1X,''+++CAPANO+++ this tracking type is '',
--------------------------------------------------------------------^
fort: Info: ../catino.f, line 58: Character or Hollerith constant continued across lines; may be non-portable
         WRITE (LOUTIO,'(/1X,''+++CAPANO+++ this tracking type is '',
--------------------------------------------------------------------^
fort: Info: ../hchist.f, line 126: Character or Hollerith constant continued across lines; may be non-portable
            WRITE (LOUTIO,'(/'' +++HCHIST+++''/'' trk# hit# tub# ''
------------------------------------------------------------------^
fort: Info: ../hchist.f, line 126: Character or Hollerith constant continued across lines; may be non-portable
            WRITE (LOUTIO,'(/'' +++HCHIST+++''/'' trk# hit# tub# ''
------------------------------------------------------------------^
fort: Info: ../hcshow.f, line 124: Character or Hollerith constant continued across lines; may be non-portable
         WRITE (LOUTIO,'(/1X,''+++HCSHOW++ ITRKEL '',4I5,1X,A4,
--------------------------------------------------------------^
fort: Info: ../hcshow.f, line 124: Character or Hollerith constant continued across lines; may be non-portable
         WRITE (LOUTIO,'(/1X,''+++HCSHOW++ ITRKEL '',4I5,1X,A4,
--------------------------------------------------------------^
fort: Info: ../hcstat.f, line 313: Character or Hollerith constant continued across lines; may be non-portable
      WRITE (LOUTIO,'(/1X,''+++HCSTAT+++  not enough space for '',
-----------------------------------------------------------------^
fort: Info: ../hcstat.f, line 313: Character or Hollerith constant continued across lines; may be non-portable
      WRITE (LOUTIO,'(/1X,''+++HCSTAT+++  not enough space for '',
-----------------------------------------------------------------^
fort: Info: ../hnewtk.f, line 184: Character or Hollerith constant continued across lines; may be non-portable
      WRITE (LOUTIO,'(/1X,''+++HNEWTK+++ no space to enlarge JDHCTH ''
---------------------------------------------------------------------^
fort: Info: ../hnewtk.f, line 184: Character or Hollerith constant continued across lines; may be non-portable
      WRITE (LOUTIO,'(/1X,''+++HNEWTK+++ no space to enlarge JDHCTH ''
---------------------------------------------------------------------^
fort: Info: ../lcasig.f, line 129: Character or Hollerith constant continued across lines; may be non-portable
         WRITE (LOUTIO,'(1X,''Tower hits bank LTHT''/3X,''Module'',4X,
---------------------------------------------------------------------^
fort: Info: ../lcasig.f, line 129: Character or Hollerith constant continued across lines; may be non-portable
         WRITE (LOUTIO,'(1X,''Tower hits bank LTHT''/3X,''Module'',4X,
---------------------------------------------------------------------^
fort: Info: ../sabook.f, line 55: Character or Hollerith constant continued across lines; may be non-portable
      WRITE(LOUTIO,'(''0 SABOOK CALLED, SATR HIST. BOOK. STEP EBEAM='',
----------------------------------------------------------------------^
fort: Info: ../sabook.f, line 55: Character or Hollerith constant continued across lines; may be non-portable
      WRITE(LOUTIO,'(''0 SABOOK CALLED, SATR HIST. BOOK. STEP EBEAM='',
----------------------------------------------------------------------^
fort: Info: ../sadigi.f, line 157: No path to this statement
            CALL RANNOR(RANA,RANB)
^
fort: Info: ../sahist.f, line 282: Character or Hollerith constant continued across lines; may be non-portable
     &   WRITE(LOUT,'(/1X,''+++SAHIST #Evt='',I5,'' CosTh='',F8.6,
-----------------------------------------------------------------^
fort: Info: ../sahist.f, line 283: Character or Hollerith constant continued across lines; may be non-portable
     &   ''    #Part. from Bpipe: #El(total/sec. accepted)='',2I3,
-----------------------------------------------------------------^
fort: Info: ../sahist.f, line 284: Character or Hollerith constant continued across lines; may be non-portable
     &   ''  #Gam(total/acc)='',2I3,/'' +++SAHIST'',
---------------------------------------------------^
fort: Info: ../sahist.f, line 285: Character or Hollerith constant continued across lines; may be non-portable
     &   '' #Hits  total='',I3,'' #lost in dead regions='',I2,4X,
----------------------------------------------------------------^
fort: Info: ../sahist.f, line 282: Character or Hollerith constant continued across lines; may be non-portable
     &   WRITE(LOUT,'(/1X,''+++SAHIST #Evt='',I5,'' CosTh='',F8.6,
-----------------------------------------------------------------^
fort: Info: ../sahist.f, line 283: Character or Hollerith constant continued across lines; may be non-portable
     &   ''    #Part. from Bpipe: #El(total/sec. accepted)='',2I3,
-----------------------------------------------------------------^
fort: Info: ../sahist.f, line 284: Character or Hollerith constant continued across lines; may be non-portable
     &   ''  #Gam(total/acc)='',2I3,/'' +++SAHIST'',
---------------------------------------------------^
fort: Info: ../sahist.f, line 285: Character or Hollerith constant continued across lines; may be non-portable
     &   '' #Hits  total='',I3,'' #lost in dead regions='',I2,4X,
----------------------------------------------------------------^
fort: Info: ../sahit.f, line 194: Character or Hollerith constant continued across lines; may be non-portable
        WRITE(LOUTIO,'(/1X,''+++SAHIT+++ BEGIN OF DEBUG PRINT'',
---------------------------------------------------------------^
fort: Info: ../sahit.f, line 195: Character or Hollerith constant continued across lines; may be non-portable
     &   3X, ''VOLUME name and number:'',1X,A4,3X,I3,
----------------------------------------------------^
fort: Info: ../sahit.f, line 196: Character or Hollerith constant continued across lines; may be non-portable
     .    /''     RXY,RTOT='',F8.4,F10.4,
----------------------------------------^
fort: Info: ../sahit.f, line 197: Character or Hollerith constant continued across lines; may be non-portable
     .      ''    ZPOS relativ to SATR window='',F8.4,
-----------------------------------------------------^
fort: Info: ../sahit.f, line 194: Character or Hollerith constant continued across lines; may be non-portable
        WRITE(LOUTIO,'(/1X,''+++SAHIT+++ BEGIN OF DEBUG PRINT'',
---------------------------------------------------------------^
fort: Info: ../sahit.f, line 195: Character or Hollerith constant continued across lines; may be non-portable
     &   3X, ''VOLUME name and number:'',1X,A4,3X,I3,
----------------------------------------------------^
fort: Info: ../sahit.f, line 196: Character or Hollerith constant continued across lines; may be non-portable
     .    /''     RXY,RTOT='',F8.4,F10.4,
----------------------------------------^
fort: Info: ../sahit.f, line 197: Character or Hollerith constant continued across lines; may be non-portable
     .      ''    ZPOS relativ to SATR window='',F8.4,
-----------------------------------------------------^
fort: Info: ../sahit.f, line 278: Character or Hollerith constant continued across lines; may be non-portable
        WRITE(LOUTIO,'(/1X,''+++SAHIT+++ BEGIN OF 2. DEBUG PRINT'',
------------------------------------------------------------------^
fort: Info: ../sahit.f, line 279: Character or Hollerith constant continued across lines; may be non-portable
     &   3X, ''VOLUME name and number:'',1X,A4,3X,I3,
----------------------------------------------------^
fort: Info: ../sahit.f, line 280: Character or Hollerith constant continued across lines; may be non-portable
     .    /''     RXY,RTOT='',F8.4,F10.4,
----------------------------------------^
fort: Info: ../sahit.f, line 281: Character or Hollerith constant continued across lines; may be non-portable
     .      ''    ZPOS relativ to SATR window='',F8.4,
-----------------------------------------------------^
fort: Info: ../sahit.f, line 278: Character or Hollerith constant continued across lines; may be non-portable
        WRITE(LOUTIO,'(/1X,''+++SAHIT+++ BEGIN OF 2. DEBUG PRINT'',
------------------------------------------------------------------^
fort: Info: ../sahit.f, line 279: Character or Hollerith constant continued across lines; may be non-portable
     &   3X, ''VOLUME name and number:'',1X,A4,3X,I3,
----------------------------------------------------^
fort: Info: ../sahit.f, line 280: Character or Hollerith constant continued across lines; may be non-portable
     .    /''     RXY,RTOT='',F8.4,F10.4,
----------------------------------------^
fort: Info: ../sahit.f, line 281: Character or Hollerith constant continued across lines; may be non-portable
     .      ''    ZPOS relativ to SATR window='',F8.4,
-----------------------------------------------------^
fort: Info: ../sahit.f, line 296: Character or Hollerith constant continued across lines; may be non-portable
     .    WRITE(LOUTIO,'(''     Hit lost  ILAY,ISEC='',2I3,
----------------------------------------------------------^
fort: Info: ../sahit.f, line 297: Character or Hollerith constant continued across lines; may be non-portable
     .      ''   left, right dist. to boundary='',2F12.5,
--------------------------------------------------------^
fort: Info: ../sahit.f, line 296: Character or Hollerith constant continued across lines; may be non-portable
     .    WRITE(LOUTIO,'(''     Hit lost  ILAY,ISEC='',2I3,
----------------------------------------------------------^
fort: Info: ../sahit.f, line 297: Character or Hollerith constant continued across lines; may be non-portable
     .      ''   left, right dist. to boundary='',2F12.5,
--------------------------------------------------------^
fort: Info: ../sahit.f, line 308: Character or Hollerith constant continued across lines; may be non-portable
     .    WRITE(LOUTIO,'(''     Hit lost  ILAY,ISEC='',2I3,
----------------------------------------------------------^
fort: Info: ../sahit.f, line 309: Character or Hollerith constant continued across lines; may be non-portable
     .      ''   left, right dist. to boundary='',2F12.5,
--------------------------------------------------------^
fort: Info: ../sahit.f, line 308: Character or Hollerith constant continued across lines; may be non-portable
     .    WRITE(LOUTIO,'(''     Hit lost  ILAY,ISEC='',2I3,
----------------------------------------------------------^
fort: Info: ../sahit.f, line 309: Character or Hollerith constant continued across lines; may be non-portable
     .      ''   left, right dist. to boundary='',2F12.5,
--------------------------------------------------------^
fort: Info: ../sahit.f, line 330: Character or Hollerith constant continued across lines; may be non-portable
     .  WRITE(LOUTIO,'(''     GOOD HIT IN ISID,ILAY,ISEC,IWIR='',4I5,
--------------------------------------------------------------------^
fort: Info: ../sahit.f, line 330: Character or Hollerith constant continued across lines; may be non-portable
     .  WRITE(LOUTIO,'(''     GOOD HIT IN ISID,ILAY,ISEC,IWIR='',4I5,
--------------------------------------------------------------------^
fort: Info: ../sawsum.f, line 55: Character or Hollerith constant continued across lines; may be non-portable
         WRITE(LOUTIO,'(/1X,''+++SAWSUM+++ SATR run summary '',
--------------------------------------------------------------^
fort: Info: ../sawsum.f, line 56: Character or Hollerith constant continued across lines; may be non-portable
     .     /'' Total number of events with hits in the SATR        :'',
----------------------------------------------------------------------^
fort: Info: ../sawsum.f, line 57: Character or Hollerith constant continued across lines; may be non-portable
     .       I8,
---------------^
fort: Info: ../sawsum.f, line 58: Character or Hollerith constant continued across lines; may be non-portable
     .     /'' For these events:'',
----------------------------------^
fort: Info: ../sawsum.f, line 59: Character or Hollerith constant continued across lines; may be non-portable
     .     /''   Average number of hits per event in sens. region  :'',
----------------------------------------------------------------------^
fort: Info: ../sawsum.f, line 60: Character or Hollerith constant continued across lines; may be non-portable
     .       F10.3,
------------------^
fort: Info: ../sawsum.f, line 61: Character or Hollerith constant continued across lines; may be non-portable
     .     /''   Average number of hits lost in dead material      :'',
----------------------------------------------------------------------^
fort: Info: ../sawsum.f, line 62: Character or Hollerith constant continued across lines; may be non-portable
     .       F10.3,
------------------^
fort: Info: ../sawsum.f, line 63: Character or Hollerith constant continued across lines; may be non-portable
     .     /''   Average number of wires set (excluding multihits) :'',
----------------------------------------------------------------------^
fort: Info: ../sawsum.f, line 55: Character or Hollerith constant continued across lines; may be non-portable
         WRITE(LOUTIO,'(/1X,''+++SAWSUM+++ SATR run summary '',
--------------------------------------------------------------^
fort: Info: ../sawsum.f, line 56: Character or Hollerith constant continued across lines; may be non-portable
     .     /'' Total number of events with hits in the SATR        :'',
----------------------------------------------------------------------^
fort: Info: ../sawsum.f, line 57: Character or Hollerith constant continued across lines; may be non-portable
     .       I8,
---------------^
fort: Info: ../sawsum.f, line 58: Character or Hollerith constant continued across lines; may be non-portable
     .     /'' For these events:'',
----------------------------------^
fort: Info: ../sawsum.f, line 59: Character or Hollerith constant continued across lines; may be non-portable
     .     /''   Average number of hits per event in sens. region  :'',
----------------------------------------------------------------------^
fort: Info: ../sawsum.f, line 60: Character or Hollerith constant continued across lines; may be non-portable
     .       F10.3,
------------------^
fort: Info: ../sawsum.f, line 61: Character or Hollerith constant continued across lines; may be non-portable
     .     /''   Average number of hits lost in dead material      :'',
----------------------------------------------------------------------^
fort: Info: ../sawsum.f, line 62: Character or Hollerith constant continued across lines; may be non-portable
     .       F10.3,
------------------^
fort: Info: ../sawsum.f, line 63: Character or Hollerith constant continued across lines; may be non-portable
     .     /''   Average number of wires set (excluding multihits) :'',
----------------------------------------------------------------------^
fort: Info: ../siasig.f, line 107: Character or Hollerith constant continued across lines; may be non-portable
            WRITE (LOUTIO,'(1X,''Pad hits bank SIHT''/3X,''Module'',4X,
----------------------------------------------------------------------^
fort: Info: ../siasig.f, line 107: Character or Hollerith constant continued across lines; may be non-portable
            WRITE (LOUTIO,'(1X,''Pad hits bank SIHT''/3X,''Module'',4X,
----------------------------------------------------------------------^
fort: Info: ../sidfrt.f, line 131: Character or Hollerith constant continued across lines; may be non-portable
         WRITE (LOUTIO,'(/1X,''  layer  Sigma_a     Sigma_b     Sigma_c
----------------------------------------------------------------------^
fort: Info: ../sidfrt.f, line 131: Character or Hollerith constant continued across lines; may be non-portable
         WRITE (LOUTIO,'(/1X,''  layer  Sigma_a     Sigma_b     Sigma_c
----------------------------------------------------------------------^
