../skel/asinit.F: In subroutine `asinit':
../skel/asinit.F:57: warning:
         CALL VZERO (FHISJO,LHIS)
              1
../skel/asinit.F:58: (continued):
         CALL VZERO (IRNDJO,LPRO*LRND)
              2
Argument #1 of `vzero' is one type at (2) but is some other type at (1) [info -f g77 M GLOBALS]
../skel/asinit.F:57: warning:
         CALL VZERO (FHISJO,LHIS)
              1
../skel/asinit.F:59: (continued):
         CALL VZERO (NRNDJO,LRND)
              2
Argument #1 of `vzero' is one type at (2) but is some other type at (1) [info -f g77 M GLOBALS]
../skel/asinit.F:57: warning:
         CALL VZERO (FHISJO,LHIS)
              1
../skel/asinit.F:60: (continued):
         CALL VZERO (IPRIJO,LPRI)
              2
Argument #1 of `vzero' is one type at (2) but is some other type at (1) [info -f g77 M GLOBALS]
../skel/asinit.F:57: warning:
         CALL VZERO (FHISJO,LHIS)
              1
../skel/asinit.F:62: (continued):
         CALL VZERO (IDETJO,LDET)
              2
Argument #1 of `vzero' is one type at (2) but is some other type at (1) [info -f g77 M GLOBALS]
../skel/asinit.F:57: warning:
         CALL VZERO (FHISJO,LHIS)
              1
../skel/asinit.F:85: (continued):
         CALL VZERO (NSTAJO,LST1*LST2)
              2
Argument #1 of `vzero' is one type at (2) but is some other type at (1) [info -f g77 M GLOBALS]
../skel/asinit.F:57: warning:
         CALL VZERO (FHISJO,LHIS)
              1
../skel/asinit.F:108: (continued):
         CALL VZERO (ICVDJO,LCVD)
              2
Argument #1 of `vzero' is one type at (2) but is some other type at (1) [info -f g77 M GLOBALS]
../skel/asinit.F:57: warning:
         CALL VZERO (FHISJO,LHIS)
              1
../skel/asinit.F:109: (continued):
         CALL VZERO (ICITJO,LCIT)
              2
Argument #1 of `vzero' is one type at (2) but is some other type at (1) [info -f g77 M GLOBALS]
../skel/asinit.F:57: warning:
         CALL VZERO (FHISJO,LHIS)
              1
../skel/asinit.F:119: (continued):
         CALL VZERO (ICTPJO,LCTP)
              2
Argument #1 of `vzero' is one type at (2) but is some other type at (1) [info -f g77 M GLOBALS]
../skel/asinit.F:57: warning:
         CALL VZERO (FHISJO,LHIS)
              1
../skel/asinit.F:124: (continued):
         CALL VZERO (ICECJO,LCEC)
              2
Argument #1 of `vzero' is one type at (2) but is some other type at (1) [info -f g77 M GLOBALS]
../skel/asinit.F:57: warning:
         CALL VZERO (FHISJO,LHIS)
              1
../skel/asinit.F:128: (continued):
         CALL VZERO (ICLCJO,LCLC)
              2
Argument #1 of `vzero' is one type at (2) but is some other type at (1) [info -f g77 M GLOBALS]
../skel/asinit.F:57: warning:
         CALL VZERO (FHISJO,LHIS)
              1
../skel/asinit.F:129: (continued):
         CALL VZERO (ICSAJO,LCSA)
              2
Argument #1 of `vzero' is one type at (2) but is some other type at (1) [info -f g77 M GLOBALS]
../skel/asinit.F:57: warning:
         CALL VZERO (FHISJO,LHIS)
              1
../skel/asinit.F:130: (continued):
         CALL VZERO (ICHCJO,LCHC)
              2
Argument #1 of `vzero' is one type at (2) but is some other type at (1) [info -f g77 M GLOBALS]
../skel/asinit.F:57: warning:
         CALL VZERO (FHISJO,LHIS)
              1
../skel/asinit.F:133: (continued):
         CALL VZERO (ICMUJO,LCMU)
              2
Argument #1 of `vzero' is one type at (2) but is some other type at (1) [info -f g77 M GLOBALS]
../skel/asinit.F:57: warning:
         CALL VZERO (FHISJO,LHIS)
              1
../skel/asinit.F:134: (continued):
         CALL VZERO (ICSIJO,LCSI)
              2
Argument #1 of `vzero' is one type at (2) but is some other type at (1) [info -f g77 M GLOBALS]
../skel/asrust.F: In subroutine `asrust':
../skel/asrust.F:109: warning:
         CALL UCOPY (TCUTJO,RW(KACUT+JACUGC),LTCUT)
              1
../skel/asrust.F:152: (continued):
         CALL UCOPY (ICVDJO,IW(KARUN+JARURC),LCVD)
              2
Argument #1 of `ucopy' is one type at (2) but is some other type at (1) [info -f g77 M GLOBALS]
../skel/asrust.F:109: warning:
         CALL UCOPY (TCUTJO,RW(KACUT+JACUGC),LTCUT)
              1
../skel/asrust.F:152: (continued):
         CALL UCOPY (ICVDJO,IW(KARUN+JARURC),LCVD)
              2
Argument #2 of `ucopy' is one type at (2) but is some other type at (1) [info -f g77 M GLOBALS]
../skel/asrust.F:109: warning:
         CALL UCOPY (TCUTJO,RW(KACUT+JACUGC),LTCUT)
              1
../skel/asrust.F:154: (continued):
         CALL UCOPY (ICITJO,IW(KARUN+JARURC),LCIT)
              2
Argument #1 of `ucopy' is one type at (2) but is some other type at (1) [info -f g77 M GLOBALS]
../skel/asrust.F:109: warning:
         CALL UCOPY (TCUTJO,RW(KACUT+JACUGC),LTCUT)
              1
../skel/asrust.F:154: (continued):
         CALL UCOPY (ICITJO,IW(KARUN+JARURC),LCIT)
              2
Argument #2 of `ucopy' is one type at (2) but is some other type at (1) [info -f g77 M GLOBALS]
../skel/asrust.F:109: warning:
         CALL UCOPY (TCUTJO,RW(KACUT+JACUGC),LTCUT)
              1
../skel/asrust.F:156: (continued):
         CALL UCOPY (ICTPJO,IW(KARUN+JARURC),LCTP)
              2
Argument #1 of `ucopy' is one type at (2) but is some other type at (1) [info -f g77 M GLOBALS]
../skel/asrust.F:109: warning:
         CALL UCOPY (TCUTJO,RW(KACUT+JACUGC),LTCUT)
              1
../skel/asrust.F:156: (continued):
         CALL UCOPY (ICTPJO,IW(KARUN+JARURC),LCTP)
              2
Argument #2 of `ucopy' is one type at (2) but is some other type at (1) [info -f g77 M GLOBALS]
../skel/asrust.F:109: warning:
         CALL UCOPY (TCUTJO,RW(KACUT+JACUGC),LTCUT)
              1
../skel/asrust.F:158: (continued):
         CALL UCOPY (ICECJO,IW(KARUN+JARURC),LCEC)
              2
Argument #1 of `ucopy' is one type at (2) but is some other type at (1) [info -f g77 M GLOBALS]
../skel/asrust.F:109: warning:
         CALL UCOPY (TCUTJO,RW(KACUT+JACUGC),LTCUT)
              1
../skel/asrust.F:158: (continued):
         CALL UCOPY (ICECJO,IW(KARUN+JARURC),LCEC)
              2
Argument #2 of `ucopy' is one type at (2) but is some other type at (1) [info -f g77 M GLOBALS]
../skel/asrust.F:109: warning:
         CALL UCOPY (TCUTJO,RW(KACUT+JACUGC),LTCUT)
              1
../skel/asrust.F:160: (continued):
         CALL UCOPY (ICLCJO,IW(KARUN+JARURC),LCLC)
              2
Argument #1 of `ucopy' is one type at (2) but is some other type at (1) [info -f g77 M GLOBALS]
../skel/asrust.F:109: warning:
         CALL UCOPY (TCUTJO,RW(KACUT+JACUGC),LTCUT)
              1
../skel/asrust.F:160: (continued):
         CALL UCOPY (ICLCJO,IW(KARUN+JARURC),LCLC)
              2
Argument #2 of `ucopy' is one type at (2) but is some other type at (1) [info -f g77 M GLOBALS]
../skel/asrust.F:109: warning:
         CALL UCOPY (TCUTJO,RW(KACUT+JACUGC),LTCUT)
              1
../skel/asrust.F:162: (continued):
         CALL UCOPY (ICSAJO,IW(KARUN+JARURC),LCSA)
              2
Argument #1 of `ucopy' is one type at (2) but is some other type at (1) [info -f g77 M GLOBALS]
../skel/asrust.F:109: warning:
         CALL UCOPY (TCUTJO,RW(KACUT+JACUGC),LTCUT)
              1
../skel/asrust.F:162: (continued):
         CALL UCOPY (ICSAJO,IW(KARUN+JARURC),LCSA)
              2
Argument #2 of `ucopy' is one type at (2) but is some other type at (1) [info -f g77 M GLOBALS]
../skel/asrust.F:109: warning:
         CALL UCOPY (TCUTJO,RW(KACUT+JACUGC),LTCUT)
              1
../skel/asrust.F:164: (continued):
         CALL UCOPY (ICHCJO,IW(KARUN+JARURC),LCHC)
              2
Argument #1 of `ucopy' is one type at (2) but is some other type at (1) [info -f g77 M GLOBALS]
../skel/asrust.F:109: warning:
         CALL UCOPY (TCUTJO,RW(KACUT+JACUGC),LTCUT)
              1
../skel/asrust.F:164: (continued):
         CALL UCOPY (ICHCJO,IW(KARUN+JARURC),LCHC)
              2
Argument #2 of `ucopy' is one type at (2) but is some other type at (1) [info -f g77 M GLOBALS]
../skel/asrust.F:109: warning:
         CALL UCOPY (TCUTJO,RW(KACUT+JACUGC),LTCUT)
              1
../skel/asrust.F:166: (continued):
         CALL UCOPY (ICMUJO,IW(KARUN+JARURC),LCMU)
              2
Argument #1 of `ucopy' is one type at (2) but is some other type at (1) [info -f g77 M GLOBALS]
../skel/asrust.F:109: warning:
         CALL UCOPY (TCUTJO,RW(KACUT+JACUGC),LTCUT)
              1
../skel/asrust.F:166: (continued):
         CALL UCOPY (ICMUJO,IW(KARUN+JARURC),LCMU)
              2
Argument #2 of `ucopy' is one type at (2) but is some other type at (1) [info -f g77 M GLOBALS]
../skel/asrust.F:109: warning:
         CALL UCOPY (TCUTJO,RW(KACUT+JACUGC),LTCUT)
              1
../skel/asrust.F:168: (continued):
         CALL UCOPY (ICSIJO,IW(KARUN+JARURC),LCSI)
              2
Argument #1 of `ucopy' is one type at (2) but is some other type at (1) [info -f g77 M GLOBALS]
../skel/asrust.F:109: warning:
         CALL UCOPY (TCUTJO,RW(KACUT+JACUGC),LTCUT)
              1
../skel/asrust.F:168: (continued):
         CALL UCOPY (ICSIJO,IW(KARUN+JARURC),LCSI)
              2
Argument #2 of `ucopy' is one type at (2) but is some other type at (1) [info -f g77 M GLOBALS]
