../lkbank.f:

uopt: Warning: u-code 3.19 instead of 3.18
../lkblen.f:

uopt: Warning: u-code 3.19 instead of 3.18
../lkchkru.f:

uopt: Warning: u-code 3.19 instead of 3.18
../lkcompa.f:

uopt: Warning: u-code 3.19 instead of 3.18
../lkddl.f:

uopt: Warning: u-code 3.19 instead of 3.18
../lkequal.f:

uopt: Warning: u-code 3.19 instead of 3.18
../lkfili.f:

uopt: Warning: u-code 3.19 instead of 3.18
../lkgtevt.f:

uopt: Warning: u-code 3.19 instead of 3.18
../lkgtint.f:

uopt: Warning: u-code 3.19 instead of 3.18
../lkgtnam.f:

uopt: Warning: u-code 3.19 instead of 3.18
../lkgtpar.f:

uopt: Warning: u-code 3.19 instead of 3.18
../lkgtunp.f:

uopt: Warning: u-code 3.19 instead of 3.18
../lkhelp.f:

uopt: Warning: u-code 3.19 instead of 3.18
../lkinit.f:

uopt: Warning: u-code 3.19 instead of 3.18
../lkk7ru.f:

uopt: Warning: u-code 3.19 instead of 3.18
../lkkey.f:

uopt: Warning: u-code 3.19 instead of 3.18
../lklook.f:

uopt: Warning: u-code 3.19 instead of 3.18
../lklwrd.f:

uopt: Warning: u-code 3.19 instead of 3.18
../lkmain.f:

uopt: Warning: u-code 3.19 instead of 3.18
../lkmins.f:

uopt: Warning: u-code 3.19 instead of 3.18
../lknice.f:

uopt: Warning: u-code 3.19 instead of 3.18
../lknwseq.f:

uopt: Warning: u-code 3.19 instead of 3.18
../lkopdaf.f:

uopt: Warning: u-code 3.19 instead of 3.18
../lkoprd.f:

uopt: Warning: u-code 3.19 instead of 3.18
../lkopti.f:

uopt: Warning: u-code 3.19 instead of 3.18
../lkopwr.f:

uopt: Warning: u-code 3.19 instead of 3.18
../lkplus.f:

uopt: Warning: u-code 3.19 instead of 3.18
../lkprbnk.f:

uopt: Warning: u-code 3.19 instead of 3.18
../lkprcom.f:

uopt: Warning: u-code 3.19 instead of 3.18
../lkprddl.f:

uopt: Warning: u-code 3.19 instead of 3.18
../lkpreve.f:

uopt: Warning: u-code 3.19 instead of 3.18
../lkprin.f:

uopt: Warning: u-code 3.19 instead of 3.18
../lkprrow.f:

uopt: Warning: u-code 3.19 instead of 3.18
../lkrcar.f:

uopt: Warning: u-code 3.19 instead of 3.18
../lkrdaf.f:

uopt: Warning: u-code 3.19 instead of 3.18
../lkreac.f:

uopt: Warning: u-code 3.19 instead of 3.18
../lkread0.f:

uopt: Warning: u-code 3.19 instead of 3.18
../lkrecal.f:

uopt: Warning: u-code 3.19 instead of 3.18
../lkrrec.f:

uopt: Warning: u-code 3.19 instead of 3.18
../lkrwnd.f:

uopt: Warning: u-code 3.19 instead of 3.18
../lkscan.f:

uopt: Warning: u-code 3.19 instead of 3.18
../lkshow.f:

uopt: Warning: u-code 3.19 instead of 3.18
../lkstat.f:

uopt: Warning: u-code 3.19 instead of 3.18
../lkstcom.f:

uopt: Warning: u-code 3.19 instead of 3.18
../lkstout.f:

uopt: Warning: u-code 3.19 instead of 3.18
../lkstunp.f:

uopt: Warning: u-code 3.19 instead of 3.18
../lktrint.f:

uopt: Warning: u-code 3.19 instead of 3.18
../lkwrcar.f:

uopt: Warning: u-code 3.19 instead of 3.18
../lkwrlis.f:

uopt: Warning: u-code 3.19 instead of 3.18
