../lkbank.f:
../lkblen.f:
../lkchkru.f:
../lkcompa.f:
../lkddl.f:
../lkequal.f:
../lkfili.f:
../lkgtevt.f:
../lkgtint.f:
../lkgtnam.f:
../lkgtpar.f:
../lkgtunp.f:
../lkhelp.f:
../lkinit.f:
../lkk7ru.f:
../lkkey.f:
../lklook.f:
../lklwrd.f:
../lkmain.f:
../lkmins.f:
../lknice.f:
../lknwseq.f:
../lkopdaf.f:
../lkoprd.f:
../lkopti.f:
../lkopwr.f:
../lkplus.f:
../lkprbnk.f:
../lkprcom.f:
../lkprddl.f:
../lkpreve.f:
../lkprin.f:
../lkprrow.f:
../lkrcar.f:
../lkrdaf.f:
../lkreac.f:
../lkread0.f:
../lkrecal.f:
../lkrrec.f:
../lkrwnd.f:
../lkscan.f:
../lkshow.f:
../lkstat.f:
../lkstcom.f:
../lkstout.f:
../lkstunp.f:
../lktrint.f:
../lkwrcar.f:
../lkwrlis.f:
