../F77/aucirl.F
../F77/augxyz.F
../F77/t2dedx.F
../F77/t2teer.F
../F77/t2tran.F
../F77/tbloch.F
../F77/tdebug.F
../F77/tgcbos.F
../F77/tgfini.F
../F77/tginit.F
../F77/tgteer.F
../F77/tobkhs.F
../F77/toevin.F
../F77/tordev.F
../F77/tpachr.F
../F77/tpaval.F
../F77/tpbgeo.F
../F77/tpbrtk.F
../F77/tpbrtp.F
../F77/tpcdet.F
../F77/tpcflt.F
../F77/tpcver.F
../F77/tpdmom.F
../F77/tpdpar.F
../F77/tpdray.F
../F77/tpelsg.F
../F77/tpensc.F
../F77/tpexb2.F
../F77/tpexb3.F
../F77/tpexbs.F
../F77/tpexmi.F
../F77/tpfbrt.F
../F77/tpfids.F
../F77/tpfill.F
../F77/tpflpl.F
../F77/tpfmt.F
../F77/tpgbr0.F
../F77/tpgbrt.F
../F77/tpgetr.F
../F77/tpinel.F
../F77/tpinrf.F
../F77/tpisol.F
../F77/tpmain.F
../F77/tpnclu.F
../F77/tpnois.F
../F77/tpopsg.F
../F77/tppcst.F
../F77/tprima.F
../F77/tprimb.F
../F77/tprots.F
../F77/tpsegt.F
../F77/tpsgnl.F
../F77/tpshap.F
../F77/tpsize.F
../F77/tptcst.F
../F77/tpzspr.F
../F77/tsaval.F
../F77/tsavcn.F
../F77/tscbos.F
../F77/tscdef.F
../F77/tscnst.F
../F77/tsdedx.F
../F77/tsdigt.F
../F77/tsfini.F
../F77/tsinit.F
../F77/tspcpl.F
../F77/tsrcon.F
../F77/tsresp.F
../F77/tssham.F
../F77/tstcpl.F
../F77/tsteer.F
../F77/tstran.F
../F77/tswred.F
../F77/tswrev.F
../F77/ttfmt.F
../F77/twfmt.F
../F77/twpana.F
