/var/tmp/fcpFAAa18770:
   caabsb:
/var/tmp/fcpFAAa18770:
   cacutg:
/var/tmp/fcpFAAa18770:
   caepar:
/var/tmp/fcpFAAa18770:
   cafiht:
/var/tmp/fcpFAAa18770:
   cagerb:
/var/tmp/fcpFAAa18770:
   caherb:
/var/tmp/fcpFAAa18770:
   cahgrb:
/var/tmp/fcpFAAa18770:
   cahhrb:
/var/tmp/fcpFAAa18770:
   cahist:
/var/tmp/fcpFAAa18770:
   cahmod:
/var/tmp/fcpFAAa18770:
   cahpar:
/var/tmp/fcpFAAa18770:
   cahtrv:
/var/tmp/fcpFAAa18770:
   calhit:
/var/tmp/fcpFAAa18770:
   capget:
/var/tmp/fcpFAAa18770:
   capsto:
/var/tmp/fcpFAAa18770:
   cashad:
/var/tmp/fcpFAAa18770:
   cashem:
/var/tmp/fcpFAAa18770:
   catino:
/var/tmp/fcpFAAa18813:
   adinit:
/var/tmp/fcpFAAa18813:
   adrz:
/var/tmp/fcpFAAa18813:
   adview:
/var/tmp/fcpFAAa18813:
   adxy:
/var/tmp/fcpFAAa18813:
/var/tmp/fcpFAAa18842:
   ebeblo:
/var/tmp/fcpFAAa18842:
   ebethe:
/var/tmp/fcpFAAa18842:
   ecasig:
/var/tmp/fcpFAAa18842:
   ecbook:
/var/tmp/fcpFAAa18842:
   ecdfcd:
/var/tmp/fcpFAAa18842:
   ecdfpa:
/var/tmp/fcpFAAa18842:
   ecdigi:
/var/tmp/fcpFAAa18842:
   echit:
/var/tmp/fcpFAAa18842:
   ecibug:
/var/tmp/fcpFAAa18842:
   ecirun:
/var/tmp/fcpFAAa18842:
   ecista:
/var/tmp/fcpFAAa18842:
   ecnami:
/var/tmp/fcpFAAa18842:
   ectrig:
/var/tmp/fcpFAAa18842:
   ecwsum:
/var/tmp/fcpFAAa18842:
   edfilh:
/var/tmp/fcpFAAa18842:
   edinip:
/var/tmp/fcpFAAa18842:
   edsnoi:
/var/tmp/fcpFAAa18842:
   edtadj:
/var/tmp/fcpFAAa18842:
   edtain:
/var/tmp/fcpFAAa18842:
   edtcor:
/var/tmp/fcpFAAa18842:
   edtcut:
/var/tmp/fcpFAAa18842:
   edtdig:
/var/tmp/fcpFAAa18842:
   edtono:
/var/tmp/fcpFAAa18842:
   edtrgi:
/var/tmp/fcpFAAa18842:
   edtzsu:
/var/tmp/fcpFAAa18842:
   edwbru:
/var/tmp/fcpFAAa18842:
   edwdgt:
/var/tmp/fcpFAAa18842:
   ehadrn:
/var/tmp/fcpFAAa18842:
   ehbari:
/var/tmp/fcpFAAa18842:
   ehchar:
/var/tmp/fcpFAAa18842:
   ehchek:
/var/tmp/fcpFAAa18842:
   ehcpwi:
/var/tmp/fcpFAAa18842:
   ehcutf:
/var/tmp/fcpFAAa18842:
   ehcutg:
/var/tmp/fcpFAAa18842:
   ehcutp:
/var/tmp/fcpFAAa18842:
   ehdeph:
/var/tmp/fcpFAAa18842:
   ehdeps:
/var/tmp/fcpFAAa18842:
   ehdept:
/var/tmp/fcpFAAa18842:
   ehedge:
/var/tmp/fcpFAAa18842:
   ehgeob:
/var/tmp/fcpFAAa18842:
   ehgeoe:
/var/tmp/fcpFAAa18842:
   ehgerb:
/var/tmp/fcpFAAa18842:
   ehibos:
/var/tmp/fcpFAAa18842:
   ehloti:
/var/tmp/fcpFAAa18842:
   ehpalo:
/var/tmp/fcpFAAa18842:
   ehpasr:
/var/tmp/fcpFAAa18842:
   ehpeta:
/var/tmp/fcpFAAa18842:
   ehshow:
/var/tmp/fcpFAAa18842:
   ehsitw:
/var/tmp/fcpFAAa18842:
   ehtran:
/var/tmp/fcpFAAa18842:
   ehtrke:
/var/tmp/fcpFAAa18842:
   ehtrti:
/var/tmp/fcpFAAa18842:
   elanda:
/var/tmp/fcpFAAa18842:
   eprimi:
/var/tmp/fcpFAAa18842:
   euppar:
/var/tmp/fcpFAAa18842:
   everif:
/var/tmp/fcpFAAa19200:
   aunpck:
/var/tmp/fcpFAAa19200:
   MAIN galeph:
/var/tmp/fcpFAAa19200:
   alseed:
   rdmin:
   rndm:
       entry    recust:
   rdmout:
/var/tmp/fcpFAAa19200:
   qnext:
/var/tmp/fcpFAAa19200:
   usceve:
/var/tmp/fcpFAAa19200:
   uscjob:
/var/tmp/fcpFAAa19200:
   uscrun:
/var/tmp/fcpFAAa19200:
   usieve:
/var/tmp/fcpFAAa19200:
   usijob:
/var/tmp/fcpFAAa19200:
   usirun:
/var/tmp/fcpFAAa19228:
   agbeam:
/var/tmp/fcpFAAa19228:
   agchck:
/var/tmp/fcpFAAa19228:
   agcoil:
/var/tmp/fcpFAAa19228:
   agdimp:
/var/tmp/fcpFAAa19228:
   agecal:
/var/tmp/fcpFAAa19228:
   agecpm:
/var/tmp/fcpFAAa19228:
   agemat:
/var/tmp/fcpFAAa19228:
   ageome:
/var/tmp/fcpFAAa19228:
   aggean:
/var/tmp/fcpFAAa19228:
   aghcal:
/var/tmp/fcpFAAa19228:
   agitch:
/var/tmp/fcpFAAa19228:
   aglcal:
/var/tmp/fcpFAAa19228:
   agmate:
/var/tmp/fcpFAAa19228:
   agmedi:
/var/tmp/fcpFAAa19228:
   agmix:
/var/tmp/fcpFAAa19228:
   agmuch:
/var/tmp/fcpFAAa19228:
   agquad:
/var/tmp/fcpFAAa19228:
   agsatr:
/var/tmp/fcpFAAa19228:
   agsatt:
/var/tmp/fcpFAAa19228:
   agscal:
/var/tmp/fcpFAAa19228:
   agsi92:
/var/tmp/fcpFAAa19228:
   agsmba:
/var/tmp/fcpFAAa19228:
   agtpch:
/var/tmp/fcpFAAa19228:
   agvdet:
/var/tmp/fcpFAAa19228:
   agvf92:
/var/tmp/fcpFAAa19228:
   agvf95:
/var/tmp/fcpFAAa19228:
   agvf96:
/var/tmp/fcpFAAa19370:
   gdray:
/var/tmp/fcpFAAa19370:
   getran:
/var/tmp/fcpFAAa19370:
   gpghei:
/var/tmp/fcpFAAa19370:
   grndm:
/var/tmp/fcpFAAa19370:
   gstmed:
/var/tmp/fcpFAAa19370:
   gufld:
/var/tmp/fcpFAAa19370:
   guhadr:
/var/tmp/fcpFAAa19370:
   guphad:
/var/tmp/fcpFAAa19370:
   gusear:
       entry    guinme:
       entry    guncon:
       entry    gunsou:
       entry    gunxts:
/var/tmp/fcpFAAa19370:
   gustep:
/var/tmp/fcpFAAa19370:
   gutrak:
/var/tmp/fcpFAAa19558:
   hcalto:
/var/tmp/fcpFAAa19558:
   hcasig:
/var/tmp/fcpFAAa19558:
   hcback:
/var/tmp/fcpFAAa19558:
   hccoin:
/var/tmp/fcpFAAa19558:
   hccrdi:
/var/tmp/fcpFAAa19558:
   hccrpl:
/var/tmp/fcpFAAa19558:
   hccrto:
/var/tmp/fcpFAAa19558:
   hcdigi:
/var/tmp/fcpFAAa19558:
   hcfitu:
/var/tmp/fcpFAAa19558:
   hcfopl:
/var/tmp/fcpFAAa19558:
   hcfora:
/var/tmp/fcpFAAa19558:
   hcford:
/var/tmp/fcpFAAa19558:
   hcgest:
/var/tmp/fcpFAAa19558:
   hchise:
/var/tmp/fcpFAAa19558:
   hchist:
       entry    hchis1:
/var/tmp/fcpFAAa19558:
   hchit:
/var/tmp/fcpFAAa19558:
   hchlwd:
/var/tmp/fcpFAAa19558:
   hcieve:
/var/tmp/fcpFAAa19558:
   hcifir:
/var/tmp/fcpFAAa19558:
   hcindu:
/var/tmp/fcpFAAa19558:
   hcinit:
/var/tmp/fcpFAAa19558:
   hcirun:
/var/tmp/fcpFAAa19558:
   hcmodn:
/var/tmp/fcpFAAa19558:
   hcnami:
/var/tmp/fcpFAAa19558:
   hcnstr:
/var/tmp/fcpFAAa19558:
   hcproj:
/var/tmp/fcpFAAa19558:
   hcrdca:
/var/tmp/fcpFAAa19558:
   hcsetp:
/var/tmp/fcpFAAa19558:
   hcshow:
/var/tmp/fcpFAAa19558:
   hcstat:
/var/tmp/fcpFAAa19558:
   hcsten:
/var/tmp/fcpFAAa19558:
   hcstse:
/var/tmp/fcpFAAa19558:
   hctksp:
/var/tmp/fcpFAAa19558:
   hctrga:
/var/tmp/fcpFAAa19558:
   hctrgd:
/var/tmp/fcpFAAa19558:
   hcwsum:
/var/tmp/fcpFAAa19558:
   hfndtr:
/var/tmp/fcpFAAa19558:
   hgetdb:
/var/tmp/fcpFAAa19558:
   hhcutg:
/var/tmp/fcpFAAa19558:
   hnewtk:
/var/tmp/fcpFAAa19558:
   hpantp:
/var/tmp/fcpFAAa19558:
   hrdgal:
/var/tmp/fcpFAAa19558:
   hrdtri:
/var/tmp/fcpFAAa19558:
   htdead:
/var/tmp/fcpFAAa19690:
   iaprox:
/var/tmp/fcpFAAa19690:
   iruchk:
/var/tmp/fcpFAAa19690:
   isbend:
       entry    isbgin:
/var/tmp/fcpFAAa19690:
   isplin:
       entry    isplio:
/var/tmp/fcpFAAa19690:
   italig:
/var/tmp/fcpFAAa19690:
   itasig:
/var/tmp/fcpFAAa19690:
   itbint:
/var/tmp/fcpFAAa19690:
   itdaq:
/var/tmp/fcpFAAa19690:
   itdcns:
/var/tmp/fcpFAAa19690:
   itdigi:
/var/tmp/fcpFAAa19690:
   itdrft:
/var/tmp/fcpFAAa19690:
   itdtgo:
       entry    itdtim:
/var/tmp/fcpFAAa19690:
   ithit:
/var/tmp/fcpFAAa19690:
   itirun:
/var/tmp/fcpFAAa19690:
   itmsk1:
/var/tmp/fcpFAAa19690:
   itmsk2:
/var/tmp/fcpFAAa19690:
   itnois:
/var/tmp/fcpFAAa19690:
   itpgeo:
/var/tmp/fcpFAAa19690:
   itphim:
/var/tmp/fcpFAAa19690:
   itres:
/var/tmp/fcpFAAa19690:
   itrgpa:
/var/tmp/fcpFAAa19690:
   itroti:
/var/tmp/fcpFAAa19690:
   itrpp:
/var/tmp/fcpFAAa19690:
   itrsb:
/var/tmp/fcpFAAa19690:
   itsdig:
/var/tmp/fcpFAAa19690:
   ittexp:
/var/tmp/fcpFAAa19690:
   ittofe:
/var/tmp/fcpFAAa19690:
   itwini:
/var/tmp/fcpFAAa19690:
   itwsum:
/var/tmp/fcpFAAa19690:
   itxtlk:
/var/tmp/fcpFAAa19690:
   itzcoi:
/var/tmp/fcpFAAa19942:
   lcadc:
/var/tmp/fcpFAAa19942:
   lcamp:
/var/tmp/fcpFAAa19942:
   lcasig:
/var/tmp/fcpFAAa19942:
   lcbhab:
/var/tmp/fcpFAAa19942:
   lcbkpr:
/var/tmp/fcpFAAa19942:
   lcdigi:
/var/tmp/fcpFAAa19942:
   lcfral:
/var/tmp/fcpFAAa19942:
   lchit:
/var/tmp/fcpFAAa19942:
   lcirun:
/var/tmp/fcpFAAa19942:
   lcnami:
/var/tmp/fcpFAAa19942:
   lcnois:
/var/tmp/fcpFAAa19942:
   lcpad:
/var/tmp/fcpFAAa19942:
   lcroc:
/var/tmp/fcpFAAa19942:
   lcsamp:
/var/tmp/fcpFAAa19942:
   lcsatu:
/var/tmp/fcpFAAa19942:
   lcshow:
/var/tmp/fcpFAAa19942:
   lcstrt:
/var/tmp/fcpFAAa19942:
   lctrak:
/var/tmp/fcpFAAa19942:
   lctrdi:
/var/tmp/fcpFAAa19942:
   lctrht:
/var/tmp/fcpFAAa19942:
   lcwire:
/var/tmp/fcpFAAa19942:
   lcwsum:
/var/tmp/fcpFAAa19942:
   lcwtri:
/var/tmp/fcpFAAa19942:
   lcxypa:
/var/tmp/fcpFAAa19942:
   lschit:
/var/tmp/fcpFAAa20031:
   muasig:
/var/tmp/fcpFAAa20031:
   mubook:
/var/tmp/fcpFAAa20031:
   mudgtz:
/var/tmp/fcpFAAa20031:
   mudigi:
/var/tmp/fcpFAAa20031:
   mufill:
/var/tmp/fcpFAAa20031:
   mufldi:
/var/tmp/fcpFAAa20031:
   mufldt:
/var/tmp/fcpFAAa20031:
   muflht:
/var/tmp/fcpFAAa20031:
   mufltd:
/var/tmp/fcpFAAa20031:
   mugetc:
/var/tmp/fcpFAAa20031:
   muhit:
/var/tmp/fcpFAAa20031:
   muincb:
/var/tmp/fcpFAAa20031:
   muince:
/var/tmp/fcpFAAa20031:
   muincm:
/var/tmp/fcpFAAa20031:
   muirun:
/var/tmp/fcpFAAa20031:
   munsta:
/var/tmp/fcpFAAa20031:
   musgnl:
/var/tmp/fcpFAAa20031:
   musmfr:
/var/tmp/fcpFAAa20031:
   muspmd:
/var/tmp/fcpFAAa20031:
   mustrm:
/var/tmp/fcpFAAa20031:
   mustsg:
/var/tmp/fcpFAAa20031:
   mutrsf:
/var/tmp/fcpFAAa20031:
   muunoi:
/var/tmp/fcpFAAa20031:
   muwsum:
/var/tmp/fcpFAAa20118:
   saasig:
/var/tmp/fcpFAAa20118:
   sabook:
/var/tmp/fcpFAAa20118:
   sadigi:
/var/tmp/fcpFAAa20118:
   sahist:
/var/tmp/fcpFAAa20118:
   sahit:
/var/tmp/fcpFAAa20118:
   sairun:
/var/tmp/fcpFAAa20118:
   sawsum:
/var/tmp/fcpFAAa20345:
   siasig:
/var/tmp/fcpFAAa20345:
   sibook:
/var/tmp/fcpFAAa20345:
   sidfgo:
/var/tmp/fcpFAAa20345:
   sidfpa:
/var/tmp/fcpFAAa20345:
   sidfrt:
/var/tmp/fcpFAAa20345:
   sidigi:
/var/tmp/fcpFAAa20345:
   sifilh:
/var/tmp/fcpFAAa20345:
   sihit:
/var/tmp/fcpFAAa20345:
   siirun:
/var/tmp/fcpFAAa20345:
   silong:
/var/tmp/fcpFAAa20345:
   sinois:
/var/tmp/fcpFAAa20345:
   sishow:
/var/tmp/fcpFAAa20345:
   sisidi:
/var/tmp/fcpFAAa20345:
   sitra3:
/var/tmp/fcpFAAa20345:
   sitrak:
/var/tmp/fcpFAAa20345:
   sitran:
/var/tmp/fcpFAAa20345:
   sitrig:
/var/tmp/fcpFAAa20345:
   siwsum:
/var/tmp/fcpFAAa20345:
   sizini:
/var/tmp/fcpFAAa20345:
   sizsup:
/var/tmp/fcpFAAa20565:
   asasig:
/var/tmp/fcpFAAa20565:
   asbook:
/var/tmp/fcpFAAa20565:
   asceve:
/var/tmp/fcpFAAa20565:
   ascjob:
/var/tmp/fcpFAAa20565:
   ascrun:
/var/tmp/fcpFAAa20565:
   asctra:
/var/tmp/fcpFAAa20565:
   asdigi:
/var/tmp/fcpFAAa20565:
   asevst:
/var/tmp/fcpFAAa20565:
   asfxxx:
/var/tmp/fcpFAAa20565:
   asgpar:
/var/tmp/fcpFAAa20565:
   asieve:
/var/tmp/fcpFAAa20565:
   asigal:
/var/tmp/fcpFAAa20565:
   asigea:
/var/tmp/fcpFAAa20565:
   asijob:
/var/tmp/fcpFAAa20565:
   asimod:
/var/tmp/fcpFAAa20565:
   asinit:
/var/tmp/fcpFAAa20565:
   asipac:
/var/tmp/fcpFAAa20565:
   asirun:
/var/tmp/fcpFAAa20565:
   askine:
/var/tmp/fcpFAAa20565:
   asksin:
/var/tmp/fcpFAAa20565:
   asktrk:
/var/tmp/fcpFAAa20565:
   askuse:
/var/tmp/fcpFAAa20565:
   askusi:
/var/tmp/fcpFAAa20565:
   aspeve:
/var/tmp/fcpFAAa20565:
   asprun:
/var/tmp/fcpFAAa20565:
   asread:
/var/tmp/fcpFAAa20565:
   asredc:
/var/tmp/fcpFAAa20565:
   asreve:
/var/tmp/fcpFAAa20565:
   asrkin:
/var/tmp/fcpFAAa20565:
   asrrun:
/var/tmp/fcpFAAa20565:
   asrtyp:
/var/tmp/fcpFAAa20565:
   asrust:
/var/tmp/fcpFAAa20565:
   astdeb:
/var/tmp/fcpFAAa20565:
   astgea:
/var/tmp/fcpFAAa20565:
   astimp:
/var/tmp/fcpFAAa20565:
   astrac:
/var/tmp/fcpFAAa20565:
   astrig:
/var/tmp/fcpFAAa20565:
   aswkin:
/var/tmp/fcpFAAa20565:
   aswrtp:
/var/tmp/fcpFAAa20565:
   aswsum:
/var/tmp/fcpFAAa20684:
   tpasig:
/var/tmp/fcpFAAa20684:
   tpcoor:
/var/tmp/fcpFAAa20684:
   tpdigi:
/var/tmp/fcpFAAa20684:
   tpgeth:
/var/tmp/fcpFAAa20684:
   tphdif:
/var/tmp/fcpFAAa20684:
   tphit:
/var/tmp/fcpFAAa20684:
   tphsrt:
/var/tmp/fcpFAAa20684:
   tpibos:
/var/tmp/fcpFAAa20684:
   tpirun:
/var/tmp/fcpFAAa20684:
   tpugeo:
/var/tmp/fcpFAAa20684:
   tpwsum:
/var/tmp/fcpFAAa20684:
   ttgeth:
/var/tmp/fcpFAAa20752:
   vaencl:
/var/tmp/fcpFAAa20752:
   vdasig:
/var/tmp/fcpFAAa20752:
   vdb2dd:
/var/tmp/fcpFAAa20752:
   vdbook:
/var/tmp/fcpFAAa20752:
   vdclu:
/var/tmp/fcpFAAa20752:
   vddigi:
/var/tmp/fcpFAAa20752:
   vdfill:
/var/tmp/fcpFAAa20752:
   vdfirw:
/var/tmp/fcpFAAa20752:
   vdfoob:
/var/tmp/fcpFAAa20752:
   vdhit:
/var/tmp/fcpFAAa20752:
   vdhite:
/var/tmp/fcpFAAa20752:
   vdirun:
/var/tmp/fcpFAAa20752:
   vdmklo:
/var/tmp/fcpFAAa20752:
   vdmkte:
/var/tmp/fcpFAAa20752:
   vdnois:
/var/tmp/fcpFAAa20752:
   vdprte:
/var/tmp/fcpFAAa20752:
   vdroch:
/var/tmp/fcpFAAa20752:
   vdwsum:
/var/tmp/fcpFAAa20752:
   vfndel:
/var/tmp/fcpFAAa20752:
   vfndmc:
/var/tmp/fcpFAAa20752:
   vfndmp:
/var/tmp/fcpFAAa20752:
   vfndth:
/var/tmp/fcpFAAa20752:
   vgwcns:
/var/tmp/fcpFAAa20752:
   vinstc:
/var/tmp/fcpFAAa20752:
   vinsts:
