/var/tmp/fcpFAAa16287:
   caabsb:
/var/tmp/fcpFAAa16287:
   cacutg:
/var/tmp/fcpFAAa16287:
   caepar:
/var/tmp/fcpFAAa16287:
   cafiht:
/var/tmp/fcpFAAa16287:
   cagerb:
/var/tmp/fcpFAAa16287:
   caherb:
/var/tmp/fcpFAAa16287:
   cahgrb:
/var/tmp/fcpFAAa16287:
   cahhrb:
/var/tmp/fcpFAAa16287:
   cahist:
/var/tmp/fcpFAAa16287:
   cahmod:
/var/tmp/fcpFAAa16287:
   cahpar:
/var/tmp/fcpFAAa16287:
   cahtrv:
/var/tmp/fcpFAAa16287:
   calhit:
/var/tmp/fcpFAAa16287:
   capget:
/var/tmp/fcpFAAa16287:
   capsto:
/var/tmp/fcpFAAa16287:
   cashad:
/var/tmp/fcpFAAa16287:
   cashem:
/var/tmp/fcpFAAa16287:
   catino:
/var/tmp/fcpFAAa16333:
   adinit:
/var/tmp/fcpFAAa16333:
   adrz:
/var/tmp/fcpFAAa16333:
   adview:
/var/tmp/fcpFAAa16333:
   adxy:
/var/tmp/fcpFAAa16333:
/var/tmp/fcpFAAa16346:
   ebeblo:
/var/tmp/fcpFAAa16346:
   ebethe:
/var/tmp/fcpFAAa16346:
   ecasig:
/var/tmp/fcpFAAa16346:
   ecbook:
/var/tmp/fcpFAAa16346:
   ecdfcd:
/var/tmp/fcpFAAa16346:
   ecdfpa:
/var/tmp/fcpFAAa16346:
   ecdigi:
/var/tmp/fcpFAAa16346:
   echit:
/var/tmp/fcpFAAa16346:
   ecibug:
/var/tmp/fcpFAAa16346:
   ecirun:
/var/tmp/fcpFAAa16346:
   ecista:
/var/tmp/fcpFAAa16346:
   ecnami:
/var/tmp/fcpFAAa16346:
   ectrig:
/var/tmp/fcpFAAa16346:
   ecwsum:
/var/tmp/fcpFAAa16346:
   edfilh:
/var/tmp/fcpFAAa16346:
   edinip:
/var/tmp/fcpFAAa16346:
   edsnoi:
/var/tmp/fcpFAAa16346:
   edtadj:
/var/tmp/fcpFAAa16346:
   edtain:
/var/tmp/fcpFAAa16346:
   edtcor:
/var/tmp/fcpFAAa16346:
   edtcut:
/var/tmp/fcpFAAa16346:
   edtdig:
/var/tmp/fcpFAAa16346:
   edtono:
/var/tmp/fcpFAAa16346:
   edtrgi:
/var/tmp/fcpFAAa16346:
   edtzsu:
/var/tmp/fcpFAAa16346:
   edwbru:
/var/tmp/fcpFAAa16346:
   edwdgt:
/var/tmp/fcpFAAa16346:
   ehadrn:
/var/tmp/fcpFAAa16346:
   ehbari:
/var/tmp/fcpFAAa16346:
   ehchar:
/var/tmp/fcpFAAa16346:
   ehchek:
/var/tmp/fcpFAAa16346:
   ehcpwi:
/var/tmp/fcpFAAa16346:
   ehcutf:
/var/tmp/fcpFAAa16346:
   ehcutg:
/var/tmp/fcpFAAa16346:
   ehcutp:
/var/tmp/fcpFAAa16346:
   ehdeph:
/var/tmp/fcpFAAa16346:
   ehdeps:
/var/tmp/fcpFAAa16346:
   ehdept:
/var/tmp/fcpFAAa16346:
   ehedge:
/var/tmp/fcpFAAa16346:
   ehgeob:
/var/tmp/fcpFAAa16346:
   ehgeoe:
/var/tmp/fcpFAAa16346:
   ehgerb:
/var/tmp/fcpFAAa16346:
   ehibos:
/var/tmp/fcpFAAa16346:
   ehloti:
/var/tmp/fcpFAAa16346:
   ehpalo:
/var/tmp/fcpFAAa16346:
   ehpasr:
/var/tmp/fcpFAAa16346:
   ehpeta:
/var/tmp/fcpFAAa16346:
   ehshow:
/var/tmp/fcpFAAa16346:
   ehsitw:
/var/tmp/fcpFAAa16346:
   ehtran:
/var/tmp/fcpFAAa16346:
   ehtrke:
/var/tmp/fcpFAAa16346:
   ehtrti:
/var/tmp/fcpFAAa16346:
   elanda:
/var/tmp/fcpFAAa16346:
   eprimi:
/var/tmp/fcpFAAa16346:
   euppar:
/var/tmp/fcpFAAa16346:
   everif:
/var/tmp/fcpFAAa16902:
   aunpck:
/var/tmp/fcpFAAa16902:
   MAIN galeph:
/var/tmp/fcpFAAa16902:
   alseed:
   rdmin:
   rndm:
       entry    recust:
   rdmout:
/var/tmp/fcpFAAa16902:
   qnext:
/var/tmp/fcpFAAa16902:
   usceve:
/var/tmp/fcpFAAa16902:
   uscjob:
/var/tmp/fcpFAAa16902:
   uscrun:
/var/tmp/fcpFAAa16902:
   usieve:
/var/tmp/fcpFAAa16902:
   usijob:
/var/tmp/fcpFAAa16902:
   usirun:
/var/tmp/fcpFAAa16927:
   agbeam:
/var/tmp/fcpFAAa16927:
   agchck:
/var/tmp/fcpFAAa16927:
   agcoil:
/var/tmp/fcpFAAa16927:
   agdimp:
/var/tmp/fcpFAAa16927:
   agecal:
/var/tmp/fcpFAAa16927:
   agecpm:
/var/tmp/fcpFAAa16927:
   agemat:
/var/tmp/fcpFAAa16927:
   ageome:
/var/tmp/fcpFAAa16927:
   aggean:
/var/tmp/fcpFAAa16927:
   aghcal:
/var/tmp/fcpFAAa16927:
   agitch:
/var/tmp/fcpFAAa16927:
   aglcal:
/var/tmp/fcpFAAa16927:
   agmate:
/var/tmp/fcpFAAa16927:
   agmedi:
/var/tmp/fcpFAAa16927:
   agmix:
/var/tmp/fcpFAAa16927:
   agmuch:
/var/tmp/fcpFAAa16927:
   agquad:
/var/tmp/fcpFAAa16927:
   agsatr:
/var/tmp/fcpFAAa16927:
   agsatt:
/var/tmp/fcpFAAa16927:
   agscal:
/var/tmp/fcpFAAa16927:
   agsi92:
/var/tmp/fcpFAAa16927:
   agsmba:
/var/tmp/fcpFAAa16927:
   agtpch:
/var/tmp/fcpFAAa16927:
   agvdet:
/var/tmp/fcpFAAa16927:
   agvf92:
/var/tmp/fcpFAAa16927:
   agvf95:
/var/tmp/fcpFAAa16927:
   agvf96:
/var/tmp/fcpFAAa17038:
   gdray:
/var/tmp/fcpFAAa17038:
   getran:
/var/tmp/fcpFAAa17038:
   gpghei:
/var/tmp/fcpFAAa17038:
   grndm:
/var/tmp/fcpFAAa17038:
   gstmed:
/var/tmp/fcpFAAa17038:
   gufld:
/var/tmp/fcpFAAa17038:
   guhadr:
/var/tmp/fcpFAAa17038:
   guphad:
/var/tmp/fcpFAAa17038:
   gusear:
       entry    guinme:
       entry    guncon:
       entry    gunsou:
       entry    gunxts:
/var/tmp/fcpFAAa17038:
   gustep:
/var/tmp/fcpFAAa17038:
   gutrak:
/var/tmp/fcpFAAa17246:
   hcalto:
/var/tmp/fcpFAAa17246:
   hcasig:
/var/tmp/fcpFAAa17246:
   hcback:
/var/tmp/fcpFAAa17246:
   hccoin:
/var/tmp/fcpFAAa17246:
   hccrdi:
/var/tmp/fcpFAAa17246:
   hccrpl:
/var/tmp/fcpFAAa17246:
   hccrto:
/var/tmp/fcpFAAa17246:
   hcdigi:
/var/tmp/fcpFAAa17246:
   hcfitu:
/var/tmp/fcpFAAa17246:
   hcfopl:
/var/tmp/fcpFAAa17246:
   hcfora:
/var/tmp/fcpFAAa17246:
   hcford:
/var/tmp/fcpFAAa17246:
   hcgest:
/var/tmp/fcpFAAa17246:
   hchise:
/var/tmp/fcpFAAa17246:
   hchist:
       entry    hchis1:
/var/tmp/fcpFAAa17246:
   hchit:
/var/tmp/fcpFAAa17246:
   hchlwd:
/var/tmp/fcpFAAa17246:
   hcieve:
/var/tmp/fcpFAAa17246:
   hcifir:
/var/tmp/fcpFAAa17246:
   hcindu:
/var/tmp/fcpFAAa17246:
   hcinit:
/var/tmp/fcpFAAa17246:
   hcirun:
/var/tmp/fcpFAAa17246:
   hcmodn:
/var/tmp/fcpFAAa17246:
   hcnami:
/var/tmp/fcpFAAa17246:
   hcnstr:
/var/tmp/fcpFAAa17246:
   hcproj:
/var/tmp/fcpFAAa17246:
   hcrdca:
/var/tmp/fcpFAAa17246:
   hcsetp:
/var/tmp/fcpFAAa17246:
   hcshow:
/var/tmp/fcpFAAa17246:
   hcstat:
/var/tmp/fcpFAAa17246:
   hcsten:
/var/tmp/fcpFAAa17246:
   hcstse:
/var/tmp/fcpFAAa17246:
   hctksp:
/var/tmp/fcpFAAa17246:
   hctrga:
/var/tmp/fcpFAAa17246:
   hctrgd:
/var/tmp/fcpFAAa17246:
   hcwsum:
/var/tmp/fcpFAAa17246:
   hfndtr:
/var/tmp/fcpFAAa17246:
   hgetdb:
/var/tmp/fcpFAAa17246:
   hhcutg:
/var/tmp/fcpFAAa17246:
   hnewtk:
/var/tmp/fcpFAAa17246:
   hpantp:
/var/tmp/fcpFAAa17246:
   hrdgal:
/var/tmp/fcpFAAa17246:
   hrdtri:
/var/tmp/fcpFAAa17246:
   htdead:
/var/tmp/fcpFAAa17431:
   iaprox:
/var/tmp/fcpFAAa17431:
   iruchk:
/var/tmp/fcpFAAa17431:
   isbend:
       entry    isbgin:
/var/tmp/fcpFAAa17431:
   isplin:
       entry    isplio:
/var/tmp/fcpFAAa17431:
   italig:
/var/tmp/fcpFAAa17431:
   itasig:
/var/tmp/fcpFAAa17431:
   itbint:
/var/tmp/fcpFAAa17431:
   itdaq:
/var/tmp/fcpFAAa17431:
   itdcns:
/var/tmp/fcpFAAa17431:
   itdigi:
/var/tmp/fcpFAAa17431:
   itdrft:
/var/tmp/fcpFAAa17431:
   itdtgo:
       entry    itdtim:
/var/tmp/fcpFAAa17431:
   ithit:
/var/tmp/fcpFAAa17431:
   itirun:
/var/tmp/fcpFAAa17431:
   itmsk1:
/var/tmp/fcpFAAa17431:
   itmsk2:
/var/tmp/fcpFAAa17431:
   itnois:
/var/tmp/fcpFAAa17431:
   itpgeo:
/var/tmp/fcpFAAa17431:
   itphim:
/var/tmp/fcpFAAa17431:
   itres:
/var/tmp/fcpFAAa17431:
   itrgpa:
/var/tmp/fcpFAAa17431:
   itroti:
/var/tmp/fcpFAAa17431:
   itrpp:
/var/tmp/fcpFAAa17431:
   itrsb:
/var/tmp/fcpFAAa17431:
   itsdig:
/var/tmp/fcpFAAa17431:
   ittexp:
/var/tmp/fcpFAAa17431:
   ittofe:
/var/tmp/fcpFAAa17431:
   itwini:
/var/tmp/fcpFAAa17431:
   itwsum:
/var/tmp/fcpFAAa17431:
   itxtlk:
/var/tmp/fcpFAAa17431:
   itzcoi:
/var/tmp/fcpFAAa17689:
   lcadc:
/var/tmp/fcpFAAa17689:
   lcamp:
/var/tmp/fcpFAAa17689:
   lcasig:
/var/tmp/fcpFAAa17689:
   lcbhab:
/var/tmp/fcpFAAa17689:
   lcbkpr:
/var/tmp/fcpFAAa17689:
   lcdigi:
/var/tmp/fcpFAAa17689:
   lcfral:
/var/tmp/fcpFAAa17689:
   lchit:
/var/tmp/fcpFAAa17689:
   lcirun:
/var/tmp/fcpFAAa17689:
   lcnami:
/var/tmp/fcpFAAa17689:
   lcnois:
/var/tmp/fcpFAAa17689:
   lcpad:
/var/tmp/fcpFAAa17689:
   lcroc:
/var/tmp/fcpFAAa17689:
   lcsamp:
/var/tmp/fcpFAAa17689:
   lcsatu:
/var/tmp/fcpFAAa17689:
   lcshow:
/var/tmp/fcpFAAa17689:
   lcstrt:
/var/tmp/fcpFAAa17689:
   lctrak:
/var/tmp/fcpFAAa17689:
   lctrdi:
/var/tmp/fcpFAAa17689:
   lctrht:
/var/tmp/fcpFAAa17689:
   lcwire:
/var/tmp/fcpFAAa17689:
   lcwsum:
/var/tmp/fcpFAAa17689:
   lcwtri:
/var/tmp/fcpFAAa17689:
   lcxypa:
/var/tmp/fcpFAAa17689:
   lschit:
/var/tmp/fcpFAAa17761:
   muasig:
/var/tmp/fcpFAAa17761:
   mubook:
/var/tmp/fcpFAAa17761:
   mudgtz:
/var/tmp/fcpFAAa17761:
   mudigi:
/var/tmp/fcpFAAa17761:
   mufill:
/var/tmp/fcpFAAa17761:
   mufldi:
/var/tmp/fcpFAAa17761:
   mufldt:
/var/tmp/fcpFAAa17761:
   muflht:
/var/tmp/fcpFAAa17761:
   mufltd:
/var/tmp/fcpFAAa17761:
   mugetc:
/var/tmp/fcpFAAa17761:
   muhit:
/var/tmp/fcpFAAa17761:
   muincb:
/var/tmp/fcpFAAa17761:
   muince:
/var/tmp/fcpFAAa17761:
   muincm:
/var/tmp/fcpFAAa17761:
   muirun:
/var/tmp/fcpFAAa17761:
   munsta:
/var/tmp/fcpFAAa17761:
   musgnl:
/var/tmp/fcpFAAa17761:
   musmfr:
/var/tmp/fcpFAAa17761:
   muspmd:
/var/tmp/fcpFAAa17761:
   mustrm:
/var/tmp/fcpFAAa17761:
   mustsg:
/var/tmp/fcpFAAa17761:
   mutrsf:
/var/tmp/fcpFAAa17761:
   muunoi:
/var/tmp/fcpFAAa17761:
   muwsum:
/var/tmp/fcpFAAa17833:
   saasig:
/var/tmp/fcpFAAa17833:
   sabook:
/var/tmp/fcpFAAa17833:
   sadigi:
/var/tmp/fcpFAAa17833:
   sahist:
/var/tmp/fcpFAAa17833:
   sahit:
/var/tmp/fcpFAAa17833:
   sairun:
/var/tmp/fcpFAAa17833:
   sawsum:
/var/tmp/fcpFAAa17852:
   siasig:
/var/tmp/fcpFAAa17852:
   sibook:
/var/tmp/fcpFAAa17852:
   sidfgo:
/var/tmp/fcpFAAa17852:
   sidfpa:
/var/tmp/fcpFAAa17852:
   sidfrt:
/var/tmp/fcpFAAa17852:
   sidigi:
/var/tmp/fcpFAAa17852:
   sifilh:
/var/tmp/fcpFAAa17852:
   sihit:
/var/tmp/fcpFAAa17852:
   siirun:
/var/tmp/fcpFAAa17852:
   silong:
/var/tmp/fcpFAAa17852:
   sinois:
/var/tmp/fcpFAAa17852:
   sishow:
/var/tmp/fcpFAAa17852:
   sisidi:
/var/tmp/fcpFAAa17852:
   sitra3:
/var/tmp/fcpFAAa17852:
   sitrak:
/var/tmp/fcpFAAa17852:
   sitran:
/var/tmp/fcpFAAa17852:
   sitrig:
/var/tmp/fcpFAAa17852:
   siwsum:
/var/tmp/fcpFAAa17852:
   sizini:
/var/tmp/fcpFAAa17852:
   sizsup:
/var/tmp/fcpFAAa18078:
   asasig:
/var/tmp/fcpFAAa18078:
   asbook:
/var/tmp/fcpFAAa18078:
   asceve:
/var/tmp/fcpFAAa18078:
   ascjob:
/var/tmp/fcpFAAa18078:
   ascrun:
/var/tmp/fcpFAAa18078:
   asctra:
/var/tmp/fcpFAAa18078:
   asdigi:
/var/tmp/fcpFAAa18078:
   asevst:
/var/tmp/fcpFAAa18078:
   asfxxx:
/var/tmp/fcpFAAa18078:
   asgpar:
/var/tmp/fcpFAAa18078:
   asieve:
/var/tmp/fcpFAAa18078:
   asigal:
/var/tmp/fcpFAAa18078:
   asigea:
/var/tmp/fcpFAAa18078:
   asijob:
/var/tmp/fcpFAAa18078:
   asimod:
/var/tmp/fcpFAAa18078:
   asinit:
/var/tmp/fcpFAAa18078:
   asipac:
/var/tmp/fcpFAAa18078:
   asirun:
/var/tmp/fcpFAAa18078:
   askine:
/var/tmp/fcpFAAa18078:
   asksin:
/var/tmp/fcpFAAa18078:
   asktrk:
/var/tmp/fcpFAAa18078:
   askuse:
/var/tmp/fcpFAAa18078:
   askusi:
/var/tmp/fcpFAAa18078:
   aspeve:
/var/tmp/fcpFAAa18078:
   asprun:
/var/tmp/fcpFAAa18078:
   asread:
/var/tmp/fcpFAAa18078:
   asredc:
/var/tmp/fcpFAAa18078:
   asreve:
/var/tmp/fcpFAAa18078:
   asrkin:
/var/tmp/fcpFAAa18078:
   asrrun:
/var/tmp/fcpFAAa18078:
   asrtyp:
/var/tmp/fcpFAAa18078:
   asrust:
/var/tmp/fcpFAAa18078:
   astdeb:
/var/tmp/fcpFAAa18078:
   astgea:
/var/tmp/fcpFAAa18078:
   astimp:
/var/tmp/fcpFAAa18078:
   astrac:
/var/tmp/fcpFAAa18078:
   astrig:
/var/tmp/fcpFAAa18078:
   aswkin:
/var/tmp/fcpFAAa18078:
   aswrtp:
/var/tmp/fcpFAAa18078:
   aswsum:
/var/tmp/fcpFAAa18249:
   tpasig:
/var/tmp/fcpFAAa18249:
   tpcoor:
/var/tmp/fcpFAAa18249:
   tpdigi:
/var/tmp/fcpFAAa18249:
   tpgeth:
/var/tmp/fcpFAAa18249:
   tphdif:
/var/tmp/fcpFAAa18249:
   tphit:
/var/tmp/fcpFAAa18249:
   tphsrt:
/var/tmp/fcpFAAa18249:
   tpibos:
/var/tmp/fcpFAAa18249:
   tpirun:
/var/tmp/fcpFAAa18249:
   tpugeo:
/var/tmp/fcpFAAa18249:
   tpwsum:
/var/tmp/fcpFAAa18249:
   ttgeth:
/var/tmp/fcpFAAa18280:
   vaencl:
/var/tmp/fcpFAAa18280:
   vdasig:
/var/tmp/fcpFAAa18280:
   vdb2dd:
/var/tmp/fcpFAAa18280:
   vdbook:
/var/tmp/fcpFAAa18280:
   vdclu:
/var/tmp/fcpFAAa18280:
   vddigi:
/var/tmp/fcpFAAa18280:
   vdfill:
/var/tmp/fcpFAAa18280:
   vdfirw:
/var/tmp/fcpFAAa18280:
   vdfoob:
/var/tmp/fcpFAAa18280:
   vdhit:
/var/tmp/fcpFAAa18280:
   vdhite:
/var/tmp/fcpFAAa18280:
   vdirun:
/var/tmp/fcpFAAa18280:
   vdmklo:
/var/tmp/fcpFAAa18280:
   vdmkte:
/var/tmp/fcpFAAa18280:
   vdnois:
/var/tmp/fcpFAAa18280:
   vdprte:
/var/tmp/fcpFAAa18280:
   vdroch:
/var/tmp/fcpFAAa18280:
   vdwsum:
/var/tmp/fcpFAAa18280:
   vfndel:
/var/tmp/fcpFAAa18280:
   vfndmc:
/var/tmp/fcpFAAa18280:
   vfndmp:
/var/tmp/fcpFAAa18280:
   vfndth:
/var/tmp/fcpFAAa18280:
   vgwcns:
/var/tmp/fcpFAAa18280:
   vinstc:
/var/tmp/fcpFAAa18280:
   vinsts:
