f77 -g -w1 -c -static ../aucirl.f
f77 -g -w1 -c -static ../augxyz.f
f77 -g -w1 -c -static ../t2dedx.f
f77 -g -w1 -c -static ../t2teer.f
f77 -g -w1 -c -static ../t2tran.f
f77 -g -w1 -c -static ../tbloch.f
f77 -g -w1 -c -static ../tdebug.f
fort: Info: ../tdebug.f, line 173: No path to this statement
  888 WRITE(6,102) DBGUNI
--^
f77 -g -w1 -c -static ../tgcbos.f
f77 -g -w1 -c -static ../tgfini.f
f77 -g -w1 -c -static ../tginit.f
f77 -g -w1 -c -static ../tgteer.f
f77 -g -w1 -c -static ../tobkhs.f
f77 -g -w1 -c -static ../toevin.f
f77 -g -w1 -c -static ../tordev.f
f77 -g -w1 -c -static ../tpachr.f
f77 -g -w1 -c -static ../tpaval.f
f77 -g -w1 -c -static ../tpbgeo.f
f77 -g -w1 -c -static ../tpbrtk.f
f77 -g -w1 -c -static ../tpbrtp.f
f77 -g -w1 -c -static ../tpcdet.f
f77 -g -w1 -c -static ../tpcflt.f
f77 -g -w1 -c -static ../tpcver.f
f77 -g -w1 -c -static ../tpdmom.f
f77 -g -w1 -c -static ../tpdpar.f
f77 -g -w1 -c -static ../tpdray.f
f77 -g -w1 -c -static ../tpelsg.f
f77 -g -w1 -c -static ../tpensc.f
f77 -g -w1 -c -static ../tpexb2.f
f77 -g -w1 -c -static ../tpexb3.f
f77 -g -w1 -c -static ../tpexbs.f
f77 -g -w1 -c -static ../tpexmi.f
f77 -g -w1 -c -static ../tpfbrt.f
f77 -g -w1 -c -static ../tpfids.f
f77 -g -w1 -c -static ../tpfill.f
f77 -g -w1 -c -static ../tpflpl.f
f77 -g -w1 -c -static ../tpfmt.f
f77 -g -w1 -c -static ../tpgbr0.f
f77 -g -w1 -c -static ../tpgbrt.f
f77 -g -w1 -c -static ../tpgetr.f
f77 -g -w1 -c -static ../tpinel.f
f77 -g -w1 -c -static ../tpinrf.f
f77 -g -w1 -c -static ../tpisol.f
f77 -g -w1 -c -static ../tpmain.f
f77 -g -w1 -c -static ../tpnclu.f
f77 -g -w1 -c -static ../tpnois.f
f77 -g -w1 -c -static ../tpopsg.f
f77 -g -w1 -c -static ../tppcst.f
f77 -g -w1 -c -static ../tprima.f
f77 -g -w1 -c -static ../tprimb.f
f77 -g -w1 -c -static ../tprots.f
f77 -g -w1 -c -static ../tpsegt.f
f77 -g -w1 -c -static ../tpsgnl.f
f77 -g -w1 -c -static ../tpshap.f
f77 -g -w1 -c -static ../tpsize.f
f77 -g -w1 -c -static ../tptcst.f
f77 -g -w1 -c -static ../tpzspr.f
f77 -g -w1 -c -static ../tsaval.f
f77 -g -w1 -c -static ../tsavcn.f
f77 -g -w1 -c -static ../tscbos.f
f77 -g -w1 -c -static ../tscdef.f
f77 -g -w1 -c -static ../tscnst.f
f77 -g -w1 -c -static ../tsdedx.f
f77 -g -w1 -c -static ../tsdigt.f
f77 -g -w1 -c -static ../tsfini.f
f77 -g -w1 -c -static ../tsinit.f
f77 -g -w1 -c -static ../tspcpl.f
f77 -g -w1 -c -static ../tsrcon.f
f77 -g -w1 -c -static ../tsresp.f
f77 -g -w1 -c -static ../tssham.f
f77 -g -w1 -c -static ../tstcpl.f
f77 -g -w1 -c -static ../tsteer.f
f77 -g -w1 -c -static ../tstran.f
f77 -g -w1 -c -static ../tswred.f
f77 -g -w1 -c -static ../tswrev.f
f77 -g -w1 -c -static ../ttfmt.f
f77 -g -w1 -c -static ../twfmt.f
f77 -g -w1 -c -static ../twpana.f
