0BREADC-----  NAME........NR  +----------------------------------------------------------------------+
                            * *  DALI CARDS FILE                                                      
                            * *                                                                       
                            * *POFF                                                                   
                            * *                                                                       
                            * *FILO 'AL1$USER0:[DREVERMANN.DAL]DALTST.EDIR'                           
                            * *                                                                       
                            * *FDBA 'DBASE:ADBSCONS.DAF'                                              
 -----------  FDBA         0  FDBA 'DBASE:ADBSTEST.DAF'                                               
                            * *                                                                       
                            * *                                                                       
 -----------  TPC          0  TPC 'HIST' 0                                                            
 -----------  VDET         0  VDET 0 / 13 1                                                           
                              1 6000 9000 'VDET' 1                                                    
                              0.2154 -0.1682  0.0579  2.96511 -0.00133 -0.00758                       
                              1 1                                                                     
                            * *-------------GENERAL GEOMETRY BANKS-----------------------             
                            F SIGO $FMT 2I,(4I,12F)                                                   
 -----------  SIGO        -1  SIGO -1 / 16 1                                                          
                              2 16 32 12   6.09   14.45   3.75 0. -3.75                               
                              250.214  1.003   .37   .7  .15  2.01  2.02                              
                            F SALI $FMT 2I,(F)                                                        
 -----------  SALI        -1  SALI -1 /    9    2                                                     
                              0.   0.  0.  0.  0.  0.  0.  0.  0.                                     
                              0.   0.  0.  0.  0.  0.  0.  0.  0.                                     
 -----------  EFLW         0  EFLW                                                                    
                            * * EFLW above: ALPHA manual page 19: Schlatter 12-1995                   
                              (EOF)
  ***PRSTAT*** AOPEN cannot open DBASE:ADBSTEST.DAF IST=  2
0-----------  OPENDA  LUN= 4      IRECL=1024     DSN=          PASSWD=....
              ONLY READ POSSIBLE
  *** ALFMT*** BANKAL.FMT on unit  77 contains  1307 bank names
 Vrddaf>  VDET Geometry Package initialized for setup  11

 TRDDAF - pre-1997-style calibration banks read
          Ecal Geometry package version    211 running
 YTIJOB (initialization YTOPOL) : YTGP  bank not found :use default values for YTOP parameters
 YTIJOB (initialization YTOPOL) : YTPP  bank not found :use default values for YTOP parameters
 YTIJOB (initialization YTOPOL) : YTCP  bank not found :use default values for YTOP parameters
 YTIJOB (initialization YTOPOL) : YTVP  bank not found :use default values for YTOP parameters
 General parameters for YTOPOL
 DHXLIM =   2.000 max.dist. betw trks for start vtx.
 PMINSE =   0.500 min.charged trk. mom. for YTOP
 PIDACP =   0.010 min.prob. for setting part.id. flag
 Parameters for primary vertex reconstruction
 MNTHPV =        4 min. TPC hits on track
 MXTSPV =       15 max. # of tracks in first step
 PMINRQ =    0.500 min. momentum in first step
 PMINRA =    0.000 min. mom. in second step


 +---------------------------------------------+
 |     Welcome to the Energy Flow Package      |
 |                                             |
 |                   ENFLW                     |
 |                                             |
 |                Version 2.09                 |
 |                                             |
 |  Last date of change : 14 November 1994     |
 |  P. Janot      LAL-ORSAY                    |
 +---------------------------------------------+


 YTIJOB (initialization YTOPOL) : YTGP  bank not found :use default values for YTOP parameters
 YTIJOB (initialization YTOPOL) : YTPP  bank not found :use default values for YTOP parameters
 YTIJOB (initialization YTOPOL) : YTCP  bank not found :use default values for YTOP parameters
 YTIJOB (initialization YTOPOL) : YTVP  bank not found :use default values for YTOP parameters
 General parameters for YTOPOL
 DHXLIM =   2.000 max.dist. betw trks for start vtx.
 PMINSE =   0.500 min.charged trk. mom. for YTOP
 PIDACP =   0.010 min.prob. for setting part.id. flag
 Parameters for primary vertex reconstruction
 MNTHPV =        4 min. TPC hits on track
 MXTSPV =       15 max. # of tracks in first step
 PMINRQ =    0.500 min. momentum in first step
 PMINRA =    0.000 min. mom. in second step
