../lkbank.f:
   lkbank:
../lkblen.f:
   lkblen:
../lkchkru.f:
   lkchkru:
../lkcompa.f:
   lkcompa:
../lkddl.f:
   lkddl:
../lkequal.f:
   lkequal:
../lkfili.f:
   lkfili:
       entry    lkfilo:
../lkgtevt.f:
   lkgtevt:
       entry    lkgtevr:
../lkgtint.f:
   lkgtint:
../lkgtnam.f:
   lkgtnam:
../lkgtpar.f:
   lkgtpar:
../lkgtunp.f:
   lkgtunp:
../lkhelp.f:
   lkhelp:
../lkinit.f:
   lkinit:
../lkk7ru.f:
   lkk7ru:
../lkkey.f:
   lkkey:
../lklook.f:
   lklook:
../lklwrd.f:
   lklwrd:
../lkmain.f:
   MAIN lkmain:
../lkmins.f:
   lkmins:
../lknice.f:
   lknice:
../lknwseq.f:
   lknwseq:
../lkopdaf.f:
   lkopdaf:
../lkoprd.f:
   lkoprd:
../lkopti.f:
   lkopti:
../lkopwr.f:
   lkopwr:
../lkplus.f:
   lkplus:
../lkprbnk.f:
   lkprbnk:
../lkprcom.f:
   lkprcom:
../lkprddl.f:
   lkprddl:
../lkpreve.f:
   lkpreve:
../lkprin.f:
   lkprin:
../lkprrow.f:
   lkprrow:
../lkrcar.f:
   lkrcar:
../lkrdaf.f:
   lkrdaf:
../lkreac.f:
   lkreac:
../lkread0.f:
   lkread0:
../lkrecal.f:
   lkrecal:
../lkrrec.f:
   lkrrec:
../lkrwnd.f:
   lkrwnd:
../lkscan.f:
   lkscan:
../lkshow.f:
   lkshow:
../lkstat.f:
   lkstat:
../lkstcom.f:
   lkstcom:
../lkstout.f:
   lkstout:
       entry    lkrsout:
../lkstunp.f:
   lkstunp:
       entry    lkrsunp:
../lktrint.f:
   lktrint:
../lkwrcar.f:
   lkwrcar:
../lkwrlis.f:
   lkwrlis:
