/var/tmp/fcpFAAa25289:
   MAIN aamain:
/var/tmp/fcpFAAa25289:
   aboldr:
/var/tmp/fcpFAAa25289:
   ajmmcl:
/var/tmp/fcpFAAa25289:
   algtwa:
/var/tmp/fcpFAAa25289:
   almmcl:
/var/tmp/fcpFAAa25289:
   altime:
/var/tmp/fcpFAAa25289:
   aulpol:
/var/tmp/fcpFAAa25307:
   bcalju:
/var/tmp/fcpFAAa25307:
   bccrun:
/var/tmp/fcpFAAa25307:
   bcfile:
       entry    bcinit:
/var/tmp/fcpFAAa25307:
   bcgete:
/var/tmp/fcpFAAa25307:
   bcpack:
   centrd:
/var/tmp/fcpFAAa25307:
   binijo:
/var/tmp/fcpFAAa25307:
   biniru:
/var/tmp/fcpFAAa25307:
   bmsum:
/var/tmp/fcpFAAa25307:
   bpreda:
/var/tmp/fcpFAAa25307:
   bprsum:
/var/tmp/fcpFAAa25307:
   bslowc:
/var/tmp/fcpFAAa25344:
   cabook:
/var/tmp/fcpFAAa25344:
   calrec:
/var/tmp/fcpFAAa25344:
   calrel:
/var/tmp/fcpFAAa25344:
   calrep:
/var/tmp/fcpFAAa25344:
   calsup:
/var/tmp/fcpFAAa25344:
   cashet:
/var/tmp/fcpFAAa25344:
   casmp:
/var/tmp/fcpFAAa25344:
   casneu:
/var/tmp/fcpFAAa25344:
   casnmp:
/var/tmp/fcpFAAa25344:
   cclorl:
/var/tmp/fcpFAAa25344:
   cctrmi:
/var/tmp/fcpFAAa25344:
   ccutpe:
/var/tmp/fcpFAAa25344:
   cdang:
/var/tmp/fcpFAAa25344:
   cdths:
/var/tmp/fcpFAAa25344:
   cegclu:
/var/tmp/fcpFAAa25344:
   cencch:
/var/tmp/fcpFAAa25344:
   cencne:
/var/tmp/fcpFAAa25344:
   cesclu:
/var/tmp/fcpFAAa25344:
   cexcob:
/var/tmp/fcpFAAa25344:
   cexhis:
/var/tmp/fcpFAAa25344:
   cfpass:
/var/tmp/fcpFAAa25344:
   cfpmip:
/var/tmp/fcpFAAa25344:
   cfpnmp:
/var/tmp/fcpFAAa25344:
   cgrunc:
/var/tmp/fcpFAAa25344:
   chclu:
/var/tmp/fcpFAAa25344:
   chgclu:
/var/tmp/fcpFAAa25344:
   chsclu:
/var/tmp/fcpFAAa25344:
   cinijo:
/var/tmp/fcpFAAa25344:
   cinirl:
/var/tmp/fcpFAAa25344:
   cinpar:
/var/tmp/fcpFAAa25344:
   cinsrl:
/var/tmp/fcpFAAa25344:
   cisgam:
/var/tmp/fcpFAAa25344:
   cishit:
/var/tmp/fcpFAAa25344:
   cludis:
/var/tmp/fcpFAAa25344:
   cmoni:
/var/tmp/fcpFAAa25344:
   cnighb:
/var/tmp/fcpFAAa25344:
   coslst:
/var/tmp/fcpFAAa25344:
   cpadwr:
/var/tmp/fcpFAAa25344:
   cparad:
/var/tmp/fcpFAAa25344:
   cpotcr:
/var/tmp/fcpFAAa25344:
   cpoteh:
/var/tmp/fcpFAAa25344:
   cpotlc:
/var/tmp/fcpFAAa25344:
   cptcom:
/var/tmp/fcpFAAa25344:
   crcalo:
/var/tmp/fcpFAAa25344:
   crchrl:
/var/tmp/fcpFAAa25344:
   crcjob:
/var/tmp/fcpFAAa25344:
   crcpar:
/var/tmp/fcpFAAa25344:
   crhclu:
/var/tmp/fcpFAAa25344:
   cthclu:
/var/tmp/fcpFAAa25344:
   ctkchg:
/var/tmp/fcpFAAa25344:
   ctrmip:
/var/tmp/fcpFAAa25344:
   ctrpar:
/var/tmp/fcpFAAa25344:
   ctrtoc:
/var/tmp/fcpFAAa25344:
   cvrify:
/var/tmp/fcpFAAa25460:
   e1bpei:
/var/tmp/fcpFAAa25460:
   e2bpei:
/var/tmp/fcpFAAa25460:
   e3bpei:
/var/tmp/fcpFAAa25460:
   e4bary:
/var/tmp/fcpFAAa25460:
   e4cosz:
/var/tmp/fcpFAAa25460:
   e4dead:
/var/tmp/fcpFAAa25460:
   e4deij:
/var/tmp/fcpFAAa25460:
   e4fdij:
/var/tmp/fcpFAAa25460:
   e4fide:
/var/tmp/fcpFAAa25460:
   e4find:
/var/tmp/fcpFAAa25460:
   e4fnec:
/var/tmp/fcpFAAa25460:
   fracst:
/var/tmp/fcpFAAa25460:
   e4gtbr:
/var/tmp/fcpFAAa25460:
   e4gtpl:
/var/tmp/fcpFAAa25460:
   e4gtso:
/var/tmp/fcpFAAa25460:
   e4gtst:
/var/tmp/fcpFAAa25460:
   e4gttw:
/var/tmp/fcpFAAa25460:
   e4indi:
/var/tmp/fcpFAAa25460:
   e4lea1:
/var/tmp/fcpFAAa25460:
   e4ovrl:
/var/tmp/fcpFAAa25460:
   e4pal:
/var/tmp/fcpFAAa25460:
   e4r1r2:
/var/tmp/fcpFAAa25460:
   e4r2r3:
/var/tmp/fcpFAAa25460:
   e4r3r4:
/var/tmp/fcpFAAa25460:
   e4radc:
/var/tmp/fcpFAAa25460:
   e4res2:
/var/tmp/fcpFAAa25460:
   e4res3:
/var/tmp/fcpFAAa25460:
   e4tstl:
/var/tmp/fcpFAAa25460:
   e4xyz0:
/var/tmp/fcpFAAa25460:
   eautop:
/var/tmp/fcpFAAa25460:
   ebegid:
/var/tmp/fcpFAAa25460:
   eboxki:
/var/tmp/fcpFAAa25460:
   ecalig:
/var/tmp/fcpFAAa25460:
   ecblda:
/var/tmp/fcpFAAa25460:
   ecboba:
/var/tmp/fcpFAAa25460:
   ecbook:
/var/tmp/fcpFAAa25460:
   eccaob:
/var/tmp/fcpFAAa25460:
   ecchkb:
/var/tmp/fcpFAAa25460:
   ecclco:
/var/tmp/fcpFAAa25460:
   ecclus:
/var/tmp/fcpFAAa25460:
   ecdamp:
/var/tmp/fcpFAAa25460:
   ecdebg:
/var/tmp/fcpFAAa25460:
   ecdete:
/var/tmp/fcpFAAa25460:
   ecdigi:
/var/tmp/fcpFAAa25460:
   ecener:
/var/tmp/fcpFAAa25460:
   eceras:
/var/tmp/fcpFAAa25460:
   ecfclu:
/var/tmp/fcpFAAa25460:
   ecfibt:
/var/tmp/fcpFAAa25460:
   ecfils:
/var/tmp/fcpFAAa25460:
   ecfmip:
/var/tmp/fcpFAAa25460:
   ecfobj:
/var/tmp/fcpFAAa25460:
   ecgflw:
/var/tmp/fcpFAAa25460:
   ecgmix:
/var/tmp/fcpFAAa25460:
   echarg:
/var/tmp/fcpFAAa25460:
   echcgl:
/var/tmp/fcpFAAa25460:
   echedc:
/var/tmp/fcpFAAa25460:
   echiba:
/var/tmp/fcpFAAa25460:
   echist:
/var/tmp/fcpFAAa25460:
   echtag:
/var/tmp/fcpFAAa25460:
   ecinit:
/var/tmp/fcpFAAa25460:
   ecinrv:
/var/tmp/fcpFAAa25460:
   eclamp:
/var/tmp/fcpFAAa25460:
   eclana:
/var/tmp/fcpFAAa25460:
   ecleib:
/var/tmp/fcpFAAa25460:
   eclgeo:
/var/tmp/fcpFAAa25460:
   eclope:
/var/tmp/fcpFAAa25460:
   eclorl:
/var/tmp/fcpFAAa25460:
   eclost:
/var/tmp/fcpFAAa25460:
   ecltag:
/var/tmp/fcpFAAa25460:
   ecltrk:
/var/tmp/fcpFAAa25460:
   ecltyp:
/var/tmp/fcpFAAa25460:
   ecluar:
/var/tmp/fcpFAAa25460:
   ecmesp:
/var/tmp/fcpFAAa25460:
   ecmod:
/var/tmp/fcpFAAa25460:
   ecmopl:
/var/tmp/fcpFAAa25460:
   ecncob:
/var/tmp/fcpFAAa25460:
   ecobnk:
/var/tmp/fcpFAAa25460:
   ecoent:
/var/tmp/fcpFAAa25460:
   ecoidp:
/var/tmp/fcpFAAa25460:
   ecos:
/var/tmp/fcpFAAa25460:
   ecpad:
/var/tmp/fcpFAAa25460:
   ecpasr:
/var/tmp/fcpFAAa25460:
   ecplm:
/var/tmp/fcpFAAa25460:
   ecprin:
/var/tmp/fcpFAAa25460:
   ecprlo:
/var/tmp/fcpFAAa25460:
   ecrcob:
/var/tmp/fcpFAAa25460:
   ecre4d:
/var/tmp/fcpFAAa25460:
   ecreib:
/var/tmp/fcpFAAa25460:
   ecrmip:
/var/tmp/fcpFAAa25460:
   ecrndx:
/var/tmp/fcpFAAa25460:
   ecrpei:
/var/tmp/fcpFAAa25460:
   ecrtr:
/var/tmp/fcpFAAa25460:
   ecrunq:
/var/tmp/fcpFAAa25460:
   ecscmd:
/var/tmp/fcpFAAa25460:
   ecst:
/var/tmp/fcpFAAa25460:
   ecsupp:
/var/tmp/fcpFAAa25460:
   ecsw1093:
/var/tmp/fcpFAAa25460:
   ecsw94:
/var/tmp/fcpFAAa25460:
   ectemp:
/var/tmp/fcpFAAa25460:
   ecthre:
/var/tmp/fcpFAAa25460:
   ectopo:
/var/tmp/fcpFAAa25460:
   ectpc:
/var/tmp/fcpFAAa25460:
   ectrap:
/var/tmp/fcpFAAa25460:
   ectrea:
/var/tmp/fcpFAAa25460:
   ecxmod:
/var/tmp/fcpFAAa25460:
   edisal:
/var/tmp/fcpFAAa25460:
   edlist:
/var/tmp/fcpFAAa25460:
   efaxe:
/var/tmp/fcpFAAa25460:
   efbook:
/var/tmp/fcpFAAa25460:
   eferrr:
/var/tmp/fcpFAAa25460:
   eficlp:
/var/tmp/fcpFAAa25460:
   eficv:
/var/tmp/fcpFAAa25460:
   efiecp:
/var/tmp/fcpFAAa25460:
   efieib:
/var/tmp/fcpFAAa25460:
   efijob:
/var/tmp/fcpFAAa25460:
   efixi94:
/var/tmp/fcpFAAa25460:
   eflcst:
/var/tmp/fcpFAAa25460:
   efolmk:
/var/tmp/fcpFAAa25460:
   efpard:
/var/tmp/fcpFAAa25460:
   eftiel:
/var/tmp/fcpFAAa25460:
   egacst:
/var/tmp/fcpFAAa25460:
   egaest:
/var/tmp/fcpFAAa25460:
   egetds:
/var/tmp/fcpFAAa25460:
   egfcst:
/var/tmp/fcpFAAa25460:
   egttks:
/var/tmp/fcpFAAa25460:
   ehcflo:
/var/tmp/fcpFAAa25460:
   ehlix:
/var/tmp/fcpFAAa25460:
   ehreg:
/var/tmp/fcpFAAa25460:
   eidedx:
/var/tmp/fcpFAAa25460:
   eident:
/var/tmp/fcpFAAa25460:
   eieffl:
/var/tmp/fcpFAAa25460:
   einhlx:
/var/tmp/fcpFAAa25460:
   einijo:
/var/tmp/fcpFAAa25460:
   einirl:
/var/tmp/fcpFAAa25460:
   einiru:
/var/tmp/fcpFAAa25460:
   einitk:
/var/tmp/fcpFAAa25460:
   einsrl:
/var/tmp/fcpFAAa25460:
   eipard:
/var/tmp/fcpFAAa25460:
   eithr:
/var/tmp/fcpFAAa25460:
   eknewb:
/var/tmp/fcpFAAa25460:
   eknewe:
/var/tmp/fcpFAAa25460:
   elecid:
/var/tmp/fcpFAAa25460:
   elongi:
/var/tmp/fcpFAAa25460:
   emfill:
/var/tmp/fcpFAAa25460:
   emskei:
/var/tmp/fcpFAAa25460:
   emskev:
/var/tmp/fcpFAAa25460:
   emskf:
/var/tmp/fcpFAAa25460:
   emski:
/var/tmp/fcpFAAa25460:
   emskji:
/var/tmp/fcpFAAa25460:
   emskmu:
/var/tmp/fcpFAAa25460:
   enfmsk:
/var/tmp/fcpFAAa25460:
   enighb:
/var/tmp/fcpFAAa25460:
   enoise:
/var/tmp/fcpFAAa25460:
   enprox:
/var/tmp/fcpFAAa25460:
   enstat:
/var/tmp/fcpFAAa25460:
   epadcl:
/var/tmp/fcpFAAa25460:
   epatrn:
/var/tmp/fcpFAAa25460:
   epcalo:
/var/tmp/fcpFAAa25460:
   epchg:
/var/tmp/fcpFAAa25460:
   epneu:
/var/tmp/fcpFAAa25460:
   epreda:
/var/tmp/fcpFAAa25460:
   eproba:
/var/tmp/fcpFAAa25460:
   eprsto:
/var/tmp/fcpFAAa25460:
   eprsum:
/var/tmp/fcpFAAa25460:
   eprtpc:
/var/tmp/fcpFAAa25460:
   ercupi:
/var/tmp/fcpFAAa25460:
   ercupr:
/var/tmp/fcpFAAa25460:
   ereset:
/var/tmp/fcpFAAa25460:
   eroad:
/var/tmp/fcpFAAa25460:
   escdef:
/var/tmp/fcpFAAa25460:
   escoun:
/var/tmp/fcpFAAa25460:
   esfil:
/var/tmp/fcpFAAa25460:
   eslas:
/var/tmp/fcpFAAa25460:
   eslct:
/var/tmp/fcpFAAa25460:
   eslctf:
/var/tmp/fcpFAAa25460:
   eslowc:
/var/tmp/fcpFAAa25460:
   estag:
/var/tmp/fcpFAAa25460:
   esveto:
/var/tmp/fcpFAAa25460:
   eswpst:
/var/tmp/fcpFAAa25460:
   etdifp:
/var/tmp/fcpFAAa25460:
   ethres:
/var/tmp/fcpFAAa25460:
   etrdev:
/var/tmp/fcpFAAa25460:
   ewdifp:
/var/tmp/fcpFAAa25460:
   ewircl:
/var/tmp/fcpFAAa25460:
   ex3ijk:
/var/tmp/fcpFAAa25899:
   fawian:
/var/tmp/fcpFAAa25899:
   fcfrid:
/var/tmp/fcpFAAa25899:
   fdetco:
/var/tmp/fcpFAAa25899:
   ffield:
/var/tmp/fcpFAAa25899:
   fidhea:
/var/tmp/fcpFAAa25899:
   fidrot:
/var/tmp/fcpFAAa25899:
   finiru:
/var/tmp/fcpFAAa25899:
   fitall:
/var/tmp/fcpFAAa25899:
   fitwri:
/var/tmp/fcpFAAa25899:
   fkink:
/var/tmp/fcpFAAa25899:
   fkkpar:
/var/tmp/fcpFAAa25899:
   flngv0:
/var/tmp/fcpFAAa25899:
   floweh:
/var/tmp/fcpFAAa25899:
   flowfi:
/var/tmp/fcpFAAa25899:
   flowtr:
/var/tmp/fcpFAAa25899:
   flv0dx:
/var/tmp/fcpFAAa25899:
   fmuid:
/var/tmp/fcpFAAa25899:
   fpiden:
/var/tmp/fcpFAAa25899:
   fpmove:
/var/tmp/fcpFAAa25899:
   frefit:
/var/tmp/fcpFAAa25899:
   frmhit:
/var/tmp/fcpFAAa25899:
   ftpcer:
/var/tmp/fcpFAAa25899:
   ftrack:
/var/tmp/fcpFAAa25983:
   gambnk:
/var/tmp/fcpFAAa25983:
   gapeco:
/var/tmp/fcpFAAa25983:
   gasteer:
/var/tmp/fcpFAAa25993:
   hcalib:
/var/tmp/fcpFAAa25993:
   hcalrd:
/var/tmp/fcpFAAa25993:
   hcatow:
/var/tmp/fcpFAAa25993:
   hcbhis:
/var/tmp/fcpFAAa25993:
   hcfclu:
/var/tmp/fcpFAAa25993:
   hchist:
/var/tmp/fcpFAAa25993:
   hclcra:
/var/tmp/fcpFAAa25993:
   hcltst:
/var/tmp/fcpFAAa25993:
   hclufi:
/var/tmp/fcpFAAa25993:
   hcorfc:
/var/tmp/fcpFAAa25993:
   hcos:
/var/tmp/fcpFAAa25993:
   hcsimm:
/var/tmp/fcpFAAa25993:
   hdgdeb:
/var/tmp/fcpFAAa25993:
   hdgfil:
/var/tmp/fcpFAAa25993:
   hdgpot:
/var/tmp/fcpFAAa25993:
   hdgsum:
/var/tmp/fcpFAAa25993:
   hdprec:
/var/tmp/fcpFAAa25993:
   hdspre:
/var/tmp/fcpFAAa25993:
   hflnoi:
/var/tmp/fcpFAAa25993:
   hinijo:
/var/tmp/fcpFAAa25993:
   hiniru:
/var/tmp/fcpFAAa25993:
   hmener:
/var/tmp/fcpFAAa25993:
   hmfind:
/var/tmp/fcpFAAa25993:
   hmroad:
/var/tmp/fcpFAAa25993:
   hnoise:
/var/tmp/fcpFAAa25993:
   hnoisy:
/var/tmp/fcpFAAa25993:
   hpatco:
/var/tmp/fcpFAAa25993:
   hphnoi:
/var/tmp/fcpFAAa25993:
   hplink:
/var/tmp/fcpFAAa25993:
   hprana:
/var/tmp/fcpFAAa25993:
   hpranp:
/var/tmp/fcpFAAa25993:
   hprdig:
/var/tmp/fcpFAAa25993:
   hpreda:
/var/tmp/fcpFAAa25993:
   hprpot:
/var/tmp/fcpFAAa25993:
   hprsum:
/var/tmp/fcpFAAa25993:
   hprunc:
/var/tmp/fcpFAAa25993:
   hrcomp:
/var/tmp/fcpFAAa25993:
   hrcpat:
/var/tmp/fcpFAAa25993:
   hrdcal:
/var/tmp/fcpFAAa25993:
   hroad:
/var/tmp/fcpFAAa25993:
   hslink:
/var/tmp/fcpFAAa25993:
   hslowc:
/var/tmp/fcpFAAa25993:
   hspare:
/var/tmp/fcpFAAa25993:
   hsptre:
/var/tmp/fcpFAAa25993:
   hstofi:
/var/tmp/fcpFAAa25993:
   htrack:
/var/tmp/fcpFAAa25993:
   htubfi:
/var/tmp/fcpFAAa25993:
   htwcr:
/var/tmp/fcpFAAa25993:
   hvmask:
/var/tmp/fcpFAAa26150:
   iasign:
/var/tmp/fcpFAAa26150:
   iattma:
/var/tmp/fcpFAAa26150:
   ibnkin:
/var/tmp/fcpFAAa26150:
   icaswt:
/var/tmp/fcpFAAa26150:
   icftoi:
/var/tmp/fcpFAAa26150:
   iclimb:
/var/tmp/fcpFAAa26150:
   icrcco:
/var/tmp/fcpFAAa26150:
   ideadw:
/var/tmp/fcpFAAa26150:
   idigpr:
/var/tmp/fcpFAAa26150:
   ienang:
/var/tmp/fcpFAAa26150:
   ifind1:
/var/tmp/fcpFAAa26150:
   ifind2:
/var/tmp/fcpFAAa26150:
   ifitp:
/var/tmp/fcpFAAa26150:
   iftrak:
/var/tmp/fcpFAAa26150:
   igetti:
/var/tmp/fcpFAAa26150:
   igettp:
/var/tmp/fcpFAAa26150:
   igicha:
/var/tmp/fcpFAAa26150:
   iheler:
/var/tmp/fcpFAAa26150:
   iinijo:
/var/tmp/fcpFAAa26150:
   iiniru:
/var/tmp/fcpFAAa26150:
   iintrk:
/var/tmp/fcpFAAa26150:
   imatch:
/var/tmp/fcpFAAa26150:
   inigap:
/var/tmp/fcpFAAa26150:
   insect:
/var/tmp/fcpFAAa26150:
   intrak:
/var/tmp/fcpFAAa26150:
   ipakdi:
/var/tmp/fcpFAAa26150:
   ipdsti:
/var/tmp/fcpFAAa26150:
   iphcor:
/var/tmp/fcpFAAa26150:
   ipreda:
/var/tmp/fcpFAAa26150:
   iprsum:
/var/tmp/fcpFAAa26150:
   ipstat:
/var/tmp/fcpFAAa26150:
   irefin:
/var/tmp/fcpFAAa26150:
   ireopd:
/var/tmp/fcpFAAa26150:
   isave:
/var/tmp/fcpFAAa26150:
   ishuff:
/var/tmp/fcpFAAa26150:
   ishufl:
/var/tmp/fcpFAAa26150:
   islowc:
/var/tmp/fcpFAAa26150:
   isrch:
/var/tmp/fcpFAAa26150:
   itbook:
/var/tmp/fcpFAAa26150:
   itccut:
/var/tmp/fcpFAAa26150:
   itcopr:
/var/tmp/fcpFAAa26150:
   itcrec:
/var/tmp/fcpFAAa26150:
   itcrep:
/var/tmp/fcpFAAa26150:
   itctpc:
/var/tmp/fcpFAAa26150:
   itctrk:
/var/tmp/fcpFAAa26150:
   itcxng:
/var/tmp/fcpFAAa26150:
   iterr:
/var/tmp/fcpFAAa26150:
   itextn:
/var/tmp/fcpFAAa26150:
   ithist:
/var/tmp/fcpFAAa26150:
   itidy1:
/var/tmp/fcpFAAa26150:
   itidy2:
/var/tmp/fcpFAAa26150:
   itlnk1:
/var/tmp/fcpFAAa26150:
   itlnk2:
/var/tmp/fcpFAAa26150:
   itpcan:
/var/tmp/fcpFAAa26150:
   itrak:
/var/tmp/fcpFAAa26150:
   itrecf:
/var/tmp/fcpFAAa26150:
   itreci:
/var/tmp/fcpFAAa26150:
   itree:
/var/tmp/fcpFAAa26150:
   itrkci:
/var/tmp/fcpFAAa26150:
   itrkeq:
/var/tmp/fcpFAAa26150:
   itrkzr:
/var/tmp/fcpFAAa26150:
   itrmca:
/var/tmp/fcpFAAa26321:
   laccep:
   lfiduc:
/var/tmp/fcpFAAa26321:
   lasym:
/var/tmp/fcpFAAa26321:
   lbhab:
/var/tmp/fcpFAAa26321:
   lbhcor:
/var/tmp/fcpFAAa26321:
   lbindx:
/var/tmp/fcpFAAa26321:
   lbldba:
/var/tmp/fcpFAAa26321:
   lbnkpr:
/var/tmp/fcpFAAa26321:
   lbunca:
/var/tmp/fcpFAAa26321:
   lcalib:
/var/tmp/fcpFAAa26321:
   lcarec:
/var/tmp/fcpFAAa26321:
   lcbook:
/var/tmp/fcpFAAa26321:
   lchist:
/var/tmp/fcpFAAa26321:
   lclust:
/var/tmp/fcpFAAa26321:
   lclutw:
/var/tmp/fcpFAAa26321:
   lcorrc:
/var/tmp/fcpFAAa26321:
   lcpaxy:
/var/tmp/fcpFAAa26321:
   lcrpot:
/var/tmp/fcpFAAa26321:
   lcsave:
/var/tmp/fcpFAAa26321:
   ldirtw:
/var/tmp/fcpFAAa26321:
   lelect:
/var/tmp/fcpFAAa26321:
   lenlis:
/var/tmp/fcpFAAa26321:
   lestim:
/var/tmp/fcpFAAa26321:
   lfourc:
/var/tmp/fcpFAAa26321:
   lgngbx:
/var/tmp/fcpFAAa26321:
   lhvsta:
/var/tmp/fcpFAAa26321:
   lidcod:
/var/tmp/fcpFAAa26321:
   linijo:
/var/tmp/fcpFAAa26321:
   liniru:
/var/tmp/fcpFAAa26321:
   lolerr:
/var/tmp/fcpFAAa26321:
   lprcal:
/var/tmp/fcpFAAa26321:
   lpreda:
/var/tmp/fcpFAAa26321:
   lpremc:
/var/tmp/fcpFAAa26321:
   lprepo:
/var/tmp/fcpFAAa26321:
   lprerw:
/var/tmp/fcpFAAa26321:
   lprlum:
/var/tmp/fcpFAAa26321:
   lprsum:
/var/tmp/fcpFAAa26321:
   lselba:
/var/tmp/fcpFAAa26321:
   lselbh:
/var/tmp/fcpFAAa26321:
   lsingl:
/var/tmp/fcpFAAa26321:
   lslowc:
/var/tmp/fcpFAAa26321:
   lstati:
/var/tmp/fcpFAAa26321:
   lsumam:
/var/tmp/fcpFAAa26321:
   ltgbit:
/var/tmp/fcpFAAa26321:
   ltgtyp:
/var/tmp/fcpFAAa26321:
   ltrace:
/var/tmp/fcpFAAa26321:
   ltrack:
/var/tmp/fcpFAAa26321:
   ltrigs:
/var/tmp/fcpFAAa26321:
   lupacr:
/var/tmp/fcpFAAa26321:
   lupain:
/var/tmp/fcpFAAa26433:
   mginig:
/var/tmp/fcpFAAa26433:
   minhea:
/var/tmp/fcpFAAa26433:
   minijo:
/var/tmp/fcpFAAa26433:
   miniru:
/var/tmp/fcpFAAa26433:
   modroc:
/var/tmp/fcpFAAa26433:
   mpreda:
/var/tmp/fcpFAAa26433:
   mpredg:
/var/tmp/fcpFAAa26433:
   mpredm:
/var/tmp/fcpFAAa26433:
   mprsum:
/var/tmp/fcpFAAa26433:
   mslowc:
/var/tmp/fcpFAAa26433:
   mualcm:
/var/tmp/fcpFAAa26433:
   mualco:
/var/tmp/fcpFAAa26433:
   muass:
/var/tmp/fcpFAAa26433:
   mubook:
/var/tmp/fcpFAAa26433:
   mucomp:
/var/tmp/fcpFAAa26433:
   mucuts:
/var/tmp/fcpFAAa26433:
   muhist:
/var/tmp/fcpFAAa26433:
   muhitg:
/var/tmp/fcpFAAa26433:
   muhits:
/var/tmp/fcpFAAa26433:
   mukine:
/var/tmp/fcpFAAa26433:
   munewr:
/var/tmp/fcpFAAa26433:
   muredo:
/var/tmp/fcpFAAa26433:
   muslcm:
/var/tmp/fcpFAAa26433:
   muslco:
/var/tmp/fcpFAAa26433:
   mutest:
/var/tmp/fcpFAAa26503:
   obmfit:
/var/tmp/fcpFAAa26503:
   obsclr:
/var/tmp/fcpFAAa26503:
   obsinr:
/var/tmp/fcpFAAa26503:
   obspot:
/var/tmp/fcpFAAa26503:
   ocbfit:
/var/tmp/fcpFAAa26503:
   ocbpre:
/var/tmp/fcpFAAa26503:
   ogtblq:
/var/tmp/fcpFAAa26503:
   oinijo:
/var/tmp/fcpFAAa26503:
   oiniru:
/var/tmp/fcpFAAa26503:
   olspod:
/var/tmp/fcpFAAa26503:
   olspot:
/var/tmp/fcpFAAa26503:
   olspou:
/var/tmp/fcpFAAa26503:
   ombook:
/var/tmp/fcpFAAa26503:
   ombopt:
/var/tmp/fcpFAAa26503:
   ombout:
/var/tmp/fcpFAAa26503:
   ombpos:
/var/tmp/fcpFAAa26503:
   ombrec:
/var/tmp/fcpFAAa26503:
   omcorr:
/var/tmp/fcpFAAa26503:
   omcrun:
/var/tmp/fcpFAAa26503:
   omdata:
/var/tmp/fcpFAAa26503:
   omgain:
/var/tmp/fcpFAAa26503:
   omhist:
/var/tmp/fcpFAAa26503:
   omipos:
/var/tmp/fcpFAAa26503:
   omread:
/var/tmp/fcpFAAa26503:
   oprsum:
/var/tmp/fcpFAAa26503:
   oslowc:
/var/tmp/fcpFAAa26582:
   pmskfi:
/var/tmp/fcpFAAa26582:
   prolot:
/var/tmp/fcpFAAa26582:
   pryfit:
/var/tmp/fcpFAAa26582:
   pvfill:
/var/tmp/fcpFAAa26594:
   qfmmcl:
/var/tmp/fcpFAAa26594:
   qgmmcl:
/var/tmp/fcpFAAa26602:
   rbkhis:
/var/tmp/fcpFAAa26602:
   rcjsum:
/var/tmp/fcpFAAa26602:
   rclean:
/var/tmp/fcpFAAa26602:
   rcljob:
/var/tmp/fcpFAAa26602:
   rclrun:
/var/tmp/fcpFAAa26602:
   rcpas0:
/var/tmp/fcpFAAa26602:
   rdcard:
/var/tmp/fcpFAAa26602:
   rdefio:
/var/tmp/fcpFAAa26602:
   rdefmi:
/var/tmp/fcpFAAa26602:
   rdefpo:
/var/tmp/fcpFAAa26602:
   rdetec:
/var/tmp/fcpFAAa26602:
   recevt:
/var/tmp/fcpFAAa26602:
   recons:
/var/tmp/fcpFAAa26602:
   reject:
/var/tmp/fcpFAAa26602:
   report:
/var/tmp/fcpFAAa26602:
   rerror:
/var/tmp/fcpFAAa26602:
   rfalcr:
/var/tmp/fcpFAAa26602:
   rfalee:
/var/tmp/fcpFAAa26602:
   rfalie:
/var/tmp/fcpFAAa26602:
   rfalij:
/var/tmp/fcpFAAa26602:
   rfalir:
/var/tmp/fcpFAAa26602:
   rfalpd:
/var/tmp/fcpFAAa26602:
   rfjcon:
/var/tmp/fcpFAAa26602:
   rforma:
/var/tmp/fcpFAAa26602:
   rgetdv:
/var/tmp/fcpFAAa26602:
   rhbook:
/var/tmp/fcpFAAa26602:
   rhsevt:
/var/tmp/fcpFAAa26602:
   rincnd:
/var/tmp/fcpFAAa26602:
   rinjob:
/var/tmp/fcpFAAa26602:
   rinrun:
/var/tmp/fcpFAAa26602:
   ripas0:
/var/tmp/fcpFAAa26602:
   rloopr:
/var/tmp/fcpFAAa26602:
   rltoch:
/var/tmp/fcpFAAa26602:
   rlutrf:
/var/tmp/fcpFAAa26602:
   rmonii:
/var/tmp/fcpFAAa26602:
   rmonit:
/var/tmp/fcpFAAa26602:
   rnxmod:
/var/tmp/fcpFAAa26602:
   rperrs:
/var/tmp/fcpFAAa26602:
   rpnamb:
/var/tmp/fcpFAAa26602:
   rpotcl:
/var/tmp/fcpFAAa26602:
   rpreda:
/var/tmp/fcpFAAa26602:
   rprsta:
/var/tmp/fcpFAAa26602:
   rprsum:
/var/tmp/fcpFAAa26602:
   rrevhe:
/var/tmp/fcpFAAa26602:
   rshrin:
/var/tmp/fcpFAAa26602:
   rsmjob:
/var/tmp/fcpFAAa26602:
   rtitle:
/var/tmp/fcpFAAa26602:
   rtlsum:
/var/tmp/fcpFAAa26602:
   rtmask:
/var/tmp/fcpFAAa26602:
   rtrigf:
/var/tmp/fcpFAAa26602:
   runkno:
/var/tmp/fcpFAAa26602:
   rvdpre:
/var/tmp/fcpFAAa26602:
   rwjubw:
/var/tmp/fcpFAAa26602:
   rwrevt:
/var/tmp/fcpFAAa26602:
   rwrunh:
/var/tmp/fcpFAAa26602:
   rzejob:
/var/tmp/fcpFAAa26602:
   rzergl:
/var/tmp/fcpFAAa26602:
   rzerun:
/var/tmp/fcpFAAa26755:
   sabook:
/var/tmp/fcpFAAa26755:
   sacocr:
/var/tmp/fcpFAAa26755:
   sacopr:
/var/tmp/fcpFAAa26755:
   sahist:
/var/tmp/fcpFAAa26755:
   satrec:
/var/tmp/fcpFAAa26755:
   sclupr:
/var/tmp/fcpFAAa26755:
   scoopr:
/var/tmp/fcpFAAa26755:
   sftrpr:
/var/tmp/fcpFAAa26755:
   sibkpr:
/var/tmp/fcpFAAa26755:
   sibook:
/var/tmp/fcpFAAa26755:
   sicaok:
/var/tmp/fcpFAAa26755:
   siclc2:
/var/tmp/fcpFAAa26755:
   siclco:
/var/tmp/fcpFAAa26755:
   siclean:
/var/tmp/fcpFAAa26755:
   siclus:
/var/tmp/fcpFAAa26755:
   sicrec:
/var/tmp/fcpFAAa26755:
   sicrpot:
/var/tmp/fcpFAAa26755:
   sicrun:
/var/tmp/fcpFAAa26755:
   sidamp:
/var/tmp/fcpFAAa26755:
   sidcor:
/var/tmp/fcpFAAa26755:
   sidsum:
/var/tmp/fcpFAAa26755:
   sidvoi:
/var/tmp/fcpFAAa26755:
   siecor:
/var/tmp/fcpFAAa26755:
   siepcr:
/var/tmp/fcpFAAa26755:
   siesum:
/var/tmp/fcpFAAa26755:
   sievst:
/var/tmp/fcpFAAa26755:
   sigaco:
/var/tmp/fcpFAAa26755:
   sigtdp:
/var/tmp/fcpFAAa26755:
   sigtwa:
/var/tmp/fcpFAAa26755:
   sihist:
/var/tmp/fcpFAAa26755:
   siinijo:
/var/tmp/fcpFAAa26755:
   siiniru:
/var/tmp/fcpFAAa26755:
   sijuke:
/var/tmp/fcpFAAa26755:
   silhcr:
/var/tmp/fcpFAAa26755:
   silist:
/var/tmp/fcpFAAa26755:
   silsum:
/var/tmp/fcpFAAa26755:
   siluad:
/var/tmp/fcpFAAa26755:
   silumi:
/var/tmp/fcpFAAa26755:
   silvoi:
/var/tmp/fcpFAAa26755:
   sinamx:
/var/tmp/fcpFAAa26755:
   sinijo:
/var/tmp/fcpFAAa26755:
   siniru:
/var/tmp/fcpFAAa26755:
   sipedfx:
/var/tmp/fcpFAAa26755:
   siphmod:
/var/tmp/fcpFAAa26755:
   sipreda:
/var/tmp/fcpFAAa26755:
   siprlum:
/var/tmp/fcpFAAa26755:
   siprsum:
/var/tmp/fcpFAAa26755:
   sipsum:
/var/tmp/fcpFAAa26755:
   sipvoi:
/var/tmp/fcpFAAa26755:
   sislowc:
/var/tmp/fcpFAAa26755:
   sisol2:
/var/tmp/fcpFAAa26755:
   sistat:
/var/tmp/fcpFAAa26755:
   siswap:
/var/tmp/fcpFAAa26755:
   sivois:
/var/tmp/fcpFAAa26755:
   skanpr:
/var/tmp/fcpFAAa26755:
   spatpr:
/var/tmp/fcpFAAa26755:
   spreda:
/var/tmp/fcpFAAa26755:
   spremc:
/var/tmp/fcpFAAa26755:
   sprpot:
/var/tmp/fcpFAAa26755:
   sprsum:
/var/tmp/fcpFAAa26755:
   sr2clu:
/var/tmp/fcpFAAa26755:
   sr2pat:
/var/tmp/fcpFAAa26755:
   sr3clu:
/var/tmp/fcpFAAa26755:
   sr3pat:
/var/tmp/fcpFAAa26755:
   sraddr:
/var/tmp/fcpFAAa26755:
   sralig:
/var/tmp/fcpFAAa26755:
   srbftr:
/var/tmp/fcpFAAa26755:
   srbtrk:
/var/tmp/fcpFAAa26755:
   srccop:
/var/tmp/fcpFAAa26755:
   srclip:
/var/tmp/fcpFAAa26755:
   srclus:
/var/tmp/fcpFAAa26755:
   srcons:
/var/tmp/fcpFAAa26755:
   srcoor:
/var/tmp/fcpFAAa26755:
   srcpat:
/var/tmp/fcpFAAa26755:
   srcuts:
/var/tmp/fcpFAAa26755:
   srdble:
/var/tmp/fcpFAAa26755:
   srdead:
/var/tmp/fcpFAAa26755:
   srdist:
/var/tmp/fcpFAAa26755:
   srdphb:
/var/tmp/fcpFAAa26755:
   srdtrk:
/var/tmp/fcpFAAa26755:
   sreald:
/var/tmp/fcpFAAa26755:
   srfhis:
/var/tmp/fcpFAAa26755:
   srfit0:
/var/tmp/fcpFAAa26755:
   srfit2:
/var/tmp/fcpFAAa26755:
   srfitf:
/var/tmp/fcpFAAa26755:
   srfltr:
/var/tmp/fcpFAAa26755:
   srftrk:
/var/tmp/fcpFAAa26755:
   srgeom:
/var/tmp/fcpFAAa26755:
   srihis:
/var/tmp/fcpFAAa26755:
   srinbs:
/var/tmp/fcpFAAa26755:
   srints:
/var/tmp/fcpFAAa26755:
   srkand:
/var/tmp/fcpFAAa26755:
   srlval:
/var/tmp/fcpFAAa26755:
   srmstr:
/var/tmp/fcpFAAa26755:
   srpatc:
/var/tmp/fcpFAAa26755:
   srprcn:
/var/tmp/fcpFAAa26755:
   srsel2:
/var/tmp/fcpFAAa26755:
   srselk:
/var/tmp/fcpFAAa26755:
   srselo:
/var/tmp/fcpFAAa26755:
   srstat:
/var/tmp/fcpFAAa26755:
   srsubs:
/var/tmp/fcpFAAa26755:
   srtdcn:
/var/tmp/fcpFAAa26755:
   srtdcr:
/var/tmp/fcpFAAa26755:
   srtrck:
/var/tmp/fcpFAAa26755:
   srunco:
/var/tmp/fcpFAAa26755:
   srupar:
/var/tmp/fcpFAAa26755:
   srupat:
/var/tmp/fcpFAAa26755:
   srwire:
/var/tmp/fcpFAAa26755:
   srwpa2:
/var/tmp/fcpFAAa26755:
   srwpar:
/var/tmp/fcpFAAa26755:
   sscpcr:
/var/tmp/fcpFAAa26755:
   sslowc:
/var/tmp/fcpFAAa26755:
   strkpr:
/var/tmp/fcpFAAa26755:
   supapr:
/var/tmp/fcpFAAa26755:
   swp2pr:
/var/tmp/fcpFAAa26755:
   swpapr:
/var/tmp/fcpFAAa27041:
   t1ftdp:
/var/tmp/fcpFAAa27041:
   taccmn:
/var/tmp/fcpFAAa27041:
   tarcdp:
/var/tmp/fcpFAAa27041:
   tatwin:
/var/tmp/fcpFAAa27041:
   tbcodp:
/var/tmp/fcpFAAa27041:
   tbnkin:
/var/tmp/fcpFAAa27041:
   tbprnt:
/var/tmp/fcpFAAa27041:
   tbval:
/var/tmp/fcpFAAa27041:
   tcaldp:
/var/tmp/fcpFAAa27041:
   tcdump:
/var/tmp/fcpFAAa27041:
   tchadp:
/var/tmp/fcpFAAa27041:
   tchsum:
/var/tmp/fcpFAAa27041:
   tclana:
/var/tmp/fcpFAAa27041:
   tclcor:
/var/tmp/fcpFAAa27041:
   tcldmp:
/var/tmp/fcpFAAa27041:
   tclpat:
/var/tmp/fcpFAAa27041:
   tclsng:
/var/tmp/fcpFAAa27041:
   tcludp:
/var/tmp/fcpFAAa27041:
   tclust:
/var/tmp/fcpFAAa27041:
   tco4pa:
/var/tmp/fcpFAAa27041:
   tcoalg:
/var/tmp/fcpFAAa27041:
   tcobin:
/var/tmp/fcpFAAa27041:
   tcodrv:
/var/tmp/fcpFAAa27041:
   tcoerr:
/var/tmp/fcpFAAa27041:
   tcogs3:
/var/tmp/fcpFAAa27041:
   tcoor:
/var/tmp/fcpFAAa27041:
   tcoort:
/var/tmp/fcpFAAa27041:
   tcothr:
/var/tmp/fcpFAAa27041:
   tcoul2:
/var/tmp/fcpFAAa27041:
   tcoul3:
/var/tmp/fcpFAAa27041:
   tcowa2:
/var/tmp/fcpFAAa27041:
   tcowa3:
/var/tmp/fcpFAAa27041:
   tcowav:
/var/tmp/fcpFAAa27041:
   tcowl2:
/var/tmp/fcpFAAa27041:
   tcptst:
/var/tmp/fcpFAAa27041:
   tcqgs3:
/var/tmp/fcpFAAa27041:
   tcshf1:
/var/tmp/fcpFAAa27041:
   tcshft:
/var/tmp/fcpFAAa27041:
   terpar:
/var/tmp/fcpFAAa27041:
   tfcand:
/var/tmp/fcpFAAa27041:
   tfchek:
/var/tmp/fcpFAAa27041:
   tfilpa:
/var/tmp/fcpFAAa27041:
   tfiltj:
/var/tmp/fcpFAAa27041:
   tfithl:
       entry    tfthed:
       entry    tfthec:
/var/tmp/fcpFAAa27041:
   tfitkf:
/var/tmp/fcpFAAa27041:
   tfittk:
/var/tmp/fcpFAAa27041:
   tflnk2:
/var/tmp/fcpFAAa27041:
   tflnks:
/var/tmp/fcpFAAa27041:
   tfpcoi:
/var/tmp/fcpFAAa27041:
   tfthel:
/var/tmp/fcpFAAa27041:
   tftpad:
/var/tmp/fcpFAAa27041:
   tftwtb:
/var/tmp/fcpFAAa27041:
   tgetqt:
/var/tmp/fcpFAAa27041:
   tgftdp:
/var/tmp/fcpFAAa27041:
   tgmadp:
/var/tmp/fcpFAAa27041:
   thpadd:
/var/tmp/fcpFAAa27041:
   thpcor:
/var/tmp/fcpFAAa27041:
   thpfdg:
/var/tmp/fcpFAAa27041:
   thtrow:
/var/tmp/fcpFAAa27041:
   tinijo:
/var/tmp/fcpFAAa27041:
   tiniru:
/var/tmp/fcpFAAa27041:
   tisfil:
/var/tmp/fcpFAAa27041:
   tislnd:
/var/tmp/fcpFAAa27041:
   tjtop:
/var/tmp/fcpFAAa27041:
   tkink:
/var/tmp/fcpFAAa27041:
   tksgdp:
/var/tmp/fcpFAAa27041:
   tlctdp:
/var/tmp/fcpFAAa27041:
   tlcons:
   tldelm:
   tladd:
   tlinit:
   tlovfl:
   tlnext:
   tlpop:
   tlscra:
/var/tmp/fcpFAAa27041:
   tmagnt:
/var/tmp/fcpFAAa27041:
   tmshel:
       entry    tmshed:
       entry    tmshec:
       entry    tmschi:
/var/tmp/fcpFAAa27041:
   tnhlfp:
/var/tmp/fcpFAAa27041:
   tovrlp:
/var/tmp/fcpFAAa27041:
   tpaddx:
/var/tmp/fcpFAAa27041:
   tpadfx:
/var/tmp/fcpFAAa27041:
   tpadpo:
/var/tmp/fcpFAAa27041:
   tpadpr:
/var/tmp/fcpFAAa27041:
   tpads:
/var/tmp/fcpFAAa27041:
   tpakbc:
/var/tmp/fcpFAAa27041:
   tpakco:
/var/tmp/fcpFAAa27041:
   tpakta:
/var/tmp/fcpFAAa27041:
   tpaktx:
/var/tmp/fcpFAAa27041:
   tparab:
/var/tmp/fcpFAAa27041:
   tpbook:
/var/tmp/fcpFAAa27041:
   tpcbun:
/var/tmp/fcpFAAa27041:
   tpcrec:
/var/tmp/fcpFAAa27041:
   tpcrun:
/var/tmp/fcpFAAa27041:
   tpct0:
/var/tmp/fcpFAAa27041:
   tpct0n:
/var/tmp/fcpFAAa27041:
   tpdels:
/var/tmp/fcpFAAa27041:
   tpdiag:
/var/tmp/fcpFAAa27041:
   tpdthr:
/var/tmp/fcpFAAa27041:
   tphist:
/var/tmp/fcpFAAa27041:
   tphsmr:
/var/tmp/fcpFAAa27041:
   tpk1co:
/var/tmp/fcpFAAa27041:
   tpkill:
/var/tmp/fcpFAAa27041:
   tplana:
/var/tmp/fcpFAAa27041:
   tppadd:
/var/tmp/fcpFAAa27041:
   tpreda:
/var/tmp/fcpFAAa27041:
   tprf2:
/var/tmp/fcpFAAa27041:
   tprfin:
/var/tmp/fcpFAAa27041:
   tprfx:
/var/tmp/fcpFAAa27041:
   tprlst:
/var/tmp/fcpFAAa27041:
   tprndm:
/var/tmp/fcpFAAa27041:
   tprsum:
/var/tmp/fcpFAAa27041:
   tpsmgt:
/var/tmp/fcpFAAa27041:
   tpsmr1:
/var/tmp/fcpFAAa27041:
   tpsort:
/var/tmp/fcpFAAa27041:
   tpstat:
/var/tmp/fcpFAAa27041:
   tpuldp:
/var/tmp/fcpFAAa27041:
   trdwp1:
/var/tmp/fcpFAAa27041:
   trdwp2:
/var/tmp/fcpFAAa27041:
   trdwp3:
/var/tmp/fcpFAAa27041:
   trefch:
/var/tmp/fcpFAAa27041:
   trefit:
/var/tmp/fcpFAAa27041:
   trempt:
/var/tmp/fcpFAAa27041:
   trftch:
/var/tmp/fcpFAAa27041:
   trhlx2:
Compiler error line 72 of ../t_/trhlx2.F: Utils: Sanity Check: Inconsistent internal data structures. (6933)
/var/tmp/fcpFAAa27041:
   trkdmp:
/var/tmp/fcpFAAa27041:
   trkels:
/var/tmp/fcpFAAa27041:
   trkfnd:
/var/tmp/fcpFAAa27041:
   trkmca:
/var/tmp/fcpFAAa27041:
   trkwra:
/var/tmp/fcpFAAa27041:
   trmvep:
/var/tmp/fcpFAAa27041:
   trncon:
/var/tmp/fcpFAAa27041:
   trphdi:
/var/tmp/fcpFAAa27041:
   trproj:
/var/tmp/fcpFAAa27041:
   trresc:
/var/tmp/fcpFAAa27041:
   trseek:
/var/tmp/fcpFAAa27041:
   trslnk:
/var/tmp/fcpFAAa27041:
   tsacha:
/var/tmp/fcpFAAa27041:
   tsaclu:
/var/tmp/fcpFAAa27041:
   tsacor:
/var/tmp/fcpFAAa27041:
   tsapat:
/var/tmp/fcpFAAa27041:
   tsatrk:
/var/tmp/fcpFAAa27041:
   tsawir:
/var/tmp/fcpFAAa27041:
   tsawtk:
/var/tmp/fcpFAAa27041:
   tscfil:
/var/tmp/fcpFAAa27041:
   tscidp:
/var/tmp/fcpFAAa27041:
   tscldp:
/var/tmp/fcpFAAa27041:
   tscoor:
/var/tmp/fcpFAAa27041:
   tseque:
/var/tmp/fcpFAAa27041:
   tsirdp:
/var/tmp/fcpFAAa27041:
   tslowc:
/var/tmp/fcpFAAa27041:
   tsmft:
/var/tmp/fcpFAAa27041:
   tsordp:
/var/tmp/fcpFAAa27041:
   tspudp:
/var/tmp/fcpFAAa27041:
   tsumvd:
/var/tmp/fcpFAAa27041:
   tszcor:
/var/tmp/fcpFAAa27041:
   ttloop:
/var/tmp/fcpFAAa27041:
   ttrunk:
/var/tmp/fcpFAAa27041:
   ttwodx:
/var/tmp/fcpFAAa27041:
   ttwosh:
/var/tmp/fcpFAAa27041:
   ttwosi:
/var/tmp/fcpFAAa27041:
   tvdvel:
/var/tmp/fcpFAAa27041:
   twinco:
/var/tmp/fcpFAAa27041:
   twindo:
/var/tmp/fcpFAAa27041:
   twires:
/var/tmp/fcpFAAa27041:
   twirez:
/var/tmp/fcpFAAa27041:
   twirfx:
/var/tmp/fcpFAAa27041:
   twpeak:
/var/tmp/fcpFAAa27041:
   twrrdp:

fort77: Warning: Compiler failure has occurred.
     Attempting to recompile failing compilation unit without optimization

/var/tmp/fcpFAAa27041:
   trhlx2:
/var/tmp/fcpFAAa27516:
   uctgft:
/var/tmp/fcpFAAa27516:
   ufitms:
/var/tmp/fcpFAAa27516:
   umxinv:
/var/tmp/fcpFAAa27516:
   unpack:
/var/tmp/fcpFAAa27516:
   usbook:
/var/tmp/fcpFAAa27516:
   uscjob:
/var/tmp/fcpFAAa27516:
   uscrun:
/var/tmp/fcpFAAa27516:
   ushist:
/var/tmp/fcpFAAa27516:
   usievt:
/var/tmp/fcpFAAa27516:
   usijob:
/var/tmp/fcpFAAa27516:
   usirun:
/var/tmp/fcpFAAa27516:
   uslowc:
/var/tmp/fcpFAAa27516:
   usprda:
/var/tmp/fcpFAAa27516:
   utdcbp:
/var/tmp/fcpFAAa27516:
   utlslf:
/var/tmp/fcpFAAa27516:
   uvpfit:
/var/tmp/fcpFAAa27516:
   uvpmat:
/var/tmp/fcpFAAa27516:
   uxsfit:
/var/tmp/fcpFAAa27516:
   uxsmat:
/var/tmp/fcpFAAa27584:
   vbmfit:
/var/tmp/fcpFAAa27584:
   vbsclr:
/var/tmp/fcpFAAa27584:
   vbsinr:
/var/tmp/fcpFAAa27584:
   vbspot:
/var/tmp/fcpFAAa27584:
   vcalcm:
/var/tmp/fcpFAAa27584:
   vcbfit:
/var/tmp/fcpFAAa27584:
   vcktrk:
/var/tmp/fcpFAAa27584:
   vclbnk:
/var/tmp/fcpFAAa27584:
   vcmean:
/var/tmp/fcpFAAa27584:
   vcrhot:
/var/tmp/fcpFAAa27584:
   vdalin:
/var/tmp/fcpFAAa27584:
   vdalsg:
/var/tmp/fcpFAAa27584:
   vdalxy:
/var/tmp/fcpFAAa27584:
   vdalzt:
/var/tmp/fcpFAAa27584:
   vdbgcl:
/var/tmp/fcpFAAa27584:
   vdbook:
/var/tmp/fcpFAAa27584:
   vdchst:
/var/tmp/fcpFAAa27584:
   vdcrun:
/var/tmp/fcpFAAa27584:
   vdecod:
/var/tmp/fcpFAAa27584:
   vdetok:
/var/tmp/fcpFAAa27584:
   vdfnam:
/var/tmp/fcpFAAa27584:
   vdfsup:
/var/tmp/fcpFAAa27584:
   vdgaus:
/var/tmp/fcpFAAa27584:
   vdgeph:
/var/tmp/fcpFAAa27584:
   vdgtht:
/var/tmp/fcpFAAa27584:
   vdgtmv:
/var/tmp/fcpFAAa27584:
   vdgtxl:
/var/tmp/fcpFAAa27584:
   vdhist:
/var/tmp/fcpFAAa27584:
   vdincp:
/var/tmp/fcpFAAa27584:
   vdismr:
/var/tmp/fcpFAAa27584:
   vdjacb:
/var/tmp/fcpFAAa27584:
   vdklcp:
/var/tmp/fcpFAAa27584:
   vdlink:
/var/tmp/fcpFAAa27584:
   vdmcef:
/var/tmp/fcpFAAa27584:
   vdmctr:
/var/tmp/fcpFAAa27584:
   vdmjln:
/var/tmp/fcpFAAa27584:
   vdmkce:
/var/tmp/fcpFAAa27584:
   vdmoni:
/var/tmp/fcpFAAa27584:
   vdmpin:
/var/tmp/fcpFAAa27584:
   vdmsup2:
/var/tmp/fcpFAAa27584:
   vdnois:
/var/tmp/fcpFAAa27584:
   vdosmr:
/var/tmp/fcpFAAa27584:
   vdpinh:
/var/tmp/fcpFAAa27584:
   vdrcun:
/var/tmp/fcpFAAa27584:
   vdrndm:
/var/tmp/fcpFAAa27584:
   vdrtan:
/var/tmp/fcpFAAa27584:
   vdsigm:
/var/tmp/fcpFAAa27584:
   vdsm95:
/var/tmp/fcpFAAa27584:
   vdsmap:
/var/tmp/fcpFAAa27584:
   vdstch:
/var/tmp/fcpFAAa27584:
   vdtan:
/var/tmp/fcpFAAa27584:
   vdwsdx:
/var/tmp/fcpFAAa27584:
   vdwsmr:
/var/tmp/fcpFAAa27584:
   vdxyzt:
/var/tmp/fcpFAAa27584:
   vhinit:
/var/tmp/fcpFAAa27584:
   vhotin:
/var/tmp/fcpFAAa27584:
   vinijo:
/var/tmp/fcpFAAa27584:
   viniru:
/var/tmp/fcpFAAa27584:
   vlcpos:
/var/tmp/fcpFAAa27584:
   vmgcrl:
/var/tmp/fcpFAAa27584:
   vmkr90:
/var/tmp/fcpFAAa27584:
   vmkr95:
/var/tmp/fcpFAAa27584:
   vpreda:
/var/tmp/fcpFAAa27584:
   vprpot:
/var/tmp/fcpFAAa27584:
   vprsum:
/var/tmp/fcpFAAa27584:
   vreclt:
/var/tmp/fcpFAAa27584:
   vreclu:
/var/tmp/fcpFAAa27584:
   vsepar:
/var/tmp/fcpFAAa27584:
   vseplt:
/var/tmp/fcpFAAa27584:
   vslowc:
/var/tmp/fcpFAAa27584:
   vspxyz:
/var/tmp/fcpFAAa27584:
   vstrim:
/var/tmp/fcpFAAa27584:
   vtrsup:
/var/tmp/fcpFAAa27584:
   vtrurl:
/var/tmp/fcpFAAa27584:
   vumctr:
/var/tmp/fcpFAAa27756:
   vaddia:
/var/tmp/fcpFAAa27756:
   vdblht:
/var/tmp/fcpFAAa27756:
   vfndil:
/var/tmp/fcpFAAa27756:
   vftall:
/var/tmp/fcpFAAa27756:
   vgbran:
/var/tmp/fcpFAAa27756:
   vgbrut:
/var/tmp/fcpFAAa27756:
   vgcmbv:
/var/tmp/fcpFAAa27756:
   vgcomp:
/var/tmp/fcpFAAa27756:
   vgfevt:
/var/tmp/fcpFAAa27756:
   vginit:
/var/tmp/fcpFAAa27756:
   vglink:
/var/tmp/fcpFAAa27756:
   vglob:
/var/tmp/fcpFAAa27756:
   vgnevt:
/var/tmp/fcpFAAa27756:
   vgsolv:
/var/tmp/fcpFAAa27756:
   vgstor:
/var/tmp/fcpFAAa27756:
   vgtcut:
/var/tmp/fcpFAAa27756:
   vherr:
/var/tmp/fcpFAAa27756:
   vhitid:
/var/tmp/fcpFAAa27756:
   vhmap:
/var/tmp/fcpFAAa27756:
   vhupck:
/var/tmp/fcpFAAa27756:
   vhuprm:
/var/tmp/fcpFAAa27756:
   vkaerr:
/var/tmp/fcpFAAa27756:
   vm1trk:
/var/tmp/fcpFAAa27756:
   vmchip:
/var/tmp/fcpFAAa27756:
   vmchis:
/var/tmp/fcpFAAa27756:
   vmclld:
/var/tmp/fcpFAAa27756:
   vmover:
/var/tmp/fcpFAAa27756:
   vmupdt:
/var/tmp/fcpFAAa27756:
   vpksln:
/var/tmp/fcpFAAa27756:
   vsltrk:
/var/tmp/fcpFAAa27756:
   vterex:
/var/tmp/fcpFAAa27901:
   wcal:
/var/tmp/fcpFAAa27901:
   wirjul:
/var/tmp/fcpFAAa27908:
   xptenb:
/var/tmp/fcpFAAa27908:
   xtcncr:
/var/tmp/fcpFAAa27915:
   yfbook:
/var/tmp/fcpFAAa27915:
   yfhist:
/var/tmp/fcpFAAa27915:
   yfijob:
/var/tmp/fcpFAAa27915:
   yfmain:
/var/tmp/fcpFAAa27915:
   yfvert:
/var/tmp/fcpFAAa27915:
   yinijo:
/var/tmp/fcpFAAa27915:
   yiniru:
/var/tmp/fcpFAAa27915:
   ykffit:
/var/tmp/fcpFAAa27915:
   ykinit:
/var/tmp/fcpFAAa27915:
   ykldc:
/var/tmp/fcpFAAa27915:
   yknem2:
/var/tmp/fcpFAAa27915:
   yksfit:
/var/tmp/fcpFAAa27915:
   yksrch:
/var/tmp/fcpFAAa27915:
   ykvdet:
/var/tmp/fcpFAAa27915:
   ymfv0s:
/var/tmp/fcpFAAa27915:
   yprpot:
/var/tmp/fcpFAAa27915:
   yprsum:
/var/tmp/fcpFAAa27915:
   ytbook:
/var/tmp/fcpFAAa27915:
   ythist:
/var/tmp/fcpFAAa27915:
   ytirun:
/var/tmp/fcpFAAa27915:
   yv0sum:
/var/tmp/fcpFAAa27915:
   yvbook:
/var/tmp/fcpFAAa27915:
   yvhist:
/var/tmp/fcpFAAa27915:
   yvijob:
/var/tmp/fcpFAAa27915:
   yybook:
/var/tmp/fcpFAAa27915:
   yyhist:
