/var/tmp/fcpFAAa22298:
   MAIN aamain:
/var/tmp/fcpFAAa22298:
   aboldr:
/var/tmp/fcpFAAa22298:
   ajmmcl:
/var/tmp/fcpFAAa22298:
   algtwa:
/var/tmp/fcpFAAa22298:
   almmcl:
/var/tmp/fcpFAAa22298:
   altime:
/var/tmp/fcpFAAa22298:
   aulpol:
/var/tmp/fcpFAAa22335:
   bcalju:
/var/tmp/fcpFAAa22335:
   bccrun:
/var/tmp/fcpFAAa22335:
   bcfile:
       entry    bcinit:
/var/tmp/fcpFAAa22335:
   bcgete:
/var/tmp/fcpFAAa22335:
   bcpack:
   centrd:
/var/tmp/fcpFAAa22335:
   binijo:
/var/tmp/fcpFAAa22335:
   biniru:
/var/tmp/fcpFAAa22335:
   bmsum:
/var/tmp/fcpFAAa22335:
   bpreda:
/var/tmp/fcpFAAa22335:
   bprsum:
/var/tmp/fcpFAAa22335:
   bslowc:
/var/tmp/fcpFAAa22378:
   cabook:
/var/tmp/fcpFAAa22378:
   calrec:
/var/tmp/fcpFAAa22378:
   calrel:
/var/tmp/fcpFAAa22378:
   calrep:
/var/tmp/fcpFAAa22378:
   calsup:
/var/tmp/fcpFAAa22378:
   cashet:
/var/tmp/fcpFAAa22378:
   casmp:
/var/tmp/fcpFAAa22378:
   casneu:
/var/tmp/fcpFAAa22378:
   casnmp:
/var/tmp/fcpFAAa22378:
   cclorl:
/var/tmp/fcpFAAa22378:
   cctrmi:
/var/tmp/fcpFAAa22378:
   ccutpe:
/var/tmp/fcpFAAa22378:
   cdang:
/var/tmp/fcpFAAa22378:
   cdths:
/var/tmp/fcpFAAa22378:
   cegclu:
/var/tmp/fcpFAAa22378:
   cencch:
/var/tmp/fcpFAAa22378:
   cencne:
/var/tmp/fcpFAAa22378:
   cesclu:
/var/tmp/fcpFAAa22378:
   cexcob:
/var/tmp/fcpFAAa22378:
   cexhis:
/var/tmp/fcpFAAa22378:
   cfpass:
/var/tmp/fcpFAAa22378:
   cfpmip:
/var/tmp/fcpFAAa22378:
   cfpnmp:
/var/tmp/fcpFAAa22378:
   cgrunc:
/var/tmp/fcpFAAa22378:
   chclu:
/var/tmp/fcpFAAa22378:
   chgclu:
/var/tmp/fcpFAAa22378:
   chsclu:
/var/tmp/fcpFAAa22378:
   cinijo:
/var/tmp/fcpFAAa22378:
   cinirl:
/var/tmp/fcpFAAa22378:
   cinpar:
/var/tmp/fcpFAAa22378:
   cinsrl:
/var/tmp/fcpFAAa22378:
   cisgam:
/var/tmp/fcpFAAa22378:
   cishit:
/var/tmp/fcpFAAa22378:
   cludis:
/var/tmp/fcpFAAa22378:
   cmoni:
/var/tmp/fcpFAAa22378:
   cnighb:
/var/tmp/fcpFAAa22378:
   coslst:
/var/tmp/fcpFAAa22378:
   cpadwr:
/var/tmp/fcpFAAa22378:
   cparad:
/var/tmp/fcpFAAa22378:
   cpotcr:
/var/tmp/fcpFAAa22378:
   cpoteh:
/var/tmp/fcpFAAa22378:
   cpotlc:
/var/tmp/fcpFAAa22378:
   cptcom:
/var/tmp/fcpFAAa22378:
   crcalo:
/var/tmp/fcpFAAa22378:
   crchrl:
/var/tmp/fcpFAAa22378:
   crcjob:
/var/tmp/fcpFAAa22378:
   crcpar:
/var/tmp/fcpFAAa22378:
   crhclu:
/var/tmp/fcpFAAa22378:
   cthclu:
/var/tmp/fcpFAAa22378:
   ctkchg:
/var/tmp/fcpFAAa22378:
   ctrmip:
/var/tmp/fcpFAAa22378:
   ctrpar:
/var/tmp/fcpFAAa22378:
   ctrtoc:
/var/tmp/fcpFAAa22378:
   cvrify:
/var/tmp/fcpFAAa22527:
   e1bpei:
/var/tmp/fcpFAAa22527:
   e2bpei:
/var/tmp/fcpFAAa22527:
   e3bpei:
/var/tmp/fcpFAAa22527:
   e4bary:
/var/tmp/fcpFAAa22527:
   e4cosz:
/var/tmp/fcpFAAa22527:
   e4dead:
/var/tmp/fcpFAAa22527:
   e4deij:
/var/tmp/fcpFAAa22527:
   e4fdij:
/var/tmp/fcpFAAa22527:
   e4fide:
/var/tmp/fcpFAAa22527:
   e4find:
/var/tmp/fcpFAAa22527:
   e4fnec:
/var/tmp/fcpFAAa22527:
   fracst:
/var/tmp/fcpFAAa22527:
   e4gtbr:
/var/tmp/fcpFAAa22527:
   e4gtpl:
/var/tmp/fcpFAAa22527:
   e4gtso:
/var/tmp/fcpFAAa22527:
   e4gtst:
/var/tmp/fcpFAAa22527:
   e4gttw:
/var/tmp/fcpFAAa22527:
   e4indi:
/var/tmp/fcpFAAa22527:
   e4lea1:
/var/tmp/fcpFAAa22527:
   e4ovrl:
/var/tmp/fcpFAAa22527:
   e4pal:
/var/tmp/fcpFAAa22527:
   e4r1r2:
/var/tmp/fcpFAAa22527:
   e4r2r3:
/var/tmp/fcpFAAa22527:
   e4r3r4:
/var/tmp/fcpFAAa22527:
   e4radc:
/var/tmp/fcpFAAa22527:
   e4res2:
/var/tmp/fcpFAAa22527:
   e4res3:
/var/tmp/fcpFAAa22527:
   e4tstl:
/var/tmp/fcpFAAa22527:
   e4xyz0:
/var/tmp/fcpFAAa22527:
   eautop:
/var/tmp/fcpFAAa22527:
   ebegid:
/var/tmp/fcpFAAa22527:
   eboxki:
/var/tmp/fcpFAAa22527:
   ecalig:
/var/tmp/fcpFAAa22527:
   ecblda:
/var/tmp/fcpFAAa22527:
   ecboba:
/var/tmp/fcpFAAa22527:
   ecbook:
/var/tmp/fcpFAAa22527:
   eccaob:
/var/tmp/fcpFAAa22527:
   ecchkb:
/var/tmp/fcpFAAa22527:
   ecclco:
/var/tmp/fcpFAAa22527:
   ecclus:
/var/tmp/fcpFAAa22527:
   ecdamp:
/var/tmp/fcpFAAa22527:
   ecdebg:
/var/tmp/fcpFAAa22527:
   ecdete:
/var/tmp/fcpFAAa22527:
   ecdigi:
/var/tmp/fcpFAAa22527:
   ecener:
/var/tmp/fcpFAAa22527:
   eceras:
/var/tmp/fcpFAAa22527:
   ecfclu:
/var/tmp/fcpFAAa22527:
   ecfibt:
/var/tmp/fcpFAAa22527:
   ecfils:
/var/tmp/fcpFAAa22527:
   ecfmip:
/var/tmp/fcpFAAa22527:
   ecfobj:
/var/tmp/fcpFAAa22527:
   ecgflw:
/var/tmp/fcpFAAa22527:
   ecgmix:
/var/tmp/fcpFAAa22527:
   echarg:
/var/tmp/fcpFAAa22527:
   echcgl:
/var/tmp/fcpFAAa22527:
   echedc:
/var/tmp/fcpFAAa22527:
   echiba:
/var/tmp/fcpFAAa22527:
   echist:
/var/tmp/fcpFAAa22527:
   echtag:
/var/tmp/fcpFAAa22527:
   ecinit:
/var/tmp/fcpFAAa22527:
   ecinrv:
/var/tmp/fcpFAAa22527:
   eclamp:
/var/tmp/fcpFAAa22527:
   eclana:
/var/tmp/fcpFAAa22527:
   ecleib:
/var/tmp/fcpFAAa22527:
   eclgeo:
/var/tmp/fcpFAAa22527:
   eclope:
/var/tmp/fcpFAAa22527:
   eclorl:
/var/tmp/fcpFAAa22527:
   eclost:
/var/tmp/fcpFAAa22527:
   ecltag:
/var/tmp/fcpFAAa22527:
   ecltrk:
/var/tmp/fcpFAAa22527:
   ecltyp:
/var/tmp/fcpFAAa22527:
   ecluar:
/var/tmp/fcpFAAa22527:
   ecmesp:
/var/tmp/fcpFAAa22527:
   ecmod:
/var/tmp/fcpFAAa22527:
   ecmopl:
/var/tmp/fcpFAAa22527:
   ecncob:
/var/tmp/fcpFAAa22527:
   ecobnk:
/var/tmp/fcpFAAa22527:
   ecoent:
/var/tmp/fcpFAAa22527:
   ecoidp:
/var/tmp/fcpFAAa22527:
   ecos:
/var/tmp/fcpFAAa22527:
   ecpad:
/var/tmp/fcpFAAa22527:
   ecpasr:
/var/tmp/fcpFAAa22527:
   ecplm:
/var/tmp/fcpFAAa22527:
   ecprin:
/var/tmp/fcpFAAa22527:
   ecprlo:
/var/tmp/fcpFAAa22527:
   ecrcob:
/var/tmp/fcpFAAa22527:
   ecre4d:
/var/tmp/fcpFAAa22527:
   ecreib:
/var/tmp/fcpFAAa22527:
   ecrmip:
/var/tmp/fcpFAAa22527:
   ecrndx:
/var/tmp/fcpFAAa22527:
   ecrpei:
/var/tmp/fcpFAAa22527:
   ecrtr:
/var/tmp/fcpFAAa22527:
   ecrunq:
/var/tmp/fcpFAAa22527:
   ecscmd:
/var/tmp/fcpFAAa22527:
   ecst:
/var/tmp/fcpFAAa22527:
   ecsupp:
/var/tmp/fcpFAAa22527:
   ecsw1093:
/var/tmp/fcpFAAa22527:
   ecsw94:
/var/tmp/fcpFAAa22527:
   ectemp:
/var/tmp/fcpFAAa22527:
   ecthre:
/var/tmp/fcpFAAa22527:
   ectopo:
/var/tmp/fcpFAAa22527:
   ectpc:
/var/tmp/fcpFAAa22527:
   ectrap:
/var/tmp/fcpFAAa22527:
   ectrea:
/var/tmp/fcpFAAa22527:
   ecxmod:
/var/tmp/fcpFAAa22527:
   edisal:
/var/tmp/fcpFAAa22527:
   edlist:
/var/tmp/fcpFAAa22527:
   efaxe:
/var/tmp/fcpFAAa22527:
   efbook:
/var/tmp/fcpFAAa22527:
   eferrr:
/var/tmp/fcpFAAa22527:
   eficlp:
/var/tmp/fcpFAAa22527:
   eficv:
/var/tmp/fcpFAAa22527:
   efiecp:
/var/tmp/fcpFAAa22527:
   efieib:
/var/tmp/fcpFAAa22527:
   efijob:
/var/tmp/fcpFAAa22527:
   efixi94:
/var/tmp/fcpFAAa22527:
   eflcst:
/var/tmp/fcpFAAa22527:
   efolmk:
/var/tmp/fcpFAAa22527:
   efpard:
/var/tmp/fcpFAAa22527:
   eftiel:
/var/tmp/fcpFAAa22527:
   egacst:
/var/tmp/fcpFAAa22527:
   egaest:
/var/tmp/fcpFAAa22527:
   egetds:
/var/tmp/fcpFAAa22527:
   egfcst:
/var/tmp/fcpFAAa22527:
   egttks:
/var/tmp/fcpFAAa22527:
   ehcflo:
/var/tmp/fcpFAAa22527:
   ehlix:
/var/tmp/fcpFAAa22527:
   ehreg:
/var/tmp/fcpFAAa22527:
   eidedx:
/var/tmp/fcpFAAa22527:
   eident:
/var/tmp/fcpFAAa22527:
   eieffl:
/var/tmp/fcpFAAa22527:
   einhlx:
/var/tmp/fcpFAAa22527:
   einijo:
/var/tmp/fcpFAAa22527:
   einirl:
/var/tmp/fcpFAAa22527:
   einiru:
/var/tmp/fcpFAAa22527:
   einitk:
/var/tmp/fcpFAAa22527:
   einsrl:
/var/tmp/fcpFAAa22527:
   eipard:
/var/tmp/fcpFAAa22527:
   eithr:
/var/tmp/fcpFAAa22527:
   eknewb:
/var/tmp/fcpFAAa22527:
   eknewe:
/var/tmp/fcpFAAa22527:
   elecid:
/var/tmp/fcpFAAa22527:
   elongi:
/var/tmp/fcpFAAa22527:
   emfill:
/var/tmp/fcpFAAa22527:
   emskei:
/var/tmp/fcpFAAa22527:
   emskev:
/var/tmp/fcpFAAa22527:
   emskf:
/var/tmp/fcpFAAa22527:
   emski:
/var/tmp/fcpFAAa22527:
   emskji:
/var/tmp/fcpFAAa22527:
   emskmu:
/var/tmp/fcpFAAa22527:
   enfmsk:
/var/tmp/fcpFAAa22527:
   enighb:
/var/tmp/fcpFAAa22527:
   enoise:
/var/tmp/fcpFAAa22527:
   enprox:
/var/tmp/fcpFAAa22527:
   enstat:
/var/tmp/fcpFAAa22527:
   epadcl:
/var/tmp/fcpFAAa22527:
   epatrn:
/var/tmp/fcpFAAa22527:
   epcalo:
/var/tmp/fcpFAAa22527:
   epchg:
/var/tmp/fcpFAAa22527:
   epneu:
/var/tmp/fcpFAAa22527:
   epreda:
/var/tmp/fcpFAAa22527:
   eproba:
/var/tmp/fcpFAAa22527:
   eprsto:
/var/tmp/fcpFAAa22527:
   eprsum:
/var/tmp/fcpFAAa22527:
   eprtpc:
/var/tmp/fcpFAAa22527:
   ercupi:
/var/tmp/fcpFAAa22527:
   ercupr:
/var/tmp/fcpFAAa22527:
   ereset:
/var/tmp/fcpFAAa22527:
   eroad:
/var/tmp/fcpFAAa22527:
   escdef:
/var/tmp/fcpFAAa22527:
   escoun:
/var/tmp/fcpFAAa22527:
   esfil:
/var/tmp/fcpFAAa22527:
   eslas:
/var/tmp/fcpFAAa22527:
   eslct:
/var/tmp/fcpFAAa22527:
   eslctf:
/var/tmp/fcpFAAa22527:
   eslowc:
/var/tmp/fcpFAAa22527:
   estag:
/var/tmp/fcpFAAa22527:
   esveto:
/var/tmp/fcpFAAa22527:
   eswpst:
/var/tmp/fcpFAAa22527:
   etdifp:
/var/tmp/fcpFAAa22527:
   ethres:
/var/tmp/fcpFAAa22527:
   etrdev:
/var/tmp/fcpFAAa22527:
   ewdifp:
/var/tmp/fcpFAAa22527:
   ewircl:
/var/tmp/fcpFAAa22527:
   ex3ijk:
/var/tmp/fcpFAAa23034:
   fawian:
/var/tmp/fcpFAAa23034:
   fcfrid:
/var/tmp/fcpFAAa23034:
   fdetco:
/var/tmp/fcpFAAa23034:
   ffield:
/var/tmp/fcpFAAa23034:
   fidhea:
/var/tmp/fcpFAAa23034:
   fidrot:
/var/tmp/fcpFAAa23034:
   finiru:
/var/tmp/fcpFAAa23034:
   fitall:
/var/tmp/fcpFAAa23034:
   fitwri:
/var/tmp/fcpFAAa23034:
   fkink:
/var/tmp/fcpFAAa23034:
   fkkpar:
/var/tmp/fcpFAAa23034:
   flngv0:
/var/tmp/fcpFAAa23034:
   floweh:
/var/tmp/fcpFAAa23034:
   flowfi:
/var/tmp/fcpFAAa23034:
   flowtr:
/var/tmp/fcpFAAa23034:
   flv0dx:
/var/tmp/fcpFAAa23034:
   fmuid:
/var/tmp/fcpFAAa23034:
   fpiden:
/var/tmp/fcpFAAa23034:
   fpmove:
/var/tmp/fcpFAAa23034:
   frefit:
/var/tmp/fcpFAAa23034:
   frmhit:
/var/tmp/fcpFAAa23034:
   ftpcer:
/var/tmp/fcpFAAa23034:
   ftrack:
/var/tmp/fcpFAAa23106:
   gambnk:
/var/tmp/fcpFAAa23106:
   gapeco:
/var/tmp/fcpFAAa23106:
   gasteer:
/var/tmp/fcpFAAa23115:
   hcalib:
/var/tmp/fcpFAAa23115:
   hcalrd:
/var/tmp/fcpFAAa23115:
   hcatow:
/var/tmp/fcpFAAa23115:
   hcbhis:
/var/tmp/fcpFAAa23115:
   hcfclu:
/var/tmp/fcpFAAa23115:
   hchist:
/var/tmp/fcpFAAa23115:
   hclcra:
/var/tmp/fcpFAAa23115:
   hcltst:
/var/tmp/fcpFAAa23115:
   hclufi:
/var/tmp/fcpFAAa23115:
   hcorfc:
/var/tmp/fcpFAAa23115:
   hcos:
/var/tmp/fcpFAAa23115:
   hcsimm:
/var/tmp/fcpFAAa23115:
   hdgdeb:
/var/tmp/fcpFAAa23115:
   hdgfil:
/var/tmp/fcpFAAa23115:
   hdgpot:
/var/tmp/fcpFAAa23115:
   hdgsum:
/var/tmp/fcpFAAa23115:
   hdprec:
/var/tmp/fcpFAAa23115:
   hdspre:
/var/tmp/fcpFAAa23115:
   hflnoi:
/var/tmp/fcpFAAa23115:
   hinijo:
/var/tmp/fcpFAAa23115:
   hiniru:
/var/tmp/fcpFAAa23115:
   hmener:
/var/tmp/fcpFAAa23115:
   hmfind:
/var/tmp/fcpFAAa23115:
   hmroad:
/var/tmp/fcpFAAa23115:
   hnoise:
/var/tmp/fcpFAAa23115:
   hnoisy:
/var/tmp/fcpFAAa23115:
   hpatco:
/var/tmp/fcpFAAa23115:
   hphnoi:
/var/tmp/fcpFAAa23115:
   hplink:
/var/tmp/fcpFAAa23115:
   hprana:
/var/tmp/fcpFAAa23115:
   hpranp:
/var/tmp/fcpFAAa23115:
   hprdig:
/var/tmp/fcpFAAa23115:
   hpreda:
/var/tmp/fcpFAAa23115:
   hprpot:
/var/tmp/fcpFAAa23115:
   hprsum:
/var/tmp/fcpFAAa23115:
   hprunc:
/var/tmp/fcpFAAa23115:
   hrcomp:
/var/tmp/fcpFAAa23115:
   hrcpat:
/var/tmp/fcpFAAa23115:
   hrdcal:
/var/tmp/fcpFAAa23115:
   hroad:
/var/tmp/fcpFAAa23115:
   hslink:
/var/tmp/fcpFAAa23115:
   hslowc:
/var/tmp/fcpFAAa23115:
   hspare:
/var/tmp/fcpFAAa23115:
   hsptre:
/var/tmp/fcpFAAa23115:
   hstofi:
/var/tmp/fcpFAAa23115:
   htrack:
/var/tmp/fcpFAAa23115:
   htubfi:
/var/tmp/fcpFAAa23115:
   htwcr:
/var/tmp/fcpFAAa23115:
   hvmask:
/var/tmp/fcpFAAa23277:
   iasign:
/var/tmp/fcpFAAa23277:
   iattma:
/var/tmp/fcpFAAa23277:
   ibnkin:
/var/tmp/fcpFAAa23277:
   icaswt:
/var/tmp/fcpFAAa23277:
   icftoi:
/var/tmp/fcpFAAa23277:
   iclimb:
/var/tmp/fcpFAAa23277:
   icrcco:
/var/tmp/fcpFAAa23277:
   ideadw:
/var/tmp/fcpFAAa23277:
   idigpr:
/var/tmp/fcpFAAa23277:
   ienang:
/var/tmp/fcpFAAa23277:
   ifind1:
/var/tmp/fcpFAAa23277:
   ifind2:
/var/tmp/fcpFAAa23277:
   ifitp:
/var/tmp/fcpFAAa23277:
   iftrak:
/var/tmp/fcpFAAa23277:
   igetti:
/var/tmp/fcpFAAa23277:
   igettp:
/var/tmp/fcpFAAa23277:
   igicha:
/var/tmp/fcpFAAa23277:
   iheler:
/var/tmp/fcpFAAa23277:
   iinijo:
/var/tmp/fcpFAAa23277:
   iiniru:
/var/tmp/fcpFAAa23277:
   iintrk:
/var/tmp/fcpFAAa23277:
   imatch:
/var/tmp/fcpFAAa23277:
   inigap:
/var/tmp/fcpFAAa23277:
   insect:
/var/tmp/fcpFAAa23277:
   intrak:
/var/tmp/fcpFAAa23277:
   ipakdi:
/var/tmp/fcpFAAa23277:
   ipdsti:
/var/tmp/fcpFAAa23277:
   iphcor:
/var/tmp/fcpFAAa23277:
   ipreda:
/var/tmp/fcpFAAa23277:
   iprsum:
/var/tmp/fcpFAAa23277:
   ipstat:
/var/tmp/fcpFAAa23277:
   irefin:
/var/tmp/fcpFAAa23277:
   ireopd:
/var/tmp/fcpFAAa23277:
   isave:
/var/tmp/fcpFAAa23277:
   ishuff:
/var/tmp/fcpFAAa23277:
   ishufl:
/var/tmp/fcpFAAa23277:
   islowc:
/var/tmp/fcpFAAa23277:
   isrch:
/var/tmp/fcpFAAa23277:
   itbook:
/var/tmp/fcpFAAa23277:
   itccut:
/var/tmp/fcpFAAa23277:
   itcopr:
/var/tmp/fcpFAAa23277:
   itcrec:
/var/tmp/fcpFAAa23277:
   itcrep:
/var/tmp/fcpFAAa23277:
   itctpc:
/var/tmp/fcpFAAa23277:
   itctrk:
/var/tmp/fcpFAAa23277:
   itcxng:
/var/tmp/fcpFAAa23277:
   iterr:
/var/tmp/fcpFAAa23277:
   itextn:
/var/tmp/fcpFAAa23277:
   ithist:
/var/tmp/fcpFAAa23277:
   itidy1:
/var/tmp/fcpFAAa23277:
   itidy2:
/var/tmp/fcpFAAa23277:
   itlnk1:
/var/tmp/fcpFAAa23277:
   itlnk2:
/var/tmp/fcpFAAa23277:
   itpcan:
/var/tmp/fcpFAAa23277:
   itrak:
/var/tmp/fcpFAAa23277:
   itrecf:
/var/tmp/fcpFAAa23277:
   itreci:
/var/tmp/fcpFAAa23277:
   itree:
/var/tmp/fcpFAAa23277:
   itrkci:
/var/tmp/fcpFAAa23277:
   itrkeq:
/var/tmp/fcpFAAa23277:
   itrkzr:
/var/tmp/fcpFAAa23277:
   itrmca:
/var/tmp/fcpFAAa23472:
   laccep:
   lfiduc:
/var/tmp/fcpFAAa23472:
   lasym:
/var/tmp/fcpFAAa23472:
   lbhab:
/var/tmp/fcpFAAa23472:
   lbhcor:
/var/tmp/fcpFAAa23472:
   lbindx:
/var/tmp/fcpFAAa23472:
   lbldba:
/var/tmp/fcpFAAa23472:
   lbnkpr:
/var/tmp/fcpFAAa23472:
   lbunca:
/var/tmp/fcpFAAa23472:
   lcalib:
/var/tmp/fcpFAAa23472:
   lcarec:
/var/tmp/fcpFAAa23472:
   lcbook:
/var/tmp/fcpFAAa23472:
   lchist:
/var/tmp/fcpFAAa23472:
   lclust:
/var/tmp/fcpFAAa23472:
   lclutw:
/var/tmp/fcpFAAa23472:
   lcorrc:
/var/tmp/fcpFAAa23472:
   lcpaxy:
/var/tmp/fcpFAAa23472:
   lcrpot:
/var/tmp/fcpFAAa23472:
   lcsave:
/var/tmp/fcpFAAa23472:
   ldirtw:
/var/tmp/fcpFAAa23472:
   lelect:
/var/tmp/fcpFAAa23472:
   lenlis:
/var/tmp/fcpFAAa23472:
   lestim:
/var/tmp/fcpFAAa23472:
   lfourc:
/var/tmp/fcpFAAa23472:
   lgngbx:
/var/tmp/fcpFAAa23472:
   lhvsta:
/var/tmp/fcpFAAa23472:
   lidcod:
/var/tmp/fcpFAAa23472:
   linijo:
/var/tmp/fcpFAAa23472:
   liniru:
/var/tmp/fcpFAAa23472:
   lolerr:
/var/tmp/fcpFAAa23472:
   lprcal:
/var/tmp/fcpFAAa23472:
   lpreda:
/var/tmp/fcpFAAa23472:
   lpremc:
/var/tmp/fcpFAAa23472:
   lprepo:
/var/tmp/fcpFAAa23472:
   lprerw:
/var/tmp/fcpFAAa23472:
   lprlum:
/var/tmp/fcpFAAa23472:
   lprsum:
/var/tmp/fcpFAAa23472:
   lselba:
/var/tmp/fcpFAAa23472:
   lselbh:
/var/tmp/fcpFAAa23472:
   lsingl:
/var/tmp/fcpFAAa23472:
   lslowc:
/var/tmp/fcpFAAa23472:
   lstati:
/var/tmp/fcpFAAa23472:
   lsumam:
/var/tmp/fcpFAAa23472:
   ltgbit:
/var/tmp/fcpFAAa23472:
   ltgtyp:
/var/tmp/fcpFAAa23472:
   ltrace:
/var/tmp/fcpFAAa23472:
   ltrack:
/var/tmp/fcpFAAa23472:
   ltrigs:
/var/tmp/fcpFAAa23472:
   lupacr:
/var/tmp/fcpFAAa23472:
   lupain:
/var/tmp/fcpFAAa23626:
   mginig:
/var/tmp/fcpFAAa23626:
   minhea:
/var/tmp/fcpFAAa23626:
   minijo:
/var/tmp/fcpFAAa23626:
   miniru:
/var/tmp/fcpFAAa23626:
   modroc:
/var/tmp/fcpFAAa23626:
   mpreda:
/var/tmp/fcpFAAa23626:
   mpredg:
/var/tmp/fcpFAAa23626:
   mpredm:
/var/tmp/fcpFAAa23626:
   mprsum:
/var/tmp/fcpFAAa23626:
   mslowc:
/var/tmp/fcpFAAa23626:
   mualcm:
/var/tmp/fcpFAAa23626:
   mualco:
/var/tmp/fcpFAAa23626:
   muass:
/var/tmp/fcpFAAa23626:
   mubook:
/var/tmp/fcpFAAa23626:
   mucomp:
/var/tmp/fcpFAAa23626:
   mucuts:
/var/tmp/fcpFAAa23626:
   muhist:
/var/tmp/fcpFAAa23626:
   muhitg:
/var/tmp/fcpFAAa23626:
   muhits:
/var/tmp/fcpFAAa23626:
   mukine:
/var/tmp/fcpFAAa23626:
   munewr:
/var/tmp/fcpFAAa23626:
   muredo:
/var/tmp/fcpFAAa23626:
   muslcm:
/var/tmp/fcpFAAa23626:
   muslco:
/var/tmp/fcpFAAa23626:
   mutest:
/var/tmp/fcpFAAa23699:
   obmfit:
/var/tmp/fcpFAAa23699:
   obsclr:
/var/tmp/fcpFAAa23699:
   obsinr:
/var/tmp/fcpFAAa23699:
   obspot:
/var/tmp/fcpFAAa23699:
   ocbfit:
/var/tmp/fcpFAAa23699:
   ocbpre:
/var/tmp/fcpFAAa23699:
   ogtblq:
/var/tmp/fcpFAAa23699:
   oinijo:
/var/tmp/fcpFAAa23699:
   oiniru:
/var/tmp/fcpFAAa23699:
   olspod:
/var/tmp/fcpFAAa23699:
   olspot:
/var/tmp/fcpFAAa23699:
   olspou:
/var/tmp/fcpFAAa23699:
   ombook:
/var/tmp/fcpFAAa23699:
   ombopt:
/var/tmp/fcpFAAa23699:
   ombout:
/var/tmp/fcpFAAa23699:
   ombpos:
/var/tmp/fcpFAAa23699:
   ombrec:
/var/tmp/fcpFAAa23699:
   omcorr:
/var/tmp/fcpFAAa23699:
   omcrun:
/var/tmp/fcpFAAa23699:
   omdata:
/var/tmp/fcpFAAa23699:
   omgain:
/var/tmp/fcpFAAa23699:
   omhist:
/var/tmp/fcpFAAa23699:
   omipos:
/var/tmp/fcpFAAa23699:
   omread:
/var/tmp/fcpFAAa23699:
   oprsum:
/var/tmp/fcpFAAa23699:
   oslowc:
/var/tmp/fcpFAAa23792:
   pmskfi:
/var/tmp/fcpFAAa23792:
   prolot:
/var/tmp/fcpFAAa23792:
   pryfit:
/var/tmp/fcpFAAa23792:
   pvfill:
/var/tmp/fcpFAAa23803:
   qfmmcl:
/var/tmp/fcpFAAa23803:
   qgmmcl:
/var/tmp/fcpFAAa23810:
   rbkhis:
/var/tmp/fcpFAAa23810:
   rcjsum:
/var/tmp/fcpFAAa23810:
   rclean:
/var/tmp/fcpFAAa23810:
   rcljob:
/var/tmp/fcpFAAa23810:
   rclrun:
/var/tmp/fcpFAAa23810:
   rcpas0:
/var/tmp/fcpFAAa23810:
   rdcard:
/var/tmp/fcpFAAa23810:
   rdefio:
/var/tmp/fcpFAAa23810:
   rdefmi:
/var/tmp/fcpFAAa23810:
   rdefpo:
/var/tmp/fcpFAAa23810:
   rdetec:
/var/tmp/fcpFAAa23810:
   recevt:
/var/tmp/fcpFAAa23810:
   recons:
/var/tmp/fcpFAAa23810:
   reject:
/var/tmp/fcpFAAa23810:
   report:
/var/tmp/fcpFAAa23810:
   rerror:
/var/tmp/fcpFAAa23810:
   rfalcr:
/var/tmp/fcpFAAa23810:
   rfalee:
/var/tmp/fcpFAAa23810:
   rfalie:
/var/tmp/fcpFAAa23810:
   rfalij:
/var/tmp/fcpFAAa23810:
   rfalir:
/var/tmp/fcpFAAa23810:
   rfalpd:
/var/tmp/fcpFAAa23810:
   rfjcon:
/var/tmp/fcpFAAa23810:
   rforma:
/var/tmp/fcpFAAa23810:
   rgetdv:
/var/tmp/fcpFAAa23810:
   rhbook:
/var/tmp/fcpFAAa23810:
   rhsevt:
/var/tmp/fcpFAAa23810:
   rincnd:
/var/tmp/fcpFAAa23810:
   rinjob:
/var/tmp/fcpFAAa23810:
   rinrun:
/var/tmp/fcpFAAa23810:
   ripas0:
/var/tmp/fcpFAAa23810:
   rloopr:
/var/tmp/fcpFAAa23810:
   rltoch:
/var/tmp/fcpFAAa23810:
   rlutrf:
/var/tmp/fcpFAAa23810:
   rmonii:
/var/tmp/fcpFAAa23810:
   rmonit:
/var/tmp/fcpFAAa23810:
   rnxmod:
/var/tmp/fcpFAAa23810:
   rperrs:
/var/tmp/fcpFAAa23810:
   rpnamb:
/var/tmp/fcpFAAa23810:
   rpotcl:
/var/tmp/fcpFAAa23810:
   rpreda:
/var/tmp/fcpFAAa23810:
   rprsta:
/var/tmp/fcpFAAa23810:
   rprsum:
/var/tmp/fcpFAAa23810:
   rrevhe:
/var/tmp/fcpFAAa23810:
   rshrin:
/var/tmp/fcpFAAa23810:
   rsmjob:
/var/tmp/fcpFAAa23810:
   rtitle:
/var/tmp/fcpFAAa23810:
   rtlsum:
/var/tmp/fcpFAAa23810:
   rtmask:
/var/tmp/fcpFAAa23810:
   rtrigf:
/var/tmp/fcpFAAa23810:
   runkno:
/var/tmp/fcpFAAa23810:
   rvdpre:
/var/tmp/fcpFAAa23810:
   rwjubw:
/var/tmp/fcpFAAa23810:
   rwrevt:
/var/tmp/fcpFAAa23810:
   rwrunh:
/var/tmp/fcpFAAa23810:
   rzejob:
/var/tmp/fcpFAAa23810:
   rzergl:
/var/tmp/fcpFAAa23810:
   rzerun:
/var/tmp/fcpFAAa23942:
   sabook:
/var/tmp/fcpFAAa23942:
   sacocr:
/var/tmp/fcpFAAa23942:
   sacopr:
/var/tmp/fcpFAAa23942:
   sahist:
/var/tmp/fcpFAAa23942:
   satrec:
/var/tmp/fcpFAAa23942:
   sclupr:
/var/tmp/fcpFAAa23942:
   scoopr:
/var/tmp/fcpFAAa23942:
   sftrpr:
/var/tmp/fcpFAAa23942:
   sibkpr:
/var/tmp/fcpFAAa23942:
   sibook:
/var/tmp/fcpFAAa23942:
   sicaok:
/var/tmp/fcpFAAa23942:
   siclc2:
/var/tmp/fcpFAAa23942:
   siclco:
/var/tmp/fcpFAAa23942:
   siclean:
/var/tmp/fcpFAAa23942:
   siclus:
/var/tmp/fcpFAAa23942:
   sicrec:
/var/tmp/fcpFAAa23942:
   sicrpot:
/var/tmp/fcpFAAa23942:
   sicrun:
/var/tmp/fcpFAAa23942:
   sidamp:
/var/tmp/fcpFAAa23942:
   sidcor:
/var/tmp/fcpFAAa23942:
   sidsum:
/var/tmp/fcpFAAa23942:
   sidvoi:
/var/tmp/fcpFAAa23942:
   siecor:
/var/tmp/fcpFAAa23942:
   siepcr:
/var/tmp/fcpFAAa23942:
   siesum:
/var/tmp/fcpFAAa23942:
   sievst:
/var/tmp/fcpFAAa23942:
   sigaco:
/var/tmp/fcpFAAa23942:
   sigtdp:
/var/tmp/fcpFAAa23942:
   sigtwa:
/var/tmp/fcpFAAa23942:
   sihist:
/var/tmp/fcpFAAa23942:
   siinijo:
/var/tmp/fcpFAAa23942:
   siiniru:
/var/tmp/fcpFAAa23942:
   sijuke:
/var/tmp/fcpFAAa23942:
   silhcr:
/var/tmp/fcpFAAa23942:
   silist:
/var/tmp/fcpFAAa23942:
   silsum:
/var/tmp/fcpFAAa23942:
   siluad:
/var/tmp/fcpFAAa23942:
   silumi:
/var/tmp/fcpFAAa23942:
   silvoi:
/var/tmp/fcpFAAa23942:
   sinamx:
/var/tmp/fcpFAAa23942:
   sinijo:
/var/tmp/fcpFAAa23942:
   siniru:
/var/tmp/fcpFAAa23942:
   sipedfx:
/var/tmp/fcpFAAa23942:
   siphmod:
/var/tmp/fcpFAAa23942:
   sipreda:
/var/tmp/fcpFAAa23942:
   siprlum:
/var/tmp/fcpFAAa23942:
   siprsum:
/var/tmp/fcpFAAa23942:
   sipsum:
/var/tmp/fcpFAAa23942:
   sipvoi:
/var/tmp/fcpFAAa23942:
   sislowc:
/var/tmp/fcpFAAa23942:
   sisol2:
/var/tmp/fcpFAAa23942:
   sistat:
/var/tmp/fcpFAAa23942:
   siswap:
/var/tmp/fcpFAAa23942:
   sivois:
/var/tmp/fcpFAAa23942:
   skanpr:
/var/tmp/fcpFAAa23942:
   spatpr:
/var/tmp/fcpFAAa23942:
   spreda:
/var/tmp/fcpFAAa23942:
   spremc:
/var/tmp/fcpFAAa23942:
   sprpot:
/var/tmp/fcpFAAa23942:
   sprsum:
/var/tmp/fcpFAAa23942:
   sr2clu:
/var/tmp/fcpFAAa23942:
   sr2pat:
/var/tmp/fcpFAAa23942:
   sr3clu:
/var/tmp/fcpFAAa23942:
   sr3pat:
/var/tmp/fcpFAAa23942:
   sraddr:
/var/tmp/fcpFAAa23942:
   sralig:
/var/tmp/fcpFAAa23942:
   srbftr:
/var/tmp/fcpFAAa23942:
   srbtrk:
/var/tmp/fcpFAAa23942:
   srccop:
/var/tmp/fcpFAAa23942:
   srclip:
/var/tmp/fcpFAAa23942:
   srclus:
/var/tmp/fcpFAAa23942:
   srcons:
/var/tmp/fcpFAAa23942:
   srcoor:
/var/tmp/fcpFAAa23942:
   srcpat:
/var/tmp/fcpFAAa23942:
   srcuts:
/var/tmp/fcpFAAa23942:
   srdble:
/var/tmp/fcpFAAa23942:
   srdead:
/var/tmp/fcpFAAa23942:
   srdist:
/var/tmp/fcpFAAa23942:
   srdphb:
/var/tmp/fcpFAAa23942:
   srdtrk:
/var/tmp/fcpFAAa23942:
   sreald:
/var/tmp/fcpFAAa23942:
   srfhis:
/var/tmp/fcpFAAa23942:
   srfit0:
/var/tmp/fcpFAAa23942:
   srfit2:
/var/tmp/fcpFAAa23942:
   srfitf:
/var/tmp/fcpFAAa23942:
   srfltr:
/var/tmp/fcpFAAa23942:
   srftrk:
/var/tmp/fcpFAAa23942:
   srgeom:
/var/tmp/fcpFAAa23942:
   srihis:
/var/tmp/fcpFAAa23942:
   srinbs:
/var/tmp/fcpFAAa23942:
   srints:
/var/tmp/fcpFAAa23942:
   srkand:
/var/tmp/fcpFAAa23942:
   srlval:
/var/tmp/fcpFAAa23942:
   srmstr:
/var/tmp/fcpFAAa23942:
   srpatc:
/var/tmp/fcpFAAa23942:
   srprcn:
/var/tmp/fcpFAAa23942:
   srsel2:
/var/tmp/fcpFAAa23942:
   srselk:
/var/tmp/fcpFAAa23942:
   srselo:
/var/tmp/fcpFAAa23942:
   srstat:
/var/tmp/fcpFAAa23942:
   srsubs:
/var/tmp/fcpFAAa23942:
   srtdcn:
/var/tmp/fcpFAAa23942:
   srtdcr:
/var/tmp/fcpFAAa23942:
   srtrck:
/var/tmp/fcpFAAa23942:
   srunco:
/var/tmp/fcpFAAa23942:
   srupar:
/var/tmp/fcpFAAa23942:
   srupat:
/var/tmp/fcpFAAa23942:
   srwire:
/var/tmp/fcpFAAa23942:
   srwpa2:
/var/tmp/fcpFAAa23942:
   srwpar:
/var/tmp/fcpFAAa23942:
   sscpcr:
/var/tmp/fcpFAAa23942:
   sslowc:
/var/tmp/fcpFAAa23942:
   strkpr:
/var/tmp/fcpFAAa23942:
   supapr:
/var/tmp/fcpFAAa23942:
   swp2pr:
/var/tmp/fcpFAAa23942:
   swpapr:
/var/tmp/fcpFAAa24242:
   t1ftdp:
/var/tmp/fcpFAAa24242:
   taccmn:
/var/tmp/fcpFAAa24242:
   tarcdp:
/var/tmp/fcpFAAa24242:
   tatwin:
/var/tmp/fcpFAAa24242:
   tbcodp:
/var/tmp/fcpFAAa24242:
   tbnkin:
/var/tmp/fcpFAAa24242:
   tbprnt:
/var/tmp/fcpFAAa24242:
   tbval:
/var/tmp/fcpFAAa24242:
   tcaldp:
/var/tmp/fcpFAAa24242:
   tcdump:
/var/tmp/fcpFAAa24242:
   tchadp:
/var/tmp/fcpFAAa24242:
   tchsum:
/var/tmp/fcpFAAa24242:
   tclana:
/var/tmp/fcpFAAa24242:
   tclcor:
/var/tmp/fcpFAAa24242:
   tcldmp:
/var/tmp/fcpFAAa24242:
   tclpat:
/var/tmp/fcpFAAa24242:
   tclsng:
/var/tmp/fcpFAAa24242:
   tcludp:
/var/tmp/fcpFAAa24242:
   tclust:
/var/tmp/fcpFAAa24242:
   tco4pa:
/var/tmp/fcpFAAa24242:
   tcoalg:
/var/tmp/fcpFAAa24242:
   tcobin:
/var/tmp/fcpFAAa24242:
   tcodrv:
/var/tmp/fcpFAAa24242:
   tcoerr:
/var/tmp/fcpFAAa24242:
   tcogs3:
/var/tmp/fcpFAAa24242:
   tcoor:
/var/tmp/fcpFAAa24242:
   tcoort:
/var/tmp/fcpFAAa24242:
   tcothr:
/var/tmp/fcpFAAa24242:
   tcoul2:
/var/tmp/fcpFAAa24242:
   tcoul3:
/var/tmp/fcpFAAa24242:
   tcowa2:
/var/tmp/fcpFAAa24242:
   tcowa3:
/var/tmp/fcpFAAa24242:
   tcowav:
/var/tmp/fcpFAAa24242:
   tcowl2:
/var/tmp/fcpFAAa24242:
   tcptst:
/var/tmp/fcpFAAa24242:
   tcqgs3:
/var/tmp/fcpFAAa24242:
   tcshf1:
/var/tmp/fcpFAAa24242:
   tcshft:
/var/tmp/fcpFAAa24242:
   terpar:
/var/tmp/fcpFAAa24242:
   tfcand:
/var/tmp/fcpFAAa24242:
   tfchek:
/var/tmp/fcpFAAa24242:
   tfilpa:
/var/tmp/fcpFAAa24242:
   tfiltj:
/var/tmp/fcpFAAa24242:
   tfithl:
       entry    tfthed:
       entry    tfthec:
/var/tmp/fcpFAAa24242:
   tfitkf:
/var/tmp/fcpFAAa24242:
   tfittk:
/var/tmp/fcpFAAa24242:
   tflnk2:
/var/tmp/fcpFAAa24242:
   tflnks:
/var/tmp/fcpFAAa24242:
   tfpcoi:
/var/tmp/fcpFAAa24242:
   tfthel:
/var/tmp/fcpFAAa24242:
   tftpad:
/var/tmp/fcpFAAa24242:
   tftwtb:
/var/tmp/fcpFAAa24242:
   tgetqt:
/var/tmp/fcpFAAa24242:
   tgftdp:
/var/tmp/fcpFAAa24242:
   tgmadp:
/var/tmp/fcpFAAa24242:
   thpadd:
/var/tmp/fcpFAAa24242:
   thpcor:
/var/tmp/fcpFAAa24242:
   thpfdg:
/var/tmp/fcpFAAa24242:
   thtrow:
/var/tmp/fcpFAAa24242:
   tinijo:
/var/tmp/fcpFAAa24242:
   tiniru:
/var/tmp/fcpFAAa24242:
   tisfil:
/var/tmp/fcpFAAa24242:
   tislnd:
/var/tmp/fcpFAAa24242:
   tjtop:
/var/tmp/fcpFAAa24242:
   tkink:
/var/tmp/fcpFAAa24242:
   tksgdp:
/var/tmp/fcpFAAa24242:
   tlctdp:
/var/tmp/fcpFAAa24242:
   tlcons:
   tldelm:
   tladd:
   tlinit:
   tlovfl:
   tlnext:
   tlpop:
   tlscra:
/var/tmp/fcpFAAa24242:
   tmagnt:
/var/tmp/fcpFAAa24242:
   tmshel:
       entry    tmshed:
       entry    tmshec:
       entry    tmschi:
/var/tmp/fcpFAAa24242:
   tnhlfp:
/var/tmp/fcpFAAa24242:
   tovrlp:
/var/tmp/fcpFAAa24242:
   tpaddx:
/var/tmp/fcpFAAa24242:
   tpadfx:
/var/tmp/fcpFAAa24242:
   tpadpo:
/var/tmp/fcpFAAa24242:
   tpadpr:
/var/tmp/fcpFAAa24242:
   tpads:
/var/tmp/fcpFAAa24242:
   tpakbc:
/var/tmp/fcpFAAa24242:
   tpakco:
/var/tmp/fcpFAAa24242:
   tpakta:
/var/tmp/fcpFAAa24242:
   tpaktx:
/var/tmp/fcpFAAa24242:
   tparab:
/var/tmp/fcpFAAa24242:
   tpbook:
/var/tmp/fcpFAAa24242:
   tpcbun:
/var/tmp/fcpFAAa24242:
   tpcrec:
/var/tmp/fcpFAAa24242:
   tpcrun:
/var/tmp/fcpFAAa24242:
   tpct0:
/var/tmp/fcpFAAa24242:
   tpct0n:
/var/tmp/fcpFAAa24242:
   tpdels:
/var/tmp/fcpFAAa24242:
   tpdiag:
/var/tmp/fcpFAAa24242:
   tpdthr:
/var/tmp/fcpFAAa24242:
   tphist:
/var/tmp/fcpFAAa24242:
   tphsmr:
/var/tmp/fcpFAAa24242:
   tpk1co:
/var/tmp/fcpFAAa24242:
   tpkill:
/var/tmp/fcpFAAa24242:
   tplana:
/var/tmp/fcpFAAa24242:
   tppadd:
/var/tmp/fcpFAAa24242:
   tpreda:
/var/tmp/fcpFAAa24242:
   tprf2:
/var/tmp/fcpFAAa24242:
   tprfin:
/var/tmp/fcpFAAa24242:
   tprfx:
/var/tmp/fcpFAAa24242:
   tprlst:
/var/tmp/fcpFAAa24242:
   tprndm:
/var/tmp/fcpFAAa24242:
   tprsum:
/var/tmp/fcpFAAa24242:
   tpsmgt:
/var/tmp/fcpFAAa24242:
   tpsmr1:
/var/tmp/fcpFAAa24242:
   tpsort:
/var/tmp/fcpFAAa24242:
   tpstat:
/var/tmp/fcpFAAa24242:
   tpuldp:
/var/tmp/fcpFAAa24242:
   trdwp1:
/var/tmp/fcpFAAa24242:
   trdwp2:
/var/tmp/fcpFAAa24242:
   trdwp3:
/var/tmp/fcpFAAa24242:
   trefch:
/var/tmp/fcpFAAa24242:
   trefit:
/var/tmp/fcpFAAa24242:
   trempt:
/var/tmp/fcpFAAa24242:
   trftch:
/var/tmp/fcpFAAa24242:
   trhlx2:
Compiler error line 72 of ../t_/trhlx2.F: Utils: Sanity Check: Inconsistent internal data structures. (6933)
/var/tmp/fcpFAAa24242:
   trkdmp:
/var/tmp/fcpFAAa24242:
   trkels:
/var/tmp/fcpFAAa24242:
   trkfnd:
/var/tmp/fcpFAAa24242:
   trkmca:
/var/tmp/fcpFAAa24242:
   trkwra:
/var/tmp/fcpFAAa24242:
   trmvep:
/var/tmp/fcpFAAa24242:
   trncon:
/var/tmp/fcpFAAa24242:
   trphdi:
/var/tmp/fcpFAAa24242:
   trproj:
/var/tmp/fcpFAAa24242:
   trresc:
/var/tmp/fcpFAAa24242:
   trseek:
/var/tmp/fcpFAAa24242:
   trslnk:
/var/tmp/fcpFAAa24242:
   tsacha:
/var/tmp/fcpFAAa24242:
   tsaclu:
/var/tmp/fcpFAAa24242:
   tsacor:
/var/tmp/fcpFAAa24242:
   tsapat:
/var/tmp/fcpFAAa24242:
   tsatrk:
/var/tmp/fcpFAAa24242:
   tsawir:
/var/tmp/fcpFAAa24242:
   tsawtk:
/var/tmp/fcpFAAa24242:
   tscfil:
/var/tmp/fcpFAAa24242:
   tscidp:
/var/tmp/fcpFAAa24242:
   tscldp:
/var/tmp/fcpFAAa24242:
   tscoor:
/var/tmp/fcpFAAa24242:
   tseque:
/var/tmp/fcpFAAa24242:
   tsirdp:
/var/tmp/fcpFAAa24242:
   tslowc:
/var/tmp/fcpFAAa24242:
   tsmft:
/var/tmp/fcpFAAa24242:
   tsordp:
/var/tmp/fcpFAAa24242:
   tspudp:
/var/tmp/fcpFAAa24242:
   tsumvd:
/var/tmp/fcpFAAa24242:
   tszcor:
/var/tmp/fcpFAAa24242:
   ttloop:
/var/tmp/fcpFAAa24242:
   ttrunk:
/var/tmp/fcpFAAa24242:
   ttwodx:
/var/tmp/fcpFAAa24242:
   ttwosh:
/var/tmp/fcpFAAa24242:
   ttwosi:
/var/tmp/fcpFAAa24242:
   tvdvel:
/var/tmp/fcpFAAa24242:
   twinco:
/var/tmp/fcpFAAa24242:
   twindo:
/var/tmp/fcpFAAa24242:
   twires:
/var/tmp/fcpFAAa24242:
   twirez:
/var/tmp/fcpFAAa24242:
   twirfx:
/var/tmp/fcpFAAa24242:
   twpeak:
/var/tmp/fcpFAAa24242:
   twrrdp:

fort77: Warning: Compiler failure has occurred.
     Attempting to recompile failing compilation unit without optimization

/var/tmp/fcpFAAa24242:
   trhlx2:
/var/tmp/fcpFAAa24778:
   uctgft:
/var/tmp/fcpFAAa24778:
   ufitms:
/var/tmp/fcpFAAa24778:
   umxinv:
/var/tmp/fcpFAAa24778:
   unpack:
/var/tmp/fcpFAAa24778:
   usbook:
/var/tmp/fcpFAAa24778:
   uscjob:
/var/tmp/fcpFAAa24778:
   uscrun:
/var/tmp/fcpFAAa24778:
   ushist:
/var/tmp/fcpFAAa24778:
   usievt:
/var/tmp/fcpFAAa24778:
   usijob:
/var/tmp/fcpFAAa24778:
   usirun:
/var/tmp/fcpFAAa24778:
   uslowc:
/var/tmp/fcpFAAa24778:
   usprda:
/var/tmp/fcpFAAa24778:
   utdcbp:
/var/tmp/fcpFAAa24778:
   utlslf:
/var/tmp/fcpFAAa24778:
   uvpfit:
/var/tmp/fcpFAAa24778:
   uvpmat:
/var/tmp/fcpFAAa24778:
   uxsfit:
/var/tmp/fcpFAAa24778:
   uxsmat:
/var/tmp/fcpFAAa24832:
   vbmfit:
/var/tmp/fcpFAAa24832:
   vbsclr:
/var/tmp/fcpFAAa24832:
   vbsinr:
/var/tmp/fcpFAAa24832:
   vbspot:
/var/tmp/fcpFAAa24832:
   vcalcm:
/var/tmp/fcpFAAa24832:
   vcbfit:
/var/tmp/fcpFAAa24832:
   vcktrk:
/var/tmp/fcpFAAa24832:
   vclbnk:
/var/tmp/fcpFAAa24832:
   vcmean:
/var/tmp/fcpFAAa24832:
   vcrhot:
/var/tmp/fcpFAAa24832:
   vdalin:
/var/tmp/fcpFAAa24832:
   vdalsg:
/var/tmp/fcpFAAa24832:
   vdalxy:
/var/tmp/fcpFAAa24832:
   vdalzt:
/var/tmp/fcpFAAa24832:
   vdbgcl:
/var/tmp/fcpFAAa24832:
   vdbook:
/var/tmp/fcpFAAa24832:
   vdchst:
/var/tmp/fcpFAAa24832:
   vdcrun:
/var/tmp/fcpFAAa24832:
   vdecod:
/var/tmp/fcpFAAa24832:
   vdetok:
/var/tmp/fcpFAAa24832:
   vdfnam:
/var/tmp/fcpFAAa24832:
   vdfsup:
/var/tmp/fcpFAAa24832:
   vdgaus:
/var/tmp/fcpFAAa24832:
   vdgeph:
/var/tmp/fcpFAAa24832:
   vdgtht:
/var/tmp/fcpFAAa24832:
   vdgtmv:
/var/tmp/fcpFAAa24832:
   vdgtxl:
/var/tmp/fcpFAAa24832:
   vdhist:
/var/tmp/fcpFAAa24832:
   vdincp:
/var/tmp/fcpFAAa24832:
   vdismr:
/var/tmp/fcpFAAa24832:
   vdjacb:
/var/tmp/fcpFAAa24832:
   vdklcp:
/var/tmp/fcpFAAa24832:
   vdlink:
/var/tmp/fcpFAAa24832:
   vdmcef:
/var/tmp/fcpFAAa24832:
   vdmctr:
/var/tmp/fcpFAAa24832:
   vdmjln:
/var/tmp/fcpFAAa24832:
   vdmkce:
/var/tmp/fcpFAAa24832:
   vdmoni:
/var/tmp/fcpFAAa24832:
   vdmpin:
/var/tmp/fcpFAAa24832:
   vdmsup2:
/var/tmp/fcpFAAa24832:
   vdnois:
/var/tmp/fcpFAAa24832:
   vdosmr:
/var/tmp/fcpFAAa24832:
   vdpinh:
/var/tmp/fcpFAAa24832:
   vdrcun:
/var/tmp/fcpFAAa24832:
   vdrndm:
/var/tmp/fcpFAAa24832:
   vdrtan:
/var/tmp/fcpFAAa24832:
   vdsigm:
/var/tmp/fcpFAAa24832:
   vdsm95:
/var/tmp/fcpFAAa24832:
   vdsmap:
/var/tmp/fcpFAAa24832:
   vdstch:
/var/tmp/fcpFAAa24832:
   vdtan:
/var/tmp/fcpFAAa24832:
   vdwsdx:
/var/tmp/fcpFAAa24832:
   vdwsmr:
/var/tmp/fcpFAAa24832:
   vdxyzt:
/var/tmp/fcpFAAa24832:
   vhinit:
/var/tmp/fcpFAAa24832:
   vhotin:
/var/tmp/fcpFAAa24832:
   vinijo:
/var/tmp/fcpFAAa24832:
   viniru:
/var/tmp/fcpFAAa24832:
   vlcpos:
/var/tmp/fcpFAAa24832:
   vmgcrl:
/var/tmp/fcpFAAa24832:
   vmkr90:
/var/tmp/fcpFAAa24832:
   vmkr95:
/var/tmp/fcpFAAa24832:
   vpreda:
/var/tmp/fcpFAAa24832:
   vprpot:
/var/tmp/fcpFAAa24832:
   vprsum:
/var/tmp/fcpFAAa24832:
   vreclt:
/var/tmp/fcpFAAa24832:
   vreclu:
/var/tmp/fcpFAAa24832:
   vsepar:
/var/tmp/fcpFAAa24832:
   vseplt:
/var/tmp/fcpFAAa24832:
   vslowc:
/var/tmp/fcpFAAa24832:
   vspxyz:
/var/tmp/fcpFAAa24832:
   vstrim:
/var/tmp/fcpFAAa24832:
   vtrsup:
/var/tmp/fcpFAAa24832:
   vtrurl:
/var/tmp/fcpFAAa24832:
   vumctr:
/var/tmp/fcpFAAa25047:
   vaddia:
/var/tmp/fcpFAAa25047:
   vdblht:
/var/tmp/fcpFAAa25047:
   vfndil:
/var/tmp/fcpFAAa25047:
   vftall:
/var/tmp/fcpFAAa25047:
   vgbran:
/var/tmp/fcpFAAa25047:
   vgbrut:
/var/tmp/fcpFAAa25047:
   vgcmbv:
/var/tmp/fcpFAAa25047:
   vgcomp:
/var/tmp/fcpFAAa25047:
   vgfevt:
/var/tmp/fcpFAAa25047:
   vginit:
/var/tmp/fcpFAAa25047:
   vglink:
/var/tmp/fcpFAAa25047:
   vglob:
/var/tmp/fcpFAAa25047:
   vgnevt:
/var/tmp/fcpFAAa25047:
   vgsolv:
/var/tmp/fcpFAAa25047:
   vgstor:
/var/tmp/fcpFAAa25047:
   vgtcut:
/var/tmp/fcpFAAa25047:
   vherr:
/var/tmp/fcpFAAa25047:
   vhitid:
/var/tmp/fcpFAAa25047:
   vhmap:
/var/tmp/fcpFAAa25047:
   vhupck:
/var/tmp/fcpFAAa25047:
   vhuprm:
/var/tmp/fcpFAAa25047:
   vkaerr:
/var/tmp/fcpFAAa25047:
   vm1trk:
/var/tmp/fcpFAAa25047:
   vmchip:
/var/tmp/fcpFAAa25047:
   vmchis:
/var/tmp/fcpFAAa25047:
   vmclld:
/var/tmp/fcpFAAa25047:
   vmover:
/var/tmp/fcpFAAa25047:
   vmupdt:
/var/tmp/fcpFAAa25047:
   vpksln:
/var/tmp/fcpFAAa25047:
   vsltrk:
/var/tmp/fcpFAAa25047:
   vterex:
/var/tmp/fcpFAAa25155:
   wcal:
/var/tmp/fcpFAAa25155:
   wirjul:
/var/tmp/fcpFAAa25163:
   xptenb:
/var/tmp/fcpFAAa25163:
   xtcncr:
/var/tmp/fcpFAAa25170:
   yfbook:
/var/tmp/fcpFAAa25170:
   yfhist:
/var/tmp/fcpFAAa25170:
   yfijob:
/var/tmp/fcpFAAa25170:
   yfmain:
/var/tmp/fcpFAAa25170:
   yfvert:
/var/tmp/fcpFAAa25170:
   yinijo:
/var/tmp/fcpFAAa25170:
   yiniru:
/var/tmp/fcpFAAa25170:
   ykffit:
/var/tmp/fcpFAAa25170:
   ykinit:
/var/tmp/fcpFAAa25170:
   ykldc:
/var/tmp/fcpFAAa25170:
   yknem2:
/var/tmp/fcpFAAa25170:
   yksfit:
/var/tmp/fcpFAAa25170:
   yksrch:
/var/tmp/fcpFAAa25170:
   ykvdet:
/var/tmp/fcpFAAa25170:
   ymfv0s:
/var/tmp/fcpFAAa25170:
   yprpot:
/var/tmp/fcpFAAa25170:
   yprsum:
/var/tmp/fcpFAAa25170:
   ytbook:
/var/tmp/fcpFAAa25170:
   ythist:
/var/tmp/fcpFAAa25170:
   ytirun:
/var/tmp/fcpFAAa25170:
   yv0sum:
/var/tmp/fcpFAAa25170:
   yvbook:
/var/tmp/fcpFAAa25170:
   yvhist:
/var/tmp/fcpFAAa25170:
   yvijob:
/var/tmp/fcpFAAa25170:
   yybook:
/var/tmp/fcpFAAa25170:
   yyhist:
